#
# A fatal error has been detected by the Java Runtime Environment:
#
#  SIGSEGV (0xb) at pc=0x00007226b228e89d, pid=67154, tid=67158
#
# JRE version: OpenJDK Runtime Environment (17.0.12+7) (build 17.0.12+7)
# Java VM: OpenJDK 64-Bit Server VM (17.0.12+7, mixed mode, sharing, tiered, compressed oops, compressed class ptrs, g1 gc, linux-amd64)
# Problematic frame:
# C  [verilator_642291766835216141.so+0x3089d]  sc_time_stamp()+0x14
#
# Core dump will be written. Default location: Core dumps may be processed with "/usr/lib/systemd/systemd-coredump %P %u %g %s %t %c %h" (or dumping to /home/mahir/fun/CPU/nebula-risc-v/core.67154)
#
# If you would like to submit a bug report, please visit:
#   https://bugreport.java.com/bugreport/crash.jsp
# The crash happened outside the Java Virtual Machine in native code.
# See problematic frame for where to report the bug.
#

---------------  S U M M A R Y ------------

Command Line: -Duser.dir=/home/mahir/fun/CPU/nebula-risc-v -agentlib:jdwp=transport=dt_socket,server=y,suspend=y,quiet=n -Duser.dir=/home/mahir/fun/CPU/nebula-risc-v nebula.test.decoder_test

Host: AMD Ryzen 9 5900X 12-Core Processor, 24 cores, 31G, EndeavourOS Linux
Time: Thu Oct  3 18:59:00 2024 BST elapsed time: 2.648779 seconds (0d 0h 0m 2s)

---------------  T H R E A D  ---------------

Current thread (0x00007226dc017340):  JavaThread "main" [_thread_in_native, id=67158, stack(0x00007226e1500000,0x00007226e1600000)]

Stack: [0x00007226e1500000,0x00007226e1600000],  sp=0x00007226e15fdd30,  free space=1015k
Native frames: (J=compiled Java code, j=interpreted, Vv=VM code, C=native code)
C  [verilator_642291766835216141.so+0x3089d]  sc_time_stamp()+0x14
C  [verilator_642291766835216141.so+0x47137]  VerilatedContext::time() const+0x31
C  [verilator_642291766835216141.so+0x40162]  VerilatedContext::addModel(VerilatedModel*)+0xa0
C  [verilator_642291766835216141.so+0x769af]  VdecoderForTest::VdecoderForTest(VerilatedContext*, char const*)+0xf1
C  [verilator_642291766835216141.so+0x76a9b]  VdecoderForTest::VdecoderForTest(char const*)+0x2b

Java frames: (J=compiled Java code, j=interpreted, Vv=VM code)
j  wrapper_verilator.VerilatorNative.newHandle_642291766835216141(Ljava/lang/String;Ljava/lang/String;I)J+0
j  wrapper_verilator.VerilatorNative.newHandle(Ljava/lang/String;Ljava/lang/String;I)J+4
j  spinal.sim.VerilatorBackend.instanciate(Ljava/lang/String;I)J+135
j  spinal.core.sim.SpinalSimConfig$$anon$3.newSimRaw(Ljava/lang/String;I)Lspinal/sim/SimRaw;+14
j  spinal.core.sim.SimCompiled.doSimApi(Ljava/lang/String;IZLscala/Function1;)V+47
j  spinal.core.sim.SimCompiled.doSim(Lscala/Function1;)V+23
j  nebula.test.decoder_test$.delayedEndpoint$nebula$test$decoder_test$1()V+22
j  nebula.test.decoder_test$delayedInit$body.apply()Ljava/lang/Object;+4
j  scala.Function0.apply$mcV$sp()V+1
j  scala.Function0.apply$mcV$sp$(Lscala/Function0;)V+1
j  scala.runtime.AbstractFunction0.apply$mcV$sp()V+1
j  scala.App.$anonfun$main$1$adapted(Lscala/Function0;)Ljava/lang/Object;+1
j  scala.App$$Lambda$5+0x0000722654036fe0.apply(Ljava/lang/Object;)Ljava/lang/Object;+4
j  scala.collection.immutable.List.foreach(Lscala/Function1;)V+14
j  scala.App.main([Ljava/lang/String;)V+33
j  scala.App.main$(Lscala/App;[Ljava/lang/String;)V+2
j  nebula.test.decoder_test$.main([Ljava/lang/String;)V+2
j  nebula.test.decoder_test.main([Ljava/lang/String;)V+4
v  ~StubRoutines::call_stub

siginfo: si_signo: 11 (SIGSEGV), si_code: 1 (SEGV_MAPERR), si_addr: 0x0000000000000008

Registers:
RAX=0x0000000000000000, RBX=0x00007226dca9fa80, RCX=0x0000000001566468, RDX=0x000058e6bb3853d0
RSP=0x00007226e15fdd30, RBP=0x00007226e15fdd40, RSI=0x0000000000000000, RDI=0x00007226b22f9f10
R8 =0x000bc195e1f648d6, R9 =0x0000000000000000, R10=0x0000000000000000, R11=0x00007226e2b74080
R12=0x00007226dca9fa00, R13=0x0000000000000001, R14=0x00007226dca9f338, R15=0x00007226dc9f4460
RIP=0x00007226b228e89d, EFLAGS=0x0000000000010202, CSGSFS=0x002b000000000033, ERR=0x0000000000000004
  TRAPNO=0x000000000000000e


Register to memory mapping:

RAX=0x0 is NULL
RBX=0x00007226dca9fa80 points into unknown readable memory: 0x00007226b22fc440 | 40 c4 2f b2 26 72 00 00
RCX=0x0000000001566468 is an unknown value
RDX=0x000058e6bb3853d0 points into unknown readable memory: 0x0000000000000004 | 04 00 00 00 00 00 00 00
RSP=0x00007226e15fdd30 is pointing into the stack for thread: 0x00007226dc017340
RBP=0x00007226e15fdd40 is pointing into the stack for thread: 0x00007226dc017340
RSI=0x0 is NULL
RDI=0x00007226b22f9f10: <offset 0x000000000009bf10> in /home/mahir/fun/CPU/nebula-risc-v/simWorkspace/decoderForTest/verilator/verilator_642291766835216141.so at 0x00007226b225e000
R8 =0x000bc195e1f648d6 is an unknown value
R9 =0x0 is NULL
R10=0x0 is NULL
R11=0x00007226e2b74080 points into unknown readable memory: 0x0000000101566468 | 68 64 56 01 01 00 00 00
R12=0x00007226dca9fa00 points into unknown readable memory: 0x00007226b22f97b8 | b8 97 2f b2 26 72 00 00
R13=0x0000000000000001 is an unknown value
R14=0x00007226dca9f338 points into unknown readable memory: 0x00007226b22f96a0 | a0 96 2f b2 26 72 00 00
R15=0x00007226dc9f4460 points into unknown readable memory: 0x0000000074736574 | 74 65 73 74 00 00 00 00


Top of Stack: (sp=0x00007226e15fdd30)
0x00007226e15fdd30:   0000000000000001 00007226b22a50cd
0x00007226e15fdd40:   00007226e15fdd60 00007226b22a5137
0x00007226e15fdd50:   00007226b22fc440 00007226b22fc440
0x00007226e15fdd60:   00007226e15fdf40 00007226b229e162
0x00007226e15fdd70:   00007226dca9fa00 00007226b22fc440
0x00007226e15fdd80:   00000000c1d8ffdf 00007226b22fc440
0x00007226e15fdd90:   9999999999999999 0000000000000000
0x00007226e15fdda0:   2020202020202020 00007226b22fc440
0x00007226e15fddb0:   00007226e15fdde0 00007226b229ff6f
0x00007226e15fddc0:   0000000000000000 681e95feb22fc440
0x00007226e15fddd0:   00007226e15fdde0 00007226b22a5ebf
0x00007226e15fdde0:   00007226e15fde00 00007226b229140e
0x00007226e15fddf0:   0000000000000001 00007226dca9fa80
0x00007226e15fde00:   00007226dca9fa00 0000000000000001
0x00007226e15fde10:   00007226dca9f338 00007226dc9f4460
0x00007226e15fde20:   00007226e15fde40 00007226b22a4bc4
0x00007226e15fde30:   00007226e15fde40 00007226b22fc440
0x00007226e15fde40:   00007226e15fde60 00007226b22a4ca0
0x00007226e15fde50:   00007226e15fde70 00007226b22a4bf3
0x00007226e15fde60:   00007226e15fde80 00007226b22fc440
0x00007226e15fde70:   00007226e15fde90 00007226b22a4cc0
0x00007226e15fde80:   00007226e15fdeb0 00007226b22fc440
0x00007226e15fde90:   00007226e15fdeb0 00007226b22a4d46
0x00007226e15fdea0:   00007226dca9fa80 00007226b22fc440
0x00007226e15fdeb0:   00007226e15fded0 00007226b22a4da9
0x00007226e15fdec0:   00007226b22fc440 00007226e15fdef0
0x00007226e15fded0:   00007226e15fdf00 00007226b22d619c
0x00007226e15fdee0:   0000000c00800000 00007226b22fc440
0x00007226e15fdef0:   00007201b22fc440 00007226dca9fb40
0x00007226e15fdf00:   00007226e15fdf40 00007226b22d60c9
0x00007226e15fdf10:   00007226dca9fa00 00007226b22d7000
0x00007226e15fdf20:   00007226b22fc440 ff32bb31e04c4d00 

Instructions: (pc=0x00007226b228e89d)
0x00007226b228e79d:   b8 ff ff ff 25 12 dc 06 00 68 77 04 00 00 e9 70
0x00007226b228e7ad:   b8 ff ff ff 25 9a b7 06 00 66 90 ff 25 02 b8 06
0x00007226b228e7bd:   00 66 90 48 8d 3d 51 dc 06 00 48 8d 05 4a dc 06
0x00007226b228e7cd:   00 48 39 f8 74 15 48 8b 05 d6 b7 06 00 48 85 c0
0x00007226b228e7dd:   74 09 ff e0 0f 1f 80 00 00 00 00 c3 0f 1f 80 00
0x00007226b228e7ed:   00 00 00 48 8d 3d 21 dc 06 00 48 8d 35 1a dc 06
0x00007226b228e7fd:   00 48 29 fe 48 89 f0 48 c1 ee 3f 48 c1 f8 03 48
0x00007226b228e80d:   01 c6 48 d1 fe 74 14 48 8b 05 c5 b7 06 00 48 85
0x00007226b228e81d:   c0 74 08 ff e0 66 0f 1f 44 00 00 c3 0f 1f 80 00
0x00007226b228e82d:   00 00 00 f3 0f 1e fa 80 3d e5 db 06 00 00 75 33
0x00007226b228e83d:   55 48 83 3d f2 b6 06 00 00 48 89 e5 74 0d 48 8b
0x00007226b228e84d:   3d 6e db 06 00 ff 15 e0 b6 06 00 e8 63 ff ff ff
0x00007226b228e85d:   c6 05 bc db 06 00 01 5d c3 66 2e 0f 1f 84 00 00
0x00007226b228e86d:   00 00 00 c3 66 66 2e 0f 1f 84 00 00 00 00 00 0f
0x00007226b228e87d:   1f 40 00 f3 0f 1e fa e9 67 ff ff ff 52 48 8d 3d
0x00007226b228e88d:   7f b6 06 00 e8 4a f4 ff ff 48 8b 80 00 00 00 00
0x00007226b228e89d:   48 8b 40 08 48 85 c0 78 07 f2 48 0f 2a c0 eb 15
0x00007226b228e8ad:   48 89 c2 83 e0 01 48 d1 ea 48 09 c2 f2 48 0f 2a
0x00007226b228e8bd:   c2 f2 0f 58 c0 58 c3 50 89 f2 31 c0 48 89 fe 48
0x00007226b228e8cd:   8d 3d 6d 87 04 00 e8 58 b8 ff ff e8 60 03 00 00
0x00007226b228e8dd:   be 01 00 00 00 5a 48 89 c7 e9 9d ee 00 00 41 57
0x00007226b228e8ed:   41 56 49 89 d6 41 55 41 54 49 89 cc 55 53 48 89
0x00007226b228e8fd:   fb 49 63 f8 48 83 ec 18 89 7c 24 0c e8 f2 f2 ff
0x00007226b228e90d:   ff 48 8b 03 31 d2 4c 89 f6 48 89 df ff 90 48 05
0x00007226b228e91d:   00 00 31 d2 4c 89 e6 48 89 df 49 89 c7 48 8b 03
0x00007226b228e92d:   ff 90 48 05 00 00 bf 78 04 00 00 49 89 c5 e8 e0
0x00007226b228e93d:   db ff ff 8b 4c 24 0c 4c 89 ea 4c 89 fe 48 89 c7
0x00007226b228e94d:   48 89 c5 e8 d7 03 00 00 48 8b 03 4c 89 fa 4c 89
0x00007226b228e95d:   f6 48 89 df ff 90 50 05 00 00 48 8b 03 4c 89 ea
0x00007226b228e96d:   4c 89 e6 48 89 df ff 90 50 05 00 00 48 83 c4 18
0x00007226b228e97d:   48 89 e8 5b 5d 41 5c 41 5d 41 5e 41 5f c3 48 89
0x00007226b228e98d:   c3 48 89 ef be 78 04 00 00 e8 25 dc ff ff 48 89 


Stack slot to memory mapping:
stack at sp + 0 slots: 0x0000000000000001 is an unknown value
stack at sp + 1 slots: 0x00007226b22a50cd: <offset 0x00000000000470cd> in /home/mahir/fun/CPU/nebula-risc-v/simWorkspace/decoderForTest/verilator/verilator_642291766835216141.so at 0x00007226b225e000
stack at sp + 2 slots: 0x00007226e15fdd60 is pointing into the stack for thread: 0x00007226dc017340
stack at sp + 3 slots: 0x00007226b22a5137: <offset 0x0000000000047137> in /home/mahir/fun/CPU/nebula-risc-v/simWorkspace/decoderForTest/verilator/verilator_642291766835216141.so at 0x00007226b225e000
stack at sp + 4 slots: 0x00007226b22fc440: <offset 0x000000000009e440> in /home/mahir/fun/CPU/nebula-risc-v/simWorkspace/decoderForTest/verilator/verilator_642291766835216141.so at 0x00007226b225e000
stack at sp + 5 slots: 0x00007226b22fc440: <offset 0x000000000009e440> in /home/mahir/fun/CPU/nebula-risc-v/simWorkspace/decoderForTest/verilator/verilator_642291766835216141.so at 0x00007226b225e000
stack at sp + 6 slots: 0x00007226e15fdf40 is pointing into the stack for thread: 0x00007226dc017340
stack at sp + 7 slots: 0x00007226b229e162: <offset 0x0000000000040162> in /home/mahir/fun/CPU/nebula-risc-v/simWorkspace/decoderForTest/verilator/verilator_642291766835216141.so at 0x00007226b225e000


---------------  P R O C E S S  ---------------

Threads class SMR info:
_java_thread_list=0x00007226247e3310, length=26, elements={
0x00007226dc017340, 0x00007226dc16ed60, 0x00007226dc170160, 0x00007226dc175700,
0x00007226dc176ad0, 0x00007226dc177f00, 0x00007226dc179950, 0x00007226dc17aea0,
0x00007226dc17c330, 0x00007226dc194830, 0x00007226dc1984d0, 0x0000722610001140,
0x00007226dc199480, 0x00007226dc19dd10, 0x000072262408e970, 0x000072261c044ec0,
0x0000722624136110, 0x00007225ec109790, 0x00007226dc5d7150, 0x00007226dc5b8b00,
0x000072262415f960, 0x000072261c146f40, 0x000072261c2ce3b0, 0x0000722624ec6790,
0x0000722624ec7960, 0x00007226247e2380
}

Java Threads: ( => current thread )
=>0x00007226dc017340 JavaThread "main" [_thread_in_native, id=67158, stack(0x00007226e1500000,0x00007226e1600000)]
  0x00007226dc16ed60 JavaThread "Reference Handler" daemon [_thread_blocked, id=67165, stack(0x00007226aaaec000,0x00007226aabec000)]
  0x00007226dc170160 JavaThread "Finalizer" daemon [_thread_blocked, id=67166, stack(0x00007226aa9eb000,0x00007226aaaeb000)]
  0x00007226dc175700 JavaThread "Signal Dispatcher" daemon [_thread_blocked, id=67167, stack(0x00007226aa500000,0x00007226aa600000)]
  0x00007226dc176ad0 JavaThread "Service Thread" daemon [_thread_blocked, id=67168, stack(0x00007226aa3ff000,0x00007226aa4ff000)]
  0x00007226dc177f00 JavaThread "Monitor Deflation Thread" daemon [_thread_blocked, id=67169, stack(0x00007226aa2fe000,0x00007226aa3fe000)]
  0x00007226dc179950 JavaThread "C2 CompilerThread0" daemon [_thread_in_native, id=67170, stack(0x00007226aa1fd000,0x00007226aa2fd000)]
  0x00007226dc17aea0 JavaThread "C1 CompilerThread0" daemon [_thread_blocked, id=67171, stack(0x00007226aa0fc000,0x00007226aa1fc000)]
  0x00007226dc17c330 JavaThread "Sweeper thread" daemon [_thread_blocked, id=67172, stack(0x00007226a9ffb000,0x00007226aa0fb000)]
  0x00007226dc194830 JavaThread "JDWP Transport Listener: dt_socket" daemon [_thread_blocked, id=67173, stack(0x00007226a9efa000,0x00007226a9ffa000)]
  0x00007226dc1984d0 JavaThread "JDWP Event Helper Thread" daemon [_thread_blocked, id=67174, stack(0x00007226a9df9000,0x00007226a9ef9000)]
  0x0000722610001140 JavaThread "JDWP Command Reader" daemon [_thread_in_native, id=67207, stack(0x00007226a9cf8000,0x00007226a9df8000)]
  0x00007226dc199480 JavaThread "Notification Thread" daemon [_thread_blocked, id=67212, stack(0x00007226a9bf7000,0x00007226a9cf7000)]
  0x00007226dc19dd10 JavaThread "Common-Cleaner" daemon [_thread_blocked, id=67214, stack(0x00007226a99f5000,0x00007226a9af5000)]
  0x000072262408e970 JavaThread "C1 CompilerThread1" daemon [_thread_blocked, id=67215, stack(0x00007226a98f4000,0x00007226a99f4000)]
  0x000072261c044ec0 JavaThread "C1 CompilerThread2" daemon [_thread_blocked, id=67216, stack(0x00007226a97f3000,0x00007226a98f3000)]
  0x0000722624136110 JavaThread "C2 CompilerThread1" daemon [_thread_in_native, id=67217, stack(0x00007226a96f2000,0x00007226a97f2000)]
  0x00007225ec109790 JavaThread "C1 CompilerThread3" daemon [_thread_blocked, id=67218, stack(0x00007226a95f1000,0x00007226a96f1000)]
  0x00007226dc5d7150 JavaThread "process reaper" daemon [_thread_blocked, id=67231, stack(0x00007226dbe84000,0x00007226dbea6000)]
  0x00007226dc5b8b00 JavaThread "JNA Cleaner" daemon [_thread_blocked, id=67232, stack(0x00007226a89e5000,0x00007226a8ae5000)]
  0x000072262415f960 JavaThread "C2 CompilerThread2" daemon [_thread_in_native, id=67235, stack(0x00007226a8500000,0x00007226a8600000)]
  0x000072261c146f40 JavaThread "C2 CompilerThread3" daemon [_thread_blocked, id=67236, stack(0x00007226a83ff000,0x00007226a84ff000)]
  0x000072261c2ce3b0 JavaThread "C2 CompilerThread4" daemon [_thread_in_native, id=67259, stack(0x000072269f9fb000,0x000072269fafb000)]
  0x0000722624ec6790 JavaThread "C2 CompilerThread5" daemon [_thread_blocked, id=67260, stack(0x000072269f8fa000,0x000072269f9fa000)]
  0x0000722624ec7960 JavaThread "C2 CompilerThread6" daemon [_thread_in_native, id=67261, stack(0x000072269f7f9000,0x000072269f8f9000)]
  0x00007226247e2380 JavaThread "C2 CompilerThread7" daemon [_thread_blocked, id=67262, stack(0x000072269f6f8000,0x000072269f7f8000)]

Other Threads:
  0x00007226dc16adc0 VMThread "VM Thread" [stack: 0x00007226aabed000,0x00007226aaced000] [id=67164]
  0x00007226dc19acf0 WatcherThread [stack: 0x00007226a9af6000,0x00007226a9bf6000] [id=67213]
  0x00007226dc047620 GCTaskThread "GC Thread#0" [stack: 0x00007226b2500000,0x00007226b2600000] [id=67159]
  0x0000722648007f70 GCTaskThread "GC Thread#1" [stack: 0x00007226a94f0000,0x00007226a95f0000] [id=67219]
  0x0000722648008990 GCTaskThread "GC Thread#2" [stack: 0x00007226a93ef000,0x00007226a94ef000] [id=67220]
  0x00007226480093b0 GCTaskThread "GC Thread#3" [stack: 0x00007226a92ee000,0x00007226a93ee000] [id=67221]
  0x0000722648009dd0 GCTaskThread "GC Thread#4" [stack: 0x00007226a91ed000,0x00007226a92ed000] [id=67222]
  0x000072264800a7f0 GCTaskThread "GC Thread#5" [stack: 0x00007226a90ec000,0x00007226a91ec000] [id=67223]
  0x000072264800b240 GCTaskThread "GC Thread#6" [stack: 0x00007226a8feb000,0x00007226a90eb000] [id=67224]
  0x000072264800bc90 GCTaskThread "GC Thread#7" [stack: 0x00007226a8eea000,0x00007226a8fea000] [id=67225]
  0x000072264800c6e0 GCTaskThread "GC Thread#8" [stack: 0x00007226a8de9000,0x00007226a8ee9000] [id=67226]
  0x000072264800d130 GCTaskThread "GC Thread#9" [stack: 0x00007226a8ce8000,0x00007226a8de8000] [id=67227]
  0x000072264800dbc0 GCTaskThread "GC Thread#10" [stack: 0x00007226a8be7000,0x00007226a8ce7000] [id=67228]
  0x000072264800e650 GCTaskThread "GC Thread#11" [stack: 0x00007226a8ae6000,0x00007226a8be6000] [id=67229]
  0x00007226480128e0 GCTaskThread "GC Thread#12" [stack: 0x00007226a82fe000,0x00007226a83fe000] [id=67250]
  0x0000722648012d40 GCTaskThread "GC Thread#13" [stack: 0x000072269ff00000,0x00007226a0000000] [id=67251]
  0x0000722648013250 GCTaskThread "GC Thread#14" [stack: 0x00007226a88e4000,0x00007226a89e4000] [id=67252]
  0x0000722648013820 GCTaskThread "GC Thread#15" [stack: 0x00007226a80fc000,0x00007226a81fc000] [id=67253]
  0x0000722648016590 GCTaskThread "GC Thread#16" [stack: 0x00007226a81fd000,0x00007226a82fd000] [id=67254]
  0x00007226dc0586a0 ConcurrentGCThread "G1 Main Marker" [stack: 0x00007226b23ff000,0x00007226b24ff000] [id=67160]
  0x00007226dc059630 ConcurrentGCThread "G1 Conc#0" [stack: 0x00007226b22fe000,0x00007226b23fe000] [id=67161]
  0x00007226a4000ea0 ConcurrentGCThread "G1 Conc#1" [stack: 0x000072269fdff000,0x000072269feff000] [id=67255]
  0x00007226a4001750 ConcurrentGCThread "G1 Conc#2" [stack: 0x000072269fcfe000,0x000072269fdfe000] [id=67256]
  0x00007226a4002000 ConcurrentGCThread "G1 Conc#3" [stack: 0x000072269fbfd000,0x000072269fcfd000] [id=67257]
  0x00007226a40028e0 ConcurrentGCThread "G1 Conc#4" [stack: 0x000072269fafc000,0x000072269fbfc000] [id=67258]
  0x00007226dc13a3b0 ConcurrentGCThread "G1 Refine#0" [stack: 0x00007226aadef000,0x00007226aaeef000] [id=67162]
  0x00007226dc13b2c0 ConcurrentGCThread "G1 Service" [stack: 0x00007226aacee000,0x00007226aadee000] [id=67163]

Threads with active compile tasks:
C2 CompilerThread0     2652 3853       4       jdk.internal.org.objectweb.asm.MethodWriter::visitInsn (115 bytes)
C2 CompilerThread1     2652 3844       4       java.lang.String::toLowerCase (29 bytes)
C2 CompilerThread2     2652 3389       4       jdk.nio.zipfs.ZipFileSystemProvider::readAttributes (9 bytes)
C2 CompilerThread4     2652 3390       4       jdk.nio.zipfs.ZipPath::readAttributes (58 bytes)
C2 CompilerThread6     2652 3415   !   4       jdk.nio.zipfs.ZipUtils::dosToJavaTime (159 bytes)

VM state: not at safepoint (normal execution)

VM Mutex/Monitor currently owned by a thread: None

Heap address: 0x000000060bc00000, size: 8004 MB, Compressed Oops mode: Zero based, Oop shift amount: 3

CDS archive(s) mapped at: [0x0000722653000000-0x0000722653bc7000-0x0000722653bc7000), size 12349440, SharedBaseAddress: 0x0000722653000000, ArchiveRelocationMode: 1.
Compressed class space mapped at: 0x0000722654000000-0x0000722694000000, reserved size: 1073741824
Narrow klass base: 0x0000722653000000, Narrow klass shift: 0, Narrow klass range: 0x100000000

GC Precious Log:
 CPUs: 24 total, 24 available
 Memory: 32014M
 Large Page Support: Disabled
 NUMA Support: Disabled
 Compressed Oops: Enabled (Zero based)
 Heap Region Size: 4M
 Heap Min Capacity: 8M
 Heap Initial Capacity: 504M
 Heap Max Capacity: 8004M
 Pre-touch: Disabled
 Parallel Workers: 18
 Concurrent Workers: 5
 Concurrent Refinement Workers: 18
 Periodic GC: Disabled

Heap:
 garbage-first heap   total 69632K, used 42857K [0x000000060bc00000, 0x0000000800000000)
  region size 4096K, 10 young (40960K), 1 survivors (4096K)
 Metaspace       used 27064K, committed 27328K, reserved 1114112K
  class space    used 3651K, committed 3776K, reserved 1048576K

Heap Regions: E=young(eden), S=young(survivor), O=old, HS=humongous(starts), HC=humongous(continues), CS=collection set, F=free, OA=open archive, CA=closed archive, TAMS=top-at-mark-start (previous, next)
|   0|0x000000060bc00000, 0x000000060bf63600, 0x000000060c000000| 84%| O|  |TAMS 0x000000060bf63408, 0x000000060bc00000| Complete 
|   1|0x000000060c000000, 0x000000060c000000, 0x000000060c400000|  0%| F|  |TAMS 0x000000060c000000, 0x000000060c000000| Untracked 
|   2|0x000000060c400000, 0x000000060c400000, 0x000000060c800000|  0%| F|  |TAMS 0x000000060c400000, 0x000000060c400000| Untracked 
|   3|0x000000060c800000, 0x000000060c800000, 0x000000060cc00000|  0%| F|  |TAMS 0x000000060c800000, 0x000000060c800000| Untracked 
|   4|0x000000060cc00000, 0x000000060cc00000, 0x000000060d000000|  0%| F|  |TAMS 0x000000060cc00000, 0x000000060cc00000| Untracked 
|   5|0x000000060d000000, 0x000000060d400000, 0x000000060d400000|100%| E|  |TAMS 0x000000060d000000, 0x000000060d000000| Complete 
|   6|0x000000060d400000, 0x000000060d800000, 0x000000060d800000|100%| E|CS|TAMS 0x000000060d400000, 0x000000060d400000| Complete 
|   7|0x000000060d800000, 0x000000060dc00000, 0x000000060dc00000|100%| E|CS|TAMS 0x000000060d800000, 0x000000060d800000| Complete 
|   8|0x000000060dc00000, 0x000000060e000000, 0x000000060e000000|100%| E|CS|TAMS 0x000000060dc00000, 0x000000060dc00000| Complete 
|   9|0x000000060e000000, 0x000000060e400000, 0x000000060e400000|100%| E|CS|TAMS 0x000000060e000000, 0x000000060e000000| Complete 
|  10|0x000000060e400000, 0x000000060e800000, 0x000000060e800000|100%| E|CS|TAMS 0x000000060e400000, 0x000000060e400000| Complete 
|  11|0x000000060e800000, 0x000000060ec00000, 0x000000060ec00000|100%| E|CS|TAMS 0x000000060e800000, 0x000000060e800000| Complete 
|  12|0x000000060ec00000, 0x000000060f000000, 0x000000060f000000|100%| E|CS|TAMS 0x000000060ec00000, 0x000000060ec00000| Complete 
| 114|0x0000000628400000, 0x000000062868b108, 0x0000000628800000| 63%| S|CS|TAMS 0x0000000628400000, 0x0000000628400000| Complete 
| 125|0x000000062b000000, 0x000000062b400000, 0x000000062b400000|100%| E|CS|TAMS 0x000000062b000000, 0x000000062b000000| Complete 
|1999|0x00000007ff800000, 0x00000007ffb75000, 0x00000007ffc00000| 86%|OA|  |TAMS 0x00000007ffb75000, 0x00000007ff800000| Untracked 
|2000|0x00000007ffc00000, 0x00000007ffc77000, 0x0000000800000000| 11%|CA|  |TAMS 0x00000007ffc77000, 0x00000007ffc00000| Untracked 

Card table byte_map: [0x00007226c3200000,0x00007226c41a2000] _byte_map_base: 0x00007226c01a2000

Marking Bits (Prev, Next): (CMBitMap*) 0x00007226dc048100, (CMBitMap*) 0x00007226dc0480c0
 Prev Bits: [0x00007226b2600000, 0x00007226ba310000)
 Next Bits: [0x00007226ba400000, 0x00007226c2110000)

Polling page: 0x00007226e2b59000

Metaspace:

Usage:
  Non-class:     22.86 MB used.
      Class:      3.57 MB used.
       Both:     26.43 MB used.

Virtual space:
  Non-class space:       64.00 MB reserved,      23.00 MB ( 36%) committed,  1 nodes.
      Class space:        1.00 GB reserved,       3.69 MB ( <1%) committed,  1 nodes.
             Both:        1.06 GB reserved,      26.69 MB (  2%) committed. 

Chunk freelists:
   Non-Class:  8.19 MB
       Class:  12.36 MB
        Both:  20.54 MB

MaxMetaspaceSize: unlimited
CompressedClassSpaceSize: 1.00 GB
Initial GC threshold: 21.00 MB
Current GC threshold: 35.31 MB
CDS: on
MetaspaceReclaimPolicy: balanced
 - commit_granule_bytes: 65536.
 - commit_granule_words: 8192.
 - virtual_space_node_default_size: 8388608.
 - enlarge_chunks_in_place: 1.
 - new_chunks_are_fully_committed: 0.
 - uncommit_free_chunks: 1.
 - use_allocation_guard: 0.
 - handle_deallocations: 1.


Internal statistics:

num_allocs_failed_limit: 3.
num_arena_births: 224.
num_arena_deaths: 0.
num_vsnodes_births: 2.
num_vsnodes_deaths: 0.
num_space_committed: 427.
num_space_uncommitted: 0.
num_chunks_returned_to_freelist: 3.
num_chunks_taken_from_freelist: 1119.
num_chunk_merges: 3.
num_chunk_splits: 838.
num_chunks_enlarged: 710.
num_inconsistent_stats: 0.

CodeHeap 'non-profiled nmethods': size=119168Kb used=1525Kb max_used=1525Kb free=117642Kb
 bounds [0x00007226ccda0000, 0x00007226cd010000, 0x00007226d4200000]
CodeHeap 'profiled nmethods': size=119164Kb used=7326Kb max_used=7326Kb free=111837Kb
 bounds [0x00007226c5200000, 0x00007226c5930000, 0x00007226cc65f000]
CodeHeap 'non-nmethods': size=7428Kb used=2989Kb max_used=3049Kb free=4438Kb
 bounds [0x00007226cc65f000, 0x00007226cc95f000, 0x00007226ccda0000]
 total_blobs=4404 nmethods=3849 adapters=465
 compilation: enabled
              stopped_count=0, restarted_count=0
 full_count=0

Compilation events (20 events):
Event: 2.644 Thread 0x00007225ec109790 nmethod 3843 0x00007226c591ff90 code [0x00007226c5920160, 0x00007226c5920400]
Event: 2.644 Thread 0x000072262408e970 nmethod 3842 0x00007226c5920590 code [0x00007226c5920780, 0x00007226c5920a80]
Event: 2.645 Thread 0x0000722624136110 3844       4       java.lang.String::toLowerCase (29 bytes)
Event: 2.646 Thread 0x000072262408e970 3845       1       java.lang.AbstractStringBuilder::length (5 bytes)
Event: 2.646 Thread 0x000072262408e970 nmethod 3845 0x00007226ccf11a90 code [0x00007226ccf11c20, 0x00007226ccf11cf0]
Event: 2.647 Thread 0x00007226dc17aea0 3846       1       scala.collection.immutable.HashMap$HashMap1::hash (5 bytes)
Event: 2.647 Thread 0x00007226dc17aea0 nmethod 3846 0x00007226ccf11d90 code [0x00007226ccf11f20, 0x00007226ccf11ff0]
Event: 2.647 Thread 0x00007225ec109790 3847       3       scala.collection.immutable.HashMap$HashMapBuilder::addOne (415 bytes)
Event: 2.647 Thread 0x000072262408e970 3849       3       scala.collection.immutable.MapLike::$init$ (1 bytes)
Event: 2.647 Thread 0x000072261c044ec0 3848       3       scala.collection.immutable.AbstractMap::<init> (21 bytes)
Event: 2.647 Thread 0x00007226dc17aea0 3850       3       scala.collection.immutable.Map::$init$ (1 bytes)
Event: 2.647 Thread 0x0000722624ec6790 nmethod 3391 0x00007226ccf12090 code [0x00007226ccf124a0, 0x00007226ccf174b8]
Event: 2.647 Thread 0x000072262408e970 nmethod 3849 0x00007226c5920c10 code [0x00007226c5920da0, 0x00007226c5920e90]
Event: 2.647 Thread 0x00007226dc17aea0 nmethod 3850 0x00007226c5920f10 code [0x00007226c59210a0, 0x00007226c5921190]
Event: 2.647 Thread 0x00007226dc17aea0 3851       3       scala.collection.immutable.HashMap::<init> (9 bytes)
Event: 2.647 Thread 0x000072262408e970 3852       1       scala.collection.immutable.HashMap$HashMap1::size (2 bytes)
Event: 2.648 Thread 0x000072262408e970 nmethod 3852 0x00007226ccf1c210 code [0x00007226ccf1c3a0, 0x00007226ccf1c470]
Event: 2.648 Thread 0x00007226dc179950 3853       4       jdk.internal.org.objectweb.asm.MethodWriter::visitInsn (115 bytes)
Event: 2.648 Thread 0x000072261c044ec0 nmethod 3848 0x00007226c5921210 code [0x00007226c5921420, 0x00007226c5921a60]
Event: 2.648 Thread 0x00007226dc17aea0 nmethod 3851 0x00007226c5921d10 code [0x00007226c5921f40, 0x00007226c5922640]

GC Heap History (6 events):
Event: 1.949 GC heap before
{Heap before GC invocations=0 (full 0):
 garbage-first heap   total 524288K, used 24496K [0x000000060bc00000, 0x0000000800000000)
  region size 4096K, 6 young (24576K), 0 survivors (0K)
 Metaspace       used 7894K, committed 8064K, reserved 1114112K
  class space    used 967K, committed 1024K, reserved 1048576K
}
Event: 1.953 GC heap after
{Heap after GC invocations=1 (full 0):
 garbage-first heap   total 524288K, used 7817K [0x000000060bc00000, 0x0000000800000000)
  region size 4096K, 1 young (4096K), 1 survivors (4096K)
 Metaspace       used 7894K, committed 8064K, reserved 1114112K
  class space    used 967K, committed 1024K, reserved 1048576K
}
Event: 2.112 GC heap before
{Heap before GC invocations=1 (full 0):
 garbage-first heap   total 524288K, used 36489K [0x000000060bc00000, 0x0000000800000000)
  region size 4096K, 8 young (32768K), 1 survivors (4096K)
 Metaspace       used 13321K, committed 13440K, reserved 1114112K
  class space    used 1637K, committed 1664K, reserved 1048576K
}
Event: 2.117 GC heap after
{Heap after GC invocations=2 (full 0):
 garbage-first heap   total 524288K, used 8894K [0x000000060bc00000, 0x0000000800000000)
  region size 4096K, 1 young (4096K), 1 survivors (4096K)
 Metaspace       used 13321K, committed 13440K, reserved 1114112K
  class space    used 1637K, committed 1664K, reserved 1048576K
}
Event: 2.415 GC heap before
{Heap before GC invocations=2 (full 0):
 garbage-first heap   total 524288K, used 45758K [0x000000060bc00000, 0x0000000800000000)
  region size 4096K, 11 young (45056K), 1 survivors (4096K)
 Metaspace       used 21266K, committed 21504K, reserved 1114112K
  class space    used 2956K, committed 3072K, reserved 1048576K
}
Event: 2.419 GC heap after
{Heap after GC invocations=3 (full 0):
 garbage-first heap   total 524288K, used 10089K [0x000000060bc00000, 0x0000000800000000)
  region size 4096K, 1 young (4096K), 1 survivors (4096K)
 Metaspace       used 21266K, committed 21504K, reserved 1114112K
  class space    used 2956K, committed 3072K, reserved 1048576K
}

Dll operation events (8 events):
Event: 0.002 Loaded shared library /usr/lib/jvm/java-17-openjdk/lib/libjava.so
Event: 0.013 Loaded shared library /usr/lib/jvm/java-17-openjdk/lib/libjsvml.so
Event: 1.734 Loaded shared library /usr/lib/jvm/java-17-openjdk/lib/libnio.so
Event: 1.738 Loaded shared library /usr/lib/jvm/java-17-openjdk/lib/libzip.so
Event: 1.768 Loaded shared library /usr/lib/jvm/java-17-openjdk/lib/libjimage.so
Event: 1.999 Loaded shared library /home/mahir/.cache/JNA/temp/jna11552593368514100114.tmp
Event: 2.023 Loaded shared library /usr/lib/jvm/java-17-openjdk/lib/libnet.so
Event: 2.645 Loaded shared library /home/mahir/fun/CPU/nebula-risc-v/simWorkspace/decoderForTest/verilator/verilator_642291766835216141.so

Deoptimization events (20 events):
Event: 2.598 Thread 0x00007226dc017340 DEOPT PACKING pc=0x00007226c52a9adc sp=0x00007226e15fb5a0
Event: 2.598 Thread 0x00007226dc017340 DEOPT UNPACKING pc=0x00007226cc6b5e2f sp=0x00007226e15faa78 mode 1
Event: 2.599 Thread 0x00007226dc017340 DEOPT PACKING pc=0x00007226c52ab5a4 sp=0x00007226e15fb810
Event: 2.599 Thread 0x00007226dc017340 DEOPT UNPACKING pc=0x00007226cc6b5e2f sp=0x00007226e15facc8 mode 1
Event: 2.599 Thread 0x00007226dc017340 DEOPT PACKING pc=0x00007226c52a9adc sp=0x00007226e15fb8e0
Event: 2.599 Thread 0x00007226dc017340 DEOPT UNPACKING pc=0x00007226cc6b5e2f sp=0x00007226e15fadb8 mode 1
Event: 2.599 Thread 0x00007226dc017340 DEOPT PACKING pc=0x00007226c52ab5a4 sp=0x00007226e15fb8e0
Event: 2.599 Thread 0x00007226dc017340 DEOPT UNPACKING pc=0x00007226cc6b5e2f sp=0x00007226e15fad98 mode 1
Event: 2.599 Thread 0x00007226dc017340 DEOPT PACKING pc=0x00007226c52a9adc sp=0x00007226e15fb9b0
Event: 2.599 Thread 0x00007226dc017340 DEOPT UNPACKING pc=0x00007226cc6b5e2f sp=0x00007226e15fae88 mode 1
Event: 2.632 Thread 0x00007226dc017340 Uncommon trap: trap_request=0xffffffc6 fr.pc=0x00007226cceee1b4 relative=0x0000000000001494
Event: 2.632 Thread 0x00007226dc017340 Uncommon trap: reason=bimorphic_or_optimized_type_check action=maybe_recompile pc=0x00007226cceee1b4 method=java.util.HashMap.putVal(ILjava/lang/Object;Ljava/lang/Object;ZZ)Ljava/lang/Object; @ 56 c2
Event: 2.632 Thread 0x00007226dc017340 DEOPT PACKING pc=0x00007226cceee1b4 sp=0x00007226e15fd780
Event: 2.632 Thread 0x00007226dc017340 DEOPT UNPACKING pc=0x00007226cc6b5699 sp=0x00007226e15fd728 mode 2
Event: 2.644 Thread 0x00007226dc017340 DEOPT PACKING pc=0x00007226c52ab5a4 sp=0x00007226e15fda80
Event: 2.644 Thread 0x00007226dc017340 DEOPT UNPACKING pc=0x00007226cc6b5e2f sp=0x00007226e15fcf50 mode 1
Event: 2.644 Thread 0x00007226dc017340 Uncommon trap: trap_request=0xffffffde fr.pc=0x00007226ccdfb520 relative=0x00000000000011e0
Event: 2.644 Thread 0x00007226dc017340 Uncommon trap: reason=class_check action=maybe_recompile pc=0x00007226ccdfb520 method=jdk.internal.loader.URLClassPath.getLoader(I)Ljdk/internal/loader/URLClassPath$Loader; @ 88 c2
Event: 2.644 Thread 0x00007226dc017340 DEOPT PACKING pc=0x00007226ccdfb520 sp=0x00007226e15fd7c0
Event: 2.644 Thread 0x00007226dc017340 DEOPT UNPACKING pc=0x00007226cc6b5699 sp=0x00007226e15fd800 mode 2

Classes loaded (20 events):
Event: 2.644 Loading class java/util/EnumMap$EnumMapIterator done
Event: 2.644 Loading class java/util/EnumMap$ValueIterator done
Event: 2.644 Loading class java/util/WeakHashMap$KeyIterator
Event: 2.644 Loading class java/util/WeakHashMap$HashIterator
Event: 2.644 Loading class java/util/WeakHashMap$HashIterator done
Event: 2.644 Loading class java/util/WeakHashMap$KeyIterator done
Event: 2.644 Loading class java/net/URLClassLoader$1
Event: 2.644 Loading class java/net/URLClassLoader$1 done
Event: 2.645 Loading class java/io/FilePermission$1
Event: 2.645 Loading class jdk/internal/access/JavaIOFilePermissionAccess
Event: 2.645 Loading class jdk/internal/access/JavaIOFilePermissionAccess done
Event: 2.645 Loading class java/io/FilePermission$1 done
Event: 2.645 Loading class java/io/FilePermissionCollection
Event: 2.645 Loading class java/io/FilePermissionCollection done
Event: 2.645 Loading class java/util/Vector
Event: 2.645 Loading class java/util/Vector done
Event: 2.645 Loading class java/io/FilePermissionCollection$1
Event: 2.645 Loading class java/io/FilePermissionCollection$1 done
Event: 2.645 Loading class jdk/internal/loader/NativeLibraries$Unloader
Event: 2.646 Loading class jdk/internal/loader/NativeLibraries$Unloader done

Classes unloaded (0 events):
No events

Classes redefined (0 events):
No events

Internal exceptions (20 events):
Event: 2.395 Thread 0x00007226dc017340 Exception <a 'java/lang/NoSuchMethodError'{0x0000000628e94698}: 'java.lang.Object java.lang.invoke.DirectMethodHandle$Holder.invokeVirtual(java.lang.Object, java.lang.Object, java.lang.Object)'> (0x0000000628e94698) 
thrown [/usr/src/debug/java17-openjdk/jdk17u-jdk-17.0.12-7/src/hotspot/share/interpreter/linkResolver.cpp, line 758]
Event: 2.395 Thread 0x00007226dc017340 Exception <a 'java/lang/NoSuchMethodError'{0x0000000628e9e4a8}: 'int java.lang.invoke.DirectMethodHandle$Holder.invokeInterface(java.lang.Object, java.lang.Object)'> (0x0000000628e9e4a8) 
thrown [/usr/src/debug/java17-openjdk/jdk17u-jdk-17.0.12-7/src/hotspot/share/interpreter/linkResolver.cpp, line 758]
Event: 2.400 Thread 0x00007226dc017340 Exception <a 'sun/nio/fs/UnixException'{0x0000000628813518}> (0x0000000628813518) 
thrown [/usr/src/debug/java17-openjdk/jdk17u-jdk-17.0.12-7/src/hotspot/share/prims/jni.cpp, line 516]
Event: 2.400 Thread 0x00007226dc017340 Exception <a 'sun/nio/fs/UnixException'{0x0000000628813c90}> (0x0000000628813c90) 
thrown [/usr/src/debug/java17-openjdk/jdk17u-jdk-17.0.12-7/src/hotspot/share/prims/jni.cpp, line 516]
Event: 2.403 Thread 0x00007226dc017340 Exception <a 'java/lang/NoSuchMethodError'{0x000000062887c8f0}: 'int java.lang.invoke.DirectMethodHandle$Holder.invokeVirtual(java.lang.Object, java.lang.Object, java.lang.Object)'> (0x000000062887c8f0) 
thrown [/usr/src/debug/java17-openjdk/jdk17u-jdk-17.0.12-7/src/hotspot/share/interpreter/linkResolver.cpp, line 758]
Event: 2.404 Thread 0x00007226dc017340 Exception <a 'java/lang/NoSuchMethodError'{0x00000006288830c8}: 'void java.lang.invoke.DirectMethodHandle$Holder.invokeInterface(java.lang.Object, java.lang.Object, java.lang.Object)'> (0x00000006288830c8) 
thrown [/usr/src/debug/java17-openjdk/jdk17u-jdk-17.0.12-7/src/hotspot/share/interpreter/linkResolver.cpp, line 758]
Event: 2.435 Thread 0x00007226dc017340 Exception <a 'java/lang/NoSuchMethodError'{0x000000062b090908}: 'int java.lang.invoke.DirectMethodHandle$Holder.invokeStaticInit(java.lang.Object, java.lang.Object)'> (0x000000062b090908) 
thrown [/usr/src/debug/java17-openjdk/jdk17u-jdk-17.0.12-7/src/hotspot/share/interpreter/linkResolver.cpp, line 758]
Event: 2.503 Thread 0x00007226dc017340 Exception <a 'java/lang/NoSuchMethodError'{0x000000060ed74528}: 'int java.lang.invoke.DirectMethodHandle$Holder.invokeSpecial(java.lang.Object, java.lang.Object, java.lang.Object, java.lang.Object)'> (0x000000060ed74528) 
thrown [/usr/src/debug/java17-openjdk/jdk17u-jdk-17.0.12-7/src/hotspot/share/interpreter/linkResolver.cpp, line 758]
Event: 2.504 Thread 0x00007226dc017340 Exception <a 'java/lang/NoSuchMethodError'{0x000000060ed853a0}: 'java.lang.Object java.lang.invoke.DirectMethodHandle$Holder.invokeVirtual(java.lang.Object, java.lang.Object, java.lang.Object, int, int)'> (0x000000060ed853a0) 
thrown [/usr/src/debug/java17-openjdk/jdk17u-jdk-17.0.12-7/src/hotspot/share/interpreter/linkResolver.cpp, line 758]
Event: 2.505 Thread 0x00007226dc017340 Exception <a 'java/lang/NoSuchMethodError'{0x000000060ed8bc30}: 'java.lang.Object java.lang.invoke.DirectMethodHandle$Holder.invokeVirtual(java.lang.Object, java.lang.Object, int)'> (0x000000060ed8bc30) 
thrown [/usr/src/debug/java17-openjdk/jdk17u-jdk-17.0.12-7/src/hotspot/share/interpreter/linkResolver.cpp, line 758]
Event: 2.514 Thread 0x00007226dc017340 Exception <a 'java/lang/NoSuchMethodError'{0x000000060ea07b10}: 'void java.lang.invoke.DirectMethodHandle$Holder.invokeSpecial(java.lang.Object, java.lang.Object, java.lang.Object, java.lang.Object, java.lang.Object, java.lang.Object)'> (0x000000060ea07b10) 
thrown [/usr/src/debug/java17-openjdk/jdk17u-jdk-17.0.12-7/src/hotspot/share/interpreter/linkResolver.cpp, line 758]
Event: 2.541 Thread 0x00007226dc017340 Implicit null exception at 0x00007226cce9cdac to 0x00007226cce9cece
Event: 2.567 Thread 0x00007226dc017340 Exception <a 'sun/nio/fs/UnixException'{0x000000060d8e7960}> (0x000000060d8e7960) 
thrown [/usr/src/debug/java17-openjdk/jdk17u-jdk-17.0.12-7/src/hotspot/share/prims/jni.cpp, line 516]
Event: 2.567 Thread 0x00007226dc017340 Exception <a 'sun/nio/fs/UnixException'{0x000000060d8e8090}> (0x000000060d8e8090) 
thrown [/usr/src/debug/java17-openjdk/jdk17u-jdk-17.0.12-7/src/hotspot/share/prims/jni.cpp, line 516]
Event: 2.567 Thread 0x00007226dc017340 Exception <a 'sun/nio/fs/UnixException'{0x000000060d8e86a8}> (0x000000060d8e86a8) 
thrown [/usr/src/debug/java17-openjdk/jdk17u-jdk-17.0.12-7/src/hotspot/share/prims/jni.cpp, line 516]
Event: 2.567 Thread 0x00007226dc017340 Exception <a 'sun/nio/fs/UnixException'{0x000000060d8e8dd8}> (0x000000060d8e8dd8) 
thrown [/usr/src/debug/java17-openjdk/jdk17u-jdk-17.0.12-7/src/hotspot/share/prims/jni.cpp, line 516]
Event: 2.569 Thread 0x00007226dc017340 Exception <a 'java/lang/NoSuchMethodError'{0x000000060d90def8}: 'void java.lang.invoke.DirectMethodHandle$Holder.invokeSpecial(java.lang.Object, java.lang.Object, java.lang.Object, java.lang.Object, java.lang.Object)'> (0x000000060d90def8) 
thrown [/usr/src/debug/java17-openjdk/jdk17u-jdk-17.0.12-7/src/hotspot/share/interpreter/linkResolver.cpp, line 758]
Event: 2.589 Thread 0x00007226dc017340 Exception <a 'java/lang/NoSuchMethodError'{0x000000060d609358}: 'int java.lang.invoke.DirectMethodHandle$Holder.invokeSpecial(java.lang.Object, java.lang.Object, java.lang.Object)'> (0x000000060d609358) 
thrown [/usr/src/debug/java17-openjdk/jdk17u-jdk-17.0.12-7/src/hotspot/share/interpreter/linkResolver.cpp, line 758]
Event: 2.592 Thread 0x00007226dc017340 Exception <a 'java/lang/NoSuchMethodError'{0x000000060d6629b8}: 'java.lang.Object java.lang.invoke.DirectMethodHandle$Holder.invokeStatic(java.lang.Object, java.lang.Object, int, int)'> (0x000000060d6629b8) 
thrown [/usr/src/debug/java17-openjdk/jdk17u-jdk-17.0.12-7/src/hotspot/share/interpreter/linkResolver.cpp, line 758]
Event: 2.601 Thread 0x00007226dc017340 Exception <a 'java/lang/NoSuchMethodError'{0x000000060d6fee38}: 'java.lang.Object java.lang.invoke.DirectMethodHandle$Holder.invokeInterface(java.lang.Object, java.lang.Object)'> (0x000000060d6fee38) 
thrown [/usr/src/debug/java17-openjdk/jdk17u-jdk-17.0.12-7/src/hotspot/share/interpreter/linkResolver.cpp, line 758]

VM Operations (20 events):
Event: 2.423 Executing VM operation: G1PauseRemark
Event: 2.424 Executing VM operation: G1PauseRemark done
Event: 2.425 Executing VM operation: G1PauseCleanup
Event: 2.425 Executing VM operation: G1PauseCleanup done
Event: 2.468 Executing VM operation: HandshakeAllThreads
Event: 2.468 Executing VM operation: HandshakeAllThreads done
Event: 2.468 Executing VM operation: HandshakeAllThreads
Event: 2.468 Executing VM operation: HandshakeAllThreads done
Event: 2.491 Executing VM operation: HandshakeAllThreads
Event: 2.491 Executing VM operation: HandshakeAllThreads done
Event: 2.491 Executing VM operation: HandshakeAllThreads
Event: 2.491 Executing VM operation: HandshakeAllThreads done
Event: 2.590 Executing VM operation: ICBufferFull
Event: 2.590 Executing VM operation: ICBufferFull done
Event: 2.596 Executing VM operation: HandshakeAllThreads
Event: 2.596 Executing VM operation: HandshakeAllThreads done
Event: 2.630 Executing VM operation: HandshakeAllThreads
Event: 2.630 Executing VM operation: HandshakeAllThreads done
Event: 2.646 Executing VM operation: ICBufferFull
Event: 2.646 Executing VM operation: ICBufferFull done

Events (20 events):
Event: 2.318 Protecting memory [0x00007226a81fd000,0x00007226a8201000] with protection modes 0
Event: 2.318 Thread 0x00007226dc71f510 Thread added: 0x00007226dc71f510
Event: 2.318 Protecting memory [0x00007226a88e4000,0x00007226a88e8000] with protection modes 0
Event: 2.318 Thread 0x00007226dc71fe80 Thread added: 0x00007226dc71fe80
Event: 2.318 Protecting memory [0x00007226a80fc000,0x00007226a8100000] with protection modes 0
Event: 2.318 Thread 0x00007226dc720df0 Thread added: 0x00007226dc720df0
Event: 2.318 Protecting memory [0x000072269ff00000,0x000072269ff04000] with protection modes 0
Event: 2.318 Thread 0x00007226dc71ed40 Thread exited: 0x00007226dc71ed40
Event: 2.363 Thread 0x00007226dc71fe80 Thread exited: 0x00007226dc71fe80
Event: 2.363 Thread 0x00007226dc71f510 Thread exited: 0x00007226dc71f510
Event: 2.363 Thread 0x00007226dc720df0 Thread exited: 0x00007226dc720df0
Event: 2.365 Thread 0x000072261c148130 Thread exited: 0x000072261c148130
Event: 2.554 Thread 0x000072261c2ce3b0 Thread added: 0x000072261c2ce3b0
Event: 2.554 Protecting memory [0x000072269f9fb000,0x000072269f9ff000] with protection modes 0
Event: 2.556 Thread 0x0000722624ec6790 Thread added: 0x0000722624ec6790
Event: 2.556 Protecting memory [0x000072269f8fa000,0x000072269f8fe000] with protection modes 0
Event: 2.556 Thread 0x0000722624ec7960 Thread added: 0x0000722624ec7960
Event: 2.556 Protecting memory [0x000072269f7f9000,0x000072269f7fd000] with protection modes 0
Event: 2.556 Thread 0x00007226247e2380 Thread added: 0x00007226247e2380
Event: 2.556 Protecting memory [0x000072269f6f8000,0x000072269f6fc000] with protection modes 0


Dynamic libraries:
60bc00000-60f000000 rw-p 00000000 00:00 0 
60f000000-628400000 ---p 00000000 00:00 0 
628400000-628800000 rw-p 00000000 00:00 0 
628800000-62b000000 ---p 00000000 00:00 0 
62b000000-62b400000 rw-p 00000000 00:00 0 
62b400000-7ff800000 ---p 00000000 00:00 0 
7ff800000-7ffb00000 rw-p 00000000 00:00 0 
7ffb00000-7ffb75000 rw-p 00c76000 103:02 53110622                        /usr/lib/jvm/java-17-openjdk/lib/server/classes.jsa
7ffb75000-7ffc00000 rw-p 00000000 00:00 0 
7ffc00000-7ffc77000 rw-p 00bff000 103:02 53110622                        /usr/lib/jvm/java-17-openjdk/lib/server/classes.jsa
7ffc77000-800000000 rw-p 00000000 00:00 0 
58e67c4d1000-58e67c4d2000 r--p 00000000 103:02 52695525                  /usr/lib/jvm/java-17-openjdk/bin/java
58e67c4d2000-58e67c4d3000 r-xp 00001000 103:02 52695525                  /usr/lib/jvm/java-17-openjdk/bin/java
58e67c4d3000-58e67c4d4000 r--p 00002000 103:02 52695525                  /usr/lib/jvm/java-17-openjdk/bin/java
58e67c4d4000-58e67c4d5000 r--p 00002000 103:02 52695525                  /usr/lib/jvm/java-17-openjdk/bin/java
58e67c4d5000-58e67c4d6000 rw-p 00003000 103:02 52695525                  /usr/lib/jvm/java-17-openjdk/bin/java
58e6bb35a000-58e6bb3a2000 rw-p 00000000 00:00 0                          [heap]
722534000000-72253463f000 rw-p 00000000 00:00 0 
72253463f000-722538000000 ---p 00000000 00:00 0 
722538000000-722538805000 rw-p 00000000 00:00 0 
722538805000-72253c000000 ---p 00000000 00:00 0 
722540000000-722540746000 rw-p 00000000 00:00 0 
722540746000-722544000000 ---p 00000000 00:00 0 
722544000000-722544a15000 rw-p 00000000 00:00 0 
722544a15000-722548000000 ---p 00000000 00:00 0 
72254c000000-72254c021000 rw-p 00000000 00:00 0 
72254c021000-722550000000 ---p 00000000 00:00 0 
722550000000-722550021000 rw-p 00000000 00:00 0 
722550021000-722554000000 ---p 00000000 00:00 0 
722558000000-722558021000 rw-p 00000000 00:00 0 
722558021000-72255c000000 ---p 00000000 00:00 0 
72255c000000-72255c021000 rw-p 00000000 00:00 0 
72255c021000-722560000000 ---p 00000000 00:00 0 
722564000000-722564021000 rw-p 00000000 00:00 0 
722564021000-722568000000 ---p 00000000 00:00 0 
722568000000-722568021000 rw-p 00000000 00:00 0 
722568021000-72256c000000 ---p 00000000 00:00 0 
722570000000-722570021000 rw-p 00000000 00:00 0 
722570021000-722574000000 ---p 00000000 00:00 0 
722574000000-722574167000 rw-p 00000000 00:00 0 
722574167000-722578000000 ---p 00000000 00:00 0 
72257c000000-72257c651000 rw-p 00000000 00:00 0 
72257c651000-722580000000 ---p 00000000 00:00 0 
722580000000-722580cf7000 rw-p 00000000 00:00 0 
722580cf7000-722584000000 ---p 00000000 00:00 0 
722588000000-7225880b7000 rw-p 00000000 00:00 0 
7225880b7000-72258c000000 ---p 00000000 00:00 0 
72258c000000-72258c021000 rw-p 00000000 00:00 0 
72258c021000-722590000000 ---p 00000000 00:00 0 
722594000000-722594021000 rw-p 00000000 00:00 0 
722594021000-722598000000 ---p 00000000 00:00 0 
722598000000-722598021000 rw-p 00000000 00:00 0 
722598021000-72259c000000 ---p 00000000 00:00 0 
7225a0000000-7225a0021000 rw-p 00000000 00:00 0 
7225a0021000-7225a4000000 ---p 00000000 00:00 0 
7225a4000000-7225a4021000 rw-p 00000000 00:00 0 
7225a4021000-7225a8000000 ---p 00000000 00:00 0 
7225ac000000-7225ac021000 rw-p 00000000 00:00 0 
7225ac021000-7225b0000000 ---p 00000000 00:00 0 
7225b0000000-7225b0021000 rw-p 00000000 00:00 0 
7225b0021000-7225b4000000 ---p 00000000 00:00 0 
7225b8000000-7225b8021000 rw-p 00000000 00:00 0 
7225b8021000-7225bc000000 ---p 00000000 00:00 0 
7225bc000000-7225bc021000 rw-p 00000000 00:00 0 
7225bc021000-7225c0000000 ---p 00000000 00:00 0 
7225c4000000-7225c4021000 rw-p 00000000 00:00 0 
7225c4021000-7225c8000000 ---p 00000000 00:00 0 
7225c8000000-7225c8021000 rw-p 00000000 00:00 0 
7225c8021000-7225cc000000 ---p 00000000 00:00 0 
7225d0000000-7225d0021000 rw-p 00000000 00:00 0 
7225d0021000-7225d4000000 ---p 00000000 00:00 0 
7225d4000000-7225d4021000 rw-p 00000000 00:00 0 
7225d4021000-7225d8000000 ---p 00000000 00:00 0 
7225dc000000-7225dc304000 rw-p 00000000 00:00 0 
7225dc304000-7225e0000000 ---p 00000000 00:00 0 
7225e0000000-7225e05a8000 rw-p 00000000 00:00 0 
7225e05a8000-7225e4000000 ---p 00000000 00:00 0 
7225e8000000-7225e839f000 rw-p 00000000 00:00 0 
7225e839f000-7225ec000000 ---p 00000000 00:00 0 
7225ec000000-7225ec31c000 rw-p 00000000 00:00 0 
7225ec31c000-7225f0000000 ---p 00000000 00:00 0 
7225f4000000-7225f4021000 rw-p 00000000 00:00 0 
7225f4021000-7225f8000000 ---p 00000000 00:00 0 
7225f8000000-7225f8021000 rw-p 00000000 00:00 0 
7225f8021000-7225fc000000 ---p 00000000 00:00 0 
722600000000-722600021000 rw-p 00000000 00:00 0 
722600021000-722604000000 ---p 00000000 00:00 0 
722604000000-722604021000 rw-p 00000000 00:00 0 
722604021000-722608000000 ---p 00000000 00:00 0 
72260c000000-72260c073000 rw-p 00000000 00:00 0 
72260c073000-722610000000 ---p 00000000 00:00 0 
722610000000-722610021000 rw-p 00000000 00:00 0 
722610021000-722614000000 ---p 00000000 00:00 0 
722618000000-722618021000 rw-p 00000000 00:00 0 
722618021000-72261c000000 ---p 00000000 00:00 0 
72261c000000-72261c3e3000 rw-p 00000000 00:00 0 
72261c3e3000-722620000000 ---p 00000000 00:00 0 
722624000000-72262506f000 rw-p 00000000 00:00 0 
72262506f000-722628000000 ---p 00000000 00:00 0 
722628000000-722628021000 rw-p 00000000 00:00 0 
722628021000-72262c000000 ---p 00000000 00:00 0 
722630000000-722630021000 rw-p 00000000 00:00 0 
722630021000-722634000000 ---p 00000000 00:00 0 
722634000000-722634021000 rw-p 00000000 00:00 0 
722634021000-722638000000 ---p 00000000 00:00 0 
72263c000000-72263c021000 rw-p 00000000 00:00 0 
72263c021000-722640000000 ---p 00000000 00:00 0 
722640000000-722640021000 rw-p 00000000 00:00 0 
722640021000-722644000000 ---p 00000000 00:00 0 
722648000000-722648021000 rw-p 00000000 00:00 0 
722648021000-72264c000000 ---p 00000000 00:00 0 
72264f000000-72264f3f0000 rw-p 00000000 00:00 0 
72264f3f0000-722650630000 rw-p 00000000 00:00 0 
722650630000-722650700000 ---p 00000000 00:00 0 
722650700000-7226507d0000 rw-p 00000000 00:00 0 
7226507d0000-722653000000 ---p 00000000 00:00 0 
722653000000-722653bc7000 rw-p 00001000 103:02 53110622                  /usr/lib/jvm/java-17-openjdk/lib/server/classes.jsa
722653bc7000-722654000000 ---p 00000000 00:00 0 
722654000000-722654030000 rw-p 00000000 00:00 0 
722654030000-722654070000 rw-p 00000000 00:00 0 
722654070000-722654270000 rw-p 00000000 00:00 0 
722654270000-7226543b0000 rw-p 00000000 00:00 0 
7226543b0000-722694000000 ---p 00000000 00:00 0 
722694000000-722694021000 rw-p 00000000 00:00 0 
722694021000-722698000000 ---p 00000000 00:00 0 
722698000000-722698021000 rw-p 00000000 00:00 0 
722698021000-72269c000000 ---p 00000000 00:00 0 
72269f6f7000-72269f6f8000 ---p 00000000 00:00 0 
72269f6f8000-72269f6fc000 ---p 00000000 00:00 0 
72269f6fc000-72269f7f8000 rw-p 00000000 00:00 0 
72269f7f8000-72269f7f9000 ---p 00000000 00:00 0 
72269f7f9000-72269f7fd000 ---p 00000000 00:00 0 
72269f7fd000-72269f8f9000 rw-p 00000000 00:00 0 
72269f8f9000-72269f8fa000 ---p 00000000 00:00 0 
72269f8fa000-72269f8fe000 ---p 00000000 00:00 0 
72269f8fe000-72269f9fa000 rw-p 00000000 00:00 0 
72269f9fa000-72269f9fb000 ---p 00000000 00:00 0 
72269f9fb000-72269f9ff000 ---p 00000000 00:00 0 
72269f9ff000-72269fafb000 rw-p 00000000 00:00 0 
72269fafb000-72269fafc000 ---p 00000000 00:00 0 
72269fafc000-72269fbfc000 rw-p 00000000 00:00 0 
72269fbfc000-72269fbfd000 ---p 00000000 00:00 0 
72269fbfd000-72269fcfd000 rw-p 00000000 00:00 0 
72269fcfd000-72269fcfe000 ---p 00000000 00:00 0 
72269fcfe000-72269fdfe000 rw-p 00000000 00:00 0 
72269fdfe000-72269fdff000 ---p 00000000 00:00 0 
72269fdff000-72269feff000 rw-p 00000000 00:00 0 
72269feff000-72269ff00000 ---p 00000000 00:00 0 
72269ff00000-72269ff04000 ---p 00000000 00:00 0 
72269ff04000-7226a0000000 rw-p 00000000 00:00 0 
7226a0000000-7226a0021000 rw-p 00000000 00:00 0 
7226a0021000-7226a4000000 ---p 00000000 00:00 0 
7226a4000000-7226a4021000 rw-p 00000000 00:00 0 
7226a4021000-7226a8000000 ---p 00000000 00:00 0 
7226a80fb000-7226a80fc000 ---p 00000000 00:00 0 
7226a80fc000-7226a8100000 ---p 00000000 00:00 0 
7226a8100000-7226a81fc000 rw-p 00000000 00:00 0 
7226a81fc000-7226a81fd000 ---p 00000000 00:00 0 
7226a81fd000-7226a8201000 ---p 00000000 00:00 0 
7226a8201000-7226a82fd000 rw-p 00000000 00:00 0 
7226a82fd000-7226a82fe000 ---p 00000000 00:00 0 
7226a82fe000-7226a8302000 ---p 00000000 00:00 0 
7226a8302000-7226a83fe000 rw-p 00000000 00:00 0 
7226a83fe000-7226a83ff000 ---p 00000000 00:00 0 
7226a83ff000-7226a8403000 ---p 00000000 00:00 0 
7226a8403000-7226a84ff000 rw-p 00000000 00:00 0 
7226a84ff000-7226a8500000 ---p 00000000 00:00 0 
7226a8500000-7226a8504000 ---p 00000000 00:00 0 
7226a8504000-7226a8600000 rw-p 00000000 00:00 0 
7226a8600000-7226a861e000 r-xp 00000000 103:02 10494020                  /home/mahir/.cache/JNA/temp/jna11552593368514100114.tmp (deleted)
7226a861e000-7226a881d000 ---p 0001e000 103:02 10494020                  /home/mahir/.cache/JNA/temp/jna11552593368514100114.tmp (deleted)
7226a881d000-7226a881e000 rw-p 0001d000 103:02 10494020                  /home/mahir/.cache/JNA/temp/jna11552593368514100114.tmp (deleted)
7226a881e000-7226a881f000 rw-p 00000000 00:00 0 
7226a88e3000-7226a88e4000 ---p 00000000 00:00 0 
7226a88e4000-7226a88e8000 ---p 00000000 00:00 0 
7226a88e8000-7226a89e4000 rw-p 00000000 00:00 0 
7226a89e4000-7226a89e5000 ---p 00000000 00:00 0 
7226a89e5000-7226a89e9000 ---p 00000000 00:00 0 
7226a89e9000-7226a8ae5000 rw-p 00000000 00:00 0 
7226a8ae5000-7226a8ae6000 ---p 00000000 00:00 0 
7226a8ae6000-7226a8be6000 rw-p 00000000 00:00 0 
7226a8be6000-7226a8be7000 ---p 00000000 00:00 0 
7226a8be7000-7226a8ce7000 rw-p 00000000 00:00 0 
7226a8ce7000-7226a8ce8000 ---p 00000000 00:00 0 
7226a8ce8000-7226a8de8000 rw-p 00000000 00:00 0 
7226a8de8000-7226a8de9000 ---p 00000000 00:00 0 
7226a8de9000-7226a8ee9000 rw-p 00000000 00:00 0 
7226a8ee9000-7226a8eea000 ---p 00000000 00:00 0 
7226a8eea000-7226a8fea000 rw-p 00000000 00:00 0 
7226a8fea000-7226a8feb000 ---p 00000000 00:00 0 
7226a8feb000-7226a90eb000 rw-p 00000000 00:00 0 
7226a90eb000-7226a90ec000 ---p 00000000 00:00 0 
7226a90ec000-7226a91ec000 rw-p 00000000 00:00 0 
7226a91ec000-7226a91ed000 ---p 00000000 00:00 0 
7226a91ed000-7226a92ed000 rw-p 00000000 00:00 0 
7226a92ed000-7226a92ee000 ---p 00000000 00:00 0 
7226a92ee000-7226a93ee000 rw-p 00000000 00:00 0 
7226a93ee000-7226a93ef000 ---p 00000000 00:00 0 
7226a93ef000-7226a94ef000 rw-p 00000000 00:00 0 
7226a94ef000-7226a94f0000 ---p 00000000 00:00 0 
7226a94f0000-7226a95f0000 rw-p 00000000 00:00 0 
7226a95f0000-7226a95f1000 ---p 00000000 00:00 0 
7226a95f1000-7226a95f5000 ---p 00000000 00:00 0 
7226a95f5000-7226a96f1000 rw-p 00000000 00:00 0 
7226a96f1000-7226a96f2000 ---p 00000000 00:00 0 
7226a96f2000-7226a96f6000 ---p 00000000 00:00 0 
7226a96f6000-7226a97f2000 rw-p 00000000 00:00 0 
7226a97f2000-7226a97f3000 ---p 00000000 00:00 0 
7226a97f3000-7226a97f7000 ---p 00000000 00:00 0 
7226a97f7000-7226a98f3000 rw-p 00000000 00:00 0 
7226a98f3000-7226a98f4000 ---p 00000000 00:00 0 
7226a98f4000-7226a98f8000 ---p 00000000 00:00 0 
7226a98f8000-7226a99f4000 rw-p 00000000 00:00 0 
7226a99f4000-7226a99f5000 ---p 00000000 00:00 0 
7226a99f5000-7226a99f9000 ---p 00000000 00:00 0 
7226a99f9000-7226a9af5000 rw-p 00000000 00:00 0 
7226a9af5000-7226a9af6000 ---p 00000000 00:00 0 
7226a9af6000-7226a9bf6000 rw-p 00000000 00:00 0 
7226a9bf6000-7226a9bf7000 ---p 00000000 00:00 0 
7226a9bf7000-7226a9bfb000 ---p 00000000 00:00 0 
7226a9bfb000-7226a9cf7000 rw-p 00000000 00:00 0 
7226a9cf7000-7226a9cf8000 ---p 00000000 00:00 0 
7226a9cf8000-7226a9cfc000 ---p 00000000 00:00 0 
7226a9cfc000-7226a9df8000 rw-p 00000000 00:00 0 
7226a9df8000-7226a9df9000 ---p 00000000 00:00 0 
7226a9df9000-7226a9dfd000 ---p 00000000 00:00 0 
7226a9dfd000-7226a9ef9000 rw-p 00000000 00:00 0 
7226a9ef9000-7226a9efa000 ---p 00000000 00:00 0 
7226a9efa000-7226a9efe000 ---p 00000000 00:00 0 
7226a9efe000-7226a9ffa000 rw-p 00000000 00:00 0 
7226a9ffa000-7226a9ffb000 ---p 00000000 00:00 0 
7226a9ffb000-7226a9fff000 ---p 00000000 00:00 0 
7226a9fff000-7226aa0fb000 rw-p 00000000 00:00 0 
7226aa0fb000-7226aa0fc000 ---p 00000000 00:00 0 
7226aa0fc000-7226aa100000 ---p 00000000 00:00 0 
7226aa100000-7226aa1fc000 rw-p 00000000 00:00 0 
7226aa1fc000-7226aa1fd000 ---p 00000000 00:00 0 
7226aa1fd000-7226aa201000 ---p 00000000 00:00 0 
7226aa201000-7226aa2fd000 rw-p 00000000 00:00 0 
7226aa2fd000-7226aa2fe000 ---p 00000000 00:00 0 
7226aa2fe000-7226aa302000 ---p 00000000 00:00 0 
7226aa302000-7226aa3fe000 rw-p 00000000 00:00 0 
7226aa3fe000-7226aa3ff000 ---p 00000000 00:00 0 
7226aa3ff000-7226aa403000 ---p 00000000 00:00 0 
7226aa403000-7226aa4ff000 rw-p 00000000 00:00 0 
7226aa4ff000-7226aa500000 ---p 00000000 00:00 0 
7226aa500000-7226aa504000 ---p 00000000 00:00 0 
7226aa504000-7226aa600000 rw-p 00000000 00:00 0 
7226aa600000-7226aa8ec000 r--p 00000000 103:02 51747550                  /usr/lib/locale/locale-archive
7226aa9ea000-7226aa9eb000 ---p 00000000 00:00 0 
7226aa9eb000-7226aa9ef000 ---p 00000000 00:00 0 
7226aa9ef000-7226aaaeb000 rw-p 00000000 00:00 0 
7226aaaeb000-7226aaaec000 ---p 00000000 00:00 0 
7226aaaec000-7226aaaf0000 ---p 00000000 00:00 0 
7226aaaf0000-7226aabec000 rw-p 00000000 00:00 0 
7226aabec000-7226aabed000 ---p 00000000 00:00 0 
7226aabed000-7226aaced000 rw-p 00000000 00:00 0 
7226aaced000-7226aacee000 ---p 00000000 00:00 0 
7226aacee000-7226aadee000 rw-p 00000000 00:00 0 
7226aadee000-7226aadef000 ---p 00000000 00:00 0 
7226aadef000-7226aaeef000 rw-p 00000000 00:00 0 
7226aaeef000-7226ac021000 rw-p 00000000 00:00 0 
7226ac021000-7226b0000000 ---p 00000000 00:00 0 
7226b00ff000-7226b2200000 rw-p 00000000 00:00 0 
7226b225e000-7226b228a000 r--p 00000000 103:02 11142012                  /home/mahir/fun/CPU/nebula-risc-v/simWorkspace/decoderForTest/verilator/verilator_642291766835216141.so
7226b228a000-7226b22d7000 r-xp 0002c000 103:02 11142012                  /home/mahir/fun/CPU/nebula-risc-v/simWorkspace/decoderForTest/verilator/verilator_642291766835216141.so
7226b22d7000-7226b22f9000 r--p 00079000 103:02 11142012                  /home/mahir/fun/CPU/nebula-risc-v/simWorkspace/decoderForTest/verilator/verilator_642291766835216141.so
7226b22f9000-7226b22fa000 r--p 0009b000 103:02 11142012                  /home/mahir/fun/CPU/nebula-risc-v/simWorkspace/decoderForTest/verilator/verilator_642291766835216141.so
7226b22fa000-7226b22fd000 rw-p 0009c000 103:02 11142012                  /home/mahir/fun/CPU/nebula-risc-v/simWorkspace/decoderForTest/verilator/verilator_642291766835216141.so
7226b22fd000-7226b22fe000 ---p 00000000 00:00 0 
7226b22fe000-7226b23fe000 rw-p 00000000 00:00 0 
7226b23fe000-7226b23ff000 ---p 00000000 00:00 0 
7226b23ff000-7226b24ff000 rw-p 00000000 00:00 0 
7226b24ff000-7226b2500000 ---p 00000000 00:00 0 
7226b2500000-7226b2600000 rw-p 00000000 00:00 0 
7226b2600000-7226b26d0000 rw-p 00000000 00:00 0 
7226b26d0000-7226b2d20000 ---p 00000000 00:00 0 
7226b2d20000-7226b2d30000 rw-p 00000000 00:00 0 
7226b2d30000-7226b2dd0000 ---p 00000000 00:00 0 
7226b2dd0000-7226b2de0000 rw-p 00000000 00:00 0 
7226b2de0000-7226ba2f0000 ---p 00000000 00:00 0 
7226ba2f0000-7226ba310000 rw-p 00000000 00:00 0 
7226ba32f000-7226ba334000 r--p 00000000 103:02 52695778                  /usr/lib/jvm/java-17-openjdk/lib/libjsvml.so
7226ba334000-7226ba375000 r-xp 00005000 103:02 52695778                  /usr/lib/jvm/java-17-openjdk/lib/libjsvml.so
7226ba375000-7226ba3fe000 r--p 00046000 103:02 52695778                  /usr/lib/jvm/java-17-openjdk/lib/libjsvml.so
7226ba3fe000-7226ba3ff000 r--p 000ce000 103:02 52695778                  /usr/lib/jvm/java-17-openjdk/lib/libjsvml.so
7226ba3ff000-7226ba400000 rw-p 000cf000 103:02 52695778                  /usr/lib/jvm/java-17-openjdk/lib/libjsvml.so
7226ba400000-7226ba4d0000 rw-p 00000000 00:00 0 
7226ba4d0000-7226bab20000 ---p 00000000 00:00 0 
7226bab20000-7226bab30000 rw-p 00000000 00:00 0 
7226bab30000-7226babd0000 ---p 00000000 00:00 0 
7226babd0000-7226babe0000 rw-p 00000000 00:00 0 
7226babe0000-7226c20f0000 ---p 00000000 00:00 0 
7226c20f0000-7226c2110000 rw-p 00000000 00:00 0 
7226c217f000-7226c221a000 rw-p 00000000 00:00 0 
7226c221a000-7226c22e4000 ---p 00000000 00:00 0 
7226c22e4000-7226c22e6000 rw-p 00000000 00:00 0 
7226c22e6000-7226c22fa000 ---p 00000000 00:00 0 
7226c22fa000-7226c22fc000 rw-p 00000000 00:00 0 
7226c22fc000-7226c319e000 ---p 00000000 00:00 0 
7226c319e000-7226c31a2000 rw-p 00000000 00:00 0 
7226c3200000-7226c321a000 rw-p 00000000 00:00 0 
7226c321a000-7226c32e4000 ---p 00000000 00:00 0 
7226c32e4000-7226c32e6000 rw-p 00000000 00:00 0 
7226c32e6000-7226c32fa000 ---p 00000000 00:00 0 
7226c32fa000-7226c32fc000 rw-p 00000000 00:00 0 
7226c32fc000-7226c419e000 ---p 00000000 00:00 0 
7226c419e000-7226c41a2000 rw-p 00000000 00:00 0 
7226c41ba000-7226c41bf000 r--p 00000000 103:02 51658536                  /usr/lib/libudev.so.1.7.9
7226c41bf000-7226c41e6000 r-xp 00005000 103:02 51658536                  /usr/lib/libudev.so.1.7.9
7226c41e6000-7226c41fa000 r--p 0002c000 103:02 51658536                  /usr/lib/libudev.so.1.7.9
7226c41fa000-7226c41ff000 r--p 0003f000 103:02 51658536                  /usr/lib/libudev.so.1.7.9
7226c41ff000-7226c4200000 rw-p 00044000 103:02 51658536                  /usr/lib/libudev.so.1.7.9
7226c4200000-7226c421a000 rw-p 00000000 00:00 0 
7226c421a000-7226c42e4000 ---p 00000000 00:00 0 
7226c42e4000-7226c42e6000 rw-p 00000000 00:00 0 
7226c42e6000-7226c42fa000 ---p 00000000 00:00 0 
7226c42fa000-7226c42fc000 rw-p 00000000 00:00 0 
7226c42fc000-7226c519e000 ---p 00000000 00:00 0 
7226c519e000-7226c51a2000 rw-p 00000000 00:00 0 
7226c5200000-7226c5930000 rwxp 00000000 00:00 0 
7226c5930000-7226cc65f000 ---p 00000000 00:00 0 
7226cc65f000-7226cc95f000 rwxp 00000000 00:00 0 
7226cc95f000-7226ccda0000 ---p 00000000 00:00 0 
7226ccda0000-7226cd010000 rwxp 00000000 00:00 0 
7226cd010000-7226d4200000 ---p 00000000 00:00 0 
7226d4200000-7226dbe67000 r--s 00000000 103:02 52695794                  /usr/lib/jvm/java-17-openjdk/lib/modules
7226dbe83000-7226dbe84000 ---p 00000000 00:00 0 
7226dbe84000-7226dbe88000 ---p 00000000 00:00 0 
7226dbe88000-7226dbea6000 rw-p 00000000 00:00 0 
7226dbea6000-7226dcdbe000 rw-p 00000000 00:00 0 
7226dcdbe000-7226e0000000 ---p 00000000 00:00 0 
7226e0005000-7226e0007000 r--p 00000000 103:02 51646544                  /usr/lib/libatomic.so.1.2.0
7226e0007000-7226e000b000 r-xp 00002000 103:02 51646544                  /usr/lib/libatomic.so.1.2.0
7226e000b000-7226e000d000 r--p 00006000 103:02 51646544                  /usr/lib/libatomic.so.1.2.0
7226e000d000-7226e000e000 r--p 00007000 103:02 51646544                  /usr/lib/libatomic.so.1.2.0
7226e000e000-7226e000f000 rw-p 00008000 103:02 51646544                  /usr/lib/libatomic.so.1.2.0
7226e000f000-7226e0010000 rw-p 00000000 00:00 0 
7226e0010000-7226e0013000 r--p 00000000 103:02 51656976                  /usr/lib/libcap.so.2.70
7226e0013000-7226e0018000 r-xp 00003000 103:02 51656976                  /usr/lib/libcap.so.2.70
7226e0018000-7226e001a000 r--p 00008000 103:02 51656976                  /usr/lib/libcap.so.2.70
7226e001a000-7226e001b000 r--p 00009000 103:02 51656976                  /usr/lib/libcap.so.2.70
7226e001b000-7226e001c000 rw-p 0000a000 103:02 51656976                  /usr/lib/libcap.so.2.70
7226e001c000-7226e001e000 r--p 00000000 103:02 52695793                  /usr/lib/jvm/java-17-openjdk/lib/libzip.so
7226e001e000-7226e0022000 r-xp 00002000 103:02 52695793                  /usr/lib/jvm/java-17-openjdk/lib/libzip.so
7226e0022000-7226e0024000 r--p 00006000 103:02 52695793                  /usr/lib/jvm/java-17-openjdk/lib/libzip.so
7226e0024000-7226e0025000 r--p 00007000 103:02 52695793                  /usr/lib/jvm/java-17-openjdk/lib/libzip.so
7226e0025000-7226e0026000 rw-p 00008000 103:02 52695793                  /usr/lib/jvm/java-17-openjdk/lib/libzip.so
7226e0026000-7226e0067000 rw-p 00000000 00:00 0 
7226e006d000-7226e1333000 rw-p 00000000 00:00 0 
7226e1333000-7226e1417000 ---p 00000000 00:00 0 
7226e1417000-7226e1426000 rw-p 00000000 00:00 0 
7226e1426000-7226e1500000 ---p 00000000 00:00 0 
7226e1500000-7226e1504000 ---p 00000000 00:00 0 
7226e1504000-7226e1600000 rw-p 00000000 00:00 0 
7226e1600000-7226e1697000 r--p 00000000 103:02 51708318                  /usr/lib/libstdc++.so.6.0.33
7226e1697000-7226e17e4000 r-xp 00097000 103:02 51708318                  /usr/lib/libstdc++.so.6.0.33
7226e17e4000-7226e1874000 r--p 001e4000 103:02 51708318                  /usr/lib/libstdc++.so.6.0.33
7226e1874000-7226e1881000 r--p 00274000 103:02 51708318                  /usr/lib/libstdc++.so.6.0.33
7226e1881000-7226e1882000 rw-p 00281000 103:02 51708318                  /usr/lib/libstdc++.so.6.0.33
7226e1882000-7226e1886000 rw-p 00000000 00:00 0 
7226e1889000-7226e188d000 r--p 00000000 103:02 52695784                  /usr/lib/jvm/java-17-openjdk/lib/libnet.so
7226e188d000-7226e189b000 r-xp 00004000 103:02 52695784                  /usr/lib/jvm/java-17-openjdk/lib/libnet.so
7226e189b000-7226e189e000 r--p 00012000 103:02 52695784                  /usr/lib/jvm/java-17-openjdk/lib/libnet.so
7226e189e000-7226e189f000 r--p 00015000 103:02 52695784                  /usr/lib/jvm/java-17-openjdk/lib/libnet.so
7226e189f000-7226e18a0000 rw-p 00016000 103:02 52695784                  /usr/lib/jvm/java-17-openjdk/lib/libnet.so
7226e18a0000-7226e18a2000 r--p 00000000 103:02 52695773                  /usr/lib/jvm/java-17-openjdk/lib/libjdwp.so
7226e18a2000-7226e18d4000 r-xp 00002000 103:02 52695773                  /usr/lib/jvm/java-17-openjdk/lib/libjdwp.so
7226e18d4000-7226e18e0000 r--p 00034000 103:02 52695773                  /usr/lib/jvm/java-17-openjdk/lib/libjdwp.so
7226e18e0000-7226e18e1000 r--p 00040000 103:02 52695773                  /usr/lib/jvm/java-17-openjdk/lib/libjdwp.so
7226e18e1000-7226e18e2000 rw-p 00041000 103:02 52695773                  /usr/lib/jvm/java-17-openjdk/lib/libjdwp.so
7226e18e2000-7226e18e3000 rw-p 00000000 00:00 0 
7226e18e3000-7226e18e7000 r--p 00000000 103:02 51646549                  /usr/lib/libgcc_s.so.1
7226e18e7000-7226e190b000 r-xp 00004000 103:02 51646549                  /usr/lib/libgcc_s.so.1
7226e190b000-7226e190f000 r--p 00028000 103:02 51646549                  /usr/lib/libgcc_s.so.1
7226e190f000-7226e1910000 r--p 0002b000 103:02 51646549                  /usr/lib/libgcc_s.so.1
7226e1910000-7226e1911000 rw-p 0002c000 103:02 51646549                  /usr/lib/libgcc_s.so.1
7226e1911000-7226e191f000 r--p 00000000 103:02 51645846                  /usr/lib/libm.so.6
7226e191f000-7226e19a2000 r-xp 0000e000 103:02 51645846                  /usr/lib/libm.so.6
7226e19a2000-7226e19fe000 r--p 00091000 103:02 51645846                  /usr/lib/libm.so.6
7226e19fe000-7226e19ff000 r--p 000ec000 103:02 51645846                  /usr/lib/libm.so.6
7226e19ff000-7226e1a00000 rw-p 000ed000 103:02 51645846                  /usr/lib/libm.so.6
7226e1a00000-7226e1a0d000 r--p 00000000 103:02 53110626                  /usr/lib/jvm/java-17-openjdk/lib/server/libjvm.so
7226e1a0d000-7226e25f4000 r-xp 0000d000 103:02 53110626                  /usr/lib/jvm/java-17-openjdk/lib/server/libjvm.so
7226e25f4000-7226e27a4000 r--p 00bf4000 103:02 53110626                  /usr/lib/jvm/java-17-openjdk/lib/server/libjvm.so
7226e27a4000-7226e2859000 r--p 00da4000 103:02 53110626                  /usr/lib/jvm/java-17-openjdk/lib/server/libjvm.so
7226e2859000-7226e2889000 rw-p 00e59000 103:02 53110626                  /usr/lib/jvm/java-17-openjdk/lib/server/libjvm.so
7226e2889000-7226e28e2000 rw-p 00000000 00:00 0 
7226e28e8000-7226e28ef000 r--p 00000000 103:02 52695785                  /usr/lib/jvm/java-17-openjdk/lib/libnio.so
7226e28ef000-7226e28f8000 r-xp 00007000 103:02 52695785                  /usr/lib/jvm/java-17-openjdk/lib/libnio.so
7226e28f8000-7226e28fd000 r--p 00010000 103:02 52695785                  /usr/lib/jvm/java-17-openjdk/lib/libnio.so
7226e28fd000-7226e28fe000 r--p 00014000 103:02 52695785                  /usr/lib/jvm/java-17-openjdk/lib/libnio.so
7226e28fe000-7226e28ff000 rw-p 00015000 103:02 52695785                  /usr/lib/jvm/java-17-openjdk/lib/libnio.so
7226e28ff000-7226e2900000 r--p 00000000 103:02 52695762                  /usr/lib/jvm/java-17-openjdk/lib/libdt_socket.so
7226e2900000-7226e2903000 r-xp 00001000 103:02 52695762                  /usr/lib/jvm/java-17-openjdk/lib/libdt_socket.so
7226e2903000-7226e2904000 r--p 00004000 103:02 52695762                  /usr/lib/jvm/java-17-openjdk/lib/libdt_socket.so
7226e2904000-7226e2905000 r--p 00004000 103:02 52695762                  /usr/lib/jvm/java-17-openjdk/lib/libdt_socket.so
7226e2905000-7226e2906000 rw-p 00005000 103:02 52695762                  /usr/lib/jvm/java-17-openjdk/lib/libdt_socket.so
7226e2906000-7226e290d000 r--s 00000000 103:02 51747551                  /usr/lib/gconv/gconv-modules.cache
7226e290d000-7226e2910000 rw-p 00000000 00:00 0 
7226e2910000-7226e2913000 r--p 00000000 103:02 51656591                  /usr/lib/libz.so.1.3.1
7226e2913000-7226e2921000 r-xp 00003000 103:02 51656591                  /usr/lib/libz.so.1.3.1
7226e2921000-7226e2927000 r--p 00011000 103:02 51656591                  /usr/lib/libz.so.1.3.1
7226e2927000-7226e2928000 r--p 00017000 103:02 51656591                  /usr/lib/libz.so.1.3.1
7226e2928000-7226e2929000 rw-p 00018000 103:02 51656591                  /usr/lib/libz.so.1.3.1
7226e2929000-7226e294d000 r--p 00000000 103:02 51645820                  /usr/lib/libc.so.6
7226e294d000-7226e2abe000 r-xp 00024000 103:02 51645820                  /usr/lib/libc.so.6
7226e2abe000-7226e2b0c000 r--p 00195000 103:02 51645820                  /usr/lib/libc.so.6
7226e2b0c000-7226e2b10000 r--p 001e3000 103:02 51645820                  /usr/lib/libc.so.6
7226e2b10000-7226e2b12000 rw-p 001e7000 103:02 51645820                  /usr/lib/libc.so.6
7226e2b12000-7226e2b1a000 rw-p 00000000 00:00 0 
7226e2b1f000-7226e2b25000 rw-p 00000000 00:00 0 
7226e2b25000-7226e2b2e000 ---p 00000000 00:00 0 
7226e2b2e000-7226e2b38000 r--p 00000000 103:02 52695770                  /usr/lib/jvm/java-17-openjdk/lib/libjava.so
7226e2b38000-7226e2b49000 r-xp 0000a000 103:02 52695770                  /usr/lib/jvm/java-17-openjdk/lib/libjava.so
7226e2b49000-7226e2b4e000 r--p 0001b000 103:02 52695770                  /usr/lib/jvm/java-17-openjdk/lib/libjava.so
7226e2b4e000-7226e2b4f000 r--p 00020000 103:02 52695770                  /usr/lib/jvm/java-17-openjdk/lib/libjava.so
7226e2b4f000-7226e2b50000 rw-p 00021000 103:02 52695770                  /usr/lib/jvm/java-17-openjdk/lib/libjava.so
7226e2b50000-7226e2b51000 rw-p 00000000 00:00 0 
7226e2b51000-7226e2b59000 rw-s 00000000 00:2a 5079                       /tmp/hsperfdata_mahir/67154
7226e2b59000-7226e2b5a000 ---p 00000000 00:00 0 
7226e2b5a000-7226e2b5b000 r--p 00000000 00:00 0 
7226e2b5b000-7226e2b5c000 ---p 00000000 00:00 0 
7226e2b5c000-7226e2b5d000 r--p 00000000 103:02 52695774                  /usr/lib/jvm/java-17-openjdk/lib/libjimage.so
7226e2b5d000-7226e2b5f000 r-xp 00001000 103:02 52695774                  /usr/lib/jvm/java-17-openjdk/lib/libjimage.so
7226e2b5f000-7226e2b60000 r--p 00003000 103:02 52695774                  /usr/lib/jvm/java-17-openjdk/lib/libjimage.so
7226e2b60000-7226e2b61000 r--p 00003000 103:02 52695774                  /usr/lib/jvm/java-17-openjdk/lib/libjimage.so
7226e2b61000-7226e2b62000 rw-p 00004000 103:02 52695774                  /usr/lib/jvm/java-17-openjdk/lib/libjimage.so
7226e2b62000-7226e2b64000 r--p 00000000 103:02 52695775                  /usr/lib/jvm/java-17-openjdk/lib/libjli.so
7226e2b64000-7226e2b6d000 r-xp 00002000 103:02 52695775                  /usr/lib/jvm/java-17-openjdk/lib/libjli.so
7226e2b6d000-7226e2b70000 r--p 0000b000 103:02 52695775                  /usr/lib/jvm/java-17-openjdk/lib/libjli.so
7226e2b70000-7226e2b71000 r--p 0000d000 103:02 52695775                  /usr/lib/jvm/java-17-openjdk/lib/libjli.so
7226e2b71000-7226e2b72000 rw-p 0000e000 103:02 52695775                  /usr/lib/jvm/java-17-openjdk/lib/libjli.so
7226e2b72000-7226e2b74000 rw-p 00000000 00:00 0 
7226e2b74000-7226e2b78000 r--p 00000000 00:00 0                          [vvar]
7226e2b78000-7226e2b7a000 r-xp 00000000 00:00 0                          [vdso]
7226e2b7a000-7226e2b7b000 r--p 00000000 103:02 51645765                  /usr/lib/ld-linux-x86-64.so.2
7226e2b7b000-7226e2ba4000 r-xp 00001000 103:02 51645765                  /usr/lib/ld-linux-x86-64.so.2
7226e2ba4000-7226e2bae000 r--p 0002a000 103:02 51645765                  /usr/lib/ld-linux-x86-64.so.2
7226e2bae000-7226e2bb0000 r--p 00034000 103:02 51645765                  /usr/lib/ld-linux-x86-64.so.2
7226e2bb0000-7226e2bb2000 rw-p 00036000 103:02 51645765                  /usr/lib/ld-linux-x86-64.so.2
7ffd1f8fd000-7ffd1f91f000 rw-p 00000000 00:00 0                          [stack]
ffffffffff600000-ffffffffff601000 --xp 00000000 00:00 0                  [vsyscall]


VM Arguments:
jvm_args: -Duser.dir=/home/mahir/fun/CPU/nebula-risc-v -agentlib:jdwp=transport=dt_socket,server=y,suspend=y,quiet=n -Duser.dir=/home/mahir/fun/CPU/nebula-risc-v 
java_command: nebula.test.decoder_test
java_class_path (initial): /home/mahir/fun/CPU/nebula-risc-v/.bloop/cpusc/bloop-bsp-clients-classes/classes-Metals-96ll_c8UT9GX0UjRk4aIhw==:/home/mahir/fun/CPU/nebula-risc-v/.bloop/cpusc/scala-2.12/classes:/home/mahir/.cache/coursier/v1/https/repo1.maven.org/maven2/org/scala-lang/scala-library/2.12.18/scala-library-2.12.18.jar:/home/mahir/.cache/coursier/v1/https/repo1.maven.org/maven2/com/github/spinalhdl/spinalhdl-core_2.12/1.10.1/spinalhdl-core_2.12-1.10.1.jar:/home/mahir/.cache/coursier/v1/https/repo1.maven.org/maven2/com/github/spinalhdl/spinalhdl-lib_2.12/1.10.1/spinalhdl-lib_2.12-1.10.1.jar:/home/mahir/.cache/coursier/v1/https/repo1.maven.org/maven2/com/github/spinalhdl/spinalhdl-idsl-plugin_2.12/1.10.1/spinalhdl-idsl-plugin_2.12-1.10.1.jar:/home/mahir/.cache/coursier/v1/https/repo1.maven.org/maven2/com/github/spinalhdl/spinalhdl-sim_2.12/1.10.1/spinalhdl-sim_2.12-1.10.1.jar:/home/mahir/.cache/coursier/v1/https/repo1.maven.org/maven2/org/scalactic/scalactic_2.12/3.2.10/scalactic_2.12-3.2.10.jar:/home/mahir/.cache/coursier/v1/https/repo1.maven.org/maven2/org/scala-lang/scala-reflect/2.12.18/scala-reflect-2.12.18.jar:/home/mahir/.cache/coursier/v1/https/repo1.maven.org/maven2/com/github/scopt/scopt_2.12/4.1.0/scopt_2.12-4.1.0.jar:/home/mahir/.cache/coursier/v1/https/repo1.maven.org/maven2/com/lihaoyi/sourcecode_2.12/0.3.0/sourcecode_2.12-0.3.0.jar:/home/mahir/.cache/coursier/v1/https/repo1.maven.org/maven2/commons-io/commons-io/2.11.0/commons-io-2.11.0.jar:/home/mahir/.cache/coursier/v1/https/repo1.maven.org/maven2/org/scala-lang/scala-compiler/2.12.18/scala-compiler-2.12.18.jar:/home/mahir/.cache/coursier/v1/https/repo1.maven.org/maven2/com/github/spinalhdl/spinalhdl-idsl-payload_2.12/1.10.1/spinalhdl-idsl-payload_2.12-1.10.1.jar:/home/mahir/.cache/coursier/v1/https/repo1.maven.org/maven2/net/openhft/affinity/3.23.2/affinity-3.23.2.jar:/home/mahir/.cache/coursier/v1/https/repo1.maven.org/maven2/org/slf4j/slf4j-simple/2.0.5/slf4j-simple-2.0.5.jar:/home/mahir/
Launcher Type: SUN_STANDARD

[Global flags]
     intx CICompilerCount                          = 12                                        {product} {ergonomic}
     uint ConcGCThreads                            = 5                                         {product} {ergonomic}
     uint G1ConcRefinementThreads                  = 18                                        {product} {ergonomic}
   size_t G1HeapRegionSize                         = 4194304                                   {product} {ergonomic}
    uintx GCDrainStackTargetSize                   = 64                                        {product} {ergonomic}
   size_t InitialHeapSize                          = 528482304                                 {product} {ergonomic}
   size_t MarkStackSize                            = 4194304                                   {product} {ergonomic}
   size_t MaxHeapSize                              = 8392802304                                {product} {ergonomic}
   size_t MaxNewSize                               = 5033164800                                {product} {ergonomic}
   size_t MinHeapDeltaBytes                        = 4194304                                   {product} {ergonomic}
   size_t MinHeapSize                              = 8388608                                   {product} {ergonomic}
    uintx NonNMethodCodeHeapSize                   = 7602480                                {pd product} {ergonomic}
    uintx NonProfiledCodeHeapSize                  = 122027880                              {pd product} {ergonomic}
    uintx ProfiledCodeHeapSize                     = 122027880                              {pd product} {ergonomic}
    uintx ReservedCodeCacheSize                    = 251658240                              {pd product} {ergonomic}
     bool SegmentedCodeCache                       = true                                      {product} {ergonomic}
   size_t SoftMaxHeapSize                          = 8392802304                             {manageable} {ergonomic}
     bool UseCompressedClassPointers               = true                           {product lp64_product} {ergonomic}
     bool UseCompressedOops                        = true                           {product lp64_product} {ergonomic}
     bool UseG1GC                                  = true                                      {product} {ergonomic}

Logging:
Log output configuration:
 #0: stdout all=warning uptime,level,tags
 #1: stderr all=off uptime,level,tags

Environment Variables:
PATH=/usr/local/sbin:/usr/local/bin:/usr/bin:/var/lib/flatpak/exports/bin:/usr/lib/jvm/default/bin:/usr/bin/site_perl:/usr/bin/vendor_perl:/usr/bin/core_perl:/opt/rocm/bin:/home/mahir/.local/bin:/home/mahir/.local/share/coursier/bin
SHELL=/bin/zsh
DISPLAY=:1
LANG=en_GB.UTF-8
LC_NUMERIC=en_GB.UTF-8
LC_TIME=en_GB.UTF-8

Active Locale:
LC_ALL=en_GB.UTF-8
LC_COLLATE=en_GB.UTF-8
LC_CTYPE=en_GB.UTF-8
LC_MESSAGES=en_GB.UTF-8
LC_MONETARY=en_GB.UTF-8
LC_NUMERIC=en_GB.UTF-8
LC_TIME=en_GB.UTF-8

Signal Handlers:
   SIGSEGV: 0x00007226e2430aa0 in libjvm.so+10685088, mask=11100100010111111101111111111110, flags=SA_RESTART|SA_SIGINFO, unblocked
    SIGBUS: 0x00007226e2430aa0 in libjvm.so+10685088, mask=11100100010111111101111111111110, flags=SA_RESTART|SA_SIGINFO, unblocked
    SIGFPE: 0x00007226e2430aa0 in libjvm.so+10685088, mask=11100100010111111101111111111110, flags=SA_RESTART|SA_SIGINFO, unblocked
   SIGPIPE: 0x00007226e234c400 in libjvm.so+9749504, mask=11100100010111111101111111111110, flags=SA_RESTART|SA_SIGINFO, blocked
   SIGXFSZ: 0x00007226e234c400 in libjvm.so+9749504, mask=11100100010111111101111111111110, flags=SA_RESTART|SA_SIGINFO, blocked
    SIGILL: 0x00007226e2430aa0 in libjvm.so+10685088, mask=11100100010111111101111111111110, flags=SA_RESTART|SA_SIGINFO, unblocked
   SIGUSR2: 0x00007226e234b440 in libjvm.so+9745472, mask=00100000000000000000000000000000, flags=SA_RESTART|SA_SIGINFO, blocked
    SIGHUP: 0x00007226e234b3c0 in libjvm.so+9745344, mask=11100100010111111101111111111110, flags=SA_RESTART|SA_SIGINFO, blocked
    SIGINT: 0x00007226e234b3c0 in libjvm.so+9745344, mask=11100100010111111101111111111110, flags=SA_RESTART|SA_SIGINFO, blocked
   SIGTERM: 0x00007226e234b3c0 in libjvm.so+9745344, mask=11100100010111111101111111111110, flags=SA_RESTART|SA_SIGINFO, blocked
   SIGQUIT: 0x00007226e234b3c0 in libjvm.so+9745344, mask=11100100010111111101111111111110, flags=SA_RESTART|SA_SIGINFO, blocked
   SIGTRAP: 0x00007226e2430aa0 in libjvm.so+10685088, mask=11100100010111111101111111111110, flags=SA_RESTART|SA_SIGINFO, unblocked


Periodic native trim disabled


---------------  S Y S T E M  ---------------

OS:
DISTRIB_ID="EndeavourOS"
DISTRIB_RELEASE="rolling"
DISTRIB_DESCRIPTION="EndeavourOS Linux"
DISTRIB_CODENAME="rolling"
uname: Linux 6.11.1-arch1-1 #1 SMP PREEMPT_DYNAMIC Mon, 30 Sep 2024 23:49:50 +0000 x86_64
OS uptime: 0 days 10:25 hours
libc: glibc 2.40 NPTL 2.40 
rlimit (soft/hard): STACK 8192k/infinity , CORE infinity/infinity , NPROC 127623/127623 , NOFILE 524288/524288 , AS infinity/infinity , CPU infinity/infinity , DATA infinity/infinity , FSIZE infinity/infinity , MEMLOCK 8192k/8192k
load average: 1.23 1.29 1.25

/proc/meminfo:
MemTotal:       32782568 kB
MemFree:        12908588 kB
MemAvailable:   22682320 kB
Buffers:          922324 kB
Cached:          8867768 kB
SwapCached:            0 kB
Active:         11353236 kB
Inactive:        6820788 kB
Active(anon):    8534960 kB
Inactive(anon):        0 kB
Active(file):    2818276 kB
Inactive(file):  6820788 kB
Unevictable:          32 kB
Mlocked:              32 kB
SwapTotal:             0 kB
SwapFree:              0 kB
Zswap:                 0 kB
Zswapped:              0 kB
Dirty:              2744 kB
Writeback:             0 kB
AnonPages:       8297172 kB
Mapped:          1642960 kB
Shmem:            151744 kB
KReclaimable:     600208 kB
Slab:             835352 kB
SReclaimable:     600208 kB
SUnreclaim:       235144 kB
KernelStack:       36256 kB
PageTables:        82856 kB
SecPageTables:      5384 kB
NFS_Unstable:          0 kB
Bounce:                0 kB
WritebackTmp:          0 kB
CommitLimit:    16391284 kB
Committed_AS:   32893400 kB
VmallocTotal:   34359738367 kB
VmallocUsed:      123564 kB
VmallocChunk:          0 kB
Percpu:            57504 kB
HardwareCorrupted:     0 kB
AnonHugePages:   2344960 kB
ShmemHugePages:        0 kB
ShmemPmdMapped:        0 kB
FileHugePages:    706560 kB
FilePmdMapped:    376832 kB
CmaTotal:              0 kB
CmaFree:               0 kB
Unaccepted:            0 kB
HugePages_Total:       0
HugePages_Free:        0
HugePages_Rsvd:        0
HugePages_Surp:        0
Hugepagesize:       2048 kB
Hugetlb:               0 kB
DirectMap4k:      768280 kB
DirectMap2M:    15929344 kB
DirectMap1G:    16777216 kB

/sys/kernel/mm/transparent_hugepage/enabled: [always] madvise never
/sys/kernel/mm/transparent_hugepage/hpage_pmd_size: 2097152
/sys/kernel/mm/transparent_hugepage/defrag (defrag/compaction efforts parameter): always defer defer+madvise [madvise] never

Process Memory:
Virtual Size: 13635044K (peak: 13635332K)
Resident Set Size: 250256K (peak: 250256K) (anon: 205340K, file: 44916K, shmem: 0K)
Swapped out: 0K
C-Heap outstanding allocations: 121519K, retained: 27904K
glibc malloc tunables: (default)

/proc/sys/kernel/threads-max (system-wide limit on the number of threads): 255246
/proc/sys/vm/max_map_count (maximum number of memory map areas a process may have): 1048576
/proc/sys/vm/swappiness (control to define how aggressively the kernel swaps out anonymous memory): 60
/proc/sys/kernel/pid_max (system-wide limit on number of process identifiers): 4194304

container (cgroup) information:
container_type: cgroupv2
cpu_cpuset_cpus: not supported
cpu_memory_nodes: not supported
active_processor_count: 24
cpu_quota: no quota
cpu_period: 100000
cpu_shares: no shares
memory_limit_in_bytes: unlimited
memory_and_swap_limit_in_bytes: unlimited
memory_soft_limit_in_bytes: unlimited
memory_usage_in_bytes: 14479184 k
memory_max_usage_in_bytes: not supported
memory_swap_current_in_bytes: unlimited
memory_swap_max_limit_in_bytes: unlimited
maximum number of tasks: unlimited
current number of tasks: 1756

Steal ticks since vm start: 0
Steal ticks percentage since vm start:  0.000

CPU: total 24 (initial active 24) (24 cores per cpu, 2 threads per core) family 25 model 33 stepping 2 microcode 0xa20120a, cx8, cmov, fxsr, ht, mmx, 3dnowpref, sse, sse2, sse3, ssse3, sse4a, sse4.1, sse4.2, popcnt, lzcnt, tsc, tscinvbit, avx, avx2, aes, erms, clmul, bmi1, bmi2, adx, sha, fma, vzeroupper, clflush, clflushopt
CPU Model and flags from /proc/cpuinfo:
model name	: AMD Ryzen 9 5900X 12-Core Processor
flags		: fpu vme de pse tsc msr pae mce cx8 apic sep mtrr pge mca cmov pat pse36 clflush mmx fxsr sse sse2 ht syscall nx mmxext fxsr_opt pdpe1gb rdtscp lm constant_tsc rep_good nopl xtopology nonstop_tsc cpuid extd_apicid aperfmperf rapl pni pclmulqdq monitor ssse3 fma cx16 sse4_1 sse4_2 x2apic movbe popcnt aes xsave avx f16c rdrand lahf_lm cmp_legacy svm extapic cr8_legacy abm sse4a misalignsse 3dnowprefetch osvw ibs skinit wdt tce topoext perfctr_core perfctr_nb bpext perfctr_llc mwaitx cpb cat_l3 cdp_l3 hw_pstate ssbd mba ibrs ibpb stibp vmmcall fsgsbase bmi1 avx2 smep bmi2 erms invpcid cqm rdt_a rdseed adx smap clflushopt clwb sha_ni xsaveopt xsavec xgetbv1 xsaves cqm_llc cqm_occup_llc cqm_mbm_total cqm_mbm_local user_shstk clzero irperf xsaveerptr rdpru wbnoinvd arat npt lbrv svm_lock nrip_save tsc_scale vmcb_clean flushbyasid decodeassists pausefilter pfthreshold avic v_vmsave_vmload vgif v_spec_ctrl umip pku ospke vaes vpclmulqdq rdpid overflow_recov succor smca fsrm debug_swap

Online cpus: 0-23
Offline cpus: 
BIOS frequency limitation: <Not Available>
Frequency switch latency (ns): 0
Available cpu frequencies: <Not Available>
Current governor: powersave
Core performance/turbo boost: 1

Memory: 4k page, physical 32782568k(12908588k free), swap 0k(0k free)
Page Sizes: 4k

vm_info: OpenJDK 64-Bit Server VM (17.0.12+7) for linux-amd64 JRE (17.0.12+7), built on Jul 17 2024 13:35:02 by "builduser" with gcc 14.1.1 20240522

END.
