#
# A fatal error has been detected by the Java Runtime Environment:
#
#  SIGSEGV (0xb) at pc=0x00007bcd4008c89d, pid=67285, tid=67288
#
# JRE version: OpenJDK Runtime Environment (17.0.12+7) (build 17.0.12+7)
# Java VM: OpenJDK 64-Bit Server VM (17.0.12+7, mixed mode, sharing, tiered, compressed oops, compressed class ptrs, g1 gc, linux-amd64)
# Problematic frame:
# C  [verilator_642291766835216141.so+0x3089d]  sc_time_stamp()+0x14
#
# Core dump will be written. Default location: Core dumps may be processed with "/usr/lib/systemd/systemd-coredump %P %u %g %s %t %c %h" (or dumping to /home/mahir/fun/CPU/nebula-risc-v/core.67285)
#
# If you would like to submit a bug report, please visit:
#   https://bugreport.java.com/bugreport/crash.jsp
# The crash happened outside the Java Virtual Machine in native code.
# See problematic frame for where to report the bug.
#

---------------  S U M M A R Y ------------

Command Line: -agentlib:jdwp=transport=dt_socket,server=y,suspend=y,quiet=n -Duser.dir=/home/mahir/fun/CPU/nebula-risc-v nebula.test.decoder_test

Host: AMD Ryzen 9 5900X 12-Core Processor, 24 cores, 31G, EndeavourOS Linux
Time: Thu Oct  3 18:59:07 2024 BST elapsed time: 1.504743 seconds (0d 0h 0m 1s)

---------------  T H R E A D  ---------------

Current thread (0x00007bcd68017300):  JavaThread "main" [_thread_in_native, id=67288, stack(0x00007bcd6f900000,0x00007bcd6fa00000)]

Stack: [0x00007bcd6f900000,0x00007bcd6fa00000],  sp=0x00007bcd6f9fdd30,  free space=1015k
Native frames: (J=compiled Java code, j=interpreted, Vv=VM code, C=native code)
C  [verilator_642291766835216141.so+0x3089d]  sc_time_stamp()+0x14
C  [verilator_642291766835216141.so+0x47137]  VerilatedContext::time() const+0x31
C  [verilator_642291766835216141.so+0x40162]  VerilatedContext::addModel(VerilatedModel*)+0xa0
C  [verilator_642291766835216141.so+0x769af]  VdecoderForTest::VdecoderForTest(VerilatedContext*, char const*)+0xf1
C  [verilator_642291766835216141.so+0x76a9b]  VdecoderForTest::VdecoderForTest(char const*)+0x2b

Java frames: (J=compiled Java code, j=interpreted, Vv=VM code)
j  wrapper_verilator.VerilatorNative.newHandle_642291766835216141(Ljava/lang/String;Ljava/lang/String;I)J+0
j  wrapper_verilator.VerilatorNative.newHandle(Ljava/lang/String;Ljava/lang/String;I)J+4
j  spinal.sim.VerilatorBackend.instanciate(Ljava/lang/String;I)J+135
j  spinal.core.sim.SpinalSimConfig$$anon$3.newSimRaw(Ljava/lang/String;I)Lspinal/sim/SimRaw;+14
j  spinal.core.sim.SimCompiled.doSimApi(Ljava/lang/String;IZLscala/Function1;)V+47
j  spinal.core.sim.SimCompiled.doSim(Lscala/Function1;)V+23
j  nebula.test.decoder_test$.delayedEndpoint$nebula$test$decoder_test$1()V+22
j  nebula.test.decoder_test$delayedInit$body.apply()Ljava/lang/Object;+4
j  scala.Function0.apply$mcV$sp()V+1
j  scala.Function0.apply$mcV$sp$(Lscala/Function0;)V+1
j  scala.runtime.AbstractFunction0.apply$mcV$sp()V+1
j  scala.App.$anonfun$main$1$adapted(Lscala/Function0;)Ljava/lang/Object;+1
j  scala.App$$Lambda$5+0x00007bcce4036fe0.apply(Ljava/lang/Object;)Ljava/lang/Object;+4
j  scala.collection.immutable.List.foreach(Lscala/Function1;)V+14
j  scala.App.main([Ljava/lang/String;)V+33
j  scala.App.main$(Lscala/App;[Ljava/lang/String;)V+2
j  nebula.test.decoder_test$.main([Ljava/lang/String;)V+2
j  nebula.test.decoder_test.main([Ljava/lang/String;)V+4
v  ~StubRoutines::call_stub

siginfo: si_signo: 11 (SIGSEGV), si_code: 1 (SEGV_MAPERR), si_addr: 0x0000000000000008

Registers:
RAX=0x0000000000000000, RBX=0x00007bcd68b19700, RCX=0x00000000015674c6, RDX=0x0000578f38b23370
RSP=0x00007bcd6f9fdd30, RBP=0x00007bcd6f9fdd40, RSI=0x0000000000000000, RDI=0x00007bcd400f7f10
R8 =0x000b8fd4ed49da32, R9 =0x0000000000000001, R10=0x0000000000000000, R11=0x00007bcd70caa080
R12=0x00007bcd68b19680, R13=0x0000000000000001, R14=0x00007bcd68b18fd8, R15=0x00007bcd68a7dc10
RIP=0x00007bcd4008c89d, EFLAGS=0x0000000000010202, CSGSFS=0x002b000000000033, ERR=0x0000000000000004
  TRAPNO=0x000000000000000e


Register to memory mapping:

RAX=0x0 is NULL
RBX=0x00007bcd68b19700 points into unknown readable memory: 0x00007bcd400fa440 | 40 a4 0f 40 cd 7b 00 00
RCX=0x00000000015674c6 is an unknown value
RDX=0x0000578f38b23370 points into unknown readable memory: 0x0000000000000004 | 04 00 00 00 00 00 00 00
RSP=0x00007bcd6f9fdd30 is pointing into the stack for thread: 0x00007bcd68017300
RBP=0x00007bcd6f9fdd40 is pointing into the stack for thread: 0x00007bcd68017300
RSI=0x0 is NULL
RDI=0x00007bcd400f7f10: <offset 0x000000000009bf10> in /home/mahir/fun/CPU/nebula-risc-v/simWorkspace/decoderForTest/verilator/verilator_642291766835216141.so at 0x00007bcd4005c000
R8 =0x000b8fd4ed49da32 is an unknown value
R9 =0x0000000000000001 is an unknown value
R10=0x0 is NULL
R11=0x00007bcd70caa080 points into unknown readable memory: 0x00000001015674c8 | c8 74 56 01 01 00 00 00
R12=0x00007bcd68b19680 points into unknown readable memory: 0x00007bcd400f77b8 | b8 77 0f 40 cd 7b 00 00
R13=0x0000000000000001 is an unknown value
R14=0x00007bcd68b18fd8 points into unknown readable memory: 0x00007bcd400f76a0 | a0 76 0f 40 cd 7b 00 00
R15=0x00007bcd68a7dc10 points into unknown readable memory: 0x0000000074736574 | 74 65 73 74 00 00 00 00


Top of Stack: (sp=0x00007bcd6f9fdd30)
0x00007bcd6f9fdd30:   0000000000000001 00007bcd400a30cd
0x00007bcd6f9fdd40:   00007bcd6f9fdd60 00007bcd400a3137
0x00007bcd6f9fdd50:   00007bcd400fa440 00007bcd400fa440
0x00007bcd6f9fdd60:   00007bcd6f9fdf40 00007bcd4009c162
0x00007bcd6f9fdd70:   00007bcd68b19680 00007bcd400fa440
0x00007bcd6f9fdd80:   00000000c567faf2 00007bcd400fa440
0x00007bcd6f9fdd90:   9999999999999999 0000000000000000
0x00007bcd6f9fdda0:   2020202020202020 00007bcd400fa440
0x00007bcd6f9fddb0:   00007bcd6f9fdde0 00007bcd4009df6f
0x00007bcd6f9fddc0:   0000000000000000 6dbbb4e7400fa440
0x00007bcd6f9fddd0:   00007bcd6f9fdde0 00007bcd400a3ebf
0x00007bcd6f9fdde0:   00007bcd6f9fde00 00007bcd4008f40e
0x00007bcd6f9fddf0:   0000000000000001 00007bcd68b19700
0x00007bcd6f9fde00:   00007bcd68b19680 0000000000000001
0x00007bcd6f9fde10:   00007bcd68b18fd8 00007bcd68a7dc10
0x00007bcd6f9fde20:   00007bcd6f9fde40 00007bcd400a2bc4
0x00007bcd6f9fde30:   00007bcd6f9fde40 00007bcd400fa440
0x00007bcd6f9fde40:   00007bcd6f9fde60 00007bcd400a2ca0
0x00007bcd6f9fde50:   00007bcd6f9fde70 00007bcd400a2bf3
0x00007bcd6f9fde60:   00007bcd6f9fde80 00007bcd400fa440
0x00007bcd6f9fde70:   00007bcd6f9fde90 00007bcd400a2cc0
0x00007bcd6f9fde80:   00007bcd6f9fdeb0 00007bcd400fa440
0x00007bcd6f9fde90:   00007bcd6f9fdeb0 00007bcd400a2d46
0x00007bcd6f9fdea0:   00007bcd68b19700 00007bcd400fa440
0x00007bcd6f9fdeb0:   00007bcd6f9fded0 00007bcd400a2da9
0x00007bcd6f9fdec0:   00007bcd400fa440 00007bcd6f9fdef0
0x00007bcd6f9fded0:   00007bcd6f9fdf00 00007bcd400d419c
0x00007bcd6f9fdee0:   0000000c00800000 00007bcd400fa440
0x00007bcd6f9fdef0:   00007b01400fa440 00007bcd68b197c0
0x00007bcd6f9fdf00:   00007bcd6f9fdf40 00007bcd400d40c9
0x00007bcd6f9fdf10:   00007bcd68b19680 00007bcd400d5000
0x00007bcd6f9fdf20:   00007bcd400fa440 902a94bfe5479600 

Instructions: (pc=0x00007bcd4008c89d)
0x00007bcd4008c79d:   b8 ff ff ff 25 12 dc 06 00 68 77 04 00 00 e9 70
0x00007bcd4008c7ad:   b8 ff ff ff 25 9a b7 06 00 66 90 ff 25 02 b8 06
0x00007bcd4008c7bd:   00 66 90 48 8d 3d 51 dc 06 00 48 8d 05 4a dc 06
0x00007bcd4008c7cd:   00 48 39 f8 74 15 48 8b 05 d6 b7 06 00 48 85 c0
0x00007bcd4008c7dd:   74 09 ff e0 0f 1f 80 00 00 00 00 c3 0f 1f 80 00
0x00007bcd4008c7ed:   00 00 00 48 8d 3d 21 dc 06 00 48 8d 35 1a dc 06
0x00007bcd4008c7fd:   00 48 29 fe 48 89 f0 48 c1 ee 3f 48 c1 f8 03 48
0x00007bcd4008c80d:   01 c6 48 d1 fe 74 14 48 8b 05 c5 b7 06 00 48 85
0x00007bcd4008c81d:   c0 74 08 ff e0 66 0f 1f 44 00 00 c3 0f 1f 80 00
0x00007bcd4008c82d:   00 00 00 f3 0f 1e fa 80 3d e5 db 06 00 00 75 33
0x00007bcd4008c83d:   55 48 83 3d f2 b6 06 00 00 48 89 e5 74 0d 48 8b
0x00007bcd4008c84d:   3d 6e db 06 00 ff 15 e0 b6 06 00 e8 63 ff ff ff
0x00007bcd4008c85d:   c6 05 bc db 06 00 01 5d c3 66 2e 0f 1f 84 00 00
0x00007bcd4008c86d:   00 00 00 c3 66 66 2e 0f 1f 84 00 00 00 00 00 0f
0x00007bcd4008c87d:   1f 40 00 f3 0f 1e fa e9 67 ff ff ff 52 48 8d 3d
0x00007bcd4008c88d:   7f b6 06 00 e8 4a f4 ff ff 48 8b 80 00 00 00 00
0x00007bcd4008c89d:   48 8b 40 08 48 85 c0 78 07 f2 48 0f 2a c0 eb 15
0x00007bcd4008c8ad:   48 89 c2 83 e0 01 48 d1 ea 48 09 c2 f2 48 0f 2a
0x00007bcd4008c8bd:   c2 f2 0f 58 c0 58 c3 50 89 f2 31 c0 48 89 fe 48
0x00007bcd4008c8cd:   8d 3d 6d 87 04 00 e8 58 b8 ff ff e8 60 03 00 00
0x00007bcd4008c8dd:   be 01 00 00 00 5a 48 89 c7 e9 9d ee 00 00 41 57
0x00007bcd4008c8ed:   41 56 49 89 d6 41 55 41 54 49 89 cc 55 53 48 89
0x00007bcd4008c8fd:   fb 49 63 f8 48 83 ec 18 89 7c 24 0c e8 f2 f2 ff
0x00007bcd4008c90d:   ff 48 8b 03 31 d2 4c 89 f6 48 89 df ff 90 48 05
0x00007bcd4008c91d:   00 00 31 d2 4c 89 e6 48 89 df 49 89 c7 48 8b 03
0x00007bcd4008c92d:   ff 90 48 05 00 00 bf 78 04 00 00 49 89 c5 e8 e0
0x00007bcd4008c93d:   db ff ff 8b 4c 24 0c 4c 89 ea 4c 89 fe 48 89 c7
0x00007bcd4008c94d:   48 89 c5 e8 d7 03 00 00 48 8b 03 4c 89 fa 4c 89
0x00007bcd4008c95d:   f6 48 89 df ff 90 50 05 00 00 48 8b 03 4c 89 ea
0x00007bcd4008c96d:   4c 89 e6 48 89 df ff 90 50 05 00 00 48 83 c4 18
0x00007bcd4008c97d:   48 89 e8 5b 5d 41 5c 41 5d 41 5e 41 5f c3 48 89
0x00007bcd4008c98d:   c3 48 89 ef be 78 04 00 00 e8 25 dc ff ff 48 89 


Stack slot to memory mapping:
stack at sp + 0 slots: 0x0000000000000001 is an unknown value
stack at sp + 1 slots: 0x00007bcd400a30cd: <offset 0x00000000000470cd> in /home/mahir/fun/CPU/nebula-risc-v/simWorkspace/decoderForTest/verilator/verilator_642291766835216141.so at 0x00007bcd4005c000
stack at sp + 2 slots: 0x00007bcd6f9fdd60 is pointing into the stack for thread: 0x00007bcd68017300
stack at sp + 3 slots: 0x00007bcd400a3137: <offset 0x0000000000047137> in /home/mahir/fun/CPU/nebula-risc-v/simWorkspace/decoderForTest/verilator/verilator_642291766835216141.so at 0x00007bcd4005c000
stack at sp + 4 slots: 0x00007bcd400fa440: <offset 0x000000000009e440> in /home/mahir/fun/CPU/nebula-risc-v/simWorkspace/decoderForTest/verilator/verilator_642291766835216141.so at 0x00007bcd4005c000
stack at sp + 5 slots: 0x00007bcd400fa440: <offset 0x000000000009e440> in /home/mahir/fun/CPU/nebula-risc-v/simWorkspace/decoderForTest/verilator/verilator_642291766835216141.so at 0x00007bcd4005c000
stack at sp + 6 slots: 0x00007bcd6f9fdf40 is pointing into the stack for thread: 0x00007bcd68017300
stack at sp + 7 slots: 0x00007bcd4009c162: <offset 0x0000000000040162> in /home/mahir/fun/CPU/nebula-risc-v/simWorkspace/decoderForTest/verilator/verilator_642291766835216141.so at 0x00007bcd4005c000


---------------  P R O C E S S  ---------------

Threads class SMR info:
_java_thread_list=0x00007bcc040a1f70, length=26, elements={
0x00007bcd68017300, 0x00007bcd6816ed20, 0x00007bcd68170120, 0x00007bcd681756c0,
0x00007bcd68176a90, 0x00007bcd68177ec0, 0x00007bcd68179910, 0x00007bcd6817ae60,
0x00007bcd6817c2f0, 0x00007bcd681947f0, 0x00007bcd68198490, 0x00007bcca0001140,
0x00007bcd68199440, 0x00007bcd6819dd50, 0x00007bccac023d90, 0x00007bcc7c0119f0,
0x00007bcc7c012bd0, 0x00007bccac10f9f0, 0x00007bcd685de8c0, 0x00007bcd685c0450,
0x00007bcc6c081690, 0x00007bcc6c082c90, 0x00007bcc0c0021e0, 0x00007bcc04086b90,
0x00007bcc04087da0, 0x00007bcc040a0f60
}

Java Threads: ( => current thread )
=>0x00007bcd68017300 JavaThread "main" [_thread_in_native, id=67288, stack(0x00007bcd6f900000,0x00007bcd6fa00000)]
  0x00007bcd6816ed20 JavaThread "Reference Handler" daemon [_thread_blocked, id=67295, stack(0x00007bcd38def000,0x00007bcd38eef000)]
  0x00007bcd68170120 JavaThread "Finalizer" daemon [_thread_blocked, id=67296, stack(0x00007bcd38cee000,0x00007bcd38dee000)]
  0x00007bcd681756c0 JavaThread "Signal Dispatcher" daemon [_thread_blocked, id=67297, stack(0x00007bcd38900000,0x00007bcd38a00000)]
  0x00007bcd68176a90 JavaThread "Service Thread" daemon [_thread_blocked, id=67298, stack(0x00007bcd387ff000,0x00007bcd388ff000)]
  0x00007bcd68177ec0 JavaThread "Monitor Deflation Thread" daemon [_thread_blocked, id=67299, stack(0x00007bcd386fe000,0x00007bcd387fe000)]
  0x00007bcd68179910 JavaThread "C2 CompilerThread0" daemon [_thread_in_native, id=67300, stack(0x00007bcd385fd000,0x00007bcd386fd000)]
  0x00007bcd6817ae60 JavaThread "C1 CompilerThread0" daemon [_thread_blocked, id=67301, stack(0x00007bcd384fc000,0x00007bcd385fc000)]
  0x00007bcd6817c2f0 JavaThread "Sweeper thread" daemon [_thread_blocked, id=67302, stack(0x00007bcd383fb000,0x00007bcd384fb000)]
  0x00007bcd681947f0 JavaThread "JDWP Transport Listener: dt_socket" daemon [_thread_blocked, id=67303, stack(0x00007bcd382fa000,0x00007bcd383fa000)]
  0x00007bcd68198490 JavaThread "JDWP Event Helper Thread" daemon [_thread_blocked, id=67304, stack(0x00007bcd381f9000,0x00007bcd382f9000)]
  0x00007bcca0001140 JavaThread "JDWP Command Reader" daemon [_thread_in_native, id=67311, stack(0x00007bcd380f8000,0x00007bcd381f8000)]
  0x00007bcd68199440 JavaThread "Notification Thread" daemon [_thread_blocked, id=67314, stack(0x00007bcd2ff00000,0x00007bcd30000000)]
  0x00007bcd6819dd50 JavaThread "Common-Cleaner" daemon [_thread_blocked, id=67316, stack(0x00007bcd2fcfe000,0x00007bcd2fdfe000)]
  0x00007bccac023d90 JavaThread "C1 CompilerThread1" daemon [_thread_blocked, id=67317, stack(0x00007bcd2fbfd000,0x00007bcd2fcfd000)]
  0x00007bcc7c0119f0 JavaThread "C1 CompilerThread2" daemon [_thread_blocked, id=67318, stack(0x00007bcd2fafc000,0x00007bcd2fbfc000)]
  0x00007bcc7c012bd0 JavaThread "C1 CompilerThread3" daemon [_thread_blocked, id=67319, stack(0x00007bcd2f9fb000,0x00007bcd2fafb000)]
  0x00007bccac10f9f0 JavaThread "C2 CompilerThread1" daemon [_thread_blocked, id=67320, stack(0x00007bcd2f8fa000,0x00007bcd2f9fa000)]
  0x00007bcd685de8c0 JavaThread "process reaper" daemon [_thread_blocked, id=67334, stack(0x00007bcd6e1a4000,0x00007bcd6e1c6000)]
  0x00007bcd685c0450 JavaThread "JNA Cleaner" daemon [_thread_blocked, id=67335, stack(0x00007bcd2ecee000,0x00007bcd2edee000)]
  0x00007bcc6c081690 JavaThread "C2 CompilerThread2" daemon [_thread_blocked, id=67338, stack(0x00007bcd2eaec000,0x00007bcd2ebec000)]
  0x00007bcc6c082c90 JavaThread "C2 CompilerThread3" daemon [_thread_in_native, id=67339, stack(0x00007bcd2e700000,0x00007bcd2e800000)]
  0x00007bcc0c0021e0 JavaThread "C2 CompilerThread4" daemon [_thread_blocked, id=67340, stack(0x00007bcd2e5ff000,0x00007bcd2e6ff000)]
  0x00007bcc04086b90 JavaThread "C2 CompilerThread5" daemon [_thread_in_native, id=67363, stack(0x00007bcd2dcf6000,0x00007bcd2ddf6000)]
  0x00007bcc04087da0 JavaThread "C2 CompilerThread6" daemon [_thread_in_native, id=67364, stack(0x00007bcd2dbf5000,0x00007bcd2dcf5000)]
  0x00007bcc040a0f60 JavaThread "C2 CompilerThread7" daemon [_thread_blocked, id=67365, stack(0x00007bcd2daf4000,0x00007bcd2dbf4000)]

Other Threads:
  0x00007bcd6816ad80 VMThread "VM Thread" [stack: 0x00007bcd38ef0000,0x00007bcd38ff0000] [id=67294]
  0x00007bcd6819acb0 WatcherThread [stack: 0x00007bcd2fdff000,0x00007bcd2feff000] [id=67315]
  0x00007bcd680475e0 GCTaskThread "GC Thread#0" [stack: 0x00007bcd6c001000,0x00007bcd6c101000] [id=67289]
  0x00007bccd8007f90 GCTaskThread "GC Thread#1" [stack: 0x00007bcd2f7f9000,0x00007bcd2f8f9000] [id=67321]
  0x00007bccd80089b0 GCTaskThread "GC Thread#2" [stack: 0x00007bcd2f6f8000,0x00007bcd2f7f8000] [id=67322]
  0x00007bccd80093d0 GCTaskThread "GC Thread#3" [stack: 0x00007bcd2f5f7000,0x00007bcd2f6f7000] [id=67323]
  0x00007bccd8009df0 GCTaskThread "GC Thread#4" [stack: 0x00007bcd2f4f6000,0x00007bcd2f5f6000] [id=67324]
  0x00007bccd800a810 GCTaskThread "GC Thread#5" [stack: 0x00007bcd2f3f5000,0x00007bcd2f4f5000] [id=67325]
  0x00007bccd800b260 GCTaskThread "GC Thread#6" [stack: 0x00007bcd2f2f4000,0x00007bcd2f3f4000] [id=67326]
  0x00007bccd800bcb0 GCTaskThread "GC Thread#7" [stack: 0x00007bcd2f1f3000,0x00007bcd2f2f3000] [id=67327]
  0x00007bccd800c700 GCTaskThread "GC Thread#8" [stack: 0x00007bcd2f0f2000,0x00007bcd2f1f2000] [id=67328]
  0x00007bccd800d150 GCTaskThread "GC Thread#9" [stack: 0x00007bcd2eff1000,0x00007bcd2f0f1000] [id=67329]
  0x00007bccd800dbc0 GCTaskThread "GC Thread#10" [stack: 0x00007bcd2eef0000,0x00007bcd2eff0000] [id=67330]
  0x00007bccd800e650 GCTaskThread "GC Thread#11" [stack: 0x00007bcd2edef000,0x00007bcd2eeef000] [id=67331]
  0x00007bccd8012900 GCTaskThread "GC Thread#12" [stack: 0x00007bcd2e4fe000,0x00007bcd2e5fe000] [id=67354]
  0x00007bccd8012d60 GCTaskThread "GC Thread#13" [stack: 0x00007bcd2ebed000,0x00007bcd2eced000] [id=67355]
  0x00007bccd8013270 GCTaskThread "GC Thread#14" [stack: 0x00007bcd2e2fc000,0x00007bcd2e3fc000] [id=67356]
  0x00007bccd8013800 GCTaskThread "GC Thread#15" [stack: 0x00007bcd2e3fd000,0x00007bcd2e4fd000] [id=67357]
  0x00007bccd80164b0 GCTaskThread "GC Thread#16" [stack: 0x00007bcd2e1fb000,0x00007bcd2e2fb000] [id=67358]
  0x00007bcd68058660 ConcurrentGCThread "G1 Main Marker" [stack: 0x00007bcd67f00000,0x00007bcd68000000] [id=67290]
  0x00007bcd680595f0 ConcurrentGCThread "G1 Conc#0" [stack: 0x00007bcd40500000,0x00007bcd40600000] [id=67291]
  0x00007bcd34000ea0 ConcurrentGCThread "G1 Conc#1" [stack: 0x00007bcd2e0fa000,0x00007bcd2e1fa000] [id=67359]
  0x00007bcd34001750 ConcurrentGCThread "G1 Conc#2" [stack: 0x00007bcd2dff9000,0x00007bcd2e0f9000] [id=67360]
  0x00007bcd34002000 ConcurrentGCThread "G1 Conc#3" [stack: 0x00007bcd2def8000,0x00007bcd2dff8000] [id=67361]
  0x00007bcd340028e0 ConcurrentGCThread "G1 Conc#4" [stack: 0x00007bcd2ddf7000,0x00007bcd2def7000] [id=67362]
  0x00007bcd6813a370 ConcurrentGCThread "G1 Refine#0" [stack: 0x00007bcd390f2000,0x00007bcd391f2000] [id=67292]
  0x00007bcd6813b280 ConcurrentGCThread "G1 Service" [stack: 0x00007bcd38ff1000,0x00007bcd390f1000] [id=67293]

Threads with active compile tasks:
C2 CompilerThread3     1508 3721       4       jdk.internal.org.objectweb.asm.SymbolTable::addConstantMemberReference (147 bytes)
C2 CompilerThread5     1508 3878       4       jdk.internal.org.objectweb.asm.MethodWriter::visitInsn (115 bytes)
C2 CompilerThread6     1508 3403       4       jdk.nio.zipfs.ZipFileSystemProvider::readAttributes (9 bytes)

VM state: not at safepoint (normal execution)

VM Mutex/Monitor currently owned by a thread: None

Heap address: 0x000000060bc00000, size: 8004 MB, Compressed Oops mode: Zero based, Oop shift amount: 3

CDS archive(s) mapped at: [0x00007bcce3000000-0x00007bcce3bc7000-0x00007bcce3bc7000), size 12349440, SharedBaseAddress: 0x00007bcce3000000, ArchiveRelocationMode: 1.
Compressed class space mapped at: 0x00007bcce4000000-0x00007bcd24000000, reserved size: 1073741824
Narrow klass base: 0x00007bcce3000000, Narrow klass shift: 0, Narrow klass range: 0x100000000

GC Precious Log:
 CPUs: 24 total, 24 available
 Memory: 32014M
 Large Page Support: Disabled
 NUMA Support: Disabled
 Compressed Oops: Enabled (Zero based)
 Heap Region Size: 4M
 Heap Min Capacity: 8M
 Heap Initial Capacity: 504M
 Heap Max Capacity: 8004M
 Pre-touch: Disabled
 Parallel Workers: 18
 Concurrent Workers: 5
 Concurrent Refinement Workers: 18
 Periodic GC: Disabled

Heap:
 garbage-first heap   total 69632K, used 42838K [0x000000060bc00000, 0x0000000800000000)
  region size 4096K, 10 young (40960K), 1 survivors (4096K)
 Metaspace       used 27075K, committed 27328K, reserved 1114112K
  class space    used 3651K, committed 3776K, reserved 1048576K

Heap Regions: E=young(eden), S=young(survivor), O=old, HS=humongous(starts), HC=humongous(continues), CS=collection set, F=free, OA=open archive, CA=closed archive, TAMS=top-at-mark-start (previous, next)
|   0|0x000000060bc00000, 0x000000060bf60200, 0x000000060c000000| 84%| O|  |TAMS 0x000000060bf60200, 0x000000060bc00000| Complete 
|   1|0x000000060c000000, 0x000000060c000000, 0x000000060c400000|  0%| F|  |TAMS 0x000000060c000000, 0x000000060c000000| Untracked 
|   2|0x000000060c400000, 0x000000060c400000, 0x000000060c800000|  0%| F|  |TAMS 0x000000060c400000, 0x000000060c400000| Untracked 
|   3|0x000000060c800000, 0x000000060c800000, 0x000000060cc00000|  0%| F|  |TAMS 0x000000060c800000, 0x000000060c800000| Untracked 
|   4|0x000000060cc00000, 0x000000060cc00000, 0x000000060d000000|  0%| F|  |TAMS 0x000000060cc00000, 0x000000060cc00000| Untracked 
|   5|0x000000060d000000, 0x000000060d200800, 0x000000060d400000| 50%| E|  |TAMS 0x000000060d000000, 0x000000060d000000| Complete 
|   6|0x000000060d400000, 0x000000060d800000, 0x000000060d800000|100%| E|CS|TAMS 0x000000060d400000, 0x000000060d400000| Complete 
|   7|0x000000060d800000, 0x000000060dc00000, 0x000000060dc00000|100%| E|CS|TAMS 0x000000060d800000, 0x000000060d800000| Complete 
|   8|0x000000060dc00000, 0x000000060e000000, 0x000000060e000000|100%| E|CS|TAMS 0x000000060dc00000, 0x000000060dc00000| Complete 
|   9|0x000000060e000000, 0x000000060e400000, 0x000000060e400000|100%| E|CS|TAMS 0x000000060e000000, 0x000000060e000000| Complete 
|  10|0x000000060e400000, 0x000000060e800000, 0x000000060e800000|100%| E|CS|TAMS 0x000000060e400000, 0x000000060e400000| Complete 
|  11|0x000000060e800000, 0x000000060ec00000, 0x000000060ec00000|100%| E|CS|TAMS 0x000000060e800000, 0x000000060e800000| Complete 
|  12|0x000000060ec00000, 0x000000060f000000, 0x000000060f000000|100%| E|CS|TAMS 0x000000060ec00000, 0x000000060ec00000| Complete 
| 114|0x0000000628400000, 0x00000006286898b0, 0x0000000628800000| 63%| S|CS|TAMS 0x0000000628400000, 0x0000000628400000| Complete 
| 125|0x000000062b000000, 0x000000062b400000, 0x000000062b400000|100%| E|CS|TAMS 0x000000062b000000, 0x000000062b000000| Complete 
|1999|0x00000007ff800000, 0x00000007ffb75000, 0x00000007ffc00000| 86%|OA|  |TAMS 0x00000007ffb75000, 0x00000007ff800000| Untracked 
|2000|0x00000007ffc00000, 0x00000007ffc77000, 0x0000000800000000| 11%|CA|  |TAMS 0x00000007ffc77000, 0x00000007ffc00000| Untracked 

Card table byte_map: [0x00007bcd6c200000,0x00007bcd6d1a2000] _byte_map_base: 0x00007bcd691a2000

Marking Bits (Prev, Next): (CMBitMap*) 0x00007bcd680480c0, (CMBitMap*) 0x00007bcd68048080
 Prev Bits: [0x00007bcd40600000, 0x00007bcd48310000)
 Next Bits: [0x00007bcd48400000, 0x00007bcd50110000)

Polling page: 0x00007bcd70c8f000

Metaspace:

Usage:
  Non-class:     22.87 MB used.
      Class:      3.57 MB used.
       Both:     26.44 MB used.

Virtual space:
  Non-class space:       64.00 MB reserved,      23.00 MB ( 36%) committed,  1 nodes.
      Class space:        1.00 GB reserved,       3.69 MB ( <1%) committed,  1 nodes.
             Both:        1.06 GB reserved,      26.69 MB (  2%) committed. 

Chunk freelists:
   Non-Class:  8.19 MB
       Class:  12.36 MB
        Both:  20.54 MB

MaxMetaspaceSize: unlimited
CompressedClassSpaceSize: 1.00 GB
Initial GC threshold: 21.00 MB
Current GC threshold: 35.31 MB
CDS: on
MetaspaceReclaimPolicy: balanced
 - commit_granule_bytes: 65536.
 - commit_granule_words: 8192.
 - virtual_space_node_default_size: 8388608.
 - enlarge_chunks_in_place: 1.
 - new_chunks_are_fully_committed: 0.
 - uncommit_free_chunks: 1.
 - use_allocation_guard: 0.
 - handle_deallocations: 1.


Internal statistics:

num_allocs_failed_limit: 3.
num_arena_births: 224.
num_arena_deaths: 0.
num_vsnodes_births: 2.
num_vsnodes_deaths: 0.
num_space_committed: 427.
num_space_uncommitted: 0.
num_chunks_returned_to_freelist: 3.
num_chunks_taken_from_freelist: 1115.
num_chunk_merges: 3.
num_chunk_splits: 841.
num_chunks_enlarged: 715.
num_inconsistent_stats: 0.

CodeHeap 'non-profiled nmethods': size=119168Kb used=1599Kb max_used=1599Kb free=117568Kb
 bounds [0x00007bcd58da0000, 0x00007bcd59010000, 0x00007bcd60200000]
CodeHeap 'profiled nmethods': size=119164Kb used=7342Kb max_used=7342Kb free=111821Kb
 bounds [0x00007bcd51200000, 0x00007bcd51930000, 0x00007bcd5865f000]
CodeHeap 'non-nmethods': size=7428Kb used=2987Kb max_used=3052Kb free=4440Kb
 bounds [0x00007bcd5865f000, 0x00007bcd5896f000, 0x00007bcd58da0000]
 total_blobs=4430 nmethods=3875 adapters=465
 compilation: enabled
              stopped_count=0, restarted_count=0
 full_count=0

Compilation events (20 events):
Event: 1.500 Thread 0x00007bcc7c0119f0 nmethod 3861 0x00007bcd51922310 code [0x00007bcd519225e0, 0x00007bcd51923930]
Event: 1.500 Thread 0x00007bcd6817ae60 nmethod 3867 0x00007bcd51924090 code [0x00007bcd51924280, 0x00007bcd51924580]
Event: 1.500 Thread 0x00007bccac023d90 nmethod 3868 0x00007bcd51924710 code [0x00007bcd519248e0, 0x00007bcd51924b80]
Event: 1.501 Thread 0x00007bcd68179910 3869       4       java.lang.String::toLowerCase (29 bytes)
Event: 1.502 Thread 0x00007bcd6817ae60 3870       1       java.lang.AbstractStringBuilder::length (5 bytes)
Event: 1.502 Thread 0x00007bcd6817ae60 nmethod 3870 0x00007bcd58f2e390 code [0x00007bcd58f2e520, 0x00007bcd58f2e5f0]
Event: 1.503 Thread 0x00007bccac023d90 3871       1       scala.collection.immutable.HashMap$HashMap1::hash (5 bytes)
Event: 1.503 Thread 0x00007bccac023d90 nmethod 3871 0x00007bcd58f2e690 code [0x00007bcd58f2e820, 0x00007bcd58f2e8f0]
Event: 1.503 Thread 0x00007bcc7c012bd0 3872       3       scala.collection.immutable.HashMap$HashMapBuilder::addOne (415 bytes)
Event: 1.503 Thread 0x00007bcd6817ae60 3873       3       scala.collection.immutable.AbstractMap::<init> (21 bytes)
Event: 1.503 Thread 0x00007bccac023d90 3874       3       scala.collection.immutable.MapLike::$init$ (1 bytes)
Event: 1.503 Thread 0x00007bcc7c0119f0 3875       3       scala.collection.immutable.Map::$init$ (1 bytes)
Event: 1.503 Thread 0x00007bccac023d90 nmethod 3874 0x00007bcd51924d10 code [0x00007bcd51924ea0, 0x00007bcd51924f90]
Event: 1.503 Thread 0x00007bccac023d90 3876       3       scala.collection.immutable.HashMap::<init> (9 bytes)
Event: 1.503 Thread 0x00007bcc7c0119f0 nmethod 3875 0x00007bcd51925010 code [0x00007bcd519251a0, 0x00007bcd51925290]
Event: 1.503 Thread 0x00007bcc7c0119f0 3877       1       scala.collection.immutable.HashMap$HashMap1::size (2 bytes)
Event: 1.504 Thread 0x00007bcc7c0119f0 nmethod 3877 0x00007bcd58f2e990 code [0x00007bcd58f2eb20, 0x00007bcd58f2ebf0]
Event: 1.504 Thread 0x00007bcc04086b90 3878       4       jdk.internal.org.objectweb.asm.MethodWriter::visitInsn (115 bytes)
Event: 1.504 Thread 0x00007bcd6817ae60 nmethod 3873 0x00007bcd51925310 code [0x00007bcd51925520, 0x00007bcd51925b60]
Event: 1.504 Thread 0x00007bccac023d90 nmethod 3876 0x00007bcd51925e10 code [0x00007bcd51926040, 0x00007bcd51926740]

GC Heap History (6 events):
Event: 0.791 GC heap before
{Heap before GC invocations=0 (full 0):
 garbage-first heap   total 524288K, used 24496K [0x000000060bc00000, 0x0000000800000000)
  region size 4096K, 6 young (24576K), 0 survivors (0K)
 Metaspace       used 7561K, committed 7616K, reserved 1114112K
  class space    used 946K, committed 960K, reserved 1048576K
}
Event: 0.796 GC heap after
{Heap after GC invocations=1 (full 0):
 garbage-first heap   total 524288K, used 7855K [0x000000060bc00000, 0x0000000800000000)
  region size 4096K, 1 young (4096K), 1 survivors (4096K)
 Metaspace       used 7561K, committed 7616K, reserved 1114112K
  class space    used 946K, committed 960K, reserved 1048576K
}
Event: 0.966 GC heap before
{Heap before GC invocations=1 (full 0):
 garbage-first heap   total 524288K, used 36527K [0x000000060bc00000, 0x0000000800000000)
  region size 4096K, 8 young (32768K), 1 survivors (4096K)
 Metaspace       used 13128K, committed 13248K, reserved 1114112K
  class space    used 1610K, committed 1664K, reserved 1048576K
}
Event: 0.970 GC heap after
{Heap after GC invocations=2 (full 0):
 garbage-first heap   total 524288K, used 8739K [0x000000060bc00000, 0x0000000800000000)
  region size 4096K, 1 young (4096K), 1 survivors (4096K)
 Metaspace       used 13128K, committed 13248K, reserved 1114112K
  class space    used 1610K, committed 1664K, reserved 1048576K
}
Event: 1.276 GC heap before
{Heap before GC invocations=2 (full 0):
 garbage-first heap   total 524288K, used 45603K [0x000000060bc00000, 0x0000000800000000)
  region size 4096K, 11 young (45056K), 1 survivors (4096K)
 Metaspace       used 21274K, committed 21504K, reserved 1114112K
  class space    used 2956K, committed 3072K, reserved 1048576K
}
Event: 1.281 GC heap after
{Heap after GC invocations=3 (full 0):
 garbage-first heap   total 524288K, used 10070K [0x000000060bc00000, 0x0000000800000000)
  region size 4096K, 1 young (4096K), 1 survivors (4096K)
 Metaspace       used 21274K, committed 21504K, reserved 1114112K
  class space    used 2956K, committed 3072K, reserved 1048576K
}

Dll operation events (8 events):
Event: 0.001 Loaded shared library /usr/lib/jvm/java-17-openjdk/lib/libjava.so
Event: 0.011 Loaded shared library /usr/lib/jvm/java-17-openjdk/lib/libjsvml.so
Event: 0.593 Loaded shared library /usr/lib/jvm/java-17-openjdk/lib/libnio.so
Event: 0.597 Loaded shared library /usr/lib/jvm/java-17-openjdk/lib/libzip.so
Event: 0.624 Loaded shared library /usr/lib/jvm/java-17-openjdk/lib/libjimage.so
Event: 0.849 Loaded shared library /home/mahir/.cache/JNA/temp/jna16416618658766376510.tmp
Event: 0.876 Loaded shared library /usr/lib/jvm/java-17-openjdk/lib/libnet.so
Event: 1.502 Loaded shared library /home/mahir/fun/CPU/nebula-risc-v/simWorkspace/decoderForTest/verilator/verilator_642291766835216141.so

Deoptimization events (20 events):
Event: 1.457 Thread 0x00007bcd68017300 DEOPT PACKING pc=0x00007bcd512a9adc sp=0x00007bcd6f9fb5a0
Event: 1.457 Thread 0x00007bcd68017300 DEOPT UNPACKING pc=0x00007bcd586b5e2f sp=0x00007bcd6f9faa78 mode 1
Event: 1.458 Thread 0x00007bcd68017300 DEOPT PACKING pc=0x00007bcd512ab5a4 sp=0x00007bcd6f9fb810
Event: 1.458 Thread 0x00007bcd68017300 DEOPT UNPACKING pc=0x00007bcd586b5e2f sp=0x00007bcd6f9facc8 mode 1
Event: 1.458 Thread 0x00007bcd68017300 DEOPT PACKING pc=0x00007bcd512a9adc sp=0x00007bcd6f9fb8e0
Event: 1.458 Thread 0x00007bcd68017300 DEOPT UNPACKING pc=0x00007bcd586b5e2f sp=0x00007bcd6f9fadb8 mode 1
Event: 1.458 Thread 0x00007bcd68017300 DEOPT PACKING pc=0x00007bcd512ab5a4 sp=0x00007bcd6f9fb8e0
Event: 1.458 Thread 0x00007bcd68017300 DEOPT UNPACKING pc=0x00007bcd586b5e2f sp=0x00007bcd6f9fad98 mode 1
Event: 1.458 Thread 0x00007bcd68017300 DEOPT PACKING pc=0x00007bcd512a9adc sp=0x00007bcd6f9fb9b0
Event: 1.458 Thread 0x00007bcd68017300 DEOPT UNPACKING pc=0x00007bcd586b5e2f sp=0x00007bcd6f9fae88 mode 1
Event: 1.487 Thread 0x00007bcd68017300 Uncommon trap: trap_request=0xffffffc6 fr.pc=0x00007bcd58ee2cb0 relative=0x0000000000001490
Event: 1.487 Thread 0x00007bcd68017300 Uncommon trap: reason=bimorphic_or_optimized_type_check action=maybe_recompile pc=0x00007bcd58ee2cb0 method=java.util.HashMap.putVal(ILjava/lang/Object;Ljava/lang/Object;ZZ)Ljava/lang/Object; @ 56 c2
Event: 1.487 Thread 0x00007bcd68017300 DEOPT PACKING pc=0x00007bcd58ee2cb0 sp=0x00007bcd6f9fd780
Event: 1.487 Thread 0x00007bcd68017300 DEOPT UNPACKING pc=0x00007bcd586b5699 sp=0x00007bcd6f9fd728 mode 2
Event: 1.501 Thread 0x00007bcd68017300 DEOPT PACKING pc=0x00007bcd512ab5a4 sp=0x00007bcd6f9fda80
Event: 1.501 Thread 0x00007bcd68017300 DEOPT UNPACKING pc=0x00007bcd586b5e2f sp=0x00007bcd6f9fcf50 mode 1
Event: 1.501 Thread 0x00007bcd68017300 Uncommon trap: trap_request=0xffffffde fr.pc=0x00007bcd58dfb7a0 relative=0x00000000000011e0
Event: 1.501 Thread 0x00007bcd68017300 Uncommon trap: reason=class_check action=maybe_recompile pc=0x00007bcd58dfb7a0 method=jdk.internal.loader.URLClassPath.getLoader(I)Ljdk/internal/loader/URLClassPath$Loader; @ 88 c2
Event: 1.501 Thread 0x00007bcd68017300 DEOPT PACKING pc=0x00007bcd58dfb7a0 sp=0x00007bcd6f9fd7c0
Event: 1.501 Thread 0x00007bcd68017300 DEOPT UNPACKING pc=0x00007bcd586b5699 sp=0x00007bcd6f9fd800 mode 2

Classes loaded (20 events):
Event: 1.500 Loading class java/util/EnumMap$EnumMapIterator done
Event: 1.500 Loading class java/util/EnumMap$ValueIterator done
Event: 1.501 Loading class java/util/WeakHashMap$KeyIterator
Event: 1.501 Loading class java/util/WeakHashMap$HashIterator
Event: 1.501 Loading class java/util/WeakHashMap$HashIterator done
Event: 1.501 Loading class java/util/WeakHashMap$KeyIterator done
Event: 1.501 Loading class java/net/URLClassLoader$1
Event: 1.501 Loading class java/net/URLClassLoader$1 done
Event: 1.501 Loading class java/io/FilePermission$1
Event: 1.501 Loading class jdk/internal/access/JavaIOFilePermissionAccess
Event: 1.501 Loading class jdk/internal/access/JavaIOFilePermissionAccess done
Event: 1.501 Loading class java/io/FilePermission$1 done
Event: 1.501 Loading class java/io/FilePermissionCollection
Event: 1.501 Loading class java/io/FilePermissionCollection done
Event: 1.501 Loading class java/util/Vector
Event: 1.501 Loading class java/util/Vector done
Event: 1.501 Loading class java/io/FilePermissionCollection$1
Event: 1.501 Loading class java/io/FilePermissionCollection$1 done
Event: 1.502 Loading class jdk/internal/loader/NativeLibraries$Unloader
Event: 1.502 Loading class jdk/internal/loader/NativeLibraries$Unloader done

Classes unloaded (0 events):
No events

Classes redefined (0 events):
No events

Internal exceptions (20 events):
Event: 1.256 Thread 0x00007bcd68017300 Exception <a 'java/lang/NoSuchMethodError'{0x0000000628d84030}: 'java.lang.Object java.lang.invoke.DirectMethodHandle$Holder.invokeVirtual(java.lang.Object, java.lang.Object, java.lang.Object)'> (0x0000000628d84030) 
thrown [/usr/src/debug/java17-openjdk/jdk17u-jdk-17.0.12-7/src/hotspot/share/interpreter/linkResolver.cpp, line 758]
Event: 1.257 Thread 0x00007bcd68017300 Exception <a 'java/lang/NoSuchMethodError'{0x0000000628d8de40}: 'int java.lang.invoke.DirectMethodHandle$Holder.invokeInterface(java.lang.Object, java.lang.Object)'> (0x0000000628d8de40) 
thrown [/usr/src/debug/java17-openjdk/jdk17u-jdk-17.0.12-7/src/hotspot/share/interpreter/linkResolver.cpp, line 758]
Event: 1.262 Thread 0x00007bcd68017300 Exception <a 'sun/nio/fs/UnixException'{0x0000000628902d70}> (0x0000000628902d70) 
thrown [/usr/src/debug/java17-openjdk/jdk17u-jdk-17.0.12-7/src/hotspot/share/prims/jni.cpp, line 516]
Event: 1.262 Thread 0x00007bcd68017300 Exception <a 'sun/nio/fs/UnixException'{0x00000006289034e8}> (0x00000006289034e8) 
thrown [/usr/src/debug/java17-openjdk/jdk17u-jdk-17.0.12-7/src/hotspot/share/prims/jni.cpp, line 516]
Event: 1.265 Thread 0x00007bcd68017300 Exception <a 'java/lang/NoSuchMethodError'{0x000000062896c148}: 'int java.lang.invoke.DirectMethodHandle$Holder.invokeVirtual(java.lang.Object, java.lang.Object, java.lang.Object)'> (0x000000062896c148) 
thrown [/usr/src/debug/java17-openjdk/jdk17u-jdk-17.0.12-7/src/hotspot/share/interpreter/linkResolver.cpp, line 758]
Event: 1.265 Thread 0x00007bcd68017300 Exception <a 'java/lang/NoSuchMethodError'{0x0000000628972920}: 'void java.lang.invoke.DirectMethodHandle$Holder.invokeInterface(java.lang.Object, java.lang.Object, java.lang.Object)'> (0x0000000628972920) 
thrown [/usr/src/debug/java17-openjdk/jdk17u-jdk-17.0.12-7/src/hotspot/share/interpreter/linkResolver.cpp, line 758]
Event: 1.298 Thread 0x00007bcd68017300 Exception <a 'java/lang/NoSuchMethodError'{0x000000062b090908}: 'int java.lang.invoke.DirectMethodHandle$Holder.invokeStaticInit(java.lang.Object, java.lang.Object)'> (0x000000062b090908) 
thrown [/usr/src/debug/java17-openjdk/jdk17u-jdk-17.0.12-7/src/hotspot/share/interpreter/linkResolver.cpp, line 758]
Event: 1.361 Thread 0x00007bcd68017300 Exception <a 'java/lang/NoSuchMethodError'{0x000000060ecf2278}: 'int java.lang.invoke.DirectMethodHandle$Holder.invokeSpecial(java.lang.Object, java.lang.Object, java.lang.Object, java.lang.Object)'> (0x000000060ecf2278) 
thrown [/usr/src/debug/java17-openjdk/jdk17u-jdk-17.0.12-7/src/hotspot/share/interpreter/linkResolver.cpp, line 758]
Event: 1.362 Thread 0x00007bcd68017300 Exception <a 'java/lang/NoSuchMethodError'{0x000000060ed030f0}: 'java.lang.Object java.lang.invoke.DirectMethodHandle$Holder.invokeVirtual(java.lang.Object, java.lang.Object, java.lang.Object, int, int)'> (0x000000060ed030f0) 
thrown [/usr/src/debug/java17-openjdk/jdk17u-jdk-17.0.12-7/src/hotspot/share/interpreter/linkResolver.cpp, line 758]
Event: 1.362 Thread 0x00007bcd68017300 Exception <a 'java/lang/NoSuchMethodError'{0x000000060ed09980}: 'java.lang.Object java.lang.invoke.DirectMethodHandle$Holder.invokeVirtual(java.lang.Object, java.lang.Object, int)'> (0x000000060ed09980) 
thrown [/usr/src/debug/java17-openjdk/jdk17u-jdk-17.0.12-7/src/hotspot/share/interpreter/linkResolver.cpp, line 758]
Event: 1.370 Thread 0x00007bcd68017300 Exception <a 'java/lang/NoSuchMethodError'{0x000000060edbab98}: 'void java.lang.invoke.DirectMethodHandle$Holder.invokeSpecial(java.lang.Object, java.lang.Object, java.lang.Object, java.lang.Object, java.lang.Object, java.lang.Object)'> (0x000000060edbab98) 
thrown [/usr/src/debug/java17-openjdk/jdk17u-jdk-17.0.12-7/src/hotspot/share/interpreter/linkResolver.cpp, line 758]
Event: 1.396 Thread 0x00007bcd68017300 Implicit null exception at 0x00007bcd58e9f2ac to 0x00007bcd58e9f3ce
Event: 1.422 Thread 0x00007bcd68017300 Exception <a 'sun/nio/fs/UnixException'{0x000000060dc9b490}> (0x000000060dc9b490) 
thrown [/usr/src/debug/java17-openjdk/jdk17u-jdk-17.0.12-7/src/hotspot/share/prims/jni.cpp, line 516]
Event: 1.422 Thread 0x00007bcd68017300 Exception <a 'sun/nio/fs/UnixException'{0x000000060dc9bbc0}> (0x000000060dc9bbc0) 
thrown [/usr/src/debug/java17-openjdk/jdk17u-jdk-17.0.12-7/src/hotspot/share/prims/jni.cpp, line 516]
Event: 1.422 Thread 0x00007bcd68017300 Exception <a 'sun/nio/fs/UnixException'{0x000000060dc9c1d8}> (0x000000060dc9c1d8) 
thrown [/usr/src/debug/java17-openjdk/jdk17u-jdk-17.0.12-7/src/hotspot/share/prims/jni.cpp, line 516]
Event: 1.422 Thread 0x00007bcd68017300 Exception <a 'sun/nio/fs/UnixException'{0x000000060dc9c908}> (0x000000060dc9c908) 
thrown [/usr/src/debug/java17-openjdk/jdk17u-jdk-17.0.12-7/src/hotspot/share/prims/jni.cpp, line 516]
Event: 1.424 Thread 0x00007bcd68017300 Exception <a 'java/lang/NoSuchMethodError'{0x000000060dcc1a28}: 'void java.lang.invoke.DirectMethodHandle$Holder.invokeSpecial(java.lang.Object, java.lang.Object, java.lang.Object, java.lang.Object, java.lang.Object)'> (0x000000060dcc1a28) 
thrown [/usr/src/debug/java17-openjdk/jdk17u-jdk-17.0.12-7/src/hotspot/share/interpreter/linkResolver.cpp, line 758]
Event: 1.447 Thread 0x00007bcd68017300 Exception <a 'java/lang/NoSuchMethodError'{0x000000060d9bcc18}: 'int java.lang.invoke.DirectMethodHandle$Holder.invokeSpecial(java.lang.Object, java.lang.Object, java.lang.Object)'> (0x000000060d9bcc18) 
thrown [/usr/src/debug/java17-openjdk/jdk17u-jdk-17.0.12-7/src/hotspot/share/interpreter/linkResolver.cpp, line 758]
Event: 1.451 Thread 0x00007bcd68017300 Exception <a 'java/lang/NoSuchMethodError'{0x000000060d403240}: 'java.lang.Object java.lang.invoke.DirectMethodHandle$Holder.invokeStatic(java.lang.Object, java.lang.Object, int, int)'> (0x000000060d403240) 
thrown [/usr/src/debug/java17-openjdk/jdk17u-jdk-17.0.12-7/src/hotspot/share/interpreter/linkResolver.cpp, line 758]
Event: 1.460 Thread 0x00007bcd68017300 Exception <a 'java/lang/NoSuchMethodError'{0x000000060d49f980}: 'java.lang.Object java.lang.invoke.DirectMethodHandle$Holder.invokeInterface(java.lang.Object, java.lang.Object)'> (0x000000060d49f980) 
thrown [/usr/src/debug/java17-openjdk/jdk17u-jdk-17.0.12-7/src/hotspot/share/interpreter/linkResolver.cpp, line 758]

VM Operations (20 events):
Event: 1.284 Executing VM operation: G1PauseRemark
Event: 1.285 Executing VM operation: G1PauseRemark done
Event: 1.286 Executing VM operation: G1PauseCleanup
Event: 1.286 Executing VM operation: G1PauseCleanup done
Event: 1.328 Executing VM operation: HandshakeAllThreads
Event: 1.328 Executing VM operation: HandshakeAllThreads done
Event: 1.328 Executing VM operation: HandshakeAllThreads
Event: 1.328 Executing VM operation: HandshakeAllThreads done
Event: 1.350 Executing VM operation: HandshakeAllThreads
Event: 1.350 Executing VM operation: HandshakeAllThreads done
Event: 1.350 Executing VM operation: HandshakeAllThreads
Event: 1.350 Executing VM operation: HandshakeAllThreads done
Event: 1.447 Executing VM operation: ICBufferFull
Event: 1.448 Executing VM operation: ICBufferFull done
Event: 1.454 Executing VM operation: HandshakeAllThreads
Event: 1.454 Executing VM operation: HandshakeAllThreads done
Event: 1.486 Executing VM operation: HandshakeAllThreads
Event: 1.486 Executing VM operation: HandshakeAllThreads done
Event: 1.500 Executing VM operation: ICBufferFull
Event: 1.500 Executing VM operation: ICBufferFull done

Events (20 events):
Event: 1.127 Thread 0x00007bcd68698270 Thread exited: 0x00007bcd68698270
Event: 1.178 Thread 0x00007bcd687194b0 Thread added: 0x00007bcd687194b0
Event: 1.178 Protecting memory [0x00007bcd2ebed000,0x00007bcd2ebf1000] with protection modes 0
Event: 1.178 Thread 0x00007bcd68719c80 Thread added: 0x00007bcd68719c80
Event: 1.178 Thread 0x00007bcd687194b0 Thread exited: 0x00007bcd687194b0
Event: 1.178 Protecting memory [0x00007bcd2e3fd000,0x00007bcd2e401000] with protection modes 0
Event: 1.178 Thread 0x00007bcd687194b0 Thread added: 0x00007bcd687194b0
Event: 1.178 Protecting memory [0x00007bcd2e2fc000,0x00007bcd2e300000] with protection modes 0
Event: 1.179 Thread 0x00007bcd6871a900 Thread added: 0x00007bcd6871a900
Event: 1.179 Protecting memory [0x00007bcd2ebed000,0x00007bcd2ebf1000] with protection modes 0
Event: 1.224 Thread 0x00007bcd68719c80 Thread exited: 0x00007bcd68719c80
Event: 1.224 Thread 0x00007bcd687194b0 Thread exited: 0x00007bcd687194b0
Event: 1.225 Thread 0x00007bcd6871a900 Thread exited: 0x00007bcd6871a900
Event: 1.276 Thread 0x00007bcc0c0033e0 Thread exited: 0x00007bcc0c0033e0
Event: 1.409 Thread 0x00007bcc04086b90 Thread added: 0x00007bcc04086b90
Event: 1.409 Protecting memory [0x00007bcd2dcf6000,0x00007bcd2dcfa000] with protection modes 0
Event: 1.409 Thread 0x00007bcc04087da0 Thread added: 0x00007bcc04087da0
Event: 1.409 Protecting memory [0x00007bcd2dbf5000,0x00007bcd2dbf9000] with protection modes 0
Event: 1.409 Thread 0x00007bcc040a0f60 Thread added: 0x00007bcc040a0f60
Event: 1.410 Protecting memory [0x00007bcd2daf4000,0x00007bcd2daf8000] with protection modes 0


Dynamic libraries:
60bc00000-60f000000 rw-p 00000000 00:00 0 
60f000000-628400000 ---p 00000000 00:00 0 
628400000-628800000 rw-p 00000000 00:00 0 
628800000-62b000000 ---p 00000000 00:00 0 
62b000000-62b400000 rw-p 00000000 00:00 0 
62b400000-7ff800000 ---p 00000000 00:00 0 
7ff800000-7ffb00000 rw-p 00000000 00:00 0 
7ffb00000-7ffb75000 rw-p 00c76000 103:02 53110622                        /usr/lib/jvm/java-17-openjdk/lib/server/classes.jsa
7ffb75000-7ffc00000 rw-p 00000000 00:00 0 
7ffc00000-7ffc77000 rw-p 00bff000 103:02 53110622                        /usr/lib/jvm/java-17-openjdk/lib/server/classes.jsa
7ffc77000-800000000 rw-p 00000000 00:00 0 
578f2e070000-578f2e071000 r--p 00000000 103:02 52695525                  /usr/lib/jvm/java-17-openjdk/bin/java
578f2e071000-578f2e072000 r-xp 00001000 103:02 52695525                  /usr/lib/jvm/java-17-openjdk/bin/java
578f2e072000-578f2e073000 r--p 00002000 103:02 52695525                  /usr/lib/jvm/java-17-openjdk/bin/java
578f2e073000-578f2e074000 r--p 00002000 103:02 52695525                  /usr/lib/jvm/java-17-openjdk/bin/java
578f2e074000-578f2e075000 rw-p 00003000 103:02 52695525                  /usr/lib/jvm/java-17-openjdk/bin/java
578f38af8000-578f38b40000 rw-p 00000000 00:00 0                          [heap]
7bcbc4000000-7bcbc453d000 rw-p 00000000 00:00 0 
7bcbc453d000-7bcbc8000000 ---p 00000000 00:00 0 
7bcbc8000000-7bcbc8878000 rw-p 00000000 00:00 0 
7bcbc8878000-7bcbcc000000 ---p 00000000 00:00 0 
7bcbd0000000-7bcbd04fe000 rw-p 00000000 00:00 0 
7bcbd04fe000-7bcbd4000000 ---p 00000000 00:00 0 
7bcbd4000000-7bcbd4021000 rw-p 00000000 00:00 0 
7bcbd4021000-7bcbd8000000 ---p 00000000 00:00 0 
7bcbdc000000-7bcbdc021000 rw-p 00000000 00:00 0 
7bcbdc021000-7bcbe0000000 ---p 00000000 00:00 0 
7bcbe0000000-7bcbe0021000 rw-p 00000000 00:00 0 
7bcbe0021000-7bcbe4000000 ---p 00000000 00:00 0 
7bcbe8000000-7bcbe8021000 rw-p 00000000 00:00 0 
7bcbe8021000-7bcbec000000 ---p 00000000 00:00 0 
7bcbec000000-7bcbec021000 rw-p 00000000 00:00 0 
7bcbec021000-7bcbf0000000 ---p 00000000 00:00 0 
7bcbf4000000-7bcbf4021000 rw-p 00000000 00:00 0 
7bcbf4021000-7bcbf8000000 ---p 00000000 00:00 0 
7bcbf8000000-7bcbf8021000 rw-p 00000000 00:00 0 
7bcbf8021000-7bcbfc000000 ---p 00000000 00:00 0 
7bcc00000000-7bcc00169000 rw-p 00000000 00:00 0 
7bcc00169000-7bcc04000000 ---p 00000000 00:00 0 
7bcc04000000-7bcc047ef000 rw-p 00000000 00:00 0 
7bcc047ef000-7bcc08000000 ---p 00000000 00:00 0 
7bcc0c000000-7bcc0c639000 rw-p 00000000 00:00 0 
7bcc0c639000-7bcc10000000 ---p 00000000 00:00 0 
7bcc10000000-7bcc10ca2000 rw-p 00000000 00:00 0 
7bcc10ca2000-7bcc14000000 ---p 00000000 00:00 0 
7bcc18000000-7bcc180bf000 rw-p 00000000 00:00 0 
7bcc180bf000-7bcc1c000000 ---p 00000000 00:00 0 
7bcc1c000000-7bcc1c021000 rw-p 00000000 00:00 0 
7bcc1c021000-7bcc20000000 ---p 00000000 00:00 0 
7bcc24000000-7bcc24021000 rw-p 00000000 00:00 0 
7bcc24021000-7bcc28000000 ---p 00000000 00:00 0 
7bcc28000000-7bcc28021000 rw-p 00000000 00:00 0 
7bcc28021000-7bcc2c000000 ---p 00000000 00:00 0 
7bcc30000000-7bcc30021000 rw-p 00000000 00:00 0 
7bcc30021000-7bcc34000000 ---p 00000000 00:00 0 
7bcc34000000-7bcc34021000 rw-p 00000000 00:00 0 
7bcc34021000-7bcc38000000 ---p 00000000 00:00 0 
7bcc3c000000-7bcc3c021000 rw-p 00000000 00:00 0 
7bcc3c021000-7bcc40000000 ---p 00000000 00:00 0 
7bcc40000000-7bcc40021000 rw-p 00000000 00:00 0 
7bcc40021000-7bcc44000000 ---p 00000000 00:00 0 
7bcc48000000-7bcc48021000 rw-p 00000000 00:00 0 
7bcc48021000-7bcc4c000000 ---p 00000000 00:00 0 
7bcc4c000000-7bcc4c021000 rw-p 00000000 00:00 0 
7bcc4c021000-7bcc50000000 ---p 00000000 00:00 0 
7bcc54000000-7bcc54021000 rw-p 00000000 00:00 0 
7bcc54021000-7bcc58000000 ---p 00000000 00:00 0 
7bcc58000000-7bcc58021000 rw-p 00000000 00:00 0 
7bcc58021000-7bcc5c000000 ---p 00000000 00:00 0 
7bcc60000000-7bcc60021000 rw-p 00000000 00:00 0 
7bcc60021000-7bcc64000000 ---p 00000000 00:00 0 
7bcc64000000-7bcc64021000 rw-p 00000000 00:00 0 
7bcc64021000-7bcc68000000 ---p 00000000 00:00 0 
7bcc6c000000-7bcc6c605000 rw-p 00000000 00:00 0 
7bcc6c605000-7bcc70000000 ---p 00000000 00:00 0 
7bcc70000000-7bcc70357000 rw-p 00000000 00:00 0 
7bcc70357000-7bcc74000000 ---p 00000000 00:00 0 
7bcc78000000-7bcc78249000 rw-p 00000000 00:00 0 
7bcc78249000-7bcc7c000000 ---p 00000000 00:00 0 
7bcc7c000000-7bcc7c32e000 rw-p 00000000 00:00 0 
7bcc7c32e000-7bcc80000000 ---p 00000000 00:00 0 
7bcc84000000-7bcc84021000 rw-p 00000000 00:00 0 
7bcc84021000-7bcc88000000 ---p 00000000 00:00 0 
7bcc88000000-7bcc88021000 rw-p 00000000 00:00 0 
7bcc88021000-7bcc8c000000 ---p 00000000 00:00 0 
7bcc90000000-7bcc90021000 rw-p 00000000 00:00 0 
7bcc90021000-7bcc94000000 ---p 00000000 00:00 0 
7bcc94000000-7bcc94021000 rw-p 00000000 00:00 0 
7bcc94021000-7bcc98000000 ---p 00000000 00:00 0 
7bcc9c000000-7bcc9c073000 rw-p 00000000 00:00 0 
7bcc9c073000-7bcca0000000 ---p 00000000 00:00 0 
7bcca0000000-7bcca0021000 rw-p 00000000 00:00 0 
7bcca0021000-7bcca4000000 ---p 00000000 00:00 0 
7bcca8000000-7bcca8021000 rw-p 00000000 00:00 0 
7bcca8021000-7bccac000000 ---p 00000000 00:00 0 
7bccac000000-7bccac472000 rw-p 00000000 00:00 0 
7bccac472000-7bccb0000000 ---p 00000000 00:00 0 
7bccb4000000-7bccb4a04000 rw-p 00000000 00:00 0 
7bccb4a04000-7bccb8000000 ---p 00000000 00:00 0 
7bccb8000000-7bccb8021000 rw-p 00000000 00:00 0 
7bccb8021000-7bccbc000000 ---p 00000000 00:00 0 
7bccc0000000-7bccc0021000 rw-p 00000000 00:00 0 
7bccc0021000-7bccc4000000 ---p 00000000 00:00 0 
7bccc4000000-7bccc4021000 rw-p 00000000 00:00 0 
7bccc4021000-7bccc8000000 ---p 00000000 00:00 0 
7bcccc000000-7bcccc021000 rw-p 00000000 00:00 0 
7bcccc021000-7bccd0000000 ---p 00000000 00:00 0 
7bccd0000000-7bccd0021000 rw-p 00000000 00:00 0 
7bccd0021000-7bccd4000000 ---p 00000000 00:00 0 
7bccd8000000-7bccd8021000 rw-p 00000000 00:00 0 
7bccd8021000-7bccdc000000 ---p 00000000 00:00 0 
7bccdf000000-7bccdf3f0000 rw-p 00000000 00:00 0 
7bccdf3f0000-7bcce0630000 rw-p 00000000 00:00 0 
7bcce0630000-7bcce0700000 ---p 00000000 00:00 0 
7bcce0700000-7bcce07d0000 rw-p 00000000 00:00 0 
7bcce07d0000-7bcce3000000 ---p 00000000 00:00 0 
7bcce3000000-7bcce3bc7000 rw-p 00001000 103:02 53110622                  /usr/lib/jvm/java-17-openjdk/lib/server/classes.jsa
7bcce3bc7000-7bcce4000000 ---p 00000000 00:00 0 
7bcce4000000-7bcce4030000 rw-p 00000000 00:00 0 
7bcce4030000-7bcce4070000 rw-p 00000000 00:00 0 
7bcce4070000-7bcce4270000 rw-p 00000000 00:00 0 
7bcce4270000-7bcce43b0000 rw-p 00000000 00:00 0 
7bcce43b0000-7bcd24000000 ---p 00000000 00:00 0 
7bcd24000000-7bcd24021000 rw-p 00000000 00:00 0 
7bcd24021000-7bcd28000000 ---p 00000000 00:00 0 
7bcd28000000-7bcd28021000 rw-p 00000000 00:00 0 
7bcd28021000-7bcd2c000000 ---p 00000000 00:00 0 
7bcd2d800000-7bcd2da1d000 rw-p 00000000 00:00 0 
7bcd2daf3000-7bcd2daf4000 ---p 00000000 00:00 0 
7bcd2daf4000-7bcd2daf8000 ---p 00000000 00:00 0 
7bcd2daf8000-7bcd2dbf4000 rw-p 00000000 00:00 0 
7bcd2dbf4000-7bcd2dbf5000 ---p 00000000 00:00 0 
7bcd2dbf5000-7bcd2dbf9000 ---p 00000000 00:00 0 
7bcd2dbf9000-7bcd2dcf5000 rw-p 00000000 00:00 0 
7bcd2dcf5000-7bcd2dcf6000 ---p 00000000 00:00 0 
7bcd2dcf6000-7bcd2dcfa000 ---p 00000000 00:00 0 
7bcd2dcfa000-7bcd2ddf6000 rw-p 00000000 00:00 0 
7bcd2ddf6000-7bcd2ddf7000 ---p 00000000 00:00 0 
7bcd2ddf7000-7bcd2def7000 rw-p 00000000 00:00 0 
7bcd2def7000-7bcd2def8000 ---p 00000000 00:00 0 
7bcd2def8000-7bcd2dff8000 rw-p 00000000 00:00 0 
7bcd2dff8000-7bcd2dff9000 ---p 00000000 00:00 0 
7bcd2dff9000-7bcd2e0f9000 rw-p 00000000 00:00 0 
7bcd2e0f9000-7bcd2e0fa000 ---p 00000000 00:00 0 
7bcd2e0fa000-7bcd2e1fa000 rw-p 00000000 00:00 0 
7bcd2e1fa000-7bcd2e1fb000 ---p 00000000 00:00 0 
7bcd2e1fb000-7bcd2e2fb000 rw-p 00000000 00:00 0 
7bcd2e2fb000-7bcd2e2fc000 ---p 00000000 00:00 0 
7bcd2e2fc000-7bcd2e300000 ---p 00000000 00:00 0 
7bcd2e300000-7bcd2e3fc000 rw-p 00000000 00:00 0 
7bcd2e3fc000-7bcd2e3fd000 ---p 00000000 00:00 0 
7bcd2e3fd000-7bcd2e401000 ---p 00000000 00:00 0 
7bcd2e401000-7bcd2e4fd000 rw-p 00000000 00:00 0 
7bcd2e4fd000-7bcd2e4fe000 ---p 00000000 00:00 0 
7bcd2e4fe000-7bcd2e502000 ---p 00000000 00:00 0 
7bcd2e502000-7bcd2e5fe000 rw-p 00000000 00:00 0 
7bcd2e5fe000-7bcd2e5ff000 ---p 00000000 00:00 0 
7bcd2e5ff000-7bcd2e603000 ---p 00000000 00:00 0 
7bcd2e603000-7bcd2e6ff000 rw-p 00000000 00:00 0 
7bcd2e6ff000-7bcd2e700000 ---p 00000000 00:00 0 
7bcd2e700000-7bcd2e704000 ---p 00000000 00:00 0 
7bcd2e704000-7bcd2e800000 rw-p 00000000 00:00 0 
7bcd2e800000-7bcd2e81e000 r-xp 00000000 103:02 10494020                  /home/mahir/.cache/JNA/temp/jna16416618658766376510.tmp (deleted)
7bcd2e81e000-7bcd2ea1d000 ---p 0001e000 103:02 10494020                  /home/mahir/.cache/JNA/temp/jna16416618658766376510.tmp (deleted)
7bcd2ea1d000-7bcd2ea1e000 rw-p 0001d000 103:02 10494020                  /home/mahir/.cache/JNA/temp/jna16416618658766376510.tmp (deleted)
7bcd2ea1e000-7bcd2ea1f000 rw-p 00000000 00:00 0 
7bcd2eaeb000-7bcd2eaec000 ---p 00000000 00:00 0 
7bcd2eaec000-7bcd2eaf0000 ---p 00000000 00:00 0 
7bcd2eaf0000-7bcd2ebec000 rw-p 00000000 00:00 0 
7bcd2ebec000-7bcd2ebed000 ---p 00000000 00:00 0 
7bcd2ebed000-7bcd2ebf1000 ---p 00000000 00:00 0 
7bcd2ebf1000-7bcd2eced000 rw-p 00000000 00:00 0 
7bcd2eced000-7bcd2ecee000 ---p 00000000 00:00 0 
7bcd2ecee000-7bcd2ecf2000 ---p 00000000 00:00 0 
7bcd2ecf2000-7bcd2edee000 rw-p 00000000 00:00 0 
7bcd2edee000-7bcd2edef000 ---p 00000000 00:00 0 
7bcd2edef000-7bcd2eeef000 rw-p 00000000 00:00 0 
7bcd2eeef000-7bcd2eef0000 ---p 00000000 00:00 0 
7bcd2eef0000-7bcd2eff0000 rw-p 00000000 00:00 0 
7bcd2eff0000-7bcd2eff1000 ---p 00000000 00:00 0 
7bcd2eff1000-7bcd2f0f1000 rw-p 00000000 00:00 0 
7bcd2f0f1000-7bcd2f0f2000 ---p 00000000 00:00 0 
7bcd2f0f2000-7bcd2f1f2000 rw-p 00000000 00:00 0 
7bcd2f1f2000-7bcd2f1f3000 ---p 00000000 00:00 0 
7bcd2f1f3000-7bcd2f2f3000 rw-p 00000000 00:00 0 
7bcd2f2f3000-7bcd2f2f4000 ---p 00000000 00:00 0 
7bcd2f2f4000-7bcd2f3f4000 rw-p 00000000 00:00 0 
7bcd2f3f4000-7bcd2f3f5000 ---p 00000000 00:00 0 
7bcd2f3f5000-7bcd2f4f5000 rw-p 00000000 00:00 0 
7bcd2f4f5000-7bcd2f4f6000 ---p 00000000 00:00 0 
7bcd2f4f6000-7bcd2f5f6000 rw-p 00000000 00:00 0 
7bcd2f5f6000-7bcd2f5f7000 ---p 00000000 00:00 0 
7bcd2f5f7000-7bcd2f6f7000 rw-p 00000000 00:00 0 
7bcd2f6f7000-7bcd2f6f8000 ---p 00000000 00:00 0 
7bcd2f6f8000-7bcd2f7f8000 rw-p 00000000 00:00 0 
7bcd2f7f8000-7bcd2f7f9000 ---p 00000000 00:00 0 
7bcd2f7f9000-7bcd2f8f9000 rw-p 00000000 00:00 0 
7bcd2f8f9000-7bcd2f8fa000 ---p 00000000 00:00 0 
7bcd2f8fa000-7bcd2f8fe000 ---p 00000000 00:00 0 
7bcd2f8fe000-7bcd2f9fa000 rw-p 00000000 00:00 0 
7bcd2f9fa000-7bcd2f9fb000 ---p 00000000 00:00 0 
7bcd2f9fb000-7bcd2f9ff000 ---p 00000000 00:00 0 
7bcd2f9ff000-7bcd2fafb000 rw-p 00000000 00:00 0 
7bcd2fafb000-7bcd2fafc000 ---p 00000000 00:00 0 
7bcd2fafc000-7bcd2fb00000 ---p 00000000 00:00 0 
7bcd2fb00000-7bcd2fbfc000 rw-p 00000000 00:00 0 
7bcd2fbfc000-7bcd2fbfd000 ---p 00000000 00:00 0 
7bcd2fbfd000-7bcd2fc01000 ---p 00000000 00:00 0 
7bcd2fc01000-7bcd2fcfd000 rw-p 00000000 00:00 0 
7bcd2fcfd000-7bcd2fcfe000 ---p 00000000 00:00 0 
7bcd2fcfe000-7bcd2fd02000 ---p 00000000 00:00 0 
7bcd2fd02000-7bcd2fdfe000 rw-p 00000000 00:00 0 
7bcd2fdfe000-7bcd2fdff000 ---p 00000000 00:00 0 
7bcd2fdff000-7bcd2feff000 rw-p 00000000 00:00 0 
7bcd2feff000-7bcd2ff00000 ---p 00000000 00:00 0 
7bcd2ff00000-7bcd2ff04000 ---p 00000000 00:00 0 
7bcd2ff04000-7bcd30000000 rw-p 00000000 00:00 0 
7bcd30000000-7bcd30021000 rw-p 00000000 00:00 0 
7bcd30021000-7bcd34000000 ---p 00000000 00:00 0 
7bcd34000000-7bcd34021000 rw-p 00000000 00:00 0 
7bcd34021000-7bcd38000000 ---p 00000000 00:00 0 
7bcd380f7000-7bcd380f8000 ---p 00000000 00:00 0 
7bcd380f8000-7bcd380fc000 ---p 00000000 00:00 0 
7bcd380fc000-7bcd381f8000 rw-p 00000000 00:00 0 
7bcd381f8000-7bcd381f9000 ---p 00000000 00:00 0 
7bcd381f9000-7bcd381fd000 ---p 00000000 00:00 0 
7bcd381fd000-7bcd382f9000 rw-p 00000000 00:00 0 
7bcd382f9000-7bcd382fa000 ---p 00000000 00:00 0 
7bcd382fa000-7bcd382fe000 ---p 00000000 00:00 0 
7bcd382fe000-7bcd383fa000 rw-p 00000000 00:00 0 
7bcd383fa000-7bcd383fb000 ---p 00000000 00:00 0 
7bcd383fb000-7bcd383ff000 ---p 00000000 00:00 0 
7bcd383ff000-7bcd384fb000 rw-p 00000000 00:00 0 
7bcd384fb000-7bcd384fc000 ---p 00000000 00:00 0 
7bcd384fc000-7bcd38500000 ---p 00000000 00:00 0 
7bcd38500000-7bcd385fc000 rw-p 00000000 00:00 0 
7bcd385fc000-7bcd385fd000 ---p 00000000 00:00 0 
7bcd385fd000-7bcd38601000 ---p 00000000 00:00 0 
7bcd38601000-7bcd386fd000 rw-p 00000000 00:00 0 
7bcd386fd000-7bcd386fe000 ---p 00000000 00:00 0 
7bcd386fe000-7bcd38702000 ---p 00000000 00:00 0 
7bcd38702000-7bcd387fe000 rw-p 00000000 00:00 0 
7bcd387fe000-7bcd387ff000 ---p 00000000 00:00 0 
7bcd387ff000-7bcd38803000 ---p 00000000 00:00 0 
7bcd38803000-7bcd388ff000 rw-p 00000000 00:00 0 
7bcd388ff000-7bcd38900000 ---p 00000000 00:00 0 
7bcd38900000-7bcd38904000 ---p 00000000 00:00 0 
7bcd38904000-7bcd38a00000 rw-p 00000000 00:00 0 
7bcd38a00000-7bcd38cec000 r--p 00000000 103:02 51747550                  /usr/lib/locale/locale-archive
7bcd38ced000-7bcd38cee000 ---p 00000000 00:00 0 
7bcd38cee000-7bcd38cf2000 ---p 00000000 00:00 0 
7bcd38cf2000-7bcd38dee000 rw-p 00000000 00:00 0 
7bcd38dee000-7bcd38def000 ---p 00000000 00:00 0 
7bcd38def000-7bcd38df3000 ---p 00000000 00:00 0 
7bcd38df3000-7bcd38eef000 rw-p 00000000 00:00 0 
7bcd38eef000-7bcd38ef0000 ---p 00000000 00:00 0 
7bcd38ef0000-7bcd38ff0000 rw-p 00000000 00:00 0 
7bcd38ff0000-7bcd38ff1000 ---p 00000000 00:00 0 
7bcd38ff1000-7bcd390f1000 rw-p 00000000 00:00 0 
7bcd390f1000-7bcd390f2000 ---p 00000000 00:00 0 
7bcd390f2000-7bcd391f2000 rw-p 00000000 00:00 0 
7bcd391f2000-7bcd3c021000 rw-p 00000000 00:00 0 
7bcd3c021000-7bcd40000000 ---p 00000000 00:00 0 
7bcd4005c000-7bcd40088000 r--p 00000000 103:02 11142012                  /home/mahir/fun/CPU/nebula-risc-v/simWorkspace/decoderForTest/verilator/verilator_642291766835216141.so
7bcd40088000-7bcd400d5000 r-xp 0002c000 103:02 11142012                  /home/mahir/fun/CPU/nebula-risc-v/simWorkspace/decoderForTest/verilator/verilator_642291766835216141.so
7bcd400d5000-7bcd400f7000 r--p 00079000 103:02 11142012                  /home/mahir/fun/CPU/nebula-risc-v/simWorkspace/decoderForTest/verilator/verilator_642291766835216141.so
7bcd400f7000-7bcd400f8000 r--p 0009b000 103:02 11142012                  /home/mahir/fun/CPU/nebula-risc-v/simWorkspace/decoderForTest/verilator/verilator_642291766835216141.so
7bcd400f8000-7bcd400fb000 rw-p 0009c000 103:02 11142012                  /home/mahir/fun/CPU/nebula-risc-v/simWorkspace/decoderForTest/verilator/verilator_642291766835216141.so
7bcd400fb000-7bcd404ff000 rw-p 00000000 00:00 0 
7bcd404ff000-7bcd40500000 ---p 00000000 00:00 0 
7bcd40500000-7bcd40600000 rw-p 00000000 00:00 0 
7bcd40600000-7bcd406d0000 rw-p 00000000 00:00 0 
7bcd406d0000-7bcd40d20000 ---p 00000000 00:00 0 
7bcd40d20000-7bcd40d30000 rw-p 00000000 00:00 0 
7bcd40d30000-7bcd40dd0000 ---p 00000000 00:00 0 
7bcd40dd0000-7bcd40de0000 rw-p 00000000 00:00 0 
7bcd40de0000-7bcd482f0000 ---p 00000000 00:00 0 
7bcd482f0000-7bcd48310000 rw-p 00000000 00:00 0 
7bcd4832f000-7bcd48334000 r--p 00000000 103:02 52695778                  /usr/lib/jvm/java-17-openjdk/lib/libjsvml.so
7bcd48334000-7bcd48375000 r-xp 00005000 103:02 52695778                  /usr/lib/jvm/java-17-openjdk/lib/libjsvml.so
7bcd48375000-7bcd483fe000 r--p 00046000 103:02 52695778                  /usr/lib/jvm/java-17-openjdk/lib/libjsvml.so
7bcd483fe000-7bcd483ff000 r--p 000ce000 103:02 52695778                  /usr/lib/jvm/java-17-openjdk/lib/libjsvml.so
7bcd483ff000-7bcd48400000 rw-p 000cf000 103:02 52695778                  /usr/lib/jvm/java-17-openjdk/lib/libjsvml.so
7bcd48400000-7bcd484d0000 rw-p 00000000 00:00 0 
7bcd484d0000-7bcd48b20000 ---p 00000000 00:00 0 
7bcd48b20000-7bcd48b30000 rw-p 00000000 00:00 0 
7bcd48b30000-7bcd48bd0000 ---p 00000000 00:00 0 
7bcd48bd0000-7bcd48be0000 rw-p 00000000 00:00 0 
7bcd48be0000-7bcd500f0000 ---p 00000000 00:00 0 
7bcd500f0000-7bcd50110000 rw-p 00000000 00:00 0 
7bcd50139000-7bcd5013e000 r--p 00000000 103:02 51658536                  /usr/lib/libudev.so.1.7.9
7bcd5013e000-7bcd50165000 r-xp 00005000 103:02 51658536                  /usr/lib/libudev.so.1.7.9
7bcd50165000-7bcd50179000 r--p 0002c000 103:02 51658536                  /usr/lib/libudev.so.1.7.9
7bcd50179000-7bcd5017e000 r--p 0003f000 103:02 51658536                  /usr/lib/libudev.so.1.7.9
7bcd5017e000-7bcd5017f000 rw-p 00044000 103:02 51658536                  /usr/lib/libudev.so.1.7.9
7bcd5017f000-7bcd5021a000 rw-p 00000000 00:00 0 
7bcd5021a000-7bcd502e4000 ---p 00000000 00:00 0 
7bcd502e4000-7bcd502e6000 rw-p 00000000 00:00 0 
7bcd502e6000-7bcd502fa000 ---p 00000000 00:00 0 
7bcd502fa000-7bcd502fc000 rw-p 00000000 00:00 0 
7bcd502fc000-7bcd5119e000 ---p 00000000 00:00 0 
7bcd5119e000-7bcd511a2000 rw-p 00000000 00:00 0 
7bcd51200000-7bcd51930000 rwxp 00000000 00:00 0 
7bcd51930000-7bcd5865f000 ---p 00000000 00:00 0 
7bcd5865f000-7bcd5896f000 rwxp 00000000 00:00 0 
7bcd5896f000-7bcd58da0000 ---p 00000000 00:00 0 
7bcd58da0000-7bcd59010000 rwxp 00000000 00:00 0 
7bcd59010000-7bcd60200000 ---p 00000000 00:00 0 
7bcd60200000-7bcd67e67000 r--s 00000000 103:02 52695794                  /usr/lib/jvm/java-17-openjdk/lib/modules
7bcd67e73000-7bcd67eff000 rw-p 00000000 00:00 0 
7bcd67eff000-7bcd67f00000 ---p 00000000 00:00 0 
7bcd67f00000-7bcd68000000 rw-p 00000000 00:00 0 
7bcd68000000-7bcd68da7000 rw-p 00000000 00:00 0 
7bcd68da7000-7bcd6c000000 ---p 00000000 00:00 0 
7bcd6c000000-7bcd6c001000 ---p 00000000 00:00 0 
7bcd6c001000-7bcd6c101000 rw-p 00000000 00:00 0 
7bcd6c101000-7bcd6c21a000 rw-p 00000000 00:00 0 
7bcd6c21a000-7bcd6c2e4000 ---p 00000000 00:00 0 
7bcd6c2e4000-7bcd6c2e6000 rw-p 00000000 00:00 0 
7bcd6c2e6000-7bcd6c2fa000 ---p 00000000 00:00 0 
7bcd6c2fa000-7bcd6c2fc000 rw-p 00000000 00:00 0 
7bcd6c2fc000-7bcd6d19e000 ---p 00000000 00:00 0 
7bcd6d19e000-7bcd6d1a2000 rw-p 00000000 00:00 0 
7bcd6d1b4000-7bcd6d1b6000 r--p 00000000 103:02 51646544                  /usr/lib/libatomic.so.1.2.0
7bcd6d1b6000-7bcd6d1ba000 r-xp 00002000 103:02 51646544                  /usr/lib/libatomic.so.1.2.0
7bcd6d1ba000-7bcd6d1bc000 r--p 00006000 103:02 51646544                  /usr/lib/libatomic.so.1.2.0
7bcd6d1bc000-7bcd6d1bd000 r--p 00007000 103:02 51646544                  /usr/lib/libatomic.so.1.2.0
7bcd6d1bd000-7bcd6d1be000 rw-p 00008000 103:02 51646544                  /usr/lib/libatomic.so.1.2.0
7bcd6d1be000-7bcd6d21a000 rw-p 00000000 00:00 0 
7bcd6d21a000-7bcd6d2e4000 ---p 00000000 00:00 0 
7bcd6d2e4000-7bcd6d2e6000 rw-p 00000000 00:00 0 
7bcd6d2e6000-7bcd6d2fa000 ---p 00000000 00:00 0 
7bcd6d2fa000-7bcd6d2fc000 rw-p 00000000 00:00 0 
7bcd6d2fc000-7bcd6e19e000 ---p 00000000 00:00 0 
7bcd6e19e000-7bcd6e1a2000 rw-p 00000000 00:00 0 
7bcd6e1a3000-7bcd6e1a4000 ---p 00000000 00:00 0 
7bcd6e1a4000-7bcd6e1a8000 ---p 00000000 00:00 0 
7bcd6e1a8000-7bcd6e1c6000 rw-p 00000000 00:00 0 
7bcd6e1c6000-7bcd6e1ca000 r--p 00000000 103:02 52695784                  /usr/lib/jvm/java-17-openjdk/lib/libnet.so
7bcd6e1ca000-7bcd6e1d8000 r-xp 00004000 103:02 52695784                  /usr/lib/jvm/java-17-openjdk/lib/libnet.so
7bcd6e1d8000-7bcd6e1db000 r--p 00012000 103:02 52695784                  /usr/lib/jvm/java-17-openjdk/lib/libnet.so
7bcd6e1db000-7bcd6e1dc000 r--p 00015000 103:02 52695784                  /usr/lib/jvm/java-17-openjdk/lib/libnet.so
7bcd6e1dc000-7bcd6e1dd000 rw-p 00016000 103:02 52695784                  /usr/lib/jvm/java-17-openjdk/lib/libnet.so
7bcd6e1dd000-7bcd6f433000 rw-p 00000000 00:00 0 
7bcd6f433000-7bcd6f517000 ---p 00000000 00:00 0 
7bcd6f517000-7bcd6f526000 rw-p 00000000 00:00 0 
7bcd6f526000-7bcd6f600000 ---p 00000000 00:00 0 
7bcd6f600000-7bcd6f697000 r--p 00000000 103:02 51708318                  /usr/lib/libstdc++.so.6.0.33
7bcd6f697000-7bcd6f7e4000 r-xp 00097000 103:02 51708318                  /usr/lib/libstdc++.so.6.0.33
7bcd6f7e4000-7bcd6f874000 r--p 001e4000 103:02 51708318                  /usr/lib/libstdc++.so.6.0.33
7bcd6f874000-7bcd6f881000 r--p 00274000 103:02 51708318                  /usr/lib/libstdc++.so.6.0.33
7bcd6f881000-7bcd6f882000 rw-p 00281000 103:02 51708318                  /usr/lib/libstdc++.so.6.0.33
7bcd6f882000-7bcd6f886000 rw-p 00000000 00:00 0 
7bcd6f886000-7bcd6f889000 r--p 00000000 103:02 51656976                  /usr/lib/libcap.so.2.70
7bcd6f889000-7bcd6f88e000 r-xp 00003000 103:02 51656976                  /usr/lib/libcap.so.2.70
7bcd6f88e000-7bcd6f890000 r--p 00008000 103:02 51656976                  /usr/lib/libcap.so.2.70
7bcd6f890000-7bcd6f891000 r--p 00009000 103:02 51656976                  /usr/lib/libcap.so.2.70
7bcd6f891000-7bcd6f892000 rw-p 0000a000 103:02 51656976                  /usr/lib/libcap.so.2.70
7bcd6f892000-7bcd6f894000 r--p 00000000 103:02 52695793                  /usr/lib/jvm/java-17-openjdk/lib/libzip.so
7bcd6f894000-7bcd6f898000 r-xp 00002000 103:02 52695793                  /usr/lib/jvm/java-17-openjdk/lib/libzip.so
7bcd6f898000-7bcd6f89a000 r--p 00006000 103:02 52695793                  /usr/lib/jvm/java-17-openjdk/lib/libzip.so
7bcd6f89a000-7bcd6f89b000 r--p 00007000 103:02 52695793                  /usr/lib/jvm/java-17-openjdk/lib/libzip.so
7bcd6f89b000-7bcd6f89c000 rw-p 00008000 103:02 52695793                  /usr/lib/jvm/java-17-openjdk/lib/libzip.so
7bcd6f89c000-7bcd6f8a3000 r--p 00000000 103:02 52695785                  /usr/lib/jvm/java-17-openjdk/lib/libnio.so
7bcd6f8a3000-7bcd6f8ac000 r-xp 00007000 103:02 52695785                  /usr/lib/jvm/java-17-openjdk/lib/libnio.so
7bcd6f8ac000-7bcd6f8b1000 r--p 00010000 103:02 52695785                  /usr/lib/jvm/java-17-openjdk/lib/libnio.so
7bcd6f8b1000-7bcd6f8b2000 r--p 00014000 103:02 52695785                  /usr/lib/jvm/java-17-openjdk/lib/libnio.so
7bcd6f8b2000-7bcd6f8b3000 rw-p 00015000 103:02 52695785                  /usr/lib/jvm/java-17-openjdk/lib/libnio.so
7bcd6f8b3000-7bcd6f8b4000 r--p 00000000 103:02 52695762                  /usr/lib/jvm/java-17-openjdk/lib/libdt_socket.so
7bcd6f8b4000-7bcd6f8b7000 r-xp 00001000 103:02 52695762                  /usr/lib/jvm/java-17-openjdk/lib/libdt_socket.so
7bcd6f8b7000-7bcd6f8b8000 r--p 00004000 103:02 52695762                  /usr/lib/jvm/java-17-openjdk/lib/libdt_socket.so
7bcd6f8b8000-7bcd6f8b9000 r--p 00004000 103:02 52695762                  /usr/lib/jvm/java-17-openjdk/lib/libdt_socket.so
7bcd6f8b9000-7bcd6f8ba000 rw-p 00005000 103:02 52695762                  /usr/lib/jvm/java-17-openjdk/lib/libdt_socket.so
7bcd6f8ba000-7bcd6f8c1000 r--s 00000000 103:02 51747551                  /usr/lib/gconv/gconv-modules.cache
7bcd6f8c1000-7bcd6f900000 rw-p 00000000 00:00 0 
7bcd6f900000-7bcd6f904000 ---p 00000000 00:00 0 
7bcd6f904000-7bcd6fa00000 rw-p 00000000 00:00 0 
7bcd6fa00000-7bcd6fa0d000 r--p 00000000 103:02 53110626                  /usr/lib/jvm/java-17-openjdk/lib/server/libjvm.so
7bcd6fa0d000-7bcd705f4000 r-xp 0000d000 103:02 53110626                  /usr/lib/jvm/java-17-openjdk/lib/server/libjvm.so
7bcd705f4000-7bcd707a4000 r--p 00bf4000 103:02 53110626                  /usr/lib/jvm/java-17-openjdk/lib/server/libjvm.so
7bcd707a4000-7bcd70859000 r--p 00da4000 103:02 53110626                  /usr/lib/jvm/java-17-openjdk/lib/server/libjvm.so
7bcd70859000-7bcd70889000 rw-p 00e59000 103:02 53110626                  /usr/lib/jvm/java-17-openjdk/lib/server/libjvm.so
7bcd70889000-7bcd708e2000 rw-p 00000000 00:00 0 
7bcd708e3000-7bcd708e5000 r--p 00000000 103:02 52695773                  /usr/lib/jvm/java-17-openjdk/lib/libjdwp.so
7bcd708e5000-7bcd70917000 r-xp 00002000 103:02 52695773                  /usr/lib/jvm/java-17-openjdk/lib/libjdwp.so
7bcd70917000-7bcd70923000 r--p 00034000 103:02 52695773                  /usr/lib/jvm/java-17-openjdk/lib/libjdwp.so
7bcd70923000-7bcd70924000 r--p 00040000 103:02 52695773                  /usr/lib/jvm/java-17-openjdk/lib/libjdwp.so
7bcd70924000-7bcd70925000 rw-p 00041000 103:02 52695773                  /usr/lib/jvm/java-17-openjdk/lib/libjdwp.so
7bcd70925000-7bcd70926000 rw-p 00000000 00:00 0 
7bcd70926000-7bcd7092a000 r--p 00000000 103:02 51646549                  /usr/lib/libgcc_s.so.1
7bcd7092a000-7bcd7094e000 r-xp 00004000 103:02 51646549                  /usr/lib/libgcc_s.so.1
7bcd7094e000-7bcd70952000 r--p 00028000 103:02 51646549                  /usr/lib/libgcc_s.so.1
7bcd70952000-7bcd70953000 r--p 0002b000 103:02 51646549                  /usr/lib/libgcc_s.so.1
7bcd70953000-7bcd70954000 rw-p 0002c000 103:02 51646549                  /usr/lib/libgcc_s.so.1
7bcd70954000-7bcd70962000 r--p 00000000 103:02 51645846                  /usr/lib/libm.so.6
7bcd70962000-7bcd709e5000 r-xp 0000e000 103:02 51645846                  /usr/lib/libm.so.6
7bcd709e5000-7bcd70a41000 r--p 00091000 103:02 51645846                  /usr/lib/libm.so.6
7bcd70a41000-7bcd70a42000 r--p 000ec000 103:02 51645846                  /usr/lib/libm.so.6
7bcd70a42000-7bcd70a43000 rw-p 000ed000 103:02 51645846                  /usr/lib/libm.so.6
7bcd70a43000-7bcd70a46000 rw-p 00000000 00:00 0 
7bcd70a46000-7bcd70a49000 r--p 00000000 103:02 51656591                  /usr/lib/libz.so.1.3.1
7bcd70a49000-7bcd70a57000 r-xp 00003000 103:02 51656591                  /usr/lib/libz.so.1.3.1
7bcd70a57000-7bcd70a5d000 r--p 00011000 103:02 51656591                  /usr/lib/libz.so.1.3.1
7bcd70a5d000-7bcd70a5e000 r--p 00017000 103:02 51656591                  /usr/lib/libz.so.1.3.1
7bcd70a5e000-7bcd70a5f000 rw-p 00018000 103:02 51656591                  /usr/lib/libz.so.1.3.1
7bcd70a5f000-7bcd70a83000 r--p 00000000 103:02 51645820                  /usr/lib/libc.so.6
7bcd70a83000-7bcd70bf4000 r-xp 00024000 103:02 51645820                  /usr/lib/libc.so.6
7bcd70bf4000-7bcd70c42000 r--p 00195000 103:02 51645820                  /usr/lib/libc.so.6
7bcd70c42000-7bcd70c46000 r--p 001e3000 103:02 51645820                  /usr/lib/libc.so.6
7bcd70c46000-7bcd70c48000 rw-p 001e7000 103:02 51645820                  /usr/lib/libc.so.6
7bcd70c48000-7bcd70c50000 rw-p 00000000 00:00 0 
7bcd70c55000-7bcd70c5c000 rw-p 00000000 00:00 0 
7bcd70c5c000-7bcd70c64000 ---p 00000000 00:00 0 
7bcd70c64000-7bcd70c6e000 r--p 00000000 103:02 52695770                  /usr/lib/jvm/java-17-openjdk/lib/libjava.so
7bcd70c6e000-7bcd70c7f000 r-xp 0000a000 103:02 52695770                  /usr/lib/jvm/java-17-openjdk/lib/libjava.so
7bcd70c7f000-7bcd70c84000 r--p 0001b000 103:02 52695770                  /usr/lib/jvm/java-17-openjdk/lib/libjava.so
7bcd70c84000-7bcd70c85000 r--p 00020000 103:02 52695770                  /usr/lib/jvm/java-17-openjdk/lib/libjava.so
7bcd70c85000-7bcd70c86000 rw-p 00021000 103:02 52695770                  /usr/lib/jvm/java-17-openjdk/lib/libjava.so
7bcd70c86000-7bcd70c87000 rw-p 00000000 00:00 0 
7bcd70c87000-7bcd70c8f000 rw-s 00000000 00:2a 5087                       /tmp/hsperfdata_mahir/67285
7bcd70c8f000-7bcd70c90000 ---p 00000000 00:00 0 
7bcd70c90000-7bcd70c91000 r--p 00000000 00:00 0 
7bcd70c91000-7bcd70c92000 ---p 00000000 00:00 0 
7bcd70c92000-7bcd70c93000 r--p 00000000 103:02 52695774                  /usr/lib/jvm/java-17-openjdk/lib/libjimage.so
7bcd70c93000-7bcd70c95000 r-xp 00001000 103:02 52695774                  /usr/lib/jvm/java-17-openjdk/lib/libjimage.so
7bcd70c95000-7bcd70c96000 r--p 00003000 103:02 52695774                  /usr/lib/jvm/java-17-openjdk/lib/libjimage.so
7bcd70c96000-7bcd70c97000 r--p 00003000 103:02 52695774                  /usr/lib/jvm/java-17-openjdk/lib/libjimage.so
7bcd70c97000-7bcd70c98000 rw-p 00004000 103:02 52695774                  /usr/lib/jvm/java-17-openjdk/lib/libjimage.so
7bcd70c98000-7bcd70c9a000 r--p 00000000 103:02 52695775                  /usr/lib/jvm/java-17-openjdk/lib/libjli.so
7bcd70c9a000-7bcd70ca3000 r-xp 00002000 103:02 52695775                  /usr/lib/jvm/java-17-openjdk/lib/libjli.so
7bcd70ca3000-7bcd70ca6000 r--p 0000b000 103:02 52695775                  /usr/lib/jvm/java-17-openjdk/lib/libjli.so
7bcd70ca6000-7bcd70ca7000 r--p 0000d000 103:02 52695775                  /usr/lib/jvm/java-17-openjdk/lib/libjli.so
7bcd70ca7000-7bcd70ca8000 rw-p 0000e000 103:02 52695775                  /usr/lib/jvm/java-17-openjdk/lib/libjli.so
7bcd70ca8000-7bcd70caa000 rw-p 00000000 00:00 0 
7bcd70caa000-7bcd70cae000 r--p 00000000 00:00 0                          [vvar]
7bcd70cae000-7bcd70cb0000 r-xp 00000000 00:00 0                          [vdso]
7bcd70cb0000-7bcd70cb1000 r--p 00000000 103:02 51645765                  /usr/lib/ld-linux-x86-64.so.2
7bcd70cb1000-7bcd70cda000 r-xp 00001000 103:02 51645765                  /usr/lib/ld-linux-x86-64.so.2
7bcd70cda000-7bcd70ce4000 r--p 0002a000 103:02 51645765                  /usr/lib/ld-linux-x86-64.so.2
7bcd70ce4000-7bcd70ce6000 r--p 00034000 103:02 51645765                  /usr/lib/ld-linux-x86-64.so.2
7bcd70ce6000-7bcd70ce8000 rw-p 00036000 103:02 51645765                  /usr/lib/ld-linux-x86-64.so.2
7fffdb780000-7fffdb7a2000 rw-p 00000000 00:00 0                          [stack]
ffffffffff600000-ffffffffff601000 --xp 00000000 00:00 0                  [vsyscall]


VM Arguments:
jvm_args: -agentlib:jdwp=transport=dt_socket,server=y,suspend=y,quiet=n -Duser.dir=/home/mahir/fun/CPU/nebula-risc-v 
java_command: nebula.test.decoder_test
java_class_path (initial): /home/mahir/fun/CPU/nebula-risc-v/.bloop/cpusc/bloop-bsp-clients-classes/classes-Metals-96ll_c8UT9GX0UjRk4aIhw==:/home/mahir/fun/CPU/nebula-risc-v/.bloop/cpusc/scala-2.12/classes:/home/mahir/.cache/coursier/v1/https/repo1.maven.org/maven2/org/scala-lang/scala-library/2.12.18/scala-library-2.12.18.jar:/home/mahir/.cache/coursier/v1/https/repo1.maven.org/maven2/com/github/spinalhdl/spinalhdl-core_2.12/1.10.1/spinalhdl-core_2.12-1.10.1.jar:/home/mahir/.cache/coursier/v1/https/repo1.maven.org/maven2/com/github/spinalhdl/spinalhdl-lib_2.12/1.10.1/spinalhdl-lib_2.12-1.10.1.jar:/home/mahir/.cache/coursier/v1/https/repo1.maven.org/maven2/com/github/spinalhdl/spinalhdl-idsl-plugin_2.12/1.10.1/spinalhdl-idsl-plugin_2.12-1.10.1.jar:/home/mahir/.cache/coursier/v1/https/repo1.maven.org/maven2/com/github/spinalhdl/spinalhdl-sim_2.12/1.10.1/spinalhdl-sim_2.12-1.10.1.jar:/home/mahir/.cache/coursier/v1/https/repo1.maven.org/maven2/org/scalactic/scalactic_2.12/3.2.10/scalactic_2.12-3.2.10.jar:/home/mahir/.cache/coursier/v1/https/repo1.maven.org/maven2/org/scala-lang/scala-reflect/2.12.18/scala-reflect-2.12.18.jar:/home/mahir/.cache/coursier/v1/https/repo1.maven.org/maven2/com/github/scopt/scopt_2.12/4.1.0/scopt_2.12-4.1.0.jar:/home/mahir/.cache/coursier/v1/https/repo1.maven.org/maven2/com/lihaoyi/sourcecode_2.12/0.3.0/sourcecode_2.12-0.3.0.jar:/home/mahir/.cache/coursier/v1/https/repo1.maven.org/maven2/commons-io/commons-io/2.11.0/commons-io-2.11.0.jar:/home/mahir/.cache/coursier/v1/https/repo1.maven.org/maven2/org/scala-lang/scala-compiler/2.12.18/scala-compiler-2.12.18.jar:/home/mahir/.cache/coursier/v1/https/repo1.maven.org/maven2/com/github/spinalhdl/spinalhdl-idsl-payload_2.12/1.10.1/spinalhdl-idsl-payload_2.12-1.10.1.jar:/home/mahir/.cache/coursier/v1/https/repo1.maven.org/maven2/net/openhft/affinity/3.23.2/affinity-3.23.2.jar:/home/mahir/.cache/coursier/v1/https/repo1.maven.org/maven2/org/slf4j/slf4j-simple/2.0.5/slf4j-simple-2.0.5.jar:/home/mahir/
Launcher Type: SUN_STANDARD

[Global flags]
     intx CICompilerCount                          = 12                                        {product} {ergonomic}
     uint ConcGCThreads                            = 5                                         {product} {ergonomic}
     uint G1ConcRefinementThreads                  = 18                                        {product} {ergonomic}
   size_t G1HeapRegionSize                         = 4194304                                   {product} {ergonomic}
    uintx GCDrainStackTargetSize                   = 64                                        {product} {ergonomic}
   size_t InitialHeapSize                          = 528482304                                 {product} {ergonomic}
   size_t MarkStackSize                            = 4194304                                   {product} {ergonomic}
   size_t MaxHeapSize                              = 8392802304                                {product} {ergonomic}
   size_t MaxNewSize                               = 5033164800                                {product} {ergonomic}
   size_t MinHeapDeltaBytes                        = 4194304                                   {product} {ergonomic}
   size_t MinHeapSize                              = 8388608                                   {product} {ergonomic}
    uintx NonNMethodCodeHeapSize                   = 7602480                                {pd product} {ergonomic}
    uintx NonProfiledCodeHeapSize                  = 122027880                              {pd product} {ergonomic}
    uintx ProfiledCodeHeapSize                     = 122027880                              {pd product} {ergonomic}
    uintx ReservedCodeCacheSize                    = 251658240                              {pd product} {ergonomic}
     bool SegmentedCodeCache                       = true                                      {product} {ergonomic}
   size_t SoftMaxHeapSize                          = 8392802304                             {manageable} {ergonomic}
     bool UseCompressedClassPointers               = true                           {product lp64_product} {ergonomic}
     bool UseCompressedOops                        = true                           {product lp64_product} {ergonomic}
     bool UseG1GC                                  = true                                      {product} {ergonomic}

Logging:
Log output configuration:
 #0: stdout all=warning uptime,level,tags
 #1: stderr all=off uptime,level,tags

Environment Variables:
PATH=/usr/local/sbin:/usr/local/bin:/usr/bin:/var/lib/flatpak/exports/bin:/usr/lib/jvm/default/bin:/usr/bin/site_perl:/usr/bin/vendor_perl:/usr/bin/core_perl:/opt/rocm/bin:/home/mahir/.local/bin:/home/mahir/.local/share/coursier/bin
SHELL=/bin/zsh
DISPLAY=:1
LANG=en_GB.UTF-8
LC_NUMERIC=en_GB.UTF-8
LC_TIME=en_GB.UTF-8

Active Locale:
LC_ALL=en_GB.UTF-8
LC_COLLATE=en_GB.UTF-8
LC_CTYPE=en_GB.UTF-8
LC_MESSAGES=en_GB.UTF-8
LC_MONETARY=en_GB.UTF-8
LC_NUMERIC=en_GB.UTF-8
LC_TIME=en_GB.UTF-8

Signal Handlers:
   SIGSEGV: 0x00007bcd70430aa0 in libjvm.so+10685088, mask=11100100010111111101111111111110, flags=SA_RESTART|SA_SIGINFO, unblocked
    SIGBUS: 0x00007bcd70430aa0 in libjvm.so+10685088, mask=11100100010111111101111111111110, flags=SA_RESTART|SA_SIGINFO, unblocked
    SIGFPE: 0x00007bcd70430aa0 in libjvm.so+10685088, mask=11100100010111111101111111111110, flags=SA_RESTART|SA_SIGINFO, unblocked
   SIGPIPE: 0x00007bcd7034c400 in libjvm.so+9749504, mask=11100100010111111101111111111110, flags=SA_RESTART|SA_SIGINFO, blocked
   SIGXFSZ: 0x00007bcd7034c400 in libjvm.so+9749504, mask=11100100010111111101111111111110, flags=SA_RESTART|SA_SIGINFO, blocked
    SIGILL: 0x00007bcd70430aa0 in libjvm.so+10685088, mask=11100100010111111101111111111110, flags=SA_RESTART|SA_SIGINFO, unblocked
   SIGUSR2: 0x00007bcd7034b440 in libjvm.so+9745472, mask=00100000000000000000000000000000, flags=SA_RESTART|SA_SIGINFO, blocked
    SIGHUP: 0x00007bcd7034b3c0 in libjvm.so+9745344, mask=11100100010111111101111111111110, flags=SA_RESTART|SA_SIGINFO, blocked
    SIGINT: 0x00007bcd7034b3c0 in libjvm.so+9745344, mask=11100100010111111101111111111110, flags=SA_RESTART|SA_SIGINFO, blocked
   SIGTERM: 0x00007bcd7034b3c0 in libjvm.so+9745344, mask=11100100010111111101111111111110, flags=SA_RESTART|SA_SIGINFO, blocked
   SIGQUIT: 0x00007bcd7034b3c0 in libjvm.so+9745344, mask=11100100010111111101111111111110, flags=SA_RESTART|SA_SIGINFO, blocked
   SIGTRAP: 0x00007bcd70430aa0 in libjvm.so+10685088, mask=11100100010111111101111111111110, flags=SA_RESTART|SA_SIGINFO, unblocked


Periodic native trim disabled


---------------  S Y S T E M  ---------------

OS:
DISTRIB_ID="EndeavourOS"
DISTRIB_RELEASE="rolling"
DISTRIB_DESCRIPTION="EndeavourOS Linux"
DISTRIB_CODENAME="rolling"
uname: Linux 6.11.1-arch1-1 #1 SMP PREEMPT_DYNAMIC Mon, 30 Sep 2024 23:49:50 +0000 x86_64
OS uptime: 0 days 10:25 hours
libc: glibc 2.40 NPTL 2.40 
rlimit (soft/hard): STACK 8192k/infinity , CORE infinity/infinity , NPROC 127623/127623 , NOFILE 524288/524288 , AS infinity/infinity , CPU infinity/infinity , DATA infinity/infinity , FSIZE infinity/infinity , MEMLOCK 8192k/8192k
load average: 1.13 1.27 1.25

/proc/meminfo:
MemTotal:       32782568 kB
MemFree:        12625288 kB
MemAvailable:   22479496 kB
Buffers:          922852 kB
Cached:          8945536 kB
SwapCached:            0 kB
Active:         11468324 kB
Inactive:        6898636 kB
Active(anon):    8649792 kB
Inactive(anon):        0 kB
Active(file):    2818532 kB
Inactive(file):  6898636 kB
Unevictable:          32 kB
Mlocked:              32 kB
SwapTotal:             0 kB
SwapFree:              0 kB
Zswap:                 0 kB
Zswapped:              0 kB
Dirty:              1524 kB
Writeback:             0 kB
AnonPages:       8412512 kB
Mapped:          1643288 kB
Shmem:            151936 kB
KReclaimable:     602580 kB
Slab:             838044 kB
SReclaimable:     602580 kB
SUnreclaim:       235464 kB
KernelStack:       36256 kB
PageTables:        83028 kB
SecPageTables:      5384 kB
NFS_Unstable:          0 kB
Bounce:                0 kB
WritebackTmp:          0 kB
CommitLimit:    16391284 kB
Committed_AS:   32981420 kB
VmallocTotal:   34359738367 kB
VmallocUsed:      123564 kB
VmallocChunk:          0 kB
Percpu:            57504 kB
HardwareCorrupted:     0 kB
AnonHugePages:   2473984 kB
ShmemHugePages:        0 kB
ShmemPmdMapped:        0 kB
FileHugePages:    706560 kB
FilePmdMapped:    376832 kB
CmaTotal:              0 kB
CmaFree:               0 kB
Unaccepted:            0 kB
HugePages_Total:       0
HugePages_Free:        0
HugePages_Rsvd:        0
HugePages_Surp:        0
Hugepagesize:       2048 kB
Hugetlb:               0 kB
DirectMap4k:      768280 kB
DirectMap2M:    15929344 kB
DirectMap1G:    16777216 kB

/sys/kernel/mm/transparent_hugepage/enabled: [always] madvise never
/sys/kernel/mm/transparent_hugepage/hpage_pmd_size: 2097152
/sys/kernel/mm/transparent_hugepage/defrag (defrag/compaction efforts parameter): always defer defer+madvise [madvise] never

Process Memory:
Virtual Size: 13637208K (peak: 13637496K)
Resident Set Size: 237568K (peak: 237568K) (anon: 192632K, file: 44936K, shmem: 0K)
Swapped out: 0K
C-Heap outstanding allocations: 106973K, retained: 31890K
glibc malloc tunables: (default)

/proc/sys/kernel/threads-max (system-wide limit on the number of threads): 255246
/proc/sys/vm/max_map_count (maximum number of memory map areas a process may have): 1048576
/proc/sys/vm/swappiness (control to define how aggressively the kernel swaps out anonymous memory): 60
/proc/sys/kernel/pid_max (system-wide limit on number of process identifiers): 4194304

container (cgroup) information:
container_type: cgroupv2
cpu_cpuset_cpus: not supported
cpu_memory_nodes: not supported
active_processor_count: 24
cpu_quota: no quota
cpu_period: 100000
cpu_shares: no shares
memory_limit_in_bytes: unlimited
memory_and_swap_limit_in_bytes: unlimited
memory_soft_limit_in_bytes: unlimited
memory_usage_in_bytes: 14594028 k
memory_max_usage_in_bytes: not supported
memory_swap_current_in_bytes: unlimited
memory_swap_max_limit_in_bytes: unlimited
maximum number of tasks: unlimited
current number of tasks: 1755

Steal ticks since vm start: 0
Steal ticks percentage since vm start:  0.000

CPU: total 24 (initial active 24) (24 cores per cpu, 2 threads per core) family 25 model 33 stepping 2 microcode 0xa20120a, cx8, cmov, fxsr, ht, mmx, 3dnowpref, sse, sse2, sse3, ssse3, sse4a, sse4.1, sse4.2, popcnt, lzcnt, tsc, tscinvbit, avx, avx2, aes, erms, clmul, bmi1, bmi2, adx, sha, fma, vzeroupper, clflush, clflushopt
CPU Model and flags from /proc/cpuinfo:
model name	: AMD Ryzen 9 5900X 12-Core Processor
flags		: fpu vme de pse tsc msr pae mce cx8 apic sep mtrr pge mca cmov pat pse36 clflush mmx fxsr sse sse2 ht syscall nx mmxext fxsr_opt pdpe1gb rdtscp lm constant_tsc rep_good nopl xtopology nonstop_tsc cpuid extd_apicid aperfmperf rapl pni pclmulqdq monitor ssse3 fma cx16 sse4_1 sse4_2 x2apic movbe popcnt aes xsave avx f16c rdrand lahf_lm cmp_legacy svm extapic cr8_legacy abm sse4a misalignsse 3dnowprefetch osvw ibs skinit wdt tce topoext perfctr_core perfctr_nb bpext perfctr_llc mwaitx cpb cat_l3 cdp_l3 hw_pstate ssbd mba ibrs ibpb stibp vmmcall fsgsbase bmi1 avx2 smep bmi2 erms invpcid cqm rdt_a rdseed adx smap clflushopt clwb sha_ni xsaveopt xsavec xgetbv1 xsaves cqm_llc cqm_occup_llc cqm_mbm_total cqm_mbm_local user_shstk clzero irperf xsaveerptr rdpru wbnoinvd arat npt lbrv svm_lock nrip_save tsc_scale vmcb_clean flushbyasid decodeassists pausefilter pfthreshold avic v_vmsave_vmload vgif v_spec_ctrl umip pku ospke vaes vpclmulqdq rdpid overflow_recov succor smca fsrm debug_swap

Online cpus: 0-23
Offline cpus: 
BIOS frequency limitation: <Not Available>
Frequency switch latency (ns): 0
Available cpu frequencies: <Not Available>
Current governor: powersave
Core performance/turbo boost: 1

Memory: 4k page, physical 32782568k(12625288k free), swap 0k(0k free)
Page Sizes: 4k

vm_info: OpenJDK 64-Bit Server VM (17.0.12+7) for linux-amd64 JRE (17.0.12+7), built on Jul 17 2024 13:35:02 by "builduser" with gcc 14.1.1 20240522

END.
