#
# A fatal error has been detected by the Java Runtime Environment:
#
#  SIGSEGV (0xb) at pc=0x0000767750c0c06d, pid=163270, tid=163272
#
# JRE version: OpenJDK Runtime Environment (17.0.12+7) (build 17.0.12+7)
# Java VM: OpenJDK 64-Bit Server VM (17.0.12+7, mixed mode, sharing, tiered, compressed oops, compressed class ptrs, g1 gc, linux-amd64)
# Problematic frame:
# C  [verilator_9034474585203463180.so+0x3606d]  sc_time_stamp()+0x14
#
# Core dump will be written. Default location: Core dumps may be processed with "/usr/lib/systemd/systemd-coredump %P %u %g %s %t %c %h" (or dumping to /home/mahir/fun/CPU/nebula-risc-v/core.163270)
#
# If you would like to submit a bug report, please visit:
#   https://bugreport.java.com/bugreport/crash.jsp
# The crash happened outside the Java Virtual Machine in native code.
# See problematic frame for where to report the bug.
#

---------------  S U M M A R Y ------------

Command Line: -Duser.dir=/home/mahir/fun/CPU/nebula-risc-v nebula.test.cpu_test

Host: AMD Ryzen 9 5900X 12-Core Processor, 24 cores, 31G, EndeavourOS Linux
Time: Wed Oct  9 20:59:49 2024 BST elapsed time: 3.369570 seconds (0d 0h 0m 3s)

---------------  T H R E A D  ---------------

Current thread (0x0000767784015960):  JavaThread "main" [_thread_in_native, id=163272, stack(0x0000767789f00000,0x000076778a000000)]

Stack: [0x0000767789f00000,0x000076778a000000],  sp=0x0000767789ffdd30,  free space=1015k
Native frames: (J=compiled Java code, j=interpreted, Vv=VM code, C=native code)
C  [verilator_9034474585203463180.so+0x3606d]  sc_time_stamp()+0x14
C  [verilator_9034474585203463180.so+0x4c97f]  VerilatedContext::time() const+0x31
C  [verilator_9034474585203463180.so+0x459aa]  VerilatedContext::addModel(VerilatedModel*)+0xa0
C  [verilator_9034474585203463180.so+0xef167]  VCpu::VCpu(VerilatedContext*, char const*)+0x11f
C  [verilator_9034474585203463180.so+0xef253]  VCpu::VCpu(char const*)+0x2b

Java frames: (J=compiled Java code, j=interpreted, Vv=VM code)
j  wrapper_verilator.VerilatorNative.newHandle_9034474585203463180(Ljava/lang/String;Ljava/lang/String;I)J+0
j  wrapper_verilator.VerilatorNative.newHandle(Ljava/lang/String;Ljava/lang/String;I)J+4
j  spinal.sim.VerilatorBackend.instanciate(Ljava/lang/String;I)J+135
j  spinal.core.sim.SpinalSimConfig$$anon$3.newSimRaw(Ljava/lang/String;I)Lspinal/sim/SimRaw;+14
j  spinal.core.sim.SimCompiled.doSimApi(Ljava/lang/String;IZLscala/Function1;)V+47
j  spinal.core.sim.SimCompiled.doSim(ILscala/Function1;)V+22
j  nebula.test.cpu_test$.delayedEndpoint$nebula$test$cpu_test$1()V+23
j  nebula.test.cpu_test$delayedInit$body.apply()Ljava/lang/Object;+4
j  scala.Function0.apply$mcV$sp()V+1
j  scala.Function0.apply$mcV$sp$(Lscala/Function0;)V+1
j  scala.runtime.AbstractFunction0.apply$mcV$sp()V+1
j  scala.App.$anonfun$main$1$adapted(Lscala/Function0;)Ljava/lang/Object;+1
j  scala.App$$Lambda$5+0x00007676fc036fe0.apply(Ljava/lang/Object;)Ljava/lang/Object;+4
j  scala.collection.immutable.List.foreach(Lscala/Function1;)V+14
j  scala.App.main([Ljava/lang/String;)V+33
j  scala.App.main$(Lscala/App;[Ljava/lang/String;)V+2
j  nebula.test.cpu_test$.main([Ljava/lang/String;)V+2
j  nebula.test.cpu_test.main([Ljava/lang/String;)V+4
v  ~StubRoutines::call_stub

siginfo: si_signo: 11 (SIGSEGV), si_code: 1 (SEGV_MAPERR), si_addr: 0x0000000000000008

Registers:
RAX=0x0000000000000000, RBX=0x00007676940e3400, RCX=0x0000000001e905a6, RDX=0x00005de320d0bf70
RSP=0x0000767789ffdd30, RBP=0x0000767789ffdd40, RSI=0x0000000000000000, RDI=0x0000767750cf3f10
R8 =0x0000f407a8a53819, R9 =0x0000000000000007, R10=0x0000000000000000, R11=0x000076778b5d0080
R12=0x00007677849a4000, R13=0x0000000000000001, R14=0x00007677849a3918, R15=0x0000767784c42250
RIP=0x0000767750c0c06d, EFLAGS=0x0000000000010202, CSGSFS=0x002b000000000033, ERR=0x0000000000000004
  TRAPNO=0x000000000000000e


Register to memory mapping:

RAX=0x0 is NULL
RBX=0x00007676940e3400 points into unknown readable memory: 0x0000767750cf6b00 | 00 6b cf 50 77 76 00 00
RCX=0x0000000001e905a6 is an unknown value
RDX=0x00005de320d0bf70 points into unknown readable memory: 0x0000000000000004 | 04 00 00 00 00 00 00 00
RSP=0x0000767789ffdd30 is pointing into the stack for thread: 0x0000767784015960
RBP=0x0000767789ffdd40 is pointing into the stack for thread: 0x0000767784015960
RSI=0x0 is NULL
RDI=0x0000767750cf3f10: <offset 0x000000000011df10> in /home/mahir/fun/CPU/nebula-risc-v/simWorkspace/Cpu/verilator/verilator_9034474585203463180.so at 0x0000767750bd6000
R8 =0x0000f407a8a53819 is an unknown value
R9 =0x0000000000000007 is an unknown value
R10=0x0 is NULL
R11=0x000076778b5d0080 points into unknown readable memory: 0x0000000101e905a6 | a6 05 e9 01 01 00 00 00
R12=0x00007677849a4000 points into unknown readable memory: 0x0000767750cf37a0 | a0 37 cf 50 77 76 00 00
R13=0x0000000000000001 is an unknown value
R14=0x00007677849a3918 points into unknown readable memory: 0x0000767750cf36c0 | c0 36 cf 50 77 76 00 00
R15=0x0000767784c42250 points into unknown readable memory: 0x0000000074736574 | 74 65 73 74 00 00 00 00


Top of Stack: (sp=0x0000767789ffdd30)
0x0000767789ffdd30:   0000000000000001 0000767750c22915
0x0000767789ffdd40:   0000767789ffdd60 0000767750c2297f
0x0000767789ffdd50:   0000767750cf6b00 0000767750cf6b00
0x0000767789ffdd60:   0000767789ffdf40 0000767750c1b9aa
0x0000767789ffdd70:   00007677849a4000 0000767750cf6b00
0x0000767789ffdd80:   0000767750ccfa16 0000767750cf6b00
0x0000767789ffdd90:   0000767784c42910 0000003000000030
0x0000767789ffdda0:   0000767789ffdf00 0000767789ffde00
0x0000767789ffddb0:   0100767789ffde00 0000767784c428e0
0x0000767789ffddc0:   0000767789ffdde0 0000767750c22508
0x0000767789ffddd0:   0000767789ffde30 0000767784c428e0
0x0000767789ffdde0:   0000767789ffde00 0000767750c2258e
0x0000767789ffddf0:   00007677849a4090 720d0a48e9bc3400
0x0000767789ffde00:   0000767789ffde20 0000767750c225f1
0x0000767789ffde10:   0000767784c42908 0000767789ffde40
0x0000767789ffde20:   0000767789ffde70 0000767750c1ded1
0x0000767789ffde30:   00007676940e3780 0000767750cf6b00
0x0000767789ffde40:   0000767784c428e0 0000767784c42910
0x0000767789ffde50:   00007677849a4070 720d0a48e9bc3400
0x0000767789ffde60:   0000767789ffdee0 0000000000000003
0x0000767789ffde70:   0000767789ffdee0 0000767750c1f75c
0x0000767789ffde80:   0000760089ffdea0 0000767750ccfa12
0x0000767789ffde90:   0000767750ccfa12 00007677849a3e80
0x0000767789ffdea0:   00007676940e3400 00007676940e3780
0x0000767789ffdeb0:   00007677849a4078 00007676940e3780
0x0000767789ffdec0:   0000767789ffdf40 0000767750cc6b5f
0x0000767789ffded0:   0000000000000205 0000000000000002
0x0000767789ffdee0:   000000000000000f 0000000000000000
0x0000767789ffdef0:   0000000000000000 00000000000000ff
0x0000767789ffdf00:   00007677849a4000 0000767750ccb000
0x0000767789ffdf10:   0000767750cf6b00 00007676940e3400
0x0000767789ffdf20:   0000000201000040 720d0a48e9bc3400 

Instructions: (pc=0x0000767750c0c06d)
0x0000767750c0bf6d:   b0 ff ff ff 25 2a a8 0e 00 68 f4 04 00 00 e9 a0
0x0000767750c0bf7d:   b0 ff ff ff 25 ca 7f 0e 00 66 90 ff 25 32 80 0e
0x0000767750c0bf8d:   00 66 90 48 8d 3d 31 ab 0e 00 48 8d 05 2a ab 0e
0x0000767750c0bf9d:   00 48 39 f8 74 15 48 8b 05 06 80 0e 00 48 85 c0
0x0000767750c0bfad:   74 09 ff e0 0f 1f 80 00 00 00 00 c3 0f 1f 80 00
0x0000767750c0bfbd:   00 00 00 48 8d 3d 01 ab 0e 00 48 8d 35 fa aa 0e
0x0000767750c0bfcd:   00 48 29 fe 48 89 f0 48 c1 ee 3f 48 c1 f8 03 48
0x0000767750c0bfdd:   01 c6 48 d1 fe 74 14 48 8b 05 f5 7f 0e 00 48 85
0x0000767750c0bfed:   c0 74 08 ff e0 66 0f 1f 44 00 00 c3 0f 1f 80 00
0x0000767750c0bffd:   00 00 00 f3 0f 1e fa 80 3d d5 aa 0e 00 00 75 33
0x0000767750c0c00d:   55 48 83 3d 1a 7f 0e 00 00 48 89 e5 74 0d 48 8b
0x0000767750c0c01d:   3d 9e a7 0e 00 ff 15 08 7f 0e 00 e8 63 ff ff ff
0x0000767750c0c02d:   c6 05 ac aa 0e 00 01 5d c3 66 2e 0f 1f 84 00 00
0x0000767750c0c03d:   00 00 00 c3 66 66 2e 0f 1f 84 00 00 00 00 00 0f
0x0000767750c0c04d:   1f 40 00 f3 0f 1e fa e9 67 ff ff ff 52 48 8d 3d
0x0000767750c0c05d:   af 7e 0e 00 e8 9a f2 ff ff 48 8b 80 00 00 00 00
0x0000767750c0c06d:   48 8b 40 08 48 85 c0 78 07 f2 48 0f 2a c0 eb 15
0x0000767750c0c07d:   48 89 c2 83 e0 01 48 d1 ea 48 09 c2 f2 48 0f 2a
0x0000767750c0c08d:   c2 f2 0f 58 c0 58 c3 50 89 f2 31 c0 48 89 fe 48
0x0000767750c0c09d:   8d 3d 9d ef 0b 00 e8 e8 b0 ff ff e8 92 03 00 00
0x0000767750c0c0ad:   be 01 00 00 00 5a 48 89 c7 e9 15 ef 00 00 41 57
0x0000767750c0c0bd:   41 56 49 89 d6 41 55 41 54 49 89 cc 55 53 48 89
0x0000767750c0c0cd:   fb 49 63 f8 48 83 ec 18 89 7c 24 0c e8 02 f1 ff
0x0000767750c0c0dd:   ff 48 8b 03 31 d2 4c 89 f6 48 89 df ff 90 48 05
0x0000767750c0c0ed:   00 00 31 d2 4c 89 e6 48 89 df 49 89 c7 48 8b 03
0x0000767750c0c0fd:   ff 90 48 05 00 00 bf 60 04 00 00 49 89 c5 e8 b0
0x0000767750c0c10d:   d6 ff ff 8b 4c 24 0c 4c 89 ea 4c 89 fe 48 89 c7
0x0000767750c0c11d:   48 89 c5 e8 09 04 00 00 48 8b 03 4c 89 fa 4c 89
0x0000767750c0c12d:   f6 48 89 df ff 90 50 05 00 00 48 8b 03 4c 89 ea
0x0000767750c0c13d:   4c 89 e6 48 89 df ff 90 50 05 00 00 48 83 c4 18
0x0000767750c0c14d:   48 89 e8 5b 5d 41 5c 41 5d 41 5e 41 5f c3 48 89
0x0000767750c0c15d:   c3 48 89 ef be 60 04 00 00 e8 15 d7 ff ff 48 89 


Stack slot to memory mapping:
stack at sp + 0 slots: 0x0000000000000001 is an unknown value
stack at sp + 1 slots: 0x0000767750c22915: <offset 0x000000000004c915> in /home/mahir/fun/CPU/nebula-risc-v/simWorkspace/Cpu/verilator/verilator_9034474585203463180.so at 0x0000767750bd6000
stack at sp + 2 slots: 0x0000767789ffdd60 is pointing into the stack for thread: 0x0000767784015960
stack at sp + 3 slots: 0x0000767750c2297f: <offset 0x000000000004c97f> in /home/mahir/fun/CPU/nebula-risc-v/simWorkspace/Cpu/verilator/verilator_9034474585203463180.so at 0x0000767750bd6000
stack at sp + 4 slots: 0x0000767750cf6b00: <offset 0x0000000000120b00> in /home/mahir/fun/CPU/nebula-risc-v/simWorkspace/Cpu/verilator/verilator_9034474585203463180.so at 0x0000767750bd6000
stack at sp + 5 slots: 0x0000767750cf6b00: <offset 0x0000000000120b00> in /home/mahir/fun/CPU/nebula-risc-v/simWorkspace/Cpu/verilator/verilator_9034474585203463180.so at 0x0000767750bd6000
stack at sp + 6 slots: 0x0000767789ffdf40 is pointing into the stack for thread: 0x0000767784015960
stack at sp + 7 slots: 0x0000767750c1b9aa: <offset 0x00000000000459aa> in /home/mahir/fun/CPU/nebula-risc-v/simWorkspace/Cpu/verilator/verilator_9034474585203463180.so at 0x0000767750bd6000


---------------  P R O C E S S  ---------------

Threads class SMR info:
_java_thread_list=0x0000767634007880, length=23, elements={
0x0000767784015960, 0x000076778416d380, 0x000076778416e780, 0x0000767784173cf0,
0x00007677841750c0, 0x00007677841764f0, 0x0000767784177f40, 0x0000767784179490,
0x000076778417a920, 0x0000767784182750, 0x0000767784185ad0, 0x00007677845a2690,
0x0000767784586b30, 0x00007676c415bbc0, 0x00007676c415e4d0, 0x00007676cc075a20,
0x00007676c416b000, 0x00007676c416bbd0, 0x00007676c416dbe0, 0x000076763c0353e0,
0x00007676cc101c80, 0x00007676cc0c7510, 0x0000767634006560
}

Java Threads: ( => current thread )
=>0x0000767784015960 JavaThread "main" [_thread_in_native, id=163272, stack(0x0000767789f00000,0x000076778a000000)]
  0x000076778416d380 JavaThread "Reference Handler" daemon [_thread_blocked, id=163279, stack(0x00007677536f8000,0x00007677537f8000)]
  0x000076778416e780 JavaThread "Finalizer" daemon [_thread_blocked, id=163280, stack(0x00007677535f7000,0x00007677536f7000)]
  0x0000767784173cf0 JavaThread "Signal Dispatcher" daemon [_thread_blocked, id=163281, stack(0x00007677534f6000,0x00007677535f6000)]
  0x00007677841750c0 JavaThread "Service Thread" daemon [_thread_blocked, id=163282, stack(0x0000767753100000,0x0000767753200000)]
  0x00007677841764f0 JavaThread "Monitor Deflation Thread" daemon [_thread_blocked, id=163283, stack(0x0000767752fff000,0x00007677530ff000)]
  0x0000767784177f40 JavaThread "C2 CompilerThread0" daemon [_thread_blocked, id=163284, stack(0x0000767752efe000,0x0000767752ffe000)]
  0x0000767784179490 JavaThread "C1 CompilerThread0" daemon [_thread_blocked, id=163285, stack(0x0000767752dfd000,0x0000767752efd000)]
  0x000076778417a920 JavaThread "Sweeper thread" daemon [_thread_blocked, id=163286, stack(0x0000767752cfc000,0x0000767752dfc000)]
  0x0000767784182750 JavaThread "Notification Thread" daemon [_thread_blocked, id=163287, stack(0x0000767752bfb000,0x0000767752cfb000)]
  0x0000767784185ad0 JavaThread "Common-Cleaner" daemon [_thread_blocked, id=163289, stack(0x00007677529f9000,0x0000767752af9000)]
  0x00007677845a2690 JavaThread "process reaper" daemon [_thread_blocked, id=163306, stack(0x0000767783e9c000,0x0000767783ebe000)]
  0x0000767784586b30 JavaThread "JNA Cleaner" daemon [_thread_blocked, id=163308, stack(0x00007677519e9000,0x0000767751ae9000)]
  0x00007676c415bbc0 JavaThread "C2 CompilerThread1" daemon [_thread_blocked, id=163436, stack(0x00007677528f8000,0x00007677529f8000)]
  0x00007676c415e4d0 JavaThread "C1 CompilerThread1" daemon [_thread_blocked, id=163437, stack(0x00007677525f5000,0x00007677526f5000)]
  0x00007676cc075a20 JavaThread "C2 CompilerThread2" daemon [_thread_blocked, id=163442, stack(0x00007677513ff000,0x00007677514ff000)]
  0x00007676c416b000 JavaThread "C2 CompilerThread3" daemon [_thread_blocked, id=163443, stack(0x0000767751500000,0x0000767751600000)]
  0x00007676c416bbd0 JavaThread "C2 CompilerThread4" daemon [_thread_blocked, id=163444, stack(0x00007677511fd000,0x00007677512fd000)]
  0x00007676c416dbe0 JavaThread "C1 CompilerThread2" daemon [_thread_blocked, id=163445, stack(0x00007677510fc000,0x00007677511fc000)]
  0x000076763c0353e0 JavaThread "C1 CompilerThread3" daemon [_thread_blocked, id=163446, stack(0x0000767750ffb000,0x00007677510fb000)]
  0x00007676cc101c80 JavaThread "C2 CompilerThread5" daemon [_thread_blocked, id=163447, stack(0x0000767750efa000,0x0000767750ffa000)]
  0x00007676cc0c7510 JavaThread "C2 CompilerThread6" daemon [_thread_blocked, id=163448, stack(0x0000767750df9000,0x0000767750ef9000)]
  0x0000767634006560 JavaThread "C2 CompilerThread7" daemon [_thread_blocked, id=163449, stack(0x0000767750cf8000,0x0000767750df8000)]

Other Threads:
  0x00007677841693e0 VMThread "VM Thread" [stack: 0x00007677537f9000,0x00007677538f9000] [id=163278]
  0x00007677841840b0 WatcherThread [stack: 0x0000767752afa000,0x0000767752bfa000] [id=163288]
  0x0000767784045c40 GCTaskThread "GC Thread#0" [stack: 0x000076778891d000,0x0000767788a1d000] [id=163273]
  0x00007676f0007f10 GCTaskThread "GC Thread#1" [stack: 0x00007677524f4000,0x00007677525f4000] [id=163294]
  0x00007676f0008930 GCTaskThread "GC Thread#2" [stack: 0x00007677523f3000,0x00007677524f3000] [id=163295]
  0x00007676f0009350 GCTaskThread "GC Thread#3" [stack: 0x00007677522f2000,0x00007677523f2000] [id=163296]
  0x00007676f0009d70 GCTaskThread "GC Thread#4" [stack: 0x00007677521f1000,0x00007677522f1000] [id=163297]
  0x00007676f000a790 GCTaskThread "GC Thread#5" [stack: 0x00007677520f0000,0x00007677521f0000] [id=163298]
  0x00007676f000b1e0 GCTaskThread "GC Thread#6" [stack: 0x0000767751fef000,0x00007677520ef000] [id=163299]
  0x00007676f000bc30 GCTaskThread "GC Thread#7" [stack: 0x0000767751eee000,0x0000767751fee000] [id=163300]
  0x00007676f000c680 GCTaskThread "GC Thread#8" [stack: 0x0000767751ded000,0x0000767751eed000] [id=163301]
  0x00007676f000d110 GCTaskThread "GC Thread#9" [stack: 0x0000767751cec000,0x0000767751dec000] [id=163302]
  0x00007676f000dba0 GCTaskThread "GC Thread#10" [stack: 0x0000767751beb000,0x0000767751ceb000] [id=163303]
  0x00007676f000e630 GCTaskThread "GC Thread#11" [stack: 0x0000767751aea000,0x0000767751bea000] [id=163304]
  0x0000767784056cc0 ConcurrentGCThread "G1 Main Marker" [stack: 0x000076778881c000,0x000076778891c000] [id=163274]
  0x0000767784057c50 ConcurrentGCThread "G1 Conc#0" [stack: 0x000076778871b000,0x000076778881b000] [id=163275]
  0x000076774c000ea0 ConcurrentGCThread "G1 Conc#1" [stack: 0x00007677518e8000,0x00007677519e8000] [id=163438]
  0x000076774c001500 ConcurrentGCThread "G1 Conc#2" [stack: 0x00007677527f7000,0x00007677528f7000] [id=163439]
  0x000076774c001b10 ConcurrentGCThread "G1 Conc#3" [stack: 0x00007677526f6000,0x00007677527f6000] [id=163440]
  0x000076774c002150 ConcurrentGCThread "G1 Conc#4" [stack: 0x00007677512fe000,0x00007677513fe000] [id=163441]
  0x00007677841389d0 ConcurrentGCThread "G1 Refine#0" [stack: 0x00007677539fb000,0x0000767753afb000] [id=163276]
  0x00007677841398e0 ConcurrentGCThread "G1 Service" [stack: 0x00007677538fa000,0x00007677539fa000] [id=163277]

Threads with active compile tasks:

VM state: not at safepoint (normal execution)

VM Mutex/Monitor currently owned by a thread: None

Heap address: 0x000000060bc00000, size: 8004 MB, Compressed Oops mode: Zero based, Oop shift amount: 3

CDS archive(s) mapped at: [0x00007676fb000000-0x00007676fbbc7000-0x00007676fbbc7000), size 12349440, SharedBaseAddress: 0x00007676fb000000, ArchiveRelocationMode: 1.
Compressed class space mapped at: 0x00007676fc000000-0x000076773c000000, reserved size: 1073741824
Narrow klass base: 0x00007676fb000000, Narrow klass shift: 0, Narrow klass range: 0x100000000

GC Precious Log:
 CPUs: 24 total, 24 available
 Memory: 32014M
 Large Page Support: Disabled
 NUMA Support: Disabled
 Compressed Oops: Enabled (Zero based)
 Heap Region Size: 4M
 Heap Min Capacity: 8M
 Heap Initial Capacity: 504M
 Heap Max Capacity: 8004M
 Pre-touch: Disabled
 Parallel Workers: 18
 Concurrent Workers: 5
 Concurrent Refinement Workers: 18
 Periodic GC: Disabled

Heap:
 garbage-first heap   total 69632K, used 39104K [0x000000060bc00000, 0x0000000800000000)
  region size 4096K, 9 young (36864K), 1 survivors (4096K)
 Metaspace       used 26221K, committed 26432K, reserved 1114112K
  class space    used 3622K, committed 3712K, reserved 1048576K

Heap Regions: E=young(eden), S=young(survivor), O=old, HS=humongous(starts), HC=humongous(continues), CS=collection set, F=free, OA=open archive, CA=closed archive, TAMS=top-at-mark-start (previous, next)
|   0|0x000000060bc00000, 0x000000060bf6ea00, 0x000000060c000000| 85%| O|  |TAMS 0x000000060bf6ea00, 0x000000060bc00000| Complete 
|   1|0x000000060c000000, 0x000000060c000000, 0x000000060c400000|  0%| F|  |TAMS 0x000000060c000000, 0x000000060c000000| Untracked 
|   2|0x000000060c400000, 0x000000060c400000, 0x000000060c800000|  0%| F|  |TAMS 0x000000060c400000, 0x000000060c400000| Untracked 
|   3|0x000000060c800000, 0x000000060c800000, 0x000000060cc00000|  0%| F|  |TAMS 0x000000060c800000, 0x000000060c800000| Untracked 
|   4|0x000000060cc00000, 0x000000060cc00000, 0x000000060d000000|  0%| F|  |TAMS 0x000000060cc00000, 0x000000060cc00000| Untracked 
|   5|0x000000060d000000, 0x000000060d000000, 0x000000060d400000|  0%| F|  |TAMS 0x000000060d000000, 0x000000060d000000| Untracked 
|   6|0x000000060d400000, 0x000000060d600800, 0x000000060d800000| 50%| E|  |TAMS 0x000000060d400000, 0x000000060d400000| Complete 
|   7|0x000000060d800000, 0x000000060dc00000, 0x000000060dc00000|100%| E|CS|TAMS 0x000000060d800000, 0x000000060d800000| Complete 
|   8|0x000000060dc00000, 0x000000060e000000, 0x000000060e000000|100%| E|CS|TAMS 0x000000060dc00000, 0x000000060dc00000| Complete 
|   9|0x000000060e000000, 0x000000060e400000, 0x000000060e400000|100%| E|CS|TAMS 0x000000060e000000, 0x000000060e000000| Complete 
|  10|0x000000060e400000, 0x000000060e800000, 0x000000060e800000|100%| E|CS|TAMS 0x000000060e400000, 0x000000060e400000| Complete 
|  11|0x000000060e800000, 0x000000060ec00000, 0x000000060ec00000|100%| E|CS|TAMS 0x000000060e800000, 0x000000060e800000| Complete 
|  12|0x000000060ec00000, 0x000000060f000000, 0x000000060f000000|100%| E|CS|TAMS 0x000000060ec00000, 0x000000060ec00000| Complete 
| 118|0x0000000629400000, 0x00000006296d58f8, 0x0000000629800000| 70%| S|CS|TAMS 0x0000000629400000, 0x0000000629400000| Complete 
| 125|0x000000062b000000, 0x000000062b400000, 0x000000062b400000|100%| E|CS|TAMS 0x000000062b000000, 0x000000062b000000| Complete 
|1999|0x00000007ff800000, 0x00000007ffb75000, 0x00000007ffc00000| 86%|OA|  |TAMS 0x00000007ffb75000, 0x00000007ff800000| Untracked 
|2000|0x00000007ffc00000, 0x00000007ffc77000, 0x0000000800000000| 11%|CA|  |TAMS 0x00000007ffc77000, 0x00000007ffc00000| Untracked 

Card table byte_map: [0x000076776b200000,0x000076776c1a2000] _byte_map_base: 0x00007677681a2000

Marking Bits (Prev, Next): (CMBitMap*) 0x0000767784046720, (CMBitMap*) 0x00007677840466e0
 Prev Bits: [0x000076775a600000, 0x0000767762310000)
 Next Bits: [0x0000767762400000, 0x000076776a110000)

Polling page: 0x000076778b5b5000

Metaspace:

Usage:
  Non-class:     22.07 MB used.
      Class:      3.54 MB used.
       Both:     25.61 MB used.

Virtual space:
  Non-class space:       64.00 MB reserved,      22.19 MB ( 35%) committed,  1 nodes.
      Class space:        1.00 GB reserved,       3.62 MB ( <1%) committed,  1 nodes.
             Both:        1.06 GB reserved,      25.81 MB (  2%) committed. 

Chunk freelists:
   Non-Class:  9.45 MB
       Class:  12.39 MB
        Both:  21.84 MB

MaxMetaspaceSize: unlimited
CompressedClassSpaceSize: 1.00 GB
Initial GC threshold: 21.00 MB
Current GC threshold: 35.56 MB
CDS: on
MetaspaceReclaimPolicy: balanced
 - commit_granule_bytes: 65536.
 - commit_granule_words: 8192.
 - virtual_space_node_default_size: 8388608.
 - enlarge_chunks_in_place: 1.
 - new_chunks_are_fully_committed: 0.
 - uncommit_free_chunks: 1.
 - use_allocation_guard: 0.
 - handle_deallocations: 1.


Internal statistics:

num_allocs_failed_limit: 3.
num_arena_births: 222.
num_arena_deaths: 0.
num_vsnodes_births: 2.
num_vsnodes_deaths: 0.
num_space_committed: 413.
num_space_uncommitted: 0.
num_chunks_returned_to_freelist: 3.
num_chunks_taken_from_freelist: 1095.
num_chunk_merges: 3.
num_chunk_splits: 813.
num_chunks_enlarged: 682.
num_inconsistent_stats: 0.

CodeHeap 'non-profiled nmethods': size=119168Kb used=1443Kb max_used=1443Kb free=117724Kb
 bounds [0x0000767774da0000, 0x0000767775010000, 0x000076777c200000]
CodeHeap 'profiled nmethods': size=119164Kb used=7005Kb max_used=7005Kb free=112158Kb
 bounds [0x000076776d200000, 0x000076776d8e0000, 0x000076777465f000]
CodeHeap 'non-nmethods': size=7428Kb used=2935Kb max_used=2981Kb free=4492Kb
 bounds [0x000076777465f000, 0x00007677749cf000, 0x0000767774da0000]
 total_blobs=4214 nmethods=3655 adapters=469
 compilation: enabled
              stopped_count=0, restarted_count=0
 full_count=0

Compilation events (20 events):
Event: 3.366 Thread 0x000076763c0353e0 3647       3       com.sun.tools.javac.util.ByteBuffer::appendChar (63 bytes)
Event: 3.366 Thread 0x00007676c416dbe0 3648       3       java.lang.Enum::compareTo (44 bytes)
Event: 3.366 Thread 0x00007676c415e4d0 nmethod 3645 0x000076776d8d3010 code [0x000076776d8d31c0, 0x000076776d8d3380]
Event: 3.366 Thread 0x00007676c415e4d0 3649       3       com.sun.tools.javac.util.ByteBuffer::appendByte (34 bytes)
Event: 3.366 Thread 0x000076763c0353e0 nmethod 3647 0x000076776d8d3490 code [0x000076776d8d3640, 0x000076776d8d3860]
Event: 3.366 Thread 0x00007676c415e4d0 nmethod 3649 0x000076776d8d3990 code [0x000076776d8d3b40, 0x000076776d8d3d20]
Event: 3.366 Thread 0x00007676c416b000 3650       4       com.sun.tools.javac.util.ArrayUtils::ensureCapacity (30 bytes)
Event: 3.366 Thread 0x00007676c416dbe0 nmethod 3648 0x000076776d8d3e10 code [0x000076776d8d4000, 0x000076776d8d4500]
Event: 3.366 Thread 0x00007676c415e4d0 3651       3       com.sun.tools.javac.jvm.PoolWriter$SharedSignatureGenerator::append (9 bytes)
Event: 3.366 Thread 0x00007676c415e4d0 nmethod 3651 0x000076776d8d4710 code [0x000076776d8d48c0, 0x000076776d8d4a20]
Event: 3.366 Thread 0x000076763c0353e0 3652       3       com.sun.tools.javac.code.Scope$ScopeImpl$1::next (5 bytes)
Event: 3.366 Thread 0x00007676c415e4d0 3653       3       com.sun.tools.javac.code.Scope$ScopeImpl$1::next (20 bytes)
Event: 3.366 Thread 0x00007676c416b000 nmethod 3650 0x0000767774efe490 code [0x0000767774efe620, 0x0000767774efe6b8]
Event: 3.366 Thread 0x00007676c415e4d0 nmethod 3653 0x000076776d8d4b10 code [0x000076776d8d4ce0, 0x000076776d8d4f60]
Event: 3.366 Thread 0x000076763c0353e0 nmethod 3652 0x000076776d8d5090 code [0x000076776d8d5260, 0x000076776d8d5560]
Event: 3.366 Thread 0x0000767784179490 nmethod 3646 0x000076776d8d5690 code [0x000076776d8d5960, 0x000076776d8d6c70]
Event: 3.367 Thread 0x00007676c415bbc0 3654       4       jdk.internal.loader.URLClassPath$JarLoader$2::getCodeSourceURL (8 bytes)
Event: 3.367 Thread 0x00007676c415bbc0 nmethod 3654 0x0000767774efe790 code [0x0000767774efe920, 0x0000767774efe9b8]
Event: 3.368 Thread 0x00007676c416dbe0 3655       3       java.lang.System::lineSeparator (4 bytes)
Event: 3.368 Thread 0x00007676c416dbe0 nmethod 3655 0x000076776d8d7310 code [0x000076776d8d74a0, 0x000076776d8d7590]

GC Heap History (6 events):
Event: 0.212 GC heap before
{Heap before GC invocations=0 (full 0):
 garbage-first heap   total 524288K, used 24496K [0x000000060bc00000, 0x0000000800000000)
  region size 4096K, 6 young (24576K), 0 survivors (0K)
 Metaspace       used 8022K, committed 8128K, reserved 1114112K
  class space    used 1007K, committed 1024K, reserved 1048576K
}
Event: 0.215 GC heap after
{Heap after GC invocations=1 (full 0):
 garbage-first heap   total 524288K, used 7942K [0x000000060bc00000, 0x0000000800000000)
  region size 4096K, 1 young (4096K), 1 survivors (4096K)
 Metaspace       used 8022K, committed 8128K, reserved 1114112K
  class space    used 1007K, committed 1024K, reserved 1048576K
}
Event: 0.377 GC heap before
{Heap before GC invocations=1 (full 0):
 garbage-first heap   total 524288K, used 36614K [0x000000060bc00000, 0x0000000800000000)
  region size 4096K, 8 young (32768K), 1 survivors (4096K)
 Metaspace       used 13392K, committed 13568K, reserved 1114112K
  class space    used 1716K, committed 1792K, reserved 1048576K
}
Event: 0.381 GC heap after
{Heap after GC invocations=2 (full 0):
 garbage-first heap   total 524288K, used 8995K [0x000000060bc00000, 0x0000000800000000)
  region size 4096K, 1 young (4096K), 1 survivors (4096K)
 Metaspace       used 13392K, committed 13568K, reserved 1114112K
  class space    used 1716K, committed 1792K, reserved 1048576K
}
Event: 3.168 GC heap before
{Heap before GC invocations=2 (full 0):
 garbage-first heap   total 524288K, used 29475K [0x000000060bc00000, 0x0000000800000000)
  region size 4096K, 8 young (32768K), 1 survivors (4096K)
 Metaspace       used 21315K, committed 21504K, reserved 1114112K
  class space    used 3033K, committed 3136K, reserved 1048576K
}
Event: 3.170 GC heap after
{Heap after GC invocations=3 (full 0):
 garbage-first heap   total 524288K, used 10432K [0x000000060bc00000, 0x0000000800000000)
  region size 4096K, 1 young (4096K), 1 survivors (4096K)
 Metaspace       used 21315K, committed 21504K, reserved 1114112K
  class space    used 3033K, committed 3136K, reserved 1048576K
}

Dll operation events (8 events):
Event: 0.001 Loaded shared library /usr/lib/jvm/java-17-openjdk/lib/libjava.so
Event: 0.011 Loaded shared library /usr/lib/jvm/java-17-openjdk/lib/libjsvml.so
Event: 0.016 Loaded shared library /usr/lib/jvm/java-17-openjdk/lib/libnio.so
Event: 0.017 Loaded shared library /usr/lib/jvm/java-17-openjdk/lib/libzip.so
Event: 0.048 Loaded shared library /usr/lib/jvm/java-17-openjdk/lib/libjimage.so
Event: 0.256 Loaded shared library /home/mahir/.cache/JNA/temp/jna14440074161601006492.tmp
Event: 0.281 Loaded shared library /usr/lib/jvm/java-17-openjdk/lib/libnet.so
Event: 3.368 Loaded shared library /home/mahir/fun/CPU/nebula-risc-v/simWorkspace/Cpu/verilator/verilator_9034474585203463180.so

Deoptimization events (20 events):
Event: 3.355 Thread 0x0000767784015960 Uncommon trap: trap_request=0xffffffc6 fr.pc=0x0000767774eb713c relative=0x000000000000127c
Event: 3.355 Thread 0x0000767784015960 Uncommon trap: reason=bimorphic_or_optimized_type_check action=maybe_recompile pc=0x0000767774eb713c method=java.util.HashMap.putVal(ILjava/lang/Object;Ljava/lang/Object;ZZ)Ljava/lang/Object; @ 56 c2
Event: 3.355 Thread 0x0000767784015960 DEOPT PACKING pc=0x0000767774eb713c sp=0x0000767789ffd7e0
Event: 3.355 Thread 0x0000767784015960 DEOPT UNPACKING pc=0x00007677746b5699 sp=0x0000767789ffd710 mode 2
Event: 3.358 Thread 0x0000767784015960 Uncommon trap: trap_request=0xffffffc6 fr.pc=0x0000767774eb733c relative=0x000000000000147c
Event: 3.358 Thread 0x0000767784015960 Uncommon trap: reason=bimorphic_or_optimized_type_check action=maybe_recompile pc=0x0000767774eb733c method=java.util.HashMap.putVal(ILjava/lang/Object;Ljava/lang/Object;ZZ)Ljava/lang/Object; @ 253 c2
Event: 3.358 Thread 0x0000767784015960 DEOPT PACKING pc=0x0000767774eb733c sp=0x0000767789ffd750
Event: 3.358 Thread 0x0000767784015960 DEOPT UNPACKING pc=0x00007677746b5699 sp=0x0000767789ffd6a8 mode 2
Event: 3.360 Thread 0x0000767784015960 Uncommon trap: trap_request=0xffffffc6 fr.pc=0x0000767774eb733c relative=0x000000000000147c
Event: 3.360 Thread 0x0000767784015960 Uncommon trap: reason=bimorphic_or_optimized_type_check action=maybe_recompile pc=0x0000767774eb733c method=java.util.HashMap.putVal(ILjava/lang/Object;Ljava/lang/Object;ZZ)Ljava/lang/Object; @ 253 c2
Event: 3.360 Thread 0x0000767784015960 DEOPT PACKING pc=0x0000767774eb733c sp=0x0000767789ffd740
Event: 3.360 Thread 0x0000767784015960 DEOPT UNPACKING pc=0x00007677746b5699 sp=0x0000767789ffd698 mode 2
Event: 3.361 Thread 0x0000767784015960 Uncommon trap: trap_request=0xffffffc6 fr.pc=0x0000767774eb2690 relative=0x00000000000014d0
Event: 3.361 Thread 0x0000767784015960 Uncommon trap: reason=bimorphic_or_optimized_type_check action=maybe_recompile pc=0x0000767774eb2690 method=java.util.HashMap.putVal(ILjava/lang/Object;Ljava/lang/Object;ZZ)Ljava/lang/Object; @ 253 c2
Event: 3.361 Thread 0x0000767784015960 DEOPT PACKING pc=0x0000767774eb2690 sp=0x0000767789ffd6b0
Event: 3.361 Thread 0x0000767784015960 DEOPT UNPACKING pc=0x00007677746b5699 sp=0x0000767789ffd690 mode 2
Event: 3.367 Thread 0x0000767784015960 Uncommon trap: trap_request=0xffffffde fr.pc=0x0000767774de9d1c relative=0x000000000000117c
Event: 3.367 Thread 0x0000767784015960 Uncommon trap: reason=class_check action=maybe_recompile pc=0x0000767774de9d1c method=jdk.internal.loader.URLClassPath.getLoader(I)Ljdk/internal/loader/URLClassPath$Loader; @ 88 c2
Event: 3.367 Thread 0x0000767784015960 DEOPT PACKING pc=0x0000767774de9d1c sp=0x0000767789ffd830
Event: 3.367 Thread 0x0000767784015960 DEOPT UNPACKING pc=0x00007677746b5699 sp=0x0000767789ffd820 mode 2

Classes loaded (20 events):
Event: 3.366 Loading class java/util/EnumMap$EnumMapIterator done
Event: 3.366 Loading class java/util/EnumMap$ValueIterator done
Event: 3.366 Loading class java/util/WeakHashMap$KeyIterator
Event: 3.366 Loading class java/util/WeakHashMap$HashIterator
Event: 3.366 Loading class java/util/WeakHashMap$HashIterator done
Event: 3.366 Loading class java/util/WeakHashMap$KeyIterator done
Event: 3.367 Loading class java/net/URLClassLoader$1
Event: 3.367 Loading class java/net/URLClassLoader$1 done
Event: 3.367 Loading class java/io/FilePermission$1
Event: 3.367 Loading class jdk/internal/access/JavaIOFilePermissionAccess
Event: 3.367 Loading class jdk/internal/access/JavaIOFilePermissionAccess done
Event: 3.367 Loading class java/io/FilePermission$1 done
Event: 3.367 Loading class java/io/FilePermissionCollection
Event: 3.367 Loading class java/io/FilePermissionCollection done
Event: 3.367 Loading class java/util/Vector
Event: 3.367 Loading class java/util/Vector done
Event: 3.367 Loading class java/io/FilePermissionCollection$1
Event: 3.367 Loading class java/io/FilePermissionCollection$1 done
Event: 3.368 Loading class jdk/internal/loader/NativeLibraries$Unloader
Event: 3.368 Loading class jdk/internal/loader/NativeLibraries$Unloader done

Classes unloaded (0 events):
No events

Classes redefined (0 events):
No events

Internal exceptions (20 events):
Event: 3.136 Thread 0x0000767784015960 Exception <a 'java/lang/NoSuchMethodError'{0x0000000629f727c0}: 'java.lang.Object java.lang.invoke.DirectMethodHandle$Holder.invokeVirtual(java.lang.Object, java.lang.Object, java.lang.Object)'> (0x0000000629f727c0) 
thrown [/usr/src/debug/java17-openjdk/jdk17u-jdk-17.0.12-7/src/hotspot/share/interpreter/linkResolver.cpp, line 758]
Event: 3.136 Thread 0x0000767784015960 Exception <a 'java/lang/NoSuchMethodError'{0x0000000629f7c6e0}: 'int java.lang.invoke.DirectMethodHandle$Holder.invokeInterface(java.lang.Object, java.lang.Object)'> (0x0000000629f7c6e0) 
thrown [/usr/src/debug/java17-openjdk/jdk17u-jdk-17.0.12-7/src/hotspot/share/interpreter/linkResolver.cpp, line 758]
Event: 3.141 Thread 0x0000767784015960 Exception <a 'sun/nio/fs/UnixException'{0x0000000629a1e9b0}> (0x0000000629a1e9b0) 
thrown [/usr/src/debug/java17-openjdk/jdk17u-jdk-17.0.12-7/src/hotspot/share/prims/jni.cpp, line 516]
Event: 3.142 Thread 0x0000767784015960 Exception <a 'sun/nio/fs/UnixException'{0x0000000629a1f250}> (0x0000000629a1f250) 
thrown [/usr/src/debug/java17-openjdk/jdk17u-jdk-17.0.12-7/src/hotspot/share/prims/jni.cpp, line 516]
Event: 3.145 Thread 0x0000767784015960 Exception <a 'java/lang/NoSuchMethodError'{0x0000000629a81ea8}: 'int java.lang.invoke.DirectMethodHandle$Holder.invokeVirtual(java.lang.Object, java.lang.Object, java.lang.Object)'> (0x0000000629a81ea8) 
thrown [/usr/src/debug/java17-openjdk/jdk17u-jdk-17.0.12-7/src/hotspot/share/interpreter/linkResolver.cpp, line 758]
Event: 3.145 Thread 0x0000767784015960 Exception <a 'java/lang/NoSuchMethodError'{0x0000000629a88680}: 'void java.lang.invoke.DirectMethodHandle$Holder.invokeInterface(java.lang.Object, java.lang.Object, java.lang.Object)'> (0x0000000629a88680) 
thrown [/usr/src/debug/java17-openjdk/jdk17u-jdk-17.0.12-7/src/hotspot/share/interpreter/linkResolver.cpp, line 758]
Event: 3.171 Thread 0x0000767784015960 Exception <a 'java/lang/NoSuchMethodError'{0x000000062b0057c8}: 'int java.lang.invoke.DirectMethodHandle$Holder.invokeStaticInit(java.lang.Object, java.lang.Object)'> (0x000000062b0057c8) 
thrown [/usr/src/debug/java17-openjdk/jdk17u-jdk-17.0.12-7/src/hotspot/share/interpreter/linkResolver.cpp, line 758]
Event: 3.231 Thread 0x0000767784015960 Exception <a 'java/lang/NoSuchMethodError'{0x000000062b3dae28}: 'int java.lang.invoke.DirectMethodHandle$Holder.invokeSpecial(java.lang.Object, java.lang.Object, java.lang.Object, java.lang.Object)'> (0x000000062b3dae28) 
thrown [/usr/src/debug/java17-openjdk/jdk17u-jdk-17.0.12-7/src/hotspot/share/interpreter/linkResolver.cpp, line 758]
Event: 3.232 Thread 0x0000767784015960 Exception <a 'java/lang/NoSuchMethodError'{0x000000062b3ee198}: 'java.lang.Object java.lang.invoke.DirectMethodHandle$Holder.invokeVirtual(java.lang.Object, java.lang.Object, java.lang.Object, int, int)'> (0x000000062b3ee198) 
thrown [/usr/src/debug/java17-openjdk/jdk17u-jdk-17.0.12-7/src/hotspot/share/interpreter/linkResolver.cpp, line 758]
Event: 3.233 Thread 0x0000767784015960 Exception <a 'java/lang/NoSuchMethodError'{0x000000062b3f4a28}: 'java.lang.Object java.lang.invoke.DirectMethodHandle$Holder.invokeVirtual(java.lang.Object, java.lang.Object, int)'> (0x000000062b3f4a28) 
thrown [/usr/src/debug/java17-openjdk/jdk17u-jdk-17.0.12-7/src/hotspot/share/interpreter/linkResolver.cpp, line 758]
Event: 3.241 Thread 0x0000767784015960 Exception <a 'java/lang/NoSuchMethodError'{0x000000060ed84418}: 'void java.lang.invoke.DirectMethodHandle$Holder.invokeSpecial(java.lang.Object, java.lang.Object, java.lang.Object, java.lang.Object, java.lang.Object, java.lang.Object)'> (0x000000060ed84418) 
thrown [/usr/src/debug/java17-openjdk/jdk17u-jdk-17.0.12-7/src/hotspot/share/interpreter/linkResolver.cpp, line 758]
Event: 3.267 Thread 0x0000767784015960 Implicit null exception at 0x0000767774e84aac to 0x0000767774e84be2
Event: 3.293 Thread 0x0000767784015960 Exception <a 'sun/nio/fs/UnixException'{0x000000060e315630}> (0x000000060e315630) 
thrown [/usr/src/debug/java17-openjdk/jdk17u-jdk-17.0.12-7/src/hotspot/share/prims/jni.cpp, line 516]
Event: 3.293 Thread 0x0000767784015960 Exception <a 'sun/nio/fs/UnixException'{0x000000060e315d60}> (0x000000060e315d60) 
thrown [/usr/src/debug/java17-openjdk/jdk17u-jdk-17.0.12-7/src/hotspot/share/prims/jni.cpp, line 516]
Event: 3.293 Thread 0x0000767784015960 Exception <a 'sun/nio/fs/UnixException'{0x000000060e316378}> (0x000000060e316378) 
thrown [/usr/src/debug/java17-openjdk/jdk17u-jdk-17.0.12-7/src/hotspot/share/prims/jni.cpp, line 516]
Event: 3.293 Thread 0x0000767784015960 Exception <a 'sun/nio/fs/UnixException'{0x000000060e316aa8}> (0x000000060e316aa8) 
thrown [/usr/src/debug/java17-openjdk/jdk17u-jdk-17.0.12-7/src/hotspot/share/prims/jni.cpp, line 516]
Event: 3.294 Thread 0x0000767784015960 Exception <a 'java/lang/NoSuchMethodError'{0x000000060e33bbc8}: 'void java.lang.invoke.DirectMethodHandle$Holder.invokeSpecial(java.lang.Object, java.lang.Object, java.lang.Object, java.lang.Object, java.lang.Object)'> (0x000000060e33bbc8) 
thrown [/usr/src/debug/java17-openjdk/jdk17u-jdk-17.0.12-7/src/hotspot/share/interpreter/linkResolver.cpp, line 758]
Event: 3.317 Thread 0x0000767784015960 Exception <a 'java/lang/NoSuchMethodError'{0x000000060d837850}: 'int java.lang.invoke.DirectMethodHandle$Holder.invokeSpecial(java.lang.Object, java.lang.Object, java.lang.Object)'> (0x000000060d837850) 
thrown [/usr/src/debug/java17-openjdk/jdk17u-jdk-17.0.12-7/src/hotspot/share/interpreter/linkResolver.cpp, line 758]
Event: 3.320 Thread 0x0000767784015960 Exception <a 'java/lang/NoSuchMethodError'{0x000000060d890eb0}: 'java.lang.Object java.lang.invoke.DirectMethodHandle$Holder.invokeStatic(java.lang.Object, java.lang.Object, int, int)'> (0x000000060d890eb0) 
thrown [/usr/src/debug/java17-openjdk/jdk17u-jdk-17.0.12-7/src/hotspot/share/interpreter/linkResolver.cpp, line 758]
Event: 3.328 Thread 0x0000767784015960 Exception <a 'java/lang/NoSuchMethodError'{0x000000060d92ce78}: 'java.lang.Object java.lang.invoke.DirectMethodHandle$Holder.invokeInterface(java.lang.Object, java.lang.Object)'> (0x000000060d92ce78) 
thrown [/usr/src/debug/java17-openjdk/jdk17u-jdk-17.0.12-7/src/hotspot/share/interpreter/linkResolver.cpp, line 758]

VM Operations (20 events):
Event: 3.173 Executing VM operation: G1PauseRemark
Event: 3.175 Executing VM operation: G1PauseRemark done
Event: 3.175 Executing VM operation: G1PauseCleanup
Event: 3.176 Executing VM operation: G1PauseCleanup done
Event: 3.201 Executing VM operation: HandshakeAllThreads
Event: 3.202 Executing VM operation: HandshakeAllThreads done
Event: 3.202 Executing VM operation: HandshakeAllThreads
Event: 3.202 Executing VM operation: HandshakeAllThreads done
Event: 3.222 Executing VM operation: HandshakeAllThreads
Event: 3.222 Executing VM operation: HandshakeAllThreads done
Event: 3.222 Executing VM operation: HandshakeAllThreads
Event: 3.222 Executing VM operation: HandshakeAllThreads done
Event: 3.306 Executing VM operation: ICBufferFull
Event: 3.306 Executing VM operation: ICBufferFull done
Event: 3.323 Executing VM operation: HandshakeAllThreads
Event: 3.323 Executing VM operation: HandshakeAllThreads done
Event: 3.353 Executing VM operation: HandshakeAllThreads
Event: 3.353 Executing VM operation: HandshakeAllThreads done
Event: 3.362 Executing VM operation: ICBufferFull
Event: 3.362 Executing VM operation: ICBufferFull done

Events (20 events):
Event: 3.141 Thread 0x00007676c415bbc0 Thread added: 0x00007676c415bbc0
Event: 3.141 Protecting memory [0x00007677528f8000,0x00007677528fc000] with protection modes 0
Event: 3.153 Thread 0x00007676c415e4d0 Thread added: 0x00007676c415e4d0
Event: 3.153 Protecting memory [0x00007677525f5000,0x00007677525f9000] with protection modes 0
Event: 3.255 Thread 0x00007676cc075a20 Thread added: 0x00007676cc075a20
Event: 3.255 Protecting memory [0x00007677513ff000,0x0000767751403000] with protection modes 0
Event: 3.256 Thread 0x00007676c416b000 Thread added: 0x00007676c416b000
Event: 3.256 Protecting memory [0x0000767751500000,0x0000767751504000] with protection modes 0
Event: 3.256 Thread 0x00007676c416bbd0 Thread added: 0x00007676c416bbd0
Event: 3.256 Protecting memory [0x00007677511fd000,0x0000767751201000] with protection modes 0
Event: 3.261 Thread 0x00007676c416dbe0 Thread added: 0x00007676c416dbe0
Event: 3.261 Protecting memory [0x00007677510fc000,0x0000767751100000] with protection modes 0
Event: 3.261 Thread 0x000076763c0353e0 Thread added: 0x000076763c0353e0
Event: 3.261 Protecting memory [0x0000767750ffb000,0x0000767750fff000] with protection modes 0
Event: 3.281 Thread 0x00007676cc101c80 Thread added: 0x00007676cc101c80
Event: 3.281 Protecting memory [0x0000767750efa000,0x0000767750efe000] with protection modes 0
Event: 3.281 Thread 0x00007676cc0c7510 Thread added: 0x00007676cc0c7510
Event: 3.281 Protecting memory [0x0000767750df9000,0x0000767750dfd000] with protection modes 0
Event: 3.283 Thread 0x0000767634006560 Thread added: 0x0000767634006560
Event: 3.283 Protecting memory [0x0000767750cf8000,0x0000767750cfc000] with protection modes 0


Dynamic libraries:
60bc00000-60f000000 rw-p 00000000 00:00 0 
60f000000-629400000 ---p 00000000 00:00 0 
629400000-629800000 rw-p 00000000 00:00 0 
629800000-62b000000 ---p 00000000 00:00 0 
62b000000-62b400000 rw-p 00000000 00:00 0 
62b400000-7ff800000 ---p 00000000 00:00 0 
7ff800000-7ffb00000 rw-p 00000000 00:00 0 
7ffb00000-7ffb75000 rw-p 00c76000 103:02 53110622                        /usr/lib/jvm/java-17-openjdk/lib/server/classes.jsa
7ffb75000-7ffc00000 rw-p 00000000 00:00 0 
7ffc00000-7ffc77000 rw-p 00bff000 103:02 53110622                        /usr/lib/jvm/java-17-openjdk/lib/server/classes.jsa
7ffc77000-800000000 rw-p 00000000 00:00 0 
5de2fa24c000-5de2fa24d000 r--p 00000000 103:02 52695525                  /usr/lib/jvm/java-17-openjdk/bin/java
5de2fa24d000-5de2fa24e000 r-xp 00001000 103:02 52695525                  /usr/lib/jvm/java-17-openjdk/bin/java
5de2fa24e000-5de2fa24f000 r--p 00002000 103:02 52695525                  /usr/lib/jvm/java-17-openjdk/bin/java
5de2fa24f000-5de2fa250000 r--p 00002000 103:02 52695525                  /usr/lib/jvm/java-17-openjdk/bin/java
5de2fa250000-5de2fa251000 rw-p 00003000 103:02 52695525                  /usr/lib/jvm/java-17-openjdk/bin/java
5de320ce2000-5de320d29000 rw-p 00000000 00:00 0                          [heap]
76760c000000-76760c406000 rw-p 00000000 00:00 0 
76760c406000-767610000000 ---p 00000000 00:00 0 
767610000000-7676106f9000 rw-p 00000000 00:00 0 
7676106f9000-767614000000 ---p 00000000 00:00 0 
767618000000-7676185f6000 rw-p 00000000 00:00 0 
7676185f6000-76761c000000 ---p 00000000 00:00 0 
76761c000000-76761c109000 rw-p 00000000 00:00 0 
76761c109000-767620000000 ---p 00000000 00:00 0 
767624000000-7676240cc000 rw-p 00000000 00:00 0 
7676240cc000-767628000000 ---p 00000000 00:00 0 
767628000000-7676286ef000 rw-p 00000000 00:00 0 
7676286ef000-76762c000000 ---p 00000000 00:00 0 
767630000000-767630021000 rw-p 00000000 00:00 0 
767630021000-767634000000 ---p 00000000 00:00 0 
767634000000-767634780000 rw-p 00000000 00:00 0 
767634780000-767638000000 ---p 00000000 00:00 0 
76763c000000-76763c121000 rw-p 00000000 00:00 0 
76763c121000-767640000000 ---p 00000000 00:00 0 
767640000000-767640616000 rw-p 00000000 00:00 0 
767640616000-767644000000 ---p 00000000 00:00 0 
767648000000-767648021000 rw-p 00000000 00:00 0 
767648021000-76764c000000 ---p 00000000 00:00 0 
76764c000000-76764c021000 rw-p 00000000 00:00 0 
76764c021000-767650000000 ---p 00000000 00:00 0 
767654000000-767654021000 rw-p 00000000 00:00 0 
767654021000-767658000000 ---p 00000000 00:00 0 
767658000000-767658021000 rw-p 00000000 00:00 0 
767658021000-76765c000000 ---p 00000000 00:00 0 
767660000000-767660021000 rw-p 00000000 00:00 0 
767660021000-767664000000 ---p 00000000 00:00 0 
767664000000-767664021000 rw-p 00000000 00:00 0 
767664021000-767668000000 ---p 00000000 00:00 0 
76766c000000-76766c021000 rw-p 00000000 00:00 0 
76766c021000-767670000000 ---p 00000000 00:00 0 
767670000000-767670021000 rw-p 00000000 00:00 0 
767670021000-767674000000 ---p 00000000 00:00 0 
767678000000-767678021000 rw-p 00000000 00:00 0 
767678021000-76767c000000 ---p 00000000 00:00 0 
76767c000000-76767c021000 rw-p 00000000 00:00 0 
76767c021000-767680000000 ---p 00000000 00:00 0 
767684000000-767684021000 rw-p 00000000 00:00 0 
767684021000-767688000000 ---p 00000000 00:00 0 
767688000000-767688021000 rw-p 00000000 00:00 0 
767688021000-76768c000000 ---p 00000000 00:00 0 
767690000000-767690021000 rw-p 00000000 00:00 0 
767690021000-767694000000 ---p 00000000 00:00 0 
767694000000-7676942d2000 rw-p 00000000 00:00 0 
7676942d2000-767698000000 ---p 00000000 00:00 0 
76769c000000-76769c283000 rw-p 00000000 00:00 0 
76769c283000-7676a0000000 ---p 00000000 00:00 0 
7676a0000000-7676a011c000 rw-p 00000000 00:00 0 
7676a011c000-7676a4000000 ---p 00000000 00:00 0 
7676a8000000-7676a8773000 rw-p 00000000 00:00 0 
7676a8773000-7676ac000000 ---p 00000000 00:00 0 
7676ac000000-7676ac021000 rw-p 00000000 00:00 0 
7676ac021000-7676b0000000 ---p 00000000 00:00 0 
7676b4000000-7676b4021000 rw-p 00000000 00:00 0 
7676b4021000-7676b8000000 ---p 00000000 00:00 0 
7676b8000000-7676b8021000 rw-p 00000000 00:00 0 
7676b8021000-7676bc000000 ---p 00000000 00:00 0 
7676c0000000-7676c0021000 rw-p 00000000 00:00 0 
7676c0021000-7676c4000000 ---p 00000000 00:00 0 
7676c4000000-7676c4208000 rw-p 00000000 00:00 0 
7676c4208000-7676c8000000 ---p 00000000 00:00 0 
7676cc000000-7676cce82000 rw-p 00000000 00:00 0 
7676cce82000-7676d0000000 ---p 00000000 00:00 0 
7676d0000000-7676d0021000 rw-p 00000000 00:00 0 
7676d0021000-7676d4000000 ---p 00000000 00:00 0 
7676d8000000-7676d8021000 rw-p 00000000 00:00 0 
7676d8021000-7676dc000000 ---p 00000000 00:00 0 
7676dc000000-7676dc021000 rw-p 00000000 00:00 0 
7676dc021000-7676e0000000 ---p 00000000 00:00 0 
7676e4000000-7676e4021000 rw-p 00000000 00:00 0 
7676e4021000-7676e8000000 ---p 00000000 00:00 0 
7676e8000000-7676e8021000 rw-p 00000000 00:00 0 
7676e8021000-7676ec000000 ---p 00000000 00:00 0 
7676f0000000-7676f0021000 rw-p 00000000 00:00 0 
7676f0021000-7676f4000000 ---p 00000000 00:00 0 
7676f7000000-7676f73f0000 rw-p 00000000 00:00 0 
7676f73f0000-7676f8570000 rw-p 00000000 00:00 0 
7676f8570000-7676f85a0000 rw-p 00000000 00:00 0 
7676f85a0000-7676f8600000 ---p 00000000 00:00 0 
7676f8600000-7676f8690000 rw-p 00000000 00:00 0 
7676f8690000-7676fb000000 ---p 00000000 00:00 0 
7676fb000000-7676fbbc7000 rw-p 00001000 103:02 53110622                  /usr/lib/jvm/java-17-openjdk/lib/server/classes.jsa
7676fbbc7000-7676fc000000 ---p 00000000 00:00 0 
7676fc000000-7676fc030000 rw-p 00000000 00:00 0 
7676fc030000-7676fc070000 rw-p 00000000 00:00 0 
7676fc070000-7676fc270000 rw-p 00000000 00:00 0 
7676fc270000-7676fc3a0000 rw-p 00000000 00:00 0 
7676fc3a0000-76773c000000 ---p 00000000 00:00 0 
76773c000000-76773c021000 rw-p 00000000 00:00 0 
76773c021000-767740000000 ---p 00000000 00:00 0 
767740000000-767740021000 rw-p 00000000 00:00 0 
767740021000-767744000000 ---p 00000000 00:00 0 
767748000000-767748021000 rw-p 00000000 00:00 0 
767748021000-76774c000000 ---p 00000000 00:00 0 
76774c000000-76774c021000 rw-p 00000000 00:00 0 
76774c021000-767750000000 ---p 00000000 00:00 0 
767750bd6000-767750c07000 r--p 00000000 103:02 11023059                  /home/mahir/fun/CPU/nebula-risc-v/simWorkspace/Cpu/verilator/verilator_9034474585203463180.so
767750c07000-767750ccb000 r-xp 00031000 103:02 11023059                  /home/mahir/fun/CPU/nebula-risc-v/simWorkspace/Cpu/verilator/verilator_9034474585203463180.so
767750ccb000-767750cf3000 r--p 000f5000 103:02 11023059                  /home/mahir/fun/CPU/nebula-risc-v/simWorkspace/Cpu/verilator/verilator_9034474585203463180.so
767750cf3000-767750cf4000 r--p 0011d000 103:02 11023059                  /home/mahir/fun/CPU/nebula-risc-v/simWorkspace/Cpu/verilator/verilator_9034474585203463180.so
767750cf4000-767750cf7000 rw-p 0011e000 103:02 11023059                  /home/mahir/fun/CPU/nebula-risc-v/simWorkspace/Cpu/verilator/verilator_9034474585203463180.so
767750cf7000-767750cf8000 ---p 00000000 00:00 0 
767750cf8000-767750cfc000 ---p 00000000 00:00 0 
767750cfc000-767750df8000 rw-p 00000000 00:00 0 
767750df8000-767750df9000 ---p 00000000 00:00 0 
767750df9000-767750dfd000 ---p 00000000 00:00 0 
767750dfd000-767750ef9000 rw-p 00000000 00:00 0 
767750ef9000-767750efa000 ---p 00000000 00:00 0 
767750efa000-767750efe000 ---p 00000000 00:00 0 
767750efe000-767750ffa000 rw-p 00000000 00:00 0 
767750ffa000-767750ffb000 ---p 00000000 00:00 0 
767750ffb000-767750fff000 ---p 00000000 00:00 0 
767750fff000-7677510fb000 rw-p 00000000 00:00 0 
7677510fb000-7677510fc000 ---p 00000000 00:00 0 
7677510fc000-767751100000 ---p 00000000 00:00 0 
767751100000-7677511fc000 rw-p 00000000 00:00 0 
7677511fc000-7677511fd000 ---p 00000000 00:00 0 
7677511fd000-767751201000 ---p 00000000 00:00 0 
767751201000-7677512fd000 rw-p 00000000 00:00 0 
7677512fd000-7677512fe000 ---p 00000000 00:00 0 
7677512fe000-767751302000 ---p 00000000 00:00 0 
767751302000-7677513fe000 rw-p 00000000 00:00 0 
7677513fe000-7677513ff000 ---p 00000000 00:00 0 
7677513ff000-767751403000 ---p 00000000 00:00 0 
767751403000-7677514ff000 rw-p 00000000 00:00 0 
7677514ff000-767751500000 ---p 00000000 00:00 0 
767751500000-767751504000 ---p 00000000 00:00 0 
767751504000-767751600000 rw-p 00000000 00:00 0 
767751600000-76775161e000 r-xp 00000000 103:02 10487377                  /home/mahir/.cache/JNA/temp/jna14440074161601006492.tmp (deleted)
76775161e000-76775181d000 ---p 0001e000 103:02 10487377                  /home/mahir/.cache/JNA/temp/jna14440074161601006492.tmp (deleted)
76775181d000-76775181e000 rw-p 0001d000 103:02 10487377                  /home/mahir/.cache/JNA/temp/jna14440074161601006492.tmp (deleted)
76775181e000-76775181f000 rw-p 00000000 00:00 0 
7677518e7000-7677518e8000 ---p 00000000 00:00 0 
7677518e8000-7677518ec000 ---p 00000000 00:00 0 
7677518ec000-7677519e8000 rw-p 00000000 00:00 0 
7677519e8000-7677519e9000 ---p 00000000 00:00 0 
7677519e9000-7677519ed000 ---p 00000000 00:00 0 
7677519ed000-767751ae9000 rw-p 00000000 00:00 0 
767751ae9000-767751aea000 ---p 00000000 00:00 0 
767751aea000-767751bea000 rw-p 00000000 00:00 0 
767751bea000-767751beb000 ---p 00000000 00:00 0 
767751beb000-767751ceb000 rw-p 00000000 00:00 0 
767751ceb000-767751cec000 ---p 00000000 00:00 0 
767751cec000-767751dec000 rw-p 00000000 00:00 0 
767751dec000-767751ded000 ---p 00000000 00:00 0 
767751ded000-767751eed000 rw-p 00000000 00:00 0 
767751eed000-767751eee000 ---p 00000000 00:00 0 
767751eee000-767751fee000 rw-p 00000000 00:00 0 
767751fee000-767751fef000 ---p 00000000 00:00 0 
767751fef000-7677520ef000 rw-p 00000000 00:00 0 
7677520ef000-7677520f0000 ---p 00000000 00:00 0 
7677520f0000-7677521f0000 rw-p 00000000 00:00 0 
7677521f0000-7677521f1000 ---p 00000000 00:00 0 
7677521f1000-7677522f1000 rw-p 00000000 00:00 0 
7677522f1000-7677522f2000 ---p 00000000 00:00 0 
7677522f2000-7677523f2000 rw-p 00000000 00:00 0 
7677523f2000-7677523f3000 ---p 00000000 00:00 0 
7677523f3000-7677524f3000 rw-p 00000000 00:00 0 
7677524f3000-7677524f4000 ---p 00000000 00:00 0 
7677524f4000-7677525f4000 rw-p 00000000 00:00 0 
7677525f4000-7677525f5000 ---p 00000000 00:00 0 
7677525f5000-7677525f9000 ---p 00000000 00:00 0 
7677525f9000-7677526f5000 rw-p 00000000 00:00 0 
7677526f5000-7677526f6000 ---p 00000000 00:00 0 
7677526f6000-7677526fa000 ---p 00000000 00:00 0 
7677526fa000-7677527f6000 rw-p 00000000 00:00 0 
7677527f6000-7677527f7000 ---p 00000000 00:00 0 
7677527f7000-7677527fb000 ---p 00000000 00:00 0 
7677527fb000-7677528f7000 rw-p 00000000 00:00 0 
7677528f7000-7677528f8000 ---p 00000000 00:00 0 
7677528f8000-7677528fc000 ---p 00000000 00:00 0 
7677528fc000-7677529f8000 rw-p 00000000 00:00 0 
7677529f8000-7677529f9000 ---p 00000000 00:00 0 
7677529f9000-7677529fd000 ---p 00000000 00:00 0 
7677529fd000-767752af9000 rw-p 00000000 00:00 0 
767752af9000-767752afa000 ---p 00000000 00:00 0 
767752afa000-767752bfa000 rw-p 00000000 00:00 0 
767752bfa000-767752bfb000 ---p 00000000 00:00 0 
767752bfb000-767752bff000 ---p 00000000 00:00 0 
767752bff000-767752cfb000 rw-p 00000000 00:00 0 
767752cfb000-767752cfc000 ---p 00000000 00:00 0 
767752cfc000-767752d00000 ---p 00000000 00:00 0 
767752d00000-767752dfc000 rw-p 00000000 00:00 0 
767752dfc000-767752dfd000 ---p 00000000 00:00 0 
767752dfd000-767752e01000 ---p 00000000 00:00 0 
767752e01000-767752efd000 rw-p 00000000 00:00 0 
767752efd000-767752efe000 ---p 00000000 00:00 0 
767752efe000-767752f02000 ---p 00000000 00:00 0 
767752f02000-767752ffe000 rw-p 00000000 00:00 0 
767752ffe000-767752fff000 ---p 00000000 00:00 0 
767752fff000-767753003000 ---p 00000000 00:00 0 
767753003000-7677530ff000 rw-p 00000000 00:00 0 
7677530ff000-767753100000 ---p 00000000 00:00 0 
767753100000-767753104000 ---p 00000000 00:00 0 
767753104000-767753200000 rw-p 00000000 00:00 0 
767753200000-7677534ec000 r--p 00000000 103:02 51747550                  /usr/lib/locale/locale-archive
7677534f5000-7677534f6000 ---p 00000000 00:00 0 
7677534f6000-7677534fa000 ---p 00000000 00:00 0 
7677534fa000-7677535f6000 rw-p 00000000 00:00 0 
7677535f6000-7677535f7000 ---p 00000000 00:00 0 
7677535f7000-7677535fb000 ---p 00000000 00:00 0 
7677535fb000-7677536f7000 rw-p 00000000 00:00 0 
7677536f7000-7677536f8000 ---p 00000000 00:00 0 
7677536f8000-7677536fc000 ---p 00000000 00:00 0 
7677536fc000-7677537f8000 rw-p 00000000 00:00 0 
7677537f8000-7677537f9000 ---p 00000000 00:00 0 
7677537f9000-7677538f9000 rw-p 00000000 00:00 0 
7677538f9000-7677538fa000 ---p 00000000 00:00 0 
7677538fa000-7677539fa000 rw-p 00000000 00:00 0 
7677539fa000-7677539fb000 ---p 00000000 00:00 0 
7677539fb000-767753afb000 rw-p 00000000 00:00 0 
767753afb000-767754021000 rw-p 00000000 00:00 0 
767754021000-767758000000 ---p 00000000 00:00 0 
7677580fb000-76775a6d0000 rw-p 00000000 00:00 0 
76775a6d0000-76775ad60000 ---p 00000000 00:00 0 
76775ad60000-76775ad70000 rw-p 00000000 00:00 0 
76775ad70000-76775add0000 ---p 00000000 00:00 0 
76775add0000-76775ade0000 rw-p 00000000 00:00 0 
76775ade0000-7677622f0000 ---p 00000000 00:00 0 
7677622f0000-767762310000 rw-p 00000000 00:00 0 
76776232f000-767762334000 r--p 00000000 103:02 52695778                  /usr/lib/jvm/java-17-openjdk/lib/libjsvml.so
767762334000-767762375000 r-xp 00005000 103:02 52695778                  /usr/lib/jvm/java-17-openjdk/lib/libjsvml.so
767762375000-7677623fe000 r--p 00046000 103:02 52695778                  /usr/lib/jvm/java-17-openjdk/lib/libjsvml.so
7677623fe000-7677623ff000 r--p 000ce000 103:02 52695778                  /usr/lib/jvm/java-17-openjdk/lib/libjsvml.so
7677623ff000-767762400000 rw-p 000cf000 103:02 52695778                  /usr/lib/jvm/java-17-openjdk/lib/libjsvml.so
767762400000-7677624d0000 rw-p 00000000 00:00 0 
7677624d0000-767762b60000 ---p 00000000 00:00 0 
767762b60000-767762b70000 rw-p 00000000 00:00 0 
767762b70000-767762bd0000 ---p 00000000 00:00 0 
767762bd0000-767762be0000 rw-p 00000000 00:00 0 
767762be0000-76776a0f0000 ---p 00000000 00:00 0 
76776a0f0000-76776a110000 rw-p 00000000 00:00 0 
76776a17f000-76776a21a000 rw-p 00000000 00:00 0 
76776a21a000-76776a2ec000 ---p 00000000 00:00 0 
76776a2ec000-76776a2ee000 rw-p 00000000 00:00 0 
76776a2ee000-76776a2fa000 ---p 00000000 00:00 0 
76776a2fa000-76776a2fc000 rw-p 00000000 00:00 0 
76776a2fc000-76776b19e000 ---p 00000000 00:00 0 
76776b19e000-76776b1a2000 rw-p 00000000 00:00 0 
76776b1ba000-76776b1bf000 r--p 00000000 103:02 51658536                  /usr/lib/libudev.so.1.7.9
76776b1bf000-76776b1e6000 r-xp 00005000 103:02 51658536                  /usr/lib/libudev.so.1.7.9
76776b1e6000-76776b1fa000 r--p 0002c000 103:02 51658536                  /usr/lib/libudev.so.1.7.9
76776b1fa000-76776b1ff000 r--p 0003f000 103:02 51658536                  /usr/lib/libudev.so.1.7.9
76776b1ff000-76776b200000 rw-p 00044000 103:02 51658536                  /usr/lib/libudev.so.1.7.9
76776b200000-76776b21a000 rw-p 00000000 00:00 0 
76776b21a000-76776b2ec000 ---p 00000000 00:00 0 
76776b2ec000-76776b2ee000 rw-p 00000000 00:00 0 
76776b2ee000-76776b2fa000 ---p 00000000 00:00 0 
76776b2fa000-76776b2fc000 rw-p 00000000 00:00 0 
76776b2fc000-76776c19e000 ---p 00000000 00:00 0 
76776c19e000-76776c1a2000 rw-p 00000000 00:00 0 
76776c200000-76776c21a000 rw-p 00000000 00:00 0 
76776c21a000-76776c2ec000 ---p 00000000 00:00 0 
76776c2ec000-76776c2ee000 rw-p 00000000 00:00 0 
76776c2ee000-76776c2fa000 ---p 00000000 00:00 0 
76776c2fa000-76776c2fc000 rw-p 00000000 00:00 0 
76776c2fc000-76776d19e000 ---p 00000000 00:00 0 
76776d19e000-76776d1a2000 rw-p 00000000 00:00 0 
76776d1a5000-76776d200000 rw-p 00000000 00:00 0 
76776d200000-76776d8e0000 rwxp 00000000 00:00 0 
76776d8e0000-76777465f000 ---p 00000000 00:00 0 
76777465f000-7677749cf000 rwxp 00000000 00:00 0 
7677749cf000-767774da0000 ---p 00000000 00:00 0 
767774da0000-767775010000 rwxp 00000000 00:00 0 
767775010000-76777c200000 ---p 00000000 00:00 0 
76777c200000-767783e67000 r--s 00000000 103:02 52695794                  /usr/lib/jvm/java-17-openjdk/lib/modules
767783e84000-767783e86000 r--p 00000000 103:02 51646544                  /usr/lib/libatomic.so.1.2.0
767783e86000-767783e8a000 r-xp 00002000 103:02 51646544                  /usr/lib/libatomic.so.1.2.0
767783e8a000-767783e8c000 r--p 00006000 103:02 51646544                  /usr/lib/libatomic.so.1.2.0
767783e8c000-767783e8d000 r--p 00007000 103:02 51646544                  /usr/lib/libatomic.so.1.2.0
767783e8d000-767783e8e000 rw-p 00008000 103:02 51646544                  /usr/lib/libatomic.so.1.2.0
767783e8e000-767783e8f000 rw-p 00000000 00:00 0 
767783e8f000-767783e92000 r--p 00000000 103:02 51656976                  /usr/lib/libcap.so.2.70
767783e92000-767783e97000 r-xp 00003000 103:02 51656976                  /usr/lib/libcap.so.2.70
767783e97000-767783e99000 r--p 00008000 103:02 51656976                  /usr/lib/libcap.so.2.70
767783e99000-767783e9a000 r--p 00009000 103:02 51656976                  /usr/lib/libcap.so.2.70
767783e9a000-767783e9b000 rw-p 0000a000 103:02 51656976                  /usr/lib/libcap.so.2.70
767783e9b000-767783e9c000 ---p 00000000 00:00 0 
767783e9c000-767783ea0000 ---p 00000000 00:00 0 
767783ea0000-767783ebe000 rw-p 00000000 00:00 0 
767783ebe000-767784c48000 rw-p 00000000 00:00 0 
767784c48000-767788000000 ---p 00000000 00:00 0 
767788002000-767788009000 r--s 00000000 103:02 51747551                  /usr/lib/gconv/gconv-modules.cache
767788009000-76778800b000 r--p 00000000 103:02 52695793                  /usr/lib/jvm/java-17-openjdk/lib/libzip.so
76778800b000-76778800f000 r-xp 00002000 103:02 52695793                  /usr/lib/jvm/java-17-openjdk/lib/libzip.so
76778800f000-767788011000 r--p 00006000 103:02 52695793                  /usr/lib/jvm/java-17-openjdk/lib/libzip.so
767788011000-767788012000 r--p 00007000 103:02 52695793                  /usr/lib/jvm/java-17-openjdk/lib/libzip.so
767788012000-767788013000 rw-p 00008000 103:02 52695793                  /usr/lib/jvm/java-17-openjdk/lib/libzip.so
767788013000-76778871a000 rw-p 00000000 00:00 0 
76778871a000-76778871b000 ---p 00000000 00:00 0 
76778871b000-76778881b000 rw-p 00000000 00:00 0 
76778881b000-76778881c000 ---p 00000000 00:00 0 
76778881c000-76778891c000 rw-p 00000000 00:00 0 
76778891c000-76778891d000 ---p 00000000 00:00 0 
76778891d000-767788a1d000 rw-p 00000000 00:00 0 
767788a1d000-767789d33000 rw-p 00000000 00:00 0 
767789d33000-767789e17000 ---p 00000000 00:00 0 
767789e17000-767789e25000 rw-p 00000000 00:00 0 
767789e25000-767789f00000 ---p 00000000 00:00 0 
767789f00000-767789f04000 ---p 00000000 00:00 0 
767789f04000-76778a000000 rw-p 00000000 00:00 0 
76778a000000-76778a097000 r--p 00000000 103:02 51708318                  /usr/lib/libstdc++.so.6.0.33
76778a097000-76778a1e4000 r-xp 00097000 103:02 51708318                  /usr/lib/libstdc++.so.6.0.33
76778a1e4000-76778a274000 r--p 001e4000 103:02 51708318                  /usr/lib/libstdc++.so.6.0.33
76778a274000-76778a281000 r--p 00274000 103:02 51708318                  /usr/lib/libstdc++.so.6.0.33
76778a281000-76778a282000 rw-p 00281000 103:02 51708318                  /usr/lib/libstdc++.so.6.0.33
76778a282000-76778a286000 rw-p 00000000 00:00 0 
76778a28a000-76778a2bb000 rw-p 00000000 00:00 0 
76778a2bb000-76778a2bf000 r--p 00000000 103:02 52695784                  /usr/lib/jvm/java-17-openjdk/lib/libnet.so
76778a2bf000-76778a2cd000 r-xp 00004000 103:02 52695784                  /usr/lib/jvm/java-17-openjdk/lib/libnet.so
76778a2cd000-76778a2d0000 r--p 00012000 103:02 52695784                  /usr/lib/jvm/java-17-openjdk/lib/libnet.so
76778a2d0000-76778a2d1000 r--p 00015000 103:02 52695784                  /usr/lib/jvm/java-17-openjdk/lib/libnet.so
76778a2d1000-76778a2d2000 rw-p 00016000 103:02 52695784                  /usr/lib/jvm/java-17-openjdk/lib/libnet.so
76778a2d2000-76778a311000 rw-p 00000000 00:00 0 
76778a311000-76778a31f000 r--p 00000000 103:02 51645846                  /usr/lib/libm.so.6
76778a31f000-76778a3a2000 r-xp 0000e000 103:02 51645846                  /usr/lib/libm.so.6
76778a3a2000-76778a3fe000 r--p 00091000 103:02 51645846                  /usr/lib/libm.so.6
76778a3fe000-76778a3ff000 r--p 000ec000 103:02 51645846                  /usr/lib/libm.so.6
76778a3ff000-76778a400000 rw-p 000ed000 103:02 51645846                  /usr/lib/libm.so.6
76778a400000-76778a40d000 r--p 00000000 103:02 53110626                  /usr/lib/jvm/java-17-openjdk/lib/server/libjvm.so
76778a40d000-76778aff4000 r-xp 0000d000 103:02 53110626                  /usr/lib/jvm/java-17-openjdk/lib/server/libjvm.so
76778aff4000-76778b1a4000 r--p 00bf4000 103:02 53110626                  /usr/lib/jvm/java-17-openjdk/lib/server/libjvm.so
76778b1a4000-76778b259000 r--p 00da4000 103:02 53110626                  /usr/lib/jvm/java-17-openjdk/lib/server/libjvm.so
76778b259000-76778b289000 rw-p 00e59000 103:02 53110626                  /usr/lib/jvm/java-17-openjdk/lib/server/libjvm.so
76778b289000-76778b2e2000 rw-p 00000000 00:00 0 
76778b2e5000-76778b2ec000 r--p 00000000 103:02 52695785                  /usr/lib/jvm/java-17-openjdk/lib/libnio.so
76778b2ec000-76778b2f5000 r-xp 00007000 103:02 52695785                  /usr/lib/jvm/java-17-openjdk/lib/libnio.so
76778b2f5000-76778b2fa000 r--p 00010000 103:02 52695785                  /usr/lib/jvm/java-17-openjdk/lib/libnio.so
76778b2fa000-76778b2fb000 r--p 00014000 103:02 52695785                  /usr/lib/jvm/java-17-openjdk/lib/libnio.so
76778b2fb000-76778b2fc000 rw-p 00015000 103:02 52695785                  /usr/lib/jvm/java-17-openjdk/lib/libnio.so
76778b2fc000-76778b33b000 rw-p 00000000 00:00 0 
76778b33b000-76778b33f000 r--p 00000000 103:02 51646549                  /usr/lib/libgcc_s.so.1
76778b33f000-76778b363000 r-xp 00004000 103:02 51646549                  /usr/lib/libgcc_s.so.1
76778b363000-76778b367000 r--p 00028000 103:02 51646549                  /usr/lib/libgcc_s.so.1
76778b367000-76778b368000 r--p 0002b000 103:02 51646549                  /usr/lib/libgcc_s.so.1
76778b368000-76778b369000 rw-p 0002c000 103:02 51646549                  /usr/lib/libgcc_s.so.1
76778b369000-76778b36c000 rw-p 00000000 00:00 0 
76778b36c000-76778b36f000 r--p 00000000 103:02 51656591                  /usr/lib/libz.so.1.3.1
76778b36f000-76778b37d000 r-xp 00003000 103:02 51656591                  /usr/lib/libz.so.1.3.1
76778b37d000-76778b383000 r--p 00011000 103:02 51656591                  /usr/lib/libz.so.1.3.1
76778b383000-76778b384000 r--p 00017000 103:02 51656591                  /usr/lib/libz.so.1.3.1
76778b384000-76778b385000 rw-p 00018000 103:02 51656591                  /usr/lib/libz.so.1.3.1
76778b385000-76778b3a9000 r--p 00000000 103:02 51645820                  /usr/lib/libc.so.6
76778b3a9000-76778b51a000 r-xp 00024000 103:02 51645820                  /usr/lib/libc.so.6
76778b51a000-76778b568000 r--p 00195000 103:02 51645820                  /usr/lib/libc.so.6
76778b568000-76778b56c000 r--p 001e3000 103:02 51645820                  /usr/lib/libc.so.6
76778b56c000-76778b56e000 rw-p 001e7000 103:02 51645820                  /usr/lib/libc.so.6
76778b56e000-76778b576000 rw-p 00000000 00:00 0 
76778b57b000-76778b582000 rw-p 00000000 00:00 0 
76778b582000-76778b58a000 ---p 00000000 00:00 0 
76778b58a000-76778b594000 r--p 00000000 103:02 52695770                  /usr/lib/jvm/java-17-openjdk/lib/libjava.so
76778b594000-76778b5a5000 r-xp 0000a000 103:02 52695770                  /usr/lib/jvm/java-17-openjdk/lib/libjava.so
76778b5a5000-76778b5aa000 r--p 0001b000 103:02 52695770                  /usr/lib/jvm/java-17-openjdk/lib/libjava.so
76778b5aa000-76778b5ab000 r--p 00020000 103:02 52695770                  /usr/lib/jvm/java-17-openjdk/lib/libjava.so
76778b5ab000-76778b5ac000 rw-p 00021000 103:02 52695770                  /usr/lib/jvm/java-17-openjdk/lib/libjava.so
76778b5ac000-76778b5ad000 rw-p 00000000 00:00 0 
76778b5ad000-76778b5b5000 rw-s 00000000 00:29 12865                      /tmp/hsperfdata_mahir/163270
76778b5b5000-76778b5b6000 ---p 00000000 00:00 0 
76778b5b6000-76778b5b7000 r--p 00000000 00:00 0 
76778b5b7000-76778b5b8000 ---p 00000000 00:00 0 
76778b5b8000-76778b5b9000 r--p 00000000 103:02 52695774                  /usr/lib/jvm/java-17-openjdk/lib/libjimage.so
76778b5b9000-76778b5bb000 r-xp 00001000 103:02 52695774                  /usr/lib/jvm/java-17-openjdk/lib/libjimage.so
76778b5bb000-76778b5bc000 r--p 00003000 103:02 52695774                  /usr/lib/jvm/java-17-openjdk/lib/libjimage.so
76778b5bc000-76778b5bd000 r--p 00003000 103:02 52695774                  /usr/lib/jvm/java-17-openjdk/lib/libjimage.so
76778b5bd000-76778b5be000 rw-p 00004000 103:02 52695774                  /usr/lib/jvm/java-17-openjdk/lib/libjimage.so
76778b5be000-76778b5c0000 r--p 00000000 103:02 52695775                  /usr/lib/jvm/java-17-openjdk/lib/libjli.so
76778b5c0000-76778b5c9000 r-xp 00002000 103:02 52695775                  /usr/lib/jvm/java-17-openjdk/lib/libjli.so
76778b5c9000-76778b5cc000 r--p 0000b000 103:02 52695775                  /usr/lib/jvm/java-17-openjdk/lib/libjli.so
76778b5cc000-76778b5cd000 r--p 0000d000 103:02 52695775                  /usr/lib/jvm/java-17-openjdk/lib/libjli.so
76778b5cd000-76778b5ce000 rw-p 0000e000 103:02 52695775                  /usr/lib/jvm/java-17-openjdk/lib/libjli.so
76778b5ce000-76778b5d0000 rw-p 00000000 00:00 0 
76778b5d0000-76778b5d4000 r--p 00000000 00:00 0                          [vvar]
76778b5d4000-76778b5d6000 r-xp 00000000 00:00 0                          [vdso]
76778b5d6000-76778b5d7000 r--p 00000000 103:02 51645765                  /usr/lib/ld-linux-x86-64.so.2
76778b5d7000-76778b600000 r-xp 00001000 103:02 51645765                  /usr/lib/ld-linux-x86-64.so.2
76778b600000-76778b60a000 r--p 0002a000 103:02 51645765                  /usr/lib/ld-linux-x86-64.so.2
76778b60a000-76778b60c000 r--p 00034000 103:02 51645765                  /usr/lib/ld-linux-x86-64.so.2
76778b60c000-76778b60e000 rw-p 00036000 103:02 51645765                  /usr/lib/ld-linux-x86-64.so.2
7ffeadadd000-7ffeadaff000 rw-p 00000000 00:00 0                          [stack]
ffffffffff600000-ffffffffff601000 --xp 00000000 00:00 0                  [vsyscall]


VM Arguments:
jvm_args: -Duser.dir=/home/mahir/fun/CPU/nebula-risc-v 
java_command: nebula.test.cpu_test
java_class_path (initial): /home/mahir/fun/CPU/nebula-risc-v/.metals/.tmp/classpath_E82CF18B7B41A9F8DE3F0EAB958BBD1A.jar
Launcher Type: SUN_STANDARD

[Global flags]
     intx CICompilerCount                          = 12                                        {product} {ergonomic}
     uint ConcGCThreads                            = 5                                         {product} {ergonomic}
     uint G1ConcRefinementThreads                  = 18                                        {product} {ergonomic}
   size_t G1HeapRegionSize                         = 4194304                                   {product} {ergonomic}
    uintx GCDrainStackTargetSize                   = 64                                        {product} {ergonomic}
   size_t InitialHeapSize                          = 528482304                                 {product} {ergonomic}
   size_t MarkStackSize                            = 4194304                                   {product} {ergonomic}
   size_t MaxHeapSize                              = 8392802304                                {product} {ergonomic}
   size_t MaxNewSize                               = 5033164800                                {product} {ergonomic}
   size_t MinHeapDeltaBytes                        = 4194304                                   {product} {ergonomic}
   size_t MinHeapSize                              = 8388608                                   {product} {ergonomic}
    uintx NonNMethodCodeHeapSize                   = 7602480                                {pd product} {ergonomic}
    uintx NonProfiledCodeHeapSize                  = 122027880                              {pd product} {ergonomic}
    uintx ProfiledCodeHeapSize                     = 122027880                              {pd product} {ergonomic}
    uintx ReservedCodeCacheSize                    = 251658240                              {pd product} {ergonomic}
     bool SegmentedCodeCache                       = true                                      {product} {ergonomic}
   size_t SoftMaxHeapSize                          = 8392802304                             {manageable} {ergonomic}
     bool UseCompressedClassPointers               = true                           {product lp64_product} {ergonomic}
     bool UseCompressedOops                        = true                           {product lp64_product} {ergonomic}
     bool UseG1GC                                  = true                                      {product} {ergonomic}

Logging:
Log output configuration:
 #0: stdout all=warning uptime,level,tags
 #1: stderr all=off uptime,level,tags

Environment Variables:
PATH=/home/mahir/.local/share/gem/ruby/3.0.0/bin:/usr/local/sbin:/usr/local/bin:/usr/bin:/var/lib/flatpak/exports/bin:/usr/lib/jvm/default/bin:/usr/bin/site_perl:/usr/bin/vendor_perl:/usr/bin/core_perl:/opt/rocm/bin:/home/mahir/.local/bin:/home/mahir/.local/share/coursier/bin:~/.cargo/bin:/home/mahir/.local/bin:/home/mahir/.local/share/coursier/bin
SHELL=/bin/zsh
DISPLAY=:1
LANG=en_GB.UTF-8
LC_NUMERIC=en_GB.UTF-8
LC_TIME=en_GB.UTF-8
TERM=xterm-256color

Active Locale:
LC_ALL=en_GB.UTF-8
LC_COLLATE=en_GB.UTF-8
LC_CTYPE=en_GB.UTF-8
LC_MESSAGES=en_GB.UTF-8
LC_MONETARY=en_GB.UTF-8
LC_NUMERIC=en_GB.UTF-8
LC_TIME=en_GB.UTF-8

Signal Handlers:
   SIGSEGV: 0x000076778ae30aa0 in libjvm.so+10685088, mask=11100100010111111101111111111110, flags=SA_RESTART|SA_SIGINFO, unblocked
    SIGBUS: 0x000076778ae30aa0 in libjvm.so+10685088, mask=11100100010111111101111111111110, flags=SA_RESTART|SA_SIGINFO, unblocked
    SIGFPE: 0x000076778ae30aa0 in libjvm.so+10685088, mask=11100100010111111101111111111110, flags=SA_RESTART|SA_SIGINFO, unblocked
   SIGPIPE: 0x000076778ad4c400 in libjvm.so+9749504, mask=11100100010111111101111111111110, flags=SA_RESTART|SA_SIGINFO, blocked
   SIGXFSZ: 0x000076778ad4c400 in libjvm.so+9749504, mask=11100100010111111101111111111110, flags=SA_RESTART|SA_SIGINFO, blocked
    SIGILL: 0x000076778ae30aa0 in libjvm.so+10685088, mask=11100100010111111101111111111110, flags=SA_RESTART|SA_SIGINFO, unblocked
   SIGUSR2: 0x000076778ad4b440 in libjvm.so+9745472, mask=00000000000000000000000000000000, flags=SA_RESTART|SA_SIGINFO, blocked
    SIGHUP: 0x000076778ad4b3c0 in libjvm.so+9745344, mask=11100100010111111101111111111110, flags=SA_RESTART|SA_SIGINFO, blocked
    SIGINT: 0x000076778ad4b3c0 in libjvm.so+9745344, mask=11100100010111111101111111111110, flags=SA_RESTART|SA_SIGINFO, blocked
   SIGTERM: 0x000076778ad4b3c0 in libjvm.so+9745344, mask=11100100010111111101111111111110, flags=SA_RESTART|SA_SIGINFO, blocked
   SIGQUIT: 0x000076778ad4b3c0 in libjvm.so+9745344, mask=11100100010111111101111111111110, flags=SA_RESTART|SA_SIGINFO, blocked
   SIGTRAP: 0x000076778ae30aa0 in libjvm.so+10685088, mask=11100100010111111101111111111110, flags=SA_RESTART|SA_SIGINFO, unblocked


Periodic native trim disabled


---------------  S Y S T E M  ---------------

OS:
DISTRIB_ID="EndeavourOS"
DISTRIB_RELEASE="rolling"
DISTRIB_DESCRIPTION="EndeavourOS Linux"
DISTRIB_CODENAME="rolling"
uname: Linux 6.11.2-arch1-1 #1 SMP PREEMPT_DYNAMIC Fri, 04 Oct 2024 21:51:11 +0000 x86_64
OS uptime: 0 days 14:52 hours
libc: glibc 2.40 NPTL 2.40 
rlimit (soft/hard): STACK 8192k/infinity , CORE infinity/infinity , NPROC 127623/127623 , NOFILE 524288/524288 , AS infinity/infinity , CPU infinity/infinity , DATA infinity/infinity , FSIZE infinity/infinity , MEMLOCK 8192k/8192k
load average: 2.06 1.36 1.02

/proc/meminfo:
MemTotal:       32782596 kB
MemFree:        15810944 kB
MemAvailable:   23562336 kB
Buffers:          942928 kB
Cached:          6743052 kB
SwapCached:            0 kB
Active:          9212156 kB
Inactive:        5477416 kB
Active(anon):    7198828 kB
Inactive(anon):        0 kB
Active(file):    2013328 kB
Inactive(file):  5477416 kB
Unevictable:         168 kB
Mlocked:             168 kB
SwapTotal:             0 kB
SwapFree:              0 kB
Zswap:                 0 kB
Zswapped:              0 kB
Dirty:            150396 kB
Writeback:             0 kB
AnonPages:       6956072 kB
Mapped:          1415672 kB
Shmem:            195236 kB
KReclaimable:     726188 kB
Slab:             956776 kB
SReclaimable:     726188 kB
SUnreclaim:       230588 kB
KernelStack:       32144 kB
PageTables:        76788 kB
SecPageTables:      5256 kB
NFS_Unstable:          0 kB
Bounce:                0 kB
WritebackTmp:          0 kB
CommitLimit:    16391296 kB
Committed_AS:   32640908 kB
VmallocTotal:   34359738367 kB
VmallocUsed:      118708 kB
VmallocChunk:          0 kB
Percpu:            50880 kB
HardwareCorrupted:     0 kB
AnonHugePages:   2469888 kB
ShmemHugePages:        0 kB
ShmemPmdMapped:        0 kB
FileHugePages:    759808 kB
FilePmdMapped:    264192 kB
CmaTotal:              0 kB
CmaFree:               0 kB
Unaccepted:            0 kB
HugePages_Total:       0
HugePages_Free:        0
HugePages_Rsvd:        0
HugePages_Surp:        0
Hugepagesize:       2048 kB
Hugetlb:               0 kB
DirectMap4k:      774424 kB
DirectMap2M:    18020352 kB
DirectMap1G:    14680064 kB

/sys/kernel/mm/transparent_hugepage/enabled: [always] madvise never
/sys/kernel/mm/transparent_hugepage/hpage_pmd_size: 2097152
/sys/kernel/mm/transparent_hugepage/defrag (defrag/compaction efforts parameter): always defer defer+madvise [madvise] never

Process Memory:
Virtual Size: 13102752K (peak: 13103040K)
Resident Set Size: 213344K (peak: 219260K) (anon: 168876K, file: 44468K, shmem: 0K)
Swapped out: 0K
C-Heap outstanding allocations: 93311K, retained: 25544K
glibc malloc tunables: (default)

/proc/sys/kernel/threads-max (system-wide limit on the number of threads): 255246
/proc/sys/vm/max_map_count (maximum number of memory map areas a process may have): 1048576
/proc/sys/vm/swappiness (control to define how aggressively the kernel swaps out anonymous memory): 60
/proc/sys/kernel/pid_max (system-wide limit on number of process identifiers): 4194304

container (cgroup) information:
container_type: cgroupv2
cpu_cpuset_cpus: not supported
cpu_memory_nodes: not supported
active_processor_count: 24
cpu_quota: no quota
cpu_period: 100000
cpu_shares: no shares
memory_limit_in_bytes: unlimited
memory_and_swap_limit_in_bytes: unlimited
memory_soft_limit_in_bytes: unlimited
memory_usage_in_bytes: 2126040 k
memory_max_usage_in_bytes: not supported
memory_swap_current_in_bytes: unlimited
memory_swap_max_limit_in_bytes: unlimited
maximum number of tasks: 38286
current number of tasks: 360

Steal ticks since vm start: 0
Steal ticks percentage since vm start:  0.000

CPU: total 24 (initial active 24) (24 cores per cpu, 2 threads per core) family 25 model 33 stepping 2 microcode 0xa20120a, cx8, cmov, fxsr, ht, mmx, 3dnowpref, sse, sse2, sse3, ssse3, sse4a, sse4.1, sse4.2, popcnt, lzcnt, tsc, tscinvbit, avx, avx2, aes, erms, clmul, bmi1, bmi2, adx, sha, fma, vzeroupper, clflush, clflushopt
CPU Model and flags from /proc/cpuinfo:
model name	: AMD Ryzen 9 5900X 12-Core Processor
flags		: fpu vme de pse tsc msr pae mce cx8 apic sep mtrr pge mca cmov pat pse36 clflush mmx fxsr sse sse2 ht syscall nx mmxext fxsr_opt pdpe1gb rdtscp lm constant_tsc rep_good nopl xtopology nonstop_tsc cpuid extd_apicid aperfmperf rapl pni pclmulqdq monitor ssse3 fma cx16 sse4_1 sse4_2 x2apic movbe popcnt aes xsave avx f16c rdrand lahf_lm cmp_legacy svm extapic cr8_legacy abm sse4a misalignsse 3dnowprefetch osvw ibs skinit wdt tce topoext perfctr_core perfctr_nb bpext perfctr_llc mwaitx cpb cat_l3 cdp_l3 hw_pstate ssbd mba ibrs ibpb stibp vmmcall fsgsbase bmi1 avx2 smep bmi2 erms invpcid cqm rdt_a rdseed adx smap clflushopt clwb sha_ni xsaveopt xsavec xgetbv1 xsaves cqm_llc cqm_occup_llc cqm_mbm_total cqm_mbm_local user_shstk clzero irperf xsaveerptr rdpru wbnoinvd arat npt lbrv svm_lock nrip_save tsc_scale vmcb_clean flushbyasid decodeassists pausefilter pfthreshold avic v_vmsave_vmload vgif v_spec_ctrl umip pku ospke vaes vpclmulqdq rdpid overflow_recov succor smca fsrm debug_swap

Online cpus: 0-23
Offline cpus: 
BIOS frequency limitation: <Not Available>
Frequency switch latency (ns): 0
Available cpu frequencies: <Not Available>
Current governor: powersave
Core performance/turbo boost: 1

Memory: 4k page, physical 32782596k(15810944k free), swap 0k(0k free)
Page Sizes: 4k

vm_info: OpenJDK 64-Bit Server VM (17.0.12+7) for linux-amd64 JRE (17.0.12+7), built on Jul 17 2024 13:35:02 by "builduser" with gcc 14.1.1 20240522

END.
