#
# A fatal error has been detected by the Java Runtime Environment:
#
#  SIGSEGV (0xb) at pc=0x00007255ea39089d, pid=123232, tid=123234
#
# JRE version: OpenJDK Runtime Environment (17.0.12+7) (build 17.0.12+7)
# Java VM: OpenJDK 64-Bit Server VM (17.0.12+7, mixed mode, sharing, tiered, compressed oops, compressed class ptrs, g1 gc, linux-amd64)
# Problematic frame:
# C  [verilator_6990721358639234058.so+0x3089d]  sc_time_stamp()+0x14
#
# Core dump will be written. Default location: Core dumps may be processed with "/usr/lib/systemd/systemd-coredump %P %u %g %s %t %c %h" (or dumping to /home/mahir/fun/CPU/nebula-risc-v/core.123232)
#
# If you would like to submit a bug report, please visit:
#   https://bugreport.java.com/bugreport/crash.jsp
# The crash happened outside the Java Virtual Machine in native code.
# See problematic frame for where to report the bug.
#

---------------  S U M M A R Y ------------

Command Line: -Duser.dir=/home/mahir/fun/CPU/nebula-risc-v nebula.test.decoder_test

Host: AMD Ryzen 9 5900X 12-Core Processor, 24 cores, 31G, EndeavourOS Linux
Time: Tue Oct  8 21:20:59 2024 BST elapsed time: 2.901106 seconds (0d 0h 0m 2s)

---------------  T H R E A D  ---------------

Current thread (0x000072560c015980):  JavaThread "main" [_thread_in_native, id=123234, stack(0x0000725612100000,0x0000725612200000)]

Stack: [0x0000725612100000,0x0000725612200000],  sp=0x00007256121fdd30,  free space=1015k
Native frames: (J=compiled Java code, j=interpreted, Vv=VM code, C=native code)
C  [verilator_6990721358639234058.so+0x3089d]  sc_time_stamp()+0x14
C  [verilator_6990721358639234058.so+0x47185]  VerilatedContext::time() const+0x31
C  [verilator_6990721358639234058.so+0x401b0]  VerilatedContext::addModel(VerilatedModel*)+0xa0
C  [verilator_6990721358639234058.so+0x76a14]  VdecoderForTest::VdecoderForTest(VerilatedContext*, char const*)+0x108
C  [verilator_6990721358639234058.so+0x76aff]  VdecoderForTest::VdecoderForTest(char const*)+0x2b

Java frames: (J=compiled Java code, j=interpreted, Vv=VM code)
j  wrapper_verilator.VerilatorNative.newHandle_6990721358639234058(Ljava/lang/String;Ljava/lang/String;I)J+0
j  wrapper_verilator.VerilatorNative.newHandle(Ljava/lang/String;Ljava/lang/String;I)J+4
j  spinal.sim.VerilatorBackend.instanciate(Ljava/lang/String;I)J+135
j  spinal.core.sim.SpinalSimConfig$$anon$3.newSimRaw(Ljava/lang/String;I)Lspinal/sim/SimRaw;+14
j  spinal.core.sim.SimCompiled.doSimApi(Ljava/lang/String;IZLscala/Function1;)V+47
j  spinal.core.sim.SimCompiled.doSim(Lscala/Function1;)V+23
j  nebula.test.decoder_test$.delayedEndpoint$nebula$test$decoder_test$1()V+22
j  nebula.test.decoder_test$delayedInit$body.apply()Ljava/lang/Object;+4
j  scala.Function0.apply$mcV$sp()V+1
j  scala.Function0.apply$mcV$sp$(Lscala/Function0;)V+1
j  scala.runtime.AbstractFunction0.apply$mcV$sp()V+1
j  scala.App.$anonfun$main$1$adapted(Lscala/Function0;)Ljava/lang/Object;+1
j  scala.App$$Lambda$5+0x0000725584036fe0.apply(Ljava/lang/Object;)Ljava/lang/Object;+4
j  scala.collection.immutable.List.foreach(Lscala/Function1;)V+14
j  scala.App.main([Ljava/lang/String;)V+33
j  scala.App.main$(Lscala/App;[Ljava/lang/String;)V+2
j  nebula.test.decoder_test$.main([Ljava/lang/String;)V+2
j  nebula.test.decoder_test.main([Ljava/lang/String;)V+4
v  ~StubRoutines::call_stub

siginfo: si_signo: 11 (SIGSEGV), si_code: 1 (SEGV_MAPERR), si_addr: 0x0000000000000008

Registers:
RAX=0x0000000000000000, RBX=0x000072560ca11ec0, RCX=0x0000000001421c60, RDX=0x00005886153caf90
RSP=0x00007256121fdd30, RBP=0x00007256121fdd40, RSI=0x0000000000000000, RDI=0x00007255ea3fcf08
R8 =0x000ea3d69c78af97, R9 =0x0000000000000000, R10=0x0000000000000000, R11=0x000072561374a080
R12=0x000072560ca11e40, R13=0x0000000000000001, R14=0x000072560ca11740, R15=0x000072560ca103c0
RIP=0x00007255ea39089d, EFLAGS=0x0000000000010206, CSGSFS=0x002b000000000033, ERR=0x0000000000000004
  TRAPNO=0x000000000000000e


Register to memory mapping:

RAX=0x0 is NULL
RBX=0x000072560ca11ec0 points into unknown readable memory: 0x00007255ea3ff440 | 40 f4 3f ea 55 72 00 00
RCX=0x0000000001421c60 is an unknown value
RDX=0x00005886153caf90 points into unknown readable memory: 0x0000000000000004 | 04 00 00 00 00 00 00 00
RSP=0x00007256121fdd30 is pointing into the stack for thread: 0x000072560c015980
RBP=0x00007256121fdd40 is pointing into the stack for thread: 0x000072560c015980
RSI=0x0 is NULL
RDI=0x00007255ea3fcf08: <offset 0x000000000009cf08> in /home/mahir/fun/CPU/nebula-risc-v/simWorkspace/decoderForTest/verilator/verilator_6990721358639234058.so at 0x00007255ea360000
R8 =0x000ea3d69c78af97 is an unknown value
R9 =0x0 is NULL
R10=0x0 is NULL
R11=0x000072561374a080 points into unknown readable memory: 0x0000000101421c60 | 60 1c 42 01 01 00 00 00
R12=0x000072560ca11e40 points into unknown readable memory: 0x00007255ea3fc798 | 98 c7 3f ea 55 72 00 00
R13=0x0000000000000001 is an unknown value
R14=0x000072560ca11740 points into unknown readable memory: 0x00007255ea3fc680 | 80 c6 3f ea 55 72 00 00
R15=0x000072560ca103c0 points into unknown readable memory: 0x0000000074736574 | 74 65 73 74 00 00 00 00


Top of Stack: (sp=0x00007256121fdd30)
0x00007256121fdd30:   0000000000000001 00007255ea3a711b
0x00007256121fdd40:   00007256121fdd60 00007255ea3a7185
0x00007256121fdd50:   00007255ea3ff440 00007255ea3ff440
0x00007256121fdd60:   00007256121fdf40 00007255ea3a01b0
0x00007256121fdd70:   000072560ca11e40 00007255ea3ff440
0x00007256121fdd80:   0000000000000000 00007255ea3ff440
0x00007256121fdd90:   9999999999999999 0000000000000000
0x00007256121fdda0:   2020202020202020 00007255ea3ff440
0x00007256121fddb0:   00007256121fdde0 00007255ea3a1fbd
0x00007256121fddc0:   0000000000000000 33d46cf5ea3ff440
0x00007256121fddd0:   00007256121fdde0 00007255ea3a7f0d
0x00007256121fdde0:   00007256121fde00 00007255ea39345c
0x00007256121fddf0:   0000000000000001 000072560ca11ec0
0x00007256121fde00:   000072560ca11e40 0000000000000001
0x00007256121fde10:   000072560ca11740 000072560ca103c0
0x00007256121fde20:   00007256121fde40 00007255ea3a6c12
0x00007256121fde30:   00007256121fde40 00007255ea3ff440
0x00007256121fde40:   00007256121fde60 00007255ea3a6cee
0x00007256121fde50:   00007256121fde70 00007255ea3a6c41
0x00007256121fde60:   00007256121fde80 00007255ea3ff440
0x00007256121fde70:   00007256121fde90 00007255ea3a6d0e
0x00007256121fde80:   00007256121fdeb0 00007255ea3ff440
0x00007256121fde90:   00007256121fdeb0 00007255ea3a6d94
0x00007256121fdea0:   000072560ca11ec0 00007255ea3ff440
0x00007256121fdeb0:   00007256121fded0 00007255ea3a6df7
0x00007256121fdec0:   00007255ea3ff440 00007256121fdef0
0x00007256121fded0:   00007256121fdf00 00007255ea3d8212
0x00007256121fdee0:   0000000c00800000 00007255ea3ff440
0x00007256121fdef0:   00007201ea3ff440 000072560ca11f80
0x00007256121fdf00:   00007256121fdf40 00007255ea3d813f
0x00007256121fdf10:   000072560ca11e40 00007255ea3da000
0x00007256121fdf20:   00007255ea3ff440 46babdcd531cf800 

Instructions: (pc=0x00007255ea39089d)
0x00007255ea39079d:   b8 ff ff ff 25 12 ec 06 00 68 77 04 00 00 e9 70
0x00007255ea3907ad:   b8 ff ff ff 25 92 c7 06 00 66 90 ff 25 fa c7 06
0x00007255ea3907bd:   00 66 90 48 8d 3d 51 ec 06 00 48 8d 05 4a ec 06
0x00007255ea3907cd:   00 48 39 f8 74 15 48 8b 05 ce c7 06 00 48 85 c0
0x00007255ea3907dd:   74 09 ff e0 0f 1f 80 00 00 00 00 c3 0f 1f 80 00
0x00007255ea3907ed:   00 00 00 48 8d 3d 21 ec 06 00 48 8d 35 1a ec 06
0x00007255ea3907fd:   00 48 29 fe 48 89 f0 48 c1 ee 3f 48 c1 f8 03 48
0x00007255ea39080d:   01 c6 48 d1 fe 74 14 48 8b 05 bd c7 06 00 48 85
0x00007255ea39081d:   c0 74 08 ff e0 66 0f 1f 44 00 00 c3 0f 1f 80 00
0x00007255ea39082d:   00 00 00 f3 0f 1e fa 80 3d e5 eb 06 00 00 75 33
0x00007255ea39083d:   55 48 83 3d ea c6 06 00 00 48 89 e5 74 0d 48 8b
0x00007255ea39084d:   3d 6e eb 06 00 ff 15 d8 c6 06 00 e8 63 ff ff ff
0x00007255ea39085d:   c6 05 bc eb 06 00 01 5d c3 66 2e 0f 1f 84 00 00
0x00007255ea39086d:   00 00 00 c3 66 66 2e 0f 1f 84 00 00 00 00 00 0f
0x00007255ea39087d:   1f 40 00 f3 0f 1e fa e9 67 ff ff ff 52 48 8d 3d
0x00007255ea39088d:   77 c6 06 00 e8 4a f4 ff ff 48 8b 80 00 00 00 00
0x00007255ea39089d:   48 8b 40 08 48 85 c0 78 07 f2 48 0f 2a c0 eb 15
0x00007255ea3908ad:   48 89 c2 83 e0 01 48 d1 ea 48 09 c2 f2 48 0f 2a
0x00007255ea3908bd:   c2 f2 0f 58 c0 58 c3 50 89 f2 31 c0 48 89 fe 48
0x00007255ea3908cd:   8d 3d 6d 97 04 00 e8 58 b8 ff ff e8 8a 03 00 00
0x00007255ea3908dd:   be 01 00 00 00 5a 48 89 c7 e9 eb ee 00 00 41 57
0x00007255ea3908ed:   41 56 49 89 d6 41 55 41 54 49 89 cc 55 53 48 89
0x00007255ea3908fd:   fb 49 63 f8 48 83 ec 18 89 7c 24 0c e8 f2 f2 ff
0x00007255ea39090d:   ff 48 8b 03 31 d2 4c 89 f6 48 89 df ff 90 48 05
0x00007255ea39091d:   00 00 31 d2 4c 89 e6 48 89 df 49 89 c7 48 8b 03
0x00007255ea39092d:   ff 90 48 05 00 00 bf 80 04 00 00 49 89 c5 e8 e0
0x00007255ea39093d:   db ff ff 8b 4c 24 0c 4c 89 ea 4c 89 fe 48 89 c7
0x00007255ea39094d:   48 89 c5 e8 01 04 00 00 48 8b 03 4c 89 fa 4c 89
0x00007255ea39095d:   f6 48 89 df ff 90 50 05 00 00 48 8b 03 4c 89 ea
0x00007255ea39096d:   4c 89 e6 48 89 df ff 90 50 05 00 00 48 83 c4 18
0x00007255ea39097d:   48 89 e8 5b 5d 41 5c 41 5d 41 5e 41 5f c3 48 89
0x00007255ea39098d:   c3 48 89 ef be 80 04 00 00 e8 25 dc ff ff 48 89 


Stack slot to memory mapping:
stack at sp + 0 slots: 0x0000000000000001 is an unknown value
stack at sp + 1 slots: 0x00007255ea3a711b: <offset 0x000000000004711b> in /home/mahir/fun/CPU/nebula-risc-v/simWorkspace/decoderForTest/verilator/verilator_6990721358639234058.so at 0x00007255ea360000
stack at sp + 2 slots: 0x00007256121fdd60 is pointing into the stack for thread: 0x000072560c015980
stack at sp + 3 slots: 0x00007255ea3a7185: <offset 0x0000000000047185> in /home/mahir/fun/CPU/nebula-risc-v/simWorkspace/decoderForTest/verilator/verilator_6990721358639234058.so at 0x00007255ea360000
stack at sp + 4 slots: 0x00007255ea3ff440: <offset 0x000000000009f440> in /home/mahir/fun/CPU/nebula-risc-v/simWorkspace/decoderForTest/verilator/verilator_6990721358639234058.so at 0x00007255ea360000
stack at sp + 5 slots: 0x00007255ea3ff440: <offset 0x000000000009f440> in /home/mahir/fun/CPU/nebula-risc-v/simWorkspace/decoderForTest/verilator/verilator_6990721358639234058.so at 0x00007255ea360000
stack at sp + 6 slots: 0x00007256121fdf40 is pointing into the stack for thread: 0x000072560c015980
stack at sp + 7 slots: 0x00007255ea3a01b0: <offset 0x00000000000401b0> in /home/mahir/fun/CPU/nebula-risc-v/simWorkspace/decoderForTest/verilator/verilator_6990721358639234058.so at 0x00007255ea360000


---------------  P R O C E S S  ---------------

Threads class SMR info:
_java_thread_list=0x0000725530155510, length=23, elements={
0x000072560c015980, 0x000072560c16d3a0, 0x000072560c16e7a0, 0x000072560c173d10,
0x000072560c1750e0, 0x000072560c176510, 0x000072560c177f60, 0x000072560c1794b0,
0x000072560c17a940, 0x000072560c182770, 0x000072560c185ee0, 0x000072555406d660,
0x0000725530031e70, 0x000072560c5ba4e0, 0x000072560c59ecf0, 0x00007255280b48b0,
0x00007255281587c0, 0x00007254c80a2670, 0x0000725530152200, 0x00007255280be8f0,
0x0000725524252d90, 0x0000725524253b60, 0x00007255301544f0
}

Java Threads: ( => current thread )
=>0x000072560c015980 JavaThread "main" [_thread_in_native, id=123234, stack(0x0000725612100000,0x0000725612200000)]
  0x000072560c16d3a0 JavaThread "Reference Handler" daemon [_thread_blocked, id=123241, stack(0x00007255db7f9000,0x00007255db8f9000)]
  0x000072560c16e7a0 JavaThread "Finalizer" daemon [_thread_blocked, id=123242, stack(0x00007255db6f8000,0x00007255db7f8000)]
  0x000072560c173d10 JavaThread "Signal Dispatcher" daemon [_thread_blocked, id=123243, stack(0x00007255db300000,0x00007255db400000)]
  0x000072560c1750e0 JavaThread "Service Thread" daemon [_thread_blocked, id=123244, stack(0x00007255db1ff000,0x00007255db2ff000)]
  0x000072560c176510 JavaThread "Monitor Deflation Thread" daemon [_thread_blocked, id=123245, stack(0x00007255db0fe000,0x00007255db1fe000)]
  0x000072560c177f60 JavaThread "C2 CompilerThread0" daemon [_thread_blocked, id=123246, stack(0x00007255daffd000,0x00007255db0fd000)]
  0x000072560c1794b0 JavaThread "C1 CompilerThread0" daemon [_thread_blocked, id=123247, stack(0x00007255daefc000,0x00007255daffc000)]
  0x000072560c17a940 JavaThread "Sweeper thread" daemon [_thread_blocked, id=123248, stack(0x00007255dadfb000,0x00007255daefb000)]
  0x000072560c182770 JavaThread "Notification Thread" daemon [_thread_blocked, id=123249, stack(0x00007255dacfa000,0x00007255dadfa000)]
  0x000072560c185ee0 JavaThread "Common-Cleaner" daemon [_thread_blocked, id=123251, stack(0x00007255daaf8000,0x00007255dabf8000)]
  0x000072555406d660 JavaThread "C1 CompilerThread1" daemon [_thread_blocked, id=123252, stack(0x00007255da9f7000,0x00007255daaf7000)]
  0x0000725530031e70 JavaThread "C1 CompilerThread2" daemon [_thread_blocked, id=123253, stack(0x00007255da8f6000,0x00007255da9f6000)]
  0x000072560c5ba4e0 JavaThread "process reaper" daemon [_thread_blocked, id=123273, stack(0x00007255f51ad000,0x00007255f51cf000)]
  0x000072560c59ecf0 JavaThread "JNA Cleaner" daemon [_thread_blocked, id=123274, stack(0x00007255d9ae8000,0x00007255d9be8000)]
  0x00007255280b48b0 JavaThread "C2 CompilerThread1" daemon [_thread_blocked, id=123372, stack(0x00007255da7f5000,0x00007255da8f5000)]
  0x00007255281587c0 JavaThread "C2 CompilerThread2" daemon [_thread_blocked, id=123377, stack(0x00007255d99e7000,0x00007255d9ae7000)]
  0x00007254c80a2670 JavaThread "C2 CompilerThread3" daemon [_thread_in_native, id=123378, stack(0x00007255d93ff000,0x00007255d94ff000)]
  0x0000725530152200 JavaThread "C1 CompilerThread3" daemon [_thread_blocked, id=123379, stack(0x00007255d92fe000,0x00007255d93fe000)]
  0x00007255280be8f0 JavaThread "C2 CompilerThread4" daemon [_thread_blocked, id=123380, stack(0x00007255d90fc000,0x00007255d91fc000)]
  0x0000725524252d90 JavaThread "C2 CompilerThread5" daemon [_thread_blocked, id=123381, stack(0x00007255d8ffb000,0x00007255d90fb000)]
  0x0000725524253b60 JavaThread "C2 CompilerThread6" daemon [_thread_blocked, id=123382, stack(0x00007255d8efa000,0x00007255d8ffa000)]
  0x00007255301544f0 JavaThread "C2 CompilerThread7" daemon [_thread_blocked, id=123383, stack(0x00007255d8df9000,0x00007255d8ef9000)]

Other Threads:
  0x000072560c169400 VMThread "VM Thread" [stack: 0x00007255db8fa000,0x00007255db9fa000] [id=123240]
  0x000072560c1840d0 WatcherThread [stack: 0x00007255dabf9000,0x00007255dacf9000] [id=123250]
  0x000072560c045c60 GCTaskThread "GC Thread#0" [stack: 0x0000725610ade000,0x0000725610bde000] [id=123235]
  0x0000725578007f10 GCTaskThread "GC Thread#1" [stack: 0x00007255da5f3000,0x00007255da6f3000] [id=123259]
  0x0000725578008930 GCTaskThread "GC Thread#2" [stack: 0x00007255da4f2000,0x00007255da5f2000] [id=123260]
  0x0000725578009350 GCTaskThread "GC Thread#3" [stack: 0x00007255da3f1000,0x00007255da4f1000] [id=123261]
  0x0000725578009d70 GCTaskThread "GC Thread#4" [stack: 0x00007255da2f0000,0x00007255da3f0000] [id=123262]
  0x000072557800a790 GCTaskThread "GC Thread#5" [stack: 0x00007255da1ef000,0x00007255da2ef000] [id=123263]
  0x000072557800b1e0 GCTaskThread "GC Thread#6" [stack: 0x00007255da0ee000,0x00007255da1ee000] [id=123264]
  0x000072557800bc30 GCTaskThread "GC Thread#7" [stack: 0x00007255d9fed000,0x00007255da0ed000] [id=123265]
  0x000072557800c6a0 GCTaskThread "GC Thread#8" [stack: 0x00007255d9eec000,0x00007255d9fec000] [id=123266]
  0x000072557800d130 GCTaskThread "GC Thread#9" [stack: 0x00007255d9deb000,0x00007255d9eeb000] [id=123267]
  0x000072557800dbc0 GCTaskThread "GC Thread#10" [stack: 0x00007255d9cea000,0x00007255d9dea000] [id=123268]
  0x000072557800e650 GCTaskThread "GC Thread#11" [stack: 0x00007255d9be9000,0x00007255d9ce9000] [id=123269]
  0x000072560c056ce0 ConcurrentGCThread "G1 Main Marker" [stack: 0x00007256109dd000,0x0000725610add000] [id=123236]
  0x000072560c057c70 ConcurrentGCThread "G1 Conc#0" [stack: 0x00007256108dc000,0x00007256109dc000] [id=123237]
  0x00007255d4000ea0 ConcurrentGCThread "G1 Conc#1" [stack: 0x00007255d9500000,0x00007255d9600000] [id=123373]
  0x00007255d4001500 ConcurrentGCThread "G1 Conc#2" [stack: 0x00007255d98e6000,0x00007255d99e6000] [id=123374]
  0x00007255d4001b10 ConcurrentGCThread "G1 Conc#3" [stack: 0x00007255da6f4000,0x00007255da7f4000] [id=123375]
  0x00007255d4002150 ConcurrentGCThread "G1 Conc#4" [stack: 0x00007255d91fd000,0x00007255d92fd000] [id=123376]
  0x000072560c1389f0 ConcurrentGCThread "G1 Refine#0" [stack: 0x00007255dbafc000,0x00007255dbbfc000] [id=123238]
  0x000072560c139900 ConcurrentGCThread "G1 Service" [stack: 0x00007255db9fb000,0x00007255dbafb000] [id=123239]

Threads with active compile tasks:
C2 CompilerThread3     2905 3269       4       jdk.nio.zipfs.ZipPath::readAttributes (58 bytes)

VM state: not at safepoint (normal execution)

VM Mutex/Monitor currently owned by a thread: None

Heap address: 0x000000060bc00000, size: 8004 MB, Compressed Oops mode: Zero based, Oop shift amount: 3

CDS archive(s) mapped at: [0x0000725583000000-0x0000725583bc7000-0x0000725583bc7000), size 12349440, SharedBaseAddress: 0x0000725583000000, ArchiveRelocationMode: 1.
Compressed class space mapped at: 0x0000725584000000-0x00007255c4000000, reserved size: 1073741824
Narrow klass base: 0x0000725583000000, Narrow klass shift: 0, Narrow klass range: 0x100000000

GC Precious Log:
 CPUs: 24 total, 24 available
 Memory: 32014M
 Large Page Support: Disabled
 NUMA Support: Disabled
 Compressed Oops: Enabled (Zero based)
 Heap Region Size: 4M
 Heap Min Capacity: 8M
 Heap Initial Capacity: 504M
 Heap Max Capacity: 8004M
 Pre-touch: Disabled
 Parallel Workers: 18
 Concurrent Workers: 5
 Concurrent Refinement Workers: 18
 Periodic GC: Disabled

Heap:
 garbage-first heap   total 69632K, used 34938K [0x000000060bc00000, 0x0000000800000000)
  region size 4096K, 9 young (36864K), 1 survivors (4096K)
 Metaspace       used 26755K, committed 27008K, reserved 1114112K
  class space    used 3662K, committed 3776K, reserved 1048576K

Heap Regions: E=young(eden), S=young(survivor), O=old, HS=humongous(starts), HC=humongous(continues), CS=collection set, F=free, OA=open archive, CA=closed archive, TAMS=top-at-mark-start (previous, next)
|   0|0x000000060bc00000, 0x000000060bf6b600, 0x000000060c000000| 85%| O|  |TAMS 0x000000060bf6b600, 0x000000060bc00000| Complete 
|   1|0x000000060c000000, 0x000000060c000000, 0x000000060c400000|  0%| F|  |TAMS 0x000000060c000000, 0x000000060c000000| Untracked 
|   2|0x000000060c400000, 0x000000060c400000, 0x000000060c800000|  0%| F|  |TAMS 0x000000060c400000, 0x000000060c400000| Untracked 
|   3|0x000000060c800000, 0x000000060c800000, 0x000000060cc00000|  0%| F|  |TAMS 0x000000060c800000, 0x000000060c800000| Untracked 
|   4|0x000000060cc00000, 0x000000060cc00000, 0x000000060d000000|  0%| F|  |TAMS 0x000000060cc00000, 0x000000060cc00000| Untracked 
|   5|0x000000060d000000, 0x000000060d000000, 0x000000060d400000|  0%| F|  |TAMS 0x000000060d000000, 0x000000060d000000| Untracked 
|   6|0x000000060d400000, 0x000000060d800000, 0x000000060d800000|100%| E|  |TAMS 0x000000060d400000, 0x000000060d400000| Complete 
|   7|0x000000060d800000, 0x000000060dc00000, 0x000000060dc00000|100%| E|CS|TAMS 0x000000060d800000, 0x000000060d800000| Complete 
|   8|0x000000060dc00000, 0x000000060e000000, 0x000000060e000000|100%| E|CS|TAMS 0x000000060dc00000, 0x000000060dc00000| Complete 
|   9|0x000000060e000000, 0x000000060e400000, 0x000000060e400000|100%| E|CS|TAMS 0x000000060e000000, 0x000000060e000000| Complete 
|  10|0x000000060e400000, 0x000000060e800000, 0x000000060e800000|100%| E|CS|TAMS 0x000000060e400000, 0x000000060e400000| Complete 
|  11|0x000000060e800000, 0x000000060ec00000, 0x000000060ec00000|100%| E|CS|TAMS 0x000000060e800000, 0x000000060e800000| Complete 
|  12|0x000000060ec00000, 0x000000060f000000, 0x000000060f000000|100%| E|CS|TAMS 0x000000060ec00000, 0x000000060ec00000| Complete 
| 114|0x0000000628400000, 0x00000006286c7440, 0x0000000628800000| 69%| S|CS|TAMS 0x0000000628400000, 0x0000000628400000| Complete 
| 125|0x000000062b000000, 0x000000062b400000, 0x000000062b400000|100%| E|  |TAMS 0x000000062b000000, 0x000000062b000000| Complete 
|1999|0x00000007ff800000, 0x00000007ffb75000, 0x00000007ffc00000| 86%|OA|  |TAMS 0x00000007ffb75000, 0x00000007ff800000| Untracked 
|2000|0x00000007ffc00000, 0x00000007ffc77000, 0x0000000800000000| 11%|CA|  |TAMS 0x00000007ffc77000, 0x00000007ffc00000| Untracked 

Card table byte_map: [0x00007255f3200000,0x00007255f41a2000] _byte_map_base: 0x00007255f01a2000

Marking Bits (Prev, Next): (CMBitMap*) 0x000072560c046740, (CMBitMap*) 0x000072560c046700
 Prev Bits: [0x00007255e2600000, 0x00007255ea310000)
 Next Bits: [0x00007255ea400000, 0x00007255f2110000)

Polling page: 0x000072561372f000

Metaspace:

Usage:
  Non-class:     22.55 MB used.
      Class:      3.58 MB used.
       Both:     26.13 MB used.

Virtual space:
  Non-class space:       64.00 MB reserved,      22.69 MB ( 35%) committed,  1 nodes.
      Class space:        1.00 GB reserved,       3.69 MB ( <1%) committed,  1 nodes.
             Both:        1.06 GB reserved,      26.38 MB (  2%) committed. 

Chunk freelists:
   Non-Class:  8.41 MB
       Class:  12.35 MB
        Both:  20.76 MB

MaxMetaspaceSize: unlimited
CompressedClassSpaceSize: 1.00 GB
Initial GC threshold: 21.00 MB
Current GC threshold: 35.44 MB
CDS: on
MetaspaceReclaimPolicy: balanced
 - commit_granule_bytes: 65536.
 - commit_granule_words: 8192.
 - virtual_space_node_default_size: 8388608.
 - enlarge_chunks_in_place: 1.
 - new_chunks_are_fully_committed: 0.
 - uncommit_free_chunks: 1.
 - use_allocation_guard: 0.
 - handle_deallocations: 1.


Internal statistics:

num_allocs_failed_limit: 3.
num_arena_births: 226.
num_arena_deaths: 0.
num_vsnodes_births: 2.
num_vsnodes_deaths: 0.
num_space_committed: 422.
num_space_uncommitted: 0.
num_chunks_returned_to_freelist: 3.
num_chunks_taken_from_freelist: 1114.
num_chunk_merges: 3.
num_chunk_splits: 839.
num_chunks_enlarged: 705.
num_inconsistent_stats: 0.

CodeHeap 'non-profiled nmethods': size=119168Kb used=1461Kb max_used=1461Kb free=117706Kb
 bounds [0x00007255fcda0000, 0x00007255fd010000, 0x0000725604200000]
CodeHeap 'profiled nmethods': size=119164Kb used=7005Kb max_used=7005Kb free=112158Kb
 bounds [0x00007255f5200000, 0x00007255f58e0000, 0x00007255fc65f000]
CodeHeap 'non-nmethods': size=7428Kb used=2969Kb max_used=3003Kb free=4458Kb
 bounds [0x00007255fc65f000, 0x00007255fc9cf000, 0x00007255fcda0000]
 total_blobs=4291 nmethods=3734 adapters=465
 compilation: enabled
              stopped_count=0, restarted_count=0
 full_count=0

Compilation events (20 events):
Event: 2.897 Thread 0x0000725530152200 nmethod 3723 0x00007255f58d0910 code [0x00007255f58d0ac0, 0x00007255f58d0ca0]
Event: 2.897 Thread 0x000072560c1794b0 nmethod 3725 0x00007255f58d0d90 code [0x00007255f58d0f40, 0x00007255f58d1080]
Event: 2.897 Thread 0x000072560c1794b0 3728       3       java.util.Collections$UnmodifiableMap$UnmodifiableEntrySet$1::next (20 bytes)
Event: 2.897 Thread 0x0000725530152200 3729       3       java.lang.ProcessEnvironment$StringEntrySet$1::next (5 bytes)
Event: 2.897 Thread 0x0000725530152200 nmethod 3729 0x00007255f58d1110 code [0x00007255f58d12e0, 0x00007255f58d17c0]
Event: 2.900 Thread 0x000072555406d660 nmethod 3727 0x00007255f58d1910 code [0x00007255f58d1b20, 0x00007255f58d2270]
Event: 2.900 Thread 0x000072560c1794b0 nmethod 3728 0x00007255f58d2490 code [0x00007255f58d2680, 0x00007255f58d2d70]
Event: 2.900 Thread 0x0000725530152200 3730       3       java.lang.ProcessEnvironment$StringEntrySet$1::next (20 bytes)
Event: 2.900 Thread 0x0000725530031e70 nmethod 3726 0x00007255f58d2f90 code [0x00007255f58d31a0, 0x00007255f58d38e0]
Event: 2.900 Thread 0x000072555406d660 3731       3       scala.collection.immutable.Map$MapBuilderImpl::$plus$eq (9 bytes)
Event: 2.900 Thread 0x0000725530031e70 3732       3       scala.collection.immutable.Map$MapBuilderImpl::$plus$eq (128 bytes)
Event: 2.900 Thread 0x000072560c1794b0 3733       3       scala.collection.immutable.HashMap$HashMapBuilder::$plus$eq (30 bytes)
Event: 2.900 Thread 0x000072555406d660 nmethod 3731 0x00007255f58d3b10 code [0x00007255f58d3cc0, 0x00007255f58d3ee0]
Event: 2.900 Thread 0x000072555406d660 3734       3       scala.collection.immutable.HashMap$::scala$collection$immutable$HashMap$$computeHashImpl (10 bytes)
Event: 2.900 Thread 0x0000725530152200 nmethod 3730 0x00007255f58d3f90 code [0x00007255f58d4160, 0x00007255f58d45c0]
Event: 2.900 Thread 0x0000725530152200 3735       3       scala.collection.immutable.HashMap$::elemHashCode (5 bytes)
Event: 2.900 Thread 0x0000725530152200 nmethod 3735 0x00007255f58d4710 code [0x00007255f58d4900, 0x00007255f58d4e10]
Event: 2.900 Thread 0x000072555406d660 nmethod 3734 0x00007255f58d4f10 code [0x00007255f58d5100, 0x00007255f58d56d0]
Event: 2.900 Thread 0x000072560c1794b0 nmethod 3733 0x00007255f58d5890 code [0x00007255f58d5aa0, 0x00007255f58d62a0]
Event: 2.900 Thread 0x0000725530031e70 nmethod 3732 0x00007255f58d6510 code [0x00007255f58d6780, 0x00007255f58d72d0]

GC Heap History (6 events):
Event: 0.219 GC heap before
{Heap before GC invocations=0 (full 0):
 garbage-first heap   total 524288K, used 28592K [0x000000060bc00000, 0x0000000800000000)
  region size 4096K, 6 young (24576K), 0 survivors (0K)
 Metaspace       used 7808K, committed 7936K, reserved 1114112K
  class space    used 968K, committed 1024K, reserved 1048576K
}
Event: 0.223 GC heap after
{Heap after GC invocations=1 (full 0):
 garbage-first heap   total 524288K, used 7950K [0x000000060bc00000, 0x0000000800000000)
  region size 4096K, 1 young (4096K), 1 survivors (4096K)
 Metaspace       used 7808K, committed 7936K, reserved 1114112K
  class space    used 968K, committed 1024K, reserved 1048576K
}
Event: 0.391 GC heap before
{Heap before GC invocations=1 (full 0):
 garbage-first heap   total 524288K, used 36622K [0x000000060bc00000, 0x0000000800000000)
  region size 4096K, 8 young (32768K), 1 survivors (4096K)
 Metaspace       used 13250K, committed 13376K, reserved 1114112K
  class space    used 1646K, committed 1664K, reserved 1048576K
}
Event: 0.395 GC heap after
{Heap after GC invocations=2 (full 0):
 garbage-first heap   total 524288K, used 8852K [0x000000060bc00000, 0x0000000800000000)
  region size 4096K, 1 young (4096K), 1 survivors (4096K)
 Metaspace       used 13250K, committed 13376K, reserved 1114112K
  class space    used 1646K, committed 1664K, reserved 1048576K
}
Event: 2.678 GC heap before
{Heap before GC invocations=2 (full 0):
 garbage-first heap   total 524288K, used 45716K [0x000000060bc00000, 0x0000000800000000)
  region size 4096K, 11 young (45056K), 1 survivors (4096K)
 Metaspace       used 21293K, committed 21504K, reserved 1114112K
  class space    used 3004K, committed 3072K, reserved 1048576K
}
Event: 2.682 GC heap after
{Heap after GC invocations=3 (full 0):
 garbage-first heap   total 524288K, used 10362K [0x000000060bc00000, 0x0000000800000000)
  region size 4096K, 1 young (4096K), 1 survivors (4096K)
 Metaspace       used 21293K, committed 21504K, reserved 1114112K
  class space    used 3004K, committed 3072K, reserved 1048576K
}

Dll operation events (8 events):
Event: 0.001 Loaded shared library /usr/lib/jvm/java-17-openjdk/lib/libjava.so
Event: 0.010 Loaded shared library /usr/lib/jvm/java-17-openjdk/lib/libjsvml.so
Event: 0.016 Loaded shared library /usr/lib/jvm/java-17-openjdk/lib/libnio.so
Event: 0.017 Loaded shared library /usr/lib/jvm/java-17-openjdk/lib/libzip.so
Event: 0.049 Loaded shared library /usr/lib/jvm/java-17-openjdk/lib/libjimage.so
Event: 0.270 Loaded shared library /home/mahir/.cache/JNA/temp/jna9260099272072947383.tmp
Event: 0.295 Loaded shared library /usr/lib/jvm/java-17-openjdk/lib/libnet.so
Event: 2.896 Loaded shared library /home/mahir/fun/CPU/nebula-risc-v/simWorkspace/decoderForTest/verilator/verilator_6990721358639234058.so

Deoptimization events (20 events):
Event: 2.880 Thread 0x000072560c015980 Uncommon trap: trap_request=0xffffffc6 fr.pc=0x00007255fcec3cb8 relative=0x00000000000012f8
Event: 2.880 Thread 0x000072560c015980 Uncommon trap: reason=bimorphic_or_optimized_type_check action=maybe_recompile pc=0x00007255fcec3cb8 method=java.util.HashMap.putVal(ILjava/lang/Object;Ljava/lang/Object;ZZ)Ljava/lang/Object; @ 56 c2
Event: 2.880 Thread 0x000072560c015980 DEOPT PACKING pc=0x00007255fcec3cb8 sp=0x00007256121fd7e0
Event: 2.880 Thread 0x000072560c015980 DEOPT UNPACKING pc=0x00007255fc6b5699 sp=0x00007256121fd710 mode 2
Event: 2.883 Thread 0x000072560c015980 Uncommon trap: trap_request=0xffffffc6 fr.pc=0x00007255fcec3e90 relative=0x00000000000014d0
Event: 2.883 Thread 0x000072560c015980 Uncommon trap: reason=bimorphic_or_optimized_type_check action=maybe_recompile pc=0x00007255fcec3e90 method=java.util.HashMap.putVal(ILjava/lang/Object;Ljava/lang/Object;ZZ)Ljava/lang/Object; @ 253 c2
Event: 2.883 Thread 0x000072560c015980 DEOPT PACKING pc=0x00007255fcec3e90 sp=0x00007256121fd750
Event: 2.883 Thread 0x000072560c015980 DEOPT UNPACKING pc=0x00007255fc6b5699 sp=0x00007256121fd6a8 mode 2
Event: 2.885 Thread 0x000072560c015980 Uncommon trap: trap_request=0xffffffc6 fr.pc=0x00007255fcec3e90 relative=0x00000000000014d0
Event: 2.885 Thread 0x000072560c015980 Uncommon trap: reason=bimorphic_or_optimized_type_check action=maybe_recompile pc=0x00007255fcec3e90 method=java.util.HashMap.putVal(ILjava/lang/Object;Ljava/lang/Object;ZZ)Ljava/lang/Object; @ 253 c2
Event: 2.885 Thread 0x000072560c015980 DEOPT PACKING pc=0x00007255fcec3e90 sp=0x00007256121fd740
Event: 2.885 Thread 0x000072560c015980 DEOPT UNPACKING pc=0x00007255fc6b5699 sp=0x00007256121fd698 mode 2
Event: 2.886 Thread 0x000072560c015980 Uncommon trap: trap_request=0xffffffc6 fr.pc=0x00007255fced28b0 relative=0x00000000000012f0
Event: 2.886 Thread 0x000072560c015980 Uncommon trap: reason=bimorphic_or_optimized_type_check action=maybe_recompile pc=0x00007255fced28b0 method=java.util.HashMap.putVal(ILjava/lang/Object;Ljava/lang/Object;ZZ)Ljava/lang/Object; @ 253 c2
Event: 2.886 Thread 0x000072560c015980 DEOPT PACKING pc=0x00007255fced28b0 sp=0x00007256121fd6b0
Event: 2.886 Thread 0x000072560c015980 DEOPT UNPACKING pc=0x00007255fc6b5699 sp=0x00007256121fd690 mode 2
Event: 2.894 Thread 0x000072560c015980 Uncommon trap: trap_request=0xffffffde fr.pc=0x00007255fcdea91c relative=0x000000000000117c
Event: 2.894 Thread 0x000072560c015980 Uncommon trap: reason=class_check action=maybe_recompile pc=0x00007255fcdea91c method=jdk.internal.loader.URLClassPath.getLoader(I)Ljdk/internal/loader/URLClassPath$Loader; @ 88 c2
Event: 2.894 Thread 0x000072560c015980 DEOPT PACKING pc=0x00007255fcdea91c sp=0x00007256121fd830
Event: 2.894 Thread 0x000072560c015980 DEOPT UNPACKING pc=0x00007255fc6b5699 sp=0x00007256121fd820 mode 2

Classes loaded (20 events):
Event: 2.894 Loading class java/util/EnumMap$EnumMapIterator done
Event: 2.894 Loading class java/util/EnumMap$ValueIterator done
Event: 2.894 Loading class java/util/WeakHashMap$KeyIterator
Event: 2.894 Loading class java/util/WeakHashMap$HashIterator
Event: 2.894 Loading class java/util/WeakHashMap$HashIterator done
Event: 2.894 Loading class java/util/WeakHashMap$KeyIterator done
Event: 2.894 Loading class java/net/URLClassLoader$1
Event: 2.894 Loading class java/net/URLClassLoader$1 done
Event: 2.894 Loading class java/io/FilePermission$1
Event: 2.894 Loading class jdk/internal/access/JavaIOFilePermissionAccess
Event: 2.895 Loading class jdk/internal/access/JavaIOFilePermissionAccess done
Event: 2.895 Loading class java/io/FilePermission$1 done
Event: 2.895 Loading class java/io/FilePermissionCollection
Event: 2.895 Loading class java/io/FilePermissionCollection done
Event: 2.895 Loading class java/util/Vector
Event: 2.895 Loading class java/util/Vector done
Event: 2.895 Loading class java/io/FilePermissionCollection$1
Event: 2.895 Loading class java/io/FilePermissionCollection$1 done
Event: 2.896 Loading class jdk/internal/loader/NativeLibraries$Unloader
Event: 2.896 Loading class jdk/internal/loader/NativeLibraries$Unloader done

Classes unloaded (0 events):
No events

Classes redefined (0 events):
No events

Internal exceptions (20 events):
Event: 2.651 Thread 0x000072560c015980 Exception <a 'java/lang/NoSuchMethodError'{0x0000000628e6fc98}: 'java.lang.Object java.lang.invoke.DirectMethodHandle$Holder.invokeVirtual(java.lang.Object, java.lang.Object, java.lang.Object)'> (0x0000000628e6fc98) 
thrown [/usr/src/debug/java17-openjdk/jdk17u-jdk-17.0.12-7/src/hotspot/share/interpreter/linkResolver.cpp, line 758]
Event: 2.651 Thread 0x000072560c015980 Exception <a 'java/lang/NoSuchMethodError'{0x0000000628e79a98}: 'int java.lang.invoke.DirectMethodHandle$Holder.invokeInterface(java.lang.Object, java.lang.Object)'> (0x0000000628e79a98) 
thrown [/usr/src/debug/java17-openjdk/jdk17u-jdk-17.0.12-7/src/hotspot/share/interpreter/linkResolver.cpp, line 758]
Event: 2.658 Thread 0x000072560c015980 Exception <a 'sun/nio/fs/UnixException'{0x0000000628ff9aa0}> (0x0000000628ff9aa0) 
thrown [/usr/src/debug/java17-openjdk/jdk17u-jdk-17.0.12-7/src/hotspot/share/prims/jni.cpp, line 516]
Event: 2.658 Thread 0x000072560c015980 Exception <a 'sun/nio/fs/UnixException'{0x0000000628ffa218}> (0x0000000628ffa218) 
thrown [/usr/src/debug/java17-openjdk/jdk17u-jdk-17.0.12-7/src/hotspot/share/prims/jni.cpp, line 516]
Event: 2.662 Thread 0x000072560c015980 Exception <a 'java/lang/NoSuchMethodError'{0x0000000628863448}: 'int java.lang.invoke.DirectMethodHandle$Holder.invokeVirtual(java.lang.Object, java.lang.Object, java.lang.Object)'> (0x0000000628863448) 
thrown [/usr/src/debug/java17-openjdk/jdk17u-jdk-17.0.12-7/src/hotspot/share/interpreter/linkResolver.cpp, line 758]
Event: 2.662 Thread 0x000072560c015980 Exception <a 'java/lang/NoSuchMethodError'{0x0000000628869c20}: 'void java.lang.invoke.DirectMethodHandle$Holder.invokeInterface(java.lang.Object, java.lang.Object, java.lang.Object)'> (0x0000000628869c20) 
thrown [/usr/src/debug/java17-openjdk/jdk17u-jdk-17.0.12-7/src/hotspot/share/interpreter/linkResolver.cpp, line 758]
Event: 2.695 Thread 0x000072560c015980 Exception <a 'java/lang/NoSuchMethodError'{0x000000062b223310}: 'int java.lang.invoke.DirectMethodHandle$Holder.invokeStaticInit(java.lang.Object, java.lang.Object)'> (0x000000062b223310) 
thrown [/usr/src/debug/java17-openjdk/jdk17u-jdk-17.0.12-7/src/hotspot/share/interpreter/linkResolver.cpp, line 758]
Event: 2.760 Thread 0x000072560c015980 Exception <a 'java/lang/NoSuchMethodError'{0x000000060ed19a98}: 'int java.lang.invoke.DirectMethodHandle$Holder.invokeSpecial(java.lang.Object, java.lang.Object, java.lang.Object, java.lang.Object)'> (0x000000060ed19a98) 
thrown [/usr/src/debug/java17-openjdk/jdk17u-jdk-17.0.12-7/src/hotspot/share/interpreter/linkResolver.cpp, line 758]
Event: 2.761 Thread 0x000072560c015980 Exception <a 'java/lang/NoSuchMethodError'{0x000000060ed2ab20}: 'java.lang.Object java.lang.invoke.DirectMethodHandle$Holder.invokeVirtual(java.lang.Object, java.lang.Object, java.lang.Object, int, int)'> (0x000000060ed2ab20) 
thrown [/usr/src/debug/java17-openjdk/jdk17u-jdk-17.0.12-7/src/hotspot/share/interpreter/linkResolver.cpp, line 758]
Event: 2.762 Thread 0x000072560c015980 Exception <a 'java/lang/NoSuchMethodError'{0x000000060ed313b0}: 'java.lang.Object java.lang.invoke.DirectMethodHandle$Holder.invokeVirtual(java.lang.Object, java.lang.Object, int)'> (0x000000060ed313b0) 
thrown [/usr/src/debug/java17-openjdk/jdk17u-jdk-17.0.12-7/src/hotspot/share/interpreter/linkResolver.cpp, line 758]
Event: 2.770 Thread 0x000072560c015980 Exception <a 'java/lang/NoSuchMethodError'{0x000000060ede20b8}: 'void java.lang.invoke.DirectMethodHandle$Holder.invokeSpecial(java.lang.Object, java.lang.Object, java.lang.Object, java.lang.Object, java.lang.Object, java.lang.Object)'> (0x000000060ede20b8) 
thrown [/usr/src/debug/java17-openjdk/jdk17u-jdk-17.0.12-7/src/hotspot/share/interpreter/linkResolver.cpp, line 758]
Event: 2.799 Thread 0x000072560c015980 Implicit null exception at 0x00007255fce94eac to 0x00007255fce94fe2
Event: 2.823 Thread 0x000072560c015980 Exception <a 'sun/nio/fs/UnixException'{0x000000060dcc2708}> (0x000000060dcc2708) 
thrown [/usr/src/debug/java17-openjdk/jdk17u-jdk-17.0.12-7/src/hotspot/share/prims/jni.cpp, line 516]
Event: 2.824 Thread 0x000072560c015980 Exception <a 'sun/nio/fs/UnixException'{0x000000060dcc2e38}> (0x000000060dcc2e38) 
thrown [/usr/src/debug/java17-openjdk/jdk17u-jdk-17.0.12-7/src/hotspot/share/prims/jni.cpp, line 516]
Event: 2.824 Thread 0x000072560c015980 Exception <a 'sun/nio/fs/UnixException'{0x000000060dcc3450}> (0x000000060dcc3450) 
thrown [/usr/src/debug/java17-openjdk/jdk17u-jdk-17.0.12-7/src/hotspot/share/prims/jni.cpp, line 516]
Event: 2.824 Thread 0x000072560c015980 Exception <a 'sun/nio/fs/UnixException'{0x000000060dcc3b80}> (0x000000060dcc3b80) 
thrown [/usr/src/debug/java17-openjdk/jdk17u-jdk-17.0.12-7/src/hotspot/share/prims/jni.cpp, line 516]
Event: 2.825 Thread 0x000072560c015980 Exception <a 'java/lang/NoSuchMethodError'{0x000000060dce8ca0}: 'void java.lang.invoke.DirectMethodHandle$Holder.invokeSpecial(java.lang.Object, java.lang.Object, java.lang.Object, java.lang.Object, java.lang.Object)'> (0x000000060dce8ca0) 
thrown [/usr/src/debug/java17-openjdk/jdk17u-jdk-17.0.12-7/src/hotspot/share/interpreter/linkResolver.cpp, line 758]
Event: 2.844 Thread 0x000072560c015980 Exception <a 'java/lang/NoSuchMethodError'{0x000000060d9e42e0}: 'int java.lang.invoke.DirectMethodHandle$Holder.invokeSpecial(java.lang.Object, java.lang.Object, java.lang.Object)'> (0x000000060d9e42e0) 
thrown [/usr/src/debug/java17-openjdk/jdk17u-jdk-17.0.12-7/src/hotspot/share/interpreter/linkResolver.cpp, line 758]
Event: 2.847 Thread 0x000072560c015980 Exception <a 'java/lang/NoSuchMethodError'{0x000000060db6cd48}: 'java.lang.Object java.lang.invoke.DirectMethodHandle$Holder.invokeStatic(java.lang.Object, java.lang.Object, int, int)'> (0x000000060db6cd48) 
thrown [/usr/src/debug/java17-openjdk/jdk17u-jdk-17.0.12-7/src/hotspot/share/interpreter/linkResolver.cpp, line 758]
Event: 2.855 Thread 0x000072560c015980 Exception <a 'java/lang/NoSuchMethodError'{0x000000060d409678}: 'java.lang.Object java.lang.invoke.DirectMethodHandle$Holder.invokeInterface(java.lang.Object, java.lang.Object)'> (0x000000060d409678) 
thrown [/usr/src/debug/java17-openjdk/jdk17u-jdk-17.0.12-7/src/hotspot/share/interpreter/linkResolver.cpp, line 758]

VM Operations (20 events):
Event: 2.686 Executing VM operation: G1PauseRemark
Event: 2.687 Executing VM operation: G1PauseRemark done
Event: 2.688 Executing VM operation: G1PauseCleanup
Event: 2.688 Executing VM operation: G1PauseCleanup done
Event: 2.727 Executing VM operation: HandshakeAllThreads
Event: 2.727 Executing VM operation: HandshakeAllThreads done
Event: 2.727 Executing VM operation: HandshakeAllThreads
Event: 2.727 Executing VM operation: HandshakeAllThreads done
Event: 2.749 Executing VM operation: HandshakeAllThreads
Event: 2.750 Executing VM operation: HandshakeAllThreads done
Event: 2.750 Executing VM operation: HandshakeAllThreads
Event: 2.750 Executing VM operation: HandshakeAllThreads done
Event: 2.837 Executing VM operation: ICBufferFull
Event: 2.837 Executing VM operation: ICBufferFull done
Event: 2.850 Executing VM operation: HandshakeAllThreads
Event: 2.850 Executing VM operation: HandshakeAllThreads done
Event: 2.878 Executing VM operation: HandshakeAllThreads
Event: 2.878 Executing VM operation: HandshakeAllThreads done
Event: 2.888 Executing VM operation: ICBufferFull
Event: 2.888 Executing VM operation: ICBufferFull done

Events (20 events):
Event: 0.740 Protecting memory [0x00007255d9500000,0x00007255d9504000] with protection modes 0
Event: 2.621 Thread 0x000072560c6bfd90 Thread exited: 0x000072560c6bfd90
Event: 2.622 Thread 0x000072560c6c0810 Thread exited: 0x000072560c6c0810
Event: 2.622 Thread 0x0000725530033040 Thread exited: 0x0000725530033040
Event: 2.670 Thread 0x00007255280b48b0 Thread added: 0x00007255280b48b0
Event: 2.670 Protecting memory [0x00007255da7f5000,0x00007255da7f9000] with protection modes 0
Event: 2.764 Thread 0x00007255281587c0 Thread added: 0x00007255281587c0
Event: 2.765 Protecting memory [0x00007255d99e7000,0x00007255d99eb000] with protection modes 0
Event: 2.788 Thread 0x00007254c80a2670 Thread added: 0x00007254c80a2670
Event: 2.788 Protecting memory [0x00007255d93ff000,0x00007255d9403000] with protection modes 0
Event: 2.793 Thread 0x0000725530152200 Thread added: 0x0000725530152200
Event: 2.793 Protecting memory [0x00007255d92fe000,0x00007255d9302000] with protection modes 0
Event: 2.811 Thread 0x00007255280be8f0 Thread added: 0x00007255280be8f0
Event: 2.811 Protecting memory [0x00007255d90fc000,0x00007255d9100000] with protection modes 0
Event: 2.813 Thread 0x0000725524252d90 Thread added: 0x0000725524252d90
Event: 2.813 Protecting memory [0x00007255d8ffb000,0x00007255d8fff000] with protection modes 0
Event: 2.813 Thread 0x0000725524253b60 Thread added: 0x0000725524253b60
Event: 2.813 Protecting memory [0x00007255d8efa000,0x00007255d8efe000] with protection modes 0
Event: 2.814 Thread 0x00007255301544f0 Thread added: 0x00007255301544f0
Event: 2.814 Protecting memory [0x00007255d8df9000,0x00007255d8dfd000] with protection modes 0


Dynamic libraries:
60bc00000-60f000000 rw-p 00000000 00:00 0 
60f000000-628400000 ---p 00000000 00:00 0 
628400000-628800000 rw-p 00000000 00:00 0 
628800000-62b000000 ---p 00000000 00:00 0 
62b000000-62b400000 rw-p 00000000 00:00 0 
62b400000-7ff800000 ---p 00000000 00:00 0 
7ff800000-7ffb00000 rw-p 00000000 00:00 0 
7ffb00000-7ffb75000 rw-p 00c76000 103:02 53110622                        /usr/lib/jvm/java-17-openjdk/lib/server/classes.jsa
7ffb75000-7ffc00000 rw-p 00000000 00:00 0 
7ffc00000-7ffc77000 rw-p 00bff000 103:02 53110622                        /usr/lib/jvm/java-17-openjdk/lib/server/classes.jsa
7ffc77000-800000000 rw-p 00000000 00:00 0 
5885e6a7c000-5885e6a7d000 r--p 00000000 103:02 52695525                  /usr/lib/jvm/java-17-openjdk/bin/java
5885e6a7d000-5885e6a7e000 r-xp 00001000 103:02 52695525                  /usr/lib/jvm/java-17-openjdk/bin/java
5885e6a7e000-5885e6a7f000 r--p 00002000 103:02 52695525                  /usr/lib/jvm/java-17-openjdk/bin/java
5885e6a7f000-5885e6a80000 r--p 00002000 103:02 52695525                  /usr/lib/jvm/java-17-openjdk/bin/java
5885e6a80000-5885e6a81000 rw-p 00003000 103:02 52695525                  /usr/lib/jvm/java-17-openjdk/bin/java
5886153a1000-5886153e8000 rw-p 00000000 00:00 0                          [heap]
725494000000-7254947ff000 rw-p 00000000 00:00 0 
7254947ff000-725498000000 ---p 00000000 00:00 0 
725498000000-7254984b0000 rw-p 00000000 00:00 0 
7254984b0000-72549c000000 ---p 00000000 00:00 0 
7254a0000000-7254a0493000 rw-p 00000000 00:00 0 
7254a0493000-7254a4000000 ---p 00000000 00:00 0 
7254a4000000-7254a4517000 rw-p 00000000 00:00 0 
7254a4517000-7254a8000000 ---p 00000000 00:00 0 
7254ac000000-7254ac021000 rw-p 00000000 00:00 0 
7254ac021000-7254b0000000 ---p 00000000 00:00 0 
7254b0000000-7254b00da000 rw-p 00000000 00:00 0 
7254b00da000-7254b4000000 ---p 00000000 00:00 0 
7254b8000000-7254b8946000 rw-p 00000000 00:00 0 
7254b8946000-7254bc000000 ---p 00000000 00:00 0 
7254bc000000-7254bc152000 rw-p 00000000 00:00 0 
7254bc152000-7254c0000000 ---p 00000000 00:00 0 
7254c4000000-7254c41cf000 rw-p 00000000 00:00 0 
7254c41cf000-7254c8000000 ---p 00000000 00:00 0 
7254c8000000-7254c8452000 rw-p 00000000 00:00 0 
7254c8452000-7254cc000000 ---p 00000000 00:00 0 
7254d0000000-7254d0021000 rw-p 00000000 00:00 0 
7254d0021000-7254d4000000 ---p 00000000 00:00 0 
7254d4000000-7254d4021000 rw-p 00000000 00:00 0 
7254d4021000-7254d8000000 ---p 00000000 00:00 0 
7254dc000000-7254dc021000 rw-p 00000000 00:00 0 
7254dc021000-7254e0000000 ---p 00000000 00:00 0 
7254e0000000-7254e0021000 rw-p 00000000 00:00 0 
7254e0021000-7254e4000000 ---p 00000000 00:00 0 
7254e8000000-7254e8021000 rw-p 00000000 00:00 0 
7254e8021000-7254ec000000 ---p 00000000 00:00 0 
7254ec000000-7254ec021000 rw-p 00000000 00:00 0 
7254ec021000-7254f0000000 ---p 00000000 00:00 0 
7254f4000000-7254f4021000 rw-p 00000000 00:00 0 
7254f4021000-7254f8000000 ---p 00000000 00:00 0 
7254f8000000-7254f8021000 rw-p 00000000 00:00 0 
7254f8021000-7254fc000000 ---p 00000000 00:00 0 
725500000000-725500021000 rw-p 00000000 00:00 0 
725500021000-725504000000 ---p 00000000 00:00 0 
725504000000-725504021000 rw-p 00000000 00:00 0 
725504021000-725508000000 ---p 00000000 00:00 0 
72550c000000-72550c021000 rw-p 00000000 00:00 0 
72550c021000-725510000000 ---p 00000000 00:00 0 
725510000000-725510021000 rw-p 00000000 00:00 0 
725510021000-725514000000 ---p 00000000 00:00 0 
725518000000-725518021000 rw-p 00000000 00:00 0 
725518021000-72551c000000 ---p 00000000 00:00 0 
72551c000000-72551c19d000 rw-p 00000000 00:00 0 
72551c19d000-725520000000 ---p 00000000 00:00 0 
725524000000-725524801000 rw-p 00000000 00:00 0 
725524801000-725528000000 ---p 00000000 00:00 0 
725528000000-72552827a000 rw-p 00000000 00:00 0 
72552827a000-72552c000000 ---p 00000000 00:00 0 
725530000000-7255301ad000 rw-p 00000000 00:00 0 
7255301ad000-725534000000 ---p 00000000 00:00 0 
725534000000-725534021000 rw-p 00000000 00:00 0 
725534021000-725538000000 ---p 00000000 00:00 0 
72553c000000-72553c021000 rw-p 00000000 00:00 0 
72553c021000-725540000000 ---p 00000000 00:00 0 
725540000000-725540021000 rw-p 00000000 00:00 0 
725540021000-725544000000 ---p 00000000 00:00 0 
725548000000-725548021000 rw-p 00000000 00:00 0 
725548021000-72554c000000 ---p 00000000 00:00 0 
72554c000000-72554c196000 rw-p 00000000 00:00 0 
72554c196000-725550000000 ---p 00000000 00:00 0 
725554000000-72555508b000 rw-p 00000000 00:00 0 
72555508b000-725558000000 ---p 00000000 00:00 0 
725558000000-725558021000 rw-p 00000000 00:00 0 
725558021000-72555c000000 ---p 00000000 00:00 0 
725560000000-725560021000 rw-p 00000000 00:00 0 
725560021000-725564000000 ---p 00000000 00:00 0 
725564000000-725564021000 rw-p 00000000 00:00 0 
725564021000-725568000000 ---p 00000000 00:00 0 
72556c000000-72556c021000 rw-p 00000000 00:00 0 
72556c021000-725570000000 ---p 00000000 00:00 0 
725570000000-725570021000 rw-p 00000000 00:00 0 
725570021000-725574000000 ---p 00000000 00:00 0 
725578000000-725578021000 rw-p 00000000 00:00 0 
725578021000-72557c000000 ---p 00000000 00:00 0 
72557f000000-72557f3f0000 rw-p 00000000 00:00 0 
72557f3f0000-7255806a0000 rw-p 00000000 00:00 0 
7255806a0000-725580700000 ---p 00000000 00:00 0 
725580700000-725580710000 rw-p 00000000 00:00 0 
725580710000-725583000000 ---p 00000000 00:00 0 
725583000000-725583bc7000 rw-p 00001000 103:02 53110622                  /usr/lib/jvm/java-17-openjdk/lib/server/classes.jsa
725583bc7000-725584000000 ---p 00000000 00:00 0 
725584000000-725584030000 rw-p 00000000 00:00 0 
725584030000-725584070000 rw-p 00000000 00:00 0 
725584070000-7255843b0000 rw-p 00000000 00:00 0 
7255843b0000-7255c4000000 ---p 00000000 00:00 0 
7255c4000000-7255c4021000 rw-p 00000000 00:00 0 
7255c4021000-7255c8000000 ---p 00000000 00:00 0 
7255c8000000-7255c8021000 rw-p 00000000 00:00 0 
7255c8021000-7255cc000000 ---p 00000000 00:00 0 
7255d0000000-7255d0021000 rw-p 00000000 00:00 0 
7255d0021000-7255d4000000 ---p 00000000 00:00 0 
7255d4000000-7255d4021000 rw-p 00000000 00:00 0 
7255d4021000-7255d8000000 ---p 00000000 00:00 0 
7255d8df8000-7255d8df9000 ---p 00000000 00:00 0 
7255d8df9000-7255d8dfd000 ---p 00000000 00:00 0 
7255d8dfd000-7255d8ef9000 rw-p 00000000 00:00 0 
7255d8ef9000-7255d8efa000 ---p 00000000 00:00 0 
7255d8efa000-7255d8efe000 ---p 00000000 00:00 0 
7255d8efe000-7255d8ffa000 rw-p 00000000 00:00 0 
7255d8ffa000-7255d8ffb000 ---p 00000000 00:00 0 
7255d8ffb000-7255d8fff000 ---p 00000000 00:00 0 
7255d8fff000-7255d90fb000 rw-p 00000000 00:00 0 
7255d90fb000-7255d90fc000 ---p 00000000 00:00 0 
7255d90fc000-7255d9100000 ---p 00000000 00:00 0 
7255d9100000-7255d91fc000 rw-p 00000000 00:00 0 
7255d91fc000-7255d91fd000 ---p 00000000 00:00 0 
7255d91fd000-7255d9201000 ---p 00000000 00:00 0 
7255d9201000-7255d92fd000 rw-p 00000000 00:00 0 
7255d92fd000-7255d92fe000 ---p 00000000 00:00 0 
7255d92fe000-7255d9302000 ---p 00000000 00:00 0 
7255d9302000-7255d93fe000 rw-p 00000000 00:00 0 
7255d93fe000-7255d93ff000 ---p 00000000 00:00 0 
7255d93ff000-7255d9403000 ---p 00000000 00:00 0 
7255d9403000-7255d94ff000 rw-p 00000000 00:00 0 
7255d94ff000-7255d9500000 ---p 00000000 00:00 0 
7255d9500000-7255d9504000 ---p 00000000 00:00 0 
7255d9504000-7255d9600000 rw-p 00000000 00:00 0 
7255d9600000-7255d961e000 r-xp 00000000 103:02 10516922                  /home/mahir/.cache/JNA/temp/jna9260099272072947383.tmp (deleted)
7255d961e000-7255d981d000 ---p 0001e000 103:02 10516922                  /home/mahir/.cache/JNA/temp/jna9260099272072947383.tmp (deleted)
7255d981d000-7255d981e000 rw-p 0001d000 103:02 10516922                  /home/mahir/.cache/JNA/temp/jna9260099272072947383.tmp (deleted)
7255d981e000-7255d981f000 rw-p 00000000 00:00 0 
7255d98e5000-7255d98e6000 ---p 00000000 00:00 0 
7255d98e6000-7255d98ea000 ---p 00000000 00:00 0 
7255d98ea000-7255d99e6000 rw-p 00000000 00:00 0 
7255d99e6000-7255d99e7000 ---p 00000000 00:00 0 
7255d99e7000-7255d99eb000 ---p 00000000 00:00 0 
7255d99eb000-7255d9ae7000 rw-p 00000000 00:00 0 
7255d9ae7000-7255d9ae8000 ---p 00000000 00:00 0 
7255d9ae8000-7255d9aec000 ---p 00000000 00:00 0 
7255d9aec000-7255d9be8000 rw-p 00000000 00:00 0 
7255d9be8000-7255d9be9000 ---p 00000000 00:00 0 
7255d9be9000-7255d9ce9000 rw-p 00000000 00:00 0 
7255d9ce9000-7255d9cea000 ---p 00000000 00:00 0 
7255d9cea000-7255d9dea000 rw-p 00000000 00:00 0 
7255d9dea000-7255d9deb000 ---p 00000000 00:00 0 
7255d9deb000-7255d9eeb000 rw-p 00000000 00:00 0 
7255d9eeb000-7255d9eec000 ---p 00000000 00:00 0 
7255d9eec000-7255d9fec000 rw-p 00000000 00:00 0 
7255d9fec000-7255d9fed000 ---p 00000000 00:00 0 
7255d9fed000-7255da0ed000 rw-p 00000000 00:00 0 
7255da0ed000-7255da0ee000 ---p 00000000 00:00 0 
7255da0ee000-7255da1ee000 rw-p 00000000 00:00 0 
7255da1ee000-7255da1ef000 ---p 00000000 00:00 0 
7255da1ef000-7255da2ef000 rw-p 00000000 00:00 0 
7255da2ef000-7255da2f0000 ---p 00000000 00:00 0 
7255da2f0000-7255da3f0000 rw-p 00000000 00:00 0 
7255da3f0000-7255da3f1000 ---p 00000000 00:00 0 
7255da3f1000-7255da4f1000 rw-p 00000000 00:00 0 
7255da4f1000-7255da4f2000 ---p 00000000 00:00 0 
7255da4f2000-7255da5f2000 rw-p 00000000 00:00 0 
7255da5f2000-7255da5f3000 ---p 00000000 00:00 0 
7255da5f3000-7255da6f3000 rw-p 00000000 00:00 0 
7255da6f3000-7255da6f4000 ---p 00000000 00:00 0 
7255da6f4000-7255da6f8000 ---p 00000000 00:00 0 
7255da6f8000-7255da7f4000 rw-p 00000000 00:00 0 
7255da7f4000-7255da7f5000 ---p 00000000 00:00 0 
7255da7f5000-7255da7f9000 ---p 00000000 00:00 0 
7255da7f9000-7255da8f5000 rw-p 00000000 00:00 0 
7255da8f5000-7255da8f6000 ---p 00000000 00:00 0 
7255da8f6000-7255da8fa000 ---p 00000000 00:00 0 
7255da8fa000-7255da9f6000 rw-p 00000000 00:00 0 
7255da9f6000-7255da9f7000 ---p 00000000 00:00 0 
7255da9f7000-7255da9fb000 ---p 00000000 00:00 0 
7255da9fb000-7255daaf7000 rw-p 00000000 00:00 0 
7255daaf7000-7255daaf8000 ---p 00000000 00:00 0 
7255daaf8000-7255daafc000 ---p 00000000 00:00 0 
7255daafc000-7255dabf8000 rw-p 00000000 00:00 0 
7255dabf8000-7255dabf9000 ---p 00000000 00:00 0 
7255dabf9000-7255dacf9000 rw-p 00000000 00:00 0 
7255dacf9000-7255dacfa000 ---p 00000000 00:00 0 
7255dacfa000-7255dacfe000 ---p 00000000 00:00 0 
7255dacfe000-7255dadfa000 rw-p 00000000 00:00 0 
7255dadfa000-7255dadfb000 ---p 00000000 00:00 0 
7255dadfb000-7255dadff000 ---p 00000000 00:00 0 
7255dadff000-7255daefb000 rw-p 00000000 00:00 0 
7255daefb000-7255daefc000 ---p 00000000 00:00 0 
7255daefc000-7255daf00000 ---p 00000000 00:00 0 
7255daf00000-7255daffc000 rw-p 00000000 00:00 0 
7255daffc000-7255daffd000 ---p 00000000 00:00 0 
7255daffd000-7255db001000 ---p 00000000 00:00 0 
7255db001000-7255db0fd000 rw-p 00000000 00:00 0 
7255db0fd000-7255db0fe000 ---p 00000000 00:00 0 
7255db0fe000-7255db102000 ---p 00000000 00:00 0 
7255db102000-7255db1fe000 rw-p 00000000 00:00 0 
7255db1fe000-7255db1ff000 ---p 00000000 00:00 0 
7255db1ff000-7255db203000 ---p 00000000 00:00 0 
7255db203000-7255db2ff000 rw-p 00000000 00:00 0 
7255db2ff000-7255db300000 ---p 00000000 00:00 0 
7255db300000-7255db304000 ---p 00000000 00:00 0 
7255db304000-7255db400000 rw-p 00000000 00:00 0 
7255db400000-7255db6ec000 r--p 00000000 103:02 51747550                  /usr/lib/locale/locale-archive
7255db6f7000-7255db6f8000 ---p 00000000 00:00 0 
7255db6f8000-7255db6fc000 ---p 00000000 00:00 0 
7255db6fc000-7255db7f8000 rw-p 00000000 00:00 0 
7255db7f8000-7255db7f9000 ---p 00000000 00:00 0 
7255db7f9000-7255db7fd000 ---p 00000000 00:00 0 
7255db7fd000-7255db8f9000 rw-p 00000000 00:00 0 
7255db8f9000-7255db8fa000 ---p 00000000 00:00 0 
7255db8fa000-7255db9fa000 rw-p 00000000 00:00 0 
7255db9fa000-7255db9fb000 ---p 00000000 00:00 0 
7255db9fb000-7255dbafb000 rw-p 00000000 00:00 0 
7255dbafb000-7255dbafc000 ---p 00000000 00:00 0 
7255dbafc000-7255dbbfc000 rw-p 00000000 00:00 0 
7255dbbfc000-7255dc021000 rw-p 00000000 00:00 0 
7255dc021000-7255e0000000 ---p 00000000 00:00 0 
7255e00fb000-7255e26d0000 rw-p 00000000 00:00 0 
7255e26d0000-7255e2d20000 ---p 00000000 00:00 0 
7255e2d20000-7255e2d30000 rw-p 00000000 00:00 0 
7255e2d30000-7255e2dd0000 ---p 00000000 00:00 0 
7255e2dd0000-7255e2de0000 rw-p 00000000 00:00 0 
7255e2de0000-7255ea2f0000 ---p 00000000 00:00 0 
7255ea2f0000-7255ea310000 rw-p 00000000 00:00 0 
7255ea360000-7255ea38c000 r--p 00000000 103:02 11022620                  /home/mahir/fun/CPU/nebula-risc-v/simWorkspace/decoderForTest/verilator/verilator_6990721358639234058.so
7255ea38c000-7255ea3da000 r-xp 0002c000 103:02 11022620                  /home/mahir/fun/CPU/nebula-risc-v/simWorkspace/decoderForTest/verilator/verilator_6990721358639234058.so
7255ea3da000-7255ea3fc000 r--p 0007a000 103:02 11022620                  /home/mahir/fun/CPU/nebula-risc-v/simWorkspace/decoderForTest/verilator/verilator_6990721358639234058.so
7255ea3fc000-7255ea3fd000 r--p 0009c000 103:02 11022620                  /home/mahir/fun/CPU/nebula-risc-v/simWorkspace/decoderForTest/verilator/verilator_6990721358639234058.so
7255ea3fd000-7255ea400000 rw-p 0009d000 103:02 11022620                  /home/mahir/fun/CPU/nebula-risc-v/simWorkspace/decoderForTest/verilator/verilator_6990721358639234058.so
7255ea400000-7255ea4d0000 rw-p 00000000 00:00 0 
7255ea4d0000-7255eab20000 ---p 00000000 00:00 0 
7255eab20000-7255eab30000 rw-p 00000000 00:00 0 
7255eab30000-7255eabd0000 ---p 00000000 00:00 0 
7255eabd0000-7255eabe0000 rw-p 00000000 00:00 0 
7255eabe0000-7255f20f0000 ---p 00000000 00:00 0 
7255f20f0000-7255f2110000 rw-p 00000000 00:00 0 
7255f212f000-7255f2134000 r--p 00000000 103:02 52695778                  /usr/lib/jvm/java-17-openjdk/lib/libjsvml.so
7255f2134000-7255f2175000 r-xp 00005000 103:02 52695778                  /usr/lib/jvm/java-17-openjdk/lib/libjsvml.so
7255f2175000-7255f21fe000 r--p 00046000 103:02 52695778                  /usr/lib/jvm/java-17-openjdk/lib/libjsvml.so
7255f21fe000-7255f21ff000 r--p 000ce000 103:02 52695778                  /usr/lib/jvm/java-17-openjdk/lib/libjsvml.so
7255f21ff000-7255f2200000 rw-p 000cf000 103:02 52695778                  /usr/lib/jvm/java-17-openjdk/lib/libjsvml.so
7255f2200000-7255f221a000 rw-p 00000000 00:00 0 
7255f221a000-7255f22e4000 ---p 00000000 00:00 0 
7255f22e4000-7255f22e6000 rw-p 00000000 00:00 0 
7255f22e6000-7255f22fa000 ---p 00000000 00:00 0 
7255f22fa000-7255f22fc000 rw-p 00000000 00:00 0 
7255f22fc000-7255f319e000 ---p 00000000 00:00 0 
7255f319e000-7255f31a2000 rw-p 00000000 00:00 0 
7255f31ba000-7255f31bf000 r--p 00000000 103:02 51658536                  /usr/lib/libudev.so.1.7.9
7255f31bf000-7255f31e6000 r-xp 00005000 103:02 51658536                  /usr/lib/libudev.so.1.7.9
7255f31e6000-7255f31fa000 r--p 0002c000 103:02 51658536                  /usr/lib/libudev.so.1.7.9
7255f31fa000-7255f31ff000 r--p 0003f000 103:02 51658536                  /usr/lib/libudev.so.1.7.9
7255f31ff000-7255f3200000 rw-p 00044000 103:02 51658536                  /usr/lib/libudev.so.1.7.9
7255f3200000-7255f321a000 rw-p 00000000 00:00 0 
7255f321a000-7255f32e4000 ---p 00000000 00:00 0 
7255f32e4000-7255f32e6000 rw-p 00000000 00:00 0 
7255f32e6000-7255f32fa000 ---p 00000000 00:00 0 
7255f32fa000-7255f32fc000 rw-p 00000000 00:00 0 
7255f32fc000-7255f419e000 ---p 00000000 00:00 0 
7255f419e000-7255f41a2000 rw-p 00000000 00:00 0 
7255f4200000-7255f421a000 rw-p 00000000 00:00 0 
7255f421a000-7255f42e4000 ---p 00000000 00:00 0 
7255f42e4000-7255f42e6000 rw-p 00000000 00:00 0 
7255f42e6000-7255f42fa000 ---p 00000000 00:00 0 
7255f42fa000-7255f42fc000 rw-p 00000000 00:00 0 
7255f42fc000-7255f519e000 ---p 00000000 00:00 0 
7255f519e000-7255f51a2000 rw-p 00000000 00:00 0 
7255f51ac000-7255f51ad000 ---p 00000000 00:00 0 
7255f51ad000-7255f51b1000 ---p 00000000 00:00 0 
7255f51b1000-7255f51cf000 rw-p 00000000 00:00 0 
7255f51cf000-7255f5200000 rw-p 00000000 00:00 0 
7255f5200000-7255f58e0000 rwxp 00000000 00:00 0 
7255f58e0000-7255fc65f000 ---p 00000000 00:00 0 
7255fc65f000-7255fc9cf000 rwxp 00000000 00:00 0 
7255fc9cf000-7255fcda0000 ---p 00000000 00:00 0 
7255fcda0000-7255fd010000 rwxp 00000000 00:00 0 
7255fd010000-725604200000 ---p 00000000 00:00 0 
725604200000-72560be67000 r--s 00000000 103:02 52695794                  /usr/lib/jvm/java-17-openjdk/lib/modules
72560be73000-72560be75000 r--p 00000000 103:02 51646544                  /usr/lib/libatomic.so.1.2.0
72560be75000-72560be79000 r-xp 00002000 103:02 51646544                  /usr/lib/libatomic.so.1.2.0
72560be79000-72560be7b000 r--p 00006000 103:02 51646544                  /usr/lib/libatomic.so.1.2.0
72560be7b000-72560be7c000 r--p 00007000 103:02 51646544                  /usr/lib/libatomic.so.1.2.0
72560be7c000-72560be7d000 rw-p 00008000 103:02 51646544                  /usr/lib/libatomic.so.1.2.0
72560be7d000-72560cd66000 rw-p 00000000 00:00 0 
72560cd66000-725610000000 ---p 00000000 00:00 0 
725610000000-72561009c000 rw-p 00000000 00:00 0 
7256100a6000-7256100a9000 r--p 00000000 103:02 51656976                  /usr/lib/libcap.so.2.70
7256100a9000-7256100ae000 r-xp 00003000 103:02 51656976                  /usr/lib/libcap.so.2.70
7256100ae000-7256100b0000 r--p 00008000 103:02 51656976                  /usr/lib/libcap.so.2.70
7256100b0000-7256100b1000 r--p 00009000 103:02 51656976                  /usr/lib/libcap.so.2.70
7256100b1000-7256100b2000 rw-p 0000a000 103:02 51656976                  /usr/lib/libcap.so.2.70
7256100b2000-7256100b4000 r--p 00000000 103:02 52695793                  /usr/lib/jvm/java-17-openjdk/lib/libzip.so
7256100b4000-7256100b8000 r-xp 00002000 103:02 52695793                  /usr/lib/jvm/java-17-openjdk/lib/libzip.so
7256100b8000-7256100ba000 r--p 00006000 103:02 52695793                  /usr/lib/jvm/java-17-openjdk/lib/libzip.so
7256100ba000-7256100bb000 r--p 00007000 103:02 52695793                  /usr/lib/jvm/java-17-openjdk/lib/libzip.so
7256100bb000-7256100bc000 rw-p 00008000 103:02 52695793                  /usr/lib/jvm/java-17-openjdk/lib/libzip.so
7256100bc000-7256100c0000 r--p 00000000 103:02 52695784                  /usr/lib/jvm/java-17-openjdk/lib/libnet.so
7256100c0000-7256100ce000 r-xp 00004000 103:02 52695784                  /usr/lib/jvm/java-17-openjdk/lib/libnet.so
7256100ce000-7256100d1000 r--p 00012000 103:02 52695784                  /usr/lib/jvm/java-17-openjdk/lib/libnet.so
7256100d1000-7256100d2000 r--p 00015000 103:02 52695784                  /usr/lib/jvm/java-17-openjdk/lib/libnet.so
7256100d2000-7256100d3000 rw-p 00016000 103:02 52695784                  /usr/lib/jvm/java-17-openjdk/lib/libnet.so
7256100d3000-7256108db000 rw-p 00000000 00:00 0 
7256108db000-7256108dc000 ---p 00000000 00:00 0 
7256108dc000-7256109dc000 rw-p 00000000 00:00 0 
7256109dc000-7256109dd000 ---p 00000000 00:00 0 
7256109dd000-725610add000 rw-p 00000000 00:00 0 
725610add000-725610ade000 ---p 00000000 00:00 0 
725610ade000-725610bde000 rw-p 00000000 00:00 0 
725610bde000-725611f33000 rw-p 00000000 00:00 0 
725611f33000-725612017000 ---p 00000000 00:00 0 
725612017000-725612025000 rw-p 00000000 00:00 0 
725612025000-725612100000 ---p 00000000 00:00 0 
725612100000-725612104000 ---p 00000000 00:00 0 
725612104000-725612200000 rw-p 00000000 00:00 0 
725612200000-725612297000 r--p 00000000 103:02 51708318                  /usr/lib/libstdc++.so.6.0.33
725612297000-7256123e4000 r-xp 00097000 103:02 51708318                  /usr/lib/libstdc++.so.6.0.33
7256123e4000-725612474000 r--p 001e4000 103:02 51708318                  /usr/lib/libstdc++.so.6.0.33
725612474000-725612481000 r--p 00274000 103:02 51708318                  /usr/lib/libstdc++.so.6.0.33
725612481000-725612482000 rw-p 00281000 103:02 51708318                  /usr/lib/libstdc++.so.6.0.33
725612482000-725612486000 rw-p 00000000 00:00 0 
725612486000-72561248d000 r--s 00000000 103:02 51747551                  /usr/lib/gconv/gconv-modules.cache
72561248d000-725612494000 r--p 00000000 103:02 52695785                  /usr/lib/jvm/java-17-openjdk/lib/libnio.so
725612494000-72561249d000 r-xp 00007000 103:02 52695785                  /usr/lib/jvm/java-17-openjdk/lib/libnio.so
72561249d000-7256124a2000 r--p 00010000 103:02 52695785                  /usr/lib/jvm/java-17-openjdk/lib/libnio.so
7256124a2000-7256124a3000 r--p 00014000 103:02 52695785                  /usr/lib/jvm/java-17-openjdk/lib/libnio.so
7256124a3000-7256124a4000 rw-p 00015000 103:02 52695785                  /usr/lib/jvm/java-17-openjdk/lib/libnio.so
7256124a4000-7256124e3000 rw-p 00000000 00:00 0 
7256124e3000-7256124e7000 r--p 00000000 103:02 51646549                  /usr/lib/libgcc_s.so.1
7256124e7000-72561250b000 r-xp 00004000 103:02 51646549                  /usr/lib/libgcc_s.so.1
72561250b000-72561250f000 r--p 00028000 103:02 51646549                  /usr/lib/libgcc_s.so.1
72561250f000-725612510000 r--p 0002b000 103:02 51646549                  /usr/lib/libgcc_s.so.1
725612510000-725612511000 rw-p 0002c000 103:02 51646549                  /usr/lib/libgcc_s.so.1
725612511000-72561251f000 r--p 00000000 103:02 51645846                  /usr/lib/libm.so.6
72561251f000-7256125a2000 r-xp 0000e000 103:02 51645846                  /usr/lib/libm.so.6
7256125a2000-7256125fe000 r--p 00091000 103:02 51645846                  /usr/lib/libm.so.6
7256125fe000-7256125ff000 r--p 000ec000 103:02 51645846                  /usr/lib/libm.so.6
7256125ff000-725612600000 rw-p 000ed000 103:02 51645846                  /usr/lib/libm.so.6
725612600000-72561260d000 r--p 00000000 103:02 53110626                  /usr/lib/jvm/java-17-openjdk/lib/server/libjvm.so
72561260d000-7256131f4000 r-xp 0000d000 103:02 53110626                  /usr/lib/jvm/java-17-openjdk/lib/server/libjvm.so
7256131f4000-7256133a4000 r--p 00bf4000 103:02 53110626                  /usr/lib/jvm/java-17-openjdk/lib/server/libjvm.so
7256133a4000-725613459000 r--p 00da4000 103:02 53110626                  /usr/lib/jvm/java-17-openjdk/lib/server/libjvm.so
725613459000-725613489000 rw-p 00e59000 103:02 53110626                  /usr/lib/jvm/java-17-openjdk/lib/server/libjvm.so
725613489000-7256134e2000 rw-p 00000000 00:00 0 
7256134e3000-7256134e6000 rw-p 00000000 00:00 0 
7256134e6000-7256134e9000 r--p 00000000 103:02 51656591                  /usr/lib/libz.so.1.3.1
7256134e9000-7256134f7000 r-xp 00003000 103:02 51656591                  /usr/lib/libz.so.1.3.1
7256134f7000-7256134fd000 r--p 00011000 103:02 51656591                  /usr/lib/libz.so.1.3.1
7256134fd000-7256134fe000 r--p 00017000 103:02 51656591                  /usr/lib/libz.so.1.3.1
7256134fe000-7256134ff000 rw-p 00018000 103:02 51656591                  /usr/lib/libz.so.1.3.1
7256134ff000-725613523000 r--p 00000000 103:02 51645820                  /usr/lib/libc.so.6
725613523000-725613694000 r-xp 00024000 103:02 51645820                  /usr/lib/libc.so.6
725613694000-7256136e2000 r--p 00195000 103:02 51645820                  /usr/lib/libc.so.6
7256136e2000-7256136e6000 r--p 001e3000 103:02 51645820                  /usr/lib/libc.so.6
7256136e6000-7256136e8000 rw-p 001e7000 103:02 51645820                  /usr/lib/libc.so.6
7256136e8000-7256136f0000 rw-p 00000000 00:00 0 
7256136f5000-7256136fc000 rw-p 00000000 00:00 0 
7256136fc000-725613704000 ---p 00000000 00:00 0 
725613704000-72561370e000 r--p 00000000 103:02 52695770                  /usr/lib/jvm/java-17-openjdk/lib/libjava.so
72561370e000-72561371f000 r-xp 0000a000 103:02 52695770                  /usr/lib/jvm/java-17-openjdk/lib/libjava.so
72561371f000-725613724000 r--p 0001b000 103:02 52695770                  /usr/lib/jvm/java-17-openjdk/lib/libjava.so
725613724000-725613725000 r--p 00020000 103:02 52695770                  /usr/lib/jvm/java-17-openjdk/lib/libjava.so
725613725000-725613726000 rw-p 00021000 103:02 52695770                  /usr/lib/jvm/java-17-openjdk/lib/libjava.so
725613726000-725613727000 rw-p 00000000 00:00 0 
725613727000-72561372f000 rw-s 00000000 00:2a 8841                       /tmp/hsperfdata_mahir/123232
72561372f000-725613730000 ---p 00000000 00:00 0 
725613730000-725613731000 r--p 00000000 00:00 0 
725613731000-725613732000 ---p 00000000 00:00 0 
725613732000-725613733000 r--p 00000000 103:02 52695774                  /usr/lib/jvm/java-17-openjdk/lib/libjimage.so
725613733000-725613735000 r-xp 00001000 103:02 52695774                  /usr/lib/jvm/java-17-openjdk/lib/libjimage.so
725613735000-725613736000 r--p 00003000 103:02 52695774                  /usr/lib/jvm/java-17-openjdk/lib/libjimage.so
725613736000-725613737000 r--p 00003000 103:02 52695774                  /usr/lib/jvm/java-17-openjdk/lib/libjimage.so
725613737000-725613738000 rw-p 00004000 103:02 52695774                  /usr/lib/jvm/java-17-openjdk/lib/libjimage.so
725613738000-72561373a000 r--p 00000000 103:02 52695775                  /usr/lib/jvm/java-17-openjdk/lib/libjli.so
72561373a000-725613743000 r-xp 00002000 103:02 52695775                  /usr/lib/jvm/java-17-openjdk/lib/libjli.so
725613743000-725613746000 r--p 0000b000 103:02 52695775                  /usr/lib/jvm/java-17-openjdk/lib/libjli.so
725613746000-725613747000 r--p 0000d000 103:02 52695775                  /usr/lib/jvm/java-17-openjdk/lib/libjli.so
725613747000-725613748000 rw-p 0000e000 103:02 52695775                  /usr/lib/jvm/java-17-openjdk/lib/libjli.so
725613748000-72561374a000 rw-p 00000000 00:00 0 
72561374a000-72561374e000 r--p 00000000 00:00 0                          [vvar]
72561374e000-725613750000 r-xp 00000000 00:00 0                          [vdso]
725613750000-725613751000 r--p 00000000 103:02 51645765                  /usr/lib/ld-linux-x86-64.so.2
725613751000-72561377a000 r-xp 00001000 103:02 51645765                  /usr/lib/ld-linux-x86-64.so.2
72561377a000-725613784000 r--p 0002a000 103:02 51645765                  /usr/lib/ld-linux-x86-64.so.2
725613784000-725613786000 r--p 00034000 103:02 51645765                  /usr/lib/ld-linux-x86-64.so.2
725613786000-725613788000 rw-p 00036000 103:02 51645765                  /usr/lib/ld-linux-x86-64.so.2
7ffc155ab000-7ffc155cd000 rw-p 00000000 00:00 0                          [stack]
ffffffffff600000-ffffffffff601000 --xp 00000000 00:00 0                  [vsyscall]


VM Arguments:
jvm_args: -Duser.dir=/home/mahir/fun/CPU/nebula-risc-v 
java_command: nebula.test.decoder_test
java_class_path (initial): /home/mahir/fun/CPU/nebula-risc-v/.metals/.tmp/classpath_FCCE2C4148ED30764AFC780A95561B7C.jar
Launcher Type: SUN_STANDARD

[Global flags]
     intx CICompilerCount                          = 12                                        {product} {ergonomic}
     uint ConcGCThreads                            = 5                                         {product} {ergonomic}
     uint G1ConcRefinementThreads                  = 18                                        {product} {ergonomic}
   size_t G1HeapRegionSize                         = 4194304                                   {product} {ergonomic}
    uintx GCDrainStackTargetSize                   = 64                                        {product} {ergonomic}
   size_t InitialHeapSize                          = 528482304                                 {product} {ergonomic}
   size_t MarkStackSize                            = 4194304                                   {product} {ergonomic}
   size_t MaxHeapSize                              = 8392802304                                {product} {ergonomic}
   size_t MaxNewSize                               = 5033164800                                {product} {ergonomic}
   size_t MinHeapDeltaBytes                        = 4194304                                   {product} {ergonomic}
   size_t MinHeapSize                              = 8388608                                   {product} {ergonomic}
    uintx NonNMethodCodeHeapSize                   = 7602480                                {pd product} {ergonomic}
    uintx NonProfiledCodeHeapSize                  = 122027880                              {pd product} {ergonomic}
    uintx ProfiledCodeHeapSize                     = 122027880                              {pd product} {ergonomic}
    uintx ReservedCodeCacheSize                    = 251658240                              {pd product} {ergonomic}
     bool SegmentedCodeCache                       = true                                      {product} {ergonomic}
   size_t SoftMaxHeapSize                          = 8392802304                             {manageable} {ergonomic}
     bool UseCompressedClassPointers               = true                           {product lp64_product} {ergonomic}
     bool UseCompressedOops                        = true                           {product lp64_product} {ergonomic}
     bool UseG1GC                                  = true                                      {product} {ergonomic}

Logging:
Log output configuration:
 #0: stdout all=warning uptime,level,tags
 #1: stderr all=off uptime,level,tags

Environment Variables:
PATH=/home/mahir/.local/share/gem/ruby/3.0.0/bin:/usr/local/sbin:/usr/local/bin:/usr/bin:/var/lib/flatpak/exports/bin:/usr/lib/jvm/default/bin:/usr/bin/site_perl:/usr/bin/vendor_perl:/usr/bin/core_perl:/opt/rocm/bin:/home/mahir/.local/bin:/home/mahir/.local/share/coursier/bin:~/.cargo/bin:/home/mahir/.local/bin:/home/mahir/.local/share/coursier/bin
SHELL=/bin/zsh
DISPLAY=:1
LANG=en_GB.UTF-8
LC_NUMERIC=en_GB.UTF-8
LC_TIME=en_GB.UTF-8
TERM=xterm-256color

Active Locale:
LC_ALL=en_GB.UTF-8
LC_COLLATE=en_GB.UTF-8
LC_CTYPE=en_GB.UTF-8
LC_MESSAGES=en_GB.UTF-8
LC_MONETARY=en_GB.UTF-8
LC_NUMERIC=en_GB.UTF-8
LC_TIME=en_GB.UTF-8

Signal Handlers:
   SIGSEGV: 0x0000725613030aa0 in libjvm.so+10685088, mask=11100100010111111101111111111110, flags=SA_RESTART|SA_SIGINFO, unblocked
    SIGBUS: 0x0000725613030aa0 in libjvm.so+10685088, mask=11100100010111111101111111111110, flags=SA_RESTART|SA_SIGINFO, unblocked
    SIGFPE: 0x0000725613030aa0 in libjvm.so+10685088, mask=11100100010111111101111111111110, flags=SA_RESTART|SA_SIGINFO, unblocked
   SIGPIPE: 0x0000725612f4c400 in libjvm.so+9749504, mask=11100100010111111101111111111110, flags=SA_RESTART|SA_SIGINFO, blocked
   SIGXFSZ: 0x0000725612f4c400 in libjvm.so+9749504, mask=11100100010111111101111111111110, flags=SA_RESTART|SA_SIGINFO, blocked
    SIGILL: 0x0000725613030aa0 in libjvm.so+10685088, mask=11100100010111111101111111111110, flags=SA_RESTART|SA_SIGINFO, unblocked
   SIGUSR2: 0x0000725612f4b440 in libjvm.so+9745472, mask=00000000000000000000000000000000, flags=SA_RESTART|SA_SIGINFO, blocked
    SIGHUP: 0x0000725612f4b3c0 in libjvm.so+9745344, mask=11100100010111111101111111111110, flags=SA_RESTART|SA_SIGINFO, blocked
    SIGINT: 0x0000725612f4b3c0 in libjvm.so+9745344, mask=11100100010111111101111111111110, flags=SA_RESTART|SA_SIGINFO, blocked
   SIGTERM: 0x0000725612f4b3c0 in libjvm.so+9745344, mask=11100100010111111101111111111110, flags=SA_RESTART|SA_SIGINFO, blocked
   SIGQUIT: 0x0000725612f4b3c0 in libjvm.so+9745344, mask=11100100010111111101111111111110, flags=SA_RESTART|SA_SIGINFO, blocked
   SIGTRAP: 0x0000725613030aa0 in libjvm.so+10685088, mask=11100100010111111101111111111110, flags=SA_RESTART|SA_SIGINFO, unblocked


Periodic native trim disabled


---------------  S Y S T E M  ---------------

OS:
DISTRIB_ID="EndeavourOS"
DISTRIB_RELEASE="rolling"
DISTRIB_DESCRIPTION="EndeavourOS Linux"
DISTRIB_CODENAME="rolling"
uname: Linux 6.11.2-arch1-1 #1 SMP PREEMPT_DYNAMIC Fri, 04 Oct 2024 21:51:11 +0000 x86_64
OS uptime: 0 days 9:48 hours
libc: glibc 2.40 NPTL 2.40 
rlimit (soft/hard): STACK 8192k/infinity , CORE infinity/infinity , NPROC 127621/127621 , NOFILE 524288/524288 , AS infinity/infinity , CPU infinity/infinity , DATA infinity/infinity , FSIZE infinity/infinity , MEMLOCK 8192k/8192k
load average: 2.08 2.01 1.91

/proc/meminfo:
MemTotal:       32782592 kB
MemFree:         8925972 kB
MemAvailable:   17202192 kB
Buffers:          864464 kB
Cached:          7610160 kB
SwapCached:            0 kB
Active:         16145992 kB
Inactive:        5692692 kB
Active(anon):   13693372 kB
Inactive(anon):        0 kB
Active(file):    2452620 kB
Inactive(file):  5692692 kB
Unevictable:         168 kB
Mlocked:             168 kB
SwapTotal:             0 kB
SwapFree:              0 kB
Zswap:                 0 kB
Zswapped:              0 kB
Dirty:            180860 kB
Writeback:             0 kB
AnonPages:      13251492 kB
Mapped:          1523044 kB
Shmem:            329312 kB
KReclaimable:     596452 kB
Slab:             850176 kB
SReclaimable:     596452 kB
SUnreclaim:       253724 kB
KernelStack:       43152 kB
PageTables:       116712 kB
SecPageTables:      5308 kB
NFS_Unstable:          0 kB
Bounce:                0 kB
WritebackTmp:          0 kB
CommitLimit:    16391296 kB
Committed_AS:   57278400 kB
VmallocTotal:   34359738367 kB
VmallocUsed:      128780 kB
VmallocChunk:          0 kB
Percpu:            33888 kB
HardwareCorrupted:     0 kB
AnonHugePages:   4177920 kB
ShmemHugePages:        0 kB
ShmemPmdMapped:        0 kB
FileHugePages:    434176 kB
FilePmdMapped:    212992 kB
CmaTotal:              0 kB
CmaFree:               0 kB
Unaccepted:            0 kB
HugePages_Total:       0
HugePages_Free:        0
HugePages_Rsvd:        0
HugePages_Surp:        0
Hugepagesize:       2048 kB
Hugetlb:               0 kB
DirectMap4k:      678168 kB
DirectMap2M:    18116608 kB
DirectMap1G:    14680064 kB

/sys/kernel/mm/transparent_hugepage/enabled: [always] madvise never
/sys/kernel/mm/transparent_hugepage/hpage_pmd_size: 2097152
/sys/kernel/mm/transparent_hugepage/defrag (defrag/compaction efforts parameter): always defer defer+madvise [madvise] never

Process Memory:
Virtual Size: 13102236K (peak: 13102524K)
Resident Set Size: 211528K (peak: 211528K) (anon: 180768K, file: 30760K, shmem: 0K)
Swapped out: 0K
C-Heap outstanding allocations: 97552K, retained: 32263K
glibc malloc tunables: (default)

/proc/sys/kernel/threads-max (system-wide limit on the number of threads): 255243
/proc/sys/vm/max_map_count (maximum number of memory map areas a process may have): 1048576
/proc/sys/vm/swappiness (control to define how aggressively the kernel swaps out anonymous memory): 60
/proc/sys/kernel/pid_max (system-wide limit on number of process identifiers): 4194304

container (cgroup) information:
container_type: cgroupv2
cpu_cpuset_cpus: not supported
cpu_memory_nodes: not supported
active_processor_count: 24
cpu_quota: no quota
cpu_period: 100000
cpu_shares: no shares
memory_limit_in_bytes: unlimited
memory_and_swap_limit_in_bytes: unlimited
memory_soft_limit_in_bytes: unlimited
memory_usage_in_bytes: 7555376 k
memory_max_usage_in_bytes: not supported
memory_swap_current_in_bytes: unlimited
memory_swap_max_limit_in_bytes: unlimited
maximum number of tasks: 38286
current number of tasks: 551

Steal ticks since vm start: 0
Steal ticks percentage since vm start:  0.000

CPU: total 24 (initial active 24) (24 cores per cpu, 2 threads per core) family 25 model 33 stepping 2 microcode 0xa20120a, cx8, cmov, fxsr, ht, mmx, 3dnowpref, sse, sse2, sse3, ssse3, sse4a, sse4.1, sse4.2, popcnt, lzcnt, tsc, tscinvbit, avx, avx2, aes, erms, clmul, bmi1, bmi2, adx, sha, fma, vzeroupper, clflush, clflushopt
CPU Model and flags from /proc/cpuinfo:
model name	: AMD Ryzen 9 5900X 12-Core Processor
flags		: fpu vme de pse tsc msr pae mce cx8 apic sep mtrr pge mca cmov pat pse36 clflush mmx fxsr sse sse2 ht syscall nx mmxext fxsr_opt pdpe1gb rdtscp lm constant_tsc rep_good nopl xtopology nonstop_tsc cpuid extd_apicid aperfmperf rapl pni pclmulqdq monitor ssse3 fma cx16 sse4_1 sse4_2 x2apic movbe popcnt aes xsave avx f16c rdrand lahf_lm cmp_legacy svm extapic cr8_legacy abm sse4a misalignsse 3dnowprefetch osvw ibs skinit wdt tce topoext perfctr_core perfctr_nb bpext perfctr_llc mwaitx cpb cat_l3 cdp_l3 hw_pstate ssbd mba ibrs ibpb stibp vmmcall fsgsbase bmi1 avx2 smep bmi2 erms invpcid cqm rdt_a rdseed adx smap clflushopt clwb sha_ni xsaveopt xsavec xgetbv1 xsaves cqm_llc cqm_occup_llc cqm_mbm_total cqm_mbm_local user_shstk clzero irperf xsaveerptr rdpru wbnoinvd arat npt lbrv svm_lock nrip_save tsc_scale vmcb_clean flushbyasid decodeassists pausefilter pfthreshold avic v_vmsave_vmload vgif v_spec_ctrl umip pku ospke vaes vpclmulqdq rdpid overflow_recov succor smca fsrm debug_swap

Online cpus: 0-23
Offline cpus: 
BIOS frequency limitation: <Not Available>
Frequency switch latency (ns): 0
Available cpu frequencies: <Not Available>
Current governor: powersave
Core performance/turbo boost: 1

Memory: 4k page, physical 32782592k(8925972k free), swap 0k(0k free)
Page Sizes: 4k

vm_info: OpenJDK 64-Bit Server VM (17.0.12+7) for linux-amd64 JRE (17.0.12+7), built on Jul 17 2024 13:35:02 by "builduser" with gcc 14.1.1 20240522

END.
