#
# A fatal error has been detected by the Java Runtime Environment:
#
#  SIGSEGV (0xb) at pc=0x00007d96ea39189d, pid=65248, tid=65250
#
# JRE version: OpenJDK Runtime Environment (17.0.12+7) (build 17.0.12+7)
# Java VM: OpenJDK 64-Bit Server VM (17.0.12+7, mixed mode, sharing, tiered, compressed oops, compressed class ptrs, g1 gc, linux-amd64)
# Problematic frame:
# C  [verilator_642291766835216141.so+0x3089d]  sc_time_stamp()+0x14
#
# Core dump will be written. Default location: Core dumps may be processed with "/usr/lib/systemd/systemd-coredump %P %u %g %s %t %c %h" (or dumping to /home/mahir/fun/CPU/nebula-risc-v/core.65248)
#
# If you would like to submit a bug report, please visit:
#   https://bugreport.java.com/bugreport/crash.jsp
# The crash happened outside the Java Virtual Machine in native code.
# See problematic frame for where to report the bug.
#

---------------  S U M M A R Y ------------

Command Line: -Duser.dir=/home/mahir/fun/CPU/nebula-risc-v nebula.test.decoder_test

Host: AMD Ryzen 9 5900X 12-Core Processor, 24 cores, 31G, EndeavourOS Linux
Time: Thu Oct  3 18:49:43 2024 BST elapsed time: 0.891726 seconds (0d 0h 0m 0s)

---------------  T H R E A D  ---------------

Current thread (0x00007d970c0159e0):  JavaThread "main" [_thread_in_native, id=65250, stack(0x00007d9712700000,0x00007d9712800000)]

Stack: [0x00007d9712700000,0x00007d9712800000],  sp=0x00007d97127fdd30,  free space=1015k
Native frames: (J=compiled Java code, j=interpreted, Vv=VM code, C=native code)
C  [verilator_642291766835216141.so+0x3089d]  sc_time_stamp()+0x14
C  [verilator_642291766835216141.so+0x47137]  VerilatedContext::time() const+0x31
C  [verilator_642291766835216141.so+0x40162]  VerilatedContext::addModel(VerilatedModel*)+0xa0
C  [verilator_642291766835216141.so+0x769af]  VdecoderForTest::VdecoderForTest(VerilatedContext*, char const*)+0xf1
C  [verilator_642291766835216141.so+0x76a9b]  VdecoderForTest::VdecoderForTest(char const*)+0x2b

Java frames: (J=compiled Java code, j=interpreted, Vv=VM code)
j  wrapper_verilator.VerilatorNative.newHandle_642291766835216141(Ljava/lang/String;Ljava/lang/String;I)J+0
j  wrapper_verilator.VerilatorNative.newHandle(Ljava/lang/String;Ljava/lang/String;I)J+4
j  spinal.sim.VerilatorBackend.instanciate(Ljava/lang/String;I)J+135
j  spinal.core.sim.SpinalSimConfig$$anon$3.newSimRaw(Ljava/lang/String;I)Lspinal/sim/SimRaw;+14
j  spinal.core.sim.SimCompiled.doSimApi(Ljava/lang/String;IZLscala/Function1;)V+47
j  spinal.core.sim.SimCompiled.doSim(Lscala/Function1;)V+23
j  nebula.test.decoder_test$.delayedEndpoint$nebula$test$decoder_test$1()V+22
j  nebula.test.decoder_test$delayedInit$body.apply()Ljava/lang/Object;+4
j  scala.Function0.apply$mcV$sp()V+1
j  scala.Function0.apply$mcV$sp$(Lscala/Function0;)V+1
j  scala.runtime.AbstractFunction0.apply$mcV$sp()V+1
j  scala.App.$anonfun$main$1$adapted(Lscala/Function0;)Ljava/lang/Object;+1
j  scala.App$$Lambda$5+0x00007d9684036fe0.apply(Ljava/lang/Object;)Ljava/lang/Object;+4
j  scala.collection.immutable.List.foreach(Lscala/Function1;)V+14
j  scala.App.main([Ljava/lang/String;)V+33
j  scala.App.main$(Lscala/App;[Ljava/lang/String;)V+2
j  nebula.test.decoder_test$.main([Ljava/lang/String;)V+2
j  nebula.test.decoder_test.main([Ljava/lang/String;)V+4
v  ~StubRoutines::call_stub

siginfo: si_signo: 11 (SIGSEGV), si_code: 1 (SEGV_MAPERR), si_addr: 0x0000000000000008

Registers:
RAX=0x0000000000000000, RBX=0x00007d970ca35400, RCX=0x0000000001515112, RDX=0x00005f62e5fe7f90
RSP=0x00007d97127fdd30, RBP=0x00007d97127fdd40, RSI=0x0000000000000000, RDI=0x00007d96ea3fcf10
R8 =0x000bff6415b2c95b, R9 =0x0000000000000001, R10=0x0000000000000000, R11=0x00007d9713a87080
R12=0x00007d970ca35380, R13=0x0000000000000001, R14=0x00007d970ca34ca8, R15=0x00007d970cd144b0
RIP=0x00007d96ea39189d, EFLAGS=0x0000000000010206, CSGSFS=0x002b000000000033, ERR=0x0000000000000004
  TRAPNO=0x000000000000000e


Register to memory mapping:

RAX=0x0 is NULL
RBX=0x00007d970ca35400 points into unknown readable memory: 0x00007d96ea3ff440 | 40 f4 3f ea 96 7d 00 00
RCX=0x0000000001515112 is an unknown value
RDX=0x00005f62e5fe7f90 points into unknown readable memory: 0x0000000000000004 | 04 00 00 00 00 00 00 00
RSP=0x00007d97127fdd30 is pointing into the stack for thread: 0x00007d970c0159e0
RBP=0x00007d97127fdd40 is pointing into the stack for thread: 0x00007d970c0159e0
RSI=0x0 is NULL
RDI=0x00007d96ea3fcf10: <offset 0x000000000009bf10> in /home/mahir/fun/CPU/nebula-risc-v/simWorkspace/decoderForTest/verilator/verilator_642291766835216141.so at 0x00007d96ea361000
R8 =0x000bff6415b2c95b is an unknown value
R9 =0x0000000000000001 is an unknown value
R10=0x0 is NULL
R11=0x00007d9713a87080 points into unknown readable memory: 0x0000000101515114 | 14 51 51 01 01 00 00 00
R12=0x00007d970ca35380 points into unknown readable memory: 0x00007d96ea3fc7b8 | b8 c7 3f ea 96 7d 00 00
R13=0x0000000000000001 is an unknown value
R14=0x00007d970ca34ca8 points into unknown readable memory: 0x00007d96ea3fc6a0 | a0 c6 3f ea 96 7d 00 00
R15=0x00007d970cd144b0 points into unknown readable memory: 0x0000000074736574 | 74 65 73 74 00 00 00 00


Top of Stack: (sp=0x00007d97127fdd30)
0x00007d97127fdd30:   0000000000000001 00007d96ea3a80cd
0x00007d97127fdd40:   00007d97127fdd60 00007d96ea3a8137
0x00007d97127fdd50:   00007d96ea3ff440 00007d96ea3ff440
0x00007d97127fdd60:   00007d97127fdf40 00007d96ea3a1162
0x00007d97127fdd70:   00007d970ca35380 00007d96ea3ff440
0x00007d97127fdd80:   0000000000000000 00007d96ea3ff440
0x00007d97127fdd90:   9999999999999999 0000000000000000
0x00007d97127fdda0:   2020202020202020 00007d96ea3ff440
0x00007d97127fddb0:   00007d97127fdde0 00007d96ea3a2f6f
0x00007d97127fddc0:   0000000000000000 60b36a9fea3ff440
0x00007d97127fddd0:   00007d97127fdde0 00007d96ea3a8ebf
0x00007d97127fdde0:   00007d97127fde00 00007d96ea39440e
0x00007d97127fddf0:   0000000000000001 00007d970ca35400
0x00007d97127fde00:   00007d970ca35380 0000000000000001
0x00007d97127fde10:   00007d970ca34ca8 00007d970cd144b0
0x00007d97127fde20:   00007d97127fde40 00007d96ea3a7bc4
0x00007d97127fde30:   00007d97127fde40 00007d96ea3ff440
0x00007d97127fde40:   00007d97127fde60 00007d96ea3a7ca0
0x00007d97127fde50:   00007d97127fde70 00007d96ea3a7bf3
0x00007d97127fde60:   00007d97127fde80 00007d96ea3ff440
0x00007d97127fde70:   00007d97127fde90 00007d96ea3a7cc0
0x00007d97127fde80:   00007d97127fdeb0 00007d96ea3ff440
0x00007d97127fde90:   00007d97127fdeb0 00007d96ea3a7d46
0x00007d97127fdea0:   00007d970ca35400 00007d96ea3ff440
0x00007d97127fdeb0:   00007d97127fded0 00007d96ea3a7da9
0x00007d97127fdec0:   00007d96ea3ff440 00007d97127fdef0
0x00007d97127fded0:   00007d97127fdf00 00007d96ea3d919c
0x00007d97127fdee0:   0000000c00800000 00007d96ea3ff440
0x00007d97127fdef0:   00007d01ea3ff440 00007d970ca354c0
0x00007d97127fdf00:   00007d97127fdf40 00007d96ea3d90c9
0x00007d97127fdf10:   00007d970ca35380 00007d96ea3da000
0x00007d97127fdf20:   00007d96ea3ff440 4312749f42440f00 

Instructions: (pc=0x00007d96ea39189d)
0x00007d96ea39179d:   b8 ff ff ff 25 12 dc 06 00 68 77 04 00 00 e9 70
0x00007d96ea3917ad:   b8 ff ff ff 25 9a b7 06 00 66 90 ff 25 02 b8 06
0x00007d96ea3917bd:   00 66 90 48 8d 3d 51 dc 06 00 48 8d 05 4a dc 06
0x00007d96ea3917cd:   00 48 39 f8 74 15 48 8b 05 d6 b7 06 00 48 85 c0
0x00007d96ea3917dd:   74 09 ff e0 0f 1f 80 00 00 00 00 c3 0f 1f 80 00
0x00007d96ea3917ed:   00 00 00 48 8d 3d 21 dc 06 00 48 8d 35 1a dc 06
0x00007d96ea3917fd:   00 48 29 fe 48 89 f0 48 c1 ee 3f 48 c1 f8 03 48
0x00007d96ea39180d:   01 c6 48 d1 fe 74 14 48 8b 05 c5 b7 06 00 48 85
0x00007d96ea39181d:   c0 74 08 ff e0 66 0f 1f 44 00 00 c3 0f 1f 80 00
0x00007d96ea39182d:   00 00 00 f3 0f 1e fa 80 3d e5 db 06 00 00 75 33
0x00007d96ea39183d:   55 48 83 3d f2 b6 06 00 00 48 89 e5 74 0d 48 8b
0x00007d96ea39184d:   3d 6e db 06 00 ff 15 e0 b6 06 00 e8 63 ff ff ff
0x00007d96ea39185d:   c6 05 bc db 06 00 01 5d c3 66 2e 0f 1f 84 00 00
0x00007d96ea39186d:   00 00 00 c3 66 66 2e 0f 1f 84 00 00 00 00 00 0f
0x00007d96ea39187d:   1f 40 00 f3 0f 1e fa e9 67 ff ff ff 52 48 8d 3d
0x00007d96ea39188d:   7f b6 06 00 e8 4a f4 ff ff 48 8b 80 00 00 00 00
0x00007d96ea39189d:   48 8b 40 08 48 85 c0 78 07 f2 48 0f 2a c0 eb 15
0x00007d96ea3918ad:   48 89 c2 83 e0 01 48 d1 ea 48 09 c2 f2 48 0f 2a
0x00007d96ea3918bd:   c2 f2 0f 58 c0 58 c3 50 89 f2 31 c0 48 89 fe 48
0x00007d96ea3918cd:   8d 3d 6d 87 04 00 e8 58 b8 ff ff e8 60 03 00 00
0x00007d96ea3918dd:   be 01 00 00 00 5a 48 89 c7 e9 9d ee 00 00 41 57
0x00007d96ea3918ed:   41 56 49 89 d6 41 55 41 54 49 89 cc 55 53 48 89
0x00007d96ea3918fd:   fb 49 63 f8 48 83 ec 18 89 7c 24 0c e8 f2 f2 ff
0x00007d96ea39190d:   ff 48 8b 03 31 d2 4c 89 f6 48 89 df ff 90 48 05
0x00007d96ea39191d:   00 00 31 d2 4c 89 e6 48 89 df 49 89 c7 48 8b 03
0x00007d96ea39192d:   ff 90 48 05 00 00 bf 78 04 00 00 49 89 c5 e8 e0
0x00007d96ea39193d:   db ff ff 8b 4c 24 0c 4c 89 ea 4c 89 fe 48 89 c7
0x00007d96ea39194d:   48 89 c5 e8 d7 03 00 00 48 8b 03 4c 89 fa 4c 89
0x00007d96ea39195d:   f6 48 89 df ff 90 50 05 00 00 48 8b 03 4c 89 ea
0x00007d96ea39196d:   4c 89 e6 48 89 df ff 90 50 05 00 00 48 83 c4 18
0x00007d96ea39197d:   48 89 e8 5b 5d 41 5c 41 5d 41 5e 41 5f c3 48 89
0x00007d96ea39198d:   c3 48 89 ef be 78 04 00 00 e8 25 dc ff ff 48 89 


Stack slot to memory mapping:
stack at sp + 0 slots: 0x0000000000000001 is an unknown value
stack at sp + 1 slots: 0x00007d96ea3a80cd: <offset 0x00000000000470cd> in /home/mahir/fun/CPU/nebula-risc-v/simWorkspace/decoderForTest/verilator/verilator_642291766835216141.so at 0x00007d96ea361000
stack at sp + 2 slots: 0x00007d97127fdd60 is pointing into the stack for thread: 0x00007d970c0159e0
stack at sp + 3 slots: 0x00007d96ea3a8137: <offset 0x0000000000047137> in /home/mahir/fun/CPU/nebula-risc-v/simWorkspace/decoderForTest/verilator/verilator_642291766835216141.so at 0x00007d96ea361000
stack at sp + 4 slots: 0x00007d96ea3ff440: <offset 0x000000000009e440> in /home/mahir/fun/CPU/nebula-risc-v/simWorkspace/decoderForTest/verilator/verilator_642291766835216141.so at 0x00007d96ea361000
stack at sp + 5 slots: 0x00007d96ea3ff440: <offset 0x000000000009e440> in /home/mahir/fun/CPU/nebula-risc-v/simWorkspace/decoderForTest/verilator/verilator_642291766835216141.so at 0x00007d96ea361000
stack at sp + 6 slots: 0x00007d97127fdf40 is pointing into the stack for thread: 0x00007d970c0159e0
stack at sp + 7 slots: 0x00007d96ea3a1162: <offset 0x0000000000040162> in /home/mahir/fun/CPU/nebula-risc-v/simWorkspace/decoderForTest/verilator/verilator_642291766835216141.so at 0x00007d96ea361000


---------------  P R O C E S S  ---------------

Threads class SMR info:
_java_thread_list=0x00007d95bc2653e0, length=23, elements={
0x00007d970c0159e0, 0x00007d970c16d390, 0x00007d970c16e790, 0x00007d970c173d00,
0x00007d970c1750d0, 0x00007d970c176500, 0x00007d970c177f50, 0x00007d970c1794a0,
0x00007d970c17a930, 0x00007d970c182760, 0x00007d970c185ae0, 0x00007d964c01c030,
0x00007d964c055b80, 0x00007d964c056d50, 0x00007d9624078830, 0x00007d970c5ba210,
0x00007d970c59e940, 0x00007d96280825c0, 0x00007d964c0f4490, 0x00007d964c0f55b0,
0x00007d95bc0fe7f0, 0x00007d95bc0ff5c0, 0x00007d95bc264450
}

Java Threads: ( => current thread )
=>0x00007d970c0159e0 JavaThread "main" [_thread_in_native, id=65250, stack(0x00007d9712700000,0x00007d9712800000)]
  0x00007d970c16d390 JavaThread "Reference Handler" daemon [_thread_blocked, id=65257, stack(0x00007d96dbafc000,0x00007d96dbbfc000)]
  0x00007d970c16e790 JavaThread "Finalizer" daemon [_thread_blocked, id=65258, stack(0x00007d96db9fb000,0x00007d96dbafb000)]
  0x00007d970c173d00 JavaThread "Signal Dispatcher" daemon [_thread_blocked, id=65259, stack(0x00007d96db8fa000,0x00007d96db9fa000)]
  0x00007d970c1750d0 JavaThread "Service Thread" daemon [_thread_blocked, id=65260, stack(0x00007d96db500000,0x00007d96db600000)]
  0x00007d970c176500 JavaThread "Monitor Deflation Thread" daemon [_thread_blocked, id=65261, stack(0x00007d96db3ff000,0x00007d96db4ff000)]
  0x00007d970c177f50 JavaThread "C2 CompilerThread0" daemon [_thread_in_native, id=65262, stack(0x00007d96db2fe000,0x00007d96db3fe000)]
  0x00007d970c1794a0 JavaThread "C1 CompilerThread0" daemon [_thread_blocked, id=65263, stack(0x00007d96db1fd000,0x00007d96db2fd000)]
  0x00007d970c17a930 JavaThread "Sweeper thread" daemon [_thread_blocked, id=65264, stack(0x00007d96db0fc000,0x00007d96db1fc000)]
  0x00007d970c182760 JavaThread "Notification Thread" daemon [_thread_blocked, id=65265, stack(0x00007d96daffb000,0x00007d96db0fb000)]
  0x00007d970c185ae0 JavaThread "Common-Cleaner" daemon [_thread_blocked, id=65267, stack(0x00007d96dadf9000,0x00007d96daef9000)]
  0x00007d964c01c030 JavaThread "C1 CompilerThread1" daemon [_thread_blocked, id=65268, stack(0x00007d96dacf8000,0x00007d96dadf8000)]
  0x00007d964c055b80 JavaThread "C1 CompilerThread2" daemon [_thread_blocked, id=65269, stack(0x00007d96dabf7000,0x00007d96dacf7000)]
  0x00007d964c056d50 JavaThread "C1 CompilerThread3" daemon [_thread_blocked, id=65270, stack(0x00007d96daaf6000,0x00007d96dabf6000)]
  0x00007d9624078830 JavaThread "C2 CompilerThread1" daemon [_thread_blocked, id=65271, stack(0x00007d96da9f5000,0x00007d96daaf5000)]
  0x00007d970c5ba210 JavaThread "process reaper" daemon [_thread_blocked, id=65284, stack(0x00007d9712688000,0x00007d97126aa000)]
  0x00007d970c59e940 JavaThread "JNA Cleaner" daemon [_thread_blocked, id=65286, stack(0x00007d96d9de9000,0x00007d96d9ee9000)]
  0x00007d96280825c0 JavaThread "C2 CompilerThread2" daemon [_thread_blocked, id=65289, stack(0x00007d96d9900000,0x00007d96d9a00000)]
  0x00007d964c0f4490 JavaThread "C2 CompilerThread3" daemon [_thread_blocked, id=65290, stack(0x00007d96d97ff000,0x00007d96d98ff000)]
  0x00007d964c0f55b0 JavaThread "C2 CompilerThread4" daemon [_thread_blocked, id=65291, stack(0x00007d96d96fe000,0x00007d96d97fe000)]
  0x00007d95bc0fe7f0 JavaThread "C2 CompilerThread5" daemon [_thread_blocked, id=65308, stack(0x00007d96d92fa000,0x00007d96d93fa000)]
  0x00007d95bc0ff5c0 JavaThread "C2 CompilerThread6" daemon [_thread_blocked, id=65309, stack(0x00007d96d91f9000,0x00007d96d92f9000)]
  0x00007d95bc264450 JavaThread "C2 CompilerThread7" daemon [_thread_blocked, id=65310, stack(0x00007d96d90f8000,0x00007d96d91f8000)]

Other Threads:
  0x00007d970c1693f0 VMThread "VM Thread" [stack: 0x00007d96dbbfd000,0x00007d96dbcfd000] [id=65256]
  0x00007d970c1840c0 WatcherThread [stack: 0x00007d96daefa000,0x00007d96daffa000] [id=65266]
  0x00007d970c045c50 GCTaskThread "GC Thread#0" [stack: 0x00007d9710dde000,0x00007d9710ede000] [id=65251]
  0x00007d9678007ef0 GCTaskThread "GC Thread#1" [stack: 0x00007d96da8f4000,0x00007d96da9f4000] [id=65272]
  0x00007d9678008910 GCTaskThread "GC Thread#2" [stack: 0x00007d96da7f3000,0x00007d96da8f3000] [id=65273]
  0x00007d9678009330 GCTaskThread "GC Thread#3" [stack: 0x00007d96da6f2000,0x00007d96da7f2000] [id=65274]
  0x00007d9678009d50 GCTaskThread "GC Thread#4" [stack: 0x00007d96da5f1000,0x00007d96da6f1000] [id=65275]
  0x00007d967800a770 GCTaskThread "GC Thread#5" [stack: 0x00007d96da4f0000,0x00007d96da5f0000] [id=65276]
  0x00007d967800b1c0 GCTaskThread "GC Thread#6" [stack: 0x00007d96da3ef000,0x00007d96da4ef000] [id=65277]
  0x00007d967800bc10 GCTaskThread "GC Thread#7" [stack: 0x00007d96da2ee000,0x00007d96da3ee000] [id=65278]
  0x00007d967800c680 GCTaskThread "GC Thread#8" [stack: 0x00007d96da1ed000,0x00007d96da2ed000] [id=65279]
  0x00007d967800d110 GCTaskThread "GC Thread#9" [stack: 0x00007d96da0ec000,0x00007d96da1ec000] [id=65280]
  0x00007d967800dba0 GCTaskThread "GC Thread#10" [stack: 0x00007d96d9feb000,0x00007d96da0eb000] [id=65281]
  0x00007d967800e630 GCTaskThread "GC Thread#11" [stack: 0x00007d96d9eea000,0x00007d96d9fea000] [id=65282]
  0x00007d970c056cd0 ConcurrentGCThread "G1 Main Marker" [stack: 0x00007d9710cdd000,0x00007d9710ddd000] [id=65252]
  0x00007d970c057c60 ConcurrentGCThread "G1 Conc#0" [stack: 0x00007d9710bdc000,0x00007d9710cdc000] [id=65253]
  0x00007d96d4000ea0 ConcurrentGCThread "G1 Conc#1" [stack: 0x00007d96d95fd000,0x00007d96d96fd000] [id=65304]
  0x00007d96d4001500 ConcurrentGCThread "G1 Conc#2" [stack: 0x00007d96d94fc000,0x00007d96d95fc000] [id=65305]
  0x00007d96d4001b10 ConcurrentGCThread "G1 Conc#3" [stack: 0x00007d96d9ce8000,0x00007d96d9de8000] [id=65306]
  0x00007d96d4002150 ConcurrentGCThread "G1 Conc#4" [stack: 0x00007d96d93fb000,0x00007d96d94fb000] [id=65307]
  0x00007d970c1389e0 ConcurrentGCThread "G1 Refine#0" [stack: 0x00007d96dbdff000,0x00007d96dbeff000] [id=65254]
  0x00007d970c1398f0 ConcurrentGCThread "G1 Service" [stack: 0x00007d96dbcfe000,0x00007d96dbdfe000] [id=65255]

Threads with active compile tasks:
C2 CompilerThread0      894 3711       4       jdk.internal.org.objectweb.asm.SymbolTable::addConstantMemberReference (147 bytes)

VM state: not at safepoint (normal execution)

VM Mutex/Monitor currently owned by a thread: None

Heap address: 0x000000060bc00000, size: 8004 MB, Compressed Oops mode: Zero based, Oop shift amount: 3

CDS archive(s) mapped at: [0x00007d9683000000-0x00007d9683bc7000-0x00007d9683bc7000), size 12349440, SharedBaseAddress: 0x00007d9683000000, ArchiveRelocationMode: 1.
Compressed class space mapped at: 0x00007d9684000000-0x00007d96c4000000, reserved size: 1073741824
Narrow klass base: 0x00007d9683000000, Narrow klass shift: 0, Narrow klass range: 0x100000000

GC Precious Log:
 CPUs: 24 total, 24 available
 Memory: 32014M
 Large Page Support: Disabled
 NUMA Support: Disabled
 Compressed Oops: Enabled (Zero based)
 Heap Region Size: 4M
 Heap Min Capacity: 8M
 Heap Initial Capacity: 504M
 Heap Max Capacity: 8004M
 Pre-touch: Disabled
 Parallel Workers: 18
 Concurrent Workers: 5
 Concurrent Refinement Workers: 18
 Periodic GC: Disabled

Heap:
 garbage-first heap   total 69632K, used 39080K [0x000000060bc00000, 0x0000000800000000)
  region size 4096K, 9 young (36864K), 1 survivors (4096K)
 Metaspace       used 26911K, committed 27200K, reserved 1114112K
  class space    used 3651K, committed 3776K, reserved 1048576K

Heap Regions: E=young(eden), S=young(survivor), O=old, HS=humongous(starts), HC=humongous(continues), CS=collection set, F=free, OA=open archive, CA=closed archive, TAMS=top-at-mark-start (previous, next)
|   0|0x000000060bc00000, 0x000000060bf6a400, 0x000000060c000000| 85%| O|  |TAMS 0x000000060bf6a400, 0x000000060bc00000| Complete 
|   1|0x000000060c000000, 0x000000060c000000, 0x000000060c400000|  0%| F|  |TAMS 0x000000060c000000, 0x000000060c000000| Untracked 
|   2|0x000000060c400000, 0x000000060c400000, 0x000000060c800000|  0%| F|  |TAMS 0x000000060c400000, 0x000000060c400000| Untracked 
|   3|0x000000060c800000, 0x000000060c800000, 0x000000060cc00000|  0%| F|  |TAMS 0x000000060c800000, 0x000000060c800000| Untracked 
|   4|0x000000060cc00000, 0x000000060cc00000, 0x000000060d000000|  0%| F|  |TAMS 0x000000060cc00000, 0x000000060cc00000| Untracked 
|   5|0x000000060d000000, 0x000000060d000000, 0x000000060d400000|  0%| F|  |TAMS 0x000000060d000000, 0x000000060d000000| Untracked 
|   6|0x000000060d400000, 0x000000060d800000, 0x000000060d800000|100%| E|  |TAMS 0x000000060d400000, 0x000000060d400000| Complete 
|   7|0x000000060d800000, 0x000000060dc00000, 0x000000060dc00000|100%| E|CS|TAMS 0x000000060d800000, 0x000000060d800000| Complete 
|   8|0x000000060dc00000, 0x000000060e000000, 0x000000060e000000|100%| E|CS|TAMS 0x000000060dc00000, 0x000000060dc00000| Complete 
|   9|0x000000060e000000, 0x000000060e400000, 0x000000060e400000|100%| E|CS|TAMS 0x000000060e000000, 0x000000060e000000| Complete 
|  10|0x000000060e400000, 0x000000060e800000, 0x000000060e800000|100%| E|CS|TAMS 0x000000060e400000, 0x000000060e400000| Complete 
|  11|0x000000060e800000, 0x000000060ec00000, 0x000000060ec00000|100%| E|CS|TAMS 0x000000060e800000, 0x000000060e800000| Complete 
|  12|0x000000060ec00000, 0x000000060f000000, 0x000000060f000000|100%| E|CS|TAMS 0x000000060ec00000, 0x000000060ec00000| Complete 
| 114|0x0000000628400000, 0x00000006286d3da0, 0x0000000628800000| 70%| S|CS|TAMS 0x0000000628400000, 0x0000000628400000| Complete 
| 125|0x000000062b000000, 0x000000062b400000, 0x000000062b400000|100%| E|CS|TAMS 0x000000062b000000, 0x000000062b000000| Complete 
|1999|0x00000007ff800000, 0x00000007ffb75000, 0x00000007ffc00000| 86%|OA|  |TAMS 0x00000007ffb75000, 0x00000007ff800000| Untracked 
|2000|0x00000007ffc00000, 0x00000007ffc77000, 0x0000000800000000| 11%|CA|  |TAMS 0x00000007ffc77000, 0x00000007ffc00000| Untracked 

Card table byte_map: [0x00007d96f3200000,0x00007d96f41a2000] _byte_map_base: 0x00007d96f01a2000

Marking Bits (Prev, Next): (CMBitMap*) 0x00007d970c046730, (CMBitMap*) 0x00007d970c0466f0
 Prev Bits: [0x00007d96e2600000, 0x00007d96ea310000)
 Next Bits: [0x00007d96ea400000, 0x00007d96f2110000)

Polling page: 0x00007d9713a6c000

Metaspace:

Usage:
  Non-class:     22.71 MB used.
      Class:      3.57 MB used.
       Both:     26.28 MB used.

Virtual space:
  Non-class space:       64.00 MB reserved,      22.88 MB ( 36%) committed,  1 nodes.
      Class space:        1.00 GB reserved,       3.69 MB ( <1%) committed,  1 nodes.
             Both:        1.06 GB reserved,      26.56 MB (  2%) committed. 

Chunk freelists:
   Non-Class:  8.20 MB
       Class:  12.36 MB
        Both:  20.56 MB

MaxMetaspaceSize: unlimited
CompressedClassSpaceSize: 1.00 GB
Initial GC threshold: 21.00 MB
Current GC threshold: 35.56 MB
CDS: on
MetaspaceReclaimPolicy: balanced
 - commit_granule_bytes: 65536.
 - commit_granule_words: 8192.
 - virtual_space_node_default_size: 8388608.
 - enlarge_chunks_in_place: 1.
 - new_chunks_are_fully_committed: 0.
 - uncommit_free_chunks: 1.
 - use_allocation_guard: 0.
 - handle_deallocations: 1.


Internal statistics:

num_allocs_failed_limit: 3.
num_arena_births: 224.
num_arena_deaths: 0.
num_vsnodes_births: 2.
num_vsnodes_deaths: 0.
num_space_committed: 425.
num_space_uncommitted: 0.
num_chunks_returned_to_freelist: 3.
num_chunks_taken_from_freelist: 1099.
num_chunk_merges: 3.
num_chunk_splits: 834.
num_chunks_enlarged: 714.
num_inconsistent_stats: 0.

CodeHeap 'non-profiled nmethods': size=119168Kb used=1664Kb max_used=1664Kb free=117503Kb
 bounds [0x00007d96fcda0000, 0x00007d96fd010000, 0x00007d9704200000]
CodeHeap 'profiled nmethods': size=119164Kb used=7187Kb max_used=7187Kb free=111976Kb
 bounds [0x00007d96f5200000, 0x00007d96f5910000, 0x00007d96fc65f000]
CodeHeap 'non-nmethods': size=7428Kb used=2934Kb max_used=2997Kb free=4493Kb
 bounds [0x00007d96fc65f000, 0x00007d96fc94f000, 0x00007d96fcda0000]
 total_blobs=4445 nmethods=3889 adapters=465
 compilation: enabled
              stopped_count=0, restarted_count=0
 full_count=0

Compilation events (20 events):
Event: 0.890 Thread 0x00007d964c055b80 3881       1       java.lang.AbstractStringBuilder::length (5 bytes)
Event: 0.890 Thread 0x00007d964c055b80 nmethod 3881 0x00007d96fcf3e210 code [0x00007d96fcf3e3a0, 0x00007d96fcf3e470]
Event: 0.891 Thread 0x00007d964c056d50 3882       1       scala.collection.immutable.HashMap$HashMap1::hash (5 bytes)
Event: 0.891 Thread 0x00007d964c056d50 nmethod 3882 0x00007d96fcf3e510 code [0x00007d96fcf3e6a0, 0x00007d96fcf3e770]
Event: 0.891 Thread 0x00007d964c056d50 3883       3       scala.collection.immutable.HashMap$HashMapBuilder::addOne (415 bytes)
Event: 0.891 Thread 0x00007d964c055b80 3884       3       scala.collection.immutable.AbstractMap::<init> (21 bytes)
Event: 0.891 Thread 0x00007d964c01c030 3885       3       scala.collection.immutable.MapLike::$init$ (1 bytes)
Event: 0.891 Thread 0x00007d964c01c030 nmethod 3885 0x00007d96f58f7790 code [0x00007d96f58f7920, 0x00007d96f58f7a10]
Event: 0.891 Thread 0x00007d964c01c030 3889       3       scala.collection.immutable.HashMap$HashTrieMap::size (5 bytes)
Event: 0.891 Thread 0x00007d964c01c030 nmethod 3889 0x00007d96f58f7a90 code [0x00007d96f58f7c20, 0x00007d96f58f7d30]
Event: 0.891 Thread 0x00007d964c01c030 3888       3       scala.collection.immutable.HashMap$HashMapBuilder::isMutable (19 bytes)
Event: 0.891 Thread 0x00007d970c1794a0 nmethod 3880 0x00007d96f58f7e10 code [0x00007d96f58f84c0, 0x00007d96f58fc000]
Event: 0.891 Thread 0x00007d964c01c030 nmethod 3888 0x00007d96f58fe290 code [0x00007d96f58fe440, 0x00007d96f58fe7a0]
Event: 0.891 Thread 0x00007d964c055b80 nmethod 3884 0x00007d96f58fe890 code [0x00007d96f58feaa0, 0x00007d96f58ff0e0]
Event: 0.891 Thread 0x00007d964c055b80 3890       1       scala.collection.immutable.HashMap$HashMap1::size (2 bytes)
Event: 0.891 Thread 0x00007d964c01c030 3886       3       scala.collection.immutable.Map::$init$ (1 bytes)
Event: 0.891 Thread 0x00007d970c1794a0 3887       3       scala.collection.immutable.HashMap::<init> (9 bytes)
Event: 0.891 Thread 0x00007d964c055b80 nmethod 3890 0x00007d96fcf3e810 code [0x00007d96fcf3e9a0, 0x00007d96fcf3ea70]
Event: 0.891 Thread 0x00007d964c01c030 nmethod 3886 0x00007d96f58ff390 code [0x00007d96f58ff520, 0x00007d96f58ff610]
Event: 0.891 Thread 0x00007d970c1794a0 nmethod 3887 0x00007d96f58ff690 code [0x00007d96f58ff8c0, 0x00007d96f58fffc0]

GC Heap History (6 events):
Event: 0.205 GC heap before
{Heap before GC invocations=0 (full 0):
 garbage-first heap   total 524288K, used 24496K [0x000000060bc00000, 0x0000000800000000)
  region size 4096K, 6 young (24576K), 0 survivors (0K)
 Metaspace       used 7808K, committed 7936K, reserved 1114112K
  class space    used 968K, committed 1024K, reserved 1048576K
}
Event: 0.209 GC heap after
{Heap after GC invocations=1 (full 0):
 garbage-first heap   total 524288K, used 7848K [0x000000060bc00000, 0x0000000800000000)
  region size 4096K, 1 young (4096K), 1 survivors (4096K)
 Metaspace       used 7808K, committed 7936K, reserved 1114112K
  class space    used 968K, committed 1024K, reserved 1048576K
}
Event: 0.366 GC heap before
{Heap before GC invocations=1 (full 0):
 garbage-first heap   total 524288K, used 36520K [0x000000060bc00000, 0x0000000800000000)
  region size 4096K, 8 young (32768K), 1 survivors (4096K)
 Metaspace       used 13204K, committed 13312K, reserved 1114112K
  class space    used 1638K, committed 1664K, reserved 1048576K
}
Event: 0.371 GC heap after
{Heap after GC invocations=2 (full 0):
 garbage-first heap   total 524288K, used 8812K [0x000000060bc00000, 0x0000000800000000)
  region size 4096K, 1 young (4096K), 1 survivors (4096K)
 Metaspace       used 13204K, committed 13312K, reserved 1114112K
  class space    used 1638K, committed 1664K, reserved 1048576K
}
Event: 0.678 GC heap before
{Heap before GC invocations=2 (full 0):
 garbage-first heap   total 524288K, used 45676K [0x000000060bc00000, 0x0000000800000000)
  region size 4096K, 11 young (45056K), 1 survivors (4096K)
 Metaspace       used 21262K, committed 21504K, reserved 1114112K
  class space    used 2966K, committed 3072K, reserved 1048576K
}
Event: 0.682 GC heap after
{Heap after GC invocations=3 (full 0):
 garbage-first heap   total 524288K, used 10408K [0x000000060bc00000, 0x0000000800000000)
  region size 4096K, 1 young (4096K), 1 survivors (4096K)
 Metaspace       used 21262K, committed 21504K, reserved 1114112K
  class space    used 2966K, committed 3072K, reserved 1048576K
}

Dll operation events (8 events):
Event: 0.001 Loaded shared library /usr/lib/jvm/java-17-openjdk/lib/libjava.so
Event: 0.010 Loaded shared library /usr/lib/jvm/java-17-openjdk/lib/libjsvml.so
Event: 0.016 Loaded shared library /usr/lib/jvm/java-17-openjdk/lib/libnio.so
Event: 0.017 Loaded shared library /usr/lib/jvm/java-17-openjdk/lib/libzip.so
Event: 0.046 Loaded shared library /usr/lib/jvm/java-17-openjdk/lib/libjimage.so
Event: 0.253 Loaded shared library /home/mahir/.cache/JNA/temp/jna14820594263721121651.tmp
Event: 0.279 Loaded shared library /usr/lib/jvm/java-17-openjdk/lib/libnet.so
Event: 0.889 Loaded shared library /home/mahir/fun/CPU/nebula-risc-v/simWorkspace/decoderForTest/verilator/verilator_642291766835216141.so

Deoptimization events (20 events):
Event: 0.876 Thread 0x00007d970c0159e0 Uncommon trap: trap_request=0xffffffc6 fr.pc=0x00007d96fcee62c8 relative=0x0000000000001308
Event: 0.876 Thread 0x00007d970c0159e0 Uncommon trap: reason=bimorphic_or_optimized_type_check action=maybe_recompile pc=0x00007d96fcee62c8 method=java.util.HashMap.putVal(ILjava/lang/Object;Ljava/lang/Object;ZZ)Ljava/lang/Object; @ 56 c2
Event: 0.876 Thread 0x00007d970c0159e0 DEOPT PACKING pc=0x00007d96fcee62c8 sp=0x00007d97127fd7e0
Event: 0.876 Thread 0x00007d970c0159e0 DEOPT UNPACKING pc=0x00007d96fc6b5699 sp=0x00007d97127fd710 mode 2
Event: 0.879 Thread 0x00007d970c0159e0 Uncommon trap: trap_request=0xffffffc6 fr.pc=0x00007d96fcee64b4 relative=0x00000000000014f4
Event: 0.879 Thread 0x00007d970c0159e0 Uncommon trap: reason=bimorphic_or_optimized_type_check action=maybe_recompile pc=0x00007d96fcee64b4 method=java.util.HashMap.putVal(ILjava/lang/Object;Ljava/lang/Object;ZZ)Ljava/lang/Object; @ 253 c2
Event: 0.879 Thread 0x00007d970c0159e0 DEOPT PACKING pc=0x00007d96fcee64b4 sp=0x00007d97127fd750
Event: 0.879 Thread 0x00007d970c0159e0 DEOPT UNPACKING pc=0x00007d96fc6b5699 sp=0x00007d97127fd6a8 mode 2
Event: 0.881 Thread 0x00007d970c0159e0 Uncommon trap: trap_request=0xffffffc6 fr.pc=0x00007d96fcee64b4 relative=0x00000000000014f4
Event: 0.881 Thread 0x00007d970c0159e0 Uncommon trap: reason=bimorphic_or_optimized_type_check action=maybe_recompile pc=0x00007d96fcee64b4 method=java.util.HashMap.putVal(ILjava/lang/Object;Ljava/lang/Object;ZZ)Ljava/lang/Object; @ 253 c2
Event: 0.881 Thread 0x00007d970c0159e0 DEOPT PACKING pc=0x00007d96fcee64b4 sp=0x00007d97127fd740
Event: 0.881 Thread 0x00007d970c0159e0 DEOPT UNPACKING pc=0x00007d96fc6b5699 sp=0x00007d97127fd698 mode 2
Event: 0.882 Thread 0x00007d970c0159e0 Uncommon trap: trap_request=0xffffffc6 fr.pc=0x00007d96fcef0340 relative=0x0000000000001480
Event: 0.882 Thread 0x00007d970c0159e0 Uncommon trap: reason=bimorphic_or_optimized_type_check action=maybe_recompile pc=0x00007d96fcef0340 method=java.util.HashMap.putVal(ILjava/lang/Object;Ljava/lang/Object;ZZ)Ljava/lang/Object; @ 253 c2
Event: 0.882 Thread 0x00007d970c0159e0 DEOPT PACKING pc=0x00007d96fcef0340 sp=0x00007d97127fd6b0
Event: 0.882 Thread 0x00007d970c0159e0 DEOPT UNPACKING pc=0x00007d96fc6b5699 sp=0x00007d97127fd690 mode 2
Event: 0.888 Thread 0x00007d970c0159e0 Uncommon trap: trap_request=0xffffffde fr.pc=0x00007d96fcde9860 relative=0x00000000000011c0
Event: 0.888 Thread 0x00007d970c0159e0 Uncommon trap: reason=class_check action=maybe_recompile pc=0x00007d96fcde9860 method=jdk.internal.loader.URLClassPath.getLoader(I)Ljdk/internal/loader/URLClassPath$Loader; @ 88 c2
Event: 0.888 Thread 0x00007d970c0159e0 DEOPT PACKING pc=0x00007d96fcde9860 sp=0x00007d97127fd830
Event: 0.888 Thread 0x00007d970c0159e0 DEOPT UNPACKING pc=0x00007d96fc6b5699 sp=0x00007d97127fd820 mode 2

Classes loaded (20 events):
Event: 0.888 Loading class java/util/EnumMap$EnumMapIterator done
Event: 0.888 Loading class java/util/EnumMap$ValueIterator done
Event: 0.888 Loading class java/util/WeakHashMap$KeyIterator
Event: 0.888 Loading class java/util/WeakHashMap$HashIterator
Event: 0.888 Loading class java/util/WeakHashMap$HashIterator done
Event: 0.888 Loading class java/util/WeakHashMap$KeyIterator done
Event: 0.888 Loading class java/net/URLClassLoader$1
Event: 0.888 Loading class java/net/URLClassLoader$1 done
Event: 0.888 Loading class java/io/FilePermission$1
Event: 0.889 Loading class jdk/internal/access/JavaIOFilePermissionAccess
Event: 0.889 Loading class jdk/internal/access/JavaIOFilePermissionAccess done
Event: 0.889 Loading class java/io/FilePermission$1 done
Event: 0.889 Loading class java/io/FilePermissionCollection
Event: 0.889 Loading class java/io/FilePermissionCollection done
Event: 0.889 Loading class java/util/Vector
Event: 0.889 Loading class java/util/Vector done
Event: 0.889 Loading class java/io/FilePermissionCollection$1
Event: 0.889 Loading class java/io/FilePermissionCollection$1 done
Event: 0.889 Loading class jdk/internal/loader/NativeLibraries$Unloader
Event: 0.889 Loading class jdk/internal/loader/NativeLibraries$Unloader done

Classes unloaded (0 events):
No events

Classes redefined (0 events):
No events

Internal exceptions (20 events):
Event: 0.654 Thread 0x00007d970c0159e0 Exception <a 'java/lang/NoSuchMethodError'{0x0000000628e91f00}: 'java.lang.Object java.lang.invoke.DirectMethodHandle$Holder.invokeVirtual(java.lang.Object, java.lang.Object, java.lang.Object)'> (0x0000000628e91f00) 
thrown [/usr/src/debug/java17-openjdk/jdk17u-jdk-17.0.12-7/src/hotspot/share/interpreter/linkResolver.cpp, line 758]
Event: 0.655 Thread 0x00007d970c0159e0 Exception <a 'java/lang/NoSuchMethodError'{0x0000000628e9bd00}: 'int java.lang.invoke.DirectMethodHandle$Holder.invokeInterface(java.lang.Object, java.lang.Object)'> (0x0000000628e9bd00) 
thrown [/usr/src/debug/java17-openjdk/jdk17u-jdk-17.0.12-7/src/hotspot/share/interpreter/linkResolver.cpp, line 758]
Event: 0.661 Thread 0x00007d970c0159e0 Exception <a 'sun/nio/fs/UnixException'{0x0000000628820808}> (0x0000000628820808) 
thrown [/usr/src/debug/java17-openjdk/jdk17u-jdk-17.0.12-7/src/hotspot/share/prims/jni.cpp, line 516]
Event: 0.661 Thread 0x00007d970c0159e0 Exception <a 'sun/nio/fs/UnixException'{0x0000000628820f80}> (0x0000000628820f80) 
thrown [/usr/src/debug/java17-openjdk/jdk17u-jdk-17.0.12-7/src/hotspot/share/prims/jni.cpp, line 516]
Event: 0.665 Thread 0x00007d970c0159e0 Exception <a 'java/lang/NoSuchMethodError'{0x0000000628889aa0}: 'int java.lang.invoke.DirectMethodHandle$Holder.invokeVirtual(java.lang.Object, java.lang.Object, java.lang.Object)'> (0x0000000628889aa0) 
thrown [/usr/src/debug/java17-openjdk/jdk17u-jdk-17.0.12-7/src/hotspot/share/interpreter/linkResolver.cpp, line 758]
Event: 0.665 Thread 0x00007d970c0159e0 Exception <a 'java/lang/NoSuchMethodError'{0x0000000628890278}: 'void java.lang.invoke.DirectMethodHandle$Holder.invokeInterface(java.lang.Object, java.lang.Object, java.lang.Object)'> (0x0000000628890278) 
thrown [/usr/src/debug/java17-openjdk/jdk17u-jdk-17.0.12-7/src/hotspot/share/interpreter/linkResolver.cpp, line 758]
Event: 0.696 Thread 0x00007d970c0159e0 Exception <a 'java/lang/NoSuchMethodError'{0x000000062b046ac0}: 'int java.lang.invoke.DirectMethodHandle$Holder.invokeStaticInit(java.lang.Object, java.lang.Object)'> (0x000000062b046ac0) 
thrown [/usr/src/debug/java17-openjdk/jdk17u-jdk-17.0.12-7/src/hotspot/share/interpreter/linkResolver.cpp, line 758]
Event: 0.758 Thread 0x00007d970c0159e0 Exception <a 'java/lang/NoSuchMethodError'{0x000000060ed37bc8}: 'int java.lang.invoke.DirectMethodHandle$Holder.invokeSpecial(java.lang.Object, java.lang.Object, java.lang.Object, java.lang.Object)'> (0x000000060ed37bc8) 
thrown [/usr/src/debug/java17-openjdk/jdk17u-jdk-17.0.12-7/src/hotspot/share/interpreter/linkResolver.cpp, line 758]
Event: 0.759 Thread 0x00007d970c0159e0 Exception <a 'java/lang/NoSuchMethodError'{0x000000060ed4ae50}: 'java.lang.Object java.lang.invoke.DirectMethodHandle$Holder.invokeVirtual(java.lang.Object, java.lang.Object, java.lang.Object, int, int)'> (0x000000060ed4ae50) 
thrown [/usr/src/debug/java17-openjdk/jdk17u-jdk-17.0.12-7/src/hotspot/share/interpreter/linkResolver.cpp, line 758]
Event: 0.759 Thread 0x00007d970c0159e0 Exception <a 'java/lang/NoSuchMethodError'{0x000000060ed516e0}: 'java.lang.Object java.lang.invoke.DirectMethodHandle$Holder.invokeVirtual(java.lang.Object, java.lang.Object, int)'> (0x000000060ed516e0) 
thrown [/usr/src/debug/java17-openjdk/jdk17u-jdk-17.0.12-7/src/hotspot/share/interpreter/linkResolver.cpp, line 758]
Event: 0.766 Thread 0x00007d970c0159e0 Exception <a 'java/lang/NoSuchMethodError'{0x000000060ee00bd8}: 'void java.lang.invoke.DirectMethodHandle$Holder.invokeSpecial(java.lang.Object, java.lang.Object, java.lang.Object, java.lang.Object, java.lang.Object, java.lang.Object)'> (0x000000060ee00bd8) 
thrown [/usr/src/debug/java17-openjdk/jdk17u-jdk-17.0.12-7/src/hotspot/share/interpreter/linkResolver.cpp, line 758]
Event: 0.792 Thread 0x00007d970c0159e0 Implicit null exception at 0x00007d96fceb782c to 0x00007d96fceb7962
Event: 0.816 Thread 0x00007d970c0159e0 Exception <a 'sun/nio/fs/UnixException'{0x000000060dce3530}> (0x000000060dce3530) 
thrown [/usr/src/debug/java17-openjdk/jdk17u-jdk-17.0.12-7/src/hotspot/share/prims/jni.cpp, line 516]
Event: 0.816 Thread 0x00007d970c0159e0 Exception <a 'sun/nio/fs/UnixException'{0x000000060dce3c60}> (0x000000060dce3c60) 
thrown [/usr/src/debug/java17-openjdk/jdk17u-jdk-17.0.12-7/src/hotspot/share/prims/jni.cpp, line 516]
Event: 0.816 Thread 0x00007d970c0159e0 Exception <a 'sun/nio/fs/UnixException'{0x000000060dce4278}> (0x000000060dce4278) 
thrown [/usr/src/debug/java17-openjdk/jdk17u-jdk-17.0.12-7/src/hotspot/share/prims/jni.cpp, line 516]
Event: 0.816 Thread 0x00007d970c0159e0 Exception <a 'sun/nio/fs/UnixException'{0x000000060dce49a8}> (0x000000060dce49a8) 
thrown [/usr/src/debug/java17-openjdk/jdk17u-jdk-17.0.12-7/src/hotspot/share/prims/jni.cpp, line 516]
Event: 0.818 Thread 0x00007d970c0159e0 Exception <a 'java/lang/NoSuchMethodError'{0x000000060dd09ac8}: 'void java.lang.invoke.DirectMethodHandle$Holder.invokeSpecial(java.lang.Object, java.lang.Object, java.lang.Object, java.lang.Object, java.lang.Object)'> (0x000000060dd09ac8) 
thrown [/usr/src/debug/java17-openjdk/jdk17u-jdk-17.0.12-7/src/hotspot/share/interpreter/linkResolver.cpp, line 758]
Event: 0.840 Thread 0x00007d970c0159e0 Exception <a 'java/lang/NoSuchMethodError'{0x000000060da05608}: 'int java.lang.invoke.DirectMethodHandle$Holder.invokeSpecial(java.lang.Object, java.lang.Object, java.lang.Object)'> (0x000000060da05608) 
thrown [/usr/src/debug/java17-openjdk/jdk17u-jdk-17.0.12-7/src/hotspot/share/interpreter/linkResolver.cpp, line 758]
Event: 0.843 Thread 0x00007d970c0159e0 Exception <a 'java/lang/NoSuchMethodError'{0x000000060da5ec68}: 'java.lang.Object java.lang.invoke.DirectMethodHandle$Holder.invokeStatic(java.lang.Object, java.lang.Object, int, int)'> (0x000000060da5ec68) 
thrown [/usr/src/debug/java17-openjdk/jdk17u-jdk-17.0.12-7/src/hotspot/share/interpreter/linkResolver.cpp, line 758]
Event: 0.851 Thread 0x00007d970c0159e0 Exception <a 'java/lang/NoSuchMethodError'{0x000000060dafaec0}: 'java.lang.Object java.lang.invoke.DirectMethodHandle$Holder.invokeInterface(java.lang.Object, java.lang.Object)'> (0x000000060dafaec0) 
thrown [/usr/src/debug/java17-openjdk/jdk17u-jdk-17.0.12-7/src/hotspot/share/interpreter/linkResolver.cpp, line 758]

VM Operations (20 events):
Event: 0.685 Executing VM operation: G1PauseRemark
Event: 0.687 Executing VM operation: G1PauseRemark done
Event: 0.688 Executing VM operation: G1PauseCleanup
Event: 0.689 Executing VM operation: G1PauseCleanup done
Event: 0.727 Executing VM operation: HandshakeAllThreads
Event: 0.727 Executing VM operation: HandshakeAllThreads done
Event: 0.727 Executing VM operation: HandshakeAllThreads
Event: 0.727 Executing VM operation: HandshakeAllThreads done
Event: 0.748 Executing VM operation: HandshakeAllThreads
Event: 0.748 Executing VM operation: HandshakeAllThreads done
Event: 0.749 Executing VM operation: HandshakeAllThreads
Event: 0.749 Executing VM operation: HandshakeAllThreads done
Event: 0.827 Executing VM operation: ICBufferFull
Event: 0.827 Executing VM operation: ICBufferFull done
Event: 0.846 Executing VM operation: HandshakeAllThreads
Event: 0.846 Executing VM operation: HandshakeAllThreads done
Event: 0.875 Executing VM operation: HandshakeAllThreads
Event: 0.875 Executing VM operation: HandshakeAllThreads done
Event: 0.879 Executing VM operation: ICBufferFull
Event: 0.879 Executing VM operation: ICBufferFull done

Events (20 events):
Event: 0.508 Thread 0x00007d970c79d960 Thread exited: 0x00007d970c79d960
Event: 0.508 Thread 0x00007d970c79df00 Thread exited: 0x00007d970c79df00
Event: 0.579 Thread 0x00007d970c814190 Thread added: 0x00007d970c814190
Event: 0.579 Protecting memory [0x00007d96d95fd000,0x00007d96d9601000] with protection modes 0
Event: 0.579 Thread 0x00007d970c8149f0 Thread added: 0x00007d970c8149f0
Event: 0.579 Protecting memory [0x00007d96d9ce8000,0x00007d96d9cec000] with protection modes 0
Event: 0.579 Thread 0x00007d970c815420 Thread added: 0x00007d970c815420
Event: 0.579 Protecting memory [0x00007d96d94fc000,0x00007d96d9500000] with protection modes 0
Event: 0.579 Thread 0x00007d970c814190 Thread exited: 0x00007d970c814190
Event: 0.579 Thread 0x00007d970c814190 Thread added: 0x00007d970c814190
Event: 0.579 Protecting memory [0x00007d96d95fd000,0x00007d96d9601000] with protection modes 0
Event: 0.626 Thread 0x00007d970c8149f0 Thread exited: 0x00007d970c8149f0
Event: 0.626 Thread 0x00007d970c815420 Thread exited: 0x00007d970c815420
Event: 0.626 Thread 0x00007d970c814190 Thread exited: 0x00007d970c814190
Event: 0.806 Thread 0x00007d95bc0fe7f0 Thread added: 0x00007d95bc0fe7f0
Event: 0.806 Protecting memory [0x00007d96d92fa000,0x00007d96d92fe000] with protection modes 0
Event: 0.806 Thread 0x00007d95bc0ff5c0 Thread added: 0x00007d95bc0ff5c0
Event: 0.806 Protecting memory [0x00007d96d91f9000,0x00007d96d91fd000] with protection modes 0
Event: 0.806 Thread 0x00007d95bc264450 Thread added: 0x00007d95bc264450
Event: 0.806 Protecting memory [0x00007d96d90f8000,0x00007d96d90fc000] with protection modes 0


Dynamic libraries:
60bc00000-60f000000 rw-p 00000000 00:00 0 
60f000000-628400000 ---p 00000000 00:00 0 
628400000-628800000 rw-p 00000000 00:00 0 
628800000-62b000000 ---p 00000000 00:00 0 
62b000000-62b400000 rw-p 00000000 00:00 0 
62b400000-7ff800000 ---p 00000000 00:00 0 
7ff800000-7ffb00000 rw-p 00000000 00:00 0 
7ffb00000-7ffb75000 rw-p 00c76000 103:02 53110622                        /usr/lib/jvm/java-17-openjdk/lib/server/classes.jsa
7ffb75000-7ffc00000 rw-p 00000000 00:00 0 
7ffc00000-7ffc77000 rw-p 00bff000 103:02 53110622                        /usr/lib/jvm/java-17-openjdk/lib/server/classes.jsa
7ffc77000-800000000 rw-p 00000000 00:00 0 
5f62b6338000-5f62b6339000 r--p 00000000 103:02 52695525                  /usr/lib/jvm/java-17-openjdk/bin/java
5f62b6339000-5f62b633a000 r-xp 00001000 103:02 52695525                  /usr/lib/jvm/java-17-openjdk/bin/java
5f62b633a000-5f62b633b000 r--p 00002000 103:02 52695525                  /usr/lib/jvm/java-17-openjdk/bin/java
5f62b633b000-5f62b633c000 r--p 00002000 103:02 52695525                  /usr/lib/jvm/java-17-openjdk/bin/java
5f62b633c000-5f62b633d000 rw-p 00003000 103:02 52695525                  /usr/lib/jvm/java-17-openjdk/bin/java
5f62e5fbe000-5f62e6005000 rw-p 00000000 00:00 0                          [heap]
7d9594000000-7d9594560000 rw-p 00000000 00:00 0 
7d9594560000-7d9598000000 ---p 00000000 00:00 0 
7d9598000000-7d959835c000 rw-p 00000000 00:00 0 
7d959835c000-7d959c000000 ---p 00000000 00:00 0 
7d95a0000000-7d95a0328000 rw-p 00000000 00:00 0 
7d95a0328000-7d95a4000000 ---p 00000000 00:00 0 
7d95a4000000-7d95a4021000 rw-p 00000000 00:00 0 
7d95a4021000-7d95a8000000 ---p 00000000 00:00 0 
7d95ac000000-7d95ac021000 rw-p 00000000 00:00 0 
7d95ac021000-7d95b0000000 ---p 00000000 00:00 0 
7d95b0000000-7d95b0021000 rw-p 00000000 00:00 0 
7d95b0021000-7d95b4000000 ---p 00000000 00:00 0 
7d95b8000000-7d95b86d6000 rw-p 00000000 00:00 0 
7d95b86d6000-7d95bc000000 ---p 00000000 00:00 0 
7d95bc000000-7d95bc870000 rw-p 00000000 00:00 0 
7d95bc870000-7d95c0000000 ---p 00000000 00:00 0 
7d95c4000000-7d95c4752000 rw-p 00000000 00:00 0 
7d95c4752000-7d95c8000000 ---p 00000000 00:00 0 
7d95c8000000-7d95c80be000 rw-p 00000000 00:00 0 
7d95c80be000-7d95cc000000 ---p 00000000 00:00 0 
7d95d0000000-7d95d0021000 rw-p 00000000 00:00 0 
7d95d0021000-7d95d4000000 ---p 00000000 00:00 0 
7d95d4000000-7d95d4021000 rw-p 00000000 00:00 0 
7d95d4021000-7d95d8000000 ---p 00000000 00:00 0 
7d95dc000000-7d95dc021000 rw-p 00000000 00:00 0 
7d95dc021000-7d95e0000000 ---p 00000000 00:00 0 
7d95e0000000-7d95e0021000 rw-p 00000000 00:00 0 
7d95e0021000-7d95e4000000 ---p 00000000 00:00 0 
7d95e8000000-7d95e8021000 rw-p 00000000 00:00 0 
7d95e8021000-7d95ec000000 ---p 00000000 00:00 0 
7d95ec000000-7d95ec021000 rw-p 00000000 00:00 0 
7d95ec021000-7d95f0000000 ---p 00000000 00:00 0 
7d95f4000000-7d95f4021000 rw-p 00000000 00:00 0 
7d95f4021000-7d95f8000000 ---p 00000000 00:00 0 
7d95f8000000-7d95f8021000 rw-p 00000000 00:00 0 
7d95f8021000-7d95fc000000 ---p 00000000 00:00 0 
7d9600000000-7d9600021000 rw-p 00000000 00:00 0 
7d9600021000-7d9604000000 ---p 00000000 00:00 0 
7d9604000000-7d9604021000 rw-p 00000000 00:00 0 
7d9604021000-7d9608000000 ---p 00000000 00:00 0 
7d960c000000-7d960c021000 rw-p 00000000 00:00 0 
7d960c021000-7d9610000000 ---p 00000000 00:00 0 
7d9610000000-7d9610021000 rw-p 00000000 00:00 0 
7d9610021000-7d9614000000 ---p 00000000 00:00 0 
7d9618000000-7d9618021000 rw-p 00000000 00:00 0 
7d9618021000-7d961c000000 ---p 00000000 00:00 0 
7d961c000000-7d961c91b000 rw-p 00000000 00:00 0 
7d961c91b000-7d9620000000 ---p 00000000 00:00 0 
7d9624000000-7d96241bd000 rw-p 00000000 00:00 0 
7d96241bd000-7d9628000000 ---p 00000000 00:00 0 
7d9628000000-7d962823e000 rw-p 00000000 00:00 0 
7d962823e000-7d962c000000 ---p 00000000 00:00 0 
7d9630000000-7d963044c000 rw-p 00000000 00:00 0 
7d963044c000-7d9634000000 ---p 00000000 00:00 0 
7d9634000000-7d9634021000 rw-p 00000000 00:00 0 
7d9634021000-7d9638000000 ---p 00000000 00:00 0 
7d963c000000-7d963c021000 rw-p 00000000 00:00 0 
7d963c021000-7d9640000000 ---p 00000000 00:00 0 
7d9640000000-7d9640021000 rw-p 00000000 00:00 0 
7d9640021000-7d9644000000 ---p 00000000 00:00 0 
7d9648000000-7d9648021000 rw-p 00000000 00:00 0 
7d9648021000-7d964c000000 ---p 00000000 00:00 0 
7d964c000000-7d964c304000 rw-p 00000000 00:00 0 
7d964c304000-7d9650000000 ---p 00000000 00:00 0 
7d9654000000-7d9654a1e000 rw-p 00000000 00:00 0 
7d9654a1e000-7d9658000000 ---p 00000000 00:00 0 
7d9658000000-7d9658021000 rw-p 00000000 00:00 0 
7d9658021000-7d965c000000 ---p 00000000 00:00 0 
7d9660000000-7d9660021000 rw-p 00000000 00:00 0 
7d9660021000-7d9664000000 ---p 00000000 00:00 0 
7d9664000000-7d9664021000 rw-p 00000000 00:00 0 
7d9664021000-7d9668000000 ---p 00000000 00:00 0 
7d966c000000-7d966c021000 rw-p 00000000 00:00 0 
7d966c021000-7d9670000000 ---p 00000000 00:00 0 
7d9670000000-7d9670021000 rw-p 00000000 00:00 0 
7d9670021000-7d9674000000 ---p 00000000 00:00 0 
7d9678000000-7d9678021000 rw-p 00000000 00:00 0 
7d9678021000-7d967c000000 ---p 00000000 00:00 0 
7d967f000000-7d967f3f0000 rw-p 00000000 00:00 0 
7d967f3f0000-7d96805f0000 rw-p 00000000 00:00 0 
7d96805f0000-7d96806d0000 rw-p 00000000 00:00 0 
7d96806d0000-7d9680700000 ---p 00000000 00:00 0 
7d9680700000-7d9680710000 rw-p 00000000 00:00 0 
7d9680710000-7d9683000000 ---p 00000000 00:00 0 
7d9683000000-7d9683bc7000 rw-p 00001000 103:02 53110622                  /usr/lib/jvm/java-17-openjdk/lib/server/classes.jsa
7d9683bc7000-7d9684000000 ---p 00000000 00:00 0 
7d9684000000-7d9684030000 rw-p 00000000 00:00 0 
7d9684030000-7d9684070000 rw-p 00000000 00:00 0 
7d9684070000-7d9684270000 rw-p 00000000 00:00 0 
7d9684270000-7d96843b0000 rw-p 00000000 00:00 0 
7d96843b0000-7d96c4000000 ---p 00000000 00:00 0 
7d96c4000000-7d96c4021000 rw-p 00000000 00:00 0 
7d96c4021000-7d96c8000000 ---p 00000000 00:00 0 
7d96c8000000-7d96c8021000 rw-p 00000000 00:00 0 
7d96c8021000-7d96cc000000 ---p 00000000 00:00 0 
7d96d0000000-7d96d0021000 rw-p 00000000 00:00 0 
7d96d0021000-7d96d4000000 ---p 00000000 00:00 0 
7d96d4000000-7d96d4021000 rw-p 00000000 00:00 0 
7d96d4021000-7d96d8000000 ---p 00000000 00:00 0 
7d96d90f7000-7d96d90f8000 ---p 00000000 00:00 0 
7d96d90f8000-7d96d90fc000 ---p 00000000 00:00 0 
7d96d90fc000-7d96d91f8000 rw-p 00000000 00:00 0 
7d96d91f8000-7d96d91f9000 ---p 00000000 00:00 0 
7d96d91f9000-7d96d91fd000 ---p 00000000 00:00 0 
7d96d91fd000-7d96d92f9000 rw-p 00000000 00:00 0 
7d96d92f9000-7d96d92fa000 ---p 00000000 00:00 0 
7d96d92fa000-7d96d92fe000 ---p 00000000 00:00 0 
7d96d92fe000-7d96d93fa000 rw-p 00000000 00:00 0 
7d96d93fa000-7d96d93fb000 ---p 00000000 00:00 0 
7d96d93fb000-7d96d94fb000 rw-p 00000000 00:00 0 
7d96d94fb000-7d96d94fc000 ---p 00000000 00:00 0 
7d96d94fc000-7d96d9500000 ---p 00000000 00:00 0 
7d96d9500000-7d96d95fc000 rw-p 00000000 00:00 0 
7d96d95fc000-7d96d95fd000 ---p 00000000 00:00 0 
7d96d95fd000-7d96d9601000 ---p 00000000 00:00 0 
7d96d9601000-7d96d96fd000 rw-p 00000000 00:00 0 
7d96d96fd000-7d96d96fe000 ---p 00000000 00:00 0 
7d96d96fe000-7d96d9702000 ---p 00000000 00:00 0 
7d96d9702000-7d96d97fe000 rw-p 00000000 00:00 0 
7d96d97fe000-7d96d97ff000 ---p 00000000 00:00 0 
7d96d97ff000-7d96d9803000 ---p 00000000 00:00 0 
7d96d9803000-7d96d98ff000 rw-p 00000000 00:00 0 
7d96d98ff000-7d96d9900000 ---p 00000000 00:00 0 
7d96d9900000-7d96d9904000 ---p 00000000 00:00 0 
7d96d9904000-7d96d9a00000 rw-p 00000000 00:00 0 
7d96d9a00000-7d96d9a1e000 r-xp 00000000 103:02 10488168                  /home/mahir/.cache/JNA/temp/jna14820594263721121651.tmp (deleted)
7d96d9a1e000-7d96d9c1d000 ---p 0001e000 103:02 10488168                  /home/mahir/.cache/JNA/temp/jna14820594263721121651.tmp (deleted)
7d96d9c1d000-7d96d9c1e000 rw-p 0001d000 103:02 10488168                  /home/mahir/.cache/JNA/temp/jna14820594263721121651.tmp (deleted)
7d96d9c1e000-7d96d9c1f000 rw-p 00000000 00:00 0 
7d96d9ce7000-7d96d9ce8000 ---p 00000000 00:00 0 
7d96d9ce8000-7d96d9cec000 ---p 00000000 00:00 0 
7d96d9cec000-7d96d9de8000 rw-p 00000000 00:00 0 
7d96d9de8000-7d96d9de9000 ---p 00000000 00:00 0 
7d96d9de9000-7d96d9ded000 ---p 00000000 00:00 0 
7d96d9ded000-7d96d9ee9000 rw-p 00000000 00:00 0 
7d96d9ee9000-7d96d9eea000 ---p 00000000 00:00 0 
7d96d9eea000-7d96d9fea000 rw-p 00000000 00:00 0 
7d96d9fea000-7d96d9feb000 ---p 00000000 00:00 0 
7d96d9feb000-7d96da0eb000 rw-p 00000000 00:00 0 
7d96da0eb000-7d96da0ec000 ---p 00000000 00:00 0 
7d96da0ec000-7d96da1ec000 rw-p 00000000 00:00 0 
7d96da1ec000-7d96da1ed000 ---p 00000000 00:00 0 
7d96da1ed000-7d96da2ed000 rw-p 00000000 00:00 0 
7d96da2ed000-7d96da2ee000 ---p 00000000 00:00 0 
7d96da2ee000-7d96da3ee000 rw-p 00000000 00:00 0 
7d96da3ee000-7d96da3ef000 ---p 00000000 00:00 0 
7d96da3ef000-7d96da4ef000 rw-p 00000000 00:00 0 
7d96da4ef000-7d96da4f0000 ---p 00000000 00:00 0 
7d96da4f0000-7d96da5f0000 rw-p 00000000 00:00 0 
7d96da5f0000-7d96da5f1000 ---p 00000000 00:00 0 
7d96da5f1000-7d96da6f1000 rw-p 00000000 00:00 0 
7d96da6f1000-7d96da6f2000 ---p 00000000 00:00 0 
7d96da6f2000-7d96da7f2000 rw-p 00000000 00:00 0 
7d96da7f2000-7d96da7f3000 ---p 00000000 00:00 0 
7d96da7f3000-7d96da8f3000 rw-p 00000000 00:00 0 
7d96da8f3000-7d96da8f4000 ---p 00000000 00:00 0 
7d96da8f4000-7d96da9f4000 rw-p 00000000 00:00 0 
7d96da9f4000-7d96da9f5000 ---p 00000000 00:00 0 
7d96da9f5000-7d96da9f9000 ---p 00000000 00:00 0 
7d96da9f9000-7d96daaf5000 rw-p 00000000 00:00 0 
7d96daaf5000-7d96daaf6000 ---p 00000000 00:00 0 
7d96daaf6000-7d96daafa000 ---p 00000000 00:00 0 
7d96daafa000-7d96dabf6000 rw-p 00000000 00:00 0 
7d96dabf6000-7d96dabf7000 ---p 00000000 00:00 0 
7d96dabf7000-7d96dabfb000 ---p 00000000 00:00 0 
7d96dabfb000-7d96dacf7000 rw-p 00000000 00:00 0 
7d96dacf7000-7d96dacf8000 ---p 00000000 00:00 0 
7d96dacf8000-7d96dacfc000 ---p 00000000 00:00 0 
7d96dacfc000-7d96dadf8000 rw-p 00000000 00:00 0 
7d96dadf8000-7d96dadf9000 ---p 00000000 00:00 0 
7d96dadf9000-7d96dadfd000 ---p 00000000 00:00 0 
7d96dadfd000-7d96daef9000 rw-p 00000000 00:00 0 
7d96daef9000-7d96daefa000 ---p 00000000 00:00 0 
7d96daefa000-7d96daffa000 rw-p 00000000 00:00 0 
7d96daffa000-7d96daffb000 ---p 00000000 00:00 0 
7d96daffb000-7d96dafff000 ---p 00000000 00:00 0 
7d96dafff000-7d96db0fb000 rw-p 00000000 00:00 0 
7d96db0fb000-7d96db0fc000 ---p 00000000 00:00 0 
7d96db0fc000-7d96db100000 ---p 00000000 00:00 0 
7d96db100000-7d96db1fc000 rw-p 00000000 00:00 0 
7d96db1fc000-7d96db1fd000 ---p 00000000 00:00 0 
7d96db1fd000-7d96db201000 ---p 00000000 00:00 0 
7d96db201000-7d96db2fd000 rw-p 00000000 00:00 0 
7d96db2fd000-7d96db2fe000 ---p 00000000 00:00 0 
7d96db2fe000-7d96db302000 ---p 00000000 00:00 0 
7d96db302000-7d96db3fe000 rw-p 00000000 00:00 0 
7d96db3fe000-7d96db3ff000 ---p 00000000 00:00 0 
7d96db3ff000-7d96db403000 ---p 00000000 00:00 0 
7d96db403000-7d96db4ff000 rw-p 00000000 00:00 0 
7d96db4ff000-7d96db500000 ---p 00000000 00:00 0 
7d96db500000-7d96db504000 ---p 00000000 00:00 0 
7d96db504000-7d96db600000 rw-p 00000000 00:00 0 
7d96db600000-7d96db8ec000 r--p 00000000 103:02 51747550                  /usr/lib/locale/locale-archive
7d96db8f9000-7d96db8fa000 ---p 00000000 00:00 0 
7d96db8fa000-7d96db8fe000 ---p 00000000 00:00 0 
7d96db8fe000-7d96db9fa000 rw-p 00000000 00:00 0 
7d96db9fa000-7d96db9fb000 ---p 00000000 00:00 0 
7d96db9fb000-7d96db9ff000 ---p 00000000 00:00 0 
7d96db9ff000-7d96dbafb000 rw-p 00000000 00:00 0 
7d96dbafb000-7d96dbafc000 ---p 00000000 00:00 0 
7d96dbafc000-7d96dbb00000 ---p 00000000 00:00 0 
7d96dbb00000-7d96dbbfc000 rw-p 00000000 00:00 0 
7d96dbbfc000-7d96dbbfd000 ---p 00000000 00:00 0 
7d96dbbfd000-7d96dbcfd000 rw-p 00000000 00:00 0 
7d96dbcfd000-7d96dbcfe000 ---p 00000000 00:00 0 
7d96dbcfe000-7d96dbdfe000 rw-p 00000000 00:00 0 
7d96dbdfe000-7d96dbdff000 ---p 00000000 00:00 0 
7d96dbdff000-7d96dbeff000 rw-p 00000000 00:00 0 
7d96dbeff000-7d96dc021000 rw-p 00000000 00:00 0 
7d96dc021000-7d96e0000000 ---p 00000000 00:00 0 
7d96e00fb000-7d96e26d0000 rw-p 00000000 00:00 0 
7d96e26d0000-7d96e2d20000 ---p 00000000 00:00 0 
7d96e2d20000-7d96e2d30000 rw-p 00000000 00:00 0 
7d96e2d30000-7d96e2dd0000 ---p 00000000 00:00 0 
7d96e2dd0000-7d96e2de0000 rw-p 00000000 00:00 0 
7d96e2de0000-7d96ea2f0000 ---p 00000000 00:00 0 
7d96ea2f0000-7d96ea310000 rw-p 00000000 00:00 0 
7d96ea361000-7d96ea38d000 r--p 00000000 103:02 12453697                  /home/mahir/fun/CPU/nebula-risc-v/simWorkspace/decoderForTest/verilator/verilator_642291766835216141.so
7d96ea38d000-7d96ea3da000 r-xp 0002c000 103:02 12453697                  /home/mahir/fun/CPU/nebula-risc-v/simWorkspace/decoderForTest/verilator/verilator_642291766835216141.so
7d96ea3da000-7d96ea3fc000 r--p 00079000 103:02 12453697                  /home/mahir/fun/CPU/nebula-risc-v/simWorkspace/decoderForTest/verilator/verilator_642291766835216141.so
7d96ea3fc000-7d96ea3fd000 r--p 0009b000 103:02 12453697                  /home/mahir/fun/CPU/nebula-risc-v/simWorkspace/decoderForTest/verilator/verilator_642291766835216141.so
7d96ea3fd000-7d96ea400000 rw-p 0009c000 103:02 12453697                  /home/mahir/fun/CPU/nebula-risc-v/simWorkspace/decoderForTest/verilator/verilator_642291766835216141.so
7d96ea400000-7d96ea4d0000 rw-p 00000000 00:00 0 
7d96ea4d0000-7d96eab20000 ---p 00000000 00:00 0 
7d96eab20000-7d96eab30000 rw-p 00000000 00:00 0 
7d96eab30000-7d96eabd0000 ---p 00000000 00:00 0 
7d96eabd0000-7d96eabe0000 rw-p 00000000 00:00 0 
7d96eabe0000-7d96f20f0000 ---p 00000000 00:00 0 
7d96f20f0000-7d96f2110000 rw-p 00000000 00:00 0 
7d96f212f000-7d96f2134000 r--p 00000000 103:02 52695778                  /usr/lib/jvm/java-17-openjdk/lib/libjsvml.so
7d96f2134000-7d96f2175000 r-xp 00005000 103:02 52695778                  /usr/lib/jvm/java-17-openjdk/lib/libjsvml.so
7d96f2175000-7d96f21fe000 r--p 00046000 103:02 52695778                  /usr/lib/jvm/java-17-openjdk/lib/libjsvml.so
7d96f21fe000-7d96f21ff000 r--p 000ce000 103:02 52695778                  /usr/lib/jvm/java-17-openjdk/lib/libjsvml.so
7d96f21ff000-7d96f2200000 rw-p 000cf000 103:02 52695778                  /usr/lib/jvm/java-17-openjdk/lib/libjsvml.so
7d96f2200000-7d96f221a000 rw-p 00000000 00:00 0 
7d96f221a000-7d96f22e4000 ---p 00000000 00:00 0 
7d96f22e4000-7d96f22e6000 rw-p 00000000 00:00 0 
7d96f22e6000-7d96f22fa000 ---p 00000000 00:00 0 
7d96f22fa000-7d96f22fc000 rw-p 00000000 00:00 0 
7d96f22fc000-7d96f319e000 ---p 00000000 00:00 0 
7d96f319e000-7d96f31a2000 rw-p 00000000 00:00 0 
7d96f3200000-7d96f321a000 rw-p 00000000 00:00 0 
7d96f321a000-7d96f32e4000 ---p 00000000 00:00 0 
7d96f32e4000-7d96f32e6000 rw-p 00000000 00:00 0 
7d96f32e6000-7d96f32fa000 ---p 00000000 00:00 0 
7d96f32fa000-7d96f32fc000 rw-p 00000000 00:00 0 
7d96f32fc000-7d96f419e000 ---p 00000000 00:00 0 
7d96f419e000-7d96f41a2000 rw-p 00000000 00:00 0 
7d96f41ba000-7d96f41bf000 r--p 00000000 103:02 51658536                  /usr/lib/libudev.so.1.7.9
7d96f41bf000-7d96f41e6000 r-xp 00005000 103:02 51658536                  /usr/lib/libudev.so.1.7.9
7d96f41e6000-7d96f41fa000 r--p 0002c000 103:02 51658536                  /usr/lib/libudev.so.1.7.9
7d96f41fa000-7d96f41ff000 r--p 0003f000 103:02 51658536                  /usr/lib/libudev.so.1.7.9
7d96f41ff000-7d96f4200000 rw-p 00044000 103:02 51658536                  /usr/lib/libudev.so.1.7.9
7d96f4200000-7d96f421a000 rw-p 00000000 00:00 0 
7d96f421a000-7d96f42e4000 ---p 00000000 00:00 0 
7d96f42e4000-7d96f42e6000 rw-p 00000000 00:00 0 
7d96f42e6000-7d96f42fa000 ---p 00000000 00:00 0 
7d96f42fa000-7d96f42fc000 rw-p 00000000 00:00 0 
7d96f42fc000-7d96f519e000 ---p 00000000 00:00 0 
7d96f519e000-7d96f51a2000 rw-p 00000000 00:00 0 
7d96f51ad000-7d96f51af000 r--p 00000000 103:02 51646544                  /usr/lib/libatomic.so.1.2.0
7d96f51af000-7d96f51b3000 r-xp 00002000 103:02 51646544                  /usr/lib/libatomic.so.1.2.0
7d96f51b3000-7d96f51b5000 r--p 00006000 103:02 51646544                  /usr/lib/libatomic.so.1.2.0
7d96f51b5000-7d96f51b6000 r--p 00007000 103:02 51646544                  /usr/lib/libatomic.so.1.2.0
7d96f51b6000-7d96f51b7000 rw-p 00008000 103:02 51646544                  /usr/lib/libatomic.so.1.2.0
7d96f51b7000-7d96f51b8000 rw-p 00000000 00:00 0 
7d96f5200000-7d96f5910000 rwxp 00000000 00:00 0 
7d96f5910000-7d96fc65f000 ---p 00000000 00:00 0 
7d96fc65f000-7d96fc94f000 rwxp 00000000 00:00 0 
7d96fc94f000-7d96fcda0000 ---p 00000000 00:00 0 
7d96fcda0000-7d96fd010000 rwxp 00000000 00:00 0 
7d96fd010000-7d9704200000 ---p 00000000 00:00 0 
7d9704200000-7d970be67000 r--s 00000000 103:02 52695794                  /usr/lib/jvm/java-17-openjdk/lib/modules
7d970be6b000-7d970be72000 r--s 00000000 103:02 51747551                  /usr/lib/gconv/gconv-modules.cache
7d970be72000-7d970be75000 r--p 00000000 103:02 51656976                  /usr/lib/libcap.so.2.70
7d970be75000-7d970be7a000 r-xp 00003000 103:02 51656976                  /usr/lib/libcap.so.2.70
7d970be7a000-7d970be7c000 r--p 00008000 103:02 51656976                  /usr/lib/libcap.so.2.70
7d970be7c000-7d970be7d000 r--p 00009000 103:02 51656976                  /usr/lib/libcap.so.2.70
7d970be7d000-7d970be7e000 rw-p 0000a000 103:02 51656976                  /usr/lib/libcap.so.2.70
7d970be7e000-7d970cd18000 rw-p 00000000 00:00 0 
7d970cd18000-7d9710000000 ---p 00000000 00:00 0 
7d9710003000-7d9710bdb000 rw-p 00000000 00:00 0 
7d9710bdb000-7d9710bdc000 ---p 00000000 00:00 0 
7d9710bdc000-7d9710cdc000 rw-p 00000000 00:00 0 
7d9710cdc000-7d9710cdd000 ---p 00000000 00:00 0 
7d9710cdd000-7d9710ddd000 rw-p 00000000 00:00 0 
7d9710ddd000-7d9710dde000 ---p 00000000 00:00 0 
7d9710dde000-7d9710ede000 rw-p 00000000 00:00 0 
7d9710ede000-7d9712233000 rw-p 00000000 00:00 0 
7d9712233000-7d9712317000 ---p 00000000 00:00 0 
7d9712317000-7d9712326000 rw-p 00000000 00:00 0 
7d9712326000-7d9712400000 ---p 00000000 00:00 0 
7d9712400000-7d9712497000 r--p 00000000 103:02 51708318                  /usr/lib/libstdc++.so.6.0.33
7d9712497000-7d97125e4000 r-xp 00097000 103:02 51708318                  /usr/lib/libstdc++.so.6.0.33
7d97125e4000-7d9712674000 r--p 001e4000 103:02 51708318                  /usr/lib/libstdc++.so.6.0.33
7d9712674000-7d9712681000 r--p 00274000 103:02 51708318                  /usr/lib/libstdc++.so.6.0.33
7d9712681000-7d9712682000 rw-p 00281000 103:02 51708318                  /usr/lib/libstdc++.so.6.0.33
7d9712682000-7d9712686000 rw-p 00000000 00:00 0 
7d9712687000-7d9712688000 ---p 00000000 00:00 0 
7d9712688000-7d971268c000 ---p 00000000 00:00 0 
7d971268c000-7d97126aa000 rw-p 00000000 00:00 0 
7d97126aa000-7d97126ae000 r--p 00000000 103:02 52695784                  /usr/lib/jvm/java-17-openjdk/lib/libnet.so
7d97126ae000-7d97126bc000 r-xp 00004000 103:02 52695784                  /usr/lib/jvm/java-17-openjdk/lib/libnet.so
7d97126bc000-7d97126bf000 r--p 00012000 103:02 52695784                  /usr/lib/jvm/java-17-openjdk/lib/libnet.so
7d97126bf000-7d97126c0000 r--p 00015000 103:02 52695784                  /usr/lib/jvm/java-17-openjdk/lib/libnet.so
7d97126c0000-7d97126c1000 rw-p 00016000 103:02 52695784                  /usr/lib/jvm/java-17-openjdk/lib/libnet.so
7d97126c1000-7d9712700000 rw-p 00000000 00:00 0 
7d9712700000-7d9712704000 ---p 00000000 00:00 0 
7d9712704000-7d9712800000 rw-p 00000000 00:00 0 
7d9712800000-7d971280d000 r--p 00000000 103:02 53110626                  /usr/lib/jvm/java-17-openjdk/lib/server/libjvm.so
7d971280d000-7d97133f4000 r-xp 0000d000 103:02 53110626                  /usr/lib/jvm/java-17-openjdk/lib/server/libjvm.so
7d97133f4000-7d97135a4000 r--p 00bf4000 103:02 53110626                  /usr/lib/jvm/java-17-openjdk/lib/server/libjvm.so
7d97135a4000-7d9713659000 r--p 00da4000 103:02 53110626                  /usr/lib/jvm/java-17-openjdk/lib/server/libjvm.so
7d9713659000-7d9713689000 rw-p 00e59000 103:02 53110626                  /usr/lib/jvm/java-17-openjdk/lib/server/libjvm.so
7d9713689000-7d97136e2000 rw-p 00000000 00:00 0 
7d97136e2000-7d97136e4000 r--p 00000000 103:02 52695793                  /usr/lib/jvm/java-17-openjdk/lib/libzip.so
7d97136e4000-7d97136e8000 r-xp 00002000 103:02 52695793                  /usr/lib/jvm/java-17-openjdk/lib/libzip.so
7d97136e8000-7d97136ea000 r--p 00006000 103:02 52695793                  /usr/lib/jvm/java-17-openjdk/lib/libzip.so
7d97136ea000-7d97136eb000 r--p 00007000 103:02 52695793                  /usr/lib/jvm/java-17-openjdk/lib/libzip.so
7d97136eb000-7d97136ec000 rw-p 00008000 103:02 52695793                  /usr/lib/jvm/java-17-openjdk/lib/libzip.so
7d97136ec000-7d97136f3000 r--p 00000000 103:02 52695785                  /usr/lib/jvm/java-17-openjdk/lib/libnio.so
7d97136f3000-7d97136fc000 r-xp 00007000 103:02 52695785                  /usr/lib/jvm/java-17-openjdk/lib/libnio.so
7d97136fc000-7d9713701000 r--p 00010000 103:02 52695785                  /usr/lib/jvm/java-17-openjdk/lib/libnio.so
7d9713701000-7d9713702000 r--p 00014000 103:02 52695785                  /usr/lib/jvm/java-17-openjdk/lib/libnio.so
7d9713702000-7d9713703000 rw-p 00015000 103:02 52695785                  /usr/lib/jvm/java-17-openjdk/lib/libnio.so
7d9713703000-7d9713707000 r--p 00000000 103:02 51646549                  /usr/lib/libgcc_s.so.1
7d9713707000-7d971372b000 r-xp 00004000 103:02 51646549                  /usr/lib/libgcc_s.so.1
7d971372b000-7d971372f000 r--p 00028000 103:02 51646549                  /usr/lib/libgcc_s.so.1
7d971372f000-7d9713730000 r--p 0002b000 103:02 51646549                  /usr/lib/libgcc_s.so.1
7d9713730000-7d9713731000 rw-p 0002c000 103:02 51646549                  /usr/lib/libgcc_s.so.1
7d9713731000-7d971373f000 r--p 00000000 103:02 51645846                  /usr/lib/libm.so.6
7d971373f000-7d97137c2000 r-xp 0000e000 103:02 51645846                  /usr/lib/libm.so.6
7d97137c2000-7d971381e000 r--p 00091000 103:02 51645846                  /usr/lib/libm.so.6
7d971381e000-7d971381f000 r--p 000ec000 103:02 51645846                  /usr/lib/libm.so.6
7d971381f000-7d9713820000 rw-p 000ed000 103:02 51645846                  /usr/lib/libm.so.6
7d9713820000-7d9713823000 rw-p 00000000 00:00 0 
7d9713823000-7d9713826000 r--p 00000000 103:02 51656591                  /usr/lib/libz.so.1.3.1
7d9713826000-7d9713834000 r-xp 00003000 103:02 51656591                  /usr/lib/libz.so.1.3.1
7d9713834000-7d971383a000 r--p 00011000 103:02 51656591                  /usr/lib/libz.so.1.3.1
7d971383a000-7d971383b000 r--p 00017000 103:02 51656591                  /usr/lib/libz.so.1.3.1
7d971383b000-7d971383c000 rw-p 00018000 103:02 51656591                  /usr/lib/libz.so.1.3.1
7d971383c000-7d9713860000 r--p 00000000 103:02 51645820                  /usr/lib/libc.so.6
7d9713860000-7d97139d1000 r-xp 00024000 103:02 51645820                  /usr/lib/libc.so.6
7d97139d1000-7d9713a1f000 r--p 00195000 103:02 51645820                  /usr/lib/libc.so.6
7d9713a1f000-7d9713a23000 r--p 001e3000 103:02 51645820                  /usr/lib/libc.so.6
7d9713a23000-7d9713a25000 rw-p 001e7000 103:02 51645820                  /usr/lib/libc.so.6
7d9713a25000-7d9713a2d000 rw-p 00000000 00:00 0 
7d9713a32000-7d9713a38000 rw-p 00000000 00:00 0 
7d9713a38000-7d9713a41000 ---p 00000000 00:00 0 
7d9713a41000-7d9713a4b000 r--p 00000000 103:02 52695770                  /usr/lib/jvm/java-17-openjdk/lib/libjava.so
7d9713a4b000-7d9713a5c000 r-xp 0000a000 103:02 52695770                  /usr/lib/jvm/java-17-openjdk/lib/libjava.so
7d9713a5c000-7d9713a61000 r--p 0001b000 103:02 52695770                  /usr/lib/jvm/java-17-openjdk/lib/libjava.so
7d9713a61000-7d9713a62000 r--p 00020000 103:02 52695770                  /usr/lib/jvm/java-17-openjdk/lib/libjava.so
7d9713a62000-7d9713a63000 rw-p 00021000 103:02 52695770                  /usr/lib/jvm/java-17-openjdk/lib/libjava.so
7d9713a63000-7d9713a64000 rw-p 00000000 00:00 0 
7d9713a64000-7d9713a6c000 rw-s 00000000 00:2a 4588                       /tmp/hsperfdata_mahir/65248
7d9713a6c000-7d9713a6d000 ---p 00000000 00:00 0 
7d9713a6d000-7d9713a6e000 r--p 00000000 00:00 0 
7d9713a6e000-7d9713a6f000 ---p 00000000 00:00 0 
7d9713a6f000-7d9713a70000 r--p 00000000 103:02 52695774                  /usr/lib/jvm/java-17-openjdk/lib/libjimage.so
7d9713a70000-7d9713a72000 r-xp 00001000 103:02 52695774                  /usr/lib/jvm/java-17-openjdk/lib/libjimage.so
7d9713a72000-7d9713a73000 r--p 00003000 103:02 52695774                  /usr/lib/jvm/java-17-openjdk/lib/libjimage.so
7d9713a73000-7d9713a74000 r--p 00003000 103:02 52695774                  /usr/lib/jvm/java-17-openjdk/lib/libjimage.so
7d9713a74000-7d9713a75000 rw-p 00004000 103:02 52695774                  /usr/lib/jvm/java-17-openjdk/lib/libjimage.so
7d9713a75000-7d9713a77000 r--p 00000000 103:02 52695775                  /usr/lib/jvm/java-17-openjdk/lib/libjli.so
7d9713a77000-7d9713a80000 r-xp 00002000 103:02 52695775                  /usr/lib/jvm/java-17-openjdk/lib/libjli.so
7d9713a80000-7d9713a83000 r--p 0000b000 103:02 52695775                  /usr/lib/jvm/java-17-openjdk/lib/libjli.so
7d9713a83000-7d9713a84000 r--p 0000d000 103:02 52695775                  /usr/lib/jvm/java-17-openjdk/lib/libjli.so
7d9713a84000-7d9713a85000 rw-p 0000e000 103:02 52695775                  /usr/lib/jvm/java-17-openjdk/lib/libjli.so
7d9713a85000-7d9713a87000 rw-p 00000000 00:00 0 
7d9713a87000-7d9713a8b000 r--p 00000000 00:00 0                          [vvar]
7d9713a8b000-7d9713a8d000 r-xp 00000000 00:00 0                          [vdso]
7d9713a8d000-7d9713a8e000 r--p 00000000 103:02 51645765                  /usr/lib/ld-linux-x86-64.so.2
7d9713a8e000-7d9713ab7000 r-xp 00001000 103:02 51645765                  /usr/lib/ld-linux-x86-64.so.2
7d9713ab7000-7d9713ac1000 r--p 0002a000 103:02 51645765                  /usr/lib/ld-linux-x86-64.so.2
7d9713ac1000-7d9713ac3000 r--p 00034000 103:02 51645765                  /usr/lib/ld-linux-x86-64.so.2
7d9713ac3000-7d9713ac5000 rw-p 00036000 103:02 51645765                  /usr/lib/ld-linux-x86-64.so.2
7fff9926b000-7fff9928d000 rw-p 00000000 00:00 0                          [stack]
ffffffffff600000-ffffffffff601000 --xp 00000000 00:00 0                  [vsyscall]


VM Arguments:
jvm_args: -Duser.dir=/home/mahir/fun/CPU/nebula-risc-v 
java_command: nebula.test.decoder_test
java_class_path (initial): /home/mahir/fun/CPU/nebula-risc-v/.metals/.tmp/classpath_D396668B14945090A346EEF16EE03581.jar
Launcher Type: SUN_STANDARD

[Global flags]
     intx CICompilerCount                          = 12                                        {product} {ergonomic}
     uint ConcGCThreads                            = 5                                         {product} {ergonomic}
     uint G1ConcRefinementThreads                  = 18                                        {product} {ergonomic}
   size_t G1HeapRegionSize                         = 4194304                                   {product} {ergonomic}
    uintx GCDrainStackTargetSize                   = 64                                        {product} {ergonomic}
   size_t InitialHeapSize                          = 528482304                                 {product} {ergonomic}
   size_t MarkStackSize                            = 4194304                                   {product} {ergonomic}
   size_t MaxHeapSize                              = 8392802304                                {product} {ergonomic}
   size_t MaxNewSize                               = 5033164800                                {product} {ergonomic}
   size_t MinHeapDeltaBytes                        = 4194304                                   {product} {ergonomic}
   size_t MinHeapSize                              = 8388608                                   {product} {ergonomic}
    uintx NonNMethodCodeHeapSize                   = 7602480                                {pd product} {ergonomic}
    uintx NonProfiledCodeHeapSize                  = 122027880                              {pd product} {ergonomic}
    uintx ProfiledCodeHeapSize                     = 122027880                              {pd product} {ergonomic}
    uintx ReservedCodeCacheSize                    = 251658240                              {pd product} {ergonomic}
     bool SegmentedCodeCache                       = true                                      {product} {ergonomic}
   size_t SoftMaxHeapSize                          = 8392802304                             {manageable} {ergonomic}
     bool UseCompressedClassPointers               = true                           {product lp64_product} {ergonomic}
     bool UseCompressedOops                        = true                           {product lp64_product} {ergonomic}
     bool UseG1GC                                  = true                                      {product} {ergonomic}

Logging:
Log output configuration:
 #0: stdout all=warning uptime,level,tags
 #1: stderr all=off uptime,level,tags

Environment Variables:
PATH=/usr/local/sbin:/usr/local/bin:/usr/bin:/var/lib/flatpak/exports/bin:/usr/lib/jvm/default/bin:/usr/bin/site_perl:/usr/bin/vendor_perl:/usr/bin/core_perl:/opt/rocm/bin:/home/mahir/.local/bin:/home/mahir/.local/share/coursier/bin
SHELL=/bin/zsh
DISPLAY=:1
LANG=en_GB.UTF-8
LC_NUMERIC=en_GB.UTF-8
LC_TIME=en_GB.UTF-8
TERM=xterm-256color

Active Locale:
LC_ALL=en_GB.UTF-8
LC_COLLATE=en_GB.UTF-8
LC_CTYPE=en_GB.UTF-8
LC_MESSAGES=en_GB.UTF-8
LC_MONETARY=en_GB.UTF-8
LC_NUMERIC=en_GB.UTF-8
LC_TIME=en_GB.UTF-8

Signal Handlers:
   SIGSEGV: 0x00007d9713230aa0 in libjvm.so+10685088, mask=11100100010111111101111111111110, flags=SA_RESTART|SA_SIGINFO, unblocked
    SIGBUS: 0x00007d9713230aa0 in libjvm.so+10685088, mask=11100100010111111101111111111110, flags=SA_RESTART|SA_SIGINFO, unblocked
    SIGFPE: 0x00007d9713230aa0 in libjvm.so+10685088, mask=11100100010111111101111111111110, flags=SA_RESTART|SA_SIGINFO, unblocked
   SIGPIPE: 0x00007d971314c400 in libjvm.so+9749504, mask=11100100010111111101111111111110, flags=SA_RESTART|SA_SIGINFO, blocked
   SIGXFSZ: 0x00007d971314c400 in libjvm.so+9749504, mask=11100100010111111101111111111110, flags=SA_RESTART|SA_SIGINFO, blocked
    SIGILL: 0x00007d9713230aa0 in libjvm.so+10685088, mask=11100100010111111101111111111110, flags=SA_RESTART|SA_SIGINFO, unblocked
   SIGUSR2: 0x00007d971314b440 in libjvm.so+9745472, mask=00000000000000000000000000000000, flags=SA_RESTART|SA_SIGINFO, blocked
    SIGHUP: 0x00007d971314b3c0 in libjvm.so+9745344, mask=11100100010111111101111111111110, flags=SA_RESTART|SA_SIGINFO, blocked
    SIGINT: 0x00007d971314b3c0 in libjvm.so+9745344, mask=11100100010111111101111111111110, flags=SA_RESTART|SA_SIGINFO, blocked
   SIGTERM: 0x00007d971314b3c0 in libjvm.so+9745344, mask=11100100010111111101111111111110, flags=SA_RESTART|SA_SIGINFO, blocked
   SIGQUIT: 0x00007d971314b3c0 in libjvm.so+9745344, mask=11100100010111111101111111111110, flags=SA_RESTART|SA_SIGINFO, blocked
   SIGTRAP: 0x00007d9713230aa0 in libjvm.so+10685088, mask=11100100010111111101111111111110, flags=SA_RESTART|SA_SIGINFO, unblocked


Periodic native trim disabled


---------------  S Y S T E M  ---------------

OS:
DISTRIB_ID="EndeavourOS"
DISTRIB_RELEASE="rolling"
DISTRIB_DESCRIPTION="EndeavourOS Linux"
DISTRIB_CODENAME="rolling"
uname: Linux 6.11.1-arch1-1 #1 SMP PREEMPT_DYNAMIC Mon, 30 Sep 2024 23:49:50 +0000 x86_64
OS uptime: 0 days 10:15 hours
libc: glibc 2.40 NPTL 2.40 
rlimit (soft/hard): STACK 8192k/infinity , CORE infinity/infinity , NPROC 127623/127623 , NOFILE 524288/524288 , AS infinity/infinity , CPU infinity/infinity , DATA infinity/infinity , FSIZE infinity/infinity , MEMLOCK 8192k/8192k
load average: 1.57 1.78 1.30

/proc/meminfo:
MemTotal:       32782568 kB
MemFree:        15120360 kB
MemAvailable:   24347964 kB
Buffers:          915904 kB
Cached:          8286496 kB
SwapCached:            0 kB
Active:          9849312 kB
Inactive:        6210460 kB
Active(anon):    6952940 kB
Inactive(anon):        0 kB
Active(file):    2896372 kB
Inactive(file):  6210460 kB
Unevictable:          32 kB
Mlocked:              32 kB
SwapTotal:             0 kB
SwapFree:              0 kB
Zswap:                 0 kB
Zswapped:              0 kB
Dirty:              4736 kB
Writeback:             0 kB
AnonPages:       6784776 kB
Mapped:          1277444 kB
Shmem:             95568 kB
KReclaimable:     586312 kB
Slab:             811088 kB
SReclaimable:     586312 kB
SUnreclaim:       224776 kB
KernelStack:       29808 kB
PageTables:        64096 kB
SecPageTables:      5384 kB
NFS_Unstable:          0 kB
Bounce:                0 kB
WritebackTmp:          0 kB
CommitLimit:    16391284 kB
Committed_AS:   20956964 kB
VmallocTotal:   34359738367 kB
VmallocUsed:      117012 kB
VmallocChunk:          0 kB
Percpu:            56640 kB
HardwareCorrupted:     0 kB
AnonHugePages:   2181120 kB
ShmemHugePages:        0 kB
ShmemPmdMapped:        0 kB
FileHugePages:    552960 kB
FilePmdMapped:    233472 kB
CmaTotal:              0 kB
CmaFree:               0 kB
Unaccepted:            0 kB
HugePages_Total:       0
HugePages_Free:        0
HugePages_Rsvd:        0
HugePages_Surp:        0
Hugepagesize:       2048 kB
Hugetlb:               0 kB
DirectMap4k:      758040 kB
DirectMap2M:    15939584 kB
DirectMap1G:    16777216 kB

/sys/kernel/mm/transparent_hugepage/enabled: [always] madvise never
/sys/kernel/mm/transparent_hugepage/hpage_pmd_size: 2097152
/sys/kernel/mm/transparent_hugepage/defrag (defrag/compaction efforts parameter): always defer defer+madvise [madvise] never

Process Memory:
Virtual Size: 13102232K (peak: 13102520K)
Resident Set Size: 220728K (peak: 220728K) (anon: 175876K, file: 44852K, shmem: 0K)
Swapped out: 0K
C-Heap outstanding allocations: 95858K, retained: 27709K
glibc malloc tunables: (default)

/proc/sys/kernel/threads-max (system-wide limit on the number of threads): 255246
/proc/sys/vm/max_map_count (maximum number of memory map areas a process may have): 1048576
/proc/sys/vm/swappiness (control to define how aggressively the kernel swaps out anonymous memory): 60
/proc/sys/kernel/pid_max (system-wide limit on number of process identifiers): 4194304

container (cgroup) information:
container_type: cgroupv2
cpu_cpuset_cpus: not supported
cpu_memory_nodes: not supported
active_processor_count: 24
cpu_quota: no quota
cpu_period: 100000
cpu_shares: no shares
memory_limit_in_bytes: unlimited
memory_and_swap_limit_in_bytes: unlimited
memory_soft_limit_in_bytes: unlimited
memory_usage_in_bytes: 12718624 k
memory_max_usage_in_bytes: not supported
memory_swap_current_in_bytes: unlimited
memory_swap_max_limit_in_bytes: unlimited
maximum number of tasks: unlimited
current number of tasks: 1357

Steal ticks since vm start: 0
Steal ticks percentage since vm start:  0.000

CPU: total 24 (initial active 24) (24 cores per cpu, 2 threads per core) family 25 model 33 stepping 2 microcode 0xa20120a, cx8, cmov, fxsr, ht, mmx, 3dnowpref, sse, sse2, sse3, ssse3, sse4a, sse4.1, sse4.2, popcnt, lzcnt, tsc, tscinvbit, avx, avx2, aes, erms, clmul, bmi1, bmi2, adx, sha, fma, vzeroupper, clflush, clflushopt
CPU Model and flags from /proc/cpuinfo:
model name	: AMD Ryzen 9 5900X 12-Core Processor
flags		: fpu vme de pse tsc msr pae mce cx8 apic sep mtrr pge mca cmov pat pse36 clflush mmx fxsr sse sse2 ht syscall nx mmxext fxsr_opt pdpe1gb rdtscp lm constant_tsc rep_good nopl xtopology nonstop_tsc cpuid extd_apicid aperfmperf rapl pni pclmulqdq monitor ssse3 fma cx16 sse4_1 sse4_2 x2apic movbe popcnt aes xsave avx f16c rdrand lahf_lm cmp_legacy svm extapic cr8_legacy abm sse4a misalignsse 3dnowprefetch osvw ibs skinit wdt tce topoext perfctr_core perfctr_nb bpext perfctr_llc mwaitx cpb cat_l3 cdp_l3 hw_pstate ssbd mba ibrs ibpb stibp vmmcall fsgsbase bmi1 avx2 smep bmi2 erms invpcid cqm rdt_a rdseed adx smap clflushopt clwb sha_ni xsaveopt xsavec xgetbv1 xsaves cqm_llc cqm_occup_llc cqm_mbm_total cqm_mbm_local user_shstk clzero irperf xsaveerptr rdpru wbnoinvd arat npt lbrv svm_lock nrip_save tsc_scale vmcb_clean flushbyasid decodeassists pausefilter pfthreshold avic v_vmsave_vmload vgif v_spec_ctrl umip pku ospke vaes vpclmulqdq rdpid overflow_recov succor smca fsrm debug_swap

Online cpus: 0-23
Offline cpus: 
BIOS frequency limitation: <Not Available>
Frequency switch latency (ns): 0
Available cpu frequencies: <Not Available>
Current governor: powersave
Core performance/turbo boost: 1

Memory: 4k page, physical 32782568k(15120360k free), swap 0k(0k free)
Page Sizes: 4k

vm_info: OpenJDK 64-Bit Server VM (17.0.12+7) for linux-amd64 JRE (17.0.12+7), built on Jul 17 2024 13:35:02 by "builduser" with gcc 14.1.1 20240522

END.
