#
# A fatal error has been detected by the Java Runtime Environment:
#
#  SIGSEGV (0xb) at pc=0x00007f5d0c34a89d, pid=125330, tid=125332
#
# JRE version: OpenJDK Runtime Environment (17.0.12+7) (build 17.0.12+7)
# Java VM: OpenJDK 64-Bit Server VM (17.0.12+7, mixed mode, sharing, tiered, compressed oops, compressed class ptrs, g1 gc, linux-amd64)
# Problematic frame:
# C  [verilator_2170529081198919773.so+0x3089d]  sc_time_stamp()+0x14
#
# Core dump will be written. Default location: Core dumps may be processed with "/usr/lib/systemd/systemd-coredump %P %u %g %s %t %c %h" (or dumping to /home/mahir/fun/CPU/nebula-risc-v/core.125330)
#
# If you would like to submit a bug report, please visit:
#   https://bugreport.java.com/bugreport/crash.jsp
# The crash happened outside the Java Virtual Machine in native code.
# See problematic frame for where to report the bug.
#

---------------  S U M M A R Y ------------

Command Line: -Duser.dir=/home/mahir/fun/CPU/nebula-risc-v nebula.test.decoder_test

Host: AMD Ryzen 9 5900X 12-Core Processor, 24 cores, 31G, EndeavourOS Linux
Time: Tue Oct  8 21:47:13 2024 BST elapsed time: 2.780261 seconds (0d 0h 0m 2s)

---------------  T H R E A D  ---------------

Current thread (0x00007f5d2c015980):  JavaThread "main" [_thread_in_native, id=125332, stack(0x00007f5d342d2000,0x00007f5d343d2000)]

Stack: [0x00007f5d342d2000,0x00007f5d343d2000],  sp=0x00007f5d343cfd30,  free space=1015k
Native frames: (J=compiled Java code, j=interpreted, Vv=VM code, C=native code)
C  [verilator_2170529081198919773.so+0x3089d]  sc_time_stamp()+0x14
C  [verilator_2170529081198919773.so+0x47185]  VerilatedContext::time() const+0x31
C  [verilator_2170529081198919773.so+0x401b0]  VerilatedContext::addModel(VerilatedModel*)+0xa0
C  [verilator_2170529081198919773.so+0x76a14]  VdecoderForTest::VdecoderForTest(VerilatedContext*, char const*)+0x108
C  [verilator_2170529081198919773.so+0x76aff]  VdecoderForTest::VdecoderForTest(char const*)+0x2b

Java frames: (J=compiled Java code, j=interpreted, Vv=VM code)
j  wrapper_verilator.VerilatorNative.newHandle_2170529081198919773(Ljava/lang/String;Ljava/lang/String;I)J+0
j  wrapper_verilator.VerilatorNative.newHandle(Ljava/lang/String;Ljava/lang/String;I)J+4
j  spinal.sim.VerilatorBackend.instanciate(Ljava/lang/String;I)J+135
j  spinal.core.sim.SpinalSimConfig$$anon$3.newSimRaw(Ljava/lang/String;I)Lspinal/sim/SimRaw;+14
j  spinal.core.sim.SimCompiled.doSimApi(Ljava/lang/String;IZLscala/Function1;)V+47
j  spinal.core.sim.SimCompiled.doSim(Lscala/Function1;)V+23
j  nebula.test.decoder_test$.delayedEndpoint$nebula$test$decoder_test$1()V+22
j  nebula.test.decoder_test$delayedInit$body.apply()Ljava/lang/Object;+4
j  scala.Function0.apply$mcV$sp()V+1
j  scala.Function0.apply$mcV$sp$(Lscala/Function0;)V+1
j  scala.runtime.AbstractFunction0.apply$mcV$sp()V+1
j  scala.App.$anonfun$main$1$adapted(Lscala/Function0;)Ljava/lang/Object;+1
j  scala.App$$Lambda$5+0x00007f5ca8036fe0.apply(Ljava/lang/Object;)Ljava/lang/Object;+4
j  scala.collection.immutable.List.foreach(Lscala/Function1;)V+14
j  scala.App.main([Ljava/lang/String;)V+33
j  scala.App.main$(Lscala/App;[Ljava/lang/String;)V+2
j  nebula.test.decoder_test$.main([Ljava/lang/String;)V+2
j  nebula.test.decoder_test.main([Ljava/lang/String;)V+4
v  ~StubRoutines::call_stub

siginfo: si_signo: 11 (SIGSEGV), si_code: 1 (SEGV_MAPERR), si_addr: 0x0000000000000008

Registers:
RAX=0x0000000000000000, RBX=0x00007f5d2ca2a5c0, RCX=0x00000000015083f2, RDX=0x00005c5d5e02af90
RSP=0x00007f5d343cfd30, RBP=0x00007f5d343cfd40, RSI=0x0000000000000000, RDI=0x00007f5d0c3b6f08
R8 =0x0018b5ed70c2b0c0, R9 =0x0000000000000001, R10=0x0000000000000000, R11=0x00007f5d35638080
R12=0x00007f5d2ca2a540, R13=0x0000000000000001, R14=0x00007f5d2ca29e10, R15=0x00007f5d2ca28af0
RIP=0x00007f5d0c34a89d, EFLAGS=0x0000000000010202, CSGSFS=0x002b000000000033, ERR=0x0000000000000004
  TRAPNO=0x000000000000000e


Register to memory mapping:

RAX=0x0 is NULL
RBX=0x00007f5d2ca2a5c0 points into unknown readable memory: 0x00007f5d0c3b9440 | 40 94 3b 0c 5d 7f 00 00
RCX=0x00000000015083f2 is an unknown value
RDX=0x00005c5d5e02af90 points into unknown readable memory: 0x0000000000000004 | 04 00 00 00 00 00 00 00
RSP=0x00007f5d343cfd30 is pointing into the stack for thread: 0x00007f5d2c015980
RBP=0x00007f5d343cfd40 is pointing into the stack for thread: 0x00007f5d2c015980
RSI=0x0 is NULL
RDI=0x00007f5d0c3b6f08: <offset 0x000000000009cf08> in /home/mahir/fun/CPU/nebula-risc-v/simWorkspace/decoderForTest/verilator/verilator_2170529081198919773.so at 0x00007f5d0c31a000
R8 =0x0018b5ed70c2b0c0 is an unknown value
R9 =0x0000000000000001 is an unknown value
R10=0x0 is NULL
R11=0x00007f5d35638080 points into unknown readable memory: 0x00000001015083f4 | f4 83 50 01 01 00 00 00
R12=0x00007f5d2ca2a540 points into unknown readable memory: 0x00007f5d0c3b6798 | 98 67 3b 0c 5d 7f 00 00
R13=0x0000000000000001 is an unknown value
R14=0x00007f5d2ca29e10 points into unknown readable memory: 0x00007f5d0c3b6680 | 80 66 3b 0c 5d 7f 00 00
R15=0x00007f5d2ca28af0 points into unknown readable memory: 0x0000000074736574 | 74 65 73 74 00 00 00 00


Top of Stack: (sp=0x00007f5d343cfd30)
0x00007f5d343cfd30:   0000000000000001 00007f5d0c36111b
0x00007f5d343cfd40:   00007f5d343cfd60 00007f5d0c361185
0x00007f5d343cfd50:   00007f5d0c3b9440 00007f5d0c3b9440
0x00007f5d343cfd60:   00007f5d343cff40 00007f5d0c35a1b0
0x00007f5d343cfd70:   00007f5d2ca2a540 00007f5d0c3b9440
0x00007f5d343cfd80:   0000000000000000 00007f5d0c3b9440
0x00007f5d343cfd90:   9999999999999999 0000000000000000
0x00007f5d343cfda0:   2020202020202020 00007f5d0c3b9440
0x00007f5d343cfdb0:   00007f5d343cfde0 00007f5d0c35bfbd
0x00007f5d343cfdc0:   0000000000000000 0b8970580c3b9440
0x00007f5d343cfdd0:   00007f5d343cfde0 00007f5d0c361f0d
0x00007f5d343cfde0:   00007f5d343cfe00 00007f5d0c34d45c
0x00007f5d343cfdf0:   0000000000000001 00007f5d2ca2a5c0
0x00007f5d343cfe00:   00007f5d2ca2a540 0000000000000001
0x00007f5d343cfe10:   00007f5d2ca29e10 00007f5d2ca28af0
0x00007f5d343cfe20:   00007f5d343cfe40 00007f5d0c360c12
0x00007f5d343cfe30:   00007f5d343cfe40 00007f5d0c3b9440
0x00007f5d343cfe40:   00007f5d343cfe60 00007f5d0c360cee
0x00007f5d343cfe50:   00007f5d343cfe70 00007f5d0c360c41
0x00007f5d343cfe60:   00007f5d343cfe80 00007f5d0c3b9440
0x00007f5d343cfe70:   00007f5d343cfe90 00007f5d0c360d0e
0x00007f5d343cfe80:   00007f5d343cfeb0 00007f5d0c3b9440
0x00007f5d343cfe90:   00007f5d343cfeb0 00007f5d0c360d94
0x00007f5d343cfea0:   00007f5d2ca2a5c0 00007f5d0c3b9440
0x00007f5d343cfeb0:   00007f5d343cfed0 00007f5d0c360df7
0x00007f5d343cfec0:   00007f5d0c3b9440 00007f5d343cfef0
0x00007f5d343cfed0:   00007f5d343cff00 00007f5d0c392212
0x00007f5d343cfee0:   0000000c00800000 00007f5d0c3b9440
0x00007f5d343cfef0:   00007f010c3b9440 00007f5d2ca2a680
0x00007f5d343cff00:   00007f5d343cff40 00007f5d0c39213f
0x00007f5d343cff10:   00007f5d2ca2a540 00007f5d0c394000
0x00007f5d343cff20:   00007f5d0c3b9440 2f5c1646c6ff3f00 

Instructions: (pc=0x00007f5d0c34a89d)
0x00007f5d0c34a79d:   b8 ff ff ff 25 12 ec 06 00 68 77 04 00 00 e9 70
0x00007f5d0c34a7ad:   b8 ff ff ff 25 92 c7 06 00 66 90 ff 25 fa c7 06
0x00007f5d0c34a7bd:   00 66 90 48 8d 3d 51 ec 06 00 48 8d 05 4a ec 06
0x00007f5d0c34a7cd:   00 48 39 f8 74 15 48 8b 05 ce c7 06 00 48 85 c0
0x00007f5d0c34a7dd:   74 09 ff e0 0f 1f 80 00 00 00 00 c3 0f 1f 80 00
0x00007f5d0c34a7ed:   00 00 00 48 8d 3d 21 ec 06 00 48 8d 35 1a ec 06
0x00007f5d0c34a7fd:   00 48 29 fe 48 89 f0 48 c1 ee 3f 48 c1 f8 03 48
0x00007f5d0c34a80d:   01 c6 48 d1 fe 74 14 48 8b 05 bd c7 06 00 48 85
0x00007f5d0c34a81d:   c0 74 08 ff e0 66 0f 1f 44 00 00 c3 0f 1f 80 00
0x00007f5d0c34a82d:   00 00 00 f3 0f 1e fa 80 3d e5 eb 06 00 00 75 33
0x00007f5d0c34a83d:   55 48 83 3d ea c6 06 00 00 48 89 e5 74 0d 48 8b
0x00007f5d0c34a84d:   3d 6e eb 06 00 ff 15 d8 c6 06 00 e8 63 ff ff ff
0x00007f5d0c34a85d:   c6 05 bc eb 06 00 01 5d c3 66 2e 0f 1f 84 00 00
0x00007f5d0c34a86d:   00 00 00 c3 66 66 2e 0f 1f 84 00 00 00 00 00 0f
0x00007f5d0c34a87d:   1f 40 00 f3 0f 1e fa e9 67 ff ff ff 52 48 8d 3d
0x00007f5d0c34a88d:   77 c6 06 00 e8 4a f4 ff ff 48 8b 80 00 00 00 00
0x00007f5d0c34a89d:   48 8b 40 08 48 85 c0 78 07 f2 48 0f 2a c0 eb 15
0x00007f5d0c34a8ad:   48 89 c2 83 e0 01 48 d1 ea 48 09 c2 f2 48 0f 2a
0x00007f5d0c34a8bd:   c2 f2 0f 58 c0 58 c3 50 89 f2 31 c0 48 89 fe 48
0x00007f5d0c34a8cd:   8d 3d 6d 97 04 00 e8 58 b8 ff ff e8 8a 03 00 00
0x00007f5d0c34a8dd:   be 01 00 00 00 5a 48 89 c7 e9 eb ee 00 00 41 57
0x00007f5d0c34a8ed:   41 56 49 89 d6 41 55 41 54 49 89 cc 55 53 48 89
0x00007f5d0c34a8fd:   fb 49 63 f8 48 83 ec 18 89 7c 24 0c e8 f2 f2 ff
0x00007f5d0c34a90d:   ff 48 8b 03 31 d2 4c 89 f6 48 89 df ff 90 48 05
0x00007f5d0c34a91d:   00 00 31 d2 4c 89 e6 48 89 df 49 89 c7 48 8b 03
0x00007f5d0c34a92d:   ff 90 48 05 00 00 bf 80 04 00 00 49 89 c5 e8 e0
0x00007f5d0c34a93d:   db ff ff 8b 4c 24 0c 4c 89 ea 4c 89 fe 48 89 c7
0x00007f5d0c34a94d:   48 89 c5 e8 01 04 00 00 48 8b 03 4c 89 fa 4c 89
0x00007f5d0c34a95d:   f6 48 89 df ff 90 50 05 00 00 48 8b 03 4c 89 ea
0x00007f5d0c34a96d:   4c 89 e6 48 89 df ff 90 50 05 00 00 48 83 c4 18
0x00007f5d0c34a97d:   48 89 e8 5b 5d 41 5c 41 5d 41 5e 41 5f c3 48 89
0x00007f5d0c34a98d:   c3 48 89 ef be 80 04 00 00 e8 25 dc ff ff 48 89 


Stack slot to memory mapping:
stack at sp + 0 slots: 0x0000000000000001 is an unknown value
stack at sp + 1 slots: 0x00007f5d0c36111b: <offset 0x000000000004711b> in /home/mahir/fun/CPU/nebula-risc-v/simWorkspace/decoderForTest/verilator/verilator_2170529081198919773.so at 0x00007f5d0c31a000
stack at sp + 2 slots: 0x00007f5d343cfd60 is pointing into the stack for thread: 0x00007f5d2c015980
stack at sp + 3 slots: 0x00007f5d0c361185: <offset 0x0000000000047185> in /home/mahir/fun/CPU/nebula-risc-v/simWorkspace/decoderForTest/verilator/verilator_2170529081198919773.so at 0x00007f5d0c31a000
stack at sp + 4 slots: 0x00007f5d0c3b9440: <offset 0x000000000009f440> in /home/mahir/fun/CPU/nebula-risc-v/simWorkspace/decoderForTest/verilator/verilator_2170529081198919773.so at 0x00007f5d0c31a000
stack at sp + 5 slots: 0x00007f5d0c3b9440: <offset 0x000000000009f440> in /home/mahir/fun/CPU/nebula-risc-v/simWorkspace/decoderForTest/verilator/verilator_2170529081198919773.so at 0x00007f5d0c31a000
stack at sp + 6 slots: 0x00007f5d343cff40 is pointing into the stack for thread: 0x00007f5d2c015980
stack at sp + 7 slots: 0x00007f5d0c35a1b0: <offset 0x00000000000401b0> in /home/mahir/fun/CPU/nebula-risc-v/simWorkspace/decoderForTest/verilator/verilator_2170529081198919773.so at 0x00007f5d0c31a000


---------------  P R O C E S S  ---------------

Threads class SMR info:
_java_thread_list=0x00007f5c4826a5d0, length=23, elements={
0x00007f5d2c015980, 0x00007f5d2c16d3a0, 0x00007f5d2c16e7a0, 0x00007f5d2c173d10,
0x00007f5d2c1750e0, 0x00007f5d2c176510, 0x00007f5d2c177f60, 0x00007f5d2c1794b0,
0x00007f5d2c17a940, 0x00007f5d2c182770, 0x00007f5d2c185af0, 0x00007f5c70024200,
0x00007f5c7005dfe0, 0x00007f5d2c5a1ed0, 0x00007f5d2c5866e0, 0x00007f5c5411cb70,
0x00007f5c701c6870, 0x00007f5c4c114b20, 0x00007f5c4c1156f0, 0x00007f5c4c1162e0,
0x00007f5c4c117df0, 0x00007f5bd00018f0, 0x00007f5c48269570
}

Java Threads: ( => current thread )
=>0x00007f5d2c015980 JavaThread "main" [_thread_in_native, id=125332, stack(0x00007f5d342d2000,0x00007f5d343d2000)]
  0x00007f5d2c16d3a0 JavaThread "Reference Handler" daemon [_thread_blocked, id=125339, stack(0x00007f5cfd6f8000,0x00007f5cfd7f8000)]
  0x00007f5d2c16e7a0 JavaThread "Finalizer" daemon [_thread_blocked, id=125340, stack(0x00007f5cfd5f7000,0x00007f5cfd6f7000)]
  0x00007f5d2c173d10 JavaThread "Signal Dispatcher" daemon [_thread_blocked, id=125341, stack(0x00007f5cfd4f6000,0x00007f5cfd5f6000)]
  0x00007f5d2c1750e0 JavaThread "Service Thread" daemon [_thread_blocked, id=125342, stack(0x00007f5cfd100000,0x00007f5cfd200000)]
  0x00007f5d2c176510 JavaThread "Monitor Deflation Thread" daemon [_thread_blocked, id=125343, stack(0x00007f5cfcfff000,0x00007f5cfd0ff000)]
  0x00007f5d2c177f60 JavaThread "C2 CompilerThread0" daemon [_thread_blocked, id=125344, stack(0x00007f5cfcefe000,0x00007f5cfcffe000)]
  0x00007f5d2c1794b0 JavaThread "C1 CompilerThread0" daemon [_thread_blocked, id=125345, stack(0x00007f5cfcdfd000,0x00007f5cfcefd000)]
  0x00007f5d2c17a940 JavaThread "Sweeper thread" daemon [_thread_blocked, id=125346, stack(0x00007f5cfccfc000,0x00007f5cfcdfc000)]
  0x00007f5d2c182770 JavaThread "Notification Thread" daemon [_thread_blocked, id=125347, stack(0x00007f5cfcbfb000,0x00007f5cfccfb000)]
  0x00007f5d2c185af0 JavaThread "Common-Cleaner" daemon [_thread_blocked, id=125349, stack(0x00007f5cfc9f9000,0x00007f5cfcaf9000)]
  0x00007f5c70024200 JavaThread "C1 CompilerThread1" daemon [_thread_blocked, id=125350, stack(0x00007f5cfc8f8000,0x00007f5cfc9f8000)]
  0x00007f5c7005dfe0 JavaThread "C1 CompilerThread2" daemon [_thread_blocked, id=125351, stack(0x00007f5cfc7f7000,0x00007f5cfc8f7000)]
  0x00007f5d2c5a1ed0 JavaThread "process reaper" daemon [_thread_blocked, id=125367, stack(0x00007f5d2beac000,0x00007f5d2bece000)]
  0x00007f5d2c5866e0 JavaThread "JNA Cleaner" daemon [_thread_blocked, id=125368, stack(0x00007f5cf38fa000,0x00007f5cf39fa000)]
  0x00007f5c5411cb70 JavaThread "C2 CompilerThread1" daemon [_thread_blocked, id=125475, stack(0x00007f5cfc6f6000,0x00007f5cfc7f6000)]
  0x00007f5c701c6870 JavaThread "C2 CompilerThread2" daemon [_thread_blocked, id=125480, stack(0x00007f5cf30fe000,0x00007f5cf31fe000)]
  0x00007f5c4c114b20 JavaThread "C2 CompilerThread3" daemon [_thread_blocked, id=125481, stack(0x00007f5cf2ffd000,0x00007f5cf30fd000)]
  0x00007f5c4c1156f0 JavaThread "C2 CompilerThread4" daemon [_thread_blocked, id=125482, stack(0x00007f5cf37f9000,0x00007f5cf38f9000)]
  0x00007f5c4c1162e0 JavaThread "C2 CompilerThread5" daemon [_thread_blocked, id=125483, stack(0x00007f5cf2efc000,0x00007f5cf2ffc000)]
  0x00007f5c4c117df0 JavaThread "C1 CompilerThread3" daemon [_thread_blocked, id=125484, stack(0x00007f5cf2dfb000,0x00007f5cf2efb000)]
  0x00007f5bd00018f0 JavaThread "C2 CompilerThread6" daemon [_thread_in_native, id=125485, stack(0x00007f5cf2cfa000,0x00007f5cf2dfa000)]
  0x00007f5c48269570 JavaThread "C2 CompilerThread7" daemon [_thread_blocked, id=125486, stack(0x00007f5cf2bf9000,0x00007f5cf2cf9000)]

Other Threads:
  0x00007f5d2c169400 VMThread "VM Thread" [stack: 0x00007f5cfd7f9000,0x00007f5cfd8f9000] [id=125338]
  0x00007f5d2c1840d0 WatcherThread [stack: 0x00007f5cfcafa000,0x00007f5cfcbfa000] [id=125348]
  0x00007f5d2c045c60 GCTaskThread "GC Thread#0" [stack: 0x00007f5d30a01000,0x00007f5d30b01000] [id=125333]
  0x00007f5c9c007ef0 GCTaskThread "GC Thread#1" [stack: 0x00007f5cfc4f4000,0x00007f5cfc5f4000] [id=125354]
  0x00007f5c9c008910 GCTaskThread "GC Thread#2" [stack: 0x00007f5cfc3f3000,0x00007f5cfc4f3000] [id=125355]
  0x00007f5c9c009330 GCTaskThread "GC Thread#3" [stack: 0x00007f5cfc2f2000,0x00007f5cfc3f2000] [id=125356]
  0x00007f5c9c009d50 GCTaskThread "GC Thread#4" [stack: 0x00007f5cfc1f1000,0x00007f5cfc2f1000] [id=125357]
  0x00007f5c9c00a770 GCTaskThread "GC Thread#5" [stack: 0x00007f5cfc0f0000,0x00007f5cfc1f0000] [id=125358]
  0x00007f5c9c00b1c0 GCTaskThread "GC Thread#6" [stack: 0x00007f5cf3f00000,0x00007f5cf4000000] [id=125359]
  0x00007f5c9c00bc10 GCTaskThread "GC Thread#7" [stack: 0x00007f5cf3dff000,0x00007f5cf3eff000] [id=125360]
  0x00007f5c9c00c680 GCTaskThread "GC Thread#8" [stack: 0x00007f5cf3cfe000,0x00007f5cf3dfe000] [id=125361]
  0x00007f5c9c00d110 GCTaskThread "GC Thread#9" [stack: 0x00007f5cf3bfd000,0x00007f5cf3cfd000] [id=125362]
  0x00007f5c9c00dba0 GCTaskThread "GC Thread#10" [stack: 0x00007f5cf3afc000,0x00007f5cf3bfc000] [id=125363]
  0x00007f5c9c00e630 GCTaskThread "GC Thread#11" [stack: 0x00007f5cf39fb000,0x00007f5cf3afb000] [id=125364]
  0x00007f5d2c056ce0 ConcurrentGCThread "G1 Main Marker" [stack: 0x00007f5d30900000,0x00007f5d30a00000] [id=125334]
  0x00007f5d2c057c70 ConcurrentGCThread "G1 Conc#0" [stack: 0x00007f5d307ff000,0x00007f5d308ff000] [id=125335]
  0x00007f5cf8000ea0 ConcurrentGCThread "G1 Conc#1" [stack: 0x00007f5cf3300000,0x00007f5cf3400000] [id=125476]
  0x00007f5cf8001500 ConcurrentGCThread "G1 Conc#2" [stack: 0x00007f5cf36f8000,0x00007f5cf37f8000] [id=125477]
  0x00007f5cf8001b10 ConcurrentGCThread "G1 Conc#3" [stack: 0x00007f5cfc5f5000,0x00007f5cfc6f5000] [id=125478]
  0x00007f5cf8002150 ConcurrentGCThread "G1 Conc#4" [stack: 0x00007f5cf31ff000,0x00007f5cf32ff000] [id=125479]
  0x00007f5d2c1389f0 ConcurrentGCThread "G1 Refine#0" [stack: 0x00007f5cfd9fb000,0x00007f5cfdafb000] [id=125336]
  0x00007f5d2c139900 ConcurrentGCThread "G1 Service" [stack: 0x00007f5cfd8fa000,0x00007f5cfd9fa000] [id=125337]

Threads with active compile tasks:
C2 CompilerThread6     2783 3749       4       scala.runtime.Statics::anyHash (26 bytes)

VM state: not at safepoint (normal execution)

VM Mutex/Monitor currently owned by a thread: None

Heap address: 0x000000060bc00000, size: 8004 MB, Compressed Oops mode: Zero based, Oop shift amount: 3

CDS archive(s) mapped at: [0x00007f5ca7000000-0x00007f5ca7bc7000-0x00007f5ca7bc7000), size 12349440, SharedBaseAddress: 0x00007f5ca7000000, ArchiveRelocationMode: 1.
Compressed class space mapped at: 0x00007f5ca8000000-0x00007f5ce8000000, reserved size: 1073741824
Narrow klass base: 0x00007f5ca7000000, Narrow klass shift: 0, Narrow klass range: 0x100000000

GC Precious Log:
 CPUs: 24 total, 24 available
 Memory: 32014M
 Large Page Support: Disabled
 NUMA Support: Disabled
 Compressed Oops: Enabled (Zero based)
 Heap Region Size: 4M
 Heap Min Capacity: 8M
 Heap Initial Capacity: 504M
 Heap Max Capacity: 8004M
 Pre-touch: Disabled
 Parallel Workers: 18
 Concurrent Workers: 5
 Concurrent Refinement Workers: 18
 Periodic GC: Disabled

Heap:
 garbage-first heap   total 69632K, used 34947K [0x000000060bc00000, 0x0000000800000000)
  region size 4096K, 9 young (36864K), 1 survivors (4096K)
 Metaspace       used 26753K, committed 27072K, reserved 1114112K
  class space    used 3662K, committed 3776K, reserved 1048576K

Heap Regions: E=young(eden), S=young(survivor), O=old, HS=humongous(starts), HC=humongous(continues), CS=collection set, F=free, OA=open archive, CA=closed archive, TAMS=top-at-mark-start (previous, next)
|   0|0x000000060bc00000, 0x000000060bf6a600, 0x000000060c000000| 85%| O|  |TAMS 0x000000060bf6a600, 0x000000060bc00000| Complete 
|   1|0x000000060c000000, 0x000000060c000000, 0x000000060c400000|  0%| F|  |TAMS 0x000000060c000000, 0x000000060c000000| Untracked 
|   2|0x000000060c400000, 0x000000060c400000, 0x000000060c800000|  0%| F|  |TAMS 0x000000060c400000, 0x000000060c400000| Untracked 
|   3|0x000000060c800000, 0x000000060c800000, 0x000000060cc00000|  0%| F|  |TAMS 0x000000060c800000, 0x000000060c800000| Untracked 
|   4|0x000000060cc00000, 0x000000060cc00000, 0x000000060d000000|  0%| F|  |TAMS 0x000000060cc00000, 0x000000060cc00000| Untracked 
|   5|0x000000060d000000, 0x000000060d000000, 0x000000060d400000|  0%| F|  |TAMS 0x000000060d000000, 0x000000060d000000| Untracked 
|   6|0x000000060d400000, 0x000000060d800000, 0x000000060d800000|100%| E|  |TAMS 0x000000060d400000, 0x000000060d400000| Complete 
|   7|0x000000060d800000, 0x000000060dc00000, 0x000000060dc00000|100%| E|CS|TAMS 0x000000060d800000, 0x000000060d800000| Complete 
|   8|0x000000060dc00000, 0x000000060e000000, 0x000000060e000000|100%| E|CS|TAMS 0x000000060dc00000, 0x000000060dc00000| Complete 
|   9|0x000000060e000000, 0x000000060e400000, 0x000000060e400000|100%| E|CS|TAMS 0x000000060e000000, 0x000000060e000000| Complete 
|  10|0x000000060e400000, 0x000000060e800000, 0x000000060e800000|100%| E|CS|TAMS 0x000000060e400000, 0x000000060e400000| Complete 
|  11|0x000000060e800000, 0x000000060ec00000, 0x000000060ec00000|100%| E|CS|TAMS 0x000000060e800000, 0x000000060e800000| Complete 
|  12|0x000000060ec00000, 0x000000060f000000, 0x000000060f000000|100%| E|CS|TAMS 0x000000060ec00000, 0x000000060ec00000| Complete 
| 115|0x0000000628800000, 0x0000000628aca838, 0x0000000628c00000| 69%| S|CS|TAMS 0x0000000628800000, 0x0000000628800000| Complete 
| 125|0x000000062b000000, 0x000000062b400000, 0x000000062b400000|100%| E|  |TAMS 0x000000062b000000, 0x000000062b000000| Complete 
|1999|0x00000007ff800000, 0x00000007ffb75000, 0x00000007ffc00000| 86%|OA|  |TAMS 0x00000007ffb75000, 0x00000007ff800000| Untracked 
|2000|0x00000007ffc00000, 0x00000007ffc77000, 0x0000000800000000| 11%|CA|  |TAMS 0x00000007ffc77000, 0x00000007ffc00000| Untracked 

Card table byte_map: [0x00007f5d30c00000,0x00007f5d31ba2000] _byte_map_base: 0x00007f5d2dba2000

Marking Bits (Prev, Next): (CMBitMap*) 0x00007f5d2c046740, (CMBitMap*) 0x00007f5d2c046700
 Prev Bits: [0x00007f5d04600000, 0x00007f5d0c310000)
 Next Bits: [0x00007f5d0c400000, 0x00007f5d14110000)

Polling page: 0x00007f5d3561d000

Metaspace:

Usage:
  Non-class:     22.55 MB used.
      Class:      3.58 MB used.
       Both:     26.13 MB used.

Virtual space:
  Non-class space:       64.00 MB reserved,      22.75 MB ( 36%) committed,  1 nodes.
      Class space:        1.00 GB reserved,       3.69 MB ( <1%) committed,  1 nodes.
             Both:        1.06 GB reserved,      26.44 MB (  2%) committed. 

Chunk freelists:
   Non-Class:  8.36 MB
       Class:  12.35 MB
        Both:  20.71 MB

MaxMetaspaceSize: unlimited
CompressedClassSpaceSize: 1.00 GB
Initial GC threshold: 21.00 MB
Current GC threshold: 35.56 MB
CDS: on
MetaspaceReclaimPolicy: balanced
 - commit_granule_bytes: 65536.
 - commit_granule_words: 8192.
 - virtual_space_node_default_size: 8388608.
 - enlarge_chunks_in_place: 1.
 - new_chunks_are_fully_committed: 0.
 - uncommit_free_chunks: 1.
 - use_allocation_guard: 0.
 - handle_deallocations: 1.


Internal statistics:

num_allocs_failed_limit: 3.
num_arena_births: 226.
num_arena_deaths: 0.
num_vsnodes_births: 2.
num_vsnodes_deaths: 0.
num_space_committed: 423.
num_space_uncommitted: 0.
num_chunks_returned_to_freelist: 3.
num_chunks_taken_from_freelist: 1111.
num_chunk_merges: 0.
num_chunk_splits: 836.
num_chunks_enlarged: 708.
num_inconsistent_stats: 0.

CodeHeap 'non-profiled nmethods': size=119168Kb used=1516Kb max_used=1516Kb free=117651Kb
 bounds [0x00007f5d1cda0000, 0x00007f5d1d010000, 0x00007f5d24200000]
CodeHeap 'profiled nmethods': size=119164Kb used=7003Kb max_used=7003Kb free=112160Kb
 bounds [0x00007f5d15200000, 0x00007f5d158e0000, 0x00007f5d1c65f000]
CodeHeap 'non-nmethods': size=7428Kb used=2931Kb max_used=2998Kb free=4496Kb
 bounds [0x00007f5d1c65f000, 0x00007f5d1c9cf000, 0x00007f5d1cda0000]
 total_blobs=4304 nmethods=3749 adapters=465
 compilation: enabled
              stopped_count=0, restarted_count=0
 full_count=0

Compilation events (20 events):
Event: 2.779 Thread 0x00007f5bd00018f0 3749       4       scala.runtime.Statics::anyHash (26 bytes)
Event: 2.779 Thread 0x00007f5c4c117df0 nmethod 3742 0x00007f5d158cf410 code [0x00007f5d158cf5e0, 0x00007f5d158cfac0]
Event: 2.779 Thread 0x00007f5d2c1794b0 nmethod 3741 0x00007f5d158cfc10 code [0x00007f5d158cfe00, 0x00007f5d158d04f0]
Event: 2.779 Thread 0x00007f5d2c1794b0 3743       3       java.lang.ProcessEnvironment$StringEntrySet$1::next (20 bytes)
Event: 2.779 Thread 0x00007f5c70024200 nmethod 3740 0x00007f5d158d0710 code [0x00007f5d158d0920, 0x00007f5d158d1070]
Event: 2.779 Thread 0x00007f5c70024200 3744       3       java.lang.ProcessEnvironment$StringEntry::<init> (10 bytes)
Event: 2.779 Thread 0x00007f5c4c117df0 3745       3       scala.collection.immutable.Map$MapBuilderImpl::$plus$eq (9 bytes)
Event: 2.779 Thread 0x00007f5c4c1162e0 nmethod 3519 0x00007f5d1cf14a90 code [0x00007f5d1cf14d20, 0x00007f5d1cf18140]
Event: 2.779 Thread 0x00007f5c7005dfe0 nmethod 3739 0x00007f5d158d1290 code [0x00007f5d158d14a0, 0x00007f5d158d1be0]
Event: 2.779 Thread 0x00007f5c7005dfe0 3750       3       java.util.HashMap::putVal (300 bytes)
Event: 2.779 Thread 0x00007f5c70024200 nmethod 3744 0x00007f5d158d1e10 code [0x00007f5d158d1fc0, 0x00007f5d158d2170]
Event: 2.779 Thread 0x00007f5c70024200 3746       3       scala.collection.immutable.Map$MapBuilderImpl::$plus$eq (128 bytes)
Event: 2.779 Thread 0x00007f5c4c117df0 nmethod 3745 0x00007f5d158d2210 code [0x00007f5d158d23c0, 0x00007f5d158d25e0]
Event: 2.779 Thread 0x00007f5d2c1794b0 nmethod 3743 0x00007f5d158d2690 code [0x00007f5d158d2860, 0x00007f5d158d2cc0]
Event: 2.779 Thread 0x00007f5d2c1794b0 3747       3       scala.collection.immutable.HashMap$HashMapBuilder::$plus$eq (30 bytes)
Event: 2.779 Thread 0x00007f5c4c117df0 3748       3       scala.collection.immutable.HashMap$::scala$collection$immutable$HashMap$$computeHashImpl (10 bytes)
Event: 2.779 Thread 0x00007f5c4c117df0 nmethod 3748 0x00007f5d158d2e10 code [0x00007f5d158d3000, 0x00007f5d158d35d0]
Event: 2.780 Thread 0x00007f5d2c1794b0 nmethod 3747 0x00007f5d158d3790 code [0x00007f5d158d39a0, 0x00007f5d158d41a0]
Event: 2.780 Thread 0x00007f5c70024200 nmethod 3746 0x00007f5d158d4410 code [0x00007f5d158d4680, 0x00007f5d158d51d0]
Event: 2.780 Thread 0x00007f5c7005dfe0 nmethod 3750 0x00007f5d158d5510 code [0x00007f5d158d57c0, 0x00007f5d158d6a10]

GC Heap History (6 events):
Event: 0.225 GC heap before
{Heap before GC invocations=0 (full 0):
 garbage-first heap   total 524288K, used 28592K [0x000000060bc00000, 0x0000000800000000)
  region size 4096K, 6 young (24576K), 0 survivors (0K)
 Metaspace       used 7808K, committed 7936K, reserved 1114112K
  class space    used 968K, committed 1024K, reserved 1048576K
}
Event: 0.228 GC heap after
{Heap after GC invocations=1 (full 0):
 garbage-first heap   total 524288K, used 7879K [0x000000060bc00000, 0x0000000800000000)
  region size 4096K, 1 young (4096K), 1 survivors (4096K)
 Metaspace       used 7808K, committed 7936K, reserved 1114112K
  class space    used 968K, committed 1024K, reserved 1048576K
}
Event: 0.400 GC heap before
{Heap before GC invocations=1 (full 0):
 garbage-first heap   total 524288K, used 36551K [0x000000060bc00000, 0x0000000800000000)
  region size 4096K, 8 young (32768K), 1 survivors (4096K)
 Metaspace       used 13255K, committed 13440K, reserved 1114112K
  class space    used 1647K, committed 1728K, reserved 1048576K
}
Event: 0.404 GC heap after
{Heap after GC invocations=2 (full 0):
 garbage-first heap   total 524288K, used 8866K [0x000000060bc00000, 0x0000000800000000)
  region size 4096K, 1 young (4096K), 1 survivors (4096K)
 Metaspace       used 13255K, committed 13440K, reserved 1114112K
  class space    used 1647K, committed 1728K, reserved 1048576K
}
Event: 2.555 GC heap before
{Heap before GC invocations=2 (full 0):
 garbage-first heap   total 524288K, used 41634K [0x000000060bc00000, 0x0000000800000000)
  region size 4096K, 10 young (40960K), 1 survivors (4096K)
 Metaspace       used 21294K, committed 21504K, reserved 1114112K
  class space    used 3004K, committed 3072K, reserved 1048576K
}
Event: 2.559 GC heap after
{Heap after GC invocations=3 (full 0):
 garbage-first heap   total 524288K, used 10371K [0x000000060bc00000, 0x0000000800000000)
  region size 4096K, 1 young (4096K), 1 survivors (4096K)
 Metaspace       used 21294K, committed 21504K, reserved 1114112K
  class space    used 3004K, committed 3072K, reserved 1048576K
}

Dll operation events (8 events):
Event: 0.001 Loaded shared library /usr/lib/jvm/java-17-openjdk/lib/libjava.so
Event: 0.011 Loaded shared library /usr/lib/jvm/java-17-openjdk/lib/libjsvml.so
Event: 0.017 Loaded shared library /usr/lib/jvm/java-17-openjdk/lib/libnio.so
Event: 0.018 Loaded shared library /usr/lib/jvm/java-17-openjdk/lib/libzip.so
Event: 0.052 Loaded shared library /usr/lib/jvm/java-17-openjdk/lib/libjimage.so
Event: 0.278 Loaded shared library /home/mahir/.cache/JNA/temp/jna8962911791018825287.tmp
Event: 0.299 Loaded shared library /usr/lib/jvm/java-17-openjdk/lib/libnet.so
Event: 2.777 Loaded shared library /home/mahir/fun/CPU/nebula-risc-v/simWorkspace/decoderForTest/verilator/verilator_2170529081198919773.so

Deoptimization events (20 events):
Event: 2.763 Thread 0x00007f5d2c015980 Uncommon trap: trap_request=0xffffffc6 fr.pc=0x00007f5d1cebed24 relative=0x00000000000012e4
Event: 2.763 Thread 0x00007f5d2c015980 Uncommon trap: reason=bimorphic_or_optimized_type_check action=maybe_recompile pc=0x00007f5d1cebed24 method=java.util.HashMap.putVal(ILjava/lang/Object;Ljava/lang/Object;ZZ)Ljava/lang/Object; @ 56 c2
Event: 2.764 Thread 0x00007f5d2c015980 DEOPT PACKING pc=0x00007f5d1cebed24 sp=0x00007f5d343cf7e0
Event: 2.764 Thread 0x00007f5d2c015980 DEOPT UNPACKING pc=0x00007f5d1c6b5699 sp=0x00007f5d343cf710 mode 2
Event: 2.767 Thread 0x00007f5d2c015980 Uncommon trap: trap_request=0xffffffc6 fr.pc=0x00007f5d1cebef10 relative=0x00000000000014d0
Event: 2.767 Thread 0x00007f5d2c015980 Uncommon trap: reason=bimorphic_or_optimized_type_check action=maybe_recompile pc=0x00007f5d1cebef10 method=java.util.HashMap.putVal(ILjava/lang/Object;Ljava/lang/Object;ZZ)Ljava/lang/Object; @ 253 c2
Event: 2.767 Thread 0x00007f5d2c015980 DEOPT PACKING pc=0x00007f5d1cebef10 sp=0x00007f5d343cf750
Event: 2.767 Thread 0x00007f5d2c015980 DEOPT UNPACKING pc=0x00007f5d1c6b5699 sp=0x00007f5d343cf6a8 mode 2
Event: 2.769 Thread 0x00007f5d2c015980 Uncommon trap: trap_request=0xffffffc6 fr.pc=0x00007f5d1cebef10 relative=0x00000000000014d0
Event: 2.769 Thread 0x00007f5d2c015980 Uncommon trap: reason=bimorphic_or_optimized_type_check action=maybe_recompile pc=0x00007f5d1cebef10 method=java.util.HashMap.putVal(ILjava/lang/Object;Ljava/lang/Object;ZZ)Ljava/lang/Object; @ 253 c2
Event: 2.769 Thread 0x00007f5d2c015980 DEOPT PACKING pc=0x00007f5d1cebef10 sp=0x00007f5d343cf740
Event: 2.769 Thread 0x00007f5d2c015980 DEOPT UNPACKING pc=0x00007f5d1c6b5699 sp=0x00007f5d343cf698 mode 2
Event: 2.770 Thread 0x00007f5d2c015980 Uncommon trap: trap_request=0xffffffc6 fr.pc=0x00007f5d1cec39f8 relative=0x0000000000001438
Event: 2.770 Thread 0x00007f5d2c015980 Uncommon trap: reason=bimorphic_or_optimized_type_check action=maybe_recompile pc=0x00007f5d1cec39f8 method=java.util.HashMap.putVal(ILjava/lang/Object;Ljava/lang/Object;ZZ)Ljava/lang/Object; @ 253 c2
Event: 2.770 Thread 0x00007f5d2c015980 DEOPT PACKING pc=0x00007f5d1cec39f8 sp=0x00007f5d343cf6b0
Event: 2.770 Thread 0x00007f5d2c015980 DEOPT UNPACKING pc=0x00007f5d1c6b5699 sp=0x00007f5d343cf690 mode 2
Event: 2.776 Thread 0x00007f5d2c015980 Uncommon trap: trap_request=0xffffffde fr.pc=0x00007f5d1cde8a60 relative=0x00000000000011c0
Event: 2.776 Thread 0x00007f5d2c015980 Uncommon trap: reason=class_check action=maybe_recompile pc=0x00007f5d1cde8a60 method=jdk.internal.loader.URLClassPath.getLoader(I)Ljdk/internal/loader/URLClassPath$Loader; @ 88 c2
Event: 2.776 Thread 0x00007f5d2c015980 DEOPT PACKING pc=0x00007f5d1cde8a60 sp=0x00007f5d343cf830
Event: 2.776 Thread 0x00007f5d2c015980 DEOPT UNPACKING pc=0x00007f5d1c6b5699 sp=0x00007f5d343cf820 mode 2

Classes loaded (20 events):
Event: 2.776 Loading class java/util/EnumMap$EnumMapIterator done
Event: 2.776 Loading class java/util/EnumMap$ValueIterator done
Event: 2.776 Loading class java/util/WeakHashMap$KeyIterator
Event: 2.776 Loading class java/util/WeakHashMap$HashIterator
Event: 2.776 Loading class java/util/WeakHashMap$HashIterator done
Event: 2.776 Loading class java/util/WeakHashMap$KeyIterator done
Event: 2.776 Loading class java/net/URLClassLoader$1
Event: 2.776 Loading class java/net/URLClassLoader$1 done
Event: 2.777 Loading class java/io/FilePermission$1
Event: 2.777 Loading class jdk/internal/access/JavaIOFilePermissionAccess
Event: 2.777 Loading class jdk/internal/access/JavaIOFilePermissionAccess done
Event: 2.777 Loading class java/io/FilePermission$1 done
Event: 2.777 Loading class java/io/FilePermissionCollection
Event: 2.777 Loading class java/io/FilePermissionCollection done
Event: 2.777 Loading class java/util/Vector
Event: 2.777 Loading class java/util/Vector done
Event: 2.777 Loading class java/io/FilePermissionCollection$1
Event: 2.777 Loading class java/io/FilePermissionCollection$1 done
Event: 2.777 Loading class jdk/internal/loader/NativeLibraries$Unloader
Event: 2.778 Loading class jdk/internal/loader/NativeLibraries$Unloader done

Classes unloaded (0 events):
No events

Classes redefined (0 events):
No events

Internal exceptions (20 events):
Event: 2.527 Thread 0x00007f5d2c015980 Exception <a 'java/lang/NoSuchMethodError'{0x0000000629640038}: 'java.lang.Object java.lang.invoke.DirectMethodHandle$Holder.invokeVirtual(java.lang.Object, java.lang.Object, java.lang.Object)'> (0x0000000629640038) 
thrown [/usr/src/debug/java17-openjdk/jdk17u-jdk-17.0.12-7/src/hotspot/share/interpreter/linkResolver.cpp, line 758]
Event: 2.528 Thread 0x00007f5d2c015980 Exception <a 'java/lang/NoSuchMethodError'{0x0000000629649e38}: 'int java.lang.invoke.DirectMethodHandle$Holder.invokeInterface(java.lang.Object, java.lang.Object)'> (0x0000000629649e38) 
thrown [/usr/src/debug/java17-openjdk/jdk17u-jdk-17.0.12-7/src/hotspot/share/interpreter/linkResolver.cpp, line 758]
Event: 2.535 Thread 0x00007f5d2c015980 Exception <a 'sun/nio/fs/UnixException'{0x0000000628e373f0}> (0x0000000628e373f0) 
thrown [/usr/src/debug/java17-openjdk/jdk17u-jdk-17.0.12-7/src/hotspot/share/prims/jni.cpp, line 516]
Event: 2.535 Thread 0x00007f5d2c015980 Exception <a 'sun/nio/fs/UnixException'{0x0000000628e37b68}> (0x0000000628e37b68) 
thrown [/usr/src/debug/java17-openjdk/jdk17u-jdk-17.0.12-7/src/hotspot/share/prims/jni.cpp, line 516]
Event: 2.539 Thread 0x00007f5d2c015980 Exception <a 'java/lang/NoSuchMethodError'{0x0000000628ea19c0}: 'int java.lang.invoke.DirectMethodHandle$Holder.invokeVirtual(java.lang.Object, java.lang.Object, java.lang.Object)'> (0x0000000628ea19c0) 
thrown [/usr/src/debug/java17-openjdk/jdk17u-jdk-17.0.12-7/src/hotspot/share/interpreter/linkResolver.cpp, line 758]
Event: 2.539 Thread 0x00007f5d2c015980 Exception <a 'java/lang/NoSuchMethodError'{0x0000000628ea8198}: 'void java.lang.invoke.DirectMethodHandle$Holder.invokeInterface(java.lang.Object, java.lang.Object, java.lang.Object)'> (0x0000000628ea8198) 
thrown [/usr/src/debug/java17-openjdk/jdk17u-jdk-17.0.12-7/src/hotspot/share/interpreter/linkResolver.cpp, line 758]
Event: 2.570 Thread 0x00007f5d2c015980 Exception <a 'java/lang/NoSuchMethodError'{0x000000062b223310}: 'int java.lang.invoke.DirectMethodHandle$Holder.invokeStaticInit(java.lang.Object, java.lang.Object)'> (0x000000062b223310) 
thrown [/usr/src/debug/java17-openjdk/jdk17u-jdk-17.0.12-7/src/hotspot/share/interpreter/linkResolver.cpp, line 758]
Event: 2.635 Thread 0x00007f5d2c015980 Exception <a 'java/lang/NoSuchMethodError'{0x000000060ed19a18}: 'int java.lang.invoke.DirectMethodHandle$Holder.invokeSpecial(java.lang.Object, java.lang.Object, java.lang.Object, java.lang.Object)'> (0x000000060ed19a18) 
thrown [/usr/src/debug/java17-openjdk/jdk17u-jdk-17.0.12-7/src/hotspot/share/interpreter/linkResolver.cpp, line 758]
Event: 2.636 Thread 0x00007f5d2c015980 Exception <a 'java/lang/NoSuchMethodError'{0x000000060ed2a8c0}: 'java.lang.Object java.lang.invoke.DirectMethodHandle$Holder.invokeVirtual(java.lang.Object, java.lang.Object, java.lang.Object, int, int)'> (0x000000060ed2a8c0) 
thrown [/usr/src/debug/java17-openjdk/jdk17u-jdk-17.0.12-7/src/hotspot/share/interpreter/linkResolver.cpp, line 758]
Event: 2.636 Thread 0x00007f5d2c015980 Exception <a 'java/lang/NoSuchMethodError'{0x000000060ed31150}: 'java.lang.Object java.lang.invoke.DirectMethodHandle$Holder.invokeVirtual(java.lang.Object, java.lang.Object, int)'> (0x000000060ed31150) 
thrown [/usr/src/debug/java17-openjdk/jdk17u-jdk-17.0.12-7/src/hotspot/share/interpreter/linkResolver.cpp, line 758]
Event: 2.644 Thread 0x00007f5d2c015980 Exception <a 'java/lang/NoSuchMethodError'{0x000000060ede2f48}: 'void java.lang.invoke.DirectMethodHandle$Holder.invokeSpecial(java.lang.Object, java.lang.Object, java.lang.Object, java.lang.Object, java.lang.Object, java.lang.Object)'> (0x000000060ede2f48) 
thrown [/usr/src/debug/java17-openjdk/jdk17u-jdk-17.0.12-7/src/hotspot/share/interpreter/linkResolver.cpp, line 758]
Event: 2.672 Thread 0x00007f5d2c015980 Implicit null exception at 0x00007f5d1ce91e2c to 0x00007f5d1ce91f62
Event: 2.696 Thread 0x00007f5d2c015980 Exception <a 'sun/nio/fs/UnixException'{0x000000060dcc3a20}> (0x000000060dcc3a20) 
thrown [/usr/src/debug/java17-openjdk/jdk17u-jdk-17.0.12-7/src/hotspot/share/prims/jni.cpp, line 516]
Event: 2.696 Thread 0x00007f5d2c015980 Exception <a 'sun/nio/fs/UnixException'{0x000000060dcc4150}> (0x000000060dcc4150) 
thrown [/usr/src/debug/java17-openjdk/jdk17u-jdk-17.0.12-7/src/hotspot/share/prims/jni.cpp, line 516]
Event: 2.696 Thread 0x00007f5d2c015980 Exception <a 'sun/nio/fs/UnixException'{0x000000060dcc4768}> (0x000000060dcc4768) 
thrown [/usr/src/debug/java17-openjdk/jdk17u-jdk-17.0.12-7/src/hotspot/share/prims/jni.cpp, line 516]
Event: 2.696 Thread 0x00007f5d2c015980 Exception <a 'sun/nio/fs/UnixException'{0x000000060dcc4e98}> (0x000000060dcc4e98) 
thrown [/usr/src/debug/java17-openjdk/jdk17u-jdk-17.0.12-7/src/hotspot/share/prims/jni.cpp, line 516]
Event: 2.697 Thread 0x00007f5d2c015980 Exception <a 'java/lang/NoSuchMethodError'{0x000000060dce9fb8}: 'void java.lang.invoke.DirectMethodHandle$Holder.invokeSpecial(java.lang.Object, java.lang.Object, java.lang.Object, java.lang.Object, java.lang.Object)'> (0x000000060dce9fb8) 
thrown [/usr/src/debug/java17-openjdk/jdk17u-jdk-17.0.12-7/src/hotspot/share/interpreter/linkResolver.cpp, line 758]
Event: 2.718 Thread 0x00007f5d2c015980 Exception <a 'java/lang/NoSuchMethodError'{0x000000060d9e5210}: 'int java.lang.invoke.DirectMethodHandle$Holder.invokeSpecial(java.lang.Object, java.lang.Object, java.lang.Object)'> (0x000000060d9e5210) 
thrown [/usr/src/debug/java17-openjdk/jdk17u-jdk-17.0.12-7/src/hotspot/share/interpreter/linkResolver.cpp, line 758]
Event: 2.722 Thread 0x00007f5d2c015980 Exception <a 'java/lang/NoSuchMethodError'{0x000000060da3eab8}: 'java.lang.Object java.lang.invoke.DirectMethodHandle$Holder.invokeStatic(java.lang.Object, java.lang.Object, int, int)'> (0x000000060da3eab8) 
thrown [/usr/src/debug/java17-openjdk/jdk17u-jdk-17.0.12-7/src/hotspot/share/interpreter/linkResolver.cpp, line 758]
Event: 2.733 Thread 0x00007f5d2c015980 Exception <a 'java/lang/NoSuchMethodError'{0x000000060dadad10}: 'java.lang.Object java.lang.invoke.DirectMethodHandle$Holder.invokeInterface(java.lang.Object, java.lang.Object)'> (0x000000060dadad10) 
thrown [/usr/src/debug/java17-openjdk/jdk17u-jdk-17.0.12-7/src/hotspot/share/interpreter/linkResolver.cpp, line 758]

VM Operations (20 events):
Event: 2.562 Executing VM operation: G1PauseRemark
Event: 2.563 Executing VM operation: G1PauseRemark done
Event: 2.564 Executing VM operation: G1PauseCleanup
Event: 2.564 Executing VM operation: G1PauseCleanup done
Event: 2.601 Executing VM operation: HandshakeAllThreads
Event: 2.601 Executing VM operation: HandshakeAllThreads done
Event: 2.601 Executing VM operation: HandshakeAllThreads
Event: 2.601 Executing VM operation: HandshakeAllThreads done
Event: 2.625 Executing VM operation: HandshakeAllThreads
Event: 2.625 Executing VM operation: HandshakeAllThreads done
Event: 2.625 Executing VM operation: HandshakeAllThreads
Event: 2.625 Executing VM operation: HandshakeAllThreads done
Event: 2.715 Executing VM operation: ICBufferFull
Event: 2.715 Executing VM operation: ICBufferFull done
Event: 2.727 Executing VM operation: HandshakeAllThreads
Event: 2.727 Executing VM operation: HandshakeAllThreads done
Event: 2.761 Executing VM operation: HandshakeAllThreads
Event: 2.761 Executing VM operation: HandshakeAllThreads done
Event: 2.774 Executing VM operation: ICBufferFull
Event: 2.774 Executing VM operation: ICBufferFull done

Events (20 events):
Event: 0.689 Protecting memory [0x00007f5cf3300000,0x00007f5cf3304000] with protection modes 0
Event: 2.500 Thread 0x00007f5d2c6f8220 Thread exited: 0x00007f5d2c6f8220
Event: 2.500 Thread 0x00007f5d2c6f8ca0 Thread exited: 0x00007f5d2c6f8ca0
Event: 2.503 Thread 0x00007f5c7005f170 Thread exited: 0x00007f5c7005f170
Event: 2.545 Thread 0x00007f5c5411cb70 Thread added: 0x00007f5c5411cb70
Event: 2.545 Protecting memory [0x00007f5cfc6f6000,0x00007f5cfc6fa000] with protection modes 0
Event: 2.641 Thread 0x00007f5c701c6870 Thread added: 0x00007f5c701c6870
Event: 2.641 Protecting memory [0x00007f5cf30fe000,0x00007f5cf3102000] with protection modes 0
Event: 2.661 Thread 0x00007f5c4c114b20 Thread added: 0x00007f5c4c114b20
Event: 2.661 Protecting memory [0x00007f5cf2ffd000,0x00007f5cf3001000] with protection modes 0
Event: 2.661 Thread 0x00007f5c4c1156f0 Thread added: 0x00007f5c4c1156f0
Event: 2.661 Protecting memory [0x00007f5cf37f9000,0x00007f5cf37fd000] with protection modes 0
Event: 2.661 Thread 0x00007f5c4c1162e0 Thread added: 0x00007f5c4c1162e0
Event: 2.661 Protecting memory [0x00007f5cf2efc000,0x00007f5cf2f00000] with protection modes 0
Event: 2.666 Thread 0x00007f5c4c117df0 Thread added: 0x00007f5c4c117df0
Event: 2.666 Protecting memory [0x00007f5cf2dfb000,0x00007f5cf2dff000] with protection modes 0
Event: 2.686 Thread 0x00007f5bd00018f0 Thread added: 0x00007f5bd00018f0
Event: 2.686 Protecting memory [0x00007f5cf2cfa000,0x00007f5cf2cfe000] with protection modes 0
Event: 2.689 Thread 0x00007f5c48269570 Thread added: 0x00007f5c48269570
Event: 2.689 Protecting memory [0x00007f5cf2bf9000,0x00007f5cf2bfd000] with protection modes 0


Dynamic libraries:
60bc00000-60f000000 rw-p 00000000 00:00 0 
60f000000-628800000 ---p 00000000 00:00 0 
628800000-628c00000 rw-p 00000000 00:00 0 
628c00000-62b000000 ---p 00000000 00:00 0 
62b000000-62b400000 rw-p 00000000 00:00 0 
62b400000-7ff800000 ---p 00000000 00:00 0 
7ff800000-7ffb00000 rw-p 00000000 00:00 0 
7ffb00000-7ffb75000 rw-p 00c76000 103:02 53110622                        /usr/lib/jvm/java-17-openjdk/lib/server/classes.jsa
7ffb75000-7ffc00000 rw-p 00000000 00:00 0 
7ffc00000-7ffc77000 rw-p 00bff000 103:02 53110622                        /usr/lib/jvm/java-17-openjdk/lib/server/classes.jsa
7ffc77000-800000000 rw-p 00000000 00:00 0 
5c5d3ad43000-5c5d3ad44000 r--p 00000000 103:02 52695525                  /usr/lib/jvm/java-17-openjdk/bin/java
5c5d3ad44000-5c5d3ad45000 r-xp 00001000 103:02 52695525                  /usr/lib/jvm/java-17-openjdk/bin/java
5c5d3ad45000-5c5d3ad46000 r--p 00002000 103:02 52695525                  /usr/lib/jvm/java-17-openjdk/bin/java
5c5d3ad46000-5c5d3ad47000 r--p 00002000 103:02 52695525                  /usr/lib/jvm/java-17-openjdk/bin/java
5c5d3ad47000-5c5d3ad48000 rw-p 00003000 103:02 52695525                  /usr/lib/jvm/java-17-openjdk/bin/java
5c5d5e001000-5c5d5e048000 rw-p 00000000 00:00 0                          [heap]
7f5bb8000000-7f5bb8391000 rw-p 00000000 00:00 0 
7f5bb8391000-7f5bbc000000 ---p 00000000 00:00 0 
7f5bbc000000-7f5bbc6ab000 rw-p 00000000 00:00 0 
7f5bbc6ab000-7f5bc0000000 ---p 00000000 00:00 0 
7f5bc4000000-7f5bc410c000 rw-p 00000000 00:00 0 
7f5bc410c000-7f5bc8000000 ---p 00000000 00:00 0 
7f5bc8000000-7f5bc86ca000 rw-p 00000000 00:00 0 
7f5bc86ca000-7f5bcc000000 ---p 00000000 00:00 0 
7f5bd0000000-7f5bd0755000 rw-p 00000000 00:00 0 
7f5bd0755000-7f5bd4000000 ---p 00000000 00:00 0 
7f5bd4000000-7f5bd467c000 rw-p 00000000 00:00 0 
7f5bd467c000-7f5bd8000000 ---p 00000000 00:00 0 
7f5bdc000000-7f5bdc0d9000 rw-p 00000000 00:00 0 
7f5bdc0d9000-7f5be0000000 ---p 00000000 00:00 0 
7f5be0000000-7f5be0150000 rw-p 00000000 00:00 0 
7f5be0150000-7f5be4000000 ---p 00000000 00:00 0 
7f5be8000000-7f5be812b000 rw-p 00000000 00:00 0 
7f5be812b000-7f5bec000000 ---p 00000000 00:00 0 
7f5bec000000-7f5bec5e8000 rw-p 00000000 00:00 0 
7f5bec5e8000-7f5bf0000000 ---p 00000000 00:00 0 
7f5bf4000000-7f5bf4021000 rw-p 00000000 00:00 0 
7f5bf4021000-7f5bf8000000 ---p 00000000 00:00 0 
7f5bf8000000-7f5bf8021000 rw-p 00000000 00:00 0 
7f5bf8021000-7f5bfc000000 ---p 00000000 00:00 0 
7f5c00000000-7f5c00021000 rw-p 00000000 00:00 0 
7f5c00021000-7f5c04000000 ---p 00000000 00:00 0 
7f5c04000000-7f5c04021000 rw-p 00000000 00:00 0 
7f5c04021000-7f5c08000000 ---p 00000000 00:00 0 
7f5c0c000000-7f5c0c021000 rw-p 00000000 00:00 0 
7f5c0c021000-7f5c10000000 ---p 00000000 00:00 0 
7f5c10000000-7f5c10021000 rw-p 00000000 00:00 0 
7f5c10021000-7f5c14000000 ---p 00000000 00:00 0 
7f5c18000000-7f5c18021000 rw-p 00000000 00:00 0 
7f5c18021000-7f5c1c000000 ---p 00000000 00:00 0 
7f5c1c000000-7f5c1c021000 rw-p 00000000 00:00 0 
7f5c1c021000-7f5c20000000 ---p 00000000 00:00 0 
7f5c24000000-7f5c24021000 rw-p 00000000 00:00 0 
7f5c24021000-7f5c28000000 ---p 00000000 00:00 0 
7f5c28000000-7f5c28021000 rw-p 00000000 00:00 0 
7f5c28021000-7f5c2c000000 ---p 00000000 00:00 0 
7f5c30000000-7f5c30021000 rw-p 00000000 00:00 0 
7f5c30021000-7f5c34000000 ---p 00000000 00:00 0 
7f5c34000000-7f5c34021000 rw-p 00000000 00:00 0 
7f5c34021000-7f5c38000000 ---p 00000000 00:00 0 
7f5c3c000000-7f5c3c021000 rw-p 00000000 00:00 0 
7f5c3c021000-7f5c40000000 ---p 00000000 00:00 0 
7f5c40000000-7f5c401b5000 rw-p 00000000 00:00 0 
7f5c401b5000-7f5c44000000 ---p 00000000 00:00 0 
7f5c48000000-7f5c485cd000 rw-p 00000000 00:00 0 
7f5c485cd000-7f5c4c000000 ---p 00000000 00:00 0 
7f5c4c000000-7f5c4c231000 rw-p 00000000 00:00 0 
7f5c4c231000-7f5c50000000 ---p 00000000 00:00 0 
7f5c54000000-7f5c5426b000 rw-p 00000000 00:00 0 
7f5c5426b000-7f5c58000000 ---p 00000000 00:00 0 
7f5c58000000-7f5c58021000 rw-p 00000000 00:00 0 
7f5c58021000-7f5c5c000000 ---p 00000000 00:00 0 
7f5c60000000-7f5c60021000 rw-p 00000000 00:00 0 
7f5c60021000-7f5c64000000 ---p 00000000 00:00 0 
7f5c64000000-7f5c64021000 rw-p 00000000 00:00 0 
7f5c64021000-7f5c68000000 ---p 00000000 00:00 0 
7f5c6c000000-7f5c6c021000 rw-p 00000000 00:00 0 
7f5c6c021000-7f5c70000000 ---p 00000000 00:00 0 
7f5c70000000-7f5c70343000 rw-p 00000000 00:00 0 
7f5c70343000-7f5c74000000 ---p 00000000 00:00 0 
7f5c78000000-7f5c78d78000 rw-p 00000000 00:00 0 
7f5c78d78000-7f5c7c000000 ---p 00000000 00:00 0 
7f5c7c000000-7f5c7c021000 rw-p 00000000 00:00 0 
7f5c7c021000-7f5c80000000 ---p 00000000 00:00 0 
7f5c84000000-7f5c84021000 rw-p 00000000 00:00 0 
7f5c84021000-7f5c88000000 ---p 00000000 00:00 0 
7f5c88000000-7f5c88021000 rw-p 00000000 00:00 0 
7f5c88021000-7f5c8c000000 ---p 00000000 00:00 0 
7f5c90000000-7f5c90021000 rw-p 00000000 00:00 0 
7f5c90021000-7f5c94000000 ---p 00000000 00:00 0 
7f5c94000000-7f5c94021000 rw-p 00000000 00:00 0 
7f5c94021000-7f5c98000000 ---p 00000000 00:00 0 
7f5c9c000000-7f5c9c021000 rw-p 00000000 00:00 0 
7f5c9c021000-7f5ca0000000 ---p 00000000 00:00 0 
7f5ca3000000-7f5ca33f0000 rw-p 00000000 00:00 0 
7f5ca33f0000-7f5ca46b0000 rw-p 00000000 00:00 0 
7f5ca46b0000-7f5ca4700000 ---p 00000000 00:00 0 
7f5ca4700000-7f5ca4710000 rw-p 00000000 00:00 0 
7f5ca4710000-7f5ca7000000 ---p 00000000 00:00 0 
7f5ca7000000-7f5ca7bc7000 rw-p 00001000 103:02 53110622                  /usr/lib/jvm/java-17-openjdk/lib/server/classes.jsa
7f5ca7bc7000-7f5ca8000000 ---p 00000000 00:00 0 
7f5ca8000000-7f5ca8030000 rw-p 00000000 00:00 0 
7f5ca8030000-7f5ca8070000 rw-p 00000000 00:00 0 
7f5ca8070000-7f5ca83b0000 rw-p 00000000 00:00 0 
7f5ca83b0000-7f5ce8000000 ---p 00000000 00:00 0 
7f5ce8000000-7f5ce8021000 rw-p 00000000 00:00 0 
7f5ce8021000-7f5cec000000 ---p 00000000 00:00 0 
7f5cec000000-7f5cec021000 rw-p 00000000 00:00 0 
7f5cec021000-7f5cf0000000 ---p 00000000 00:00 0 
7f5cf2bf8000-7f5cf2bf9000 ---p 00000000 00:00 0 
7f5cf2bf9000-7f5cf2bfd000 ---p 00000000 00:00 0 
7f5cf2bfd000-7f5cf2cf9000 rw-p 00000000 00:00 0 
7f5cf2cf9000-7f5cf2cfa000 ---p 00000000 00:00 0 
7f5cf2cfa000-7f5cf2cfe000 ---p 00000000 00:00 0 
7f5cf2cfe000-7f5cf2dfa000 rw-p 00000000 00:00 0 
7f5cf2dfa000-7f5cf2dfb000 ---p 00000000 00:00 0 
7f5cf2dfb000-7f5cf2dff000 ---p 00000000 00:00 0 
7f5cf2dff000-7f5cf2efb000 rw-p 00000000 00:00 0 
7f5cf2efb000-7f5cf2efc000 ---p 00000000 00:00 0 
7f5cf2efc000-7f5cf2f00000 ---p 00000000 00:00 0 
7f5cf2f00000-7f5cf2ffc000 rw-p 00000000 00:00 0 
7f5cf2ffc000-7f5cf2ffd000 ---p 00000000 00:00 0 
7f5cf2ffd000-7f5cf3001000 ---p 00000000 00:00 0 
7f5cf3001000-7f5cf30fd000 rw-p 00000000 00:00 0 
7f5cf30fd000-7f5cf30fe000 ---p 00000000 00:00 0 
7f5cf30fe000-7f5cf3102000 ---p 00000000 00:00 0 
7f5cf3102000-7f5cf31fe000 rw-p 00000000 00:00 0 
7f5cf31fe000-7f5cf31ff000 ---p 00000000 00:00 0 
7f5cf31ff000-7f5cf3203000 ---p 00000000 00:00 0 
7f5cf3203000-7f5cf32ff000 rw-p 00000000 00:00 0 
7f5cf32ff000-7f5cf3300000 ---p 00000000 00:00 0 
7f5cf3300000-7f5cf3304000 ---p 00000000 00:00 0 
7f5cf3304000-7f5cf3400000 rw-p 00000000 00:00 0 
7f5cf3400000-7f5cf341e000 r-xp 00000000 103:02 10487145                  /home/mahir/.cache/JNA/temp/jna8962911791018825287.tmp (deleted)
7f5cf341e000-7f5cf361d000 ---p 0001e000 103:02 10487145                  /home/mahir/.cache/JNA/temp/jna8962911791018825287.tmp (deleted)
7f5cf361d000-7f5cf361e000 rw-p 0001d000 103:02 10487145                  /home/mahir/.cache/JNA/temp/jna8962911791018825287.tmp (deleted)
7f5cf361e000-7f5cf361f000 rw-p 00000000 00:00 0 
7f5cf36f7000-7f5cf36f8000 ---p 00000000 00:00 0 
7f5cf36f8000-7f5cf36fc000 ---p 00000000 00:00 0 
7f5cf36fc000-7f5cf37f8000 rw-p 00000000 00:00 0 
7f5cf37f8000-7f5cf37f9000 ---p 00000000 00:00 0 
7f5cf37f9000-7f5cf37fd000 ---p 00000000 00:00 0 
7f5cf37fd000-7f5cf38f9000 rw-p 00000000 00:00 0 
7f5cf38f9000-7f5cf38fa000 ---p 00000000 00:00 0 
7f5cf38fa000-7f5cf38fe000 ---p 00000000 00:00 0 
7f5cf38fe000-7f5cf39fa000 rw-p 00000000 00:00 0 
7f5cf39fa000-7f5cf39fb000 ---p 00000000 00:00 0 
7f5cf39fb000-7f5cf3afb000 rw-p 00000000 00:00 0 
7f5cf3afb000-7f5cf3afc000 ---p 00000000 00:00 0 
7f5cf3afc000-7f5cf3bfc000 rw-p 00000000 00:00 0 
7f5cf3bfc000-7f5cf3bfd000 ---p 00000000 00:00 0 
7f5cf3bfd000-7f5cf3cfd000 rw-p 00000000 00:00 0 
7f5cf3cfd000-7f5cf3cfe000 ---p 00000000 00:00 0 
7f5cf3cfe000-7f5cf3dfe000 rw-p 00000000 00:00 0 
7f5cf3dfe000-7f5cf3dff000 ---p 00000000 00:00 0 
7f5cf3dff000-7f5cf3eff000 rw-p 00000000 00:00 0 
7f5cf3eff000-7f5cf3f00000 ---p 00000000 00:00 0 
7f5cf3f00000-7f5cf4000000 rw-p 00000000 00:00 0 
7f5cf4000000-7f5cf4021000 rw-p 00000000 00:00 0 
7f5cf4021000-7f5cf8000000 ---p 00000000 00:00 0 
7f5cf8000000-7f5cf8021000 rw-p 00000000 00:00 0 
7f5cf8021000-7f5cfc000000 ---p 00000000 00:00 0 
7f5cfc0ef000-7f5cfc0f0000 ---p 00000000 00:00 0 
7f5cfc0f0000-7f5cfc1f0000 rw-p 00000000 00:00 0 
7f5cfc1f0000-7f5cfc1f1000 ---p 00000000 00:00 0 
7f5cfc1f1000-7f5cfc2f1000 rw-p 00000000 00:00 0 
7f5cfc2f1000-7f5cfc2f2000 ---p 00000000 00:00 0 
7f5cfc2f2000-7f5cfc3f2000 rw-p 00000000 00:00 0 
7f5cfc3f2000-7f5cfc3f3000 ---p 00000000 00:00 0 
7f5cfc3f3000-7f5cfc4f3000 rw-p 00000000 00:00 0 
7f5cfc4f3000-7f5cfc4f4000 ---p 00000000 00:00 0 
7f5cfc4f4000-7f5cfc5f4000 rw-p 00000000 00:00 0 
7f5cfc5f4000-7f5cfc5f5000 ---p 00000000 00:00 0 
7f5cfc5f5000-7f5cfc5f9000 ---p 00000000 00:00 0 
7f5cfc5f9000-7f5cfc6f5000 rw-p 00000000 00:00 0 
7f5cfc6f5000-7f5cfc6f6000 ---p 00000000 00:00 0 
7f5cfc6f6000-7f5cfc6fa000 ---p 00000000 00:00 0 
7f5cfc6fa000-7f5cfc7f6000 rw-p 00000000 00:00 0 
7f5cfc7f6000-7f5cfc7f7000 ---p 00000000 00:00 0 
7f5cfc7f7000-7f5cfc7fb000 ---p 00000000 00:00 0 
7f5cfc7fb000-7f5cfc8f7000 rw-p 00000000 00:00 0 
7f5cfc8f7000-7f5cfc8f8000 ---p 00000000 00:00 0 
7f5cfc8f8000-7f5cfc8fc000 ---p 00000000 00:00 0 
7f5cfc8fc000-7f5cfc9f8000 rw-p 00000000 00:00 0 
7f5cfc9f8000-7f5cfc9f9000 ---p 00000000 00:00 0 
7f5cfc9f9000-7f5cfc9fd000 ---p 00000000 00:00 0 
7f5cfc9fd000-7f5cfcaf9000 rw-p 00000000 00:00 0 
7f5cfcaf9000-7f5cfcafa000 ---p 00000000 00:00 0 
7f5cfcafa000-7f5cfcbfa000 rw-p 00000000 00:00 0 
7f5cfcbfa000-7f5cfcbfb000 ---p 00000000 00:00 0 
7f5cfcbfb000-7f5cfcbff000 ---p 00000000 00:00 0 
7f5cfcbff000-7f5cfccfb000 rw-p 00000000 00:00 0 
7f5cfccfb000-7f5cfccfc000 ---p 00000000 00:00 0 
7f5cfccfc000-7f5cfcd00000 ---p 00000000 00:00 0 
7f5cfcd00000-7f5cfcdfc000 rw-p 00000000 00:00 0 
7f5cfcdfc000-7f5cfcdfd000 ---p 00000000 00:00 0 
7f5cfcdfd000-7f5cfce01000 ---p 00000000 00:00 0 
7f5cfce01000-7f5cfcefd000 rw-p 00000000 00:00 0 
7f5cfcefd000-7f5cfcefe000 ---p 00000000 00:00 0 
7f5cfcefe000-7f5cfcf02000 ---p 00000000 00:00 0 
7f5cfcf02000-7f5cfcffe000 rw-p 00000000 00:00 0 
7f5cfcffe000-7f5cfcfff000 ---p 00000000 00:00 0 
7f5cfcfff000-7f5cfd003000 ---p 00000000 00:00 0 
7f5cfd003000-7f5cfd0ff000 rw-p 00000000 00:00 0 
7f5cfd0ff000-7f5cfd100000 ---p 00000000 00:00 0 
7f5cfd100000-7f5cfd104000 ---p 00000000 00:00 0 
7f5cfd104000-7f5cfd200000 rw-p 00000000 00:00 0 
7f5cfd200000-7f5cfd4ec000 r--p 00000000 103:02 51747550                  /usr/lib/locale/locale-archive
7f5cfd4f5000-7f5cfd4f6000 ---p 00000000 00:00 0 
7f5cfd4f6000-7f5cfd4fa000 ---p 00000000 00:00 0 
7f5cfd4fa000-7f5cfd5f6000 rw-p 00000000 00:00 0 
7f5cfd5f6000-7f5cfd5f7000 ---p 00000000 00:00 0 
7f5cfd5f7000-7f5cfd5fb000 ---p 00000000 00:00 0 
7f5cfd5fb000-7f5cfd6f7000 rw-p 00000000 00:00 0 
7f5cfd6f7000-7f5cfd6f8000 ---p 00000000 00:00 0 
7f5cfd6f8000-7f5cfd6fc000 ---p 00000000 00:00 0 
7f5cfd6fc000-7f5cfd7f8000 rw-p 00000000 00:00 0 
7f5cfd7f8000-7f5cfd7f9000 ---p 00000000 00:00 0 
7f5cfd7f9000-7f5cfd8f9000 rw-p 00000000 00:00 0 
7f5cfd8f9000-7f5cfd8fa000 ---p 00000000 00:00 0 
7f5cfd8fa000-7f5cfd9fa000 rw-p 00000000 00:00 0 
7f5cfd9fa000-7f5cfd9fb000 ---p 00000000 00:00 0 
7f5cfd9fb000-7f5cfdafb000 rw-p 00000000 00:00 0 
7f5cfdafb000-7f5d00021000 rw-p 00000000 00:00 0 
7f5d00021000-7f5d04000000 ---p 00000000 00:00 0 
7f5d040fb000-7f5d046d0000 rw-p 00000000 00:00 0 
7f5d046d0000-7f5d04d30000 ---p 00000000 00:00 0 
7f5d04d30000-7f5d04d40000 rw-p 00000000 00:00 0 
7f5d04d40000-7f5d04dd0000 ---p 00000000 00:00 0 
7f5d04dd0000-7f5d04de0000 rw-p 00000000 00:00 0 
7f5d04de0000-7f5d0c2f0000 ---p 00000000 00:00 0 
7f5d0c2f0000-7f5d0c310000 rw-p 00000000 00:00 0 
7f5d0c31a000-7f5d0c346000 r--p 00000000 103:02 11022384                  /home/mahir/fun/CPU/nebula-risc-v/simWorkspace/decoderForTest/verilator/verilator_2170529081198919773.so
7f5d0c346000-7f5d0c394000 r-xp 0002c000 103:02 11022384                  /home/mahir/fun/CPU/nebula-risc-v/simWorkspace/decoderForTest/verilator/verilator_2170529081198919773.so
7f5d0c394000-7f5d0c3b6000 r--p 0007a000 103:02 11022384                  /home/mahir/fun/CPU/nebula-risc-v/simWorkspace/decoderForTest/verilator/verilator_2170529081198919773.so
7f5d0c3b6000-7f5d0c3b7000 r--p 0009c000 103:02 11022384                  /home/mahir/fun/CPU/nebula-risc-v/simWorkspace/decoderForTest/verilator/verilator_2170529081198919773.so
7f5d0c3b7000-7f5d0c3ba000 rw-p 0009d000 103:02 11022384                  /home/mahir/fun/CPU/nebula-risc-v/simWorkspace/decoderForTest/verilator/verilator_2170529081198919773.so
7f5d0c3ba000-7f5d0c3bf000 r--p 00000000 103:02 51658536                  /usr/lib/libudev.so.1.7.9
7f5d0c3bf000-7f5d0c3e6000 r-xp 00005000 103:02 51658536                  /usr/lib/libudev.so.1.7.9
7f5d0c3e6000-7f5d0c3fa000 r--p 0002c000 103:02 51658536                  /usr/lib/libudev.so.1.7.9
7f5d0c3fa000-7f5d0c3ff000 r--p 0003f000 103:02 51658536                  /usr/lib/libudev.so.1.7.9
7f5d0c3ff000-7f5d0c400000 rw-p 00044000 103:02 51658536                  /usr/lib/libudev.so.1.7.9
7f5d0c400000-7f5d0c4d0000 rw-p 00000000 00:00 0 
7f5d0c4d0000-7f5d0cb30000 ---p 00000000 00:00 0 
7f5d0cb30000-7f5d0cb40000 rw-p 00000000 00:00 0 
7f5d0cb40000-7f5d0cbd0000 ---p 00000000 00:00 0 
7f5d0cbd0000-7f5d0cbe0000 rw-p 00000000 00:00 0 
7f5d0cbe0000-7f5d140f0000 ---p 00000000 00:00 0 
7f5d140f0000-7f5d14110000 rw-p 00000000 00:00 0 
7f5d1412f000-7f5d14134000 r--p 00000000 103:02 52695778                  /usr/lib/jvm/java-17-openjdk/lib/libjsvml.so
7f5d14134000-7f5d14175000 r-xp 00005000 103:02 52695778                  /usr/lib/jvm/java-17-openjdk/lib/libjsvml.so
7f5d14175000-7f5d141fe000 r--p 00046000 103:02 52695778                  /usr/lib/jvm/java-17-openjdk/lib/libjsvml.so
7f5d141fe000-7f5d141ff000 r--p 000ce000 103:02 52695778                  /usr/lib/jvm/java-17-openjdk/lib/libjsvml.so
7f5d141ff000-7f5d14200000 rw-p 000cf000 103:02 52695778                  /usr/lib/jvm/java-17-openjdk/lib/libjsvml.so
7f5d14200000-7f5d1421a000 rw-p 00000000 00:00 0 
7f5d1421a000-7f5d142e6000 ---p 00000000 00:00 0 
7f5d142e6000-7f5d142e8000 rw-p 00000000 00:00 0 
7f5d142e8000-7f5d142fa000 ---p 00000000 00:00 0 
7f5d142fa000-7f5d142fc000 rw-p 00000000 00:00 0 
7f5d142fc000-7f5d1519e000 ---p 00000000 00:00 0 
7f5d1519e000-7f5d151a2000 rw-p 00000000 00:00 0 
7f5d15200000-7f5d158e0000 rwxp 00000000 00:00 0 
7f5d158e0000-7f5d1c65f000 ---p 00000000 00:00 0 
7f5d1c65f000-7f5d1c9cf000 rwxp 00000000 00:00 0 
7f5d1c9cf000-7f5d1cda0000 ---p 00000000 00:00 0 
7f5d1cda0000-7f5d1d010000 rwxp 00000000 00:00 0 
7f5d1d010000-7f5d24200000 ---p 00000000 00:00 0 
7f5d24200000-7f5d2be67000 r--s 00000000 103:02 52695794                  /usr/lib/jvm/java-17-openjdk/lib/modules
7f5d2beab000-7f5d2beac000 ---p 00000000 00:00 0 
7f5d2beac000-7f5d2beb0000 ---p 00000000 00:00 0 
7f5d2beb0000-7f5d2bece000 rw-p 00000000 00:00 0 
7f5d2bece000-7f5d2cd0c000 rw-p 00000000 00:00 0 
7f5d2cd0c000-7f5d30000000 ---p 00000000 00:00 0 
7f5d3001b000-7f5d307fe000 rw-p 00000000 00:00 0 
7f5d307fe000-7f5d307ff000 ---p 00000000 00:00 0 
7f5d307ff000-7f5d308ff000 rw-p 00000000 00:00 0 
7f5d308ff000-7f5d30900000 ---p 00000000 00:00 0 
7f5d30900000-7f5d30a00000 rw-p 00000000 00:00 0 
7f5d30a00000-7f5d30a01000 ---p 00000000 00:00 0 
7f5d30a01000-7f5d30b01000 rw-p 00000000 00:00 0 
7f5d30b01000-7f5d30c1a000 rw-p 00000000 00:00 0 
7f5d30c1a000-7f5d30ce6000 ---p 00000000 00:00 0 
7f5d30ce6000-7f5d30ce8000 rw-p 00000000 00:00 0 
7f5d30ce8000-7f5d30cfa000 ---p 00000000 00:00 0 
7f5d30cfa000-7f5d30cfc000 rw-p 00000000 00:00 0 
7f5d30cfc000-7f5d31b9e000 ---p 00000000 00:00 0 
7f5d31b9e000-7f5d31ba2000 rw-p 00000000 00:00 0 
7f5d31bad000-7f5d31baf000 r--p 00000000 103:02 51646544                  /usr/lib/libatomic.so.1.2.0
7f5d31baf000-7f5d31bb3000 r-xp 00002000 103:02 51646544                  /usr/lib/libatomic.so.1.2.0
7f5d31bb3000-7f5d31bb5000 r--p 00006000 103:02 51646544                  /usr/lib/libatomic.so.1.2.0
7f5d31bb5000-7f5d31bb6000 r--p 00007000 103:02 51646544                  /usr/lib/libatomic.so.1.2.0
7f5d31bb6000-7f5d31bb7000 rw-p 00008000 103:02 51646544                  /usr/lib/libatomic.so.1.2.0
7f5d31bb7000-7f5d31bb8000 rw-p 00000000 00:00 0 
7f5d31bb8000-7f5d31bbf000 r--s 00000000 103:02 51747551                  /usr/lib/gconv/gconv-modules.cache
7f5d31bbf000-7f5d31c1a000 rw-p 00000000 00:00 0 
7f5d31c1a000-7f5d31ce6000 ---p 00000000 00:00 0 
7f5d31ce6000-7f5d31ce8000 rw-p 00000000 00:00 0 
7f5d31ce8000-7f5d31cfa000 ---p 00000000 00:00 0 
7f5d31cfa000-7f5d31cfc000 rw-p 00000000 00:00 0 
7f5d31cfc000-7f5d32b9e000 ---p 00000000 00:00 0 
7f5d32b9e000-7f5d32ba2000 rw-p 00000000 00:00 0 
7f5d32ba3000-7f5d32ba6000 r--p 00000000 103:02 51656976                  /usr/lib/libcap.so.2.70
7f5d32ba6000-7f5d32bab000 r-xp 00003000 103:02 51656976                  /usr/lib/libcap.so.2.70
7f5d32bab000-7f5d32bad000 r--p 00008000 103:02 51656976                  /usr/lib/libcap.so.2.70
7f5d32bad000-7f5d32bae000 r--p 00009000 103:02 51656976                  /usr/lib/libcap.so.2.70
7f5d32bae000-7f5d32baf000 rw-p 0000a000 103:02 51656976                  /usr/lib/libcap.so.2.70
7f5d32baf000-7f5d32bb3000 r--p 00000000 103:02 52695784                  /usr/lib/jvm/java-17-openjdk/lib/libnet.so
7f5d32bb3000-7f5d32bc1000 r-xp 00004000 103:02 52695784                  /usr/lib/jvm/java-17-openjdk/lib/libnet.so
7f5d32bc1000-7f5d32bc4000 r--p 00012000 103:02 52695784                  /usr/lib/jvm/java-17-openjdk/lib/libnet.so
7f5d32bc4000-7f5d32bc5000 r--p 00015000 103:02 52695784                  /usr/lib/jvm/java-17-openjdk/lib/libnet.so
7f5d32bc5000-7f5d32bc6000 rw-p 00016000 103:02 52695784                  /usr/lib/jvm/java-17-openjdk/lib/libnet.so
7f5d32bc6000-7f5d32bcd000 r--p 00000000 103:02 52695785                  /usr/lib/jvm/java-17-openjdk/lib/libnio.so
7f5d32bcd000-7f5d32bd6000 r-xp 00007000 103:02 52695785                  /usr/lib/jvm/java-17-openjdk/lib/libnio.so
7f5d32bd6000-7f5d32bdb000 r--p 00010000 103:02 52695785                  /usr/lib/jvm/java-17-openjdk/lib/libnio.so
7f5d32bdb000-7f5d32bdc000 r--p 00014000 103:02 52695785                  /usr/lib/jvm/java-17-openjdk/lib/libnio.so
7f5d32bdc000-7f5d32bdd000 rw-p 00015000 103:02 52695785                  /usr/lib/jvm/java-17-openjdk/lib/libnio.so
7f5d32bdd000-7f5d33e33000 rw-p 00000000 00:00 0 
7f5d33e33000-7f5d33f17000 ---p 00000000 00:00 0 
7f5d33f17000-7f5d33f25000 rw-p 00000000 00:00 0 
7f5d33f25000-7f5d34000000 ---p 00000000 00:00 0 
7f5d34000000-7f5d34097000 r--p 00000000 103:02 51708318                  /usr/lib/libstdc++.so.6.0.33
7f5d34097000-7f5d341e4000 r-xp 00097000 103:02 51708318                  /usr/lib/libstdc++.so.6.0.33
7f5d341e4000-7f5d34274000 r--p 001e4000 103:02 51708318                  /usr/lib/libstdc++.so.6.0.33
7f5d34274000-7f5d34281000 r--p 00274000 103:02 51708318                  /usr/lib/libstdc++.so.6.0.33
7f5d34281000-7f5d34282000 rw-p 00281000 103:02 51708318                  /usr/lib/libstdc++.so.6.0.33
7f5d34282000-7f5d34286000 rw-p 00000000 00:00 0 
7f5d34289000-7f5d3428b000 r--p 00000000 103:02 52695793                  /usr/lib/jvm/java-17-openjdk/lib/libzip.so
7f5d3428b000-7f5d3428f000 r-xp 00002000 103:02 52695793                  /usr/lib/jvm/java-17-openjdk/lib/libzip.so
7f5d3428f000-7f5d34291000 r--p 00006000 103:02 52695793                  /usr/lib/jvm/java-17-openjdk/lib/libzip.so
7f5d34291000-7f5d34292000 r--p 00007000 103:02 52695793                  /usr/lib/jvm/java-17-openjdk/lib/libzip.so
7f5d34292000-7f5d34293000 rw-p 00008000 103:02 52695793                  /usr/lib/jvm/java-17-openjdk/lib/libzip.so
7f5d34293000-7f5d342d2000 rw-p 00000000 00:00 0 
7f5d342d2000-7f5d342d6000 ---p 00000000 00:00 0 
7f5d342d6000-7f5d343d2000 rw-p 00000000 00:00 0 
7f5d343d2000-7f5d343d6000 r--p 00000000 103:02 51646549                  /usr/lib/libgcc_s.so.1
7f5d343d6000-7f5d343fa000 r-xp 00004000 103:02 51646549                  /usr/lib/libgcc_s.so.1
7f5d343fa000-7f5d343fe000 r--p 00028000 103:02 51646549                  /usr/lib/libgcc_s.so.1
7f5d343fe000-7f5d343ff000 r--p 0002b000 103:02 51646549                  /usr/lib/libgcc_s.so.1
7f5d343ff000-7f5d34400000 rw-p 0002c000 103:02 51646549                  /usr/lib/libgcc_s.so.1
7f5d34400000-7f5d3440d000 r--p 00000000 103:02 53110626                  /usr/lib/jvm/java-17-openjdk/lib/server/libjvm.so
7f5d3440d000-7f5d34ff4000 r-xp 0000d000 103:02 53110626                  /usr/lib/jvm/java-17-openjdk/lib/server/libjvm.so
7f5d34ff4000-7f5d351a4000 r--p 00bf4000 103:02 53110626                  /usr/lib/jvm/java-17-openjdk/lib/server/libjvm.so
7f5d351a4000-7f5d35259000 r--p 00da4000 103:02 53110626                  /usr/lib/jvm/java-17-openjdk/lib/server/libjvm.so
7f5d35259000-7f5d35289000 rw-p 00e59000 103:02 53110626                  /usr/lib/jvm/java-17-openjdk/lib/server/libjvm.so
7f5d35289000-7f5d352e2000 rw-p 00000000 00:00 0 
7f5d352e2000-7f5d352f0000 r--p 00000000 103:02 51645846                  /usr/lib/libm.so.6
7f5d352f0000-7f5d35373000 r-xp 0000e000 103:02 51645846                  /usr/lib/libm.so.6
7f5d35373000-7f5d353cf000 r--p 00091000 103:02 51645846                  /usr/lib/libm.so.6
7f5d353cf000-7f5d353d0000 r--p 000ec000 103:02 51645846                  /usr/lib/libm.so.6
7f5d353d0000-7f5d353d1000 rw-p 000ed000 103:02 51645846                  /usr/lib/libm.so.6
7f5d353d1000-7f5d353d4000 rw-p 00000000 00:00 0 
7f5d353d4000-7f5d353d7000 r--p 00000000 103:02 51656591                  /usr/lib/libz.so.1.3.1
7f5d353d7000-7f5d353e5000 r-xp 00003000 103:02 51656591                  /usr/lib/libz.so.1.3.1
7f5d353e5000-7f5d353eb000 r--p 00011000 103:02 51656591                  /usr/lib/libz.so.1.3.1
7f5d353eb000-7f5d353ec000 r--p 00017000 103:02 51656591                  /usr/lib/libz.so.1.3.1
7f5d353ec000-7f5d353ed000 rw-p 00018000 103:02 51656591                  /usr/lib/libz.so.1.3.1
7f5d353ed000-7f5d35411000 r--p 00000000 103:02 51645820                  /usr/lib/libc.so.6
7f5d35411000-7f5d35582000 r-xp 00024000 103:02 51645820                  /usr/lib/libc.so.6
7f5d35582000-7f5d355d0000 r--p 00195000 103:02 51645820                  /usr/lib/libc.so.6
7f5d355d0000-7f5d355d4000 r--p 001e3000 103:02 51645820                  /usr/lib/libc.so.6
7f5d355d4000-7f5d355d6000 rw-p 001e7000 103:02 51645820                  /usr/lib/libc.so.6
7f5d355d6000-7f5d355de000 rw-p 00000000 00:00 0 
7f5d355e3000-7f5d355ea000 rw-p 00000000 00:00 0 
7f5d355ea000-7f5d355f2000 ---p 00000000 00:00 0 
7f5d355f2000-7f5d355fc000 r--p 00000000 103:02 52695770                  /usr/lib/jvm/java-17-openjdk/lib/libjava.so
7f5d355fc000-7f5d3560d000 r-xp 0000a000 103:02 52695770                  /usr/lib/jvm/java-17-openjdk/lib/libjava.so
7f5d3560d000-7f5d35612000 r--p 0001b000 103:02 52695770                  /usr/lib/jvm/java-17-openjdk/lib/libjava.so
7f5d35612000-7f5d35613000 r--p 00020000 103:02 52695770                  /usr/lib/jvm/java-17-openjdk/lib/libjava.so
7f5d35613000-7f5d35614000 rw-p 00021000 103:02 52695770                  /usr/lib/jvm/java-17-openjdk/lib/libjava.so
7f5d35614000-7f5d35615000 rw-p 00000000 00:00 0 
7f5d35615000-7f5d3561d000 rw-s 00000000 00:2a 9064                       /tmp/hsperfdata_mahir/125330
7f5d3561d000-7f5d3561e000 ---p 00000000 00:00 0 
7f5d3561e000-7f5d3561f000 r--p 00000000 00:00 0 
7f5d3561f000-7f5d35620000 ---p 00000000 00:00 0 
7f5d35620000-7f5d35621000 r--p 00000000 103:02 52695774                  /usr/lib/jvm/java-17-openjdk/lib/libjimage.so
7f5d35621000-7f5d35623000 r-xp 00001000 103:02 52695774                  /usr/lib/jvm/java-17-openjdk/lib/libjimage.so
7f5d35623000-7f5d35624000 r--p 00003000 103:02 52695774                  /usr/lib/jvm/java-17-openjdk/lib/libjimage.so
7f5d35624000-7f5d35625000 r--p 00003000 103:02 52695774                  /usr/lib/jvm/java-17-openjdk/lib/libjimage.so
7f5d35625000-7f5d35626000 rw-p 00004000 103:02 52695774                  /usr/lib/jvm/java-17-openjdk/lib/libjimage.so
7f5d35626000-7f5d35628000 r--p 00000000 103:02 52695775                  /usr/lib/jvm/java-17-openjdk/lib/libjli.so
7f5d35628000-7f5d35631000 r-xp 00002000 103:02 52695775                  /usr/lib/jvm/java-17-openjdk/lib/libjli.so
7f5d35631000-7f5d35634000 r--p 0000b000 103:02 52695775                  /usr/lib/jvm/java-17-openjdk/lib/libjli.so
7f5d35634000-7f5d35635000 r--p 0000d000 103:02 52695775                  /usr/lib/jvm/java-17-openjdk/lib/libjli.so
7f5d35635000-7f5d35636000 rw-p 0000e000 103:02 52695775                  /usr/lib/jvm/java-17-openjdk/lib/libjli.so
7f5d35636000-7f5d35638000 rw-p 00000000 00:00 0 
7f5d35638000-7f5d3563c000 r--p 00000000 00:00 0                          [vvar]
7f5d3563c000-7f5d3563e000 r-xp 00000000 00:00 0                          [vdso]
7f5d3563e000-7f5d3563f000 r--p 00000000 103:02 51645765                  /usr/lib/ld-linux-x86-64.so.2
7f5d3563f000-7f5d35668000 r-xp 00001000 103:02 51645765                  /usr/lib/ld-linux-x86-64.so.2
7f5d35668000-7f5d35672000 r--p 0002a000 103:02 51645765                  /usr/lib/ld-linux-x86-64.so.2
7f5d35672000-7f5d35674000 r--p 00034000 103:02 51645765                  /usr/lib/ld-linux-x86-64.so.2
7f5d35674000-7f5d35676000 rw-p 00036000 103:02 51645765                  /usr/lib/ld-linux-x86-64.so.2
7fff3c607000-7fff3c629000 rw-p 00000000 00:00 0                          [stack]
ffffffffff600000-ffffffffff601000 --xp 00000000 00:00 0                  [vsyscall]


VM Arguments:
jvm_args: -Duser.dir=/home/mahir/fun/CPU/nebula-risc-v 
java_command: nebula.test.decoder_test
java_class_path (initial): /home/mahir/fun/CPU/nebula-risc-v/.metals/.tmp/classpath_4AB924DFF0C520746D84CD7187FF6B91.jar
Launcher Type: SUN_STANDARD

[Global flags]
     intx CICompilerCount                          = 12                                        {product} {ergonomic}
     uint ConcGCThreads                            = 5                                         {product} {ergonomic}
     uint G1ConcRefinementThreads                  = 18                                        {product} {ergonomic}
   size_t G1HeapRegionSize                         = 4194304                                   {product} {ergonomic}
    uintx GCDrainStackTargetSize                   = 64                                        {product} {ergonomic}
   size_t InitialHeapSize                          = 528482304                                 {product} {ergonomic}
   size_t MarkStackSize                            = 4194304                                   {product} {ergonomic}
   size_t MaxHeapSize                              = 8392802304                                {product} {ergonomic}
   size_t MaxNewSize                               = 5033164800                                {product} {ergonomic}
   size_t MinHeapDeltaBytes                        = 4194304                                   {product} {ergonomic}
   size_t MinHeapSize                              = 8388608                                   {product} {ergonomic}
    uintx NonNMethodCodeHeapSize                   = 7602480                                {pd product} {ergonomic}
    uintx NonProfiledCodeHeapSize                  = 122027880                              {pd product} {ergonomic}
    uintx ProfiledCodeHeapSize                     = 122027880                              {pd product} {ergonomic}
    uintx ReservedCodeCacheSize                    = 251658240                              {pd product} {ergonomic}
     bool SegmentedCodeCache                       = true                                      {product} {ergonomic}
   size_t SoftMaxHeapSize                          = 8392802304                             {manageable} {ergonomic}
     bool UseCompressedClassPointers               = true                           {product lp64_product} {ergonomic}
     bool UseCompressedOops                        = true                           {product lp64_product} {ergonomic}
     bool UseG1GC                                  = true                                      {product} {ergonomic}

Logging:
Log output configuration:
 #0: stdout all=warning uptime,level,tags
 #1: stderr all=off uptime,level,tags

Environment Variables:
PATH=/home/mahir/.local/share/gem/ruby/3.0.0/bin:/usr/local/sbin:/usr/local/bin:/usr/bin:/var/lib/flatpak/exports/bin:/usr/lib/jvm/default/bin:/usr/bin/site_perl:/usr/bin/vendor_perl:/usr/bin/core_perl:/opt/rocm/bin:/home/mahir/.local/bin:/home/mahir/.local/share/coursier/bin:~/.cargo/bin:/home/mahir/.local/bin:/home/mahir/.local/share/coursier/bin
SHELL=/bin/zsh
DISPLAY=:1
LANG=en_GB.UTF-8
LC_NUMERIC=en_GB.UTF-8
LC_TIME=en_GB.UTF-8
TERM=xterm-256color

Active Locale:
LC_ALL=en_GB.UTF-8
LC_COLLATE=en_GB.UTF-8
LC_CTYPE=en_GB.UTF-8
LC_MESSAGES=en_GB.UTF-8
LC_MONETARY=en_GB.UTF-8
LC_NUMERIC=en_GB.UTF-8
LC_TIME=en_GB.UTF-8

Signal Handlers:
   SIGSEGV: 0x00007f5d34e30aa0 in libjvm.so+10685088, mask=11100100010111111101111111111110, flags=SA_RESTART|SA_SIGINFO, unblocked
    SIGBUS: 0x00007f5d34e30aa0 in libjvm.so+10685088, mask=11100100010111111101111111111110, flags=SA_RESTART|SA_SIGINFO, unblocked
    SIGFPE: 0x00007f5d34e30aa0 in libjvm.so+10685088, mask=11100100010111111101111111111110, flags=SA_RESTART|SA_SIGINFO, unblocked
   SIGPIPE: 0x00007f5d34d4c400 in libjvm.so+9749504, mask=11100100010111111101111111111110, flags=SA_RESTART|SA_SIGINFO, blocked
   SIGXFSZ: 0x00007f5d34d4c400 in libjvm.so+9749504, mask=11100100010111111101111111111110, flags=SA_RESTART|SA_SIGINFO, blocked
    SIGILL: 0x00007f5d34e30aa0 in libjvm.so+10685088, mask=11100100010111111101111111111110, flags=SA_RESTART|SA_SIGINFO, unblocked
   SIGUSR2: 0x00007f5d34d4b440 in libjvm.so+9745472, mask=00000000000000000000000000000000, flags=SA_RESTART|SA_SIGINFO, blocked
    SIGHUP: 0x00007f5d34d4b3c0 in libjvm.so+9745344, mask=11100100010111111101111111111110, flags=SA_RESTART|SA_SIGINFO, blocked
    SIGINT: 0x00007f5d34d4b3c0 in libjvm.so+9745344, mask=11100100010111111101111111111110, flags=SA_RESTART|SA_SIGINFO, blocked
   SIGTERM: 0x00007f5d34d4b3c0 in libjvm.so+9745344, mask=11100100010111111101111111111110, flags=SA_RESTART|SA_SIGINFO, blocked
   SIGQUIT: 0x00007f5d34d4b3c0 in libjvm.so+9745344, mask=11100100010111111101111111111110, flags=SA_RESTART|SA_SIGINFO, blocked
   SIGTRAP: 0x00007f5d34e30aa0 in libjvm.so+10685088, mask=11100100010111111101111111111110, flags=SA_RESTART|SA_SIGINFO, unblocked


Periodic native trim disabled


---------------  S Y S T E M  ---------------

OS:
DISTRIB_ID="EndeavourOS"
DISTRIB_RELEASE="rolling"
DISTRIB_DESCRIPTION="EndeavourOS Linux"
DISTRIB_CODENAME="rolling"
uname: Linux 6.11.2-arch1-1 #1 SMP PREEMPT_DYNAMIC Fri, 04 Oct 2024 21:51:11 +0000 x86_64
OS uptime: 0 days 10:15 hours
libc: glibc 2.40 NPTL 2.40 
rlimit (soft/hard): STACK 8192k/infinity , CORE infinity/infinity , NPROC 127621/127621 , NOFILE 524288/524288 , AS infinity/infinity , CPU infinity/infinity , DATA infinity/infinity , FSIZE infinity/infinity , MEMLOCK 8192k/8192k
load average: 1.47 0.78 1.00

/proc/meminfo:
MemTotal:       32782592 kB
MemFree:         9491548 kB
MemAvailable:   17953548 kB
Buffers:          871628 kB
Cached:          7793128 kB
SwapCached:            0 kB
Active:         15364076 kB
Inactive:        5869592 kB
Active(anon):   12907568 kB
Inactive(anon):        0 kB
Active(file):    2456508 kB
Inactive(file):  5869592 kB
Unevictable:         168 kB
Mlocked:             168 kB
SwapTotal:             0 kB
SwapFree:              0 kB
Zswap:                 0 kB
Zswapped:              0 kB
Dirty:            150532 kB
Writeback:             0 kB
AnonPages:      12447068 kB
Mapped:          1522204 kB
Shmem:            338652 kB
KReclaimable:     601444 kB
Slab:             855528 kB
SReclaimable:     601444 kB
SUnreclaim:       254084 kB
KernelStack:       42624 kB
PageTables:       112824 kB
SecPageTables:      5324 kB
NFS_Unstable:          0 kB
Bounce:                0 kB
WritebackTmp:          0 kB
CommitLimit:    16391296 kB
Committed_AS:   54855488 kB
VmallocTotal:   34359738367 kB
VmallocUsed:      128220 kB
VmallocChunk:          0 kB
Percpu:            33888 kB
HardwareCorrupted:     0 kB
AnonHugePages:   3833856 kB
ShmemHugePages:        0 kB
ShmemPmdMapped:        0 kB
FileHugePages:    434176 kB
FilePmdMapped:    208896 kB
CmaTotal:              0 kB
CmaFree:               0 kB
Unaccepted:            0 kB
HugePages_Total:       0
HugePages_Free:        0
HugePages_Rsvd:        0
HugePages_Surp:        0
Hugepagesize:       2048 kB
Hugetlb:               0 kB
DirectMap4k:      678168 kB
DirectMap2M:    18116608 kB
DirectMap1G:    14680064 kB

/sys/kernel/mm/transparent_hugepage/enabled: [always] madvise never
/sys/kernel/mm/transparent_hugepage/hpage_pmd_size: 2097152
/sys/kernel/mm/transparent_hugepage/defrag (defrag/compaction efforts parameter): always defer defer+madvise [madvise] never

Process Memory:
Virtual Size: 13102236K (peak: 13102524K)
Resident Set Size: 209076K (peak: 209076K) (anon: 179032K, file: 30044K, shmem: 0K)
Swapped out: 0K
C-Heap outstanding allocations: 95589K, retained: 31306K
glibc malloc tunables: (default)

/proc/sys/kernel/threads-max (system-wide limit on the number of threads): 255243
/proc/sys/vm/max_map_count (maximum number of memory map areas a process may have): 1048576
/proc/sys/vm/swappiness (control to define how aggressively the kernel swaps out anonymous memory): 60
/proc/sys/kernel/pid_max (system-wide limit on number of process identifiers): 4194304

container (cgroup) information:
container_type: cgroupv2
cpu_cpuset_cpus: not supported
cpu_memory_nodes: not supported
active_processor_count: 24
cpu_quota: no quota
cpu_period: 100000
cpu_shares: no shares
memory_limit_in_bytes: unlimited
memory_and_swap_limit_in_bytes: unlimited
memory_soft_limit_in_bytes: unlimited
memory_usage_in_bytes: 2065440 k
memory_max_usage_in_bytes: not supported
memory_swap_current_in_bytes: unlimited
memory_swap_max_limit_in_bytes: unlimited
maximum number of tasks: 38286
current number of tasks: 389

Steal ticks since vm start: 0
Steal ticks percentage since vm start:  0.000

CPU: total 24 (initial active 24) (24 cores per cpu, 2 threads per core) family 25 model 33 stepping 2 microcode 0xa20120a, cx8, cmov, fxsr, ht, mmx, 3dnowpref, sse, sse2, sse3, ssse3, sse4a, sse4.1, sse4.2, popcnt, lzcnt, tsc, tscinvbit, avx, avx2, aes, erms, clmul, bmi1, bmi2, adx, sha, fma, vzeroupper, clflush, clflushopt
CPU Model and flags from /proc/cpuinfo:
model name	: AMD Ryzen 9 5900X 12-Core Processor
flags		: fpu vme de pse tsc msr pae mce cx8 apic sep mtrr pge mca cmov pat pse36 clflush mmx fxsr sse sse2 ht syscall nx mmxext fxsr_opt pdpe1gb rdtscp lm constant_tsc rep_good nopl xtopology nonstop_tsc cpuid extd_apicid aperfmperf rapl pni pclmulqdq monitor ssse3 fma cx16 sse4_1 sse4_2 x2apic movbe popcnt aes xsave avx f16c rdrand lahf_lm cmp_legacy svm extapic cr8_legacy abm sse4a misalignsse 3dnowprefetch osvw ibs skinit wdt tce topoext perfctr_core perfctr_nb bpext perfctr_llc mwaitx cpb cat_l3 cdp_l3 hw_pstate ssbd mba ibrs ibpb stibp vmmcall fsgsbase bmi1 avx2 smep bmi2 erms invpcid cqm rdt_a rdseed adx smap clflushopt clwb sha_ni xsaveopt xsavec xgetbv1 xsaves cqm_llc cqm_occup_llc cqm_mbm_total cqm_mbm_local user_shstk clzero irperf xsaveerptr rdpru wbnoinvd arat npt lbrv svm_lock nrip_save tsc_scale vmcb_clean flushbyasid decodeassists pausefilter pfthreshold avic v_vmsave_vmload vgif v_spec_ctrl umip pku ospke vaes vpclmulqdq rdpid overflow_recov succor smca fsrm debug_swap

Online cpus: 0-23
Offline cpus: 
BIOS frequency limitation: <Not Available>
Frequency switch latency (ns): 0
Available cpu frequencies: <Not Available>
Current governor: powersave
Core performance/turbo boost: 1

Memory: 4k page, physical 32782592k(9491548k free), swap 0k(0k free)
Page Sizes: 4k

vm_info: OpenJDK 64-Bit Server VM (17.0.12+7) for linux-amd64 JRE (17.0.12+7), built on Jul 17 2024 13:35:02 by "builduser" with gcc 14.1.1 20240522

END.
