#
# A fatal error has been detected by the Java Runtime Environment:
#
#  SIGSEGV (0xb) at pc=0x00007c8a8f39189d, pid=64802, tid=64804
#
# JRE version: OpenJDK Runtime Environment (17.0.12+7) (build 17.0.12+7)
# Java VM: OpenJDK 64-Bit Server VM (17.0.12+7, mixed mode, sharing, tiered, compressed oops, compressed class ptrs, g1 gc, linux-amd64)
# Problematic frame:
# C  [verilator_642291766835216141.so+0x3089d]  sc_time_stamp()+0x14
#
# Core dump will be written. Default location: Core dumps may be processed with "/usr/lib/systemd/systemd-coredump %P %u %g %s %t %c %h" (or dumping to /home/mahir/fun/CPU/nebula-risc-v/core.64802)
#
# If you would like to submit a bug report, please visit:
#   https://bugreport.java.com/bugreport/crash.jsp
# The crash happened outside the Java Virtual Machine in native code.
# See problematic frame for where to report the bug.
#

---------------  S U M M A R Y ------------

Command Line: -Duser.dir=/home/mahir/fun/CPU/nebula-risc-v nebula.test.decoder_test

Host: AMD Ryzen 9 5900X 12-Core Processor, 24 cores, 31G, EndeavourOS Linux
Time: Thu Oct  3 18:47:26 2024 BST elapsed time: 2.892318 seconds (0d 0h 0m 2s)

---------------  T H R E A D  ---------------

Current thread (0x00007c8ab00159e0):  JavaThread "main" [_thread_in_native, id=64804, stack(0x00007c8ab7500000,0x00007c8ab7600000)]

Stack: [0x00007c8ab7500000,0x00007c8ab7600000],  sp=0x00007c8ab75fdd30,  free space=1015k
Native frames: (J=compiled Java code, j=interpreted, Vv=VM code, C=native code)
C  [verilator_642291766835216141.so+0x3089d]  sc_time_stamp()+0x14
C  [verilator_642291766835216141.so+0x47137]  VerilatedContext::time() const+0x31
C  [verilator_642291766835216141.so+0x40162]  VerilatedContext::addModel(VerilatedModel*)+0xa0
C  [verilator_642291766835216141.so+0x769af]  VdecoderForTest::VdecoderForTest(VerilatedContext*, char const*)+0xf1
C  [verilator_642291766835216141.so+0x76a9b]  VdecoderForTest::VdecoderForTest(char const*)+0x2b

Java frames: (J=compiled Java code, j=interpreted, Vv=VM code)
j  wrapper_verilator.VerilatorNative.newHandle_642291766835216141(Ljava/lang/String;Ljava/lang/String;I)J+0
j  wrapper_verilator.VerilatorNative.newHandle(Ljava/lang/String;Ljava/lang/String;I)J+4
j  spinal.sim.VerilatorBackend.instanciate(Ljava/lang/String;I)J+135
j  spinal.core.sim.SpinalSimConfig$$anon$3.newSimRaw(Ljava/lang/String;I)Lspinal/sim/SimRaw;+14
j  spinal.core.sim.SimCompiled.doSimApi(Ljava/lang/String;IZLscala/Function1;)V+47
j  spinal.core.sim.SimCompiled.doSim(Lscala/Function1;)V+23
j  nebula.test.decoder_test$.delayedEndpoint$nebula$test$decoder_test$1()V+22
j  nebula.test.decoder_test$delayedInit$body.apply()Ljava/lang/Object;+4
j  scala.Function0.apply$mcV$sp()V+1
j  scala.Function0.apply$mcV$sp$(Lscala/Function0;)V+1
j  scala.runtime.AbstractFunction0.apply$mcV$sp()V+1
j  scala.App.$anonfun$main$1$adapted(Lscala/Function0;)Ljava/lang/Object;+1
j  scala.App$$Lambda$5+0x00007c8a28037298.apply(Ljava/lang/Object;)Ljava/lang/Object;+4
j  scala.collection.immutable.List.foreach(Lscala/Function1;)V+14
j  scala.App.main([Ljava/lang/String;)V+33
j  scala.App.main$(Lscala/App;[Ljava/lang/String;)V+2
j  nebula.test.decoder_test$.main([Ljava/lang/String;)V+2
j  nebula.test.decoder_test.main([Ljava/lang/String;)V+4
v  ~StubRoutines::call_stub

siginfo: si_signo: 11 (SIGSEGV), si_code: 1 (SEGV_MAPERR), si_addr: 0x0000000000000008

Registers:
RAX=0x0000000000000000, RBX=0x00007c8ab08dd500, RCX=0x0000000001501154, RDX=0x0000578fa57c0f90
RSP=0x00007c8ab75fdd30, RBP=0x00007c8ab75fdd40, RSI=0x0000000000000000, RDI=0x00007c8a8f3fcf10
R8 =0x000efdcfe0f3d20d, R9 =0x0000000000000001, R10=0x0000000000000000, R11=0x00007c8ab8c00080
R12=0x00007c8ab08dd480, R13=0x0000000000000001, R14=0x00007c8ab08dcda8, R15=0x00007c8ab08db970
RIP=0x00007c8a8f39189d, EFLAGS=0x0000000000010206, CSGSFS=0x002b000000000033, ERR=0x0000000000000004
  TRAPNO=0x000000000000000e


Register to memory mapping:

RAX=0x0 is NULL
RBX=0x00007c8ab08dd500 points into unknown readable memory: 0x00007c8a8f3ff440 | 40 f4 3f 8f 8a 7c 00 00
RCX=0x0000000001501154 is an unknown value
RDX=0x0000578fa57c0f90 points into unknown readable memory: 0x0000000000000004 | 04 00 00 00 00 00 00 00
RSP=0x00007c8ab75fdd30 is pointing into the stack for thread: 0x00007c8ab00159e0
RBP=0x00007c8ab75fdd40 is pointing into the stack for thread: 0x00007c8ab00159e0
RSI=0x0 is NULL
RDI=0x00007c8a8f3fcf10: <offset 0x000000000009bf10> in /home/mahir/fun/CPU/nebula-risc-v/simWorkspace/decoderForTest/verilator/verilator_642291766835216141.so at 0x00007c8a8f361000
R8 =0x000efdcfe0f3d20d is an unknown value
R9 =0x0000000000000001 is an unknown value
R10=0x0 is NULL
R11=0x00007c8ab8c00080 points into unknown readable memory: 0x0000000101501154 | 54 11 50 01 01 00 00 00
R12=0x00007c8ab08dd480 points into unknown readable memory: 0x00007c8a8f3fc7b8 | b8 c7 3f 8f 8a 7c 00 00
R13=0x0000000000000001 is an unknown value
R14=0x00007c8ab08dcda8 points into unknown readable memory: 0x00007c8a8f3fc6a0 | a0 c6 3f 8f 8a 7c 00 00
R15=0x00007c8ab08db970 points into unknown readable memory: 0x0000000074736574 | 74 65 73 74 00 00 00 00


Top of Stack: (sp=0x00007c8ab75fdd30)
0x00007c8ab75fdd30:   0000000000000001 00007c8a8f3a80cd
0x00007c8ab75fdd40:   00007c8ab75fdd60 00007c8a8f3a8137
0x00007c8ab75fdd50:   00007c8a8f3ff440 00007c8a8f3ff440
0x00007c8ab75fdd60:   00007c8ab75fdf40 00007c8a8f3a1162
0x00007c8ab75fdd70:   00007c8ab08dd480 00007c8a8f3ff440
0x00007c8ab75fdd80:   0000000000000000 00007c8a8f3ff440
0x00007c8ab75fdd90:   9999999999999999 0000000000000000
0x00007c8ab75fdda0:   2020202020202020 00007c8a8f3ff440
0x00007c8ab75fddb0:   00007c8ab75fdde0 00007c8a8f3a2f6f
0x00007c8ab75fddc0:   0000000000000000 748220ad8f3ff440
0x00007c8ab75fddd0:   00007c8ab75fdde0 00007c8a8f3a8ebf
0x00007c8ab75fdde0:   00007c8ab75fde00 00007c8a8f39440e
0x00007c8ab75fddf0:   0000000000000001 00007c8ab08dd500
0x00007c8ab75fde00:   00007c8ab08dd480 0000000000000001
0x00007c8ab75fde10:   00007c8ab08dcda8 00007c8ab08db970
0x00007c8ab75fde20:   00007c8ab75fde40 00007c8a8f3a7bc4
0x00007c8ab75fde30:   00007c8ab75fde40 00007c8a8f3ff440
0x00007c8ab75fde40:   00007c8ab75fde60 00007c8a8f3a7ca0
0x00007c8ab75fde50:   00007c8ab75fde70 00007c8a8f3a7bf3
0x00007c8ab75fde60:   00007c8ab75fde80 00007c8a8f3ff440
0x00007c8ab75fde70:   00007c8ab75fde90 00007c8a8f3a7cc0
0x00007c8ab75fde80:   00007c8ab75fdeb0 00007c8a8f3ff440
0x00007c8ab75fde90:   00007c8ab75fdeb0 00007c8a8f3a7d46
0x00007c8ab75fdea0:   00007c8ab08dd500 00007c8a8f3ff440
0x00007c8ab75fdeb0:   00007c8ab75fded0 00007c8a8f3a7da9
0x00007c8ab75fdec0:   00007c8a8f3ff440 00007c8ab75fdef0
0x00007c8ab75fded0:   00007c8ab75fdf00 00007c8a8f3d919c
0x00007c8ab75fdee0:   0000000c00800000 00007c8a8f3ff440
0x00007c8ab75fdef0:   00007c018f3ff440 00007c8ab08dd5c0
0x00007c8ab75fdf00:   00007c8ab75fdf40 00007c8a8f3d90c9
0x00007c8ab75fdf10:   00007c8ab08dd480 00007c8a8f3da000
0x00007c8ab75fdf20:   00007c8a8f3ff440 40c899bc3d937900 

Instructions: (pc=0x00007c8a8f39189d)
0x00007c8a8f39179d:   b8 ff ff ff 25 12 dc 06 00 68 77 04 00 00 e9 70
0x00007c8a8f3917ad:   b8 ff ff ff 25 9a b7 06 00 66 90 ff 25 02 b8 06
0x00007c8a8f3917bd:   00 66 90 48 8d 3d 51 dc 06 00 48 8d 05 4a dc 06
0x00007c8a8f3917cd:   00 48 39 f8 74 15 48 8b 05 d6 b7 06 00 48 85 c0
0x00007c8a8f3917dd:   74 09 ff e0 0f 1f 80 00 00 00 00 c3 0f 1f 80 00
0x00007c8a8f3917ed:   00 00 00 48 8d 3d 21 dc 06 00 48 8d 35 1a dc 06
0x00007c8a8f3917fd:   00 48 29 fe 48 89 f0 48 c1 ee 3f 48 c1 f8 03 48
0x00007c8a8f39180d:   01 c6 48 d1 fe 74 14 48 8b 05 c5 b7 06 00 48 85
0x00007c8a8f39181d:   c0 74 08 ff e0 66 0f 1f 44 00 00 c3 0f 1f 80 00
0x00007c8a8f39182d:   00 00 00 f3 0f 1e fa 80 3d e5 db 06 00 00 75 33
0x00007c8a8f39183d:   55 48 83 3d f2 b6 06 00 00 48 89 e5 74 0d 48 8b
0x00007c8a8f39184d:   3d 6e db 06 00 ff 15 e0 b6 06 00 e8 63 ff ff ff
0x00007c8a8f39185d:   c6 05 bc db 06 00 01 5d c3 66 2e 0f 1f 84 00 00
0x00007c8a8f39186d:   00 00 00 c3 66 66 2e 0f 1f 84 00 00 00 00 00 0f
0x00007c8a8f39187d:   1f 40 00 f3 0f 1e fa e9 67 ff ff ff 52 48 8d 3d
0x00007c8a8f39188d:   7f b6 06 00 e8 4a f4 ff ff 48 8b 80 00 00 00 00
0x00007c8a8f39189d:   48 8b 40 08 48 85 c0 78 07 f2 48 0f 2a c0 eb 15
0x00007c8a8f3918ad:   48 89 c2 83 e0 01 48 d1 ea 48 09 c2 f2 48 0f 2a
0x00007c8a8f3918bd:   c2 f2 0f 58 c0 58 c3 50 89 f2 31 c0 48 89 fe 48
0x00007c8a8f3918cd:   8d 3d 6d 87 04 00 e8 58 b8 ff ff e8 60 03 00 00
0x00007c8a8f3918dd:   be 01 00 00 00 5a 48 89 c7 e9 9d ee 00 00 41 57
0x00007c8a8f3918ed:   41 56 49 89 d6 41 55 41 54 49 89 cc 55 53 48 89
0x00007c8a8f3918fd:   fb 49 63 f8 48 83 ec 18 89 7c 24 0c e8 f2 f2 ff
0x00007c8a8f39190d:   ff 48 8b 03 31 d2 4c 89 f6 48 89 df ff 90 48 05
0x00007c8a8f39191d:   00 00 31 d2 4c 89 e6 48 89 df 49 89 c7 48 8b 03
0x00007c8a8f39192d:   ff 90 48 05 00 00 bf 78 04 00 00 49 89 c5 e8 e0
0x00007c8a8f39193d:   db ff ff 8b 4c 24 0c 4c 89 ea 4c 89 fe 48 89 c7
0x00007c8a8f39194d:   48 89 c5 e8 d7 03 00 00 48 8b 03 4c 89 fa 4c 89
0x00007c8a8f39195d:   f6 48 89 df ff 90 50 05 00 00 48 8b 03 4c 89 ea
0x00007c8a8f39196d:   4c 89 e6 48 89 df ff 90 50 05 00 00 48 83 c4 18
0x00007c8a8f39197d:   48 89 e8 5b 5d 41 5c 41 5d 41 5e 41 5f c3 48 89
0x00007c8a8f39198d:   c3 48 89 ef be 78 04 00 00 e8 25 dc ff ff 48 89 


Stack slot to memory mapping:
stack at sp + 0 slots: 0x0000000000000001 is an unknown value
stack at sp + 1 slots: 0x00007c8a8f3a80cd: <offset 0x00000000000470cd> in /home/mahir/fun/CPU/nebula-risc-v/simWorkspace/decoderForTest/verilator/verilator_642291766835216141.so at 0x00007c8a8f361000
stack at sp + 2 slots: 0x00007c8ab75fdd60 is pointing into the stack for thread: 0x00007c8ab00159e0
stack at sp + 3 slots: 0x00007c8a8f3a8137: <offset 0x0000000000047137> in /home/mahir/fun/CPU/nebula-risc-v/simWorkspace/decoderForTest/verilator/verilator_642291766835216141.so at 0x00007c8a8f361000
stack at sp + 4 slots: 0x00007c8a8f3ff440: <offset 0x000000000009e440> in /home/mahir/fun/CPU/nebula-risc-v/simWorkspace/decoderForTest/verilator/verilator_642291766835216141.so at 0x00007c8a8f361000
stack at sp + 5 slots: 0x00007c8a8f3ff440: <offset 0x000000000009e440> in /home/mahir/fun/CPU/nebula-risc-v/simWorkspace/decoderForTest/verilator/verilator_642291766835216141.so at 0x00007c8a8f361000
stack at sp + 6 slots: 0x00007c8ab75fdf40 is pointing into the stack for thread: 0x00007c8ab00159e0
stack at sp + 7 slots: 0x00007c8a8f3a1162: <offset 0x0000000000040162> in /home/mahir/fun/CPU/nebula-risc-v/simWorkspace/decoderForTest/verilator/verilator_642291766835216141.so at 0x00007c8a8f361000


---------------  P R O C E S S  ---------------

Threads class SMR info:
_java_thread_list=0x00007c89cc163fe0, length=23, elements={
0x00007c8ab00159e0, 0x00007c8ab016d390, 0x00007c8ab016e790, 0x00007c8ab0173d00,
0x00007c8ab01750d0, 0x00007c8ab0176500, 0x00007c8ab0177f50, 0x00007c8ab01794a0,
0x00007c8ab017a930, 0x00007c8ab0182760, 0x00007c8ab0185ae0, 0x00007c89f805e040,
0x00007c89d4051cc0, 0x00007c8ab0592440, 0x00007c8ab057d780, 0x00007c89d4142290,
0x00007c89f01ad050, 0x00007c89d414abb0, 0x00007c89d414b780, 0x00007c89f01aedc0,
0x00007c896c0c6410, 0x00007c89cc161df0, 0x00007c89cc162fd0
}

Java Threads: ( => current thread )
=>0x00007c8ab00159e0 JavaThread "main" [_thread_in_native, id=64804, stack(0x00007c8ab7500000,0x00007c8ab7600000)]
  0x00007c8ab016d390 JavaThread "Reference Handler" daemon [_thread_blocked, id=64811, stack(0x00007c8a84cf8000,0x00007c8a84df8000)]
  0x00007c8ab016e790 JavaThread "Finalizer" daemon [_thread_blocked, id=64812, stack(0x00007c8a84bf7000,0x00007c8a84cf7000)]
  0x00007c8ab0173d00 JavaThread "Signal Dispatcher" daemon [_thread_blocked, id=64813, stack(0x00007c8a84af6000,0x00007c8a84bf6000)]
  0x00007c8ab01750d0 JavaThread "Service Thread" daemon [_thread_blocked, id=64814, stack(0x00007c8a84700000,0x00007c8a84800000)]
  0x00007c8ab0176500 JavaThread "Monitor Deflation Thread" daemon [_thread_blocked, id=64815, stack(0x00007c8a845ff000,0x00007c8a846ff000)]
  0x00007c8ab0177f50 JavaThread "C2 CompilerThread0" daemon [_thread_in_native, id=64816, stack(0x00007c8a844fe000,0x00007c8a845fe000)]
  0x00007c8ab01794a0 JavaThread "C1 CompilerThread0" daemon [_thread_blocked, id=64817, stack(0x00007c8a843fd000,0x00007c8a844fd000)]
  0x00007c8ab017a930 JavaThread "Sweeper thread" daemon [_thread_blocked, id=64818, stack(0x00007c8a842fc000,0x00007c8a843fc000)]
  0x00007c8ab0182760 JavaThread "Notification Thread" daemon [_thread_blocked, id=64819, stack(0x00007c8a841fb000,0x00007c8a842fb000)]
  0x00007c8ab0185ae0 JavaThread "Common-Cleaner" daemon [_thread_blocked, id=64821, stack(0x00007c8a7ff00000,0x00007c8a80000000)]
  0x00007c89f805e040 JavaThread "C1 CompilerThread1" daemon [_thread_blocked, id=64822, stack(0x00007c8a7fdff000,0x00007c8a7feff000)]
  0x00007c89d4051cc0 JavaThread "C1 CompilerThread2" daemon [_thread_blocked, id=64823, stack(0x00007c8a7fcfe000,0x00007c8a7fdfe000)]
  0x00007c8ab0592440 JavaThread "process reaper" daemon [_thread_blocked, id=64839, stack(0x00007c8ab401d000,0x00007c8ab403f000)]
  0x00007c8ab057d780 JavaThread "JNA Cleaner" daemon [_thread_blocked, id=64840, stack(0x00007c8a7eef0000,0x00007c8a7eff0000)]
  0x00007c89d4142290 JavaThread "C2 CompilerThread1" daemon [_thread_blocked, id=64950, stack(0x00007c8a7fbfd000,0x00007c8a7fcfd000)]
  0x00007c89f01ad050 JavaThread "C2 CompilerThread2" daemon [_thread_in_native, id=64961, stack(0x00007c8a7e5fd000,0x00007c8a7e6fd000)]
  0x00007c89d414abb0 JavaThread "C2 CompilerThread3" daemon [_thread_in_native, id=64962, stack(0x00007c8a7e6fe000,0x00007c8a7e7fe000)]
  0x00007c89d414b780 JavaThread "C2 CompilerThread4" daemon [_thread_blocked, id=64963, stack(0x00007c8a7edef000,0x00007c8a7eeef000)]
  0x00007c89f01aedc0 JavaThread "C1 CompilerThread3" daemon [_thread_blocked, id=64964, stack(0x00007c8a7e4fc000,0x00007c8a7e5fc000)]
  0x00007c896c0c6410 JavaThread "C2 CompilerThread5" daemon [_thread_blocked, id=64965, stack(0x00007c8a7e3fb000,0x00007c8a7e4fb000)]
  0x00007c89cc161df0 JavaThread "C2 CompilerThread6" daemon [_thread_in_native, id=64966, stack(0x00007c8a7e2fa000,0x00007c8a7e3fa000)]
  0x00007c89cc162fd0 JavaThread "C2 CompilerThread7" daemon [_thread_blocked, id=64967, stack(0x00007c8a7e1f9000,0x00007c8a7e2f9000)]

Other Threads:
  0x00007c8ab01693f0 VMThread "VM Thread" [stack: 0x00007c8a84df9000,0x00007c8a84ef9000] [id=64810]
  0x00007c8ab01840c0 WatcherThread [stack: 0x00007c8a840fa000,0x00007c8a841fa000] [id=64820]
  0x00007c8ab0045c50 GCTaskThread "GC Thread#0" [stack: 0x00007c8ab4f00000,0x00007c8ab5000000] [id=64805]
  0x00007c8a1c007ef0 GCTaskThread "GC Thread#1" [stack: 0x00007c8a7f9fb000,0x00007c8a7fafb000] [id=64827]
  0x00007c8a1c008910 GCTaskThread "GC Thread#2" [stack: 0x00007c8a7f8fa000,0x00007c8a7f9fa000] [id=64828]
  0x00007c8a1c009330 GCTaskThread "GC Thread#3" [stack: 0x00007c8a7f7f9000,0x00007c8a7f8f9000] [id=64829]
  0x00007c8a1c009d50 GCTaskThread "GC Thread#4" [stack: 0x00007c8a7f6f8000,0x00007c8a7f7f8000] [id=64830]
  0x00007c8a1c00a770 GCTaskThread "GC Thread#5" [stack: 0x00007c8a7f5f7000,0x00007c8a7f6f7000] [id=64831]
  0x00007c8a1c00b1c0 GCTaskThread "GC Thread#6" [stack: 0x00007c8a7f4f6000,0x00007c8a7f5f6000] [id=64832]
  0x00007c8a1c00bc10 GCTaskThread "GC Thread#7" [stack: 0x00007c8a7f3f5000,0x00007c8a7f4f5000] [id=64833]
  0x00007c8a1c00c680 GCTaskThread "GC Thread#8" [stack: 0x00007c8a7f2f4000,0x00007c8a7f3f4000] [id=64834]
  0x00007c8a1c00d110 GCTaskThread "GC Thread#9" [stack: 0x00007c8a7f1f3000,0x00007c8a7f2f3000] [id=64835]
  0x00007c8a1c00dba0 GCTaskThread "GC Thread#10" [stack: 0x00007c8a7f0f2000,0x00007c8a7f1f2000] [id=64836]
  0x00007c8a1c00e630 GCTaskThread "GC Thread#11" [stack: 0x00007c8a7eff1000,0x00007c8a7f0f1000] [id=64837]
  0x00007c8ab0056cd0 ConcurrentGCThread "G1 Main Marker" [stack: 0x00007c8ab4dff000,0x00007c8ab4eff000] [id=64806]
  0x00007c8ab0057c60 ConcurrentGCThread "G1 Conc#0" [stack: 0x00007c8ab4cfe000,0x00007c8ab4dfe000] [id=64807]
  0x00007c8a78000ea0 ConcurrentGCThread "G1 Conc#1" [stack: 0x00007c8a7e900000,0x00007c8a7ea00000] [id=64951]
  0x00007c8a78001500 ConcurrentGCThread "G1 Conc#2" [stack: 0x00007c8a7ecee000,0x00007c8a7edee000] [id=64952]
  0x00007c8a78001b10 ConcurrentGCThread "G1 Conc#3" [stack: 0x00007c8a7fafc000,0x00007c8a7fbfc000] [id=64953]
  0x00007c8a78002150 ConcurrentGCThread "G1 Conc#4" [stack: 0x00007c8a7e7ff000,0x00007c8a7e8ff000] [id=64954]
  0x00007c8ab01389e0 ConcurrentGCThread "G1 Refine#0" [stack: 0x00007c8a84ffb000,0x00007c8a850fb000] [id=64808]
  0x00007c8ab01398f0 ConcurrentGCThread "G1 Service" [stack: 0x00007c8a84efa000,0x00007c8a84ffa000] [id=64809]

Threads with active compile tasks:
C2 CompilerThread0     2895 3680       4       jdk.internal.org.objectweb.asm.SymbolTable::addConstantMemberReference (147 bytes)
C2 CompilerThread2     2895 3431       4       jdk.nio.zipfs.ZipPath::readAttributes (58 bytes)
C2 CompilerThread3     2895 3430       4       jdk.nio.zipfs.ZipFileSystemProvider::readAttributes (9 bytes)
C2 CompilerThread6     2895 3871       4       java.util.HashMap::putVal (300 bytes)

VM state: not at safepoint (normal execution)

VM Mutex/Monitor currently owned by a thread: None

Heap address: 0x000000060bc00000, size: 8004 MB, Compressed Oops mode: Zero based, Oop shift amount: 3

CDS archive(s) mapped at: [0x00007c8a27000000-0x00007c8a27bc7000-0x00007c8a27bc7000), size 12349440, SharedBaseAddress: 0x00007c8a27000000, ArchiveRelocationMode: 1.
Compressed class space mapped at: 0x00007c8a28000000-0x00007c8a68000000, reserved size: 1073741824
Narrow klass base: 0x00007c8a27000000, Narrow klass shift: 0, Narrow klass range: 0x100000000

GC Precious Log:
 CPUs: 24 total, 24 available
 Memory: 32014M
 Large Page Support: Disabled
 NUMA Support: Disabled
 Compressed Oops: Enabled (Zero based)
 Heap Region Size: 4M
 Heap Min Capacity: 8M
 Heap Initial Capacity: 504M
 Heap Max Capacity: 8004M
 Pre-touch: Disabled
 Parallel Workers: 18
 Concurrent Workers: 5
 Concurrent Refinement Workers: 18
 Periodic GC: Disabled

Heap:
 garbage-first heap   total 69632K, used 39134K [0x000000060bc00000, 0x0000000800000000)
  region size 4096K, 10 young (40960K), 1 survivors (4096K)
 Metaspace       used 26782K, committed 27072K, reserved 1114112K
  class space    used 3641K, committed 3776K, reserved 1048576K

Heap Regions: E=young(eden), S=young(survivor), O=old, HS=humongous(starts), HC=humongous(continues), CS=collection set, F=free, OA=open archive, CA=closed archive, TAMS=top-at-mark-start (previous, next)
|   0|0x000000060bc00000, 0x000000060bf69800, 0x000000060c000000| 85%| O|  |TAMS 0x000000060bf69800, 0x000000060bc00000| Complete 
|   1|0x000000060c000000, 0x000000060c000000, 0x000000060c400000|  0%| F|  |TAMS 0x000000060c000000, 0x000000060c000000| Untracked 
|   2|0x000000060c400000, 0x000000060c400000, 0x000000060c800000|  0%| F|  |TAMS 0x000000060c400000, 0x000000060c400000| Untracked 
|   3|0x000000060c800000, 0x000000060c800000, 0x000000060cc00000|  0%| F|  |TAMS 0x000000060c800000, 0x000000060c800000| Untracked 
|   4|0x000000060cc00000, 0x000000060cc00000, 0x000000060d000000|  0%| F|  |TAMS 0x000000060cc00000, 0x000000060cc00000| Untracked 
|   5|0x000000060d000000, 0x000000060d200800, 0x000000060d400000| 50%| E|  |TAMS 0x000000060d000000, 0x000000060d000000| Complete 
|   6|0x000000060d400000, 0x000000060d800000, 0x000000060d800000|100%| E|CS|TAMS 0x000000060d400000, 0x000000060d400000| Complete 
|   7|0x000000060d800000, 0x000000060dc00000, 0x000000060dc00000|100%| E|CS|TAMS 0x000000060d800000, 0x000000060d800000| Complete 
|   8|0x000000060dc00000, 0x000000060e000000, 0x000000060e000000|100%| E|CS|TAMS 0x000000060dc00000, 0x000000060dc00000| Complete 
|   9|0x000000060e000000, 0x000000060e400000, 0x000000060e400000|100%| E|CS|TAMS 0x000000060e000000, 0x000000060e000000| Complete 
|  10|0x000000060e400000, 0x000000060e800000, 0x000000060e800000|100%| E|CS|TAMS 0x000000060e400000, 0x000000060e400000| Complete 
|  11|0x000000060e800000, 0x000000060ec00000, 0x000000060ec00000|100%| E|CS|TAMS 0x000000060e800000, 0x000000060e800000| Complete 
|  12|0x000000060ec00000, 0x000000060f000000, 0x000000060f000000|100%| E|CS|TAMS 0x000000060ec00000, 0x000000060ec00000| Complete 
| 114|0x0000000628400000, 0x00000006286e2170, 0x0000000628800000| 72%| S|CS|TAMS 0x0000000628400000, 0x0000000628400000| Complete 
| 125|0x000000062b000000, 0x000000062b400000, 0x000000062b400000|100%| E|  |TAMS 0x000000062b000000, 0x000000062b000000| Complete 
|1999|0x00000007ff800000, 0x00000007ffb75000, 0x00000007ffc00000| 86%|OA|  |TAMS 0x00000007ffb75000, 0x00000007ff800000| Untracked 
|2000|0x00000007ffc00000, 0x00000007ffc77000, 0x0000000800000000| 11%|CA|  |TAMS 0x00000007ffc77000, 0x00000007ffc00000| Untracked 

Card table byte_map: [0x00007c8a98200000,0x00007c8a991a2000] _byte_map_base: 0x00007c8a951a2000

Marking Bits (Prev, Next): (CMBitMap*) 0x00007c8ab0046730, (CMBitMap*) 0x00007c8ab00466f0
 Prev Bits: [0x00007c8a87600000, 0x00007c8a8f310000)
 Next Bits: [0x00007c8a8f400000, 0x00007c8a97110000)

Polling page: 0x00007c8ab8be5000

Metaspace:

Usage:
  Non-class:     22.60 MB used.
      Class:      3.56 MB used.
       Both:     26.16 MB used.

Virtual space:
  Non-class space:       64.00 MB reserved,      22.75 MB ( 36%) committed,  1 nodes.
      Class space:        1.00 GB reserved,       3.69 MB ( <1%) committed,  1 nodes.
             Both:        1.06 GB reserved,      26.44 MB (  2%) committed. 

Chunk freelists:
   Non-Class:  9.30 MB
       Class:  12.36 MB
        Both:  21.65 MB

MaxMetaspaceSize: unlimited
CompressedClassSpaceSize: 1.00 GB
Initial GC threshold: 21.00 MB
Current GC threshold: 35.44 MB
CDS: on
MetaspaceReclaimPolicy: balanced
 - commit_granule_bytes: 65536.
 - commit_granule_words: 8192.
 - virtual_space_node_default_size: 8388608.
 - enlarge_chunks_in_place: 1.
 - new_chunks_are_fully_committed: 0.
 - uncommit_free_chunks: 1.
 - use_allocation_guard: 0.
 - handle_deallocations: 1.


Internal statistics:

num_allocs_failed_limit: 3.
num_arena_births: 226.
num_arena_deaths: 0.
num_vsnodes_births: 2.
num_vsnodes_deaths: 0.
num_space_committed: 423.
num_space_uncommitted: 0.
num_chunks_returned_to_freelist: 3.
num_chunks_taken_from_freelist: 1106.
num_chunk_merges: 3.
num_chunk_splits: 841.
num_chunks_enlarged: 715.
num_inconsistent_stats: 0.

CodeHeap 'non-profiled nmethods': size=119168Kb used=1536Kb max_used=1536Kb free=117631Kb
 bounds [0x00007c8aa0da0000, 0x00007c8aa1010000, 0x00007c8aa8200000]
CodeHeap 'profiled nmethods': size=119164Kb used=7208Kb max_used=7208Kb free=111955Kb
 bounds [0x00007c8a99200000, 0x00007c8a99910000, 0x00007c8aa065f000]
CodeHeap 'non-nmethods': size=7428Kb used=2973Kb max_used=2990Kb free=4454Kb
 bounds [0x00007c8aa065f000, 0x00007c8aa09cf000, 0x00007c8aa0da0000]
 total_blobs=4461 nmethods=3903 adapters=465
 compilation: enabled
              stopped_count=0, restarted_count=0
 full_count=0

Compilation events (20 events):
Event: 2.891 Thread 0x00007c89d4051cc0 nmethod 3897 0x00007c8a998fd690 code [0x00007c8a998fd840, 0x00007c8a998fd980]
Event: 2.891 Thread 0x00007c89d4051cc0 3900       3       java.util.Collections$UnmodifiableMap$UnmodifiableEntrySet$1::next (20 bytes)
Event: 2.891 Thread 0x00007c8ab01794a0 nmethod 3898 0x00007c8a998fda10 code [0x00007c8a998fdc20, 0x00007c8a998fe360]
Event: 2.891 Thread 0x00007c8ab01794a0 3901       3       java.lang.ProcessEnvironment$StringEntrySet$1::next (5 bytes)
Event: 2.891 Thread 0x00007c89d4051cc0 nmethod 3900 0x00007c8a998fe590 code [0x00007c8a998fe780, 0x00007c8a998fee70]
Event: 2.891 Thread 0x00007c89d4051cc0 3902       3       java.lang.ProcessEnvironment$StringEntrySet$1::next (20 bytes)
Event: 2.891 Thread 0x00007c89f805e040 nmethod 3899 0x00007c8a998ff090 code [0x00007c8a998ff2a0, 0x00007c8a998ff9f0]
Event: 2.891 Thread 0x00007c89f805e040 3903       3       scala.collection.immutable.Map$MapBuilderImpl::$plus$eq (9 bytes)
Event: 2.891 Thread 0x00007c8ab01794a0 nmethod 3901 0x00007c8a998ffc10 code [0x00007c8a998ffde0, 0x00007c8a999002c0]
Event: 2.891 Thread 0x00007c8ab01794a0 3904       3       scala.collection.immutable.Map$MapBuilderImpl::$plus$eq (128 bytes)
Event: 2.891 Thread 0x00007c89f805e040 nmethod 3903 0x00007c8a99900410 code [0x00007c8a999005c0, 0x00007c8a999007e0]
Event: 2.891 Thread 0x00007c89f805e040 3905       3       scala.collection.immutable.HashMap$HashMapBuilder::$plus$eq (30 bytes)
Event: 2.891 Thread 0x00007c89d4051cc0 nmethod 3902 0x00007c8a99900890 code [0x00007c8a99900a60, 0x00007c8a99900ec0]
Event: 2.891 Thread 0x00007c89d4051cc0 3906       3       scala.collection.immutable.HashMap$::scala$collection$immutable$HashMap$$computeHashImpl (10 bytes)
Event: 2.891 Thread 0x00007c89d4051cc0 nmethod 3906 0x00007c8a99901010 code [0x00007c8a99901200, 0x00007c8a999017d0]
Event: 2.891 Thread 0x00007c89d4051cc0 3907       3       scala.collection.immutable.HashMap$::elemHashCode (5 bytes)
Event: 2.892 Thread 0x00007c89d4051cc0 nmethod 3907 0x00007c8a99901990 code [0x00007c8a99901b80, 0x00007c8a99902090]
Event: 2.892 Thread 0x00007c89f805e040 nmethod 3905 0x00007c8a99902190 code [0x00007c8a999023a0, 0x00007c8a99902ba0]
Event: 2.892 Thread 0x00007c8ab01794a0 nmethod 3904 0x00007c8a99902e10 code [0x00007c8a99903080, 0x00007c8a99903bd0]
Event: 2.892 Thread 0x00007c89f01aedc0 nmethod 3892 0x00007c8a99903f10 code [0x00007c8a999045c0, 0x00007c8a99908100]

GC Heap History (6 events):
Event: 0.219 GC heap before
{Heap before GC invocations=0 (full 0):
 garbage-first heap   total 524288K, used 28592K [0x000000060bc00000, 0x0000000800000000)
  region size 4096K, 6 young (24576K), 0 survivors (0K)
 Metaspace       used 7799K, committed 7936K, reserved 1114112K
  class space    used 964K, committed 1024K, reserved 1048576K
}
Event: 0.224 GC heap after
{Heap after GC invocations=1 (full 0):
 garbage-first heap   total 524288K, used 7959K [0x000000060bc00000, 0x0000000800000000)
  region size 4096K, 1 young (4096K), 1 survivors (4096K)
 Metaspace       used 7799K, committed 7936K, reserved 1114112K
  class space    used 964K, committed 1024K, reserved 1048576K
}
Event: 0.382 GC heap before
{Heap before GC invocations=1 (full 0):
 garbage-first heap   total 524288K, used 36631K [0x000000060bc00000, 0x0000000800000000)
  region size 4096K, 8 young (32768K), 1 survivors (4096K)
 Metaspace       used 13201K, committed 13312K, reserved 1114112K
  class space    used 1634K, committed 1664K, reserved 1048576K
}
Event: 0.387 GC heap after
{Heap after GC invocations=2 (full 0):
 garbage-first heap   total 524288K, used 8772K [0x000000060bc00000, 0x0000000800000000)
  region size 4096K, 1 young (4096K), 1 survivors (4096K)
 Metaspace       used 13201K, committed 13312K, reserved 1114112K
  class space    used 1634K, committed 1664K, reserved 1048576K
}
Event: 2.678 GC heap before
{Heap before GC invocations=2 (full 0):
 garbage-first heap   total 524288K, used 45636K [0x000000060bc00000, 0x0000000800000000)
  region size 4096K, 11 young (45056K), 1 survivors (4096K)
 Metaspace       used 21256K, committed 21504K, reserved 1114112K
  class space    used 2970K, committed 3072K, reserved 1048576K
}
Event: 2.683 GC heap after
{Heap after GC invocations=3 (full 0):
 garbage-first heap   total 524288K, used 10462K [0x000000060bc00000, 0x0000000800000000)
  region size 4096K, 1 young (4096K), 1 survivors (4096K)
 Metaspace       used 21256K, committed 21504K, reserved 1114112K
  class space    used 2970K, committed 3072K, reserved 1048576K
}

Dll operation events (8 events):
Event: 0.001 Loaded shared library /usr/lib/jvm/java-17-openjdk/lib/libjava.so
Event: 0.010 Loaded shared library /usr/lib/jvm/java-17-openjdk/lib/libjsvml.so
Event: 0.017 Loaded shared library /usr/lib/jvm/java-17-openjdk/lib/libnio.so
Event: 0.019 Loaded shared library /usr/lib/jvm/java-17-openjdk/lib/libzip.so
Event: 0.058 Loaded shared library /usr/lib/jvm/java-17-openjdk/lib/libjimage.so
Event: 0.269 Loaded shared library /home/mahir/.cache/JNA/temp/jna10840506594993744638.tmp
Event: 0.292 Loaded shared library /usr/lib/jvm/java-17-openjdk/lib/libnet.so
Event: 2.890 Loaded shared library /home/mahir/fun/CPU/nebula-risc-v/simWorkspace/decoderForTest/verilator/verilator_642291766835216141.so

Deoptimization events (20 events):
Event: 2.848 Thread 0x00007c8ab00159e0 Uncommon trap: trap_request=0xffffff45 fr.pc=0x00007c8aa0ee9e28 relative=0x00000000000007e8
Event: 2.848 Thread 0x00007c8ab00159e0 Uncommon trap: reason=unstable_if action=reinterpret pc=0x00007c8aa0ee9e28 method=jdk.internal.jimage.ImageStringsReader.stringFromByteBuffer(Ljava/nio/ByteBuffer;I)Ljava/lang/String; @ 7 c2
Event: 2.848 Thread 0x00007c8ab00159e0 DEOPT PACKING pc=0x00007c8aa0ee9e28 sp=0x00007c8ab75fc260
Event: 2.848 Thread 0x00007c8ab00159e0 DEOPT UNPACKING pc=0x00007c8aa06b5699 sp=0x00007c8ab75fc238 mode 2
Event: 2.877 Thread 0x00007c8ab00159e0 Uncommon trap: trap_request=0xffffffc6 fr.pc=0x00007c8aa0ee48ac relative=0x00000000000012ec
Event: 2.877 Thread 0x00007c8ab00159e0 Uncommon trap: reason=bimorphic_or_optimized_type_check action=maybe_recompile pc=0x00007c8aa0ee48ac method=java.util.HashMap.putVal(ILjava/lang/Object;Ljava/lang/Object;ZZ)Ljava/lang/Object; @ 56 c2
Event: 2.877 Thread 0x00007c8ab00159e0 DEOPT PACKING pc=0x00007c8aa0ee48ac sp=0x00007c8ab75fd7e0
Event: 2.877 Thread 0x00007c8ab00159e0 DEOPT UNPACKING pc=0x00007c8aa06b5699 sp=0x00007c8ab75fd710 mode 2
Event: 2.880 Thread 0x00007c8ab00159e0 Uncommon trap: trap_request=0xffffffc6 fr.pc=0x00007c8aa0ee4a78 relative=0x00000000000014b8
Event: 2.880 Thread 0x00007c8ab00159e0 Uncommon trap: reason=bimorphic_or_optimized_type_check action=maybe_recompile pc=0x00007c8aa0ee4a78 method=java.util.HashMap.putVal(ILjava/lang/Object;Ljava/lang/Object;ZZ)Ljava/lang/Object; @ 253 c2
Event: 2.880 Thread 0x00007c8ab00159e0 DEOPT PACKING pc=0x00007c8aa0ee4a78 sp=0x00007c8ab75fd750
Event: 2.880 Thread 0x00007c8ab00159e0 DEOPT UNPACKING pc=0x00007c8aa06b5699 sp=0x00007c8ab75fd6a8 mode 2
Event: 2.882 Thread 0x00007c8ab00159e0 Uncommon trap: trap_request=0xffffffc6 fr.pc=0x00007c8aa0ee4a78 relative=0x00000000000014b8
Event: 2.882 Thread 0x00007c8ab00159e0 Uncommon trap: reason=bimorphic_or_optimized_type_check action=maybe_recompile pc=0x00007c8aa0ee4a78 method=java.util.HashMap.putVal(ILjava/lang/Object;Ljava/lang/Object;ZZ)Ljava/lang/Object; @ 253 c2
Event: 2.882 Thread 0x00007c8ab00159e0 DEOPT PACKING pc=0x00007c8aa0ee4a78 sp=0x00007c8ab75fd740
Event: 2.882 Thread 0x00007c8ab00159e0 DEOPT UNPACKING pc=0x00007c8aa06b5699 sp=0x00007c8ab75fd698 mode 2
Event: 2.889 Thread 0x00007c8ab00159e0 Uncommon trap: trap_request=0xffffffde fr.pc=0x00007c8aa0deac58 relative=0x00000000000011b8
Event: 2.889 Thread 0x00007c8ab00159e0 Uncommon trap: reason=class_check action=maybe_recompile pc=0x00007c8aa0deac58 method=jdk.internal.loader.URLClassPath.getLoader(I)Ljdk/internal/loader/URLClassPath$Loader; @ 88 c2
Event: 2.889 Thread 0x00007c8ab00159e0 DEOPT PACKING pc=0x00007c8aa0deac58 sp=0x00007c8ab75fd830
Event: 2.889 Thread 0x00007c8ab00159e0 DEOPT UNPACKING pc=0x00007c8aa06b5699 sp=0x00007c8ab75fd820 mode 2

Classes loaded (20 events):
Event: 2.888 Loading class java/util/EnumMap$EnumMapIterator done
Event: 2.888 Loading class java/util/EnumMap$ValueIterator done
Event: 2.888 Loading class java/util/WeakHashMap$KeyIterator
Event: 2.888 Loading class java/util/WeakHashMap$HashIterator
Event: 2.888 Loading class java/util/WeakHashMap$HashIterator done
Event: 2.888 Loading class java/util/WeakHashMap$KeyIterator done
Event: 2.889 Loading class java/net/URLClassLoader$1
Event: 2.889 Loading class java/net/URLClassLoader$1 done
Event: 2.889 Loading class java/io/FilePermission$1
Event: 2.889 Loading class jdk/internal/access/JavaIOFilePermissionAccess
Event: 2.889 Loading class jdk/internal/access/JavaIOFilePermissionAccess done
Event: 2.889 Loading class java/io/FilePermission$1 done
Event: 2.889 Loading class java/io/FilePermissionCollection
Event: 2.889 Loading class java/io/FilePermissionCollection done
Event: 2.889 Loading class java/util/Vector
Event: 2.889 Loading class java/util/Vector done
Event: 2.889 Loading class java/io/FilePermissionCollection$1
Event: 2.889 Loading class java/io/FilePermissionCollection$1 done
Event: 2.890 Loading class jdk/internal/loader/NativeLibraries$Unloader
Event: 2.890 Loading class jdk/internal/loader/NativeLibraries$Unloader done

Classes unloaded (0 events):
No events

Classes redefined (0 events):
No events

Internal exceptions (20 events):
Event: 2.653 Thread 0x00007c8ab00159e0 Exception <a 'java/lang/NoSuchMethodError'{0x000000062890bcb0}: 'java.lang.Object java.lang.invoke.DirectMethodHandle$Holder.invokeVirtual(java.lang.Object, java.lang.Object, java.lang.Object)'> (0x000000062890bcb0) 
thrown [/usr/src/debug/java17-openjdk/jdk17u-jdk-17.0.12-7/src/hotspot/share/interpreter/linkResolver.cpp, line 758]
Event: 2.654 Thread 0x00007c8ab00159e0 Exception <a 'java/lang/NoSuchMethodError'{0x0000000628915bd0}: 'int java.lang.invoke.DirectMethodHandle$Holder.invokeInterface(java.lang.Object, java.lang.Object)'> (0x0000000628915bd0) 
thrown [/usr/src/debug/java17-openjdk/jdk17u-jdk-17.0.12-7/src/hotspot/share/interpreter/linkResolver.cpp, line 758]
Event: 2.659 Thread 0x00007c8ab00159e0 Exception <a 'sun/nio/fs/UnixException'{0x0000000628a97948}> (0x0000000628a97948) 
thrown [/usr/src/debug/java17-openjdk/jdk17u-jdk-17.0.12-7/src/hotspot/share/prims/jni.cpp, line 516]
Event: 2.659 Thread 0x00007c8ab00159e0 Exception <a 'sun/nio/fs/UnixException'{0x0000000628a981e8}> (0x0000000628a981e8) 
thrown [/usr/src/debug/java17-openjdk/jdk17u-jdk-17.0.12-7/src/hotspot/share/prims/jni.cpp, line 516]
Event: 2.662 Thread 0x00007c8ab00159e0 Exception <a 'java/lang/NoSuchMethodError'{0x0000000628b00f78}: 'int java.lang.invoke.DirectMethodHandle$Holder.invokeVirtual(java.lang.Object, java.lang.Object, java.lang.Object)'> (0x0000000628b00f78) 
thrown [/usr/src/debug/java17-openjdk/jdk17u-jdk-17.0.12-7/src/hotspot/share/interpreter/linkResolver.cpp, line 758]
Event: 2.663 Thread 0x00007c8ab00159e0 Exception <a 'java/lang/NoSuchMethodError'{0x0000000628b07750}: 'void java.lang.invoke.DirectMethodHandle$Holder.invokeInterface(java.lang.Object, java.lang.Object, java.lang.Object)'> (0x0000000628b07750) 
thrown [/usr/src/debug/java17-openjdk/jdk17u-jdk-17.0.12-7/src/hotspot/share/interpreter/linkResolver.cpp, line 758]
Event: 2.695 Thread 0x00007c8ab00159e0 Exception <a 'java/lang/NoSuchMethodError'{0x000000062b02abb0}: 'int java.lang.invoke.DirectMethodHandle$Holder.invokeStaticInit(java.lang.Object, java.lang.Object)'> (0x000000062b02abb0) 
thrown [/usr/src/debug/java17-openjdk/jdk17u-jdk-17.0.12-7/src/hotspot/share/interpreter/linkResolver.cpp, line 758]
Event: 2.757 Thread 0x00007c8ab00159e0 Exception <a 'java/lang/NoSuchMethodError'{0x000000060ed19a18}: 'int java.lang.invoke.DirectMethodHandle$Holder.invokeSpecial(java.lang.Object, java.lang.Object, java.lang.Object, java.lang.Object)'> (0x000000060ed19a18) 
thrown [/usr/src/debug/java17-openjdk/jdk17u-jdk-17.0.12-7/src/hotspot/share/interpreter/linkResolver.cpp, line 758]
Event: 2.758 Thread 0x00007c8ab00159e0 Exception <a 'java/lang/NoSuchMethodError'{0x000000060ed2a998}: 'java.lang.Object java.lang.invoke.DirectMethodHandle$Holder.invokeVirtual(java.lang.Object, java.lang.Object, java.lang.Object, int, int)'> (0x000000060ed2a998) 
thrown [/usr/src/debug/java17-openjdk/jdk17u-jdk-17.0.12-7/src/hotspot/share/interpreter/linkResolver.cpp, line 758]
Event: 2.758 Thread 0x00007c8ab00159e0 Exception <a 'java/lang/NoSuchMethodError'{0x000000060ed31228}: 'java.lang.Object java.lang.invoke.DirectMethodHandle$Holder.invokeVirtual(java.lang.Object, java.lang.Object, int)'> (0x000000060ed31228) 
thrown [/usr/src/debug/java17-openjdk/jdk17u-jdk-17.0.12-7/src/hotspot/share/interpreter/linkResolver.cpp, line 758]
Event: 2.767 Thread 0x00007c8ab00159e0 Exception <a 'java/lang/NoSuchMethodError'{0x000000060ede5f10}: 'void java.lang.invoke.DirectMethodHandle$Holder.invokeSpecial(java.lang.Object, java.lang.Object, java.lang.Object, java.lang.Object, java.lang.Object, java.lang.Object)'> (0x000000060ede5f10) 
thrown [/usr/src/debug/java17-openjdk/jdk17u-jdk-17.0.12-7/src/hotspot/share/interpreter/linkResolver.cpp, line 758]
Event: 2.794 Thread 0x00007c8ab00159e0 Implicit null exception at 0x00007c8aa0eb34ac to 0x00007c8aa0eb35e2
Event: 2.818 Thread 0x00007c8ab00159e0 Exception <a 'sun/nio/fs/UnixException'{0x000000060dcc6f68}> (0x000000060dcc6f68) 
thrown [/usr/src/debug/java17-openjdk/jdk17u-jdk-17.0.12-7/src/hotspot/share/prims/jni.cpp, line 516]
Event: 2.818 Thread 0x00007c8ab00159e0 Exception <a 'sun/nio/fs/UnixException'{0x000000060dcc7698}> (0x000000060dcc7698) 
thrown [/usr/src/debug/java17-openjdk/jdk17u-jdk-17.0.12-7/src/hotspot/share/prims/jni.cpp, line 516]
Event: 2.818 Thread 0x00007c8ab00159e0 Exception <a 'sun/nio/fs/UnixException'{0x000000060dcc7cb0}> (0x000000060dcc7cb0) 
thrown [/usr/src/debug/java17-openjdk/jdk17u-jdk-17.0.12-7/src/hotspot/share/prims/jni.cpp, line 516]
Event: 2.818 Thread 0x00007c8ab00159e0 Exception <a 'sun/nio/fs/UnixException'{0x000000060dcc83e0}> (0x000000060dcc83e0) 
thrown [/usr/src/debug/java17-openjdk/jdk17u-jdk-17.0.12-7/src/hotspot/share/prims/jni.cpp, line 516]
Event: 2.819 Thread 0x00007c8ab00159e0 Exception <a 'java/lang/NoSuchMethodError'{0x000000060dced500}: 'void java.lang.invoke.DirectMethodHandle$Holder.invokeSpecial(java.lang.Object, java.lang.Object, java.lang.Object, java.lang.Object, java.lang.Object)'> (0x000000060dced500) 
thrown [/usr/src/debug/java17-openjdk/jdk17u-jdk-17.0.12-7/src/hotspot/share/interpreter/linkResolver.cpp, line 758]
Event: 2.842 Thread 0x00007c8ab00159e0 Exception <a 'java/lang/NoSuchMethodError'{0x000000060d9e8780}: 'int java.lang.invoke.DirectMethodHandle$Holder.invokeSpecial(java.lang.Object, java.lang.Object, java.lang.Object)'> (0x000000060d9e8780) 
thrown [/usr/src/debug/java17-openjdk/jdk17u-jdk-17.0.12-7/src/hotspot/share/interpreter/linkResolver.cpp, line 758]
Event: 2.845 Thread 0x00007c8ab00159e0 Exception <a 'java/lang/NoSuchMethodError'{0x000000060d441a88}: 'java.lang.Object java.lang.invoke.DirectMethodHandle$Holder.invokeStatic(java.lang.Object, java.lang.Object, int, int)'> (0x000000060d441a88) 
thrown [/usr/src/debug/java17-openjdk/jdk17u-jdk-17.0.12-7/src/hotspot/share/interpreter/linkResolver.cpp, line 758]
Event: 2.853 Thread 0x00007c8ab00159e0 Exception <a 'java/lang/NoSuchMethodError'{0x000000060d4ddd10}: 'java.lang.Object java.lang.invoke.DirectMethodHandle$Holder.invokeInterface(java.lang.Object, java.lang.Object)'> (0x000000060d4ddd10) 
thrown [/usr/src/debug/java17-openjdk/jdk17u-jdk-17.0.12-7/src/hotspot/share/interpreter/linkResolver.cpp, line 758]

VM Operations (20 events):
Event: 2.686 Executing VM operation: G1PauseRemark
Event: 2.688 Executing VM operation: G1PauseRemark done
Event: 2.689 Executing VM operation: G1PauseCleanup
Event: 2.689 Executing VM operation: G1PauseCleanup done
Event: 2.725 Executing VM operation: HandshakeAllThreads
Event: 2.725 Executing VM operation: HandshakeAllThreads done
Event: 2.726 Executing VM operation: HandshakeAllThreads
Event: 2.726 Executing VM operation: HandshakeAllThreads done
Event: 2.747 Executing VM operation: HandshakeAllThreads
Event: 2.747 Executing VM operation: HandshakeAllThreads done
Event: 2.747 Executing VM operation: HandshakeAllThreads
Event: 2.747 Executing VM operation: HandshakeAllThreads done
Event: 2.829 Executing VM operation: ICBufferFull
Event: 2.829 Executing VM operation: ICBufferFull done
Event: 2.848 Executing VM operation: HandshakeAllThreads
Event: 2.848 Executing VM operation: HandshakeAllThreads done
Event: 2.876 Executing VM operation: HandshakeAllThreads
Event: 2.876 Executing VM operation: HandshakeAllThreads done
Event: 2.881 Executing VM operation: ICBufferFull
Event: 2.881 Executing VM operation: ICBufferFull done

Events (20 events):
Event: 0.733 Protecting memory [0x00007c8a7e900000,0x00007c8a7e904000] with protection modes 0
Event: 2.627 Thread 0x00007c8ab06be940 Thread exited: 0x00007c8ab06be940
Event: 2.628 Thread 0x00007c8ab06bf340 Thread exited: 0x00007c8ab06bf340
Event: 2.631 Thread 0x00007c89d4052e20 Thread exited: 0x00007c89d4052e20
Event: 2.670 Thread 0x00007c89d4142290 Thread added: 0x00007c89d4142290
Event: 2.670 Protecting memory [0x00007c8a7fbfd000,0x00007c8a7fc01000] with protection modes 0
Event: 2.769 Thread 0x00007c89f01ad050 Thread added: 0x00007c89f01ad050
Event: 2.769 Protecting memory [0x00007c8a7e5fd000,0x00007c8a7e601000] with protection modes 0
Event: 2.783 Thread 0x00007c89d414abb0 Thread added: 0x00007c89d414abb0
Event: 2.783 Protecting memory [0x00007c8a7e6fe000,0x00007c8a7e702000] with protection modes 0
Event: 2.783 Thread 0x00007c89d414b780 Thread added: 0x00007c89d414b780
Event: 2.783 Protecting memory [0x00007c8a7edef000,0x00007c8a7edf3000] with protection modes 0
Event: 2.788 Thread 0x00007c89f01aedc0 Thread added: 0x00007c89f01aedc0
Event: 2.788 Protecting memory [0x00007c8a7e4fc000,0x00007c8a7e500000] with protection modes 0
Event: 2.807 Thread 0x00007c896c0c6410 Thread added: 0x00007c896c0c6410
Event: 2.807 Protecting memory [0x00007c8a7e3fb000,0x00007c8a7e3ff000] with protection modes 0
Event: 2.809 Thread 0x00007c89cc161df0 Thread added: 0x00007c89cc161df0
Event: 2.809 Protecting memory [0x00007c8a7e2fa000,0x00007c8a7e2fe000] with protection modes 0
Event: 2.809 Thread 0x00007c89cc162fd0 Thread added: 0x00007c89cc162fd0
Event: 2.809 Protecting memory [0x00007c8a7e1f9000,0x00007c8a7e1fd000] with protection modes 0


Dynamic libraries:
60bc00000-60f000000 rw-p 00000000 00:00 0 
60f000000-628400000 ---p 00000000 00:00 0 
628400000-628800000 rw-p 00000000 00:00 0 
628800000-62b000000 ---p 00000000 00:00 0 
62b000000-62b400000 rw-p 00000000 00:00 0 
62b400000-7ff800000 ---p 00000000 00:00 0 
7ff800000-7ffb00000 rw-p 00000000 00:00 0 
7ffb00000-7ffb75000 rw-p 00c76000 103:02 53110622                        /usr/lib/jvm/java-17-openjdk/lib/server/classes.jsa
7ffb75000-7ffc00000 rw-p 00000000 00:00 0 
7ffc00000-7ffc77000 rw-p 00bff000 103:02 53110622                        /usr/lib/jvm/java-17-openjdk/lib/server/classes.jsa
7ffc77000-800000000 rw-p 00000000 00:00 0 
578f91277000-578f91278000 r--p 00000000 103:02 52695525                  /usr/lib/jvm/java-17-openjdk/bin/java
578f91278000-578f91279000 r-xp 00001000 103:02 52695525                  /usr/lib/jvm/java-17-openjdk/bin/java
578f91279000-578f9127a000 r--p 00002000 103:02 52695525                  /usr/lib/jvm/java-17-openjdk/bin/java
578f9127a000-578f9127b000 r--p 00002000 103:02 52695525                  /usr/lib/jvm/java-17-openjdk/bin/java
578f9127b000-578f9127c000 rw-p 00003000 103:02 52695525                  /usr/lib/jvm/java-17-openjdk/bin/java
578fa5797000-578fa57de000 rw-p 00000000 00:00 0                          [heap]
7c8938000000-7c8938336000 rw-p 00000000 00:00 0 
7c8938336000-7c893c000000 ---p 00000000 00:00 0 
7c893c000000-7c893c4e0000 rw-p 00000000 00:00 0 
7c893c4e0000-7c8940000000 ---p 00000000 00:00 0 
7c8944000000-7c8944459000 rw-p 00000000 00:00 0 
7c8944459000-7c8948000000 ---p 00000000 00:00 0 
7c8948000000-7c8948086000 rw-p 00000000 00:00 0 
7c8948086000-7c894c000000 ---p 00000000 00:00 0 
7c8950000000-7c8950796000 rw-p 00000000 00:00 0 
7c8950796000-7c8954000000 ---p 00000000 00:00 0 
7c8954000000-7c8954889000 rw-p 00000000 00:00 0 
7c8954889000-7c8958000000 ---p 00000000 00:00 0 
7c895c000000-7c895c1be000 rw-p 00000000 00:00 0 
7c895c1be000-7c8960000000 ---p 00000000 00:00 0 
7c8960000000-7c896041b000 rw-p 00000000 00:00 0 
7c896041b000-7c8964000000 ---p 00000000 00:00 0 
7c8968000000-7c89683e1000 rw-p 00000000 00:00 0 
7c89683e1000-7c896c000000 ---p 00000000 00:00 0 
7c896c000000-7c896c941000 rw-p 00000000 00:00 0 
7c896c941000-7c8970000000 ---p 00000000 00:00 0 
7c8974000000-7c8974021000 rw-p 00000000 00:00 0 
7c8974021000-7c8978000000 ---p 00000000 00:00 0 
7c8978000000-7c8978021000 rw-p 00000000 00:00 0 
7c8978021000-7c897c000000 ---p 00000000 00:00 0 
7c8980000000-7c8980021000 rw-p 00000000 00:00 0 
7c8980021000-7c8984000000 ---p 00000000 00:00 0 
7c8984000000-7c8984021000 rw-p 00000000 00:00 0 
7c8984021000-7c8988000000 ---p 00000000 00:00 0 
7c898c000000-7c898c021000 rw-p 00000000 00:00 0 
7c898c021000-7c8990000000 ---p 00000000 00:00 0 
7c8990000000-7c8990021000 rw-p 00000000 00:00 0 
7c8990021000-7c8994000000 ---p 00000000 00:00 0 
7c8998000000-7c8998021000 rw-p 00000000 00:00 0 
7c8998021000-7c899c000000 ---p 00000000 00:00 0 
7c899c000000-7c899c021000 rw-p 00000000 00:00 0 
7c899c021000-7c89a0000000 ---p 00000000 00:00 0 
7c89a4000000-7c89a4021000 rw-p 00000000 00:00 0 
7c89a4021000-7c89a8000000 ---p 00000000 00:00 0 
7c89a8000000-7c89a8021000 rw-p 00000000 00:00 0 
7c89a8021000-7c89ac000000 ---p 00000000 00:00 0 
7c89b0000000-7c89b0021000 rw-p 00000000 00:00 0 
7c89b0021000-7c89b4000000 ---p 00000000 00:00 0 
7c89b4000000-7c89b4021000 rw-p 00000000 00:00 0 
7c89b4021000-7c89b8000000 ---p 00000000 00:00 0 
7c89bc000000-7c89bc021000 rw-p 00000000 00:00 0 
7c89bc021000-7c89c0000000 ---p 00000000 00:00 0 
7c89c0000000-7c89c030d000 rw-p 00000000 00:00 0 
7c89c030d000-7c89c4000000 ---p 00000000 00:00 0 
7c89c8000000-7c89c859f000 rw-p 00000000 00:00 0 
7c89c859f000-7c89cc000000 ---p 00000000 00:00 0 
7c89cc000000-7c89cc23c000 rw-p 00000000 00:00 0 
7c89cc23c000-7c89d0000000 ---p 00000000 00:00 0 
7c89d4000000-7c89d4216000 rw-p 00000000 00:00 0 
7c89d4216000-7c89d8000000 ---p 00000000 00:00 0 
7c89d8000000-7c89d8021000 rw-p 00000000 00:00 0 
7c89d8021000-7c89dc000000 ---p 00000000 00:00 0 
7c89e0000000-7c89e0021000 rw-p 00000000 00:00 0 
7c89e0021000-7c89e4000000 ---p 00000000 00:00 0 
7c89e4000000-7c89e4021000 rw-p 00000000 00:00 0 
7c89e4021000-7c89e8000000 ---p 00000000 00:00 0 
7c89ec000000-7c89ec021000 rw-p 00000000 00:00 0 
7c89ec021000-7c89f0000000 ---p 00000000 00:00 0 
7c89f0000000-7c89f024b000 rw-p 00000000 00:00 0 
7c89f024b000-7c89f4000000 ---p 00000000 00:00 0 
7c89f8000000-7c89f8995000 rw-p 00000000 00:00 0 
7c89f8995000-7c89fc000000 ---p 00000000 00:00 0 
7c89fc000000-7c89fc021000 rw-p 00000000 00:00 0 
7c89fc021000-7c8a00000000 ---p 00000000 00:00 0 
7c8a04000000-7c8a04021000 rw-p 00000000 00:00 0 
7c8a04021000-7c8a08000000 ---p 00000000 00:00 0 
7c8a08000000-7c8a08021000 rw-p 00000000 00:00 0 
7c8a08021000-7c8a0c000000 ---p 00000000 00:00 0 
7c8a10000000-7c8a10021000 rw-p 00000000 00:00 0 
7c8a10021000-7c8a14000000 ---p 00000000 00:00 0 
7c8a14000000-7c8a14021000 rw-p 00000000 00:00 0 
7c8a14021000-7c8a18000000 ---p 00000000 00:00 0 
7c8a1c000000-7c8a1c021000 rw-p 00000000 00:00 0 
7c8a1c021000-7c8a20000000 ---p 00000000 00:00 0 
7c8a23000000-7c8a233f0000 rw-p 00000000 00:00 0 
7c8a233f0000-7c8a245d0000 rw-p 00000000 00:00 0 
7c8a245d0000-7c8a245f0000 rw-p 00000000 00:00 0 
7c8a245f0000-7c8a246c0000 rw-p 00000000 00:00 0 
7c8a246c0000-7c8a27000000 ---p 00000000 00:00 0 
7c8a27000000-7c8a27bc7000 rw-p 00001000 103:02 53110622                  /usr/lib/jvm/java-17-openjdk/lib/server/classes.jsa
7c8a27bc7000-7c8a28000000 ---p 00000000 00:00 0 
7c8a28000000-7c8a28030000 rw-p 00000000 00:00 0 
7c8a28030000-7c8a28070000 rw-p 00000000 00:00 0 
7c8a28070000-7c8a28270000 rw-p 00000000 00:00 0 
7c8a28270000-7c8a283b0000 rw-p 00000000 00:00 0 
7c8a283b0000-7c8a68000000 ---p 00000000 00:00 0 
7c8a68000000-7c8a68021000 rw-p 00000000 00:00 0 
7c8a68021000-7c8a6c000000 ---p 00000000 00:00 0 
7c8a6c000000-7c8a6c021000 rw-p 00000000 00:00 0 
7c8a6c021000-7c8a70000000 ---p 00000000 00:00 0 
7c8a74000000-7c8a74021000 rw-p 00000000 00:00 0 
7c8a74021000-7c8a78000000 ---p 00000000 00:00 0 
7c8a78000000-7c8a78021000 rw-p 00000000 00:00 0 
7c8a78021000-7c8a7c000000 ---p 00000000 00:00 0 
7c8a7e1f8000-7c8a7e1f9000 ---p 00000000 00:00 0 
7c8a7e1f9000-7c8a7e1fd000 ---p 00000000 00:00 0 
7c8a7e1fd000-7c8a7e2f9000 rw-p 00000000 00:00 0 
7c8a7e2f9000-7c8a7e2fa000 ---p 00000000 00:00 0 
7c8a7e2fa000-7c8a7e2fe000 ---p 00000000 00:00 0 
7c8a7e2fe000-7c8a7e3fa000 rw-p 00000000 00:00 0 
7c8a7e3fa000-7c8a7e3fb000 ---p 00000000 00:00 0 
7c8a7e3fb000-7c8a7e3ff000 ---p 00000000 00:00 0 
7c8a7e3ff000-7c8a7e4fb000 rw-p 00000000 00:00 0 
7c8a7e4fb000-7c8a7e4fc000 ---p 00000000 00:00 0 
7c8a7e4fc000-7c8a7e500000 ---p 00000000 00:00 0 
7c8a7e500000-7c8a7e5fc000 rw-p 00000000 00:00 0 
7c8a7e5fc000-7c8a7e5fd000 ---p 00000000 00:00 0 
7c8a7e5fd000-7c8a7e601000 ---p 00000000 00:00 0 
7c8a7e601000-7c8a7e6fd000 rw-p 00000000 00:00 0 
7c8a7e6fd000-7c8a7e6fe000 ---p 00000000 00:00 0 
7c8a7e6fe000-7c8a7e702000 ---p 00000000 00:00 0 
7c8a7e702000-7c8a7e7fe000 rw-p 00000000 00:00 0 
7c8a7e7fe000-7c8a7e7ff000 ---p 00000000 00:00 0 
7c8a7e7ff000-7c8a7e803000 ---p 00000000 00:00 0 
7c8a7e803000-7c8a7e8ff000 rw-p 00000000 00:00 0 
7c8a7e8ff000-7c8a7e900000 ---p 00000000 00:00 0 
7c8a7e900000-7c8a7e904000 ---p 00000000 00:00 0 
7c8a7e904000-7c8a7ea00000 rw-p 00000000 00:00 0 
7c8a7ea00000-7c8a7ea1e000 r-xp 00000000 103:02 10487149                  /home/mahir/.cache/JNA/temp/jna10840506594993744638.tmp (deleted)
7c8a7ea1e000-7c8a7ec1d000 ---p 0001e000 103:02 10487149                  /home/mahir/.cache/JNA/temp/jna10840506594993744638.tmp (deleted)
7c8a7ec1d000-7c8a7ec1e000 rw-p 0001d000 103:02 10487149                  /home/mahir/.cache/JNA/temp/jna10840506594993744638.tmp (deleted)
7c8a7ec1e000-7c8a7ec1f000 rw-p 00000000 00:00 0 
7c8a7eced000-7c8a7ecee000 ---p 00000000 00:00 0 
7c8a7ecee000-7c8a7ecf2000 ---p 00000000 00:00 0 
7c8a7ecf2000-7c8a7edee000 rw-p 00000000 00:00 0 
7c8a7edee000-7c8a7edef000 ---p 00000000 00:00 0 
7c8a7edef000-7c8a7edf3000 ---p 00000000 00:00 0 
7c8a7edf3000-7c8a7eeef000 rw-p 00000000 00:00 0 
7c8a7eeef000-7c8a7eef0000 ---p 00000000 00:00 0 
7c8a7eef0000-7c8a7eef4000 ---p 00000000 00:00 0 
7c8a7eef4000-7c8a7eff0000 rw-p 00000000 00:00 0 
7c8a7eff0000-7c8a7eff1000 ---p 00000000 00:00 0 
7c8a7eff1000-7c8a7f0f1000 rw-p 00000000 00:00 0 
7c8a7f0f1000-7c8a7f0f2000 ---p 00000000 00:00 0 
7c8a7f0f2000-7c8a7f1f2000 rw-p 00000000 00:00 0 
7c8a7f1f2000-7c8a7f1f3000 ---p 00000000 00:00 0 
7c8a7f1f3000-7c8a7f2f3000 rw-p 00000000 00:00 0 
7c8a7f2f3000-7c8a7f2f4000 ---p 00000000 00:00 0 
7c8a7f2f4000-7c8a7f3f4000 rw-p 00000000 00:00 0 
7c8a7f3f4000-7c8a7f3f5000 ---p 00000000 00:00 0 
7c8a7f3f5000-7c8a7f4f5000 rw-p 00000000 00:00 0 
7c8a7f4f5000-7c8a7f4f6000 ---p 00000000 00:00 0 
7c8a7f4f6000-7c8a7f5f6000 rw-p 00000000 00:00 0 
7c8a7f5f6000-7c8a7f5f7000 ---p 00000000 00:00 0 
7c8a7f5f7000-7c8a7f6f7000 rw-p 00000000 00:00 0 
7c8a7f6f7000-7c8a7f6f8000 ---p 00000000 00:00 0 
7c8a7f6f8000-7c8a7f7f8000 rw-p 00000000 00:00 0 
7c8a7f7f8000-7c8a7f7f9000 ---p 00000000 00:00 0 
7c8a7f7f9000-7c8a7f8f9000 rw-p 00000000 00:00 0 
7c8a7f8f9000-7c8a7f8fa000 ---p 00000000 00:00 0 
7c8a7f8fa000-7c8a7f9fa000 rw-p 00000000 00:00 0 
7c8a7f9fa000-7c8a7f9fb000 ---p 00000000 00:00 0 
7c8a7f9fb000-7c8a7fafb000 rw-p 00000000 00:00 0 
7c8a7fafb000-7c8a7fafc000 ---p 00000000 00:00 0 
7c8a7fafc000-7c8a7fb00000 ---p 00000000 00:00 0 
7c8a7fb00000-7c8a7fbfc000 rw-p 00000000 00:00 0 
7c8a7fbfc000-7c8a7fbfd000 ---p 00000000 00:00 0 
7c8a7fbfd000-7c8a7fc01000 ---p 00000000 00:00 0 
7c8a7fc01000-7c8a7fcfd000 rw-p 00000000 00:00 0 
7c8a7fcfd000-7c8a7fcfe000 ---p 00000000 00:00 0 
7c8a7fcfe000-7c8a7fd02000 ---p 00000000 00:00 0 
7c8a7fd02000-7c8a7fdfe000 rw-p 00000000 00:00 0 
7c8a7fdfe000-7c8a7fdff000 ---p 00000000 00:00 0 
7c8a7fdff000-7c8a7fe03000 ---p 00000000 00:00 0 
7c8a7fe03000-7c8a7feff000 rw-p 00000000 00:00 0 
7c8a7feff000-7c8a7ff00000 ---p 00000000 00:00 0 
7c8a7ff00000-7c8a7ff04000 ---p 00000000 00:00 0 
7c8a7ff04000-7c8a80000000 rw-p 00000000 00:00 0 
7c8a80000000-7c8a80021000 rw-p 00000000 00:00 0 
7c8a80021000-7c8a84000000 ---p 00000000 00:00 0 
7c8a840f9000-7c8a840fa000 ---p 00000000 00:00 0 
7c8a840fa000-7c8a841fa000 rw-p 00000000 00:00 0 
7c8a841fa000-7c8a841fb000 ---p 00000000 00:00 0 
7c8a841fb000-7c8a841ff000 ---p 00000000 00:00 0 
7c8a841ff000-7c8a842fb000 rw-p 00000000 00:00 0 
7c8a842fb000-7c8a842fc000 ---p 00000000 00:00 0 
7c8a842fc000-7c8a84300000 ---p 00000000 00:00 0 
7c8a84300000-7c8a843fc000 rw-p 00000000 00:00 0 
7c8a843fc000-7c8a843fd000 ---p 00000000 00:00 0 
7c8a843fd000-7c8a84401000 ---p 00000000 00:00 0 
7c8a84401000-7c8a844fd000 rw-p 00000000 00:00 0 
7c8a844fd000-7c8a844fe000 ---p 00000000 00:00 0 
7c8a844fe000-7c8a84502000 ---p 00000000 00:00 0 
7c8a84502000-7c8a845fe000 rw-p 00000000 00:00 0 
7c8a845fe000-7c8a845ff000 ---p 00000000 00:00 0 
7c8a845ff000-7c8a84603000 ---p 00000000 00:00 0 
7c8a84603000-7c8a846ff000 rw-p 00000000 00:00 0 
7c8a846ff000-7c8a84700000 ---p 00000000 00:00 0 
7c8a84700000-7c8a84704000 ---p 00000000 00:00 0 
7c8a84704000-7c8a84800000 rw-p 00000000 00:00 0 
7c8a84800000-7c8a84aec000 r--p 00000000 103:02 51747550                  /usr/lib/locale/locale-archive
7c8a84af5000-7c8a84af6000 ---p 00000000 00:00 0 
7c8a84af6000-7c8a84afa000 ---p 00000000 00:00 0 
7c8a84afa000-7c8a84bf6000 rw-p 00000000 00:00 0 
7c8a84bf6000-7c8a84bf7000 ---p 00000000 00:00 0 
7c8a84bf7000-7c8a84bfb000 ---p 00000000 00:00 0 
7c8a84bfb000-7c8a84cf7000 rw-p 00000000 00:00 0 
7c8a84cf7000-7c8a84cf8000 ---p 00000000 00:00 0 
7c8a84cf8000-7c8a84cfc000 ---p 00000000 00:00 0 
7c8a84cfc000-7c8a84df8000 rw-p 00000000 00:00 0 
7c8a84df8000-7c8a84df9000 ---p 00000000 00:00 0 
7c8a84df9000-7c8a84ef9000 rw-p 00000000 00:00 0 
7c8a84ef9000-7c8a84efa000 ---p 00000000 00:00 0 
7c8a84efa000-7c8a84ffa000 rw-p 00000000 00:00 0 
7c8a84ffa000-7c8a84ffb000 ---p 00000000 00:00 0 
7c8a84ffb000-7c8a850fb000 rw-p 00000000 00:00 0 
7c8a850fb000-7c8a876d0000 rw-p 00000000 00:00 0 
7c8a876d0000-7c8a87d20000 ---p 00000000 00:00 0 
7c8a87d20000-7c8a87d30000 rw-p 00000000 00:00 0 
7c8a87d30000-7c8a87dd0000 ---p 00000000 00:00 0 
7c8a87dd0000-7c8a87de0000 rw-p 00000000 00:00 0 
7c8a87de0000-7c8a8f2f0000 ---p 00000000 00:00 0 
7c8a8f2f0000-7c8a8f310000 rw-p 00000000 00:00 0 
7c8a8f361000-7c8a8f38d000 r--p 00000000 103:02 12459397                  /home/mahir/fun/CPU/nebula-risc-v/simWorkspace/decoderForTest/verilator/verilator_642291766835216141.so
7c8a8f38d000-7c8a8f3da000 r-xp 0002c000 103:02 12459397                  /home/mahir/fun/CPU/nebula-risc-v/simWorkspace/decoderForTest/verilator/verilator_642291766835216141.so
7c8a8f3da000-7c8a8f3fc000 r--p 00079000 103:02 12459397                  /home/mahir/fun/CPU/nebula-risc-v/simWorkspace/decoderForTest/verilator/verilator_642291766835216141.so
7c8a8f3fc000-7c8a8f3fd000 r--p 0009b000 103:02 12459397                  /home/mahir/fun/CPU/nebula-risc-v/simWorkspace/decoderForTest/verilator/verilator_642291766835216141.so
7c8a8f3fd000-7c8a8f400000 rw-p 0009c000 103:02 12459397                  /home/mahir/fun/CPU/nebula-risc-v/simWorkspace/decoderForTest/verilator/verilator_642291766835216141.so
7c8a8f400000-7c8a8f4d0000 rw-p 00000000 00:00 0 
7c8a8f4d0000-7c8a8fb20000 ---p 00000000 00:00 0 
7c8a8fb20000-7c8a8fb30000 rw-p 00000000 00:00 0 
7c8a8fb30000-7c8a8fbd0000 ---p 00000000 00:00 0 
7c8a8fbd0000-7c8a8fbe0000 rw-p 00000000 00:00 0 
7c8a8fbe0000-7c8a970f0000 ---p 00000000 00:00 0 
7c8a970f0000-7c8a97110000 rw-p 00000000 00:00 0 
7c8a9712f000-7c8a97134000 r--p 00000000 103:02 52695778                  /usr/lib/jvm/java-17-openjdk/lib/libjsvml.so
7c8a97134000-7c8a97175000 r-xp 00005000 103:02 52695778                  /usr/lib/jvm/java-17-openjdk/lib/libjsvml.so
7c8a97175000-7c8a971fe000 r--p 00046000 103:02 52695778                  /usr/lib/jvm/java-17-openjdk/lib/libjsvml.so
7c8a971fe000-7c8a971ff000 r--p 000ce000 103:02 52695778                  /usr/lib/jvm/java-17-openjdk/lib/libjsvml.so
7c8a971ff000-7c8a97200000 rw-p 000cf000 103:02 52695778                  /usr/lib/jvm/java-17-openjdk/lib/libjsvml.so
7c8a97200000-7c8a9721a000 rw-p 00000000 00:00 0 
7c8a9721a000-7c8a972e4000 ---p 00000000 00:00 0 
7c8a972e4000-7c8a972e6000 rw-p 00000000 00:00 0 
7c8a972e6000-7c8a972fa000 ---p 00000000 00:00 0 
7c8a972fa000-7c8a972fc000 rw-p 00000000 00:00 0 
7c8a972fc000-7c8a9819e000 ---p 00000000 00:00 0 
7c8a9819e000-7c8a981a2000 rw-p 00000000 00:00 0 
7c8a98200000-7c8a9821a000 rw-p 00000000 00:00 0 
7c8a9821a000-7c8a982e4000 ---p 00000000 00:00 0 
7c8a982e4000-7c8a982e6000 rw-p 00000000 00:00 0 
7c8a982e6000-7c8a982fa000 ---p 00000000 00:00 0 
7c8a982fa000-7c8a982fc000 rw-p 00000000 00:00 0 
7c8a982fc000-7c8a9919e000 ---p 00000000 00:00 0 
7c8a9919e000-7c8a991a2000 rw-p 00000000 00:00 0 
7c8a99200000-7c8a99910000 rwxp 00000000 00:00 0 
7c8a99910000-7c8aa065f000 ---p 00000000 00:00 0 
7c8aa065f000-7c8aa09cf000 rwxp 00000000 00:00 0 
7c8aa09cf000-7c8aa0da0000 ---p 00000000 00:00 0 
7c8aa0da0000-7c8aa1010000 rwxp 00000000 00:00 0 
7c8aa1010000-7c8aa8200000 ---p 00000000 00:00 0 
7c8aa8200000-7c8aafe67000 r--s 00000000 103:02 52695794                  /usr/lib/jvm/java-17-openjdk/lib/modules
7c8aafe71000-7c8aafe76000 r--p 00000000 103:02 51658536                  /usr/lib/libudev.so.1.7.9
7c8aafe76000-7c8aafe9d000 r-xp 00005000 103:02 51658536                  /usr/lib/libudev.so.1.7.9
7c8aafe9d000-7c8aafeb1000 r--p 0002c000 103:02 51658536                  /usr/lib/libudev.so.1.7.9
7c8aafeb1000-7c8aafeb6000 r--p 0003f000 103:02 51658536                  /usr/lib/libudev.so.1.7.9
7c8aafeb6000-7c8aafeb7000 rw-p 00044000 103:02 51658536                  /usr/lib/libudev.so.1.7.9
7c8aafeff000-7c8ab0b87000 rw-p 00000000 00:00 0 
7c8ab0b87000-7c8ab4000000 ---p 00000000 00:00 0 
7c8ab401c000-7c8ab401d000 ---p 00000000 00:00 0 
7c8ab401d000-7c8ab4021000 ---p 00000000 00:00 0 
7c8ab4021000-7c8ab403f000 rw-p 00000000 00:00 0 
7c8ab403f000-7c8ab4cfd000 rw-p 00000000 00:00 0 
7c8ab4cfd000-7c8ab4cfe000 ---p 00000000 00:00 0 
7c8ab4cfe000-7c8ab4dfe000 rw-p 00000000 00:00 0 
7c8ab4dfe000-7c8ab4dff000 ---p 00000000 00:00 0 
7c8ab4dff000-7c8ab4eff000 rw-p 00000000 00:00 0 
7c8ab4eff000-7c8ab4f00000 ---p 00000000 00:00 0 
7c8ab4f00000-7c8ab5000000 rw-p 00000000 00:00 0 
7c8ab5000000-7c8ab501a000 rw-p 00000000 00:00 0 
7c8ab501a000-7c8ab50e4000 ---p 00000000 00:00 0 
7c8ab50e4000-7c8ab50e6000 rw-p 00000000 00:00 0 
7c8ab50e6000-7c8ab50fa000 ---p 00000000 00:00 0 
7c8ab50fa000-7c8ab50fc000 rw-p 00000000 00:00 0 
7c8ab50fc000-7c8ab5f9e000 ---p 00000000 00:00 0 
7c8ab5f9e000-7c8ab5fa2000 rw-p 00000000 00:00 0 
7c8ab5fb7000-7c8ab5fb9000 r--p 00000000 103:02 51646544                  /usr/lib/libatomic.so.1.2.0
7c8ab5fb9000-7c8ab5fbd000 r-xp 00002000 103:02 51646544                  /usr/lib/libatomic.so.1.2.0
7c8ab5fbd000-7c8ab5fbf000 r--p 00006000 103:02 51646544                  /usr/lib/libatomic.so.1.2.0
7c8ab5fbf000-7c8ab5fc0000 r--p 00007000 103:02 51646544                  /usr/lib/libatomic.so.1.2.0
7c8ab5fc0000-7c8ab5fc1000 rw-p 00008000 103:02 51646544                  /usr/lib/libatomic.so.1.2.0
7c8ab5fc1000-7c8ab7333000 rw-p 00000000 00:00 0 
7c8ab7333000-7c8ab7417000 ---p 00000000 00:00 0 
7c8ab7417000-7c8ab7426000 rw-p 00000000 00:00 0 
7c8ab7426000-7c8ab7500000 ---p 00000000 00:00 0 
7c8ab7500000-7c8ab7504000 ---p 00000000 00:00 0 
7c8ab7504000-7c8ab7600000 rw-p 00000000 00:00 0 
7c8ab7600000-7c8ab7697000 r--p 00000000 103:02 51708318                  /usr/lib/libstdc++.so.6.0.33
7c8ab7697000-7c8ab77e4000 r-xp 00097000 103:02 51708318                  /usr/lib/libstdc++.so.6.0.33
7c8ab77e4000-7c8ab7874000 r--p 001e4000 103:02 51708318                  /usr/lib/libstdc++.so.6.0.33
7c8ab7874000-7c8ab7881000 r--p 00274000 103:02 51708318                  /usr/lib/libstdc++.so.6.0.33
7c8ab7881000-7c8ab7882000 rw-p 00281000 103:02 51708318                  /usr/lib/libstdc++.so.6.0.33
7c8ab7882000-7c8ab7886000 rw-p 00000000 00:00 0 
7c8ab788d000-7c8ab7890000 r--p 00000000 103:02 51656976                  /usr/lib/libcap.so.2.70
7c8ab7890000-7c8ab7895000 r-xp 00003000 103:02 51656976                  /usr/lib/libcap.so.2.70
7c8ab7895000-7c8ab7897000 r--p 00008000 103:02 51656976                  /usr/lib/libcap.so.2.70
7c8ab7897000-7c8ab7898000 r--p 00009000 103:02 51656976                  /usr/lib/libcap.so.2.70
7c8ab7898000-7c8ab7899000 rw-p 0000a000 103:02 51656976                  /usr/lib/libcap.so.2.70
7c8ab7899000-7c8ab78da000 rw-p 00000000 00:00 0 
7c8ab78dc000-7c8ab78e3000 r--s 00000000 103:02 51747551                  /usr/lib/gconv/gconv-modules.cache
7c8ab78e3000-7c8ab78e7000 r--p 00000000 103:02 52695784                  /usr/lib/jvm/java-17-openjdk/lib/libnet.so
7c8ab78e7000-7c8ab78f5000 r-xp 00004000 103:02 52695784                  /usr/lib/jvm/java-17-openjdk/lib/libnet.so
7c8ab78f5000-7c8ab78f8000 r--p 00012000 103:02 52695784                  /usr/lib/jvm/java-17-openjdk/lib/libnet.so
7c8ab78f8000-7c8ab78f9000 r--p 00015000 103:02 52695784                  /usr/lib/jvm/java-17-openjdk/lib/libnet.so
7c8ab78f9000-7c8ab78fa000 rw-p 00016000 103:02 52695784                  /usr/lib/jvm/java-17-openjdk/lib/libnet.so
7c8ab78fa000-7c8ab7901000 r--p 00000000 103:02 52695785                  /usr/lib/jvm/java-17-openjdk/lib/libnio.so
7c8ab7901000-7c8ab790a000 r-xp 00007000 103:02 52695785                  /usr/lib/jvm/java-17-openjdk/lib/libnio.so
7c8ab790a000-7c8ab790f000 r--p 00010000 103:02 52695785                  /usr/lib/jvm/java-17-openjdk/lib/libnio.so
7c8ab790f000-7c8ab7910000 r--p 00014000 103:02 52695785                  /usr/lib/jvm/java-17-openjdk/lib/libnio.so
7c8ab7910000-7c8ab7911000 rw-p 00015000 103:02 52695785                  /usr/lib/jvm/java-17-openjdk/lib/libnio.so
7c8ab7911000-7c8ab791f000 r--p 00000000 103:02 51645846                  /usr/lib/libm.so.6
7c8ab791f000-7c8ab79a2000 r-xp 0000e000 103:02 51645846                  /usr/lib/libm.so.6
7c8ab79a2000-7c8ab79fe000 r--p 00091000 103:02 51645846                  /usr/lib/libm.so.6
7c8ab79fe000-7c8ab79ff000 r--p 000ec000 103:02 51645846                  /usr/lib/libm.so.6
7c8ab79ff000-7c8ab7a00000 rw-p 000ed000 103:02 51645846                  /usr/lib/libm.so.6
7c8ab7a00000-7c8ab7a0d000 r--p 00000000 103:02 53110626                  /usr/lib/jvm/java-17-openjdk/lib/server/libjvm.so
7c8ab7a0d000-7c8ab85f4000 r-xp 0000d000 103:02 53110626                  /usr/lib/jvm/java-17-openjdk/lib/server/libjvm.so
7c8ab85f4000-7c8ab87a4000 r--p 00bf4000 103:02 53110626                  /usr/lib/jvm/java-17-openjdk/lib/server/libjvm.so
7c8ab87a4000-7c8ab8859000 r--p 00da4000 103:02 53110626                  /usr/lib/jvm/java-17-openjdk/lib/server/libjvm.so
7c8ab8859000-7c8ab8889000 rw-p 00e59000 103:02 53110626                  /usr/lib/jvm/java-17-openjdk/lib/server/libjvm.so
7c8ab8889000-7c8ab88e2000 rw-p 00000000 00:00 0 
7c8ab88e3000-7c8ab88e5000 r--p 00000000 103:02 52695793                  /usr/lib/jvm/java-17-openjdk/lib/libzip.so
7c8ab88e5000-7c8ab88e9000 r-xp 00002000 103:02 52695793                  /usr/lib/jvm/java-17-openjdk/lib/libzip.so
7c8ab88e9000-7c8ab88eb000 r--p 00006000 103:02 52695793                  /usr/lib/jvm/java-17-openjdk/lib/libzip.so
7c8ab88eb000-7c8ab88ec000 r--p 00007000 103:02 52695793                  /usr/lib/jvm/java-17-openjdk/lib/libzip.so
7c8ab88ec000-7c8ab88ed000 rw-p 00008000 103:02 52695793                  /usr/lib/jvm/java-17-openjdk/lib/libzip.so
7c8ab88ed000-7c8ab896b000 rw-p 00000000 00:00 0 
7c8ab896b000-7c8ab896f000 r--p 00000000 103:02 51646549                  /usr/lib/libgcc_s.so.1
7c8ab896f000-7c8ab8993000 r-xp 00004000 103:02 51646549                  /usr/lib/libgcc_s.so.1
7c8ab8993000-7c8ab8997000 r--p 00028000 103:02 51646549                  /usr/lib/libgcc_s.so.1
7c8ab8997000-7c8ab8998000 r--p 0002b000 103:02 51646549                  /usr/lib/libgcc_s.so.1
7c8ab8998000-7c8ab8999000 rw-p 0002c000 103:02 51646549                  /usr/lib/libgcc_s.so.1
7c8ab8999000-7c8ab899c000 rw-p 00000000 00:00 0 
7c8ab899c000-7c8ab899f000 r--p 00000000 103:02 51656591                  /usr/lib/libz.so.1.3.1
7c8ab899f000-7c8ab89ad000 r-xp 00003000 103:02 51656591                  /usr/lib/libz.so.1.3.1
7c8ab89ad000-7c8ab89b3000 r--p 00011000 103:02 51656591                  /usr/lib/libz.so.1.3.1
7c8ab89b3000-7c8ab89b4000 r--p 00017000 103:02 51656591                  /usr/lib/libz.so.1.3.1
7c8ab89b4000-7c8ab89b5000 rw-p 00018000 103:02 51656591                  /usr/lib/libz.so.1.3.1
7c8ab89b5000-7c8ab89d9000 r--p 00000000 103:02 51645820                  /usr/lib/libc.so.6
7c8ab89d9000-7c8ab8b4a000 r-xp 00024000 103:02 51645820                  /usr/lib/libc.so.6
7c8ab8b4a000-7c8ab8b98000 r--p 00195000 103:02 51645820                  /usr/lib/libc.so.6
7c8ab8b98000-7c8ab8b9c000 r--p 001e3000 103:02 51645820                  /usr/lib/libc.so.6
7c8ab8b9c000-7c8ab8b9e000 rw-p 001e7000 103:02 51645820                  /usr/lib/libc.so.6
7c8ab8b9e000-7c8ab8ba6000 rw-p 00000000 00:00 0 
7c8ab8bab000-7c8ab8bb2000 rw-p 00000000 00:00 0 
7c8ab8bb2000-7c8ab8bba000 ---p 00000000 00:00 0 
7c8ab8bba000-7c8ab8bc4000 r--p 00000000 103:02 52695770                  /usr/lib/jvm/java-17-openjdk/lib/libjava.so
7c8ab8bc4000-7c8ab8bd5000 r-xp 0000a000 103:02 52695770                  /usr/lib/jvm/java-17-openjdk/lib/libjava.so
7c8ab8bd5000-7c8ab8bda000 r--p 0001b000 103:02 52695770                  /usr/lib/jvm/java-17-openjdk/lib/libjava.so
7c8ab8bda000-7c8ab8bdb000 r--p 00020000 103:02 52695770                  /usr/lib/jvm/java-17-openjdk/lib/libjava.so
7c8ab8bdb000-7c8ab8bdc000 rw-p 00021000 103:02 52695770                  /usr/lib/jvm/java-17-openjdk/lib/libjava.so
7c8ab8bdc000-7c8ab8bdd000 rw-p 00000000 00:00 0 
7c8ab8bdd000-7c8ab8be5000 rw-s 00000000 00:2a 4441                       /tmp/hsperfdata_mahir/64802
7c8ab8be5000-7c8ab8be6000 ---p 00000000 00:00 0 
7c8ab8be6000-7c8ab8be7000 r--p 00000000 00:00 0 
7c8ab8be7000-7c8ab8be8000 ---p 00000000 00:00 0 
7c8ab8be8000-7c8ab8be9000 r--p 00000000 103:02 52695774                  /usr/lib/jvm/java-17-openjdk/lib/libjimage.so
7c8ab8be9000-7c8ab8beb000 r-xp 00001000 103:02 52695774                  /usr/lib/jvm/java-17-openjdk/lib/libjimage.so
7c8ab8beb000-7c8ab8bec000 r--p 00003000 103:02 52695774                  /usr/lib/jvm/java-17-openjdk/lib/libjimage.so
7c8ab8bec000-7c8ab8bed000 r--p 00003000 103:02 52695774                  /usr/lib/jvm/java-17-openjdk/lib/libjimage.so
7c8ab8bed000-7c8ab8bee000 rw-p 00004000 103:02 52695774                  /usr/lib/jvm/java-17-openjdk/lib/libjimage.so
7c8ab8bee000-7c8ab8bf0000 r--p 00000000 103:02 52695775                  /usr/lib/jvm/java-17-openjdk/lib/libjli.so
7c8ab8bf0000-7c8ab8bf9000 r-xp 00002000 103:02 52695775                  /usr/lib/jvm/java-17-openjdk/lib/libjli.so
7c8ab8bf9000-7c8ab8bfc000 r--p 0000b000 103:02 52695775                  /usr/lib/jvm/java-17-openjdk/lib/libjli.so
7c8ab8bfc000-7c8ab8bfd000 r--p 0000d000 103:02 52695775                  /usr/lib/jvm/java-17-openjdk/lib/libjli.so
7c8ab8bfd000-7c8ab8bfe000 rw-p 0000e000 103:02 52695775                  /usr/lib/jvm/java-17-openjdk/lib/libjli.so
7c8ab8bfe000-7c8ab8c00000 rw-p 00000000 00:00 0 
7c8ab8c00000-7c8ab8c04000 r--p 00000000 00:00 0                          [vvar]
7c8ab8c04000-7c8ab8c06000 r-xp 00000000 00:00 0                          [vdso]
7c8ab8c06000-7c8ab8c07000 r--p 00000000 103:02 51645765                  /usr/lib/ld-linux-x86-64.so.2
7c8ab8c07000-7c8ab8c30000 r-xp 00001000 103:02 51645765                  /usr/lib/ld-linux-x86-64.so.2
7c8ab8c30000-7c8ab8c3a000 r--p 0002a000 103:02 51645765                  /usr/lib/ld-linux-x86-64.so.2
7c8ab8c3a000-7c8ab8c3c000 r--p 00034000 103:02 51645765                  /usr/lib/ld-linux-x86-64.so.2
7c8ab8c3c000-7c8ab8c3e000 rw-p 00036000 103:02 51645765                  /usr/lib/ld-linux-x86-64.so.2
7fffca498000-7fffca4ba000 rw-p 00000000 00:00 0                          [stack]
ffffffffff600000-ffffffffff601000 --xp 00000000 00:00 0                  [vsyscall]


VM Arguments:
jvm_args: -Duser.dir=/home/mahir/fun/CPU/nebula-risc-v 
java_command: nebula.test.decoder_test
java_class_path (initial): /home/mahir/fun/CPU/nebula-risc-v/.metals/.tmp/classpath_D396668B14945090A346EEF16EE03581.jar
Launcher Type: SUN_STANDARD

[Global flags]
     intx CICompilerCount                          = 12                                        {product} {ergonomic}
     uint ConcGCThreads                            = 5                                         {product} {ergonomic}
     uint G1ConcRefinementThreads                  = 18                                        {product} {ergonomic}
   size_t G1HeapRegionSize                         = 4194304                                   {product} {ergonomic}
    uintx GCDrainStackTargetSize                   = 64                                        {product} {ergonomic}
   size_t InitialHeapSize                          = 528482304                                 {product} {ergonomic}
   size_t MarkStackSize                            = 4194304                                   {product} {ergonomic}
   size_t MaxHeapSize                              = 8392802304                                {product} {ergonomic}
   size_t MaxNewSize                               = 5033164800                                {product} {ergonomic}
   size_t MinHeapDeltaBytes                        = 4194304                                   {product} {ergonomic}
   size_t MinHeapSize                              = 8388608                                   {product} {ergonomic}
    uintx NonNMethodCodeHeapSize                   = 7602480                                {pd product} {ergonomic}
    uintx NonProfiledCodeHeapSize                  = 122027880                              {pd product} {ergonomic}
    uintx ProfiledCodeHeapSize                     = 122027880                              {pd product} {ergonomic}
    uintx ReservedCodeCacheSize                    = 251658240                              {pd product} {ergonomic}
     bool SegmentedCodeCache                       = true                                      {product} {ergonomic}
   size_t SoftMaxHeapSize                          = 8392802304                             {manageable} {ergonomic}
     bool UseCompressedClassPointers               = true                           {product lp64_product} {ergonomic}
     bool UseCompressedOops                        = true                           {product lp64_product} {ergonomic}
     bool UseG1GC                                  = true                                      {product} {ergonomic}

Logging:
Log output configuration:
 #0: stdout all=warning uptime,level,tags
 #1: stderr all=off uptime,level,tags

Environment Variables:
PATH=/usr/local/sbin:/usr/local/bin:/usr/bin:/var/lib/flatpak/exports/bin:/usr/lib/jvm/default/bin:/usr/bin/site_perl:/usr/bin/vendor_perl:/usr/bin/core_perl:/opt/rocm/bin:/home/mahir/.local/bin:/home/mahir/.local/share/coursier/bin
SHELL=/bin/zsh
DISPLAY=:1
LANG=en_GB.UTF-8
LC_NUMERIC=en_GB.UTF-8
LC_TIME=en_GB.UTF-8
TERM=xterm-256color

Active Locale:
LC_ALL=en_GB.UTF-8
LC_COLLATE=en_GB.UTF-8
LC_CTYPE=en_GB.UTF-8
LC_MESSAGES=en_GB.UTF-8
LC_MONETARY=en_GB.UTF-8
LC_NUMERIC=en_GB.UTF-8
LC_TIME=en_GB.UTF-8

Signal Handlers:
   SIGSEGV: 0x00007c8ab8430aa0 in libjvm.so+10685088, mask=11100100010111111101111111111110, flags=SA_RESTART|SA_SIGINFO, unblocked
    SIGBUS: 0x00007c8ab8430aa0 in libjvm.so+10685088, mask=11100100010111111101111111111110, flags=SA_RESTART|SA_SIGINFO, unblocked
    SIGFPE: 0x00007c8ab8430aa0 in libjvm.so+10685088, mask=11100100010111111101111111111110, flags=SA_RESTART|SA_SIGINFO, unblocked
   SIGPIPE: 0x00007c8ab834c400 in libjvm.so+9749504, mask=11100100010111111101111111111110, flags=SA_RESTART|SA_SIGINFO, blocked
   SIGXFSZ: 0x00007c8ab834c400 in libjvm.so+9749504, mask=11100100010111111101111111111110, flags=SA_RESTART|SA_SIGINFO, blocked
    SIGILL: 0x00007c8ab8430aa0 in libjvm.so+10685088, mask=11100100010111111101111111111110, flags=SA_RESTART|SA_SIGINFO, unblocked
   SIGUSR2: 0x00007c8ab834b440 in libjvm.so+9745472, mask=00000000000000000000000000000000, flags=SA_RESTART|SA_SIGINFO, blocked
    SIGHUP: 0x00007c8ab834b3c0 in libjvm.so+9745344, mask=11100100010111111101111111111110, flags=SA_RESTART|SA_SIGINFO, blocked
    SIGINT: 0x00007c8ab834b3c0 in libjvm.so+9745344, mask=11100100010111111101111111111110, flags=SA_RESTART|SA_SIGINFO, blocked
   SIGTERM: 0x00007c8ab834b3c0 in libjvm.so+9745344, mask=11100100010111111101111111111110, flags=SA_RESTART|SA_SIGINFO, blocked
   SIGQUIT: 0x00007c8ab834b3c0 in libjvm.so+9745344, mask=11100100010111111101111111111110, flags=SA_RESTART|SA_SIGINFO, blocked
   SIGTRAP: 0x00007c8ab8430aa0 in libjvm.so+10685088, mask=11100100010111111101111111111110, flags=SA_RESTART|SA_SIGINFO, unblocked


Periodic native trim disabled


---------------  S Y S T E M  ---------------

OS:
DISTRIB_ID="EndeavourOS"
DISTRIB_RELEASE="rolling"
DISTRIB_DESCRIPTION="EndeavourOS Linux"
DISTRIB_CODENAME="rolling"
uname: Linux 6.11.1-arch1-1 #1 SMP PREEMPT_DYNAMIC Mon, 30 Sep 2024 23:49:50 +0000 x86_64
OS uptime: 0 days 10:13 hours
libc: glibc 2.40 NPTL 2.40 
rlimit (soft/hard): STACK 8192k/infinity , CORE infinity/infinity , NPROC 127623/127623 , NOFILE 524288/524288 , AS infinity/infinity , CPU infinity/infinity , DATA infinity/infinity , FSIZE infinity/infinity , MEMLOCK 8192k/8192k
load average: 1.63 1.38 1.08

/proc/meminfo:
MemTotal:       32782568 kB
MemFree:        14700372 kB
MemAvailable:   23984868 kB
Buffers:          914720 kB
Cached:          8331820 kB
SwapCached:            0 kB
Active:          9734660 kB
Inactive:        6272968 kB
Active(anon):    6844856 kB
Inactive(anon):        0 kB
Active(file):    2889804 kB
Inactive(file):  6272968 kB
Unevictable:          32 kB
Mlocked:              32 kB
SwapTotal:             0 kB
SwapFree:              0 kB
Zswap:                 0 kB
Zswapped:              0 kB
Dirty:            155472 kB
Writeback:             0 kB
AnonPages:       6687912 kB
Mapped:          1266584 kB
Shmem:             83768 kB
KReclaimable:     587264 kB
Slab:             812240 kB
SReclaimable:     587264 kB
SUnreclaim:       224976 kB
KernelStack:       29888 kB
PageTables:        63272 kB
SecPageTables:      5384 kB
NFS_Unstable:          0 kB
Bounce:                0 kB
WritebackTmp:          0 kB
CommitLimit:    16391284 kB
Committed_AS:   20695876 kB
VmallocTotal:   34359738367 kB
VmallocUsed:      117284 kB
VmallocChunk:          0 kB
Percpu:            56640 kB
HardwareCorrupted:     0 kB
AnonHugePages:   2185216 kB
ShmemHugePages:        0 kB
ShmemPmdMapped:        0 kB
FileHugePages:    550912 kB
FilePmdMapped:    231424 kB
CmaTotal:              0 kB
CmaFree:               0 kB
Unaccepted:            0 kB
HugePages_Total:       0
HugePages_Free:        0
HugePages_Rsvd:        0
HugePages_Surp:        0
Hugepagesize:       2048 kB
Hugetlb:               0 kB
DirectMap4k:      758040 kB
DirectMap2M:    15939584 kB
DirectMap1G:    16777216 kB

/sys/kernel/mm/transparent_hugepage/enabled: [always] madvise never
/sys/kernel/mm/transparent_hugepage/hpage_pmd_size: 2097152
/sys/kernel/mm/transparent_hugepage/defrag (defrag/compaction efforts parameter): always defer defer+madvise [madvise] never

Process Memory:
Virtual Size: 13102232K (peak: 13102520K)
Resident Set Size: 222948K (peak: 226596K) (anon: 178516K, file: 44432K, shmem: 0K)
Swapped out: 0K
C-Heap outstanding allocations: 94121K, retained: 30754K
glibc malloc tunables: (default)

/proc/sys/kernel/threads-max (system-wide limit on the number of threads): 255246
/proc/sys/vm/max_map_count (maximum number of memory map areas a process may have): 1048576
/proc/sys/vm/swappiness (control to define how aggressively the kernel swaps out anonymous memory): 60
/proc/sys/kernel/pid_max (system-wide limit on number of process identifiers): 4194304

container (cgroup) information:
container_type: cgroupv2
cpu_cpuset_cpus: not supported
cpu_memory_nodes: not supported
active_processor_count: 24
cpu_quota: no quota
cpu_period: 100000
cpu_shares: no shares
memory_limit_in_bytes: unlimited
memory_and_swap_limit_in_bytes: unlimited
memory_soft_limit_in_bytes: unlimited
memory_usage_in_bytes: 12752844 k
memory_max_usage_in_bytes: not supported
memory_swap_current_in_bytes: unlimited
memory_swap_max_limit_in_bytes: unlimited
maximum number of tasks: unlimited
current number of tasks: 1372

Steal ticks since vm start: 0
Steal ticks percentage since vm start:  0.000

CPU: total 24 (initial active 24) (24 cores per cpu, 2 threads per core) family 25 model 33 stepping 2 microcode 0xa20120a, cx8, cmov, fxsr, ht, mmx, 3dnowpref, sse, sse2, sse3, ssse3, sse4a, sse4.1, sse4.2, popcnt, lzcnt, tsc, tscinvbit, avx, avx2, aes, erms, clmul, bmi1, bmi2, adx, sha, fma, vzeroupper, clflush, clflushopt
CPU Model and flags from /proc/cpuinfo:
model name	: AMD Ryzen 9 5900X 12-Core Processor
flags		: fpu vme de pse tsc msr pae mce cx8 apic sep mtrr pge mca cmov pat pse36 clflush mmx fxsr sse sse2 ht syscall nx mmxext fxsr_opt pdpe1gb rdtscp lm constant_tsc rep_good nopl xtopology nonstop_tsc cpuid extd_apicid aperfmperf rapl pni pclmulqdq monitor ssse3 fma cx16 sse4_1 sse4_2 x2apic movbe popcnt aes xsave avx f16c rdrand lahf_lm cmp_legacy svm extapic cr8_legacy abm sse4a misalignsse 3dnowprefetch osvw ibs skinit wdt tce topoext perfctr_core perfctr_nb bpext perfctr_llc mwaitx cpb cat_l3 cdp_l3 hw_pstate ssbd mba ibrs ibpb stibp vmmcall fsgsbase bmi1 avx2 smep bmi2 erms invpcid cqm rdt_a rdseed adx smap clflushopt clwb sha_ni xsaveopt xsavec xgetbv1 xsaves cqm_llc cqm_occup_llc cqm_mbm_total cqm_mbm_local user_shstk clzero irperf xsaveerptr rdpru wbnoinvd arat npt lbrv svm_lock nrip_save tsc_scale vmcb_clean flushbyasid decodeassists pausefilter pfthreshold avic v_vmsave_vmload vgif v_spec_ctrl umip pku ospke vaes vpclmulqdq rdpid overflow_recov succor smca fsrm debug_swap

Online cpus: 0-23
Offline cpus: 
BIOS frequency limitation: <Not Available>
Frequency switch latency (ns): 0
Available cpu frequencies: <Not Available>
Current governor: powersave
Core performance/turbo boost: 1

Memory: 4k page, physical 32782568k(14700372k free), swap 0k(0k free)
Page Sizes: 4k

vm_info: OpenJDK 64-Bit Server VM (17.0.12+7) for linux-amd64 JRE (17.0.12+7), built on Jul 17 2024 13:35:02 by "builduser" with gcc 14.1.1 20240522

END.
