#
# A fatal error has been detected by the Java Runtime Environment:
#
#  SIGSEGV (0xb) at pc=0x00007451c228e89d, pid=67597, tid=67599
#
# JRE version: OpenJDK Runtime Environment (17.0.12+7) (build 17.0.12+7)
# Java VM: OpenJDK 64-Bit Server VM (17.0.12+7, mixed mode, sharing, tiered, compressed oops, compressed class ptrs, g1 gc, linux-amd64)
# Problematic frame:
# C  [verilator_642291766835216141.so+0x3089d]  sc_time_stamp()+0x14
#
# Core dump will be written. Default location: Core dumps may be processed with "/usr/lib/systemd/systemd-coredump %P %u %g %s %t %c %h" (or dumping to /home/mahir/fun/CPU/nebula-risc-v/core.67597)
#
# If you would like to submit a bug report, please visit:
#   https://bugreport.java.com/bugreport/crash.jsp
# The crash happened outside the Java Virtual Machine in native code.
# See problematic frame for where to report the bug.
#

---------------  S U M M A R Y ------------

Command Line: -Duser.dir=/home/mahir/fun/CPU/nebula-risc-v nebula.test.decoder_test

Host: AMD Ryzen 9 5900X 12-Core Processor, 24 cores, 31G, EndeavourOS Linux
Time: Thu Oct  3 19:00:19 2024 BST elapsed time: 0.881504 seconds (0d 0h 0m 0s)

---------------  T H R E A D  ---------------

Current thread (0x00007451ec0159e0):  JavaThread "main" [_thread_in_native, id=67599, stack(0x00007451f1500000,0x00007451f1600000)]

Stack: [0x00007451f1500000,0x00007451f1600000],  sp=0x00007451f15fdd30,  free space=1015k
Native frames: (J=compiled Java code, j=interpreted, Vv=VM code, C=native code)
C  [verilator_642291766835216141.so+0x3089d]  sc_time_stamp()+0x14
C  [verilator_642291766835216141.so+0x47137]  VerilatedContext::time() const+0x31
C  [verilator_642291766835216141.so+0x40162]  VerilatedContext::addModel(VerilatedModel*)+0xa0
C  [verilator_642291766835216141.so+0x769af]  VdecoderForTest::VdecoderForTest(VerilatedContext*, char const*)+0xf1
C  [verilator_642291766835216141.so+0x76a9b]  VdecoderForTest::VdecoderForTest(char const*)+0x2b

Java frames: (J=compiled Java code, j=interpreted, Vv=VM code)
j  wrapper_verilator.VerilatorNative.newHandle_642291766835216141(Ljava/lang/String;Ljava/lang/String;I)J+0
j  wrapper_verilator.VerilatorNative.newHandle(Ljava/lang/String;Ljava/lang/String;I)J+4
j  spinal.sim.VerilatorBackend.instanciate(Ljava/lang/String;I)J+135
j  spinal.core.sim.SpinalSimConfig$$anon$3.newSimRaw(Ljava/lang/String;I)Lspinal/sim/SimRaw;+14
j  spinal.core.sim.SimCompiled.doSimApi(Ljava/lang/String;IZLscala/Function1;)V+47
j  spinal.core.sim.SimCompiled.doSim(Lscala/Function1;)V+23
j  nebula.test.decoder_test$.delayedEndpoint$nebula$test$decoder_test$1()V+22
j  nebula.test.decoder_test$delayedInit$body.apply()Ljava/lang/Object;+4
j  scala.Function0.apply$mcV$sp()V+1
j  scala.Function0.apply$mcV$sp$(Lscala/Function0;)V+1
j  scala.runtime.AbstractFunction0.apply$mcV$sp()V+1
j  scala.App.$anonfun$main$1$adapted(Lscala/Function0;)Ljava/lang/Object;+1
j  scala.App$$Lambda$5+0x0000745164036fe0.apply(Ljava/lang/Object;)Ljava/lang/Object;+4
j  scala.collection.immutable.List.foreach(Lscala/Function1;)V+14
j  scala.App.main([Ljava/lang/String;)V+33
j  scala.App.main$(Lscala/App;[Ljava/lang/String;)V+2
j  nebula.test.decoder_test$.main([Ljava/lang/String;)V+2
j  nebula.test.decoder_test.main([Ljava/lang/String;)V+4
v  ~StubRoutines::call_stub

siginfo: si_signo: 11 (SIGSEGV), si_code: 1 (SEGV_MAPERR), si_addr: 0x0000000000000008

Registers:
RAX=0x0000000000000000, RBX=0x00007451ec8ed900, RCX=0x0000000001571d12, RDX=0x00005ca9ebaaef90
RSP=0x00007451f15fdd30, RBP=0x00007451f15fdd40, RSI=0x0000000000000000, RDI=0x00007451c22f9f10
R8 =0x0010c5acecb22e8b, R9 =0x0000000000000001, R10=0x0000000000000000, R11=0x00007451f2bf4080
R12=0x00007451ec8ed880, R13=0x0000000000000001, R14=0x00007451ec8ed1a8, R15=0x00007451ecc73f70
RIP=0x00007451c228e89d, EFLAGS=0x0000000000010202, CSGSFS=0x002b000000000033, ERR=0x0000000000000004
  TRAPNO=0x000000000000000e


Register to memory mapping:

RAX=0x0 is NULL
RBX=0x00007451ec8ed900 points into unknown readable memory: 0x00007451c22fc440 | 40 c4 2f c2 51 74 00 00
RCX=0x0000000001571d12 is an unknown value
RDX=0x00005ca9ebaaef90 points into unknown readable memory: 0x0000000000000004 | 04 00 00 00 00 00 00 00
RSP=0x00007451f15fdd30 is pointing into the stack for thread: 0x00007451ec0159e0
RBP=0x00007451f15fdd40 is pointing into the stack for thread: 0x00007451ec0159e0
RSI=0x0 is NULL
RDI=0x00007451c22f9f10: <offset 0x000000000009bf10> in /home/mahir/fun/CPU/nebula-risc-v/simWorkspace/decoderForTest/verilator/verilator_642291766835216141.so at 0x00007451c225e000
R8 =0x0010c5acecb22e8b is an unknown value
R9 =0x0000000000000001 is an unknown value
R10=0x0 is NULL
R11=0x00007451f2bf4080 points into unknown readable memory: 0x0000000101571d12 | 12 1d 57 01 01 00 00 00
R12=0x00007451ec8ed880 points into unknown readable memory: 0x00007451c22f97b8 | b8 97 2f c2 51 74 00 00
R13=0x0000000000000001 is an unknown value
R14=0x00007451ec8ed1a8 points into unknown readable memory: 0x00007451c22f96a0 | a0 96 2f c2 51 74 00 00
R15=0x00007451ecc73f70 points into unknown readable memory: 0x0000000074736574 | 74 65 73 74 00 00 00 00


Top of Stack: (sp=0x00007451f15fdd30)
0x00007451f15fdd30:   0000000000000001 00007451c22a50cd
0x00007451f15fdd40:   00007451f15fdd60 00007451c22a5137
0x00007451f15fdd50:   00007451c22fc440 00007451c22fc440
0x00007451f15fdd60:   00007451f15fdf40 00007451c229e162
0x00007451f15fdd70:   00007451ec8ed880 00007451c22fc440
0x00007451f15fdd80:   0000000000000000 00007451c22fc440
0x00007451f15fdd90:   9999999999999999 0000000000000000
0x00007451f15fdda0:   2020202020202020 00007451c22fc440
0x00007451f15fddb0:   00007451f15fdde0 00007451c229ff6f
0x00007451f15fddc0:   0000000000000000 36c6cd28c22fc440
0x00007451f15fddd0:   00007451f15fdde0 00007451c22a5ebf
0x00007451f15fdde0:   00007451f15fde00 00007451c229140e
0x00007451f15fddf0:   0000000000000001 00007451ec8ed900
0x00007451f15fde00:   00007451ec8ed880 0000000000000001
0x00007451f15fde10:   00007451ec8ed1a8 00007451ecc73f70
0x00007451f15fde20:   00007451f15fde40 00007451c22a4bc4
0x00007451f15fde30:   00007451f15fde40 00007451c22fc440
0x00007451f15fde40:   00007451f15fde60 00007451c22a4ca0
0x00007451f15fde50:   00007451f15fde70 00007451c22a4bf3
0x00007451f15fde60:   00007451f15fde80 00007451c22fc440
0x00007451f15fde70:   00007451f15fde90 00007451c22a4cc0
0x00007451f15fde80:   00007451f15fdeb0 00007451c22fc440
0x00007451f15fde90:   00007451f15fdeb0 00007451c22a4d46
0x00007451f15fdea0:   00007451ec8ed900 00007451c22fc440
0x00007451f15fdeb0:   00007451f15fded0 00007451c22a4da9
0x00007451f15fdec0:   00007451c22fc440 00007451f15fdef0
0x00007451f15fded0:   00007451f15fdf00 00007451c22d619c
0x00007451f15fdee0:   0000000c00800000 00007451c22fc440
0x00007451f15fdef0:   00007401c22fc440 00007451ec8ed9c0
0x00007451f15fdf00:   00007451f15fdf40 00007451c22d60c9
0x00007451f15fdf10:   00007451ec8ed880 00007451c22d7000
0x00007451f15fdf20:   00007451c22fc440 051d03051fcd0700 

Instructions: (pc=0x00007451c228e89d)
0x00007451c228e79d:   b8 ff ff ff 25 12 dc 06 00 68 77 04 00 00 e9 70
0x00007451c228e7ad:   b8 ff ff ff 25 9a b7 06 00 66 90 ff 25 02 b8 06
0x00007451c228e7bd:   00 66 90 48 8d 3d 51 dc 06 00 48 8d 05 4a dc 06
0x00007451c228e7cd:   00 48 39 f8 74 15 48 8b 05 d6 b7 06 00 48 85 c0
0x00007451c228e7dd:   74 09 ff e0 0f 1f 80 00 00 00 00 c3 0f 1f 80 00
0x00007451c228e7ed:   00 00 00 48 8d 3d 21 dc 06 00 48 8d 35 1a dc 06
0x00007451c228e7fd:   00 48 29 fe 48 89 f0 48 c1 ee 3f 48 c1 f8 03 48
0x00007451c228e80d:   01 c6 48 d1 fe 74 14 48 8b 05 c5 b7 06 00 48 85
0x00007451c228e81d:   c0 74 08 ff e0 66 0f 1f 44 00 00 c3 0f 1f 80 00
0x00007451c228e82d:   00 00 00 f3 0f 1e fa 80 3d e5 db 06 00 00 75 33
0x00007451c228e83d:   55 48 83 3d f2 b6 06 00 00 48 89 e5 74 0d 48 8b
0x00007451c228e84d:   3d 6e db 06 00 ff 15 e0 b6 06 00 e8 63 ff ff ff
0x00007451c228e85d:   c6 05 bc db 06 00 01 5d c3 66 2e 0f 1f 84 00 00
0x00007451c228e86d:   00 00 00 c3 66 66 2e 0f 1f 84 00 00 00 00 00 0f
0x00007451c228e87d:   1f 40 00 f3 0f 1e fa e9 67 ff ff ff 52 48 8d 3d
0x00007451c228e88d:   7f b6 06 00 e8 4a f4 ff ff 48 8b 80 00 00 00 00
0x00007451c228e89d:   48 8b 40 08 48 85 c0 78 07 f2 48 0f 2a c0 eb 15
0x00007451c228e8ad:   48 89 c2 83 e0 01 48 d1 ea 48 09 c2 f2 48 0f 2a
0x00007451c228e8bd:   c2 f2 0f 58 c0 58 c3 50 89 f2 31 c0 48 89 fe 48
0x00007451c228e8cd:   8d 3d 6d 87 04 00 e8 58 b8 ff ff e8 60 03 00 00
0x00007451c228e8dd:   be 01 00 00 00 5a 48 89 c7 e9 9d ee 00 00 41 57
0x00007451c228e8ed:   41 56 49 89 d6 41 55 41 54 49 89 cc 55 53 48 89
0x00007451c228e8fd:   fb 49 63 f8 48 83 ec 18 89 7c 24 0c e8 f2 f2 ff
0x00007451c228e90d:   ff 48 8b 03 31 d2 4c 89 f6 48 89 df ff 90 48 05
0x00007451c228e91d:   00 00 31 d2 4c 89 e6 48 89 df 49 89 c7 48 8b 03
0x00007451c228e92d:   ff 90 48 05 00 00 bf 78 04 00 00 49 89 c5 e8 e0
0x00007451c228e93d:   db ff ff 8b 4c 24 0c 4c 89 ea 4c 89 fe 48 89 c7
0x00007451c228e94d:   48 89 c5 e8 d7 03 00 00 48 8b 03 4c 89 fa 4c 89
0x00007451c228e95d:   f6 48 89 df ff 90 50 05 00 00 48 8b 03 4c 89 ea
0x00007451c228e96d:   4c 89 e6 48 89 df ff 90 50 05 00 00 48 83 c4 18
0x00007451c228e97d:   48 89 e8 5b 5d 41 5c 41 5d 41 5e 41 5f c3 48 89
0x00007451c228e98d:   c3 48 89 ef be 78 04 00 00 e8 25 dc ff ff 48 89 


Stack slot to memory mapping:
stack at sp + 0 slots: 0x0000000000000001 is an unknown value
stack at sp + 1 slots: 0x00007451c22a50cd: <offset 0x00000000000470cd> in /home/mahir/fun/CPU/nebula-risc-v/simWorkspace/decoderForTest/verilator/verilator_642291766835216141.so at 0x00007451c225e000
stack at sp + 2 slots: 0x00007451f15fdd60 is pointing into the stack for thread: 0x00007451ec0159e0
stack at sp + 3 slots: 0x00007451c22a5137: <offset 0x0000000000047137> in /home/mahir/fun/CPU/nebula-risc-v/simWorkspace/decoderForTest/verilator/verilator_642291766835216141.so at 0x00007451c225e000
stack at sp + 4 slots: 0x00007451c22fc440: <offset 0x000000000009e440> in /home/mahir/fun/CPU/nebula-risc-v/simWorkspace/decoderForTest/verilator/verilator_642291766835216141.so at 0x00007451c225e000
stack at sp + 5 slots: 0x00007451c22fc440: <offset 0x000000000009e440> in /home/mahir/fun/CPU/nebula-risc-v/simWorkspace/decoderForTest/verilator/verilator_642291766835216141.so at 0x00007451c225e000
stack at sp + 6 slots: 0x00007451f15fdf40 is pointing into the stack for thread: 0x00007451ec0159e0
stack at sp + 7 slots: 0x00007451c229e162: <offset 0x0000000000040162> in /home/mahir/fun/CPU/nebula-risc-v/simWorkspace/decoderForTest/verilator/verilator_642291766835216141.so at 0x00007451c225e000


---------------  P R O C E S S  ---------------

Threads class SMR info:
_java_thread_list=0x0000745104120250, length=23, elements={
0x00007451ec0159e0, 0x00007451ec16d390, 0x00007451ec16e790, 0x00007451ec173d00,
0x00007451ec1750d0, 0x00007451ec176500, 0x00007451ec177f50, 0x00007451ec1794a0,
0x00007451ec17a930, 0x00007451ec182760, 0x00007451ec185ed0, 0x000074512c024020,
0x000074511003a080, 0x000074511003b250, 0x0000745104060ea0, 0x00007451ec5a9e70,
0x00007451ec58e580, 0x00007450fc00e470, 0x000074512c0ded50, 0x00007450a4001680,
0x000074512c0e0680, 0x00007450a4003520, 0x000074510411f5b0
}

Java Threads: ( => current thread )
=>0x00007451ec0159e0 JavaThread "main" [_thread_in_native, id=67599, stack(0x00007451f1500000,0x00007451f1600000)]
  0x00007451ec16d390 JavaThread "Reference Handler" daemon [_thread_blocked, id=67606, stack(0x00007451babed000,0x00007451baced000)]
  0x00007451ec16e790 JavaThread "Finalizer" daemon [_thread_blocked, id=67607, stack(0x00007451baaec000,0x00007451babec000)]
  0x00007451ec173d00 JavaThread "Signal Dispatcher" daemon [_thread_blocked, id=67608, stack(0x00007451ba9eb000,0x00007451baaeb000)]
  0x00007451ec1750d0 JavaThread "Service Thread" daemon [_thread_blocked, id=67609, stack(0x00007451ba500000,0x00007451ba600000)]
  0x00007451ec176500 JavaThread "Monitor Deflation Thread" daemon [_thread_blocked, id=67610, stack(0x00007451ba3ff000,0x00007451ba4ff000)]
  0x00007451ec177f50 JavaThread "C2 CompilerThread0" daemon [_thread_in_native, id=67611, stack(0x00007451ba2fe000,0x00007451ba3fe000)]
  0x00007451ec1794a0 JavaThread "C1 CompilerThread0" daemon [_thread_blocked, id=67612, stack(0x00007451ba1fd000,0x00007451ba2fd000)]
  0x00007451ec17a930 JavaThread "Sweeper thread" daemon [_thread_blocked, id=67613, stack(0x00007451ba0fc000,0x00007451ba1fc000)]
  0x00007451ec182760 JavaThread "Notification Thread" daemon [_thread_blocked, id=67614, stack(0x00007451b9ffb000,0x00007451ba0fb000)]
  0x00007451ec185ed0 JavaThread "Common-Cleaner" daemon [_thread_blocked, id=67616, stack(0x00007451b9df9000,0x00007451b9ef9000)]
  0x000074512c024020 JavaThread "C1 CompilerThread1" daemon [_thread_blocked, id=67617, stack(0x00007451b9cf8000,0x00007451b9df8000)]
  0x000074511003a080 JavaThread "C1 CompilerThread2" daemon [_thread_blocked, id=67618, stack(0x00007451b9bf7000,0x00007451b9cf7000)]
  0x000074511003b250 JavaThread "C1 CompilerThread3" daemon [_thread_blocked, id=67619, stack(0x00007451b9af6000,0x00007451b9bf6000)]
  0x0000745104060ea0 JavaThread "C2 CompilerThread1" daemon [_thread_blocked, id=67620, stack(0x00007451b99f5000,0x00007451b9af5000)]
  0x00007451ec5a9e70 JavaThread "process reaper" daemon [_thread_blocked, id=67633, stack(0x00007451d51de000,0x00007451d5200000)]
  0x00007451ec58e580 JavaThread "JNA Cleaner" daemon [_thread_blocked, id=67634, stack(0x00007451b8de9000,0x00007451b8ee9000)]
  0x00007450fc00e470 JavaThread "C2 CompilerThread2" daemon [_thread_blocked, id=67638, stack(0x00007451b8900000,0x00007451b8a00000)]
  0x000074512c0ded50 JavaThread "C2 CompilerThread3" daemon [_thread_blocked, id=67639, stack(0x00007451b87ff000,0x00007451b88ff000)]
  0x00007450a4001680 JavaThread "C2 CompilerThread4" daemon [_thread_in_native, id=67640, stack(0x00007451b86fe000,0x00007451b87fe000)]
  0x000074512c0e0680 JavaThread "C2 CompilerThread5" daemon [_thread_blocked, id=67641, stack(0x00007451b85fd000,0x00007451b86fd000)]
  0x00007450a4003520 JavaThread "C2 CompilerThread6" daemon [_thread_blocked, id=67642, stack(0x00007451b84fc000,0x00007451b85fc000)]
  0x000074510411f5b0 JavaThread "C2 CompilerThread7" daemon [_thread_blocked, id=67660, stack(0x00007451b80f8000,0x00007451b81f8000)]

Other Threads:
  0x00007451ec1693f0 VMThread "VM Thread" [stack: 0x00007451bacee000,0x00007451badee000] [id=67605]
  0x00007451ec1840c0 WatcherThread [stack: 0x00007451b9efa000,0x00007451b9ffa000] [id=67615]
  0x00007451ec045c50 GCTaskThread "GC Thread#0" [stack: 0x00007451ebf00000,0x00007451ec000000] [id=67600]
  0x0000745158007ef0 GCTaskThread "GC Thread#1" [stack: 0x00007451b98f4000,0x00007451b99f4000] [id=67621]
  0x0000745158008910 GCTaskThread "GC Thread#2" [stack: 0x00007451b97f3000,0x00007451b98f3000] [id=67622]
  0x0000745158009330 GCTaskThread "GC Thread#3" [stack: 0x00007451b96f2000,0x00007451b97f2000] [id=67623]
  0x0000745158009d50 GCTaskThread "GC Thread#4" [stack: 0x00007451b95f1000,0x00007451b96f1000] [id=67624]
  0x000074515800a770 GCTaskThread "GC Thread#5" [stack: 0x00007451b94f0000,0x00007451b95f0000] [id=67625]
  0x000074515800b1c0 GCTaskThread "GC Thread#6" [stack: 0x00007451b93ef000,0x00007451b94ef000] [id=67626]
  0x000074515800bc10 GCTaskThread "GC Thread#7" [stack: 0x00007451b92ee000,0x00007451b93ee000] [id=67627]
  0x000074515800c680 GCTaskThread "GC Thread#8" [stack: 0x00007451b91ed000,0x00007451b92ed000] [id=67628]
  0x000074515800d110 GCTaskThread "GC Thread#9" [stack: 0x00007451b90ec000,0x00007451b91ec000] [id=67629]
  0x000074515800dba0 GCTaskThread "GC Thread#10" [stack: 0x00007451b8feb000,0x00007451b90eb000] [id=67630]
  0x000074515800e630 GCTaskThread "GC Thread#11" [stack: 0x00007451b8eea000,0x00007451b8fea000] [id=67631]
  0x00007451ec056cd0 ConcurrentGCThread "G1 Main Marker" [stack: 0x00007451c2500000,0x00007451c2600000] [id=67601]
  0x00007451ec057c60 ConcurrentGCThread "G1 Conc#0" [stack: 0x00007451c23ff000,0x00007451c24ff000] [id=67602]
  0x00007451b4000ea0 ConcurrentGCThread "G1 Conc#1" [stack: 0x00007451b83fb000,0x00007451b84fb000] [id=67655]
  0x00007451b4001500 ConcurrentGCThread "G1 Conc#2" [stack: 0x00007451b82fa000,0x00007451b83fa000] [id=67656]
  0x00007451b4001b10 ConcurrentGCThread "G1 Conc#3" [stack: 0x00007451b8ce8000,0x00007451b8de8000] [id=67657]
  0x00007451b4002150 ConcurrentGCThread "G1 Conc#4" [stack: 0x00007451b81f9000,0x00007451b82f9000] [id=67658]
  0x00007451ec1389e0 ConcurrentGCThread "G1 Refine#0" [stack: 0x00007451baef0000,0x00007451baff0000] [id=67603]
  0x00007451ec1398f0 ConcurrentGCThread "G1 Service" [stack: 0x00007451badef000,0x00007451baeef000] [id=67604]

Threads with active compile tasks:
C2 CompilerThread0      884 3727       4       jdk.internal.org.objectweb.asm.SymbolTable::addConstantMemberReference (147 bytes)
C2 CompilerThread4      884 3884       4       jdk.internal.org.objectweb.asm.MethodWriter::visitInsn (115 bytes)

VM state: not at safepoint (normal execution)

VM Mutex/Monitor currently owned by a thread: None

Heap address: 0x000000060bc00000, size: 8004 MB, Compressed Oops mode: Zero based, Oop shift amount: 3

CDS archive(s) mapped at: [0x0000745163000000-0x0000745163bc7000-0x0000745163bc7000), size 12349440, SharedBaseAddress: 0x0000745163000000, ArchiveRelocationMode: 1.
Compressed class space mapped at: 0x0000745164000000-0x00007451a4000000, reserved size: 1073741824
Narrow klass base: 0x0000745163000000, Narrow klass shift: 0, Narrow klass range: 0x100000000

GC Precious Log:
 CPUs: 24 total, 24 available
 Memory: 32014M
 Large Page Support: Disabled
 NUMA Support: Disabled
 Compressed Oops: Enabled (Zero based)
 Heap Region Size: 4M
 Heap Min Capacity: 8M
 Heap Initial Capacity: 504M
 Heap Max Capacity: 8004M
 Pre-touch: Disabled
 Parallel Workers: 18
 Concurrent Workers: 5
 Concurrent Refinement Workers: 18
 Periodic GC: Disabled

Heap:
 garbage-first heap   total 69632K, used 43134K [0x000000060bc00000, 0x0000000800000000)
  region size 4096K, 10 young (40960K), 1 survivors (4096K)
 Metaspace       used 26857K, committed 27136K, reserved 1114112K
  class space    used 3652K, committed 3776K, reserved 1048576K

Heap Regions: E=young(eden), S=young(survivor), O=old, HS=humongous(starts), HC=humongous(continues), CS=collection set, F=free, OA=open archive, CA=closed archive, TAMS=top-at-mark-start (previous, next)
|   0|0x000000060bc00000, 0x000000060bf6bc00, 0x000000060c000000| 85%| O|  |TAMS 0x000000060bf6bc00, 0x000000060bc00000| Complete 
|   1|0x000000060c000000, 0x000000060c000000, 0x000000060c400000|  0%| F|  |TAMS 0x000000060c000000, 0x000000060c000000| Untracked 
|   2|0x000000060c400000, 0x000000060c400000, 0x000000060c800000|  0%| F|  |TAMS 0x000000060c400000, 0x000000060c400000| Untracked 
|   3|0x000000060c800000, 0x000000060c800000, 0x000000060cc00000|  0%| F|  |TAMS 0x000000060c800000, 0x000000060c800000| Untracked 
|   4|0x000000060cc00000, 0x000000060cc00000, 0x000000060d000000|  0%| F|  |TAMS 0x000000060cc00000, 0x000000060cc00000| Untracked 
|   5|0x000000060d000000, 0x000000060d200800, 0x000000060d400000| 50%| E|  |TAMS 0x000000060d000000, 0x000000060d000000| Complete 
|   6|0x000000060d400000, 0x000000060d800000, 0x000000060d800000|100%| E|CS|TAMS 0x000000060d400000, 0x000000060d400000| Complete 
|   7|0x000000060d800000, 0x000000060dc00000, 0x000000060dc00000|100%| E|CS|TAMS 0x000000060d800000, 0x000000060d800000| Complete 
|   8|0x000000060dc00000, 0x000000060e000000, 0x000000060e000000|100%| E|CS|TAMS 0x000000060dc00000, 0x000000060dc00000| Complete 
|   9|0x000000060e000000, 0x000000060e400000, 0x000000060e400000|100%| E|CS|TAMS 0x000000060e000000, 0x000000060e000000| Complete 
|  10|0x000000060e400000, 0x000000060e800000, 0x000000060e800000|100%| E|CS|TAMS 0x000000060e400000, 0x000000060e400000| Complete 
|  11|0x000000060e800000, 0x000000060ec00000, 0x000000060ec00000|100%| E|CS|TAMS 0x000000060e800000, 0x000000060e800000| Complete 
|  12|0x000000060ec00000, 0x000000060f000000, 0x000000060f000000|100%| E|CS|TAMS 0x000000060ec00000, 0x000000060ec00000| Complete 
| 114|0x0000000628400000, 0x00000006286c7f68, 0x0000000628800000| 69%| S|CS|TAMS 0x0000000628400000, 0x0000000628400000| Complete 
| 125|0x000000062b000000, 0x000000062b400000, 0x000000062b400000|100%| E|CS|TAMS 0x000000062b000000, 0x000000062b000000| Complete 
|1999|0x00000007ff800000, 0x00000007ffb75000, 0x00000007ffc00000| 86%|OA|  |TAMS 0x00000007ffb75000, 0x00000007ff800000| Untracked 
|2000|0x00000007ffc00000, 0x00000007ffc77000, 0x0000000800000000| 11%|CA|  |TAMS 0x00000007ffc77000, 0x00000007ffc00000| Untracked 

Card table byte_map: [0x00007451d3200000,0x00007451d41a2000] _byte_map_base: 0x00007451d01a2000

Marking Bits (Prev, Next): (CMBitMap*) 0x00007451ec046730, (CMBitMap*) 0x00007451ec0466f0
 Prev Bits: [0x00007451c2600000, 0x00007451ca310000)
 Next Bits: [0x00007451ca400000, 0x00007451d2110000)

Polling page: 0x00007451f2bd9000

Metaspace:

Usage:
  Non-class:     22.66 MB used.
      Class:      3.57 MB used.
       Both:     26.23 MB used.

Virtual space:
  Non-class space:       64.00 MB reserved,      22.81 MB ( 36%) committed,  1 nodes.
      Class space:        1.00 GB reserved,       3.69 MB ( <1%) committed,  1 nodes.
             Both:        1.06 GB reserved,      26.50 MB (  2%) committed. 

Chunk freelists:
   Non-Class:  8.25 MB
       Class:  12.36 MB
        Both:  20.61 MB

MaxMetaspaceSize: unlimited
CompressedClassSpaceSize: 1.00 GB
Initial GC threshold: 21.00 MB
Current GC threshold: 35.44 MB
CDS: on
MetaspaceReclaimPolicy: balanced
 - commit_granule_bytes: 65536.
 - commit_granule_words: 8192.
 - virtual_space_node_default_size: 8388608.
 - enlarge_chunks_in_place: 1.
 - new_chunks_are_fully_committed: 0.
 - uncommit_free_chunks: 1.
 - use_allocation_guard: 0.
 - handle_deallocations: 1.


Internal statistics:

num_allocs_failed_limit: 3.
num_arena_births: 224.
num_arena_deaths: 0.
num_vsnodes_births: 2.
num_vsnodes_deaths: 0.
num_space_committed: 424.
num_space_uncommitted: 0.
num_chunks_returned_to_freelist: 3.
num_chunks_taken_from_freelist: 1098.
num_chunk_merges: 3.
num_chunk_splits: 838.
num_chunks_enlarged: 709.
num_inconsistent_stats: 0.

CodeHeap 'non-profiled nmethods': size=119168Kb used=1620Kb max_used=1620Kb free=117547Kb
 bounds [0x00007451dcda0000, 0x00007451dd010000, 0x00007451e4200000]
CodeHeap 'profiled nmethods': size=119164Kb used=7165Kb max_used=7165Kb free=111998Kb
 bounds [0x00007451d5200000, 0x00007451d5900000, 0x00007451dc65f000]
CodeHeap 'non-nmethods': size=7428Kb used=2933Kb max_used=3043Kb free=4494Kb
 bounds [0x00007451dc65f000, 0x00007451dc95f000, 0x00007451dcda0000]
 total_blobs=4438 nmethods=3882 adapters=465
 compilation: enabled
              stopped_count=0, restarted_count=0
 full_count=0

Compilation events (20 events):
Event: 0.879 Thread 0x000074512c024020 nmethod 3874 0x00007451dcf34810 code [0x00007451dcf349a0, 0x00007451dcf34a70]
Event: 0.880 Thread 0x000074511003a080 3875       1       scala.collection.immutable.HashMap$HashMap1::hash (5 bytes)
Event: 0.880 Thread 0x000074511003a080 nmethod 3875 0x00007451dcf34b10 code [0x00007451dcf34ca0, 0x00007451dcf34d70]
Event: 0.880 Thread 0x000074512c024020 3876       3       scala.collection.immutable.HashMap$HashMapBuilder::addOne (415 bytes)
Event: 0.880 Thread 0x000074511003a080 3877       3       scala.collection.immutable.AbstractMap::<init> (21 bytes)
Event: 0.880 Thread 0x00007451ec1794a0 3878       3       scala.collection.immutable.MapLike::$init$ (1 bytes)
Event: 0.880 Thread 0x00007451ec1794a0 nmethod 3878 0x00007451d58f1f90 code [0x00007451d58f2120, 0x00007451d58f2210]
Event: 0.880 Thread 0x00007451ec1794a0 3879       3       scala.collection.immutable.Map::$init$ (1 bytes)
Event: 0.880 Thread 0x00007451ec1794a0 nmethod 3879 0x00007451d58f2290 code [0x00007451d58f2420, 0x00007451d58f2510]
Event: 0.880 Thread 0x00007451ec1794a0 3880       3       scala.collection.immutable.HashMap::<init> (9 bytes)
Event: 0.880 Thread 0x000074511003b250 nmethod 3873 0x00007451d58f2590 code [0x00007451d58f2c40, 0x00007451d58f6780]
Event: 0.880 Thread 0x000074511003a080 nmethod 3877 0x00007451d58f8a10 code [0x00007451d58f8c20, 0x00007451d58f9260]
Event: 0.880 Thread 0x00007450a4001680 3884       4       jdk.internal.org.objectweb.asm.MethodWriter::visitInsn (115 bytes)
Event: 0.880 Thread 0x000074511003b250 3882       3       scala.collection.immutable.HashMap$HashTrieMap::size (5 bytes)
Event: 0.880 Thread 0x000074511003a080 3881       3       scala.collection.immutable.HashMap$HashMapBuilder::isMutable (19 bytes)
Event: 0.881 Thread 0x000074511003b250 nmethod 3882 0x00007451d58f9510 code [0x00007451d58f96a0, 0x00007451d58f97b0]
Event: 0.881 Thread 0x000074511003b250 3883       1       scala.collection.immutable.HashMap$HashMap1::size (2 bytes)
Event: 0.881 Thread 0x000074511003a080 nmethod 3881 0x00007451d58f9890 code [0x00007451d58f9a40, 0x00007451d58f9da0]
Event: 0.881 Thread 0x000074511003b250 nmethod 3883 0x00007451dcf34e10 code [0x00007451dcf34fa0, 0x00007451dcf35070]
Event: 0.881 Thread 0x00007451ec1794a0 nmethod 3880 0x00007451d58f9e90 code [0x00007451d58fa0c0, 0x00007451d58fa7c0]

GC Heap History (6 events):
Event: 0.200 GC heap before
{Heap before GC invocations=0 (full 0):
 garbage-first heap   total 524288K, used 24496K [0x000000060bc00000, 0x0000000800000000)
  region size 4096K, 6 young (24576K), 0 survivors (0K)
 Metaspace       used 7808K, committed 7936K, reserved 1114112K
  class space    used 968K, committed 1024K, reserved 1048576K
}
Event: 0.204 GC heap after
{Heap after GC invocations=1 (full 0):
 garbage-first heap   total 524288K, used 7830K [0x000000060bc00000, 0x0000000800000000)
  region size 4096K, 1 young (4096K), 1 survivors (4096K)
 Metaspace       used 7808K, committed 7936K, reserved 1114112K
  class space    used 968K, committed 1024K, reserved 1048576K
}
Event: 0.362 GC heap before
{Heap before GC invocations=1 (full 0):
 garbage-first heap   total 524288K, used 36502K [0x000000060bc00000, 0x0000000800000000)
  region size 4096K, 8 young (32768K), 1 survivors (4096K)
 Metaspace       used 13204K, committed 13312K, reserved 1114112K
  class space    used 1638K, committed 1664K, reserved 1048576K
}
Event: 0.367 GC heap after
{Heap after GC invocations=2 (full 0):
 garbage-first heap   total 524288K, used 8894K [0x000000060bc00000, 0x0000000800000000)
  region size 4096K, 1 young (4096K), 1 survivors (4096K)
 Metaspace       used 13204K, committed 13312K, reserved 1114112K
  class space    used 1638K, committed 1664K, reserved 1048576K
}
Event: 0.664 GC heap before
{Heap before GC invocations=2 (full 0):
 garbage-first heap   total 524288K, used 45758K [0x000000060bc00000, 0x0000000800000000)
  region size 4096K, 11 young (45056K), 1 survivors (4096K)
 Metaspace       used 21277K, committed 21504K, reserved 1114112K
  class space    used 2981K, committed 3072K, reserved 1048576K
}
Event: 0.668 GC heap after
{Heap after GC invocations=3 (full 0):
 garbage-first heap   total 524288K, used 10366K [0x000000060bc00000, 0x0000000800000000)
  region size 4096K, 1 young (4096K), 1 survivors (4096K)
 Metaspace       used 21277K, committed 21504K, reserved 1114112K
  class space    used 2981K, committed 3072K, reserved 1048576K
}

Dll operation events (8 events):
Event: 0.001 Loaded shared library /usr/lib/jvm/java-17-openjdk/lib/libjava.so
Event: 0.010 Loaded shared library /usr/lib/jvm/java-17-openjdk/lib/libjsvml.so
Event: 0.015 Loaded shared library /usr/lib/jvm/java-17-openjdk/lib/libnio.so
Event: 0.016 Loaded shared library /usr/lib/jvm/java-17-openjdk/lib/libzip.so
Event: 0.045 Loaded shared library /usr/lib/jvm/java-17-openjdk/lib/libjimage.so
Event: 0.247 Loaded shared library /home/mahir/.cache/JNA/temp/jna11177162883378301941.tmp
Event: 0.271 Loaded shared library /usr/lib/jvm/java-17-openjdk/lib/libnet.so
Event: 0.879 Loaded shared library /home/mahir/fun/CPU/nebula-risc-v/simWorkspace/decoderForTest/verilator/verilator_642291766835216141.so

Deoptimization events (20 events):
Event: 0.865 Thread 0x00007451ec0159e0 Uncommon trap: trap_request=0xffffffc6 fr.pc=0x00007451dcee2d3c relative=0x00000000000012fc
Event: 0.865 Thread 0x00007451ec0159e0 Uncommon trap: reason=bimorphic_or_optimized_type_check action=maybe_recompile pc=0x00007451dcee2d3c method=java.util.HashMap.putVal(ILjava/lang/Object;Ljava/lang/Object;ZZ)Ljava/lang/Object; @ 56 c2
Event: 0.865 Thread 0x00007451ec0159e0 DEOPT PACKING pc=0x00007451dcee2d3c sp=0x00007451f15fd7e0
Event: 0.866 Thread 0x00007451ec0159e0 DEOPT UNPACKING pc=0x00007451dc6b5699 sp=0x00007451f15fd710 mode 2
Event: 0.869 Thread 0x00007451ec0159e0 Uncommon trap: trap_request=0xffffffc6 fr.pc=0x00007451dcee2ef4 relative=0x00000000000014b4
Event: 0.869 Thread 0x00007451ec0159e0 Uncommon trap: reason=bimorphic_or_optimized_type_check action=maybe_recompile pc=0x00007451dcee2ef4 method=java.util.HashMap.putVal(ILjava/lang/Object;Ljava/lang/Object;ZZ)Ljava/lang/Object; @ 253 c2
Event: 0.869 Thread 0x00007451ec0159e0 DEOPT PACKING pc=0x00007451dcee2ef4 sp=0x00007451f15fd750
Event: 0.869 Thread 0x00007451ec0159e0 DEOPT UNPACKING pc=0x00007451dc6b5699 sp=0x00007451f15fd6a8 mode 2
Event: 0.870 Thread 0x00007451ec0159e0 Uncommon trap: trap_request=0xffffffc6 fr.pc=0x00007451dcee2ef4 relative=0x00000000000014b4
Event: 0.870 Thread 0x00007451ec0159e0 Uncommon trap: reason=bimorphic_or_optimized_type_check action=maybe_recompile pc=0x00007451dcee2ef4 method=java.util.HashMap.putVal(ILjava/lang/Object;Ljava/lang/Object;ZZ)Ljava/lang/Object; @ 253 c2
Event: 0.870 Thread 0x00007451ec0159e0 DEOPT PACKING pc=0x00007451dcee2ef4 sp=0x00007451f15fd740
Event: 0.870 Thread 0x00007451ec0159e0 DEOPT UNPACKING pc=0x00007451dc6b5699 sp=0x00007451f15fd698 mode 2
Event: 0.871 Thread 0x00007451ec0159e0 Uncommon trap: trap_request=0xffffffc6 fr.pc=0x00007451dcef03e0 relative=0x0000000000001420
Event: 0.871 Thread 0x00007451ec0159e0 Uncommon trap: reason=bimorphic_or_optimized_type_check action=maybe_recompile pc=0x00007451dcef03e0 method=java.util.HashMap.putVal(ILjava/lang/Object;Ljava/lang/Object;ZZ)Ljava/lang/Object; @ 253 c2
Event: 0.871 Thread 0x00007451ec0159e0 DEOPT PACKING pc=0x00007451dcef03e0 sp=0x00007451f15fd6b0
Event: 0.871 Thread 0x00007451ec0159e0 DEOPT UNPACKING pc=0x00007451dc6b5699 sp=0x00007451f15fd690 mode 2
Event: 0.878 Thread 0x00007451ec0159e0 Uncommon trap: trap_request=0xffffffde fr.pc=0x00007451dcde9160 relative=0x00000000000011c0
Event: 0.878 Thread 0x00007451ec0159e0 Uncommon trap: reason=class_check action=maybe_recompile pc=0x00007451dcde9160 method=jdk.internal.loader.URLClassPath.getLoader(I)Ljdk/internal/loader/URLClassPath$Loader; @ 88 c2
Event: 0.878 Thread 0x00007451ec0159e0 DEOPT PACKING pc=0x00007451dcde9160 sp=0x00007451f15fd830
Event: 0.878 Thread 0x00007451ec0159e0 DEOPT UNPACKING pc=0x00007451dc6b5699 sp=0x00007451f15fd820 mode 2

Classes loaded (20 events):
Event: 0.877 Loading class java/util/EnumMap$EnumMapIterator done
Event: 0.877 Loading class java/util/EnumMap$ValueIterator done
Event: 0.877 Loading class java/util/WeakHashMap$KeyIterator
Event: 0.877 Loading class java/util/WeakHashMap$HashIterator
Event: 0.877 Loading class java/util/WeakHashMap$HashIterator done
Event: 0.877 Loading class java/util/WeakHashMap$KeyIterator done
Event: 0.878 Loading class java/net/URLClassLoader$1
Event: 0.878 Loading class java/net/URLClassLoader$1 done
Event: 0.878 Loading class java/io/FilePermission$1
Event: 0.878 Loading class jdk/internal/access/JavaIOFilePermissionAccess
Event: 0.878 Loading class jdk/internal/access/JavaIOFilePermissionAccess done
Event: 0.878 Loading class java/io/FilePermission$1 done
Event: 0.878 Loading class java/io/FilePermissionCollection
Event: 0.878 Loading class java/io/FilePermissionCollection done
Event: 0.878 Loading class java/util/Vector
Event: 0.878 Loading class java/util/Vector done
Event: 0.878 Loading class java/io/FilePermissionCollection$1
Event: 0.878 Loading class java/io/FilePermissionCollection$1 done
Event: 0.879 Loading class jdk/internal/loader/NativeLibraries$Unloader
Event: 0.879 Loading class jdk/internal/loader/NativeLibraries$Unloader done

Classes unloaded (0 events):
No events

Classes redefined (0 events):
No events

Internal exceptions (20 events):
Event: 0.640 Thread 0x00007451ec0159e0 Exception <a 'java/lang/NoSuchMethodError'{0x0000000628e09930}: 'java.lang.Object java.lang.invoke.DirectMethodHandle$Holder.invokeVirtual(java.lang.Object, java.lang.Object, java.lang.Object)'> (0x0000000628e09930) 
thrown [/usr/src/debug/java17-openjdk/jdk17u-jdk-17.0.12-7/src/hotspot/share/interpreter/linkResolver.cpp, line 758]
Event: 0.640 Thread 0x00007451ec0159e0 Exception <a 'java/lang/NoSuchMethodError'{0x0000000628e13730}: 'int java.lang.invoke.DirectMethodHandle$Holder.invokeInterface(java.lang.Object, java.lang.Object)'> (0x0000000628e13730) 
thrown [/usr/src/debug/java17-openjdk/jdk17u-jdk-17.0.12-7/src/hotspot/share/interpreter/linkResolver.cpp, line 758]
Event: 0.645 Thread 0x00007451ec0159e0 Exception <a 'sun/nio/fs/UnixException'{0x0000000628f936f8}> (0x0000000628f936f8) 
thrown [/usr/src/debug/java17-openjdk/jdk17u-jdk-17.0.12-7/src/hotspot/share/prims/jni.cpp, line 516]
Event: 0.645 Thread 0x00007451ec0159e0 Exception <a 'sun/nio/fs/UnixException'{0x0000000628f93e70}> (0x0000000628f93e70) 
thrown [/usr/src/debug/java17-openjdk/jdk17u-jdk-17.0.12-7/src/hotspot/share/prims/jni.cpp, line 516]
Event: 0.649 Thread 0x00007451ec0159e0 Exception <a 'java/lang/NoSuchMethodError'{0x0000000628ffc9d0}: 'int java.lang.invoke.DirectMethodHandle$Holder.invokeVirtual(java.lang.Object, java.lang.Object, java.lang.Object)'> (0x0000000628ffc9d0) 
thrown [/usr/src/debug/java17-openjdk/jdk17u-jdk-17.0.12-7/src/hotspot/share/interpreter/linkResolver.cpp, line 758]
Event: 0.649 Thread 0x00007451ec0159e0 Exception <a 'java/lang/NoSuchMethodError'{0x0000000628803900}: 'void java.lang.invoke.DirectMethodHandle$Holder.invokeInterface(java.lang.Object, java.lang.Object, java.lang.Object)'> (0x0000000628803900) 
thrown [/usr/src/debug/java17-openjdk/jdk17u-jdk-17.0.12-7/src/hotspot/share/interpreter/linkResolver.cpp, line 758]
Event: 0.681 Thread 0x00007451ec0159e0 Exception <a 'java/lang/NoSuchMethodError'{0x000000062b0412e8}: 'int java.lang.invoke.DirectMethodHandle$Holder.invokeStaticInit(java.lang.Object, java.lang.Object)'> (0x000000062b0412e8) 
thrown [/usr/src/debug/java17-openjdk/jdk17u-jdk-17.0.12-7/src/hotspot/share/interpreter/linkResolver.cpp, line 758]
Event: 0.742 Thread 0x00007451ec0159e0 Exception <a 'java/lang/NoSuchMethodError'{0x000000060ed31680}: 'int java.lang.invoke.DirectMethodHandle$Holder.invokeSpecial(java.lang.Object, java.lang.Object, java.lang.Object, java.lang.Object)'> (0x000000060ed31680) 
thrown [/usr/src/debug/java17-openjdk/jdk17u-jdk-17.0.12-7/src/hotspot/share/interpreter/linkResolver.cpp, line 758]
Event: 0.743 Thread 0x00007451ec0159e0 Exception <a 'java/lang/NoSuchMethodError'{0x000000060ed44908}: 'java.lang.Object java.lang.invoke.DirectMethodHandle$Holder.invokeVirtual(java.lang.Object, java.lang.Object, java.lang.Object, int, int)'> (0x000000060ed44908) 
thrown [/usr/src/debug/java17-openjdk/jdk17u-jdk-17.0.12-7/src/hotspot/share/interpreter/linkResolver.cpp, line 758]
Event: 0.743 Thread 0x00007451ec0159e0 Exception <a 'java/lang/NoSuchMethodError'{0x000000060ed4b198}: 'java.lang.Object java.lang.invoke.DirectMethodHandle$Holder.invokeVirtual(java.lang.Object, java.lang.Object, int)'> (0x000000060ed4b198) 
thrown [/usr/src/debug/java17-openjdk/jdk17u-jdk-17.0.12-7/src/hotspot/share/interpreter/linkResolver.cpp, line 758]
Event: 0.752 Thread 0x00007451ec0159e0 Exception <a 'java/lang/NoSuchMethodError'{0x000000060edfa540}: 'void java.lang.invoke.DirectMethodHandle$Holder.invokeSpecial(java.lang.Object, java.lang.Object, java.lang.Object, java.lang.Object, java.lang.Object, java.lang.Object)'> (0x000000060edfa540) 
thrown [/usr/src/debug/java17-openjdk/jdk17u-jdk-17.0.12-7/src/hotspot/share/interpreter/linkResolver.cpp, line 758]
Event: 0.778 Thread 0x00007451ec0159e0 Implicit null exception at 0x00007451dceb48ac to 0x00007451dceb49e2
Event: 0.801 Thread 0x00007451ec0159e0 Exception <a 'sun/nio/fs/UnixException'{0x000000060dece688}> (0x000000060dece688) 
thrown [/usr/src/debug/java17-openjdk/jdk17u-jdk-17.0.12-7/src/hotspot/share/prims/jni.cpp, line 516]
Event: 0.801 Thread 0x00007451ec0159e0 Exception <a 'sun/nio/fs/UnixException'{0x000000060decedb8}> (0x000000060decedb8) 
thrown [/usr/src/debug/java17-openjdk/jdk17u-jdk-17.0.12-7/src/hotspot/share/prims/jni.cpp, line 516]
Event: 0.801 Thread 0x00007451ec0159e0 Exception <a 'sun/nio/fs/UnixException'{0x000000060decf3d0}> (0x000000060decf3d0) 
thrown [/usr/src/debug/java17-openjdk/jdk17u-jdk-17.0.12-7/src/hotspot/share/prims/jni.cpp, line 516]
Event: 0.801 Thread 0x00007451ec0159e0 Exception <a 'sun/nio/fs/UnixException'{0x000000060decfb00}> (0x000000060decfb00) 
thrown [/usr/src/debug/java17-openjdk/jdk17u-jdk-17.0.12-7/src/hotspot/share/prims/jni.cpp, line 516]
Event: 0.803 Thread 0x00007451ec0159e0 Exception <a 'java/lang/NoSuchMethodError'{0x000000060def4c20}: 'void java.lang.invoke.DirectMethodHandle$Holder.invokeSpecial(java.lang.Object, java.lang.Object, java.lang.Object, java.lang.Object, java.lang.Object)'> (0x000000060def4c20) 
thrown [/usr/src/debug/java17-openjdk/jdk17u-jdk-17.0.12-7/src/hotspot/share/interpreter/linkResolver.cpp, line 758]
Event: 0.825 Thread 0x00007451ec0159e0 Exception <a 'java/lang/NoSuchMethodError'{0x000000060dbefe68}: 'int java.lang.invoke.DirectMethodHandle$Holder.invokeSpecial(java.lang.Object, java.lang.Object, java.lang.Object)'> (0x000000060dbefe68) 
thrown [/usr/src/debug/java17-openjdk/jdk17u-jdk-17.0.12-7/src/hotspot/share/interpreter/linkResolver.cpp, line 758]
Event: 0.829 Thread 0x00007451ec0159e0 Exception <a 'java/lang/NoSuchMethodError'{0x000000060d449f10}: 'java.lang.Object java.lang.invoke.DirectMethodHandle$Holder.invokeStatic(java.lang.Object, java.lang.Object, int, int)'> (0x000000060d449f10) 
thrown [/usr/src/debug/java17-openjdk/jdk17u-jdk-17.0.12-7/src/hotspot/share/interpreter/linkResolver.cpp, line 758]
Event: 0.837 Thread 0x00007451ec0159e0 Exception <a 'java/lang/NoSuchMethodError'{0x000000060d4e6168}: 'java.lang.Object java.lang.invoke.DirectMethodHandle$Holder.invokeInterface(java.lang.Object, java.lang.Object)'> (0x000000060d4e6168) 
thrown [/usr/src/debug/java17-openjdk/jdk17u-jdk-17.0.12-7/src/hotspot/share/interpreter/linkResolver.cpp, line 758]

VM Operations (20 events):
Event: 0.671 Executing VM operation: G1PauseRemark
Event: 0.672 Executing VM operation: G1PauseRemark done
Event: 0.673 Executing VM operation: G1PauseCleanup
Event: 0.673 Executing VM operation: G1PauseCleanup done
Event: 0.711 Executing VM operation: HandshakeAllThreads
Event: 0.711 Executing VM operation: HandshakeAllThreads done
Event: 0.711 Executing VM operation: HandshakeAllThreads
Event: 0.711 Executing VM operation: HandshakeAllThreads done
Event: 0.732 Executing VM operation: HandshakeAllThreads
Event: 0.732 Executing VM operation: HandshakeAllThreads done
Event: 0.732 Executing VM operation: HandshakeAllThreads
Event: 0.733 Executing VM operation: HandshakeAllThreads done
Event: 0.823 Executing VM operation: ICBufferFull
Event: 0.823 Executing VM operation: ICBufferFull done
Event: 0.832 Executing VM operation: HandshakeAllThreads
Event: 0.832 Executing VM operation: HandshakeAllThreads done
Event: 0.864 Executing VM operation: HandshakeAllThreads
Event: 0.864 Executing VM operation: HandshakeAllThreads done
Event: 0.870 Executing VM operation: ICBufferFull
Event: 0.870 Executing VM operation: ICBufferFull done

Events (20 events):
Event: 0.512 Thread 0x00007451ec655090 Thread added: 0x00007451ec655090
Event: 0.512 Protecting memory [0x00007451b8ce8000,0x00007451b8cec000] with protection modes 0
Event: 0.513 Thread 0x00007451ec655930 Thread added: 0x00007451ec655930
Event: 0.513 Thread 0x00007451ec655090 Thread exited: 0x00007451ec655090
Event: 0.513 Protecting memory [0x00007451b83fb000,0x00007451b83ff000] with protection modes 0
Event: 0.513 Thread 0x00007451ec655930 Thread exited: 0x00007451ec655930
Event: 0.566 Thread 0x00007451ec6cc870 Thread added: 0x00007451ec6cc870
Event: 0.566 Protecting memory [0x00007451b83fb000,0x00007451b83ff000] with protection modes 0
Event: 0.566 Thread 0x00007451ec6cd010 Thread added: 0x00007451ec6cd010
Event: 0.566 Protecting memory [0x00007451b8ce8000,0x00007451b8cec000] with protection modes 0
Event: 0.566 Thread 0x00007451ec6cd980 Thread added: 0x00007451ec6cd980
Event: 0.566 Thread 0x00007451ec6cc870 Thread exited: 0x00007451ec6cc870
Event: 0.566 Protecting memory [0x00007451b82fa000,0x00007451b82fe000] with protection modes 0
Event: 0.566 Thread 0x00007451ec6cc870 Thread added: 0x00007451ec6cc870
Event: 0.566 Protecting memory [0x00007451b83fb000,0x00007451b83ff000] with protection modes 0
Event: 0.612 Thread 0x00007451ec6cd010 Thread exited: 0x00007451ec6cd010
Event: 0.612 Thread 0x00007451ec6cd980 Thread exited: 0x00007451ec6cd980
Event: 0.613 Thread 0x00007451ec6cc870 Thread exited: 0x00007451ec6cc870
Event: 0.792 Thread 0x000074510411f5b0 Thread added: 0x000074510411f5b0
Event: 0.792 Protecting memory [0x00007451b80f8000,0x00007451b80fc000] with protection modes 0


Dynamic libraries:
60bc00000-60f000000 rw-p 00000000 00:00 0 
60f000000-628400000 ---p 00000000 00:00 0 
628400000-628800000 rw-p 00000000 00:00 0 
628800000-62b000000 ---p 00000000 00:00 0 
62b000000-62b400000 rw-p 00000000 00:00 0 
62b400000-7ff800000 ---p 00000000 00:00 0 
7ff800000-7ffb00000 rw-p 00000000 00:00 0 
7ffb00000-7ffb75000 rw-p 00c76000 103:02 53110622                        /usr/lib/jvm/java-17-openjdk/lib/server/classes.jsa
7ffb75000-7ffc00000 rw-p 00000000 00:00 0 
7ffc00000-7ffc77000 rw-p 00bff000 103:02 53110622                        /usr/lib/jvm/java-17-openjdk/lib/server/classes.jsa
7ffc77000-800000000 rw-p 00000000 00:00 0 
5ca9c1468000-5ca9c1469000 r--p 00000000 103:02 52695525                  /usr/lib/jvm/java-17-openjdk/bin/java
5ca9c1469000-5ca9c146a000 r-xp 00001000 103:02 52695525                  /usr/lib/jvm/java-17-openjdk/bin/java
5ca9c146a000-5ca9c146b000 r--p 00002000 103:02 52695525                  /usr/lib/jvm/java-17-openjdk/bin/java
5ca9c146b000-5ca9c146c000 r--p 00002000 103:02 52695525                  /usr/lib/jvm/java-17-openjdk/bin/java
5ca9c146c000-5ca9c146d000 rw-p 00003000 103:02 52695525                  /usr/lib/jvm/java-17-openjdk/bin/java
5ca9eba85000-5ca9ebacc000 rw-p 00000000 00:00 0                          [heap]
745074000000-74507461e000 rw-p 00000000 00:00 0 
74507461e000-745078000000 ---p 00000000 00:00 0 
745078000000-745078021000 rw-p 00000000 00:00 0 
745078021000-74507c000000 ---p 00000000 00:00 0 
745080000000-745080021000 rw-p 00000000 00:00 0 
745080021000-745084000000 ---p 00000000 00:00 0 
745084000000-745084021000 rw-p 00000000 00:00 0 
745084021000-745088000000 ---p 00000000 00:00 0 
74508c000000-74508c872000 rw-p 00000000 00:00 0 
74508c872000-745090000000 ---p 00000000 00:00 0 
745090000000-745090437000 rw-p 00000000 00:00 0 
745090437000-745094000000 ---p 00000000 00:00 0 
745098000000-7450987ca000 rw-p 00000000 00:00 0 
7450987ca000-74509c000000 ---p 00000000 00:00 0 
74509c000000-74509c7a8000 rw-p 00000000 00:00 0 
74509c7a8000-7450a0000000 ---p 00000000 00:00 0 
7450a4000000-7450a4604000 rw-p 00000000 00:00 0 
7450a4604000-7450a8000000 ---p 00000000 00:00 0 
7450a8000000-7450a80a1000 rw-p 00000000 00:00 0 
7450a80a1000-7450ac000000 ---p 00000000 00:00 0 
7450b0000000-7450b0021000 rw-p 00000000 00:00 0 
7450b0021000-7450b4000000 ---p 00000000 00:00 0 
7450b4000000-7450b4021000 rw-p 00000000 00:00 0 
7450b4021000-7450b8000000 ---p 00000000 00:00 0 
7450bc000000-7450bc021000 rw-p 00000000 00:00 0 
7450bc021000-7450c0000000 ---p 00000000 00:00 0 
7450c0000000-7450c0021000 rw-p 00000000 00:00 0 
7450c0021000-7450c4000000 ---p 00000000 00:00 0 
7450c8000000-7450c8021000 rw-p 00000000 00:00 0 
7450c8021000-7450cc000000 ---p 00000000 00:00 0 
7450cc000000-7450cc021000 rw-p 00000000 00:00 0 
7450cc021000-7450d0000000 ---p 00000000 00:00 0 
7450d4000000-7450d4021000 rw-p 00000000 00:00 0 
7450d4021000-7450d8000000 ---p 00000000 00:00 0 
7450d8000000-7450d8021000 rw-p 00000000 00:00 0 
7450d8021000-7450dc000000 ---p 00000000 00:00 0 
7450e0000000-7450e0021000 rw-p 00000000 00:00 0 
7450e0021000-7450e4000000 ---p 00000000 00:00 0 
7450e4000000-7450e4021000 rw-p 00000000 00:00 0 
7450e4021000-7450e8000000 ---p 00000000 00:00 0 
7450ec000000-7450ec021000 rw-p 00000000 00:00 0 
7450ec021000-7450f0000000 ---p 00000000 00:00 0 
7450f0000000-7450f0021000 rw-p 00000000 00:00 0 
7450f0021000-7450f4000000 ---p 00000000 00:00 0 
7450f8000000-7450f8021000 rw-p 00000000 00:00 0 
7450f8021000-7450fc000000 ---p 00000000 00:00 0 
7450fc000000-7450fc832000 rw-p 00000000 00:00 0 
7450fc832000-745100000000 ---p 00000000 00:00 0 
745104000000-7451041d8000 rw-p 00000000 00:00 0 
7451041d8000-745108000000 ---p 00000000 00:00 0 
745108000000-74510828e000 rw-p 00000000 00:00 0 
74510828e000-74510c000000 ---p 00000000 00:00 0 
745110000000-745110415000 rw-p 00000000 00:00 0 
745110415000-745114000000 ---p 00000000 00:00 0 
745114000000-745114021000 rw-p 00000000 00:00 0 
745114021000-745118000000 ---p 00000000 00:00 0 
74511c000000-74511c021000 rw-p 00000000 00:00 0 
74511c021000-745120000000 ---p 00000000 00:00 0 
745120000000-745120021000 rw-p 00000000 00:00 0 
745120021000-745124000000 ---p 00000000 00:00 0 
745128000000-745128021000 rw-p 00000000 00:00 0 
745128021000-74512c000000 ---p 00000000 00:00 0 
74512c000000-74512c2cb000 rw-p 00000000 00:00 0 
74512c2cb000-745130000000 ---p 00000000 00:00 0 
745134000000-74513497d000 rw-p 00000000 00:00 0 
74513497d000-745138000000 ---p 00000000 00:00 0 
745138000000-745138021000 rw-p 00000000 00:00 0 
745138021000-74513c000000 ---p 00000000 00:00 0 
745140000000-745140021000 rw-p 00000000 00:00 0 
745140021000-745144000000 ---p 00000000 00:00 0 
745144000000-745144021000 rw-p 00000000 00:00 0 
745144021000-745148000000 ---p 00000000 00:00 0 
74514c000000-74514c021000 rw-p 00000000 00:00 0 
74514c021000-745150000000 ---p 00000000 00:00 0 
745150000000-745150021000 rw-p 00000000 00:00 0 
745150021000-745154000000 ---p 00000000 00:00 0 
745158000000-745158021000 rw-p 00000000 00:00 0 
745158021000-74515c000000 ---p 00000000 00:00 0 
74515f000000-74515f3f0000 rw-p 00000000 00:00 0 
74515f3f0000-7451605d0000 rw-p 00000000 00:00 0 
7451605d0000-7451605f0000 rw-p 00000000 00:00 0 
7451605f0000-7451606c0000 rw-p 00000000 00:00 0 
7451606c0000-745160700000 ---p 00000000 00:00 0 
745160700000-745160710000 rw-p 00000000 00:00 0 
745160710000-745163000000 ---p 00000000 00:00 0 
745163000000-745163bc7000 rw-p 00001000 103:02 53110622                  /usr/lib/jvm/java-17-openjdk/lib/server/classes.jsa
745163bc7000-745164000000 ---p 00000000 00:00 0 
745164000000-745164030000 rw-p 00000000 00:00 0 
745164030000-745164070000 rw-p 00000000 00:00 0 
745164070000-745164270000 rw-p 00000000 00:00 0 
745164270000-7451643b0000 rw-p 00000000 00:00 0 
7451643b0000-7451a4000000 ---p 00000000 00:00 0 
7451a4000000-7451a4021000 rw-p 00000000 00:00 0 
7451a4021000-7451a8000000 ---p 00000000 00:00 0 
7451a8000000-7451a8021000 rw-p 00000000 00:00 0 
7451a8021000-7451ac000000 ---p 00000000 00:00 0 
7451b0000000-7451b0021000 rw-p 00000000 00:00 0 
7451b0021000-7451b4000000 ---p 00000000 00:00 0 
7451b4000000-7451b4021000 rw-p 00000000 00:00 0 
7451b4021000-7451b8000000 ---p 00000000 00:00 0 
7451b80f7000-7451b80f8000 ---p 00000000 00:00 0 
7451b80f8000-7451b80fc000 ---p 00000000 00:00 0 
7451b80fc000-7451b81f8000 rw-p 00000000 00:00 0 
7451b81f8000-7451b81f9000 ---p 00000000 00:00 0 
7451b81f9000-7451b82f9000 rw-p 00000000 00:00 0 
7451b82f9000-7451b82fa000 ---p 00000000 00:00 0 
7451b82fa000-7451b82fe000 ---p 00000000 00:00 0 
7451b82fe000-7451b83fa000 rw-p 00000000 00:00 0 
7451b83fa000-7451b83fb000 ---p 00000000 00:00 0 
7451b83fb000-7451b83ff000 ---p 00000000 00:00 0 
7451b83ff000-7451b84fb000 rw-p 00000000 00:00 0 
7451b84fb000-7451b84fc000 ---p 00000000 00:00 0 
7451b84fc000-7451b8500000 ---p 00000000 00:00 0 
7451b8500000-7451b85fc000 rw-p 00000000 00:00 0 
7451b85fc000-7451b85fd000 ---p 00000000 00:00 0 
7451b85fd000-7451b8601000 ---p 00000000 00:00 0 
7451b8601000-7451b86fd000 rw-p 00000000 00:00 0 
7451b86fd000-7451b86fe000 ---p 00000000 00:00 0 
7451b86fe000-7451b8702000 ---p 00000000 00:00 0 
7451b8702000-7451b87fe000 rw-p 00000000 00:00 0 
7451b87fe000-7451b87ff000 ---p 00000000 00:00 0 
7451b87ff000-7451b8803000 ---p 00000000 00:00 0 
7451b8803000-7451b88ff000 rw-p 00000000 00:00 0 
7451b88ff000-7451b8900000 ---p 00000000 00:00 0 
7451b8900000-7451b8904000 ---p 00000000 00:00 0 
7451b8904000-7451b8a00000 rw-p 00000000 00:00 0 
7451b8a00000-7451b8a1e000 r-xp 00000000 103:02 10494028                  /home/mahir/.cache/JNA/temp/jna11177162883378301941.tmp (deleted)
7451b8a1e000-7451b8c1d000 ---p 0001e000 103:02 10494028                  /home/mahir/.cache/JNA/temp/jna11177162883378301941.tmp (deleted)
7451b8c1d000-7451b8c1e000 rw-p 0001d000 103:02 10494028                  /home/mahir/.cache/JNA/temp/jna11177162883378301941.tmp (deleted)
7451b8c1e000-7451b8c1f000 rw-p 00000000 00:00 0 
7451b8ce7000-7451b8ce8000 ---p 00000000 00:00 0 
7451b8ce8000-7451b8cec000 ---p 00000000 00:00 0 
7451b8cec000-7451b8de8000 rw-p 00000000 00:00 0 
7451b8de8000-7451b8de9000 ---p 00000000 00:00 0 
7451b8de9000-7451b8ded000 ---p 00000000 00:00 0 
7451b8ded000-7451b8ee9000 rw-p 00000000 00:00 0 
7451b8ee9000-7451b8eea000 ---p 00000000 00:00 0 
7451b8eea000-7451b8fea000 rw-p 00000000 00:00 0 
7451b8fea000-7451b8feb000 ---p 00000000 00:00 0 
7451b8feb000-7451b90eb000 rw-p 00000000 00:00 0 
7451b90eb000-7451b90ec000 ---p 00000000 00:00 0 
7451b90ec000-7451b91ec000 rw-p 00000000 00:00 0 
7451b91ec000-7451b91ed000 ---p 00000000 00:00 0 
7451b91ed000-7451b92ed000 rw-p 00000000 00:00 0 
7451b92ed000-7451b92ee000 ---p 00000000 00:00 0 
7451b92ee000-7451b93ee000 rw-p 00000000 00:00 0 
7451b93ee000-7451b93ef000 ---p 00000000 00:00 0 
7451b93ef000-7451b94ef000 rw-p 00000000 00:00 0 
7451b94ef000-7451b94f0000 ---p 00000000 00:00 0 
7451b94f0000-7451b95f0000 rw-p 00000000 00:00 0 
7451b95f0000-7451b95f1000 ---p 00000000 00:00 0 
7451b95f1000-7451b96f1000 rw-p 00000000 00:00 0 
7451b96f1000-7451b96f2000 ---p 00000000 00:00 0 
7451b96f2000-7451b97f2000 rw-p 00000000 00:00 0 
7451b97f2000-7451b97f3000 ---p 00000000 00:00 0 
7451b97f3000-7451b98f3000 rw-p 00000000 00:00 0 
7451b98f3000-7451b98f4000 ---p 00000000 00:00 0 
7451b98f4000-7451b99f4000 rw-p 00000000 00:00 0 
7451b99f4000-7451b99f5000 ---p 00000000 00:00 0 
7451b99f5000-7451b99f9000 ---p 00000000 00:00 0 
7451b99f9000-7451b9af5000 rw-p 00000000 00:00 0 
7451b9af5000-7451b9af6000 ---p 00000000 00:00 0 
7451b9af6000-7451b9afa000 ---p 00000000 00:00 0 
7451b9afa000-7451b9bf6000 rw-p 00000000 00:00 0 
7451b9bf6000-7451b9bf7000 ---p 00000000 00:00 0 
7451b9bf7000-7451b9bfb000 ---p 00000000 00:00 0 
7451b9bfb000-7451b9cf7000 rw-p 00000000 00:00 0 
7451b9cf7000-7451b9cf8000 ---p 00000000 00:00 0 
7451b9cf8000-7451b9cfc000 ---p 00000000 00:00 0 
7451b9cfc000-7451b9df8000 rw-p 00000000 00:00 0 
7451b9df8000-7451b9df9000 ---p 00000000 00:00 0 
7451b9df9000-7451b9dfd000 ---p 00000000 00:00 0 
7451b9dfd000-7451b9ef9000 rw-p 00000000 00:00 0 
7451b9ef9000-7451b9efa000 ---p 00000000 00:00 0 
7451b9efa000-7451b9ffa000 rw-p 00000000 00:00 0 
7451b9ffa000-7451b9ffb000 ---p 00000000 00:00 0 
7451b9ffb000-7451b9fff000 ---p 00000000 00:00 0 
7451b9fff000-7451ba0fb000 rw-p 00000000 00:00 0 
7451ba0fb000-7451ba0fc000 ---p 00000000 00:00 0 
7451ba0fc000-7451ba100000 ---p 00000000 00:00 0 
7451ba100000-7451ba1fc000 rw-p 00000000 00:00 0 
7451ba1fc000-7451ba1fd000 ---p 00000000 00:00 0 
7451ba1fd000-7451ba201000 ---p 00000000 00:00 0 
7451ba201000-7451ba2fd000 rw-p 00000000 00:00 0 
7451ba2fd000-7451ba2fe000 ---p 00000000 00:00 0 
7451ba2fe000-7451ba302000 ---p 00000000 00:00 0 
7451ba302000-7451ba3fe000 rw-p 00000000 00:00 0 
7451ba3fe000-7451ba3ff000 ---p 00000000 00:00 0 
7451ba3ff000-7451ba403000 ---p 00000000 00:00 0 
7451ba403000-7451ba4ff000 rw-p 00000000 00:00 0 
7451ba4ff000-7451ba500000 ---p 00000000 00:00 0 
7451ba500000-7451ba504000 ---p 00000000 00:00 0 
7451ba504000-7451ba600000 rw-p 00000000 00:00 0 
7451ba600000-7451ba8ec000 r--p 00000000 103:02 51747550                  /usr/lib/locale/locale-archive
7451ba9ea000-7451ba9eb000 ---p 00000000 00:00 0 
7451ba9eb000-7451ba9ef000 ---p 00000000 00:00 0 
7451ba9ef000-7451baaeb000 rw-p 00000000 00:00 0 
7451baaeb000-7451baaec000 ---p 00000000 00:00 0 
7451baaec000-7451baaf0000 ---p 00000000 00:00 0 
7451baaf0000-7451babec000 rw-p 00000000 00:00 0 
7451babec000-7451babed000 ---p 00000000 00:00 0 
7451babed000-7451babf1000 ---p 00000000 00:00 0 
7451babf1000-7451baced000 rw-p 00000000 00:00 0 
7451baced000-7451bacee000 ---p 00000000 00:00 0 
7451bacee000-7451badee000 rw-p 00000000 00:00 0 
7451badee000-7451badef000 ---p 00000000 00:00 0 
7451badef000-7451baeef000 rw-p 00000000 00:00 0 
7451baeef000-7451baef0000 ---p 00000000 00:00 0 
7451baef0000-7451baff0000 rw-p 00000000 00:00 0 
7451baff0000-7451bc021000 rw-p 00000000 00:00 0 
7451bc021000-7451c0000000 ---p 00000000 00:00 0 
7451c00ff000-7451c2200000 rw-p 00000000 00:00 0 
7451c225e000-7451c228a000 r--p 00000000 103:02 11142012                  /home/mahir/fun/CPU/nebula-risc-v/simWorkspace/decoderForTest/verilator/verilator_642291766835216141.so
7451c228a000-7451c22d7000 r-xp 0002c000 103:02 11142012                  /home/mahir/fun/CPU/nebula-risc-v/simWorkspace/decoderForTest/verilator/verilator_642291766835216141.so
7451c22d7000-7451c22f9000 r--p 00079000 103:02 11142012                  /home/mahir/fun/CPU/nebula-risc-v/simWorkspace/decoderForTest/verilator/verilator_642291766835216141.so
7451c22f9000-7451c22fa000 r--p 0009b000 103:02 11142012                  /home/mahir/fun/CPU/nebula-risc-v/simWorkspace/decoderForTest/verilator/verilator_642291766835216141.so
7451c22fa000-7451c22fd000 rw-p 0009c000 103:02 11142012                  /home/mahir/fun/CPU/nebula-risc-v/simWorkspace/decoderForTest/verilator/verilator_642291766835216141.so
7451c22fd000-7451c23fe000 rw-p 00000000 00:00 0 
7451c23fe000-7451c23ff000 ---p 00000000 00:00 0 
7451c23ff000-7451c24ff000 rw-p 00000000 00:00 0 
7451c24ff000-7451c2500000 ---p 00000000 00:00 0 
7451c2500000-7451c2600000 rw-p 00000000 00:00 0 
7451c2600000-7451c26d0000 rw-p 00000000 00:00 0 
7451c26d0000-7451c2d20000 ---p 00000000 00:00 0 
7451c2d20000-7451c2d30000 rw-p 00000000 00:00 0 
7451c2d30000-7451c2dd0000 ---p 00000000 00:00 0 
7451c2dd0000-7451c2de0000 rw-p 00000000 00:00 0 
7451c2de0000-7451ca2f0000 ---p 00000000 00:00 0 
7451ca2f0000-7451ca310000 rw-p 00000000 00:00 0 
7451ca32f000-7451ca334000 r--p 00000000 103:02 52695778                  /usr/lib/jvm/java-17-openjdk/lib/libjsvml.so
7451ca334000-7451ca375000 r-xp 00005000 103:02 52695778                  /usr/lib/jvm/java-17-openjdk/lib/libjsvml.so
7451ca375000-7451ca3fe000 r--p 00046000 103:02 52695778                  /usr/lib/jvm/java-17-openjdk/lib/libjsvml.so
7451ca3fe000-7451ca3ff000 r--p 000ce000 103:02 52695778                  /usr/lib/jvm/java-17-openjdk/lib/libjsvml.so
7451ca3ff000-7451ca400000 rw-p 000cf000 103:02 52695778                  /usr/lib/jvm/java-17-openjdk/lib/libjsvml.so
7451ca400000-7451ca4d0000 rw-p 00000000 00:00 0 
7451ca4d0000-7451cab20000 ---p 00000000 00:00 0 
7451cab20000-7451cab30000 rw-p 00000000 00:00 0 
7451cab30000-7451cabd0000 ---p 00000000 00:00 0 
7451cabd0000-7451cabe0000 rw-p 00000000 00:00 0 
7451cabe0000-7451d20f0000 ---p 00000000 00:00 0 
7451d20f0000-7451d2110000 rw-p 00000000 00:00 0 
7451d217f000-7451d221a000 rw-p 00000000 00:00 0 
7451d221a000-7451d22e4000 ---p 00000000 00:00 0 
7451d22e4000-7451d22e6000 rw-p 00000000 00:00 0 
7451d22e6000-7451d22fa000 ---p 00000000 00:00 0 
7451d22fa000-7451d22fc000 rw-p 00000000 00:00 0 
7451d22fc000-7451d319e000 ---p 00000000 00:00 0 
7451d319e000-7451d31a2000 rw-p 00000000 00:00 0 
7451d31ba000-7451d31bf000 r--p 00000000 103:02 51658536                  /usr/lib/libudev.so.1.7.9
7451d31bf000-7451d31e6000 r-xp 00005000 103:02 51658536                  /usr/lib/libudev.so.1.7.9
7451d31e6000-7451d31fa000 r--p 0002c000 103:02 51658536                  /usr/lib/libudev.so.1.7.9
7451d31fa000-7451d31ff000 r--p 0003f000 103:02 51658536                  /usr/lib/libudev.so.1.7.9
7451d31ff000-7451d3200000 rw-p 00044000 103:02 51658536                  /usr/lib/libudev.so.1.7.9
7451d3200000-7451d321a000 rw-p 00000000 00:00 0 
7451d321a000-7451d32e4000 ---p 00000000 00:00 0 
7451d32e4000-7451d32e6000 rw-p 00000000 00:00 0 
7451d32e6000-7451d32fa000 ---p 00000000 00:00 0 
7451d32fa000-7451d32fc000 rw-p 00000000 00:00 0 
7451d32fc000-7451d419e000 ---p 00000000 00:00 0 
7451d419e000-7451d41a2000 rw-p 00000000 00:00 0 
7451d4200000-7451d421a000 rw-p 00000000 00:00 0 
7451d421a000-7451d42e4000 ---p 00000000 00:00 0 
7451d42e4000-7451d42e6000 rw-p 00000000 00:00 0 
7451d42e6000-7451d42fa000 ---p 00000000 00:00 0 
7451d42fa000-7451d42fc000 rw-p 00000000 00:00 0 
7451d42fc000-7451d519e000 ---p 00000000 00:00 0 
7451d519e000-7451d51a2000 rw-p 00000000 00:00 0 
7451d51dd000-7451d51de000 ---p 00000000 00:00 0 
7451d51de000-7451d51e2000 ---p 00000000 00:00 0 
7451d51e2000-7451d5200000 rw-p 00000000 00:00 0 
7451d5200000-7451d5900000 rwxp 00000000 00:00 0 
7451d5900000-7451dc65f000 ---p 00000000 00:00 0 
7451dc65f000-7451dc95f000 rwxp 00000000 00:00 0 
7451dc95f000-7451dcda0000 ---p 00000000 00:00 0 
7451dcda0000-7451dd010000 rwxp 00000000 00:00 0 
7451dd010000-7451e4200000 ---p 00000000 00:00 0 
7451e4200000-7451ebe67000 r--s 00000000 103:02 52695794                  /usr/lib/jvm/java-17-openjdk/lib/modules
7451ebe73000-7451ebeff000 rw-p 00000000 00:00 0 
7451ebeff000-7451ebf00000 ---p 00000000 00:00 0 
7451ebf00000-7451ec000000 rw-p 00000000 00:00 0 
7451ec000000-7451ecc78000 rw-p 00000000 00:00 0 
7451ecc78000-7451f0000000 ---p 00000000 00:00 0 
7451f0006000-7451f0008000 r--p 00000000 103:02 51646544                  /usr/lib/libatomic.so.1.2.0
7451f0008000-7451f000c000 r-xp 00002000 103:02 51646544                  /usr/lib/libatomic.so.1.2.0
7451f000c000-7451f000e000 r--p 00006000 103:02 51646544                  /usr/lib/libatomic.so.1.2.0
7451f000e000-7451f000f000 r--p 00007000 103:02 51646544                  /usr/lib/libatomic.so.1.2.0
7451f000f000-7451f0010000 rw-p 00008000 103:02 51646544                  /usr/lib/libatomic.so.1.2.0
7451f0010000-7451f0011000 rw-p 00000000 00:00 0 
7451f0011000-7451f0014000 r--p 00000000 103:02 51656976                  /usr/lib/libcap.so.2.70
7451f0014000-7451f0019000 r-xp 00003000 103:02 51656976                  /usr/lib/libcap.so.2.70
7451f0019000-7451f001b000 r--p 00008000 103:02 51656976                  /usr/lib/libcap.so.2.70
7451f001b000-7451f001c000 r--p 00009000 103:02 51656976                  /usr/lib/libcap.so.2.70
7451f001c000-7451f001d000 rw-p 0000a000 103:02 51656976                  /usr/lib/libcap.so.2.70
7451f001d000-7451f1333000 rw-p 00000000 00:00 0 
7451f1333000-7451f1417000 ---p 00000000 00:00 0 
7451f1417000-7451f1425000 rw-p 00000000 00:00 0 
7451f1425000-7451f1500000 ---p 00000000 00:00 0 
7451f1500000-7451f1504000 ---p 00000000 00:00 0 
7451f1504000-7451f1600000 rw-p 00000000 00:00 0 
7451f1600000-7451f1697000 r--p 00000000 103:02 51708318                  /usr/lib/libstdc++.so.6.0.33
7451f1697000-7451f17e4000 r-xp 00097000 103:02 51708318                  /usr/lib/libstdc++.so.6.0.33
7451f17e4000-7451f1874000 r--p 001e4000 103:02 51708318                  /usr/lib/libstdc++.so.6.0.33
7451f1874000-7451f1881000 r--p 00274000 103:02 51708318                  /usr/lib/libstdc++.so.6.0.33
7451f1881000-7451f1882000 rw-p 00281000 103:02 51708318                  /usr/lib/libstdc++.so.6.0.33
7451f1882000-7451f1886000 rw-p 00000000 00:00 0 
7451f188a000-7451f1891000 r--s 00000000 103:02 51747551                  /usr/lib/gconv/gconv-modules.cache
7451f1891000-7451f1911000 rw-p 00000000 00:00 0 
7451f1911000-7451f191f000 r--p 00000000 103:02 51645846                  /usr/lib/libm.so.6
7451f191f000-7451f19a2000 r-xp 0000e000 103:02 51645846                  /usr/lib/libm.so.6
7451f19a2000-7451f19fe000 r--p 00091000 103:02 51645846                  /usr/lib/libm.so.6
7451f19fe000-7451f19ff000 r--p 000ec000 103:02 51645846                  /usr/lib/libm.so.6
7451f19ff000-7451f1a00000 rw-p 000ed000 103:02 51645846                  /usr/lib/libm.so.6
7451f1a00000-7451f1a0d000 r--p 00000000 103:02 53110626                  /usr/lib/jvm/java-17-openjdk/lib/server/libjvm.so
7451f1a0d000-7451f25f4000 r-xp 0000d000 103:02 53110626                  /usr/lib/jvm/java-17-openjdk/lib/server/libjvm.so
7451f25f4000-7451f27a4000 r--p 00bf4000 103:02 53110626                  /usr/lib/jvm/java-17-openjdk/lib/server/libjvm.so
7451f27a4000-7451f2859000 r--p 00da4000 103:02 53110626                  /usr/lib/jvm/java-17-openjdk/lib/server/libjvm.so
7451f2859000-7451f2889000 rw-p 00e59000 103:02 53110626                  /usr/lib/jvm/java-17-openjdk/lib/server/libjvm.so
7451f2889000-7451f28e2000 rw-p 00000000 00:00 0 
7451f28e8000-7451f28ea000 r--p 00000000 103:02 52695793                  /usr/lib/jvm/java-17-openjdk/lib/libzip.so
7451f28ea000-7451f28ee000 r-xp 00002000 103:02 52695793                  /usr/lib/jvm/java-17-openjdk/lib/libzip.so
7451f28ee000-7451f28f0000 r--p 00006000 103:02 52695793                  /usr/lib/jvm/java-17-openjdk/lib/libzip.so
7451f28f0000-7451f28f1000 r--p 00007000 103:02 52695793                  /usr/lib/jvm/java-17-openjdk/lib/libzip.so
7451f28f1000-7451f28f2000 rw-p 00008000 103:02 52695793                  /usr/lib/jvm/java-17-openjdk/lib/libzip.so
7451f28f2000-7451f28f6000 r--p 00000000 103:02 52695784                  /usr/lib/jvm/java-17-openjdk/lib/libnet.so
7451f28f6000-7451f2904000 r-xp 00004000 103:02 52695784                  /usr/lib/jvm/java-17-openjdk/lib/libnet.so
7451f2904000-7451f2907000 r--p 00012000 103:02 52695784                  /usr/lib/jvm/java-17-openjdk/lib/libnet.so
7451f2907000-7451f2908000 r--p 00015000 103:02 52695784                  /usr/lib/jvm/java-17-openjdk/lib/libnet.so
7451f2908000-7451f2909000 rw-p 00016000 103:02 52695784                  /usr/lib/jvm/java-17-openjdk/lib/libnet.so
7451f2909000-7451f2910000 r--p 00000000 103:02 52695785                  /usr/lib/jvm/java-17-openjdk/lib/libnio.so
7451f2910000-7451f2919000 r-xp 00007000 103:02 52695785                  /usr/lib/jvm/java-17-openjdk/lib/libnio.so
7451f2919000-7451f291e000 r--p 00010000 103:02 52695785                  /usr/lib/jvm/java-17-openjdk/lib/libnio.so
7451f291e000-7451f291f000 r--p 00014000 103:02 52695785                  /usr/lib/jvm/java-17-openjdk/lib/libnio.so
7451f291f000-7451f2920000 rw-p 00015000 103:02 52695785                  /usr/lib/jvm/java-17-openjdk/lib/libnio.so
7451f2920000-7451f295f000 rw-p 00000000 00:00 0 
7451f295f000-7451f2963000 r--p 00000000 103:02 51646549                  /usr/lib/libgcc_s.so.1
7451f2963000-7451f2987000 r-xp 00004000 103:02 51646549                  /usr/lib/libgcc_s.so.1
7451f2987000-7451f298b000 r--p 00028000 103:02 51646549                  /usr/lib/libgcc_s.so.1
7451f298b000-7451f298c000 r--p 0002b000 103:02 51646549                  /usr/lib/libgcc_s.so.1
7451f298c000-7451f298d000 rw-p 0002c000 103:02 51646549                  /usr/lib/libgcc_s.so.1
7451f298d000-7451f2990000 rw-p 00000000 00:00 0 
7451f2990000-7451f2993000 r--p 00000000 103:02 51656591                  /usr/lib/libz.so.1.3.1
7451f2993000-7451f29a1000 r-xp 00003000 103:02 51656591                  /usr/lib/libz.so.1.3.1
7451f29a1000-7451f29a7000 r--p 00011000 103:02 51656591                  /usr/lib/libz.so.1.3.1
7451f29a7000-7451f29a8000 r--p 00017000 103:02 51656591                  /usr/lib/libz.so.1.3.1
7451f29a8000-7451f29a9000 rw-p 00018000 103:02 51656591                  /usr/lib/libz.so.1.3.1
7451f29a9000-7451f29cd000 r--p 00000000 103:02 51645820                  /usr/lib/libc.so.6
7451f29cd000-7451f2b3e000 r-xp 00024000 103:02 51645820                  /usr/lib/libc.so.6
7451f2b3e000-7451f2b8c000 r--p 00195000 103:02 51645820                  /usr/lib/libc.so.6
7451f2b8c000-7451f2b90000 r--p 001e3000 103:02 51645820                  /usr/lib/libc.so.6
7451f2b90000-7451f2b92000 rw-p 001e7000 103:02 51645820                  /usr/lib/libc.so.6
7451f2b92000-7451f2b9a000 rw-p 00000000 00:00 0 
7451f2b9f000-7451f2ba5000 rw-p 00000000 00:00 0 
7451f2ba5000-7451f2bae000 ---p 00000000 00:00 0 
7451f2bae000-7451f2bb8000 r--p 00000000 103:02 52695770                  /usr/lib/jvm/java-17-openjdk/lib/libjava.so
7451f2bb8000-7451f2bc9000 r-xp 0000a000 103:02 52695770                  /usr/lib/jvm/java-17-openjdk/lib/libjava.so
7451f2bc9000-7451f2bce000 r--p 0001b000 103:02 52695770                  /usr/lib/jvm/java-17-openjdk/lib/libjava.so
7451f2bce000-7451f2bcf000 r--p 00020000 103:02 52695770                  /usr/lib/jvm/java-17-openjdk/lib/libjava.so
7451f2bcf000-7451f2bd0000 rw-p 00021000 103:02 52695770                  /usr/lib/jvm/java-17-openjdk/lib/libjava.so
7451f2bd0000-7451f2bd1000 rw-p 00000000 00:00 0 
7451f2bd1000-7451f2bd9000 rw-s 00000000 00:2a 5183                       /tmp/hsperfdata_mahir/67597
7451f2bd9000-7451f2bda000 ---p 00000000 00:00 0 
7451f2bda000-7451f2bdb000 r--p 00000000 00:00 0 
7451f2bdb000-7451f2bdc000 ---p 00000000 00:00 0 
7451f2bdc000-7451f2bdd000 r--p 00000000 103:02 52695774                  /usr/lib/jvm/java-17-openjdk/lib/libjimage.so
7451f2bdd000-7451f2bdf000 r-xp 00001000 103:02 52695774                  /usr/lib/jvm/java-17-openjdk/lib/libjimage.so
7451f2bdf000-7451f2be0000 r--p 00003000 103:02 52695774                  /usr/lib/jvm/java-17-openjdk/lib/libjimage.so
7451f2be0000-7451f2be1000 r--p 00003000 103:02 52695774                  /usr/lib/jvm/java-17-openjdk/lib/libjimage.so
7451f2be1000-7451f2be2000 rw-p 00004000 103:02 52695774                  /usr/lib/jvm/java-17-openjdk/lib/libjimage.so
7451f2be2000-7451f2be4000 r--p 00000000 103:02 52695775                  /usr/lib/jvm/java-17-openjdk/lib/libjli.so
7451f2be4000-7451f2bed000 r-xp 00002000 103:02 52695775                  /usr/lib/jvm/java-17-openjdk/lib/libjli.so
7451f2bed000-7451f2bf0000 r--p 0000b000 103:02 52695775                  /usr/lib/jvm/java-17-openjdk/lib/libjli.so
7451f2bf0000-7451f2bf1000 r--p 0000d000 103:02 52695775                  /usr/lib/jvm/java-17-openjdk/lib/libjli.so
7451f2bf1000-7451f2bf2000 rw-p 0000e000 103:02 52695775                  /usr/lib/jvm/java-17-openjdk/lib/libjli.so
7451f2bf2000-7451f2bf4000 rw-p 00000000 00:00 0 
7451f2bf4000-7451f2bf8000 r--p 00000000 00:00 0                          [vvar]
7451f2bf8000-7451f2bfa000 r-xp 00000000 00:00 0                          [vdso]
7451f2bfa000-7451f2bfb000 r--p 00000000 103:02 51645765                  /usr/lib/ld-linux-x86-64.so.2
7451f2bfb000-7451f2c24000 r-xp 00001000 103:02 51645765                  /usr/lib/ld-linux-x86-64.so.2
7451f2c24000-7451f2c2e000 r--p 0002a000 103:02 51645765                  /usr/lib/ld-linux-x86-64.so.2
7451f2c2e000-7451f2c30000 r--p 00034000 103:02 51645765                  /usr/lib/ld-linux-x86-64.so.2
7451f2c30000-7451f2c32000 rw-p 00036000 103:02 51645765                  /usr/lib/ld-linux-x86-64.so.2
7ffff834e000-7ffff8370000 rw-p 00000000 00:00 0                          [stack]
ffffffffff600000-ffffffffff601000 --xp 00000000 00:00 0                  [vsyscall]


VM Arguments:
jvm_args: -Duser.dir=/home/mahir/fun/CPU/nebula-risc-v 
java_command: nebula.test.decoder_test
java_class_path (initial): /home/mahir/fun/CPU/nebula-risc-v/.metals/.tmp/classpath_D396668B14945090A346EEF16EE03581.jar
Launcher Type: SUN_STANDARD

[Global flags]
     intx CICompilerCount                          = 12                                        {product} {ergonomic}
     uint ConcGCThreads                            = 5                                         {product} {ergonomic}
     uint G1ConcRefinementThreads                  = 18                                        {product} {ergonomic}
   size_t G1HeapRegionSize                         = 4194304                                   {product} {ergonomic}
    uintx GCDrainStackTargetSize                   = 64                                        {product} {ergonomic}
   size_t InitialHeapSize                          = 528482304                                 {product} {ergonomic}
   size_t MarkStackSize                            = 4194304                                   {product} {ergonomic}
   size_t MaxHeapSize                              = 8392802304                                {product} {ergonomic}
   size_t MaxNewSize                               = 5033164800                                {product} {ergonomic}
   size_t MinHeapDeltaBytes                        = 4194304                                   {product} {ergonomic}
   size_t MinHeapSize                              = 8388608                                   {product} {ergonomic}
    uintx NonNMethodCodeHeapSize                   = 7602480                                {pd product} {ergonomic}
    uintx NonProfiledCodeHeapSize                  = 122027880                              {pd product} {ergonomic}
    uintx ProfiledCodeHeapSize                     = 122027880                              {pd product} {ergonomic}
    uintx ReservedCodeCacheSize                    = 251658240                              {pd product} {ergonomic}
     bool SegmentedCodeCache                       = true                                      {product} {ergonomic}
   size_t SoftMaxHeapSize                          = 8392802304                             {manageable} {ergonomic}
     bool UseCompressedClassPointers               = true                           {product lp64_product} {ergonomic}
     bool UseCompressedOops                        = true                           {product lp64_product} {ergonomic}
     bool UseG1GC                                  = true                                      {product} {ergonomic}

Logging:
Log output configuration:
 #0: stdout all=warning uptime,level,tags
 #1: stderr all=off uptime,level,tags

Environment Variables:
PATH=/usr/local/sbin:/usr/local/bin:/usr/bin:/var/lib/flatpak/exports/bin:/usr/lib/jvm/default/bin:/usr/bin/site_perl:/usr/bin/vendor_perl:/usr/bin/core_perl:/opt/rocm/bin:/home/mahir/.local/bin:/home/mahir/.local/share/coursier/bin
SHELL=/bin/zsh
DISPLAY=:1
LANG=en_GB.UTF-8
LC_NUMERIC=en_GB.UTF-8
LC_TIME=en_GB.UTF-8
TERM=xterm-256color

Active Locale:
LC_ALL=en_GB.UTF-8
LC_COLLATE=en_GB.UTF-8
LC_CTYPE=en_GB.UTF-8
LC_MESSAGES=en_GB.UTF-8
LC_MONETARY=en_GB.UTF-8
LC_NUMERIC=en_GB.UTF-8
LC_TIME=en_GB.UTF-8

Signal Handlers:
   SIGSEGV: 0x00007451f2430aa0 in libjvm.so+10685088, mask=11100100010111111101111111111110, flags=SA_RESTART|SA_SIGINFO, unblocked
    SIGBUS: 0x00007451f2430aa0 in libjvm.so+10685088, mask=11100100010111111101111111111110, flags=SA_RESTART|SA_SIGINFO, unblocked
    SIGFPE: 0x00007451f2430aa0 in libjvm.so+10685088, mask=11100100010111111101111111111110, flags=SA_RESTART|SA_SIGINFO, unblocked
   SIGPIPE: 0x00007451f234c400 in libjvm.so+9749504, mask=11100100010111111101111111111110, flags=SA_RESTART|SA_SIGINFO, blocked
   SIGXFSZ: 0x00007451f234c400 in libjvm.so+9749504, mask=11100100010111111101111111111110, flags=SA_RESTART|SA_SIGINFO, blocked
    SIGILL: 0x00007451f2430aa0 in libjvm.so+10685088, mask=11100100010111111101111111111110, flags=SA_RESTART|SA_SIGINFO, unblocked
   SIGUSR2: 0x00007451f234b440 in libjvm.so+9745472, mask=00000000000000000000000000000000, flags=SA_RESTART|SA_SIGINFO, blocked
    SIGHUP: 0x00007451f234b3c0 in libjvm.so+9745344, mask=11100100010111111101111111111110, flags=SA_RESTART|SA_SIGINFO, blocked
    SIGINT: 0x00007451f234b3c0 in libjvm.so+9745344, mask=11100100010111111101111111111110, flags=SA_RESTART|SA_SIGINFO, blocked
   SIGTERM: 0x00007451f234b3c0 in libjvm.so+9745344, mask=11100100010111111101111111111110, flags=SA_RESTART|SA_SIGINFO, blocked
   SIGQUIT: 0x00007451f234b3c0 in libjvm.so+9745344, mask=11100100010111111101111111111110, flags=SA_RESTART|SA_SIGINFO, blocked
   SIGTRAP: 0x00007451f2430aa0 in libjvm.so+10685088, mask=11100100010111111101111111111110, flags=SA_RESTART|SA_SIGINFO, unblocked


Periodic native trim disabled


---------------  S Y S T E M  ---------------

OS:
DISTRIB_ID="EndeavourOS"
DISTRIB_RELEASE="rolling"
DISTRIB_DESCRIPTION="EndeavourOS Linux"
DISTRIB_CODENAME="rolling"
uname: Linux 6.11.1-arch1-1 #1 SMP PREEMPT_DYNAMIC Mon, 30 Sep 2024 23:49:50 +0000 x86_64
OS uptime: 0 days 10:26 hours
libc: glibc 2.40 NPTL 2.40 
rlimit (soft/hard): STACK 8192k/infinity , CORE infinity/infinity , NPROC 127623/127623 , NOFILE 524288/524288 , AS infinity/infinity , CPU infinity/infinity , DATA infinity/infinity , FSIZE infinity/infinity , MEMLOCK 8192k/8192k
load average: 2.39 1.93 1.50

/proc/meminfo:
MemTotal:       32782568 kB
MemFree:        12477212 kB
MemAvailable:   22414812 kB
Buffers:          924300 kB
Cached:          9013288 kB
SwapCached:            0 kB
Active:         11645500 kB
Inactive:        6979504 kB
Active(anon):    8826712 kB
Inactive(anon):        0 kB
Active(file):    2818788 kB
Inactive(file):  6979504 kB
Unevictable:          32 kB
Mlocked:              32 kB
SwapTotal:             0 kB
SwapFree:              0 kB
Zswap:                 0 kB
Zswapped:              0 kB
Dirty:              4556 kB
Writeback:             0 kB
AnonPages:       8600364 kB
Mapped:          1657020 kB
Shmem:            140000 kB
KReclaimable:     604848 kB
Slab:             840600 kB
SReclaimable:     604848 kB
SUnreclaim:       235752 kB
KernelStack:       36112 kB
PageTables:        83276 kB
SecPageTables:      5384 kB
NFS_Unstable:          0 kB
Bounce:                0 kB
WritebackTmp:          0 kB
CommitLimit:    16391284 kB
Committed_AS:   33329852 kB
VmallocTotal:   34359738367 kB
VmallocUsed:      123348 kB
VmallocChunk:          0 kB
Percpu:            57792 kB
HardwareCorrupted:     0 kB
AnonHugePages:   2580480 kB
ShmemHugePages:        0 kB
ShmemPmdMapped:        0 kB
FileHugePages:    706560 kB
FilePmdMapped:    391168 kB
CmaTotal:              0 kB
CmaFree:               0 kB
Unaccepted:            0 kB
HugePages_Total:       0
HugePages_Free:        0
HugePages_Rsvd:        0
HugePages_Surp:        0
Hugepagesize:       2048 kB
Hugetlb:               0 kB
DirectMap4k:      768280 kB
DirectMap2M:    15929344 kB
DirectMap1G:    16777216 kB

/sys/kernel/mm/transparent_hugepage/enabled: [always] madvise never
/sys/kernel/mm/transparent_hugepage/hpage_pmd_size: 2097152
/sys/kernel/mm/transparent_hugepage/defrag (defrag/compaction efforts parameter): always defer defer+madvise [madvise] never

Process Memory:
Virtual Size: 13102232K (peak: 13102520K)
Resident Set Size: 226396K (peak: 226396K) (anon: 181852K, file: 44544K, shmem: 0K)
Swapped out: 0K
C-Heap outstanding allocations: 99622K, retained: 27869K
glibc malloc tunables: (default)

/proc/sys/kernel/threads-max (system-wide limit on the number of threads): 255246
/proc/sys/vm/max_map_count (maximum number of memory map areas a process may have): 1048576
/proc/sys/vm/swappiness (control to define how aggressively the kernel swaps out anonymous memory): 60
/proc/sys/kernel/pid_max (system-wide limit on number of process identifiers): 4194304

container (cgroup) information:
container_type: cgroupv2
cpu_cpuset_cpus: not supported
cpu_memory_nodes: not supported
active_processor_count: 24
cpu_quota: no quota
cpu_period: 100000
cpu_shares: no shares
memory_limit_in_bytes: unlimited
memory_and_swap_limit_in_bytes: unlimited
memory_soft_limit_in_bytes: unlimited
memory_usage_in_bytes: 14772640 k
memory_max_usage_in_bytes: not supported
memory_swap_current_in_bytes: unlimited
memory_swap_max_limit_in_bytes: unlimited
maximum number of tasks: unlimited
current number of tasks: 1744

Steal ticks since vm start: 0
Steal ticks percentage since vm start:  0.000

CPU: total 24 (initial active 24) (24 cores per cpu, 2 threads per core) family 25 model 33 stepping 2 microcode 0xa20120a, cx8, cmov, fxsr, ht, mmx, 3dnowpref, sse, sse2, sse3, ssse3, sse4a, sse4.1, sse4.2, popcnt, lzcnt, tsc, tscinvbit, avx, avx2, aes, erms, clmul, bmi1, bmi2, adx, sha, fma, vzeroupper, clflush, clflushopt
CPU Model and flags from /proc/cpuinfo:
model name	: AMD Ryzen 9 5900X 12-Core Processor
flags		: fpu vme de pse tsc msr pae mce cx8 apic sep mtrr pge mca cmov pat pse36 clflush mmx fxsr sse sse2 ht syscall nx mmxext fxsr_opt pdpe1gb rdtscp lm constant_tsc rep_good nopl xtopology nonstop_tsc cpuid extd_apicid aperfmperf rapl pni pclmulqdq monitor ssse3 fma cx16 sse4_1 sse4_2 x2apic movbe popcnt aes xsave avx f16c rdrand lahf_lm cmp_legacy svm extapic cr8_legacy abm sse4a misalignsse 3dnowprefetch osvw ibs skinit wdt tce topoext perfctr_core perfctr_nb bpext perfctr_llc mwaitx cpb cat_l3 cdp_l3 hw_pstate ssbd mba ibrs ibpb stibp vmmcall fsgsbase bmi1 avx2 smep bmi2 erms invpcid cqm rdt_a rdseed adx smap clflushopt clwb sha_ni xsaveopt xsavec xgetbv1 xsaves cqm_llc cqm_occup_llc cqm_mbm_total cqm_mbm_local user_shstk clzero irperf xsaveerptr rdpru wbnoinvd arat npt lbrv svm_lock nrip_save tsc_scale vmcb_clean flushbyasid decodeassists pausefilter pfthreshold avic v_vmsave_vmload vgif v_spec_ctrl umip pku ospke vaes vpclmulqdq rdpid overflow_recov succor smca fsrm debug_swap

Online cpus: 0-23
Offline cpus: 
BIOS frequency limitation: <Not Available>
Frequency switch latency (ns): 0
Available cpu frequencies: <Not Available>
Current governor: powersave
Core performance/turbo boost: 1

Memory: 4k page, physical 32782568k(12477212k free), swap 0k(0k free)
Page Sizes: 4k

vm_info: OpenJDK 64-Bit Server VM (17.0.12+7) for linux-amd64 JRE (17.0.12+7), built on Jul 17 2024 13:35:02 by "builduser" with gcc 14.1.1 20240522

END.
