#
# A fatal error has been detected by the Java Runtime Environment:
#
#  SIGSEGV (0xb) at pc=0x00007d3ea807589d, pid=126063, tid=126065
#
# JRE version: OpenJDK Runtime Environment (17.0.12+7) (build 17.0.12+7)
# Java VM: OpenJDK 64-Bit Server VM (17.0.12+7, mixed mode, sharing, tiered, compressed oops, compressed class ptrs, g1 gc, linux-amd64)
# Problematic frame:
# C  [verilator_5813811074026024764.so+0x3089d]  sc_time_stamp()+0x14
#
# Core dump will be written. Default location: Core dumps may be processed with "/usr/lib/systemd/systemd-coredump %P %u %g %s %t %c %h" (or dumping to /home/mahir/fun/CPU/nebula-risc-v/core.126063)
#
# If you would like to submit a bug report, please visit:
#   https://bugreport.java.com/bugreport/crash.jsp
# The crash happened outside the Java Virtual Machine in native code.
# See problematic frame for where to report the bug.
#

---------------  S U M M A R Y ------------

Command Line: -Duser.dir=/home/mahir/fun/CPU/nebula-risc-v nebula.test.decoder_test

Host: AMD Ryzen 9 5900X 12-Core Processor, 24 cores, 31G, EndeavourOS Linux
Time: Tue Oct  8 21:52:25 2024 BST elapsed time: 2.885575 seconds (0d 0h 0m 2s)

---------------  T H R E A D  ---------------

Current thread (0x00007d3ed4015980):  JavaThread "main" [_thread_in_native, id=126065, stack(0x00007d3ed8cd2000,0x00007d3ed8dd2000)]

Stack: [0x00007d3ed8cd2000,0x00007d3ed8dd2000],  sp=0x00007d3ed8dcfd30,  free space=1015k
Native frames: (J=compiled Java code, j=interpreted, Vv=VM code, C=native code)
C  [verilator_5813811074026024764.so+0x3089d]  sc_time_stamp()+0x14
C  [verilator_5813811074026024764.so+0x47185]  VerilatedContext::time() const+0x31
C  [verilator_5813811074026024764.so+0x401b0]  VerilatedContext::addModel(VerilatedModel*)+0xa0
C  [verilator_5813811074026024764.so+0x76a14]  VdecoderForTest::VdecoderForTest(VerilatedContext*, char const*)+0x108
C  [verilator_5813811074026024764.so+0x76aff]  VdecoderForTest::VdecoderForTest(char const*)+0x2b

Java frames: (J=compiled Java code, j=interpreted, Vv=VM code)
j  wrapper_verilator.VerilatorNative.newHandle_5813811074026024764(Ljava/lang/String;Ljava/lang/String;I)J+0
j  wrapper_verilator.VerilatorNative.newHandle(Ljava/lang/String;Ljava/lang/String;I)J+4
j  spinal.sim.VerilatorBackend.instanciate(Ljava/lang/String;I)J+135
j  spinal.core.sim.SpinalSimConfig$$anon$3.newSimRaw(Ljava/lang/String;I)Lspinal/sim/SimRaw;+14
j  spinal.core.sim.SimCompiled.doSimApi(Ljava/lang/String;IZLscala/Function1;)V+47
j  spinal.core.sim.SimCompiled.doSim(Lscala/Function1;)V+23
j  nebula.test.decoder_test$.delayedEndpoint$nebula$test$decoder_test$1()V+22
j  nebula.test.decoder_test$delayedInit$body.apply()Ljava/lang/Object;+4
j  scala.Function0.apply$mcV$sp()V+1
j  scala.Function0.apply$mcV$sp$(Lscala/Function0;)V+1
j  scala.runtime.AbstractFunction0.apply$mcV$sp()V+1
j  scala.App.$anonfun$main$1$adapted(Lscala/Function0;)Ljava/lang/Object;+1
j  scala.App$$Lambda$5+0x00007d3e4c036fe0.apply(Ljava/lang/Object;)Ljava/lang/Object;+4
j  scala.collection.immutable.List.foreach(Lscala/Function1;)V+14
j  scala.App.main([Ljava/lang/String;)V+33
j  scala.App.main$(Lscala/App;[Ljava/lang/String;)V+2
j  nebula.test.decoder_test$.main([Ljava/lang/String;)V+2
j  nebula.test.decoder_test.main([Ljava/lang/String;)V+4
v  ~StubRoutines::call_stub

siginfo: si_signo: 11 (SIGSEGV), si_code: 1 (SEGV_MAPERR), si_addr: 0x0000000000000008

Registers:
RAX=0x0000000000000000, RBX=0x00007d3ed4981cc0, RCX=0x0000000001535ce4, RDX=0x00006500da163f90
RSP=0x00007d3ed8dcfd30, RBP=0x00007d3ed8dcfd40, RSI=0x0000000000000000, RDI=0x00007d3ea80e1f08
R8 =0x000a97cabdaa60ed, R9 =0x0000000000000000, R10=0x0000000000000000, R11=0x00007d3eda05b080
R12=0x00007d3ed4981c40, R13=0x0000000000000001, R14=0x00007d3ed4981540, R15=0x00007d3ed4cc0fd0
RIP=0x00007d3ea807589d, EFLAGS=0x0000000000010202, CSGSFS=0x002b000000000033, ERR=0x0000000000000004
  TRAPNO=0x000000000000000e


Register to memory mapping:

RAX=0x0 is NULL
RBX=0x00007d3ed4981cc0 points into unknown readable memory: 0x00007d3ea80e4440 | 40 44 0e a8 3e 7d 00 00
RCX=0x0000000001535ce4 is an unknown value
RDX=0x00006500da163f90 points into unknown readable memory: 0x0000000000000004 | 04 00 00 00 00 00 00 00
RSP=0x00007d3ed8dcfd30 is pointing into the stack for thread: 0x00007d3ed4015980
RBP=0x00007d3ed8dcfd40 is pointing into the stack for thread: 0x00007d3ed4015980
RSI=0x0 is NULL
RDI=0x00007d3ea80e1f08: <offset 0x000000000009cf08> in /home/mahir/fun/CPU/nebula-risc-v/simWorkspace/decoderForTest/verilator/verilator_5813811074026024764.so at 0x00007d3ea8045000
R8 =0x000a97cabdaa60ed is an unknown value
R9 =0x0 is NULL
R10=0x0 is NULL
R11=0x00007d3eda05b080 points into unknown readable memory: 0x0000000101535ce6 | e6 5c 53 01 01 00 00 00
R12=0x00007d3ed4981c40 points into unknown readable memory: 0x00007d3ea80e1798 | 98 17 0e a8 3e 7d 00 00
R13=0x0000000000000001 is an unknown value
R14=0x00007d3ed4981540 points into unknown readable memory: 0x00007d3ea80e1680 | 80 16 0e a8 3e 7d 00 00
R15=0x00007d3ed4cc0fd0 points into unknown readable memory: 0x0000000074736574 | 74 65 73 74 00 00 00 00


Top of Stack: (sp=0x00007d3ed8dcfd30)
0x00007d3ed8dcfd30:   0000000000000001 00007d3ea808c11b
0x00007d3ed8dcfd40:   00007d3ed8dcfd60 00007d3ea808c185
0x00007d3ed8dcfd50:   00007d3ea80e4440 00007d3ea80e4440
0x00007d3ed8dcfd60:   00007d3ed8dcff40 00007d3ea80851b0
0x00007d3ed8dcfd70:   00007d3ed4981c40 00007d3ea80e4440
0x00007d3ed8dcfd80:   0000000000000000 00007d3ea80e4440
0x00007d3ed8dcfd90:   9999999999999999 0000000000000000
0x00007d3ed8dcfda0:   2020202020202020 00007d3ea80e4440
0x00007d3ed8dcfdb0:   00007d3ed8dcfde0 00007d3ea8086fbd
0x00007d3ed8dcfdc0:   0000000000000000 120aee6fa80e4440
0x00007d3ed8dcfdd0:   00007d3ed8dcfde0 00007d3ea808cf0d
0x00007d3ed8dcfde0:   00007d3ed8dcfe00 00007d3ea807845c
0x00007d3ed8dcfdf0:   0000000000000001 00007d3ed4981cc0
0x00007d3ed8dcfe00:   00007d3ed4981c40 0000000000000001
0x00007d3ed8dcfe10:   00007d3ed4981540 00007d3ed4cc0fd0
0x00007d3ed8dcfe20:   00007d3ed8dcfe40 00007d3ea808bc12
0x00007d3ed8dcfe30:   00007d3ed8dcfe40 00007d3ea80e4440
0x00007d3ed8dcfe40:   00007d3ed8dcfe60 00007d3ea808bcee
0x00007d3ed8dcfe50:   00007d3ed8dcfe70 00007d3ea808bc41
0x00007d3ed8dcfe60:   00007d3ed8dcfe80 00007d3ea80e4440
0x00007d3ed8dcfe70:   00007d3ed8dcfe90 00007d3ea808bd0e
0x00007d3ed8dcfe80:   00007d3ed8dcfeb0 00007d3ea80e4440
0x00007d3ed8dcfe90:   00007d3ed8dcfeb0 00007d3ea808bd94
0x00007d3ed8dcfea0:   00007d3ed4981cc0 00007d3ea80e4440
0x00007d3ed8dcfeb0:   00007d3ed8dcfed0 00007d3ea808bdf7
0x00007d3ed8dcfec0:   00007d3ea80e4440 00007d3ed8dcfef0
0x00007d3ed8dcfed0:   00007d3ed8dcff00 00007d3ea80bd212
0x00007d3ed8dcfee0:   0000000c00800000 00007d3ea80e4440
0x00007d3ed8dcfef0:   00007d01a80e4440 00007d3ed4981d80
0x00007d3ed8dcff00:   00007d3ed8dcff40 00007d3ea80bd13f
0x00007d3ed8dcff10:   00007d3ed4981c40 00007d3ea80bf000
0x00007d3ed8dcff20:   00007d3ea80e4440 83737552e8a22000 

Instructions: (pc=0x00007d3ea807589d)
0x00007d3ea807579d:   b8 ff ff ff 25 12 ec 06 00 68 77 04 00 00 e9 70
0x00007d3ea80757ad:   b8 ff ff ff 25 92 c7 06 00 66 90 ff 25 fa c7 06
0x00007d3ea80757bd:   00 66 90 48 8d 3d 51 ec 06 00 48 8d 05 4a ec 06
0x00007d3ea80757cd:   00 48 39 f8 74 15 48 8b 05 ce c7 06 00 48 85 c0
0x00007d3ea80757dd:   74 09 ff e0 0f 1f 80 00 00 00 00 c3 0f 1f 80 00
0x00007d3ea80757ed:   00 00 00 48 8d 3d 21 ec 06 00 48 8d 35 1a ec 06
0x00007d3ea80757fd:   00 48 29 fe 48 89 f0 48 c1 ee 3f 48 c1 f8 03 48
0x00007d3ea807580d:   01 c6 48 d1 fe 74 14 48 8b 05 bd c7 06 00 48 85
0x00007d3ea807581d:   c0 74 08 ff e0 66 0f 1f 44 00 00 c3 0f 1f 80 00
0x00007d3ea807582d:   00 00 00 f3 0f 1e fa 80 3d e5 eb 06 00 00 75 33
0x00007d3ea807583d:   55 48 83 3d ea c6 06 00 00 48 89 e5 74 0d 48 8b
0x00007d3ea807584d:   3d 6e eb 06 00 ff 15 d8 c6 06 00 e8 63 ff ff ff
0x00007d3ea807585d:   c6 05 bc eb 06 00 01 5d c3 66 2e 0f 1f 84 00 00
0x00007d3ea807586d:   00 00 00 c3 66 66 2e 0f 1f 84 00 00 00 00 00 0f
0x00007d3ea807587d:   1f 40 00 f3 0f 1e fa e9 67 ff ff ff 52 48 8d 3d
0x00007d3ea807588d:   77 c6 06 00 e8 4a f4 ff ff 48 8b 80 00 00 00 00
0x00007d3ea807589d:   48 8b 40 08 48 85 c0 78 07 f2 48 0f 2a c0 eb 15
0x00007d3ea80758ad:   48 89 c2 83 e0 01 48 d1 ea 48 09 c2 f2 48 0f 2a
0x00007d3ea80758bd:   c2 f2 0f 58 c0 58 c3 50 89 f2 31 c0 48 89 fe 48
0x00007d3ea80758cd:   8d 3d 6d 97 04 00 e8 58 b8 ff ff e8 8a 03 00 00
0x00007d3ea80758dd:   be 01 00 00 00 5a 48 89 c7 e9 eb ee 00 00 41 57
0x00007d3ea80758ed:   41 56 49 89 d6 41 55 41 54 49 89 cc 55 53 48 89
0x00007d3ea80758fd:   fb 49 63 f8 48 83 ec 18 89 7c 24 0c e8 f2 f2 ff
0x00007d3ea807590d:   ff 48 8b 03 31 d2 4c 89 f6 48 89 df ff 90 48 05
0x00007d3ea807591d:   00 00 31 d2 4c 89 e6 48 89 df 49 89 c7 48 8b 03
0x00007d3ea807592d:   ff 90 48 05 00 00 bf 80 04 00 00 49 89 c5 e8 e0
0x00007d3ea807593d:   db ff ff 8b 4c 24 0c 4c 89 ea 4c 89 fe 48 89 c7
0x00007d3ea807594d:   48 89 c5 e8 01 04 00 00 48 8b 03 4c 89 fa 4c 89
0x00007d3ea807595d:   f6 48 89 df ff 90 50 05 00 00 48 8b 03 4c 89 ea
0x00007d3ea807596d:   4c 89 e6 48 89 df ff 90 50 05 00 00 48 83 c4 18
0x00007d3ea807597d:   48 89 e8 5b 5d 41 5c 41 5d 41 5e 41 5f c3 48 89
0x00007d3ea807598d:   c3 48 89 ef be 80 04 00 00 e8 25 dc ff ff 48 89 


Stack slot to memory mapping:
stack at sp + 0 slots: 0x0000000000000001 is an unknown value
stack at sp + 1 slots: 0x00007d3ea808c11b: <offset 0x000000000004711b> in /home/mahir/fun/CPU/nebula-risc-v/simWorkspace/decoderForTest/verilator/verilator_5813811074026024764.so at 0x00007d3ea8045000
stack at sp + 2 slots: 0x00007d3ed8dcfd60 is pointing into the stack for thread: 0x00007d3ed4015980
stack at sp + 3 slots: 0x00007d3ea808c185: <offset 0x0000000000047185> in /home/mahir/fun/CPU/nebula-risc-v/simWorkspace/decoderForTest/verilator/verilator_5813811074026024764.so at 0x00007d3ea8045000
stack at sp + 4 slots: 0x00007d3ea80e4440: <offset 0x000000000009f440> in /home/mahir/fun/CPU/nebula-risc-v/simWorkspace/decoderForTest/verilator/verilator_5813811074026024764.so at 0x00007d3ea8045000
stack at sp + 5 slots: 0x00007d3ea80e4440: <offset 0x000000000009f440> in /home/mahir/fun/CPU/nebula-risc-v/simWorkspace/decoderForTest/verilator/verilator_5813811074026024764.so at 0x00007d3ea8045000
stack at sp + 6 slots: 0x00007d3ed8dcff40 is pointing into the stack for thread: 0x00007d3ed4015980
stack at sp + 7 slots: 0x00007d3ea80851b0: <offset 0x00000000000401b0> in /home/mahir/fun/CPU/nebula-risc-v/simWorkspace/decoderForTest/verilator/verilator_5813811074026024764.so at 0x00007d3ea8045000


---------------  P R O C E S S  ---------------

Threads class SMR info:
_java_thread_list=0x00007d3df81b2a00, length=23, elements={
0x00007d3ed4015980, 0x00007d3ed416d3a0, 0x00007d3ed416e7a0, 0x00007d3ed4173d10,
0x00007d3ed41750e0, 0x00007d3ed4176510, 0x00007d3ed4177f60, 0x00007d3ed41794b0,
0x00007d3ed417a940, 0x00007d3ed4182770, 0x00007d3ed4185af0, 0x00007d3e1402bc20,
0x00007d3df8041ba0, 0x00007d3e14056230, 0x00007d3dec0698c0, 0x00007d3ed45ba6f0,
0x00007d3ed459ef00, 0x00007d3e1c12e620, 0x00007d3df81af630, 0x00007d3e1c147dc0,
0x00007d3e1c148c00, 0x00007d3e1c3d3110, 0x00007d3df81b19a0
}

Java Threads: ( => current thread )
=>0x00007d3ed4015980 JavaThread "main" [_thread_in_native, id=126065, stack(0x00007d3ed8cd2000,0x00007d3ed8dd2000)]
  0x00007d3ed416d3a0 JavaThread "Reference Handler" daemon [_thread_blocked, id=126072, stack(0x00007d3ea82e8000,0x00007d3ea83e8000)]
  0x00007d3ed416e7a0 JavaThread "Finalizer" daemon [_thread_blocked, id=126073, stack(0x00007d3ea81e7000,0x00007d3ea82e7000)]
  0x00007d3ed4173d10 JavaThread "Signal Dispatcher" daemon [_thread_blocked, id=126074, stack(0x00007d3ea80e6000,0x00007d3ea81e6000)]
  0x00007d3ed41750e0 JavaThread "Service Thread" daemon [_thread_blocked, id=126075, stack(0x00007d3ea1f00000,0x00007d3ea2000000)]
  0x00007d3ed4176510 JavaThread "Monitor Deflation Thread" daemon [_thread_blocked, id=126076, stack(0x00007d3ea1b00000,0x00007d3ea1c00000)]
  0x00007d3ed4177f60 JavaThread "C2 CompilerThread0" daemon [_thread_blocked, id=126077, stack(0x00007d3ea19ff000,0x00007d3ea1aff000)]
  0x00007d3ed41794b0 JavaThread "C1 CompilerThread0" daemon [_thread_blocked, id=126078, stack(0x00007d3ea18fe000,0x00007d3ea19fe000)]
  0x00007d3ed417a940 JavaThread "Sweeper thread" daemon [_thread_blocked, id=126079, stack(0x00007d3ea17fd000,0x00007d3ea18fd000)]
  0x00007d3ed4182770 JavaThread "Notification Thread" daemon [_thread_blocked, id=126080, stack(0x00007d3ea16fc000,0x00007d3ea17fc000)]
  0x00007d3ed4185af0 JavaThread "Common-Cleaner" daemon [_thread_blocked, id=126082, stack(0x00007d3ea14fa000,0x00007d3ea15fa000)]
  0x00007d3e1402bc20 JavaThread "C1 CompilerThread1" daemon [_thread_blocked, id=126083, stack(0x00007d3ea13f9000,0x00007d3ea14f9000)]
  0x00007d3df8041ba0 JavaThread "C1 CompilerThread2" daemon [_thread_blocked, id=126084, stack(0x00007d3ea12f8000,0x00007d3ea13f8000)]
  0x00007d3e14056230 JavaThread "C1 CompilerThread3" daemon [_thread_blocked, id=126085, stack(0x00007d3ea11f7000,0x00007d3ea12f7000)]
  0x00007d3dec0698c0 JavaThread "C2 CompilerThread1" daemon [_thread_blocked, id=126086, stack(0x00007d3ea10f6000,0x00007d3ea11f6000)]
  0x00007d3ed45ba6f0 JavaThread "process reaper" daemon [_thread_blocked, id=126099, stack(0x00007d3ed3e6d000,0x00007d3ed3e8f000)]
  0x00007d3ed459ef00 JavaThread "JNA Cleaner" daemon [_thread_blocked, id=126100, stack(0x00007d3ea04ea000,0x00007d3ea05ea000)]
  0x00007d3e1c12e620 JavaThread "C2 CompilerThread2" daemon [_thread_blocked, id=126104, stack(0x00007d3ea02e8000,0x00007d3ea03e8000)]
  0x00007d3df81af630 JavaThread "C2 CompilerThread3" daemon [_thread_blocked, id=126207, stack(0x00007d3e97f00000,0x00007d3e98000000)]
  0x00007d3e1c147dc0 JavaThread "C2 CompilerThread4" daemon [_thread_blocked, id=126208, stack(0x00007d3e97cfe000,0x00007d3e97dfe000)]
  0x00007d3e1c148c00 JavaThread "C2 CompilerThread5" daemon [_thread_in_native, id=126209, stack(0x00007d3e97900000,0x00007d3e97a00000)]
  0x00007d3e1c3d3110 JavaThread "C2 CompilerThread6" daemon [_thread_blocked, id=126210, stack(0x00007d3e977ff000,0x00007d3e978ff000)]
  0x00007d3df81b19a0 JavaThread "C2 CompilerThread7" daemon [_thread_in_vm, id=126211, stack(0x00007d3e976fe000,0x00007d3e977fe000)]

Other Threads:
  0x00007d3ed4169400 VMThread "VM Thread" [stack: 0x00007d3ea83e9000,0x00007d3ea84e9000] [id=126071]
  0x00007d3ed41840d0 WatcherThread [stack: 0x00007d3ea15fb000,0x00007d3ea16fb000] [id=126081]
  0x00007d3ed4045c60 GCTaskThread "GC Thread#0" [stack: 0x00007d3ea9b00000,0x00007d3ea9c00000] [id=126066]
  0x00007d3e40007f10 GCTaskThread "GC Thread#1" [stack: 0x00007d3ea0ff5000,0x00007d3ea10f5000] [id=126087]
  0x00007d3e40008930 GCTaskThread "GC Thread#2" [stack: 0x00007d3ea0ef4000,0x00007d3ea0ff4000] [id=126088]
  0x00007d3e40009350 GCTaskThread "GC Thread#3" [stack: 0x00007d3ea0df3000,0x00007d3ea0ef3000] [id=126089]
  0x00007d3e40009d70 GCTaskThread "GC Thread#4" [stack: 0x00007d3ea0cf2000,0x00007d3ea0df2000] [id=126090]
  0x00007d3e4000a790 GCTaskThread "GC Thread#5" [stack: 0x00007d3ea0bf1000,0x00007d3ea0cf1000] [id=126091]
  0x00007d3e4000b1e0 GCTaskThread "GC Thread#6" [stack: 0x00007d3ea0af0000,0x00007d3ea0bf0000] [id=126092]
  0x00007d3e4000bc30 GCTaskThread "GC Thread#7" [stack: 0x00007d3ea09ef000,0x00007d3ea0aef000] [id=126093]
  0x00007d3e4000c680 GCTaskThread "GC Thread#8" [stack: 0x00007d3ea08ee000,0x00007d3ea09ee000] [id=126094]
  0x00007d3e4000d110 GCTaskThread "GC Thread#9" [stack: 0x00007d3ea07ed000,0x00007d3ea08ed000] [id=126095]
  0x00007d3e4000dba0 GCTaskThread "GC Thread#10" [stack: 0x00007d3ea06ec000,0x00007d3ea07ec000] [id=126096]
  0x00007d3e4000e630 GCTaskThread "GC Thread#11" [stack: 0x00007d3ea05eb000,0x00007d3ea06eb000] [id=126097]
  0x00007d3ed4056ce0 ConcurrentGCThread "G1 Main Marker" [stack: 0x00007d3ea99ff000,0x00007d3ea9aff000] [id=126067]
  0x00007d3ed4057c70 ConcurrentGCThread "G1 Conc#0" [stack: 0x00007d3ea98fe000,0x00007d3ea99fe000] [id=126068]
  0x00007d3e9c000ea0 ConcurrentGCThread "G1 Conc#1" [stack: 0x00007d3ea01e7000,0x00007d3ea02e7000] [id=126203]
  0x00007d3e9c001500 ConcurrentGCThread "G1 Conc#2" [stack: 0x00007d3ea03e9000,0x00007d3ea04e9000] [id=126204]
  0x00007d3e9c001b10 ConcurrentGCThread "G1 Conc#3" [stack: 0x00007d3e97dff000,0x00007d3e97eff000] [id=126205]
  0x00007d3e9c002150 ConcurrentGCThread "G1 Conc#4" [stack: 0x00007d3ea00e6000,0x00007d3ea01e6000] [id=126206]
  0x00007d3ed41389f0 ConcurrentGCThread "G1 Refine#0" [stack: 0x00007d3ea85eb000,0x00007d3ea86eb000] [id=126069]
  0x00007d3ed4139900 ConcurrentGCThread "G1 Service" [stack: 0x00007d3ea84ea000,0x00007d3ea85ea000] [id=126070]

Threads with active compile tasks:
C2 CompilerThread5     2889 3618       4       jdk.internal.org.objectweb.asm.SymbolTable::addConstantMemberReference (147 bytes)

VM state: not at safepoint (normal execution)

VM Mutex/Monitor currently owned by a thread: None

Heap address: 0x000000060bc00000, size: 8004 MB, Compressed Oops mode: Zero based, Oop shift amount: 3

CDS archive(s) mapped at: [0x00007d3e4b000000-0x00007d3e4bbc7000-0x00007d3e4bbc7000), size 12349440, SharedBaseAddress: 0x00007d3e4b000000, ArchiveRelocationMode: 1.
Compressed class space mapped at: 0x00007d3e4c000000-0x00007d3e8c000000, reserved size: 1073741824
Narrow klass base: 0x00007d3e4b000000, Narrow klass shift: 0, Narrow klass range: 0x100000000

GC Precious Log:
 CPUs: 24 total, 24 available
 Memory: 32014M
 Large Page Support: Disabled
 NUMA Support: Disabled
 Compressed Oops: Enabled (Zero based)
 Heap Region Size: 4M
 Heap Min Capacity: 8M
 Heap Initial Capacity: 504M
 Heap Max Capacity: 8004M
 Pre-touch: Disabled
 Parallel Workers: 18
 Concurrent Workers: 5
 Concurrent Refinement Workers: 18
 Periodic GC: Disabled

Heap:
 garbage-first heap   total 69632K, used 43110K [0x000000060bc00000, 0x0000000800000000)
  region size 4096K, 10 young (40960K), 1 survivors (4096K)
 Metaspace       used 26823K, committed 27136K, reserved 1114112K
  class space    used 3658K, committed 3776K, reserved 1048576K

Heap Regions: E=young(eden), S=young(survivor), O=old, HS=humongous(starts), HC=humongous(continues), CS=collection set, F=free, OA=open archive, CA=closed archive, TAMS=top-at-mark-start (previous, next)
|   0|0x000000060bc00000, 0x000000060bf6b800, 0x000000060c000000| 85%| O|  |TAMS 0x000000060bf6b800, 0x000000060bc00000| Complete 
|   1|0x000000060c000000, 0x000000060c000000, 0x000000060c400000|  0%| F|  |TAMS 0x000000060c000000, 0x000000060c000000| Untracked 
|   2|0x000000060c400000, 0x000000060c400000, 0x000000060c800000|  0%| F|  |TAMS 0x000000060c400000, 0x000000060c400000| Untracked 
|   3|0x000000060c800000, 0x000000060c800000, 0x000000060cc00000|  0%| F|  |TAMS 0x000000060c800000, 0x000000060c800000| Untracked 
|   4|0x000000060cc00000, 0x000000060cc00000, 0x000000060d000000|  0%| F|  |TAMS 0x000000060cc00000, 0x000000060cc00000| Untracked 
|   5|0x000000060d000000, 0x000000060d400000, 0x000000060d400000|100%| E|  |TAMS 0x000000060d000000, 0x000000060d000000| Complete 
|   6|0x000000060d400000, 0x000000060d800000, 0x000000060d800000|100%| E|CS|TAMS 0x000000060d400000, 0x000000060d400000| Complete 
|   7|0x000000060d800000, 0x000000060dc00000, 0x000000060dc00000|100%| E|CS|TAMS 0x000000060d800000, 0x000000060d800000| Complete 
|   8|0x000000060dc00000, 0x000000060e000000, 0x000000060e000000|100%| E|CS|TAMS 0x000000060dc00000, 0x000000060dc00000| Complete 
|   9|0x000000060e000000, 0x000000060e400000, 0x000000060e400000|100%| E|CS|TAMS 0x000000060e000000, 0x000000060e000000| Complete 
|  10|0x000000060e400000, 0x000000060e800000, 0x000000060e800000|100%| E|CS|TAMS 0x000000060e400000, 0x000000060e400000| Complete 
|  11|0x000000060e800000, 0x000000060ec00000, 0x000000060ec00000|100%| E|CS|TAMS 0x000000060e800000, 0x000000060e800000| Complete 
|  12|0x000000060ec00000, 0x000000060f000000, 0x000000060f000000|100%| E|CS|TAMS 0x000000060ec00000, 0x000000060ec00000| Complete 
| 115|0x0000000628800000, 0x0000000628ac23d8, 0x0000000628c00000| 68%| S|CS|TAMS 0x0000000628800000, 0x0000000628800000| Complete 
| 125|0x000000062b000000, 0x000000062b400000, 0x000000062b400000|100%| E|CS|TAMS 0x000000062b000000, 0x000000062b000000| Complete 
|1999|0x00000007ff800000, 0x00000007ffb75000, 0x00000007ffc00000| 86%|OA|  |TAMS 0x00000007ffb75000, 0x00000007ff800000| Untracked 
|2000|0x00000007ffc00000, 0x00000007ffc77000, 0x0000000800000000| 11%|CA|  |TAMS 0x00000007ffc77000, 0x00000007ffc00000| Untracked 

Card table byte_map: [0x00007d3eba800000,0x00007d3ebb7a2000] _byte_map_base: 0x00007d3eb77a2000

Marking Bits (Prev, Next): (CMBitMap*) 0x00007d3ed4046740, (CMBitMap*) 0x00007d3ed4046700
 Prev Bits: [0x00007d3ea9c00000, 0x00007d3eb1910000)
 Next Bits: [0x00007d3eb1a00000, 0x00007d3eb9710000)

Polling page: 0x00007d3eda040000

Metaspace:

Usage:
  Non-class:     22.62 MB used.
      Class:      3.57 MB used.
       Both:     26.19 MB used.

Virtual space:
  Non-class space:       64.00 MB reserved,      22.81 MB ( 36%) committed,  1 nodes.
      Class space:        1.00 GB reserved,       3.69 MB ( <1%) committed,  1 nodes.
             Both:        1.06 GB reserved,      26.50 MB (  2%) committed. 

Chunk freelists:
   Non-Class:  8.30 MB
       Class:  12.36 MB
        Both:  20.65 MB

MaxMetaspaceSize: unlimited
CompressedClassSpaceSize: 1.00 GB
Initial GC threshold: 21.00 MB
Current GC threshold: 35.56 MB
CDS: on
MetaspaceReclaimPolicy: balanced
 - commit_granule_bytes: 65536.
 - commit_granule_words: 8192.
 - virtual_space_node_default_size: 8388608.
 - enlarge_chunks_in_place: 1.
 - new_chunks_are_fully_committed: 0.
 - uncommit_free_chunks: 1.
 - use_allocation_guard: 0.
 - handle_deallocations: 1.


Internal statistics:

num_allocs_failed_limit: 3.
num_arena_births: 226.
num_arena_deaths: 0.
num_vsnodes_births: 2.
num_vsnodes_deaths: 0.
num_space_committed: 424.
num_space_uncommitted: 0.
num_chunks_returned_to_freelist: 3.
num_chunks_taken_from_freelist: 1105.
num_chunk_merges: 3.
num_chunk_splits: 845.
num_chunks_enlarged: 715.
num_inconsistent_stats: 0.

CodeHeap 'non-profiled nmethods': size=119168Kb used=1535Kb max_used=1535Kb free=117632Kb
 bounds [0x00007d3ec4da0000, 0x00007d3ec5010000, 0x00007d3ecc200000]
CodeHeap 'profiled nmethods': size=119164Kb used=7023Kb max_used=7023Kb free=112140Kb
 bounds [0x00007d3ebd200000, 0x00007d3ebd8e0000, 0x00007d3ec465f000]
CodeHeap 'non-nmethods': size=7428Kb used=2930Kb max_used=2980Kb free=4497Kb
 bounds [0x00007d3ec465f000, 0x00007d3ec495f000, 0x00007d3ec4da0000]
 total_blobs=4315 nmethods=3760 adapters=465
 compilation: enabled
              stopped_count=0, restarted_count=0
 full_count=0

Compilation events (20 events):
Event: 2.884 Thread 0x00007d3ed41794b0 3753       3       scala.collection.convert.Wrappers$JMapWrapperLike$$anon$5::next (5 bytes)
Event: 2.884 Thread 0x00007d3e1402bc20 3754       3       scala.collection.convert.Wrappers$JMapWrapperLike$$anon$5::next (33 bytes)
Event: 2.884 Thread 0x00007d3e14056230 3755       3       java.util.Collections$UnmodifiableMap$UnmodifiableEntrySet$1::next (5 bytes)
Event: 2.884 Thread 0x00007d3ed41794b0 nmethod 3753 0x00007d3ebd8d0890 code [0x00007d3ebd8d0a40, 0x00007d3ebd8d0b80]
Event: 2.884 Thread 0x00007d3ed41794b0 3756       3       scala.collection.immutable.Map$MapBuilderImpl::$plus$eq (9 bytes)
Event: 2.885 Thread 0x00007d3df8041ba0 nmethod 3748 0x00007d3ebd8d0c10 code [0x00007d3ebd8d12c0, 0x00007d3ebd8d4e00]
Event: 2.885 Thread 0x00007d3ed41794b0 nmethod 3756 0x00007d3ebd8d7090 code [0x00007d3ebd8d7240, 0x00007d3ebd8d7460]
Event: 2.885 Thread 0x00007d3df8041ba0 3757       3       scala.collection.immutable.Map$MapBuilderImpl::$plus$eq (128 bytes)
Event: 2.885 Thread 0x00007d3ed41794b0 3758       3       scala.collection.immutable.HashMap$HashMapBuilder::$plus$eq (30 bytes)
Event: 2.885 Thread 0x00007d3e1402bc20 nmethod 3754 0x00007d3ebd8d7510 code [0x00007d3ebd8d7720, 0x00007d3ebd8d7e60]
Event: 2.885 Thread 0x00007d3e14056230 nmethod 3755 0x00007d3ebd8d8090 code [0x00007d3ebd8d82a0, 0x00007d3ebd8d89f0]
Event: 2.885 Thread 0x00007d3e14056230 3759       3       scala.collection.immutable.HashMap$::scala$collection$immutable$HashMap$$computeHashImpl (10 bytes)
Event: 2.885 Thread 0x00007d3e1402bc20 3760       3       scala.collection.immutable.HashMap$::elemHashCode (5 bytes)
Event: 2.885 Thread 0x00007d3ed4177f60 nmethod 3295 0x00007d3ec4f0d910 code [0x00007d3ec4f0dd40, 0x00007d3ec4f12d88]
Event: 2.885 Thread 0x00007d3e1402bc20 nmethod 3760 0x00007d3ebd8d8c10 code [0x00007d3ebd8d8e00, 0x00007d3ebd8d9310]
Event: 2.885 Thread 0x00007d3e1402bc20 3761       3       scala.collection.immutable.HashMap$::improve (29 bytes)
Event: 2.885 Thread 0x00007d3e1402bc20 nmethod 3761 0x00007d3ebd8d9410 code [0x00007d3ebd8d95a0, 0x00007d3ebd8d96d0]
Event: 2.885 Thread 0x00007d3e14056230 nmethod 3759 0x00007d3ebd8d9790 code [0x00007d3ebd8d9980, 0x00007d3ebd8d9f50]
Event: 2.885 Thread 0x00007d3ed41794b0 nmethod 3758 0x00007d3ebd8da110 code [0x00007d3ebd8da320, 0x00007d3ebd8dab20]
Event: 2.885 Thread 0x00007d3df8041ba0 nmethod 3757 0x00007d3ebd8dad90 code [0x00007d3ebd8db000, 0x00007d3ebd8dbb50]

GC Heap History (6 events):
Event: 0.206 GC heap before
{Heap before GC invocations=0 (full 0):
 garbage-first heap   total 524288K, used 28592K [0x000000060bc00000, 0x0000000800000000)
  region size 4096K, 6 young (24576K), 0 survivors (0K)
 Metaspace       used 7808K, committed 7936K, reserved 1114112K
  class space    used 968K, committed 1024K, reserved 1048576K
}
Event: 0.209 GC heap after
{Heap after GC invocations=1 (full 0):
 garbage-first heap   total 524288K, used 7814K [0x000000060bc00000, 0x0000000800000000)
  region size 4096K, 1 young (4096K), 1 survivors (4096K)
 Metaspace       used 7808K, committed 7936K, reserved 1114112K
  class space    used 968K, committed 1024K, reserved 1048576K
}
Event: 0.366 GC heap before
{Heap before GC invocations=1 (full 0):
 garbage-first heap   total 524288K, used 32390K [0x000000060bc00000, 0x0000000800000000)
  region size 4096K, 8 young (32768K), 1 survivors (4096K)
 Metaspace       used 13441K, committed 13568K, reserved 1114112K
  class space    used 1662K, committed 1728K, reserved 1048576K
}
Event: 0.370 GC heap after
{Heap after GC invocations=2 (full 0):
 garbage-first heap   total 524288K, used 8859K [0x000000060bc00000, 0x0000000800000000)
  region size 4096K, 1 young (4096K), 1 survivors (4096K)
 Metaspace       used 13441K, committed 13568K, reserved 1114112K
  class space    used 1662K, committed 1728K, reserved 1048576K
}
Event: 2.672 GC heap before
{Heap before GC invocations=2 (full 0):
 garbage-first heap   total 524288K, used 41627K [0x000000060bc00000, 0x0000000800000000)
  region size 4096K, 10 young (40960K), 1 survivors (4096K)
 Metaspace       used 21281K, committed 21504K, reserved 1114112K
  class space    used 2990K, committed 3072K, reserved 1048576K
}
Event: 2.677 GC heap after
{Heap after GC invocations=3 (full 0):
 garbage-first heap   total 524288K, used 10342K [0x000000060bc00000, 0x0000000800000000)
  region size 4096K, 1 young (4096K), 1 survivors (4096K)
 Metaspace       used 21281K, committed 21504K, reserved 1114112K
  class space    used 2990K, committed 3072K, reserved 1048576K
}

Dll operation events (8 events):
Event: 0.001 Loaded shared library /usr/lib/jvm/java-17-openjdk/lib/libjava.so
Event: 0.011 Loaded shared library /usr/lib/jvm/java-17-openjdk/lib/libjsvml.so
Event: 0.017 Loaded shared library /usr/lib/jvm/java-17-openjdk/lib/libnio.so
Event: 0.017 Loaded shared library /usr/lib/jvm/java-17-openjdk/lib/libzip.so
Event: 0.047 Loaded shared library /usr/lib/jvm/java-17-openjdk/lib/libjimage.so
Event: 0.252 Loaded shared library /home/mahir/.cache/JNA/temp/jna16143345913987990820.tmp
Event: 0.274 Loaded shared library /usr/lib/jvm/java-17-openjdk/lib/libnet.so
Event: 2.883 Loaded shared library /home/mahir/fun/CPU/nebula-risc-v/simWorkspace/decoderForTest/verilator/verilator_5813811074026024764.so

Deoptimization events (20 events):
Event: 2.837 Thread 0x00007d3ed4015980 Uncommon trap: trap_request=0xffffff45 fr.pc=0x00007d3ec4ec2aa4 relative=0x00000000000009e4
Event: 2.837 Thread 0x00007d3ed4015980 Uncommon trap: reason=unstable_if action=reinterpret pc=0x00007d3ec4ec2aa4 method=java.nio.file.FileTreeWalker.visit(Ljava/nio/file/Path;ZZ)Ljava/nio/file/FileTreeWalker$Event; @ 53 c2
Event: 2.837 Thread 0x00007d3ed4015980 DEOPT PACKING pc=0x00007d3ec4ec2aa4 sp=0x00007d3ed8dce810
Event: 2.837 Thread 0x00007d3ed4015980 DEOPT UNPACKING pc=0x00007d3ec46b5699 sp=0x00007d3ed8dce730 mode 2
Event: 2.841 Thread 0x00007d3ed4015980 Uncommon trap: trap_request=0xffffff45 fr.pc=0x00007d3ec4e98280 relative=0x0000000000000060
Event: 2.841 Thread 0x00007d3ed4015980 Uncommon trap: reason=unstable_if action=reinterpret pc=0x00007d3ec4e98280 method=com.sun.tools.javac.jvm.PoolReader.sizeof(I)I @ 1 c2
Event: 2.841 Thread 0x00007d3ed4015980 DEOPT PACKING pc=0x00007d3ec4e98280 sp=0x00007d3ed8dce940
Event: 2.841 Thread 0x00007d3ed4015980 DEOPT UNPACKING pc=0x00007d3ec46b5699 sp=0x00007d3ed8dce8f0 mode 2
Event: 2.843 Thread 0x00007d3ed4015980 Uncommon trap: trap_request=0xffffff45 fr.pc=0x00007d3ec4ed6b28 relative=0x00000000000007e8
Event: 2.843 Thread 0x00007d3ed4015980 Uncommon trap: reason=unstable_if action=reinterpret pc=0x00007d3ec4ed6b28 method=jdk.internal.jimage.ImageStringsReader.stringFromByteBuffer(Ljava/nio/ByteBuffer;I)Ljava/lang/String; @ 7 c2
Event: 2.843 Thread 0x00007d3ed4015980 DEOPT PACKING pc=0x00007d3ec4ed6b28 sp=0x00007d3ed8dce260
Event: 2.843 Thread 0x00007d3ed4015980 DEOPT UNPACKING pc=0x00007d3ec46b5699 sp=0x00007d3ed8dce238 mode 2
Event: 2.871 Thread 0x00007d3ed4015980 Uncommon trap: trap_request=0xffffffc6 fr.pc=0x00007d3ec4eefe3c relative=0x00000000000011fc
Event: 2.871 Thread 0x00007d3ed4015980 Uncommon trap: reason=bimorphic_or_optimized_type_check action=maybe_recompile pc=0x00007d3ec4eefe3c method=java.util.HashMap.putVal(ILjava/lang/Object;Ljava/lang/Object;ZZ)Ljava/lang/Object; @ 56 c2
Event: 2.871 Thread 0x00007d3ed4015980 DEOPT PACKING pc=0x00007d3ec4eefe3c sp=0x00007d3ed8dcf7b0
Event: 2.871 Thread 0x00007d3ed4015980 DEOPT UNPACKING pc=0x00007d3ec46b5699 sp=0x00007d3ed8dcf738 mode 2
Event: 2.882 Thread 0x00007d3ed4015980 Uncommon trap: trap_request=0xffffffde fr.pc=0x00007d3ec4dea71c relative=0x000000000000117c
Event: 2.882 Thread 0x00007d3ed4015980 Uncommon trap: reason=class_check action=maybe_recompile pc=0x00007d3ec4dea71c method=jdk.internal.loader.URLClassPath.getLoader(I)Ljdk/internal/loader/URLClassPath$Loader; @ 88 c2
Event: 2.882 Thread 0x00007d3ed4015980 DEOPT PACKING pc=0x00007d3ec4dea71c sp=0x00007d3ed8dcf830
Event: 2.882 Thread 0x00007d3ed4015980 DEOPT UNPACKING pc=0x00007d3ec46b5699 sp=0x00007d3ed8dcf820 mode 2

Classes loaded (20 events):
Event: 2.882 Loading class java/util/EnumMap$EnumMapIterator done
Event: 2.882 Loading class java/util/EnumMap$ValueIterator done
Event: 2.882 Loading class java/util/WeakHashMap$KeyIterator
Event: 2.882 Loading class java/util/WeakHashMap$HashIterator
Event: 2.882 Loading class java/util/WeakHashMap$HashIterator done
Event: 2.882 Loading class java/util/WeakHashMap$KeyIterator done
Event: 2.882 Loading class java/net/URLClassLoader$1
Event: 2.882 Loading class java/net/URLClassLoader$1 done
Event: 2.882 Loading class java/io/FilePermission$1
Event: 2.882 Loading class jdk/internal/access/JavaIOFilePermissionAccess
Event: 2.882 Loading class jdk/internal/access/JavaIOFilePermissionAccess done
Event: 2.882 Loading class java/io/FilePermission$1 done
Event: 2.882 Loading class java/io/FilePermissionCollection
Event: 2.882 Loading class java/io/FilePermissionCollection done
Event: 2.882 Loading class java/util/Vector
Event: 2.883 Loading class java/util/Vector done
Event: 2.883 Loading class java/io/FilePermissionCollection$1
Event: 2.883 Loading class java/io/FilePermissionCollection$1 done
Event: 2.883 Loading class jdk/internal/loader/NativeLibraries$Unloader
Event: 2.883 Loading class jdk/internal/loader/NativeLibraries$Unloader done

Classes unloaded (0 events):
No events

Classes redefined (0 events):
No events

Internal exceptions (20 events):
Event: 2.643 Thread 0x00007d3ed4015980 Exception <a 'java/lang/NoSuchMethodError'{0x00000006296727f8}: 'java.lang.Object java.lang.invoke.DirectMethodHandle$Holder.invokeVirtual(java.lang.Object, java.lang.Object, java.lang.Object)'> (0x00000006296727f8) 
thrown [/usr/src/debug/java17-openjdk/jdk17u-jdk-17.0.12-7/src/hotspot/share/interpreter/linkResolver.cpp, line 758]
Event: 2.643 Thread 0x00007d3ed4015980 Exception <a 'java/lang/NoSuchMethodError'{0x000000062967c5f8}: 'int java.lang.invoke.DirectMethodHandle$Holder.invokeInterface(java.lang.Object, java.lang.Object)'> (0x000000062967c5f8) 
thrown [/usr/src/debug/java17-openjdk/jdk17u-jdk-17.0.12-7/src/hotspot/share/interpreter/linkResolver.cpp, line 758]
Event: 2.649 Thread 0x00007d3ed4015980 Exception <a 'sun/nio/fs/UnixException'{0x0000000628e5f860}> (0x0000000628e5f860) 
thrown [/usr/src/debug/java17-openjdk/jdk17u-jdk-17.0.12-7/src/hotspot/share/prims/jni.cpp, line 516]
Event: 2.649 Thread 0x00007d3ed4015980 Exception <a 'sun/nio/fs/UnixException'{0x0000000628e5ffd8}> (0x0000000628e5ffd8) 
thrown [/usr/src/debug/java17-openjdk/jdk17u-jdk-17.0.12-7/src/hotspot/share/prims/jni.cpp, line 516]
Event: 2.653 Thread 0x00007d3ed4015980 Exception <a 'java/lang/NoSuchMethodError'{0x0000000628eca760}: 'int java.lang.invoke.DirectMethodHandle$Holder.invokeVirtual(java.lang.Object, java.lang.Object, java.lang.Object)'> (0x0000000628eca760) 
thrown [/usr/src/debug/java17-openjdk/jdk17u-jdk-17.0.12-7/src/hotspot/share/interpreter/linkResolver.cpp, line 758]
Event: 2.654 Thread 0x00007d3ed4015980 Exception <a 'java/lang/NoSuchMethodError'{0x0000000628ed0f38}: 'void java.lang.invoke.DirectMethodHandle$Holder.invokeInterface(java.lang.Object, java.lang.Object, java.lang.Object)'> (0x0000000628ed0f38) 
thrown [/usr/src/debug/java17-openjdk/jdk17u-jdk-17.0.12-7/src/hotspot/share/interpreter/linkResolver.cpp, line 758]
Event: 2.693 Thread 0x00007d3ed4015980 Exception <a 'java/lang/NoSuchMethodError'{0x000000062b228808}: 'int java.lang.invoke.DirectMethodHandle$Holder.invokeStaticInit(java.lang.Object, java.lang.Object)'> (0x000000062b228808) 
thrown [/usr/src/debug/java17-openjdk/jdk17u-jdk-17.0.12-7/src/hotspot/share/interpreter/linkResolver.cpp, line 758]
Event: 2.756 Thread 0x00007d3ed4015980 Exception <a 'java/lang/NoSuchMethodError'{0x000000060ed205a0}: 'int java.lang.invoke.DirectMethodHandle$Holder.invokeSpecial(java.lang.Object, java.lang.Object, java.lang.Object, java.lang.Object)'> (0x000000060ed205a0) 
thrown [/usr/src/debug/java17-openjdk/jdk17u-jdk-17.0.12-7/src/hotspot/share/interpreter/linkResolver.cpp, line 758]
Event: 2.757 Thread 0x00007d3ed4015980 Exception <a 'java/lang/NoSuchMethodError'{0x000000060ed31708}: 'java.lang.Object java.lang.invoke.DirectMethodHandle$Holder.invokeVirtual(java.lang.Object, java.lang.Object, java.lang.Object, int, int)'> (0x000000060ed31708) 
thrown [/usr/src/debug/java17-openjdk/jdk17u-jdk-17.0.12-7/src/hotspot/share/interpreter/linkResolver.cpp, line 758]
Event: 2.757 Thread 0x00007d3ed4015980 Exception <a 'java/lang/NoSuchMethodError'{0x000000060ed37f98}: 'java.lang.Object java.lang.invoke.DirectMethodHandle$Holder.invokeVirtual(java.lang.Object, java.lang.Object, int)'> (0x000000060ed37f98) 
thrown [/usr/src/debug/java17-openjdk/jdk17u-jdk-17.0.12-7/src/hotspot/share/interpreter/linkResolver.cpp, line 758]
Event: 2.765 Thread 0x00007d3ed4015980 Exception <a 'java/lang/NoSuchMethodError'{0x000000060ede97c0}: 'void java.lang.invoke.DirectMethodHandle$Holder.invokeSpecial(java.lang.Object, java.lang.Object, java.lang.Object, java.lang.Object, java.lang.Object, java.lang.Object)'> (0x000000060ede97c0) 
thrown [/usr/src/debug/java17-openjdk/jdk17u-jdk-17.0.12-7/src/hotspot/share/interpreter/linkResolver.cpp, line 758]
Event: 2.791 Thread 0x00007d3ed4015980 Implicit null exception at 0x00007d3ec4ea282c to 0x00007d3ec4ea2962
Event: 2.816 Thread 0x00007d3ed4015980 Exception <a 'sun/nio/fs/UnixException'{0x000000060deb6018}> (0x000000060deb6018) 
thrown [/usr/src/debug/java17-openjdk/jdk17u-jdk-17.0.12-7/src/hotspot/share/prims/jni.cpp, line 516]
Event: 2.816 Thread 0x00007d3ed4015980 Exception <a 'sun/nio/fs/UnixException'{0x000000060deb6748}> (0x000000060deb6748) 
thrown [/usr/src/debug/java17-openjdk/jdk17u-jdk-17.0.12-7/src/hotspot/share/prims/jni.cpp, line 516]
Event: 2.816 Thread 0x00007d3ed4015980 Exception <a 'sun/nio/fs/UnixException'{0x000000060deb6d60}> (0x000000060deb6d60) 
thrown [/usr/src/debug/java17-openjdk/jdk17u-jdk-17.0.12-7/src/hotspot/share/prims/jni.cpp, line 516]
Event: 2.816 Thread 0x00007d3ed4015980 Exception <a 'sun/nio/fs/UnixException'{0x000000060deb7490}> (0x000000060deb7490) 
thrown [/usr/src/debug/java17-openjdk/jdk17u-jdk-17.0.12-7/src/hotspot/share/prims/jni.cpp, line 516]
Event: 2.817 Thread 0x00007d3ed4015980 Exception <a 'java/lang/NoSuchMethodError'{0x000000060dedc5b0}: 'void java.lang.invoke.DirectMethodHandle$Holder.invokeSpecial(java.lang.Object, java.lang.Object, java.lang.Object, java.lang.Object, java.lang.Object)'> (0x000000060dedc5b0) 
thrown [/usr/src/debug/java17-openjdk/jdk17u-jdk-17.0.12-7/src/hotspot/share/interpreter/linkResolver.cpp, line 758]
Event: 2.836 Thread 0x00007d3ed4015980 Exception <a 'java/lang/NoSuchMethodError'{0x000000060d5b6bb8}: 'int java.lang.invoke.DirectMethodHandle$Holder.invokeSpecial(java.lang.Object, java.lang.Object, java.lang.Object)'> (0x000000060d5b6bb8) 
thrown [/usr/src/debug/java17-openjdk/jdk17u-jdk-17.0.12-7/src/hotspot/share/interpreter/linkResolver.cpp, line 758]
Event: 2.839 Thread 0x00007d3ed4015980 Exception <a 'java/lang/NoSuchMethodError'{0x000000060d610468}: 'java.lang.Object java.lang.invoke.DirectMethodHandle$Holder.invokeStatic(java.lang.Object, java.lang.Object, int, int)'> (0x000000060d610468) 
thrown [/usr/src/debug/java17-openjdk/jdk17u-jdk-17.0.12-7/src/hotspot/share/interpreter/linkResolver.cpp, line 758]
Event: 2.848 Thread 0x00007d3ed4015980 Exception <a 'java/lang/NoSuchMethodError'{0x000000060d6b2630}: 'java.lang.Object java.lang.invoke.DirectMethodHandle$Holder.invokeInterface(java.lang.Object, java.lang.Object)'> (0x000000060d6b2630) 
thrown [/usr/src/debug/java17-openjdk/jdk17u-jdk-17.0.12-7/src/hotspot/share/interpreter/linkResolver.cpp, line 758]

VM Operations (20 events):
Event: 2.681 Executing VM operation: G1PauseRemark
Event: 2.683 Executing VM operation: G1PauseRemark done
Event: 2.684 Executing VM operation: G1PauseCleanup
Event: 2.684 Executing VM operation: G1PauseCleanup done
Event: 2.724 Executing VM operation: HandshakeAllThreads
Event: 2.724 Executing VM operation: HandshakeAllThreads done
Event: 2.724 Executing VM operation: HandshakeAllThreads
Event: 2.724 Executing VM operation: HandshakeAllThreads done
Event: 2.746 Executing VM operation: HandshakeAllThreads
Event: 2.746 Executing VM operation: HandshakeAllThreads done
Event: 2.746 Executing VM operation: HandshakeAllThreads
Event: 2.746 Executing VM operation: HandshakeAllThreads done
Event: 2.834 Executing VM operation: ICBufferFull
Event: 2.834 Executing VM operation: ICBufferFull done
Event: 2.843 Executing VM operation: HandshakeAllThreads
Event: 2.843 Executing VM operation: HandshakeAllThreads done
Event: 2.869 Executing VM operation: HandshakeAllThreads
Event: 2.869 Executing VM operation: HandshakeAllThreads done
Event: 2.880 Executing VM operation: ICBufferFull
Event: 2.881 Executing VM operation: ICBufferFull done

Events (20 events):
Event: 0.680 Protecting memory [0x00007d3e97f00000,0x00007d3e97f04000] with protection modes 0
Event: 0.680 Thread 0x00007d3ed4700920 Thread added: 0x00007d3ed4700920
Event: 0.680 Thread 0x00007d3ed47000f0 Thread exited: 0x00007d3ed47000f0
Event: 0.680 Protecting memory [0x00007d3e97dff000,0x00007d3e97e03000] with protection modes 0
Event: 0.680 Thread 0x00007d3ed4701430 Thread added: 0x00007d3ed4701430
Event: 0.680 Protecting memory [0x00007d3ea03e9000,0x00007d3ea03ed000] with protection modes 0
Event: 2.197 Thread 0x00007d3dec098170 Thread exited: 0x00007d3dec098170
Event: 2.613 Thread 0x00007d3ed4700920 Thread exited: 0x00007d3ed4700920
Event: 2.613 Thread 0x00007d3ed4701430 Thread exited: 0x00007d3ed4701430
Event: 2.618 Thread 0x00007d3dec097050 Thread exited: 0x00007d3dec097050
Event: 2.785 Thread 0x00007d3df81af630 Thread added: 0x00007d3df81af630
Event: 2.785 Protecting memory [0x00007d3e97f00000,0x00007d3e97f04000] with protection modes 0
Event: 2.793 Thread 0x00007d3e1c147dc0 Thread added: 0x00007d3e1c147dc0
Event: 2.793 Protecting memory [0x00007d3e97cfe000,0x00007d3e97d02000] with protection modes 0
Event: 2.804 Thread 0x00007d3e1c148c00 Thread added: 0x00007d3e1c148c00
Event: 2.804 Protecting memory [0x00007d3e97900000,0x00007d3e97904000] with protection modes 0
Event: 2.804 Thread 0x00007d3e1c3d3110 Thread added: 0x00007d3e1c3d3110
Event: 2.804 Protecting memory [0x00007d3e977ff000,0x00007d3e97803000] with protection modes 0
Event: 2.806 Thread 0x00007d3df81b19a0 Thread added: 0x00007d3df81b19a0
Event: 2.806 Protecting memory [0x00007d3e976fe000,0x00007d3e97702000] with protection modes 0


Dynamic libraries:
60bc00000-60f000000 rw-p 00000000 00:00 0 
60f000000-628800000 ---p 00000000 00:00 0 
628800000-628c00000 rw-p 00000000 00:00 0 
628c00000-62b000000 ---p 00000000 00:00 0 
62b000000-62b400000 rw-p 00000000 00:00 0 
62b400000-7ff800000 ---p 00000000 00:00 0 
7ff800000-7ffb00000 rw-p 00000000 00:00 0 
7ffb00000-7ffb75000 rw-p 00c76000 103:02 53110622                        /usr/lib/jvm/java-17-openjdk/lib/server/classes.jsa
7ffb75000-7ffc00000 rw-p 00000000 00:00 0 
7ffc00000-7ffc77000 rw-p 00bff000 103:02 53110622                        /usr/lib/jvm/java-17-openjdk/lib/server/classes.jsa
7ffc77000-800000000 rw-p 00000000 00:00 0 
6500c20d5000-6500c20d6000 r--p 00000000 103:02 52695525                  /usr/lib/jvm/java-17-openjdk/bin/java
6500c20d6000-6500c20d7000 r-xp 00001000 103:02 52695525                  /usr/lib/jvm/java-17-openjdk/bin/java
6500c20d7000-6500c20d8000 r--p 00002000 103:02 52695525                  /usr/lib/jvm/java-17-openjdk/bin/java
6500c20d8000-6500c20d9000 r--p 00002000 103:02 52695525                  /usr/lib/jvm/java-17-openjdk/bin/java
6500c20d9000-6500c20da000 rw-p 00003000 103:02 52695525                  /usr/lib/jvm/java-17-openjdk/bin/java
6500da13a000-6500da181000 rw-p 00000000 00:00 0                          [heap]
7d3d5c000000-7d3d5c683000 rw-p 00000000 00:00 0 
7d3d5c683000-7d3d60000000 ---p 00000000 00:00 0 
7d3d60000000-7d3d604a2000 rw-p 00000000 00:00 0 
7d3d604a2000-7d3d64000000 ---p 00000000 00:00 0 
7d3d68000000-7d3d6858f000 rw-p 00000000 00:00 0 
7d3d6858f000-7d3d6c000000 ---p 00000000 00:00 0 
7d3d6c000000-7d3d6c64b000 rw-p 00000000 00:00 0 
7d3d6c64b000-7d3d70000000 ---p 00000000 00:00 0 
7d3d74000000-7d3d74021000 rw-p 00000000 00:00 0 
7d3d74021000-7d3d78000000 ---p 00000000 00:00 0 
7d3d78000000-7d3d783ce000 rw-p 00000000 00:00 0 
7d3d783ce000-7d3d7c000000 ---p 00000000 00:00 0 
7d3d80000000-7d3d802f3000 rw-p 00000000 00:00 0 
7d3d802f3000-7d3d84000000 ---p 00000000 00:00 0 
7d3d84000000-7d3d8420f000 rw-p 00000000 00:00 0 
7d3d8420f000-7d3d88000000 ---p 00000000 00:00 0 
7d3d8c000000-7d3d8c6fe000 rw-p 00000000 00:00 0 
7d3d8c6fe000-7d3d90000000 ---p 00000000 00:00 0 
7d3d90000000-7d3d900f9000 rw-p 00000000 00:00 0 
7d3d900f9000-7d3d94000000 ---p 00000000 00:00 0 
7d3d98000000-7d3d98021000 rw-p 00000000 00:00 0 
7d3d98021000-7d3d9c000000 ---p 00000000 00:00 0 
7d3d9c000000-7d3d9c021000 rw-p 00000000 00:00 0 
7d3d9c021000-7d3da0000000 ---p 00000000 00:00 0 
7d3da4000000-7d3da4021000 rw-p 00000000 00:00 0 
7d3da4021000-7d3da8000000 ---p 00000000 00:00 0 
7d3da8000000-7d3da8021000 rw-p 00000000 00:00 0 
7d3da8021000-7d3dac000000 ---p 00000000 00:00 0 
7d3db0000000-7d3db0021000 rw-p 00000000 00:00 0 
7d3db0021000-7d3db4000000 ---p 00000000 00:00 0 
7d3db4000000-7d3db4021000 rw-p 00000000 00:00 0 
7d3db4021000-7d3db8000000 ---p 00000000 00:00 0 
7d3dbc000000-7d3dbc021000 rw-p 00000000 00:00 0 
7d3dbc021000-7d3dc0000000 ---p 00000000 00:00 0 
7d3dc0000000-7d3dc0021000 rw-p 00000000 00:00 0 
7d3dc0021000-7d3dc4000000 ---p 00000000 00:00 0 
7d3dc8000000-7d3dc8021000 rw-p 00000000 00:00 0 
7d3dc8021000-7d3dcc000000 ---p 00000000 00:00 0 
7d3dcc000000-7d3dcc021000 rw-p 00000000 00:00 0 
7d3dcc021000-7d3dd0000000 ---p 00000000 00:00 0 
7d3dd4000000-7d3dd4021000 rw-p 00000000 00:00 0 
7d3dd4021000-7d3dd8000000 ---p 00000000 00:00 0 
7d3dd8000000-7d3dd8021000 rw-p 00000000 00:00 0 
7d3dd8021000-7d3ddc000000 ---p 00000000 00:00 0 
7d3de0000000-7d3de0021000 rw-p 00000000 00:00 0 
7d3de0021000-7d3de4000000 ---p 00000000 00:00 0 
7d3de4000000-7d3de4661000 rw-p 00000000 00:00 0 
7d3de4661000-7d3de8000000 ---p 00000000 00:00 0 
7d3dec000000-7d3dec246000 rw-p 00000000 00:00 0 
7d3dec246000-7d3df0000000 ---p 00000000 00:00 0 
7d3df0000000-7d3df02bc000 rw-p 00000000 00:00 0 
7d3df02bc000-7d3df4000000 ---p 00000000 00:00 0 
7d3df8000000-7d3df8323000 rw-p 00000000 00:00 0 
7d3df8323000-7d3dfc000000 ---p 00000000 00:00 0 
7d3dfc000000-7d3dfc021000 rw-p 00000000 00:00 0 
7d3dfc021000-7d3e00000000 ---p 00000000 00:00 0 
7d3e04000000-7d3e04021000 rw-p 00000000 00:00 0 
7d3e04021000-7d3e08000000 ---p 00000000 00:00 0 
7d3e08000000-7d3e08021000 rw-p 00000000 00:00 0 
7d3e08021000-7d3e0c000000 ---p 00000000 00:00 0 
7d3e10000000-7d3e10021000 rw-p 00000000 00:00 0 
7d3e10021000-7d3e14000000 ---p 00000000 00:00 0 
7d3e14000000-7d3e141ce000 rw-p 00000000 00:00 0 
7d3e141ce000-7d3e18000000 ---p 00000000 00:00 0 
7d3e1c000000-7d3e1caf0000 rw-p 00000000 00:00 0 
7d3e1caf0000-7d3e20000000 ---p 00000000 00:00 0 
7d3e20000000-7d3e20021000 rw-p 00000000 00:00 0 
7d3e20021000-7d3e24000000 ---p 00000000 00:00 0 
7d3e28000000-7d3e28021000 rw-p 00000000 00:00 0 
7d3e28021000-7d3e2c000000 ---p 00000000 00:00 0 
7d3e2c000000-7d3e2c021000 rw-p 00000000 00:00 0 
7d3e2c021000-7d3e30000000 ---p 00000000 00:00 0 
7d3e34000000-7d3e34021000 rw-p 00000000 00:00 0 
7d3e34021000-7d3e38000000 ---p 00000000 00:00 0 
7d3e38000000-7d3e38021000 rw-p 00000000 00:00 0 
7d3e38021000-7d3e3c000000 ---p 00000000 00:00 0 
7d3e40000000-7d3e40021000 rw-p 00000000 00:00 0 
7d3e40021000-7d3e44000000 ---p 00000000 00:00 0 
7d3e47000000-7d3e473f0000 rw-p 00000000 00:00 0 
7d3e473f0000-7d3e486c0000 rw-p 00000000 00:00 0 
7d3e486c0000-7d3e48700000 ---p 00000000 00:00 0 
7d3e48700000-7d3e48710000 rw-p 00000000 00:00 0 
7d3e48710000-7d3e4b000000 ---p 00000000 00:00 0 
7d3e4b000000-7d3e4bbc7000 rw-p 00001000 103:02 53110622                  /usr/lib/jvm/java-17-openjdk/lib/server/classes.jsa
7d3e4bbc7000-7d3e4c000000 ---p 00000000 00:00 0 
7d3e4c000000-7d3e4c030000 rw-p 00000000 00:00 0 
7d3e4c030000-7d3e4c070000 rw-p 00000000 00:00 0 
7d3e4c070000-7d3e4c270000 rw-p 00000000 00:00 0 
7d3e4c270000-7d3e4c3b0000 rw-p 00000000 00:00 0 
7d3e4c3b0000-7d3e8c000000 ---p 00000000 00:00 0 
7d3e8c000000-7d3e8c021000 rw-p 00000000 00:00 0 
7d3e8c021000-7d3e90000000 ---p 00000000 00:00 0 
7d3e90000000-7d3e90021000 rw-p 00000000 00:00 0 
7d3e90021000-7d3e94000000 ---p 00000000 00:00 0 
7d3e976fd000-7d3e976fe000 ---p 00000000 00:00 0 
7d3e976fe000-7d3e97702000 ---p 00000000 00:00 0 
7d3e97702000-7d3e977fe000 rw-p 00000000 00:00 0 
7d3e977fe000-7d3e977ff000 ---p 00000000 00:00 0 
7d3e977ff000-7d3e97803000 ---p 00000000 00:00 0 
7d3e97803000-7d3e978ff000 rw-p 00000000 00:00 0 
7d3e978ff000-7d3e97900000 ---p 00000000 00:00 0 
7d3e97900000-7d3e97904000 ---p 00000000 00:00 0 
7d3e97904000-7d3e97a00000 rw-p 00000000 00:00 0 
7d3e97a00000-7d3e97a1e000 r-xp 00000000 103:02 10487377                  /home/mahir/.cache/JNA/temp/jna16143345913987990820.tmp (deleted)
7d3e97a1e000-7d3e97c1d000 ---p 0001e000 103:02 10487377                  /home/mahir/.cache/JNA/temp/jna16143345913987990820.tmp (deleted)
7d3e97c1d000-7d3e97c1e000 rw-p 0001d000 103:02 10487377                  /home/mahir/.cache/JNA/temp/jna16143345913987990820.tmp (deleted)
7d3e97c1e000-7d3e97c1f000 rw-p 00000000 00:00 0 
7d3e97cfd000-7d3e97cfe000 ---p 00000000 00:00 0 
7d3e97cfe000-7d3e97d02000 ---p 00000000 00:00 0 
7d3e97d02000-7d3e97dfe000 rw-p 00000000 00:00 0 
7d3e97dfe000-7d3e97dff000 ---p 00000000 00:00 0 
7d3e97dff000-7d3e97e03000 ---p 00000000 00:00 0 
7d3e97e03000-7d3e97eff000 rw-p 00000000 00:00 0 
7d3e97eff000-7d3e97f00000 ---p 00000000 00:00 0 
7d3e97f00000-7d3e97f04000 ---p 00000000 00:00 0 
7d3e97f04000-7d3e98000000 rw-p 00000000 00:00 0 
7d3e98000000-7d3e98021000 rw-p 00000000 00:00 0 
7d3e98021000-7d3e9c000000 ---p 00000000 00:00 0 
7d3e9c000000-7d3e9c021000 rw-p 00000000 00:00 0 
7d3e9c021000-7d3ea0000000 ---p 00000000 00:00 0 
7d3ea00e5000-7d3ea00e6000 ---p 00000000 00:00 0 
7d3ea00e6000-7d3ea00ea000 ---p 00000000 00:00 0 
7d3ea00ea000-7d3ea01e6000 rw-p 00000000 00:00 0 
7d3ea01e6000-7d3ea01e7000 ---p 00000000 00:00 0 
7d3ea01e7000-7d3ea01eb000 ---p 00000000 00:00 0 
7d3ea01eb000-7d3ea02e7000 rw-p 00000000 00:00 0 
7d3ea02e7000-7d3ea02e8000 ---p 00000000 00:00 0 
7d3ea02e8000-7d3ea02ec000 ---p 00000000 00:00 0 
7d3ea02ec000-7d3ea03e8000 rw-p 00000000 00:00 0 
7d3ea03e8000-7d3ea03e9000 ---p 00000000 00:00 0 
7d3ea03e9000-7d3ea03ed000 ---p 00000000 00:00 0 
7d3ea03ed000-7d3ea04e9000 rw-p 00000000 00:00 0 
7d3ea04e9000-7d3ea04ea000 ---p 00000000 00:00 0 
7d3ea04ea000-7d3ea04ee000 ---p 00000000 00:00 0 
7d3ea04ee000-7d3ea05ea000 rw-p 00000000 00:00 0 
7d3ea05ea000-7d3ea05eb000 ---p 00000000 00:00 0 
7d3ea05eb000-7d3ea06eb000 rw-p 00000000 00:00 0 
7d3ea06eb000-7d3ea06ec000 ---p 00000000 00:00 0 
7d3ea06ec000-7d3ea07ec000 rw-p 00000000 00:00 0 
7d3ea07ec000-7d3ea07ed000 ---p 00000000 00:00 0 
7d3ea07ed000-7d3ea08ed000 rw-p 00000000 00:00 0 
7d3ea08ed000-7d3ea08ee000 ---p 00000000 00:00 0 
7d3ea08ee000-7d3ea09ee000 rw-p 00000000 00:00 0 
7d3ea09ee000-7d3ea09ef000 ---p 00000000 00:00 0 
7d3ea09ef000-7d3ea0aef000 rw-p 00000000 00:00 0 
7d3ea0aef000-7d3ea0af0000 ---p 00000000 00:00 0 
7d3ea0af0000-7d3ea0bf0000 rw-p 00000000 00:00 0 
7d3ea0bf0000-7d3ea0bf1000 ---p 00000000 00:00 0 
7d3ea0bf1000-7d3ea0cf1000 rw-p 00000000 00:00 0 
7d3ea0cf1000-7d3ea0cf2000 ---p 00000000 00:00 0 
7d3ea0cf2000-7d3ea0df2000 rw-p 00000000 00:00 0 
7d3ea0df2000-7d3ea0df3000 ---p 00000000 00:00 0 
7d3ea0df3000-7d3ea0ef3000 rw-p 00000000 00:00 0 
7d3ea0ef3000-7d3ea0ef4000 ---p 00000000 00:00 0 
7d3ea0ef4000-7d3ea0ff4000 rw-p 00000000 00:00 0 
7d3ea0ff4000-7d3ea0ff5000 ---p 00000000 00:00 0 
7d3ea0ff5000-7d3ea10f5000 rw-p 00000000 00:00 0 
7d3ea10f5000-7d3ea10f6000 ---p 00000000 00:00 0 
7d3ea10f6000-7d3ea10fa000 ---p 00000000 00:00 0 
7d3ea10fa000-7d3ea11f6000 rw-p 00000000 00:00 0 
7d3ea11f6000-7d3ea11f7000 ---p 00000000 00:00 0 
7d3ea11f7000-7d3ea11fb000 ---p 00000000 00:00 0 
7d3ea11fb000-7d3ea12f7000 rw-p 00000000 00:00 0 
7d3ea12f7000-7d3ea12f8000 ---p 00000000 00:00 0 
7d3ea12f8000-7d3ea12fc000 ---p 00000000 00:00 0 
7d3ea12fc000-7d3ea13f8000 rw-p 00000000 00:00 0 
7d3ea13f8000-7d3ea13f9000 ---p 00000000 00:00 0 
7d3ea13f9000-7d3ea13fd000 ---p 00000000 00:00 0 
7d3ea13fd000-7d3ea14f9000 rw-p 00000000 00:00 0 
7d3ea14f9000-7d3ea14fa000 ---p 00000000 00:00 0 
7d3ea14fa000-7d3ea14fe000 ---p 00000000 00:00 0 
7d3ea14fe000-7d3ea15fa000 rw-p 00000000 00:00 0 
7d3ea15fa000-7d3ea15fb000 ---p 00000000 00:00 0 
7d3ea15fb000-7d3ea16fb000 rw-p 00000000 00:00 0 
7d3ea16fb000-7d3ea16fc000 ---p 00000000 00:00 0 
7d3ea16fc000-7d3ea1700000 ---p 00000000 00:00 0 
7d3ea1700000-7d3ea17fc000 rw-p 00000000 00:00 0 
7d3ea17fc000-7d3ea17fd000 ---p 00000000 00:00 0 
7d3ea17fd000-7d3ea1801000 ---p 00000000 00:00 0 
7d3ea1801000-7d3ea18fd000 rw-p 00000000 00:00 0 
7d3ea18fd000-7d3ea18fe000 ---p 00000000 00:00 0 
7d3ea18fe000-7d3ea1902000 ---p 00000000 00:00 0 
7d3ea1902000-7d3ea19fe000 rw-p 00000000 00:00 0 
7d3ea19fe000-7d3ea19ff000 ---p 00000000 00:00 0 
7d3ea19ff000-7d3ea1a03000 ---p 00000000 00:00 0 
7d3ea1a03000-7d3ea1aff000 rw-p 00000000 00:00 0 
7d3ea1aff000-7d3ea1b00000 ---p 00000000 00:00 0 
7d3ea1b00000-7d3ea1b04000 ---p 00000000 00:00 0 
7d3ea1b04000-7d3ea1c00000 rw-p 00000000 00:00 0 
7d3ea1c00000-7d3ea1eec000 r--p 00000000 103:02 51747550                  /usr/lib/locale/locale-archive
7d3ea1eff000-7d3ea1f00000 ---p 00000000 00:00 0 
7d3ea1f00000-7d3ea1f04000 ---p 00000000 00:00 0 
7d3ea1f04000-7d3ea2000000 rw-p 00000000 00:00 0 
7d3ea2000000-7d3ea4021000 rw-p 00000000 00:00 0 
7d3ea4021000-7d3ea8000000 ---p 00000000 00:00 0 
7d3ea8045000-7d3ea8071000 r--p 00000000 103:02 11022384                  /home/mahir/fun/CPU/nebula-risc-v/simWorkspace/decoderForTest/verilator/verilator_5813811074026024764.so
7d3ea8071000-7d3ea80bf000 r-xp 0002c000 103:02 11022384                  /home/mahir/fun/CPU/nebula-risc-v/simWorkspace/decoderForTest/verilator/verilator_5813811074026024764.so
7d3ea80bf000-7d3ea80e1000 r--p 0007a000 103:02 11022384                  /home/mahir/fun/CPU/nebula-risc-v/simWorkspace/decoderForTest/verilator/verilator_5813811074026024764.so
7d3ea80e1000-7d3ea80e2000 r--p 0009c000 103:02 11022384                  /home/mahir/fun/CPU/nebula-risc-v/simWorkspace/decoderForTest/verilator/verilator_5813811074026024764.so
7d3ea80e2000-7d3ea80e5000 rw-p 0009d000 103:02 11022384                  /home/mahir/fun/CPU/nebula-risc-v/simWorkspace/decoderForTest/verilator/verilator_5813811074026024764.so
7d3ea80e5000-7d3ea80e6000 ---p 00000000 00:00 0 
7d3ea80e6000-7d3ea80ea000 ---p 00000000 00:00 0 
7d3ea80ea000-7d3ea81e6000 rw-p 00000000 00:00 0 
7d3ea81e6000-7d3ea81e7000 ---p 00000000 00:00 0 
7d3ea81e7000-7d3ea81eb000 ---p 00000000 00:00 0 
7d3ea81eb000-7d3ea82e7000 rw-p 00000000 00:00 0 
7d3ea82e7000-7d3ea82e8000 ---p 00000000 00:00 0 
7d3ea82e8000-7d3ea82ec000 ---p 00000000 00:00 0 
7d3ea82ec000-7d3ea83e8000 rw-p 00000000 00:00 0 
7d3ea83e8000-7d3ea83e9000 ---p 00000000 00:00 0 
7d3ea83e9000-7d3ea84e9000 rw-p 00000000 00:00 0 
7d3ea84e9000-7d3ea84ea000 ---p 00000000 00:00 0 
7d3ea84ea000-7d3ea85ea000 rw-p 00000000 00:00 0 
7d3ea85ea000-7d3ea85eb000 ---p 00000000 00:00 0 
7d3ea85eb000-7d3ea86eb000 rw-p 00000000 00:00 0 
7d3ea86eb000-7d3ea98fd000 rw-p 00000000 00:00 0 
7d3ea98fd000-7d3ea98fe000 ---p 00000000 00:00 0 
7d3ea98fe000-7d3ea99fe000 rw-p 00000000 00:00 0 
7d3ea99fe000-7d3ea99ff000 ---p 00000000 00:00 0 
7d3ea99ff000-7d3ea9aff000 rw-p 00000000 00:00 0 
7d3ea9aff000-7d3ea9b00000 ---p 00000000 00:00 0 
7d3ea9b00000-7d3ea9c00000 rw-p 00000000 00:00 0 
7d3ea9c00000-7d3ea9cd0000 rw-p 00000000 00:00 0 
7d3ea9cd0000-7d3eaa330000 ---p 00000000 00:00 0 
7d3eaa330000-7d3eaa340000 rw-p 00000000 00:00 0 
7d3eaa340000-7d3eaa3d0000 ---p 00000000 00:00 0 
7d3eaa3d0000-7d3eaa3e0000 rw-p 00000000 00:00 0 
7d3eaa3e0000-7d3eb18f0000 ---p 00000000 00:00 0 
7d3eb18f0000-7d3eb1910000 rw-p 00000000 00:00 0 
7d3eb192f000-7d3eb1934000 r--p 00000000 103:02 52695778                  /usr/lib/jvm/java-17-openjdk/lib/libjsvml.so
7d3eb1934000-7d3eb1975000 r-xp 00005000 103:02 52695778                  /usr/lib/jvm/java-17-openjdk/lib/libjsvml.so
7d3eb1975000-7d3eb19fe000 r--p 00046000 103:02 52695778                  /usr/lib/jvm/java-17-openjdk/lib/libjsvml.so
7d3eb19fe000-7d3eb19ff000 r--p 000ce000 103:02 52695778                  /usr/lib/jvm/java-17-openjdk/lib/libjsvml.so
7d3eb19ff000-7d3eb1a00000 rw-p 000cf000 103:02 52695778                  /usr/lib/jvm/java-17-openjdk/lib/libjsvml.so
7d3eb1a00000-7d3eb1ad0000 rw-p 00000000 00:00 0 
7d3eb1ad0000-7d3eb2130000 ---p 00000000 00:00 0 
7d3eb2130000-7d3eb2140000 rw-p 00000000 00:00 0 
7d3eb2140000-7d3eb21d0000 ---p 00000000 00:00 0 
7d3eb21d0000-7d3eb21e0000 rw-p 00000000 00:00 0 
7d3eb21e0000-7d3eb96f0000 ---p 00000000 00:00 0 
7d3eb96f0000-7d3eb9710000 rw-p 00000000 00:00 0 
7d3eb9739000-7d3eb973e000 r--p 00000000 103:02 51658536                  /usr/lib/libudev.so.1.7.9
7d3eb973e000-7d3eb9765000 r-xp 00005000 103:02 51658536                  /usr/lib/libudev.so.1.7.9
7d3eb9765000-7d3eb9779000 r--p 0002c000 103:02 51658536                  /usr/lib/libudev.so.1.7.9
7d3eb9779000-7d3eb977e000 r--p 0003f000 103:02 51658536                  /usr/lib/libudev.so.1.7.9
7d3eb977e000-7d3eb977f000 rw-p 00044000 103:02 51658536                  /usr/lib/libudev.so.1.7.9
7d3eb977f000-7d3eb981a000 rw-p 00000000 00:00 0 
7d3eb981a000-7d3eb98e6000 ---p 00000000 00:00 0 
7d3eb98e6000-7d3eb98e8000 rw-p 00000000 00:00 0 
7d3eb98e8000-7d3eb98fa000 ---p 00000000 00:00 0 
7d3eb98fa000-7d3eb98fc000 rw-p 00000000 00:00 0 
7d3eb98fc000-7d3eba79e000 ---p 00000000 00:00 0 
7d3eba79e000-7d3eba7a2000 rw-p 00000000 00:00 0 
7d3eba800000-7d3eba81a000 rw-p 00000000 00:00 0 
7d3eba81a000-7d3eba8e6000 ---p 00000000 00:00 0 
7d3eba8e6000-7d3eba8e8000 rw-p 00000000 00:00 0 
7d3eba8e8000-7d3eba8fa000 ---p 00000000 00:00 0 
7d3eba8fa000-7d3eba8fc000 rw-p 00000000 00:00 0 
7d3eba8fc000-7d3ebb79e000 ---p 00000000 00:00 0 
7d3ebb79e000-7d3ebb7a2000 rw-p 00000000 00:00 0 
7d3ebb7a5000-7d3ebb81a000 rw-p 00000000 00:00 0 
7d3ebb81a000-7d3ebb8e6000 ---p 00000000 00:00 0 
7d3ebb8e6000-7d3ebb8e8000 rw-p 00000000 00:00 0 
7d3ebb8e8000-7d3ebb8fa000 ---p 00000000 00:00 0 
7d3ebb8fa000-7d3ebb8fc000 rw-p 00000000 00:00 0 
7d3ebb8fc000-7d3ebc79e000 ---p 00000000 00:00 0 
7d3ebc79e000-7d3ebc7a2000 rw-p 00000000 00:00 0 
7d3ebc7ac000-7d3ebc7ae000 r--p 00000000 103:02 51646544                  /usr/lib/libatomic.so.1.2.0
7d3ebc7ae000-7d3ebc7b2000 r-xp 00002000 103:02 51646544                  /usr/lib/libatomic.so.1.2.0
7d3ebc7b2000-7d3ebc7b4000 r--p 00006000 103:02 51646544                  /usr/lib/libatomic.so.1.2.0
7d3ebc7b4000-7d3ebc7b5000 r--p 00007000 103:02 51646544                  /usr/lib/libatomic.so.1.2.0
7d3ebc7b5000-7d3ebc7b6000 rw-p 00008000 103:02 51646544                  /usr/lib/libatomic.so.1.2.0
7d3ebc7b6000-7d3ebd200000 rw-p 00000000 00:00 0 
7d3ebd200000-7d3ebd8e0000 rwxp 00000000 00:00 0 
7d3ebd8e0000-7d3ec465f000 ---p 00000000 00:00 0 
7d3ec465f000-7d3ec495f000 rwxp 00000000 00:00 0 
7d3ec495f000-7d3ec4da0000 ---p 00000000 00:00 0 
7d3ec4da0000-7d3ec5010000 rwxp 00000000 00:00 0 
7d3ec5010000-7d3ecc200000 ---p 00000000 00:00 0 
7d3ecc200000-7d3ed3e67000 r--s 00000000 103:02 52695794                  /usr/lib/jvm/java-17-openjdk/lib/modules
7d3ed3e6c000-7d3ed3e6d000 ---p 00000000 00:00 0 
7d3ed3e6d000-7d3ed3e71000 ---p 00000000 00:00 0 
7d3ed3e71000-7d3ed3e8f000 rw-p 00000000 00:00 0 
7d3ed3e8f000-7d3ed4ccc000 rw-p 00000000 00:00 0 
7d3ed4ccc000-7d3ed8000000 ---p 00000000 00:00 0 
7d3ed8008000-7d3ed800f000 r--s 00000000 103:02 51747551                  /usr/lib/gconv/gconv-modules.cache
7d3ed800f000-7d3ed8013000 r--p 00000000 103:02 52695784                  /usr/lib/jvm/java-17-openjdk/lib/libnet.so
7d3ed8013000-7d3ed8021000 r-xp 00004000 103:02 52695784                  /usr/lib/jvm/java-17-openjdk/lib/libnet.so
7d3ed8021000-7d3ed8024000 r--p 00012000 103:02 52695784                  /usr/lib/jvm/java-17-openjdk/lib/libnet.so
7d3ed8024000-7d3ed8025000 r--p 00015000 103:02 52695784                  /usr/lib/jvm/java-17-openjdk/lib/libnet.so
7d3ed8025000-7d3ed8026000 rw-p 00016000 103:02 52695784                  /usr/lib/jvm/java-17-openjdk/lib/libnet.so
7d3ed8026000-7d3ed8833000 rw-p 00000000 00:00 0 
7d3ed8833000-7d3ed8917000 ---p 00000000 00:00 0 
7d3ed8917000-7d3ed8925000 rw-p 00000000 00:00 0 
7d3ed8925000-7d3ed8a00000 ---p 00000000 00:00 0 
7d3ed8a00000-7d3ed8a97000 r--p 00000000 103:02 51708318                  /usr/lib/libstdc++.so.6.0.33
7d3ed8a97000-7d3ed8be4000 r-xp 00097000 103:02 51708318                  /usr/lib/libstdc++.so.6.0.33
7d3ed8be4000-7d3ed8c74000 r--p 001e4000 103:02 51708318                  /usr/lib/libstdc++.so.6.0.33
7d3ed8c74000-7d3ed8c81000 r--p 00274000 103:02 51708318                  /usr/lib/libstdc++.so.6.0.33
7d3ed8c81000-7d3ed8c82000 rw-p 00281000 103:02 51708318                  /usr/lib/libstdc++.so.6.0.33
7d3ed8c82000-7d3ed8c86000 rw-p 00000000 00:00 0 
7d3ed8c87000-7d3ed8c8a000 r--p 00000000 103:02 51656976                  /usr/lib/libcap.so.2.70
7d3ed8c8a000-7d3ed8c8f000 r-xp 00003000 103:02 51656976                  /usr/lib/libcap.so.2.70
7d3ed8c8f000-7d3ed8c91000 r--p 00008000 103:02 51656976                  /usr/lib/libcap.so.2.70
7d3ed8c91000-7d3ed8c92000 r--p 00009000 103:02 51656976                  /usr/lib/libcap.so.2.70
7d3ed8c92000-7d3ed8c93000 rw-p 0000a000 103:02 51656976                  /usr/lib/libcap.so.2.70
7d3ed8c93000-7d3ed8cd2000 rw-p 00000000 00:00 0 
7d3ed8cd2000-7d3ed8cd6000 ---p 00000000 00:00 0 
7d3ed8cd6000-7d3ed8dd2000 rw-p 00000000 00:00 0 
7d3ed8dd2000-7d3ed8dd6000 r--p 00000000 103:02 51646549                  /usr/lib/libgcc_s.so.1
7d3ed8dd6000-7d3ed8dfa000 r-xp 00004000 103:02 51646549                  /usr/lib/libgcc_s.so.1
7d3ed8dfa000-7d3ed8dfe000 r--p 00028000 103:02 51646549                  /usr/lib/libgcc_s.so.1
7d3ed8dfe000-7d3ed8dff000 r--p 0002b000 103:02 51646549                  /usr/lib/libgcc_s.so.1
7d3ed8dff000-7d3ed8e00000 rw-p 0002c000 103:02 51646549                  /usr/lib/libgcc_s.so.1
7d3ed8e00000-7d3ed8e0d000 r--p 00000000 103:02 53110626                  /usr/lib/jvm/java-17-openjdk/lib/server/libjvm.so
7d3ed8e0d000-7d3ed99f4000 r-xp 0000d000 103:02 53110626                  /usr/lib/jvm/java-17-openjdk/lib/server/libjvm.so
7d3ed99f4000-7d3ed9ba4000 r--p 00bf4000 103:02 53110626                  /usr/lib/jvm/java-17-openjdk/lib/server/libjvm.so
7d3ed9ba4000-7d3ed9c59000 r--p 00da4000 103:02 53110626                  /usr/lib/jvm/java-17-openjdk/lib/server/libjvm.so
7d3ed9c59000-7d3ed9c89000 rw-p 00e59000 103:02 53110626                  /usr/lib/jvm/java-17-openjdk/lib/server/libjvm.so
7d3ed9c89000-7d3ed9ce2000 rw-p 00000000 00:00 0 
7d3ed9ce4000-7d3ed9ce6000 r--p 00000000 103:02 52695793                  /usr/lib/jvm/java-17-openjdk/lib/libzip.so
7d3ed9ce6000-7d3ed9cea000 r-xp 00002000 103:02 52695793                  /usr/lib/jvm/java-17-openjdk/lib/libzip.so
7d3ed9cea000-7d3ed9cec000 r--p 00006000 103:02 52695793                  /usr/lib/jvm/java-17-openjdk/lib/libzip.so
7d3ed9cec000-7d3ed9ced000 r--p 00007000 103:02 52695793                  /usr/lib/jvm/java-17-openjdk/lib/libzip.so
7d3ed9ced000-7d3ed9cee000 rw-p 00008000 103:02 52695793                  /usr/lib/jvm/java-17-openjdk/lib/libzip.so
7d3ed9cee000-7d3ed9cf5000 r--p 00000000 103:02 52695785                  /usr/lib/jvm/java-17-openjdk/lib/libnio.so
7d3ed9cf5000-7d3ed9cfe000 r-xp 00007000 103:02 52695785                  /usr/lib/jvm/java-17-openjdk/lib/libnio.so
7d3ed9cfe000-7d3ed9d03000 r--p 00010000 103:02 52695785                  /usr/lib/jvm/java-17-openjdk/lib/libnio.so
7d3ed9d03000-7d3ed9d04000 r--p 00014000 103:02 52695785                  /usr/lib/jvm/java-17-openjdk/lib/libnio.so
7d3ed9d04000-7d3ed9d05000 rw-p 00015000 103:02 52695785                  /usr/lib/jvm/java-17-openjdk/lib/libnio.so
7d3ed9d05000-7d3ed9d13000 r--p 00000000 103:02 51645846                  /usr/lib/libm.so.6
7d3ed9d13000-7d3ed9d96000 r-xp 0000e000 103:02 51645846                  /usr/lib/libm.so.6
7d3ed9d96000-7d3ed9df2000 r--p 00091000 103:02 51645846                  /usr/lib/libm.so.6
7d3ed9df2000-7d3ed9df3000 r--p 000ec000 103:02 51645846                  /usr/lib/libm.so.6
7d3ed9df3000-7d3ed9df4000 rw-p 000ed000 103:02 51645846                  /usr/lib/libm.so.6
7d3ed9df4000-7d3ed9df7000 rw-p 00000000 00:00 0 
7d3ed9df7000-7d3ed9dfa000 r--p 00000000 103:02 51656591                  /usr/lib/libz.so.1.3.1
7d3ed9dfa000-7d3ed9e08000 r-xp 00003000 103:02 51656591                  /usr/lib/libz.so.1.3.1
7d3ed9e08000-7d3ed9e0e000 r--p 00011000 103:02 51656591                  /usr/lib/libz.so.1.3.1
7d3ed9e0e000-7d3ed9e0f000 r--p 00017000 103:02 51656591                  /usr/lib/libz.so.1.3.1
7d3ed9e0f000-7d3ed9e10000 rw-p 00018000 103:02 51656591                  /usr/lib/libz.so.1.3.1
7d3ed9e10000-7d3ed9e34000 r--p 00000000 103:02 51645820                  /usr/lib/libc.so.6
7d3ed9e34000-7d3ed9fa5000 r-xp 00024000 103:02 51645820                  /usr/lib/libc.so.6
7d3ed9fa5000-7d3ed9ff3000 r--p 00195000 103:02 51645820                  /usr/lib/libc.so.6
7d3ed9ff3000-7d3ed9ff7000 r--p 001e3000 103:02 51645820                  /usr/lib/libc.so.6
7d3ed9ff7000-7d3ed9ff9000 rw-p 001e7000 103:02 51645820                  /usr/lib/libc.so.6
7d3ed9ff9000-7d3eda001000 rw-p 00000000 00:00 0 
7d3eda006000-7d3eda00c000 rw-p 00000000 00:00 0 
7d3eda00c000-7d3eda015000 ---p 00000000 00:00 0 
7d3eda015000-7d3eda01f000 r--p 00000000 103:02 52695770                  /usr/lib/jvm/java-17-openjdk/lib/libjava.so
7d3eda01f000-7d3eda030000 r-xp 0000a000 103:02 52695770                  /usr/lib/jvm/java-17-openjdk/lib/libjava.so
7d3eda030000-7d3eda035000 r--p 0001b000 103:02 52695770                  /usr/lib/jvm/java-17-openjdk/lib/libjava.so
7d3eda035000-7d3eda036000 r--p 00020000 103:02 52695770                  /usr/lib/jvm/java-17-openjdk/lib/libjava.so
7d3eda036000-7d3eda037000 rw-p 00021000 103:02 52695770                  /usr/lib/jvm/java-17-openjdk/lib/libjava.so
7d3eda037000-7d3eda038000 rw-p 00000000 00:00 0 
7d3eda038000-7d3eda040000 rw-s 00000000 00:2a 9634                       /tmp/hsperfdata_mahir/126063
7d3eda040000-7d3eda041000 ---p 00000000 00:00 0 
7d3eda041000-7d3eda042000 r--p 00000000 00:00 0 
7d3eda042000-7d3eda043000 ---p 00000000 00:00 0 
7d3eda043000-7d3eda044000 r--p 00000000 103:02 52695774                  /usr/lib/jvm/java-17-openjdk/lib/libjimage.so
7d3eda044000-7d3eda046000 r-xp 00001000 103:02 52695774                  /usr/lib/jvm/java-17-openjdk/lib/libjimage.so
7d3eda046000-7d3eda047000 r--p 00003000 103:02 52695774                  /usr/lib/jvm/java-17-openjdk/lib/libjimage.so
7d3eda047000-7d3eda048000 r--p 00003000 103:02 52695774                  /usr/lib/jvm/java-17-openjdk/lib/libjimage.so
7d3eda048000-7d3eda049000 rw-p 00004000 103:02 52695774                  /usr/lib/jvm/java-17-openjdk/lib/libjimage.so
7d3eda049000-7d3eda04b000 r--p 00000000 103:02 52695775                  /usr/lib/jvm/java-17-openjdk/lib/libjli.so
7d3eda04b000-7d3eda054000 r-xp 00002000 103:02 52695775                  /usr/lib/jvm/java-17-openjdk/lib/libjli.so
7d3eda054000-7d3eda057000 r--p 0000b000 103:02 52695775                  /usr/lib/jvm/java-17-openjdk/lib/libjli.so
7d3eda057000-7d3eda058000 r--p 0000d000 103:02 52695775                  /usr/lib/jvm/java-17-openjdk/lib/libjli.so
7d3eda058000-7d3eda059000 rw-p 0000e000 103:02 52695775                  /usr/lib/jvm/java-17-openjdk/lib/libjli.so
7d3eda059000-7d3eda05b000 rw-p 00000000 00:00 0 
7d3eda05b000-7d3eda05f000 r--p 00000000 00:00 0                          [vvar]
7d3eda05f000-7d3eda061000 r-xp 00000000 00:00 0                          [vdso]
7d3eda061000-7d3eda062000 r--p 00000000 103:02 51645765                  /usr/lib/ld-linux-x86-64.so.2
7d3eda062000-7d3eda08b000 r-xp 00001000 103:02 51645765                  /usr/lib/ld-linux-x86-64.so.2
7d3eda08b000-7d3eda095000 r--p 0002a000 103:02 51645765                  /usr/lib/ld-linux-x86-64.so.2
7d3eda095000-7d3eda097000 r--p 00034000 103:02 51645765                  /usr/lib/ld-linux-x86-64.so.2
7d3eda097000-7d3eda099000 rw-p 00036000 103:02 51645765                  /usr/lib/ld-linux-x86-64.so.2
7ffdb14e4000-7ffdb1506000 rw-p 00000000 00:00 0                          [stack]
ffffffffff600000-ffffffffff601000 --xp 00000000 00:00 0                  [vsyscall]


VM Arguments:
jvm_args: -Duser.dir=/home/mahir/fun/CPU/nebula-risc-v 
java_command: nebula.test.decoder_test
java_class_path (initial): /home/mahir/fun/CPU/nebula-risc-v/.metals/.tmp/classpath_4AB924DFF0C520746D84CD7187FF6B91.jar
Launcher Type: SUN_STANDARD

[Global flags]
     intx CICompilerCount                          = 12                                        {product} {ergonomic}
     uint ConcGCThreads                            = 5                                         {product} {ergonomic}
     uint G1ConcRefinementThreads                  = 18                                        {product} {ergonomic}
   size_t G1HeapRegionSize                         = 4194304                                   {product} {ergonomic}
    uintx GCDrainStackTargetSize                   = 64                                        {product} {ergonomic}
   size_t InitialHeapSize                          = 528482304                                 {product} {ergonomic}
   size_t MarkStackSize                            = 4194304                                   {product} {ergonomic}
   size_t MaxHeapSize                              = 8392802304                                {product} {ergonomic}
   size_t MaxNewSize                               = 5033164800                                {product} {ergonomic}
   size_t MinHeapDeltaBytes                        = 4194304                                   {product} {ergonomic}
   size_t MinHeapSize                              = 8388608                                   {product} {ergonomic}
    uintx NonNMethodCodeHeapSize                   = 7602480                                {pd product} {ergonomic}
    uintx NonProfiledCodeHeapSize                  = 122027880                              {pd product} {ergonomic}
    uintx ProfiledCodeHeapSize                     = 122027880                              {pd product} {ergonomic}
    uintx ReservedCodeCacheSize                    = 251658240                              {pd product} {ergonomic}
     bool SegmentedCodeCache                       = true                                      {product} {ergonomic}
   size_t SoftMaxHeapSize                          = 8392802304                             {manageable} {ergonomic}
     bool UseCompressedClassPointers               = true                           {product lp64_product} {ergonomic}
     bool UseCompressedOops                        = true                           {product lp64_product} {ergonomic}
     bool UseG1GC                                  = true                                      {product} {ergonomic}

Logging:
Log output configuration:
 #0: stdout all=warning uptime,level,tags
 #1: stderr all=off uptime,level,tags

Environment Variables:
PATH=/home/mahir/.local/share/gem/ruby/3.0.0/bin:/usr/local/sbin:/usr/local/bin:/usr/bin:/var/lib/flatpak/exports/bin:/usr/lib/jvm/default/bin:/usr/bin/site_perl:/usr/bin/vendor_perl:/usr/bin/core_perl:/opt/rocm/bin:/home/mahir/.local/bin:/home/mahir/.local/share/coursier/bin:~/.cargo/bin:/home/mahir/.local/bin:/home/mahir/.local/share/coursier/bin
SHELL=/bin/zsh
DISPLAY=:1
LANG=en_GB.UTF-8
LC_NUMERIC=en_GB.UTF-8
LC_TIME=en_GB.UTF-8
TERM=xterm-256color

Active Locale:
LC_ALL=en_GB.UTF-8
LC_COLLATE=en_GB.UTF-8
LC_CTYPE=en_GB.UTF-8
LC_MESSAGES=en_GB.UTF-8
LC_MONETARY=en_GB.UTF-8
LC_NUMERIC=en_GB.UTF-8
LC_TIME=en_GB.UTF-8

Signal Handlers:
   SIGSEGV: 0x00007d3ed9830aa0 in libjvm.so+10685088, mask=11100100010111111101111111111110, flags=SA_RESTART|SA_SIGINFO, unblocked
    SIGBUS: 0x00007d3ed9830aa0 in libjvm.so+10685088, mask=11100100010111111101111111111110, flags=SA_RESTART|SA_SIGINFO, unblocked
    SIGFPE: 0x00007d3ed9830aa0 in libjvm.so+10685088, mask=11100100010111111101111111111110, flags=SA_RESTART|SA_SIGINFO, unblocked
   SIGPIPE: 0x00007d3ed974c400 in libjvm.so+9749504, mask=11100100010111111101111111111110, flags=SA_RESTART|SA_SIGINFO, blocked
   SIGXFSZ: 0x00007d3ed974c400 in libjvm.so+9749504, mask=11100100010111111101111111111110, flags=SA_RESTART|SA_SIGINFO, blocked
    SIGILL: 0x00007d3ed9830aa0 in libjvm.so+10685088, mask=11100100010111111101111111111110, flags=SA_RESTART|SA_SIGINFO, unblocked
   SIGUSR2: 0x00007d3ed974b440 in libjvm.so+9745472, mask=00000000000000000000000000000000, flags=SA_RESTART|SA_SIGINFO, blocked
    SIGHUP: 0x00007d3ed974b3c0 in libjvm.so+9745344, mask=11100100010111111101111111111110, flags=SA_RESTART|SA_SIGINFO, blocked
    SIGINT: 0x00007d3ed974b3c0 in libjvm.so+9745344, mask=11100100010111111101111111111110, flags=SA_RESTART|SA_SIGINFO, blocked
   SIGTERM: 0x00007d3ed974b3c0 in libjvm.so+9745344, mask=11100100010111111101111111111110, flags=SA_RESTART|SA_SIGINFO, blocked
   SIGQUIT: 0x00007d3ed974b3c0 in libjvm.so+9745344, mask=11100100010111111101111111111110, flags=SA_RESTART|SA_SIGINFO, blocked
   SIGTRAP: 0x00007d3ed9830aa0 in libjvm.so+10685088, mask=11100100010111111101111111111110, flags=SA_RESTART|SA_SIGINFO, unblocked


Periodic native trim disabled


---------------  S Y S T E M  ---------------

OS:
DISTRIB_ID="EndeavourOS"
DISTRIB_RELEASE="rolling"
DISTRIB_DESCRIPTION="EndeavourOS Linux"
DISTRIB_CODENAME="rolling"
uname: Linux 6.11.2-arch1-1 #1 SMP PREEMPT_DYNAMIC Fri, 04 Oct 2024 21:51:11 +0000 x86_64
OS uptime: 0 days 10:20 hours
libc: glibc 2.40 NPTL 2.40 
rlimit (soft/hard): STACK 8192k/infinity , CORE infinity/infinity , NPROC 127621/127621 , NOFILE 524288/524288 , AS infinity/infinity , CPU infinity/infinity , DATA infinity/infinity , FSIZE infinity/infinity , MEMLOCK 8192k/8192k
load average: 4.37 2.09 1.50

/proc/meminfo:
MemTotal:       32782592 kB
MemFree:         8876168 kB
MemAvailable:   17425308 kB
Buffers:          873580 kB
Cached:          7829552 kB
SwapCached:            0 kB
Active:         15755896 kB
Inactive:        5954224 kB
Active(anon):   13299388 kB
Inactive(anon):        0 kB
Active(file):    2456508 kB
Inactive(file):  5954224 kB
Unevictable:         168 kB
Mlocked:             168 kB
SwapTotal:             0 kB
SwapFree:              0 kB
Zswap:                 0 kB
Zswapped:              0 kB
Dirty:            153656 kB
Writeback:             0 kB
AnonPages:      12881388 kB
Mapped:          1495764 kB
Shmem:            292400 kB
KReclaimable:     603952 kB
Slab:             858404 kB
SReclaimable:     603952 kB
SUnreclaim:       254452 kB
KernelStack:       43040 kB
PageTables:       115784 kB
SecPageTables:      5408 kB
NFS_Unstable:          0 kB
Bounce:                0 kB
WritebackTmp:          0 kB
CommitLimit:    16391296 kB
Committed_AS:   56901100 kB
VmallocTotal:   34359738367 kB
VmallocUsed:      128604 kB
VmallocChunk:          0 kB
Percpu:            33888 kB
HardwareCorrupted:     0 kB
AnonHugePages:   3948544 kB
ShmemHugePages:        0 kB
ShmemPmdMapped:        0 kB
FileHugePages:    434176 kB
FilePmdMapped:    208896 kB
CmaTotal:              0 kB
CmaFree:               0 kB
Unaccepted:            0 kB
HugePages_Total:       0
HugePages_Free:        0
HugePages_Rsvd:        0
HugePages_Surp:        0
Hugepagesize:       2048 kB
Hugetlb:               0 kB
DirectMap4k:      678168 kB
DirectMap2M:    18116608 kB
DirectMap1G:    14680064 kB

/sys/kernel/mm/transparent_hugepage/enabled: [always] madvise never
/sys/kernel/mm/transparent_hugepage/hpage_pmd_size: 2097152
/sys/kernel/mm/transparent_hugepage/defrag (defrag/compaction efforts parameter): always defer defer+madvise [madvise] never

Process Memory:
Virtual Size: 13102236K (peak: 13102524K)
Resident Set Size: 209796K (peak: 209796K) (anon: 179504K, file: 30292K, shmem: 0K)
Swapped out: 0K
C-Heap outstanding allocations: 94362K, retained: 28721K
glibc malloc tunables: (default)

/proc/sys/kernel/threads-max (system-wide limit on the number of threads): 255243
/proc/sys/vm/max_map_count (maximum number of memory map areas a process may have): 1048576
/proc/sys/vm/swappiness (control to define how aggressively the kernel swaps out anonymous memory): 60
/proc/sys/kernel/pid_max (system-wide limit on number of process identifiers): 4194304

container (cgroup) information:
container_type: cgroupv2
cpu_cpuset_cpus: not supported
cpu_memory_nodes: not supported
active_processor_count: 24
cpu_quota: no quota
cpu_period: 100000
cpu_shares: no shares
memory_limit_in_bytes: unlimited
memory_and_swap_limit_in_bytes: unlimited
memory_soft_limit_in_bytes: unlimited
memory_usage_in_bytes: 2232936 k
memory_max_usage_in_bytes: not supported
memory_swap_current_in_bytes: unlimited
memory_swap_max_limit_in_bytes: unlimited
maximum number of tasks: 38286
current number of tasks: 361

Steal ticks since vm start: 0
Steal ticks percentage since vm start:  0.000

CPU: total 24 (initial active 24) (24 cores per cpu, 2 threads per core) family 25 model 33 stepping 2 microcode 0xa20120a, cx8, cmov, fxsr, ht, mmx, 3dnowpref, sse, sse2, sse3, ssse3, sse4a, sse4.1, sse4.2, popcnt, lzcnt, tsc, tscinvbit, avx, avx2, aes, erms, clmul, bmi1, bmi2, adx, sha, fma, vzeroupper, clflush, clflushopt
CPU Model and flags from /proc/cpuinfo:
model name	: AMD Ryzen 9 5900X 12-Core Processor
flags		: fpu vme de pse tsc msr pae mce cx8 apic sep mtrr pge mca cmov pat pse36 clflush mmx fxsr sse sse2 ht syscall nx mmxext fxsr_opt pdpe1gb rdtscp lm constant_tsc rep_good nopl xtopology nonstop_tsc cpuid extd_apicid aperfmperf rapl pni pclmulqdq monitor ssse3 fma cx16 sse4_1 sse4_2 x2apic movbe popcnt aes xsave avx f16c rdrand lahf_lm cmp_legacy svm extapic cr8_legacy abm sse4a misalignsse 3dnowprefetch osvw ibs skinit wdt tce topoext perfctr_core perfctr_nb bpext perfctr_llc mwaitx cpb cat_l3 cdp_l3 hw_pstate ssbd mba ibrs ibpb stibp vmmcall fsgsbase bmi1 avx2 smep bmi2 erms invpcid cqm rdt_a rdseed adx smap clflushopt clwb sha_ni xsaveopt xsavec xgetbv1 xsaves cqm_llc cqm_occup_llc cqm_mbm_total cqm_mbm_local user_shstk clzero irperf xsaveerptr rdpru wbnoinvd arat npt lbrv svm_lock nrip_save tsc_scale vmcb_clean flushbyasid decodeassists pausefilter pfthreshold avic v_vmsave_vmload vgif v_spec_ctrl umip pku ospke vaes vpclmulqdq rdpid overflow_recov succor smca fsrm debug_swap

Online cpus: 0-23
Offline cpus: 
BIOS frequency limitation: <Not Available>
Frequency switch latency (ns): 0
Available cpu frequencies: <Not Available>
Current governor: powersave
Core performance/turbo boost: 1

Memory: 4k page, physical 32782592k(8876168k free), swap 0k(0k free)
Page Sizes: 4k

vm_info: OpenJDK 64-Bit Server VM (17.0.12+7) for linux-amd64 JRE (17.0.12+7), built on Jul 17 2024 13:35:02 by "builduser" with gcc 14.1.1 20240522

END.
