#
# A fatal error has been detected by the Java Runtime Environment:
#
#  SIGSEGV (0xb) at pc=0x0000748e8f39189d, pid=66851, tid=66853
#
# JRE version: OpenJDK Runtime Environment (17.0.12+7) (build 17.0.12+7)
# Java VM: OpenJDK 64-Bit Server VM (17.0.12+7, mixed mode, sharing, tiered, compressed oops, compressed class ptrs, g1 gc, linux-amd64)
# Problematic frame:
# C  [verilator_642291766835216141.so+0x3089d]  sc_time_stamp()+0x14
#
# Core dump will be written. Default location: Core dumps may be processed with "/usr/lib/systemd/systemd-coredump %P %u %g %s %t %c %h" (or dumping to /home/mahir/fun/CPU/nebula-risc-v/core.66851)
#
# If you would like to submit a bug report, please visit:
#   https://bugreport.java.com/bugreport/crash.jsp
# The crash happened outside the Java Virtual Machine in native code.
# See problematic frame for where to report the bug.
#

---------------  S U M M A R Y ------------

Command Line: -Duser.dir=/home/mahir/fun/CPU/nebula-risc-v nebula.test.decoder_test

Host: AMD Ryzen 9 5900X 12-Core Processor, 24 cores, 31G, EndeavourOS Linux
Time: Thu Oct  3 18:58:38 2024 BST elapsed time: 0.883848 seconds (0d 0h 0m 0s)

---------------  T H R E A D  ---------------

Current thread (0x0000748eb00159e0):  JavaThread "main" [_thread_in_native, id=66853, stack(0x0000748eb7500000,0x0000748eb7600000)]

Stack: [0x0000748eb7500000,0x0000748eb7600000],  sp=0x0000748eb75fdd30,  free space=1015k
Native frames: (J=compiled Java code, j=interpreted, Vv=VM code, C=native code)
C  [verilator_642291766835216141.so+0x3089d]  sc_time_stamp()+0x14
C  [verilator_642291766835216141.so+0x47137]  VerilatedContext::time() const+0x31
C  [verilator_642291766835216141.so+0x40162]  VerilatedContext::addModel(VerilatedModel*)+0xa0
C  [verilator_642291766835216141.so+0x769af]  VdecoderForTest::VdecoderForTest(VerilatedContext*, char const*)+0xf1
C  [verilator_642291766835216141.so+0x76a9b]  VdecoderForTest::VdecoderForTest(char const*)+0x2b

Java frames: (J=compiled Java code, j=interpreted, Vv=VM code)
j  wrapper_verilator.VerilatorNative.newHandle_642291766835216141(Ljava/lang/String;Ljava/lang/String;I)J+0
j  wrapper_verilator.VerilatorNative.newHandle(Ljava/lang/String;Ljava/lang/String;I)J+4
j  spinal.sim.VerilatorBackend.instanciate(Ljava/lang/String;I)J+135
j  spinal.core.sim.SpinalSimConfig$$anon$3.newSimRaw(Ljava/lang/String;I)Lspinal/sim/SimRaw;+14
j  spinal.core.sim.SimCompiled.doSimApi(Ljava/lang/String;IZLscala/Function1;)V+47
j  spinal.core.sim.SimCompiled.doSim(Lscala/Function1;)V+23
j  nebula.test.decoder_test$.delayedEndpoint$nebula$test$decoder_test$1()V+22
j  nebula.test.decoder_test$delayedInit$body.apply()Ljava/lang/Object;+4
j  scala.Function0.apply$mcV$sp()V+1
j  scala.Function0.apply$mcV$sp$(Lscala/Function0;)V+1
j  scala.runtime.AbstractFunction0.apply$mcV$sp()V+1
j  scala.App.$anonfun$main$1$adapted(Lscala/Function0;)Ljava/lang/Object;+1
j  scala.App$$Lambda$5+0x0000748e28036fe0.apply(Ljava/lang/Object;)Ljava/lang/Object;+4
j  scala.collection.immutable.List.foreach(Lscala/Function1;)V+14
j  scala.App.main([Ljava/lang/String;)V+33
j  scala.App.main$(Lscala/App;[Ljava/lang/String;)V+2
j  nebula.test.decoder_test$.main([Ljava/lang/String;)V+2
j  nebula.test.decoder_test.main([Ljava/lang/String;)V+4
v  ~StubRoutines::call_stub

siginfo: si_signo: 11 (SIGSEGV), si_code: 1 (SEGV_MAPERR), si_addr: 0x0000000000000008

Registers:
RAX=0x0000000000000000, RBX=0x0000748eb096ce40, RCX=0x000000000156313a, RDX=0x0000589b079eef90
RSP=0x0000748eb75fdd30, RBP=0x0000748eb75fdd40, RSI=0x0000000000000000, RDI=0x0000748e8f3fcf10
R8 =0x00109c410b1ef432, R9 =0x0000000000000001, R10=0x0000000000000000, R11=0x0000748eb8b73080
R12=0x0000748eb096cdc0, R13=0x0000000000000001, R14=0x0000748eb096c698, R15=0x0000748eb0c9ba70
RIP=0x0000748e8f39189d, EFLAGS=0x0000000000010202, CSGSFS=0x002b000000000033, ERR=0x0000000000000004
  TRAPNO=0x000000000000000e


Register to memory mapping:

RAX=0x0 is NULL
RBX=0x0000748eb096ce40 points into unknown readable memory: 0x0000748e8f3ff440 | 40 f4 3f 8f 8e 74 00 00
RCX=0x000000000156313a is an unknown value
RDX=0x0000589b079eef90 points into unknown readable memory: 0x0000000000000004 | 04 00 00 00 00 00 00 00
RSP=0x0000748eb75fdd30 is pointing into the stack for thread: 0x0000748eb00159e0
RBP=0x0000748eb75fdd40 is pointing into the stack for thread: 0x0000748eb00159e0
RSI=0x0 is NULL
RDI=0x0000748e8f3fcf10: <offset 0x000000000009bf10> in /home/mahir/fun/CPU/nebula-risc-v/simWorkspace/decoderForTest/verilator/verilator_642291766835216141.so at 0x0000748e8f361000
R8 =0x00109c410b1ef432 is an unknown value
R9 =0x0000000000000001 is an unknown value
R10=0x0 is NULL
R11=0x0000748eb8b73080 points into unknown readable memory: 0x000000010156313c | 3c 31 56 01 01 00 00 00
R12=0x0000748eb096cdc0 points into unknown readable memory: 0x0000748e8f3fc7b8 | b8 c7 3f 8f 8e 74 00 00
R13=0x0000000000000001 is an unknown value
R14=0x0000748eb096c698 points into unknown readable memory: 0x0000748e8f3fc6a0 | a0 c6 3f 8f 8e 74 00 00
R15=0x0000748eb0c9ba70 points into unknown readable memory: 0x0000000074736574 | 74 65 73 74 00 00 00 00


Top of Stack: (sp=0x0000748eb75fdd30)
0x0000748eb75fdd30:   0000000000000001 0000748e8f3a80cd
0x0000748eb75fdd40:   0000748eb75fdd60 0000748e8f3a8137
0x0000748eb75fdd50:   0000748e8f3ff440 0000748e8f3ff440
0x0000748eb75fdd60:   0000748eb75fdf40 0000748e8f3a1162
0x0000748eb75fdd70:   0000748eb096cdc0 0000748e8f3ff440
0x0000748eb75fdd80:   0000000000000000 0000748e8f3ff440
0x0000748eb75fdd90:   9999999999999999 0000000000000000
0x0000748eb75fdda0:   2020202020202020 0000748e8f3ff440
0x0000748eb75fddb0:   0000748eb75fdde0 0000748e8f3a2f6f
0x0000748eb75fddc0:   0000000000000000 4314e9ba8f3ff440
0x0000748eb75fddd0:   0000748eb75fdde0 0000748e8f3a8ebf
0x0000748eb75fdde0:   0000748eb75fde00 0000748e8f39440e
0x0000748eb75fddf0:   0000000000000001 0000748eb096ce40
0x0000748eb75fde00:   0000748eb096cdc0 0000000000000001
0x0000748eb75fde10:   0000748eb096c698 0000748eb0c9ba70
0x0000748eb75fde20:   0000748eb75fde40 0000748e8f3a7bc4
0x0000748eb75fde30:   0000748eb75fde40 0000748e8f3ff440
0x0000748eb75fde40:   0000748eb75fde60 0000748e8f3a7ca0
0x0000748eb75fde50:   0000748eb75fde70 0000748e8f3a7bf3
0x0000748eb75fde60:   0000748eb75fde80 0000748e8f3ff440
0x0000748eb75fde70:   0000748eb75fde90 0000748e8f3a7cc0
0x0000748eb75fde80:   0000748eb75fdeb0 0000748e8f3ff440
0x0000748eb75fde90:   0000748eb75fdeb0 0000748e8f3a7d46
0x0000748eb75fdea0:   0000748eb096ce40 0000748e8f3ff440
0x0000748eb75fdeb0:   0000748eb75fded0 0000748e8f3a7da9
0x0000748eb75fdec0:   0000748e8f3ff440 0000748eb75fdef0
0x0000748eb75fded0:   0000748eb75fdf00 0000748e8f3d919c
0x0000748eb75fdee0:   0000000c00800000 0000748e8f3ff440
0x0000748eb75fdef0:   000074018f3ff440 0000748eb096cf00
0x0000748eb75fdf00:   0000748eb75fdf40 0000748e8f3d90c9
0x0000748eb75fdf10:   0000748eb096cdc0 0000748e8f3da000
0x0000748eb75fdf20:   0000748e8f3ff440 e89336fc50697c00 

Instructions: (pc=0x0000748e8f39189d)
0x0000748e8f39179d:   b8 ff ff ff 25 12 dc 06 00 68 77 04 00 00 e9 70
0x0000748e8f3917ad:   b8 ff ff ff 25 9a b7 06 00 66 90 ff 25 02 b8 06
0x0000748e8f3917bd:   00 66 90 48 8d 3d 51 dc 06 00 48 8d 05 4a dc 06
0x0000748e8f3917cd:   00 48 39 f8 74 15 48 8b 05 d6 b7 06 00 48 85 c0
0x0000748e8f3917dd:   74 09 ff e0 0f 1f 80 00 00 00 00 c3 0f 1f 80 00
0x0000748e8f3917ed:   00 00 00 48 8d 3d 21 dc 06 00 48 8d 35 1a dc 06
0x0000748e8f3917fd:   00 48 29 fe 48 89 f0 48 c1 ee 3f 48 c1 f8 03 48
0x0000748e8f39180d:   01 c6 48 d1 fe 74 14 48 8b 05 c5 b7 06 00 48 85
0x0000748e8f39181d:   c0 74 08 ff e0 66 0f 1f 44 00 00 c3 0f 1f 80 00
0x0000748e8f39182d:   00 00 00 f3 0f 1e fa 80 3d e5 db 06 00 00 75 33
0x0000748e8f39183d:   55 48 83 3d f2 b6 06 00 00 48 89 e5 74 0d 48 8b
0x0000748e8f39184d:   3d 6e db 06 00 ff 15 e0 b6 06 00 e8 63 ff ff ff
0x0000748e8f39185d:   c6 05 bc db 06 00 01 5d c3 66 2e 0f 1f 84 00 00
0x0000748e8f39186d:   00 00 00 c3 66 66 2e 0f 1f 84 00 00 00 00 00 0f
0x0000748e8f39187d:   1f 40 00 f3 0f 1e fa e9 67 ff ff ff 52 48 8d 3d
0x0000748e8f39188d:   7f b6 06 00 e8 4a f4 ff ff 48 8b 80 00 00 00 00
0x0000748e8f39189d:   48 8b 40 08 48 85 c0 78 07 f2 48 0f 2a c0 eb 15
0x0000748e8f3918ad:   48 89 c2 83 e0 01 48 d1 ea 48 09 c2 f2 48 0f 2a
0x0000748e8f3918bd:   c2 f2 0f 58 c0 58 c3 50 89 f2 31 c0 48 89 fe 48
0x0000748e8f3918cd:   8d 3d 6d 87 04 00 e8 58 b8 ff ff e8 60 03 00 00
0x0000748e8f3918dd:   be 01 00 00 00 5a 48 89 c7 e9 9d ee 00 00 41 57
0x0000748e8f3918ed:   41 56 49 89 d6 41 55 41 54 49 89 cc 55 53 48 89
0x0000748e8f3918fd:   fb 49 63 f8 48 83 ec 18 89 7c 24 0c e8 f2 f2 ff
0x0000748e8f39190d:   ff 48 8b 03 31 d2 4c 89 f6 48 89 df ff 90 48 05
0x0000748e8f39191d:   00 00 31 d2 4c 89 e6 48 89 df 49 89 c7 48 8b 03
0x0000748e8f39192d:   ff 90 48 05 00 00 bf 78 04 00 00 49 89 c5 e8 e0
0x0000748e8f39193d:   db ff ff 8b 4c 24 0c 4c 89 ea 4c 89 fe 48 89 c7
0x0000748e8f39194d:   48 89 c5 e8 d7 03 00 00 48 8b 03 4c 89 fa 4c 89
0x0000748e8f39195d:   f6 48 89 df ff 90 50 05 00 00 48 8b 03 4c 89 ea
0x0000748e8f39196d:   4c 89 e6 48 89 df ff 90 50 05 00 00 48 83 c4 18
0x0000748e8f39197d:   48 89 e8 5b 5d 41 5c 41 5d 41 5e 41 5f c3 48 89
0x0000748e8f39198d:   c3 48 89 ef be 78 04 00 00 e8 25 dc ff ff 48 89 


Stack slot to memory mapping:
stack at sp + 0 slots: 0x0000000000000001 is an unknown value
stack at sp + 1 slots: 0x0000748e8f3a80cd: <offset 0x00000000000470cd> in /home/mahir/fun/CPU/nebula-risc-v/simWorkspace/decoderForTest/verilator/verilator_642291766835216141.so at 0x0000748e8f361000
stack at sp + 2 slots: 0x0000748eb75fdd60 is pointing into the stack for thread: 0x0000748eb00159e0
stack at sp + 3 slots: 0x0000748e8f3a8137: <offset 0x0000000000047137> in /home/mahir/fun/CPU/nebula-risc-v/simWorkspace/decoderForTest/verilator/verilator_642291766835216141.so at 0x0000748e8f361000
stack at sp + 4 slots: 0x0000748e8f3ff440: <offset 0x000000000009e440> in /home/mahir/fun/CPU/nebula-risc-v/simWorkspace/decoderForTest/verilator/verilator_642291766835216141.so at 0x0000748e8f361000
stack at sp + 5 slots: 0x0000748e8f3ff440: <offset 0x000000000009e440> in /home/mahir/fun/CPU/nebula-risc-v/simWorkspace/decoderForTest/verilator/verilator_642291766835216141.so at 0x0000748e8f361000
stack at sp + 6 slots: 0x0000748eb75fdf40 is pointing into the stack for thread: 0x0000748eb00159e0
stack at sp + 7 slots: 0x0000748e8f3a1162: <offset 0x0000000000040162> in /home/mahir/fun/CPU/nebula-risc-v/simWorkspace/decoderForTest/verilator/verilator_642291766835216141.so at 0x0000748e8f361000


---------------  P R O C E S S  ---------------

Threads class SMR info:
_java_thread_list=0x0000748dcc174cc0, length=23, elements={
0x0000748eb00159e0, 0x0000748eb016d390, 0x0000748eb016e790, 0x0000748eb0173d00,
0x0000748eb01750d0, 0x0000748eb0176500, 0x0000748eb0177f50, 0x0000748eb01794a0,
0x0000748eb017a930, 0x0000748eb0182760, 0x0000748eb0185ae0, 0x0000748df0024200,
0x0000748dd403a0b0, 0x0000748df0111210, 0x0000748df80fca20, 0x0000748eb05c1aa0,
0x0000748eb05a61b0, 0x0000748df015c230, 0x0000748df80fee00, 0x0000748dcc0f5460,
0x0000748dcc0f6590, 0x0000748dd42b9ba0, 0x0000748dcc173ca0
}

Java Threads: ( => current thread )
=>0x0000748eb00159e0 JavaThread "main" [_thread_in_native, id=66853, stack(0x0000748eb7500000,0x0000748eb7600000)]
  0x0000748eb016d390 JavaThread "Reference Handler" daemon [_thread_blocked, id=66860, stack(0x0000748e84cf8000,0x0000748e84df8000)]
  0x0000748eb016e790 JavaThread "Finalizer" daemon [_thread_blocked, id=66861, stack(0x0000748e84bf7000,0x0000748e84cf7000)]
  0x0000748eb0173d00 JavaThread "Signal Dispatcher" daemon [_thread_blocked, id=66862, stack(0x0000748e84af6000,0x0000748e84bf6000)]
  0x0000748eb01750d0 JavaThread "Service Thread" daemon [_thread_blocked, id=66863, stack(0x0000748e84700000,0x0000748e84800000)]
  0x0000748eb0176500 JavaThread "Monitor Deflation Thread" daemon [_thread_blocked, id=66864, stack(0x0000748e845ff000,0x0000748e846ff000)]
  0x0000748eb0177f50 JavaThread "C2 CompilerThread0" daemon [_thread_blocked, id=66865, stack(0x0000748e844fe000,0x0000748e845fe000)]
  0x0000748eb01794a0 JavaThread "C1 CompilerThread0" daemon [_thread_blocked, id=66866, stack(0x0000748e843fd000,0x0000748e844fd000)]
  0x0000748eb017a930 JavaThread "Sweeper thread" daemon [_thread_blocked, id=66867, stack(0x0000748e842fc000,0x0000748e843fc000)]
  0x0000748eb0182760 JavaThread "Notification Thread" daemon [_thread_blocked, id=66868, stack(0x0000748e841fb000,0x0000748e842fb000)]
  0x0000748eb0185ae0 JavaThread "Common-Cleaner" daemon [_thread_blocked, id=66870, stack(0x0000748e7ff00000,0x0000748e80000000)]
  0x0000748df0024200 JavaThread "C1 CompilerThread1" daemon [_thread_blocked, id=66871, stack(0x0000748e7fdff000,0x0000748e7feff000)]
  0x0000748dd403a0b0 JavaThread "C1 CompilerThread2" daemon [_thread_blocked, id=66872, stack(0x0000748e7fcfe000,0x0000748e7fdfe000)]
  0x0000748df0111210 JavaThread "C1 CompilerThread3" daemon [_thread_blocked, id=66875, stack(0x0000748e7fbfd000,0x0000748e7fcfd000)]
  0x0000748df80fca20 JavaThread "C2 CompilerThread1" daemon [_thread_blocked, id=66887, stack(0x0000748e7eff1000,0x0000748e7f0f1000)]
  0x0000748eb05c1aa0 JavaThread "process reaper" daemon [_thread_blocked, id=66889, stack(0x0000748eb4033000,0x0000748eb4055000)]
  0x0000748eb05a61b0 JavaThread "JNA Cleaner" daemon [_thread_blocked, id=66890, stack(0x0000748e7eef0000,0x0000748e7eff0000)]
  0x0000748df015c230 JavaThread "C2 CompilerThread2" daemon [_thread_in_native, id=66893, stack(0x0000748e7ecee000,0x0000748e7edee000)]
  0x0000748df80fee00 JavaThread "C2 CompilerThread3" daemon [_thread_blocked, id=66894, stack(0x0000748e7e900000,0x0000748e7ea00000)]
  0x0000748dcc0f5460 JavaThread "C2 CompilerThread4" daemon [_thread_in_native, id=66895, stack(0x0000748e7e7ff000,0x0000748e7e8ff000)]
  0x0000748dcc0f6590 JavaThread "C2 CompilerThread5" daemon [_thread_blocked, id=66896, stack(0x0000748e7e6fe000,0x0000748e7e7fe000)]
  0x0000748dd42b9ba0 JavaThread "C2 CompilerThread6" daemon [_thread_blocked, id=66919, stack(0x0000748e7e2fa000,0x0000748e7e3fa000)]
  0x0000748dcc173ca0 JavaThread "C2 CompilerThread7" daemon [_thread_blocked, id=66920, stack(0x0000748e7e1f9000,0x0000748e7e2f9000)]

Other Threads:
  0x0000748eb01693f0 VMThread "VM Thread" [stack: 0x0000748e84df9000,0x0000748e84ef9000] [id=66859]
  0x0000748eb01840c0 WatcherThread [stack: 0x0000748e840fa000,0x0000748e841fa000] [id=66869]
  0x0000748eb0045c50 GCTaskThread "GC Thread#0" [stack: 0x0000748eb4f00000,0x0000748eb5000000] [id=66854]
  0x0000748e1c007f10 GCTaskThread "GC Thread#1" [stack: 0x0000748e7fafc000,0x0000748e7fbfc000] [id=66876]
  0x0000748e1c008930 GCTaskThread "GC Thread#2" [stack: 0x0000748e7f9fb000,0x0000748e7fafb000] [id=66877]
  0x0000748e1c009350 GCTaskThread "GC Thread#3" [stack: 0x0000748e7f8fa000,0x0000748e7f9fa000] [id=66878]
  0x0000748e1c009d70 GCTaskThread "GC Thread#4" [stack: 0x0000748e7f7f9000,0x0000748e7f8f9000] [id=66879]
  0x0000748e1c00a790 GCTaskThread "GC Thread#5" [stack: 0x0000748e7f6f8000,0x0000748e7f7f8000] [id=66880]
  0x0000748e1c00b1e0 GCTaskThread "GC Thread#6" [stack: 0x0000748e7f5f7000,0x0000748e7f6f7000] [id=66881]
  0x0000748e1c00bc30 GCTaskThread "GC Thread#7" [stack: 0x0000748e7f4f6000,0x0000748e7f5f6000] [id=66882]
  0x0000748e1c00c6a0 GCTaskThread "GC Thread#8" [stack: 0x0000748e7f3f5000,0x0000748e7f4f5000] [id=66883]
  0x0000748e1c00d130 GCTaskThread "GC Thread#9" [stack: 0x0000748e7f2f4000,0x0000748e7f3f4000] [id=66884]
  0x0000748e1c00dbc0 GCTaskThread "GC Thread#10" [stack: 0x0000748e7f1f3000,0x0000748e7f2f3000] [id=66885]
  0x0000748e1c00e650 GCTaskThread "GC Thread#11" [stack: 0x0000748e7f0f2000,0x0000748e7f1f2000] [id=66886]
  0x0000748eb0056cd0 ConcurrentGCThread "G1 Main Marker" [stack: 0x0000748eb4dff000,0x0000748eb4eff000] [id=66855]
  0x0000748eb0057c60 ConcurrentGCThread "G1 Conc#0" [stack: 0x0000748eb4cfe000,0x0000748eb4dfe000] [id=66856]
  0x0000748e78000ea0 ConcurrentGCThread "G1 Conc#1" [stack: 0x0000748e7e5fd000,0x0000748e7e6fd000] [id=66915]
  0x0000748e78001500 ConcurrentGCThread "G1 Conc#2" [stack: 0x0000748e7e4fc000,0x0000748e7e5fc000] [id=66916]
  0x0000748e78001b10 ConcurrentGCThread "G1 Conc#3" [stack: 0x0000748e7edef000,0x0000748e7eeef000] [id=66917]
  0x0000748e78002150 ConcurrentGCThread "G1 Conc#4" [stack: 0x0000748e7e3fb000,0x0000748e7e4fb000] [id=66918]
  0x0000748eb01389e0 ConcurrentGCThread "G1 Refine#0" [stack: 0x0000748e84ffb000,0x0000748e850fb000] [id=66857]
  0x0000748eb01398f0 ConcurrentGCThread "G1 Service" [stack: 0x0000748e84efa000,0x0000748e84ffa000] [id=66858]

Threads with active compile tasks:
C2 CompilerThread2      887 3878       4       jdk.internal.org.objectweb.asm.MethodWriter::visitInsn (115 bytes)
C2 CompilerThread4      887 3725       4       jdk.internal.org.objectweb.asm.SymbolTable::addConstantMemberReference (147 bytes)

VM state: not at safepoint (normal execution)

VM Mutex/Monitor currently owned by a thread: None

Heap address: 0x000000060bc00000, size: 8004 MB, Compressed Oops mode: Zero based, Oop shift amount: 3

CDS archive(s) mapped at: [0x0000748e27000000-0x0000748e27bc7000-0x0000748e27bc7000), size 12349440, SharedBaseAddress: 0x0000748e27000000, ArchiveRelocationMode: 1.
Compressed class space mapped at: 0x0000748e28000000-0x0000748e68000000, reserved size: 1073741824
Narrow klass base: 0x0000748e27000000, Narrow klass shift: 0, Narrow klass range: 0x100000000

GC Precious Log:
 CPUs: 24 total, 24 available
 Memory: 32014M
 Large Page Support: Disabled
 NUMA Support: Disabled
 Compressed Oops: Enabled (Zero based)
 Heap Region Size: 4M
 Heap Min Capacity: 8M
 Heap Initial Capacity: 504M
 Heap Max Capacity: 8004M
 Pre-touch: Disabled
 Parallel Workers: 18
 Concurrent Workers: 5
 Concurrent Refinement Workers: 18
 Periodic GC: Disabled

Heap:
 garbage-first heap   total 69632K, used 43159K [0x000000060bc00000, 0x0000000800000000)
  region size 4096K, 10 young (40960K), 1 survivors (4096K)
 Metaspace       used 26867K, committed 27136K, reserved 1114112K
  class space    used 3653K, committed 3776K, reserved 1048576K

Heap Regions: E=young(eden), S=young(survivor), O=old, HS=humongous(starts), HC=humongous(continues), CS=collection set, F=free, OA=open archive, CA=closed archive, TAMS=top-at-mark-start (previous, next)
|   0|0x000000060bc00000, 0x000000060bf6b800, 0x000000060c000000| 85%| O|  |TAMS 0x000000060bf6b800, 0x000000060bc00000| Complete 
|   1|0x000000060c000000, 0x000000060c000000, 0x000000060c400000|  0%| F|  |TAMS 0x000000060c000000, 0x000000060c000000| Untracked 
|   2|0x000000060c400000, 0x000000060c400000, 0x000000060c800000|  0%| F|  |TAMS 0x000000060c400000, 0x000000060c400000| Untracked 
|   3|0x000000060c800000, 0x000000060c800000, 0x000000060cc00000|  0%| F|  |TAMS 0x000000060c800000, 0x000000060c800000| Untracked 
|   4|0x000000060cc00000, 0x000000060cc00000, 0x000000060d000000|  0%| F|  |TAMS 0x000000060cc00000, 0x000000060cc00000| Untracked 
|   5|0x000000060d000000, 0x000000060d3ed0b8, 0x000000060d400000| 98%| E|  |TAMS 0x000000060d000000, 0x000000060d000000| Complete 
|   6|0x000000060d400000, 0x000000060d800000, 0x000000060d800000|100%| E|CS|TAMS 0x000000060d400000, 0x000000060d400000| Complete 
|   7|0x000000060d800000, 0x000000060dc00000, 0x000000060dc00000|100%| E|CS|TAMS 0x000000060d800000, 0x000000060d800000| Complete 
|   8|0x000000060dc00000, 0x000000060e000000, 0x000000060e000000|100%| E|CS|TAMS 0x000000060dc00000, 0x000000060dc00000| Complete 
|   9|0x000000060e000000, 0x000000060e400000, 0x000000060e400000|100%| E|CS|TAMS 0x000000060e000000, 0x000000060e000000| Complete 
|  10|0x000000060e400000, 0x000000060e800000, 0x000000060e800000|100%| E|CS|TAMS 0x000000060e400000, 0x000000060e400000| Complete 
|  11|0x000000060e800000, 0x000000060ec00000, 0x000000060ec00000|100%| E|CS|TAMS 0x000000060e800000, 0x000000060e800000| Complete 
|  12|0x000000060ec00000, 0x000000060f000000, 0x000000060f000000|100%| E|CS|TAMS 0x000000060ec00000, 0x000000060ec00000| Complete 
| 114|0x0000000628400000, 0x00000006286ce6e0, 0x0000000628800000| 70%| S|CS|TAMS 0x0000000628400000, 0x0000000628400000| Complete 
| 125|0x000000062b000000, 0x000000062b400000, 0x000000062b400000|100%| E|CS|TAMS 0x000000062b000000, 0x000000062b000000| Complete 
|1999|0x00000007ff800000, 0x00000007ffb75000, 0x00000007ffc00000| 86%|OA|  |TAMS 0x00000007ffb75000, 0x00000007ff800000| Untracked 
|2000|0x00000007ffc00000, 0x00000007ffc77000, 0x0000000800000000| 11%|CA|  |TAMS 0x00000007ffc77000, 0x00000007ffc00000| Untracked 

Card table byte_map: [0x0000748e98200000,0x0000748e991a2000] _byte_map_base: 0x0000748e951a2000

Marking Bits (Prev, Next): (CMBitMap*) 0x0000748eb0046730, (CMBitMap*) 0x0000748eb00466f0
 Prev Bits: [0x0000748e87600000, 0x0000748e8f310000)
 Next Bits: [0x0000748e8f400000, 0x0000748e97110000)

Polling page: 0x0000748eb8b58000

Metaspace:

Usage:
  Non-class:     22.67 MB used.
      Class:      3.57 MB used.
       Both:     26.24 MB used.

Virtual space:
  Non-class space:       64.00 MB reserved,      22.81 MB ( 36%) committed,  1 nodes.
      Class space:        1.00 GB reserved,       3.69 MB ( <1%) committed,  1 nodes.
             Both:        1.06 GB reserved,      26.50 MB (  2%) committed. 

Chunk freelists:
   Non-Class:  8.27 MB
       Class:  12.36 MB
        Both:  20.62 MB

MaxMetaspaceSize: unlimited
CompressedClassSpaceSize: 1.00 GB
Initial GC threshold: 21.00 MB
Current GC threshold: 35.56 MB
CDS: on
MetaspaceReclaimPolicy: balanced
 - commit_granule_bytes: 65536.
 - commit_granule_words: 8192.
 - virtual_space_node_default_size: 8388608.
 - enlarge_chunks_in_place: 1.
 - new_chunks_are_fully_committed: 0.
 - uncommit_free_chunks: 1.
 - use_allocation_guard: 0.
 - handle_deallocations: 1.


Internal statistics:

num_allocs_failed_limit: 3.
num_arena_births: 224.
num_arena_deaths: 0.
num_vsnodes_births: 2.
num_vsnodes_deaths: 0.
num_space_committed: 424.
num_space_uncommitted: 0.
num_chunks_returned_to_freelist: 3.
num_chunks_taken_from_freelist: 1093.
num_chunk_merges: 3.
num_chunk_splits: 834.
num_chunks_enlarged: 712.
num_inconsistent_stats: 0.

CodeHeap 'non-profiled nmethods': size=119168Kb used=1599Kb max_used=1599Kb free=117568Kb
 bounds [0x0000748ea0da0000, 0x0000748ea1010000, 0x0000748ea8200000]
CodeHeap 'profiled nmethods': size=119164Kb used=7152Kb max_used=7152Kb free=112011Kb
 bounds [0x0000748e99200000, 0x0000748e99900000, 0x0000748ea065f000]
CodeHeap 'non-nmethods': size=7428Kb used=2931Kb max_used=2987Kb free=4496Kb
 bounds [0x0000748ea065f000, 0x0000748ea094f000, 0x0000748ea0da0000]
 total_blobs=4431 nmethods=3876 adapters=465
 compilation: enabled
              stopped_count=0, restarted_count=0
 full_count=0

Compilation events (20 events):
Event: 0.882 Thread 0x0000748df0024200 nmethod 3868 0x0000748ea0f26390 code [0x0000748ea0f26520, 0x0000748ea0f265f0]
Event: 0.882 Thread 0x0000748dd403a0b0 nmethod 3867 0x0000748e998eec10 code [0x0000748e998ef2c0, 0x0000748e998f2e00]
Event: 0.883 Thread 0x0000748eb01794a0 3869       1       scala.collection.immutable.HashMap$HashMap1::hash (5 bytes)
Event: 0.883 Thread 0x0000748eb01794a0 nmethod 3869 0x0000748ea0f26690 code [0x0000748ea0f26820, 0x0000748ea0f268f0]
Event: 0.883 Thread 0x0000748df0111210 3870       3       scala.collection.immutable.HashMap$HashMapBuilder::addOne (415 bytes)
Event: 0.883 Thread 0x0000748eb01794a0 3871       3       scala.collection.immutable.AbstractMap::<init> (21 bytes)
Event: 0.883 Thread 0x0000748dd403a0b0 3872       3       scala.collection.immutable.MapLike::$init$ (1 bytes)
Event: 0.883 Thread 0x0000748df0024200 3873       3       scala.collection.immutable.Map::$init$ (1 bytes)
Event: 0.883 Thread 0x0000748dd403a0b0 nmethod 3872 0x0000748e998f5090 code [0x0000748e998f5220, 0x0000748e998f5310]
Event: 0.883 Thread 0x0000748dd403a0b0 3876       3       scala.collection.immutable.HashMap$HashTrieMap::size (5 bytes)
Event: 0.883 Thread 0x0000748df0024200 nmethod 3873 0x0000748e998f5390 code [0x0000748e998f5520, 0x0000748e998f5610]
Event: 0.883 Thread 0x0000748df0024200 3875       3       scala.collection.immutable.HashMap$HashMapBuilder::isMutable (19 bytes)
Event: 0.883 Thread 0x0000748dd403a0b0 nmethod 3876 0x0000748e998f5690 code [0x0000748e998f5820, 0x0000748e998f5930]
Event: 0.883 Thread 0x0000748dd403a0b0 3874       3       scala.collection.immutable.HashMap::<init> (9 bytes)
Event: 0.883 Thread 0x0000748df0024200 nmethod 3875 0x0000748e998f5a10 code [0x0000748e998f5bc0, 0x0000748e998f5f20]
Event: 0.883 Thread 0x0000748df0024200 3877       1       scala.collection.immutable.HashMap$HashMap1::size (2 bytes)
Event: 0.883 Thread 0x0000748df015c230 3878       4       jdk.internal.org.objectweb.asm.MethodWriter::visitInsn (115 bytes)
Event: 0.883 Thread 0x0000748df0024200 nmethod 3877 0x0000748ea0f26990 code [0x0000748ea0f26b20, 0x0000748ea0f26bf0]
Event: 0.883 Thread 0x0000748eb01794a0 nmethod 3871 0x0000748e998f6010 code [0x0000748e998f6220, 0x0000748e998f6860]
Event: 0.883 Thread 0x0000748dd403a0b0 nmethod 3874 0x0000748e998f6b10 code [0x0000748e998f6d40, 0x0000748e998f7440]

GC Heap History (6 events):
Event: 0.221 GC heap before
{Heap before GC invocations=0 (full 0):
 garbage-first heap   total 524288K, used 24496K [0x000000060bc00000, 0x0000000800000000)
  region size 4096K, 6 young (24576K), 0 survivors (0K)
 Metaspace       used 7808K, committed 7936K, reserved 1114112K
  class space    used 968K, committed 1024K, reserved 1048576K
}
Event: 0.225 GC heap after
{Heap after GC invocations=1 (full 0):
 garbage-first heap   total 524288K, used 7852K [0x000000060bc00000, 0x0000000800000000)
  region size 4096K, 1 young (4096K), 1 survivors (4096K)
 Metaspace       used 7808K, committed 7936K, reserved 1114112K
  class space    used 968K, committed 1024K, reserved 1048576K
}
Event: 0.389 GC heap before
{Heap before GC invocations=1 (full 0):
 garbage-first heap   total 524288K, used 36524K [0x000000060bc00000, 0x0000000800000000)
  region size 4096K, 8 young (32768K), 1 survivors (4096K)
 Metaspace       used 13224K, committed 13312K, reserved 1114112K
  class space    used 1639K, committed 1664K, reserved 1048576K
}
Event: 0.394 GC heap after
{Heap after GC invocations=2 (full 0):
 garbage-first heap   total 524288K, used 8780K [0x000000060bc00000, 0x0000000800000000)
  region size 4096K, 1 young (4096K), 1 survivors (4096K)
 Metaspace       used 13224K, committed 13312K, reserved 1114112K
  class space    used 1639K, committed 1664K, reserved 1048576K
}
Event: 0.678 GC heap before
{Heap before GC invocations=2 (full 0):
 garbage-first heap   total 524288K, used 45644K [0x000000060bc00000, 0x0000000800000000)
  region size 4096K, 11 young (45056K), 1 survivors (4096K)
 Metaspace       used 21296K, committed 21504K, reserved 1114112K
  class space    used 2983K, committed 3072K, reserved 1048576K
}
Event: 0.684 GC heap after
{Heap after GC invocations=3 (full 0):
 garbage-first heap   total 524288K, used 10391K [0x000000060bc00000, 0x0000000800000000)
  region size 4096K, 1 young (4096K), 1 survivors (4096K)
 Metaspace       used 21296K, committed 21504K, reserved 1114112K
  class space    used 2983K, committed 3072K, reserved 1048576K
}

Dll operation events (8 events):
Event: 0.001 Loaded shared library /usr/lib/jvm/java-17-openjdk/lib/libjava.so
Event: 0.013 Loaded shared library /usr/lib/jvm/java-17-openjdk/lib/libjsvml.so
Event: 0.018 Loaded shared library /usr/lib/jvm/java-17-openjdk/lib/libnio.so
Event: 0.019 Loaded shared library /usr/lib/jvm/java-17-openjdk/lib/libzip.so
Event: 0.059 Loaded shared library /usr/lib/jvm/java-17-openjdk/lib/libjimage.so
Event: 0.273 Loaded shared library /home/mahir/.cache/JNA/temp/jna11502607580107591733.tmp
Event: 0.298 Loaded shared library /usr/lib/jvm/java-17-openjdk/lib/libnet.so
Event: 0.881 Loaded shared library /home/mahir/fun/CPU/nebula-risc-v/simWorkspace/decoderForTest/verilator/verilator_642291766835216141.so

Deoptimization events (20 events):
Event: 0.837 Thread 0x0000748eb00159e0 Uncommon trap: trap_request=0xffffff45 fr.pc=0x0000748ea0ed7324 relative=0x00000000000009e4
Event: 0.837 Thread 0x0000748eb00159e0 Uncommon trap: reason=unstable_if action=reinterpret pc=0x0000748ea0ed7324 method=java.nio.file.FileTreeWalker.visit(Ljava/nio/file/Path;ZZ)Ljava/nio/file/FileTreeWalker$Event; @ 53 c2
Event: 0.837 Thread 0x0000748eb00159e0 DEOPT PACKING pc=0x0000748ea0ed7324 sp=0x0000748eb75fc810
Event: 0.837 Thread 0x0000748eb00159e0 DEOPT UNPACKING pc=0x0000748ea06b5699 sp=0x0000748eb75fc730 mode 2
Event: 0.841 Thread 0x0000748eb00159e0 Uncommon trap: trap_request=0xffffff45 fr.pc=0x0000748ea0eaaf80 relative=0x0000000000000060
Event: 0.841 Thread 0x0000748eb00159e0 Uncommon trap: reason=unstable_if action=reinterpret pc=0x0000748ea0eaaf80 method=com.sun.tools.javac.jvm.PoolReader.sizeof(I)I @ 1 c2
Event: 0.841 Thread 0x0000748eb00159e0 DEOPT PACKING pc=0x0000748ea0eaaf80 sp=0x0000748eb75fc940
Event: 0.841 Thread 0x0000748eb00159e0 DEOPT UNPACKING pc=0x0000748ea06b5699 sp=0x0000748eb75fc8f0 mode 2
Event: 0.842 Thread 0x0000748eb00159e0 Uncommon trap: trap_request=0xffffff45 fr.pc=0x0000748ea0ee3828 relative=0x00000000000007e8
Event: 0.842 Thread 0x0000748eb00159e0 Uncommon trap: reason=unstable_if action=reinterpret pc=0x0000748ea0ee3828 method=jdk.internal.jimage.ImageStringsReader.stringFromByteBuffer(Ljava/nio/ByteBuffer;I)Ljava/lang/String; @ 7 c2
Event: 0.842 Thread 0x0000748eb00159e0 DEOPT PACKING pc=0x0000748ea0ee3828 sp=0x0000748eb75fc260
Event: 0.842 Thread 0x0000748eb00159e0 DEOPT UNPACKING pc=0x0000748ea06b5699 sp=0x0000748eb75fc238 mode 2
Event: 0.869 Thread 0x0000748eb00159e0 Uncommon trap: trap_request=0xffffffc6 fr.pc=0x0000748ea0de8dfc relative=0x00000000000012dc
Event: 0.869 Thread 0x0000748eb00159e0 Uncommon trap: reason=bimorphic_or_optimized_type_check action=maybe_recompile pc=0x0000748ea0de8dfc method=java.util.HashMap.putVal(ILjava/lang/Object;Ljava/lang/Object;ZZ)Ljava/lang/Object; @ 56 c2
Event: 0.869 Thread 0x0000748eb00159e0 DEOPT PACKING pc=0x0000748ea0de8dfc sp=0x0000748eb75fd7e0
Event: 0.869 Thread 0x0000748eb00159e0 DEOPT UNPACKING pc=0x0000748ea06b5699 sp=0x0000748eb75fd710 mode 2
Event: 0.880 Thread 0x0000748eb00159e0 Uncommon trap: trap_request=0xffffffde fr.pc=0x0000748ea0de6534 relative=0x0000000000001114
Event: 0.880 Thread 0x0000748eb00159e0 Uncommon trap: reason=class_check action=maybe_recompile pc=0x0000748ea0de6534 method=jdk.internal.loader.URLClassPath.getLoader(I)Ljdk/internal/loader/URLClassPath$Loader; @ 88 c2
Event: 0.880 Thread 0x0000748eb00159e0 DEOPT PACKING pc=0x0000748ea0de6534 sp=0x0000748eb75fd830
Event: 0.880 Thread 0x0000748eb00159e0 DEOPT UNPACKING pc=0x0000748ea06b5699 sp=0x0000748eb75fd820 mode 2

Classes loaded (20 events):
Event: 0.880 Loading class java/util/EnumMap$EnumMapIterator done
Event: 0.880 Loading class java/util/EnumMap$ValueIterator done
Event: 0.880 Loading class java/util/WeakHashMap$KeyIterator
Event: 0.880 Loading class java/util/WeakHashMap$HashIterator
Event: 0.880 Loading class java/util/WeakHashMap$HashIterator done
Event: 0.880 Loading class java/util/WeakHashMap$KeyIterator done
Event: 0.880 Loading class java/net/URLClassLoader$1
Event: 0.880 Loading class java/net/URLClassLoader$1 done
Event: 0.881 Loading class java/io/FilePermission$1
Event: 0.881 Loading class jdk/internal/access/JavaIOFilePermissionAccess
Event: 0.881 Loading class jdk/internal/access/JavaIOFilePermissionAccess done
Event: 0.881 Loading class java/io/FilePermission$1 done
Event: 0.881 Loading class java/io/FilePermissionCollection
Event: 0.881 Loading class java/io/FilePermissionCollection done
Event: 0.881 Loading class java/util/Vector
Event: 0.881 Loading class java/util/Vector done
Event: 0.881 Loading class java/io/FilePermissionCollection$1
Event: 0.881 Loading class java/io/FilePermissionCollection$1 done
Event: 0.881 Loading class jdk/internal/loader/NativeLibraries$Unloader
Event: 0.881 Loading class jdk/internal/loader/NativeLibraries$Unloader done

Classes unloaded (0 events):
No events

Classes redefined (0 events):
No events

Internal exceptions (20 events):
Event: 0.654 Thread 0x0000748eb00159e0 Exception <a 'java/lang/NoSuchMethodError'{0x0000000628d82830}: 'java.lang.Object java.lang.invoke.DirectMethodHandle$Holder.invokeVirtual(java.lang.Object, java.lang.Object, java.lang.Object)'> (0x0000000628d82830) 
thrown [/usr/src/debug/java17-openjdk/jdk17u-jdk-17.0.12-7/src/hotspot/share/interpreter/linkResolver.cpp, line 758]
Event: 0.655 Thread 0x0000748eb00159e0 Exception <a 'java/lang/NoSuchMethodError'{0x0000000628d8c630}: 'int java.lang.invoke.DirectMethodHandle$Holder.invokeInterface(java.lang.Object, java.lang.Object)'> (0x0000000628d8c630) 
thrown [/usr/src/debug/java17-openjdk/jdk17u-jdk-17.0.12-7/src/hotspot/share/interpreter/linkResolver.cpp, line 758]
Event: 0.660 Thread 0x0000748eb00159e0 Exception <a 'sun/nio/fs/UnixException'{0x0000000628f0c5f8}> (0x0000000628f0c5f8) 
thrown [/usr/src/debug/java17-openjdk/jdk17u-jdk-17.0.12-7/src/hotspot/share/prims/jni.cpp, line 516]
Event: 0.660 Thread 0x0000748eb00159e0 Exception <a 'sun/nio/fs/UnixException'{0x0000000628f0cd70}> (0x0000000628f0cd70) 
thrown [/usr/src/debug/java17-openjdk/jdk17u-jdk-17.0.12-7/src/hotspot/share/prims/jni.cpp, line 516]
Event: 0.663 Thread 0x0000748eb00159e0 Exception <a 'java/lang/NoSuchMethodError'{0x0000000628f757f0}: 'int java.lang.invoke.DirectMethodHandle$Holder.invokeVirtual(java.lang.Object, java.lang.Object, java.lang.Object)'> (0x0000000628f757f0) 
thrown [/usr/src/debug/java17-openjdk/jdk17u-jdk-17.0.12-7/src/hotspot/share/interpreter/linkResolver.cpp, line 758]
Event: 0.664 Thread 0x0000748eb00159e0 Exception <a 'java/lang/NoSuchMethodError'{0x0000000628f7bfc8}: 'void java.lang.invoke.DirectMethodHandle$Holder.invokeInterface(java.lang.Object, java.lang.Object, java.lang.Object)'> (0x0000000628f7bfc8) 
thrown [/usr/src/debug/java17-openjdk/jdk17u-jdk-17.0.12-7/src/hotspot/share/interpreter/linkResolver.cpp, line 758]
Event: 0.698 Thread 0x0000748eb00159e0 Exception <a 'java/lang/NoSuchMethodError'{0x000000062b040620}: 'int java.lang.invoke.DirectMethodHandle$Holder.invokeStaticInit(java.lang.Object, java.lang.Object)'> (0x000000062b040620) 
thrown [/usr/src/debug/java17-openjdk/jdk17u-jdk-17.0.12-7/src/hotspot/share/interpreter/linkResolver.cpp, line 758]
Event: 0.758 Thread 0x0000748eb00159e0 Exception <a 'java/lang/NoSuchMethodError'{0x000000060ed315c0}: 'int java.lang.invoke.DirectMethodHandle$Holder.invokeSpecial(java.lang.Object, java.lang.Object, java.lang.Object, java.lang.Object)'> (0x000000060ed315c0) 
thrown [/usr/src/debug/java17-openjdk/jdk17u-jdk-17.0.12-7/src/hotspot/share/interpreter/linkResolver.cpp, line 758]
Event: 0.759 Thread 0x0000748eb00159e0 Exception <a 'java/lang/NoSuchMethodError'{0x000000060ed42680}: 'java.lang.Object java.lang.invoke.DirectMethodHandle$Holder.invokeVirtual(java.lang.Object, java.lang.Object, java.lang.Object, int, int)'> (0x000000060ed42680) 
thrown [/usr/src/debug/java17-openjdk/jdk17u-jdk-17.0.12-7/src/hotspot/share/interpreter/linkResolver.cpp, line 758]
Event: 0.759 Thread 0x0000748eb00159e0 Exception <a 'java/lang/NoSuchMethodError'{0x000000060ed48f10}: 'java.lang.Object java.lang.invoke.DirectMethodHandle$Holder.invokeVirtual(java.lang.Object, java.lang.Object, int)'> (0x000000060ed48f10) 
thrown [/usr/src/debug/java17-openjdk/jdk17u-jdk-17.0.12-7/src/hotspot/share/interpreter/linkResolver.cpp, line 758]
Event: 0.766 Thread 0x0000748eb00159e0 Exception <a 'java/lang/NoSuchMethodError'{0x000000060edfa3f0}: 'void java.lang.invoke.DirectMethodHandle$Holder.invokeSpecial(java.lang.Object, java.lang.Object, java.lang.Object, java.lang.Object, java.lang.Object, java.lang.Object)'> (0x000000060edfa3f0) 
thrown [/usr/src/debug/java17-openjdk/jdk17u-jdk-17.0.12-7/src/hotspot/share/interpreter/linkResolver.cpp, line 758]
Event: 0.792 Thread 0x0000748eb00159e0 Implicit null exception at 0x0000748ea0eb0eac to 0x0000748ea0eb0fde
Event: 0.815 Thread 0x0000748eb00159e0 Exception <a 'sun/nio/fs/UnixException'{0x000000060dcdc8e0}> (0x000000060dcdc8e0) 
thrown [/usr/src/debug/java17-openjdk/jdk17u-jdk-17.0.12-7/src/hotspot/share/prims/jni.cpp, line 516]
Event: 0.815 Thread 0x0000748eb00159e0 Exception <a 'sun/nio/fs/UnixException'{0x000000060dcdd010}> (0x000000060dcdd010) 
thrown [/usr/src/debug/java17-openjdk/jdk17u-jdk-17.0.12-7/src/hotspot/share/prims/jni.cpp, line 516]
Event: 0.815 Thread 0x0000748eb00159e0 Exception <a 'sun/nio/fs/UnixException'{0x000000060dcdd628}> (0x000000060dcdd628) 
thrown [/usr/src/debug/java17-openjdk/jdk17u-jdk-17.0.12-7/src/hotspot/share/prims/jni.cpp, line 516]
Event: 0.815 Thread 0x0000748eb00159e0 Exception <a 'sun/nio/fs/UnixException'{0x000000060dcddd58}> (0x000000060dcddd58) 
thrown [/usr/src/debug/java17-openjdk/jdk17u-jdk-17.0.12-7/src/hotspot/share/prims/jni.cpp, line 516]
Event: 0.816 Thread 0x0000748eb00159e0 Exception <a 'java/lang/NoSuchMethodError'{0x000000060dd02e78}: 'void java.lang.invoke.DirectMethodHandle$Holder.invokeSpecial(java.lang.Object, java.lang.Object, java.lang.Object, java.lang.Object, java.lang.Object)'> (0x000000060dd02e78) 
thrown [/usr/src/debug/java17-openjdk/jdk17u-jdk-17.0.12-7/src/hotspot/share/interpreter/linkResolver.cpp, line 758]
Event: 0.836 Thread 0x0000748eb00159e0 Exception <a 'java/lang/NoSuchMethodError'{0x000000060d9fe0d0}: 'int java.lang.invoke.DirectMethodHandle$Holder.invokeSpecial(java.lang.Object, java.lang.Object, java.lang.Object)'> (0x000000060d9fe0d0) 
thrown [/usr/src/debug/java17-openjdk/jdk17u-jdk-17.0.12-7/src/hotspot/share/interpreter/linkResolver.cpp, line 758]
Event: 0.839 Thread 0x0000748eb00159e0 Exception <a 'java/lang/NoSuchMethodError'{0x000000060d4573d0}: 'java.lang.Object java.lang.invoke.DirectMethodHandle$Holder.invokeStatic(java.lang.Object, java.lang.Object, int, int)'> (0x000000060d4573d0) 
thrown [/usr/src/debug/java17-openjdk/jdk17u-jdk-17.0.12-7/src/hotspot/share/interpreter/linkResolver.cpp, line 758]
Event: 0.847 Thread 0x0000748eb00159e0 Exception <a 'java/lang/NoSuchMethodError'{0x000000060d4f3628}: 'java.lang.Object java.lang.invoke.DirectMethodHandle$Holder.invokeInterface(java.lang.Object, java.lang.Object)'> (0x000000060d4f3628) 
thrown [/usr/src/debug/java17-openjdk/jdk17u-jdk-17.0.12-7/src/hotspot/share/interpreter/linkResolver.cpp, line 758]

VM Operations (20 events):
Event: 0.687 Executing VM operation: G1PauseRemark
Event: 0.688 Executing VM operation: G1PauseRemark done
Event: 0.689 Executing VM operation: G1PauseCleanup
Event: 0.689 Executing VM operation: G1PauseCleanup done
Event: 0.727 Executing VM operation: HandshakeAllThreads
Event: 0.727 Executing VM operation: HandshakeAllThreads done
Event: 0.727 Executing VM operation: HandshakeAllThreads
Event: 0.727 Executing VM operation: HandshakeAllThreads done
Event: 0.748 Executing VM operation: HandshakeAllThreads
Event: 0.748 Executing VM operation: HandshakeAllThreads done
Event: 0.748 Executing VM operation: HandshakeAllThreads
Event: 0.748 Executing VM operation: HandshakeAllThreads done
Event: 0.837 Executing VM operation: ICBufferFull
Event: 0.837 Executing VM operation: ICBufferFull done
Event: 0.842 Executing VM operation: HandshakeAllThreads
Event: 0.842 Executing VM operation: HandshakeAllThreads done
Event: 0.868 Executing VM operation: HandshakeAllThreads
Event: 0.868 Executing VM operation: HandshakeAllThreads done
Event: 0.880 Executing VM operation: ICBufferFull
Event: 0.880 Executing VM operation: ICBufferFull done

Events (20 events):
Event: 0.532 Thread 0x0000748eb06d5970 Thread added: 0x0000748eb06d5970
Event: 0.532 Protecting memory [0x0000748e7e5fd000,0x0000748e7e601000] with protection modes 0
Event: 0.532 Thread 0x0000748eb06d5070 Thread exited: 0x0000748eb06d5070
Event: 0.532 Thread 0x0000748eb06d5970 Thread exited: 0x0000748eb06d5970
Event: 0.581 Thread 0x0000748eb074c250 Thread added: 0x0000748eb074c250
Event: 0.581 Protecting memory [0x0000748e7e5fd000,0x0000748e7e601000] with protection modes 0
Event: 0.581 Thread 0x0000748eb074cab0 Thread added: 0x0000748eb074cab0
Event: 0.581 Thread 0x0000748eb074c250 Thread exited: 0x0000748eb074c250
Event: 0.581 Protecting memory [0x0000748e7edef000,0x0000748e7edf3000] with protection modes 0
Event: 0.581 Thread 0x0000748eb074d420 Thread added: 0x0000748eb074d420
Event: 0.581 Protecting memory [0x0000748e7e4fc000,0x0000748e7e500000] with protection modes 0
Event: 0.581 Thread 0x0000748eb074c3b0 Thread added: 0x0000748eb074c3b0
Event: 0.581 Protecting memory [0x0000748e7e5fd000,0x0000748e7e601000] with protection modes 0
Event: 0.627 Thread 0x0000748eb074d420 Thread exited: 0x0000748eb074d420
Event: 0.627 Thread 0x0000748eb074cab0 Thread exited: 0x0000748eb074cab0
Event: 0.627 Thread 0x0000748eb074c3b0 Thread exited: 0x0000748eb074c3b0
Event: 0.805 Thread 0x0000748dd42b9ba0 Thread added: 0x0000748dd42b9ba0
Event: 0.805 Protecting memory [0x0000748e7e2fa000,0x0000748e7e2fe000] with protection modes 0
Event: 0.806 Thread 0x0000748dcc173ca0 Thread added: 0x0000748dcc173ca0
Event: 0.806 Protecting memory [0x0000748e7e1f9000,0x0000748e7e1fd000] with protection modes 0


Dynamic libraries:
60bc00000-60f000000 rw-p 00000000 00:00 0 
60f000000-628400000 ---p 00000000 00:00 0 
628400000-628800000 rw-p 00000000 00:00 0 
628800000-62b000000 ---p 00000000 00:00 0 
62b000000-62b400000 rw-p 00000000 00:00 0 
62b400000-7ff800000 ---p 00000000 00:00 0 
7ff800000-7ffb00000 rw-p 00000000 00:00 0 
7ffb00000-7ffb75000 rw-p 00c76000 103:02 53110622                        /usr/lib/jvm/java-17-openjdk/lib/server/classes.jsa
7ffb75000-7ffc00000 rw-p 00000000 00:00 0 
7ffc00000-7ffc77000 rw-p 00bff000 103:02 53110622                        /usr/lib/jvm/java-17-openjdk/lib/server/classes.jsa
7ffc77000-800000000 rw-p 00000000 00:00 0 
589ad7fff000-589ad8000000 r--p 00000000 103:02 52695525                  /usr/lib/jvm/java-17-openjdk/bin/java
589ad8000000-589ad8001000 r-xp 00001000 103:02 52695525                  /usr/lib/jvm/java-17-openjdk/bin/java
589ad8001000-589ad8002000 r--p 00002000 103:02 52695525                  /usr/lib/jvm/java-17-openjdk/bin/java
589ad8002000-589ad8003000 r--p 00002000 103:02 52695525                  /usr/lib/jvm/java-17-openjdk/bin/java
589ad8003000-589ad8004000 rw-p 00003000 103:02 52695525                  /usr/lib/jvm/java-17-openjdk/bin/java
589b079c5000-589b07a0c000 rw-p 00000000 00:00 0                          [heap]
748d38000000-748d382ff000 rw-p 00000000 00:00 0 
748d382ff000-748d3c000000 ---p 00000000 00:00 0 
748d3c000000-748d3c6a6000 rw-p 00000000 00:00 0 
748d3c6a6000-748d40000000 ---p 00000000 00:00 0 
748d44000000-748d44021000 rw-p 00000000 00:00 0 
748d44021000-748d48000000 ---p 00000000 00:00 0 
748d48000000-748d48021000 rw-p 00000000 00:00 0 
748d48021000-748d4c000000 ---p 00000000 00:00 0 
748d50000000-748d50021000 rw-p 00000000 00:00 0 
748d50021000-748d54000000 ---p 00000000 00:00 0 
748d54000000-748d54521000 rw-p 00000000 00:00 0 
748d54521000-748d58000000 ---p 00000000 00:00 0 
748d5c000000-748d5c7af000 rw-p 00000000 00:00 0 
748d5c7af000-748d60000000 ---p 00000000 00:00 0 
748d60000000-748d6090d000 rw-p 00000000 00:00 0 
748d6090d000-748d64000000 ---p 00000000 00:00 0 
748d68000000-748d687a7000 rw-p 00000000 00:00 0 
748d687a7000-748d6c000000 ---p 00000000 00:00 0 
748d6c000000-748d6c0b2000 rw-p 00000000 00:00 0 
748d6c0b2000-748d70000000 ---p 00000000 00:00 0 
748d74000000-748d74021000 rw-p 00000000 00:00 0 
748d74021000-748d78000000 ---p 00000000 00:00 0 
748d78000000-748d78021000 rw-p 00000000 00:00 0 
748d78021000-748d7c000000 ---p 00000000 00:00 0 
748d80000000-748d8056d000 rw-p 00000000 00:00 0 
748d8056d000-748d84000000 ---p 00000000 00:00 0 
748d84000000-748d84021000 rw-p 00000000 00:00 0 
748d84021000-748d88000000 ---p 00000000 00:00 0 
748d8c000000-748d8c021000 rw-p 00000000 00:00 0 
748d8c021000-748d90000000 ---p 00000000 00:00 0 
748d90000000-748d90021000 rw-p 00000000 00:00 0 
748d90021000-748d94000000 ---p 00000000 00:00 0 
748d98000000-748d98021000 rw-p 00000000 00:00 0 
748d98021000-748d9c000000 ---p 00000000 00:00 0 
748d9c000000-748d9c021000 rw-p 00000000 00:00 0 
748d9c021000-748da0000000 ---p 00000000 00:00 0 
748da4000000-748da4021000 rw-p 00000000 00:00 0 
748da4021000-748da8000000 ---p 00000000 00:00 0 
748da8000000-748da8021000 rw-p 00000000 00:00 0 
748da8021000-748dac000000 ---p 00000000 00:00 0 
748db0000000-748db0021000 rw-p 00000000 00:00 0 
748db0021000-748db4000000 ---p 00000000 00:00 0 
748db4000000-748db4021000 rw-p 00000000 00:00 0 
748db4021000-748db8000000 ---p 00000000 00:00 0 
748dbc000000-748dbc021000 rw-p 00000000 00:00 0 
748dbc021000-748dc0000000 ---p 00000000 00:00 0 
748dc0000000-748dc0021000 rw-p 00000000 00:00 0 
748dc0021000-748dc4000000 ---p 00000000 00:00 0 
748dc8000000-748dc80e8000 rw-p 00000000 00:00 0 
748dc80e8000-748dcc000000 ---p 00000000 00:00 0 
748dcc000000-748dcc236000 rw-p 00000000 00:00 0 
748dcc236000-748dd0000000 ---p 00000000 00:00 0 
748dd4000000-748dd4385000 rw-p 00000000 00:00 0 
748dd4385000-748dd8000000 ---p 00000000 00:00 0 
748dd8000000-748dd8021000 rw-p 00000000 00:00 0 
748dd8021000-748ddc000000 ---p 00000000 00:00 0 
748de0000000-748de0021000 rw-p 00000000 00:00 0 
748de0021000-748de4000000 ---p 00000000 00:00 0 
748de4000000-748de4021000 rw-p 00000000 00:00 0 
748de4021000-748de8000000 ---p 00000000 00:00 0 
748dec000000-748dec021000 rw-p 00000000 00:00 0 
748dec021000-748df0000000 ---p 00000000 00:00 0 
748df0000000-748df01eb000 rw-p 00000000 00:00 0 
748df01eb000-748df4000000 ---p 00000000 00:00 0 
748df8000000-748df88bf000 rw-p 00000000 00:00 0 
748df88bf000-748dfc000000 ---p 00000000 00:00 0 
748dfc000000-748dfc021000 rw-p 00000000 00:00 0 
748dfc021000-748e00000000 ---p 00000000 00:00 0 
748e04000000-748e04021000 rw-p 00000000 00:00 0 
748e04021000-748e08000000 ---p 00000000 00:00 0 
748e08000000-748e08021000 rw-p 00000000 00:00 0 
748e08021000-748e0c000000 ---p 00000000 00:00 0 
748e10000000-748e10021000 rw-p 00000000 00:00 0 
748e10021000-748e14000000 ---p 00000000 00:00 0 
748e14000000-748e14021000 rw-p 00000000 00:00 0 
748e14021000-748e18000000 ---p 00000000 00:00 0 
748e1c000000-748e1c021000 rw-p 00000000 00:00 0 
748e1c021000-748e20000000 ---p 00000000 00:00 0 
748e23000000-748e233f0000 rw-p 00000000 00:00 0 
748e233f0000-748e245d0000 rw-p 00000000 00:00 0 
748e245d0000-748e245f0000 rw-p 00000000 00:00 0 
748e245f0000-748e246c0000 rw-p 00000000 00:00 0 
748e246c0000-748e24700000 ---p 00000000 00:00 0 
748e24700000-748e24710000 rw-p 00000000 00:00 0 
748e24710000-748e27000000 ---p 00000000 00:00 0 
748e27000000-748e27bc7000 rw-p 00001000 103:02 53110622                  /usr/lib/jvm/java-17-openjdk/lib/server/classes.jsa
748e27bc7000-748e28000000 ---p 00000000 00:00 0 
748e28000000-748e28030000 rw-p 00000000 00:00 0 
748e28030000-748e28070000 rw-p 00000000 00:00 0 
748e28070000-748e28250000 rw-p 00000000 00:00 0 
748e28250000-748e28270000 rw-p 00000000 00:00 0 
748e28270000-748e283b0000 rw-p 00000000 00:00 0 
748e283b0000-748e68000000 ---p 00000000 00:00 0 
748e68000000-748e68021000 rw-p 00000000 00:00 0 
748e68021000-748e6c000000 ---p 00000000 00:00 0 
748e6c000000-748e6c021000 rw-p 00000000 00:00 0 
748e6c021000-748e70000000 ---p 00000000 00:00 0 
748e74000000-748e74021000 rw-p 00000000 00:00 0 
748e74021000-748e78000000 ---p 00000000 00:00 0 
748e78000000-748e78021000 rw-p 00000000 00:00 0 
748e78021000-748e7c000000 ---p 00000000 00:00 0 
748e7e1f8000-748e7e1f9000 ---p 00000000 00:00 0 
748e7e1f9000-748e7e1fd000 ---p 00000000 00:00 0 
748e7e1fd000-748e7e2f9000 rw-p 00000000 00:00 0 
748e7e2f9000-748e7e2fa000 ---p 00000000 00:00 0 
748e7e2fa000-748e7e2fe000 ---p 00000000 00:00 0 
748e7e2fe000-748e7e3fa000 rw-p 00000000 00:00 0 
748e7e3fa000-748e7e3fb000 ---p 00000000 00:00 0 
748e7e3fb000-748e7e4fb000 rw-p 00000000 00:00 0 
748e7e4fb000-748e7e4fc000 ---p 00000000 00:00 0 
748e7e4fc000-748e7e500000 ---p 00000000 00:00 0 
748e7e500000-748e7e5fc000 rw-p 00000000 00:00 0 
748e7e5fc000-748e7e5fd000 ---p 00000000 00:00 0 
748e7e5fd000-748e7e601000 ---p 00000000 00:00 0 
748e7e601000-748e7e6fd000 rw-p 00000000 00:00 0 
748e7e6fd000-748e7e6fe000 ---p 00000000 00:00 0 
748e7e6fe000-748e7e702000 ---p 00000000 00:00 0 
748e7e702000-748e7e7fe000 rw-p 00000000 00:00 0 
748e7e7fe000-748e7e7ff000 ---p 00000000 00:00 0 
748e7e7ff000-748e7e803000 ---p 00000000 00:00 0 
748e7e803000-748e7e8ff000 rw-p 00000000 00:00 0 
748e7e8ff000-748e7e900000 ---p 00000000 00:00 0 
748e7e900000-748e7e904000 ---p 00000000 00:00 0 
748e7e904000-748e7ea00000 rw-p 00000000 00:00 0 
748e7ea00000-748e7ea1e000 r-xp 00000000 103:02 10494020                  /home/mahir/.cache/JNA/temp/jna11502607580107591733.tmp (deleted)
748e7ea1e000-748e7ec1d000 ---p 0001e000 103:02 10494020                  /home/mahir/.cache/JNA/temp/jna11502607580107591733.tmp (deleted)
748e7ec1d000-748e7ec1e000 rw-p 0001d000 103:02 10494020                  /home/mahir/.cache/JNA/temp/jna11502607580107591733.tmp (deleted)
748e7ec1e000-748e7ec1f000 rw-p 00000000 00:00 0 
748e7eced000-748e7ecee000 ---p 00000000 00:00 0 
748e7ecee000-748e7ecf2000 ---p 00000000 00:00 0 
748e7ecf2000-748e7edee000 rw-p 00000000 00:00 0 
748e7edee000-748e7edef000 ---p 00000000 00:00 0 
748e7edef000-748e7edf3000 ---p 00000000 00:00 0 
748e7edf3000-748e7eeef000 rw-p 00000000 00:00 0 
748e7eeef000-748e7eef0000 ---p 00000000 00:00 0 
748e7eef0000-748e7eef4000 ---p 00000000 00:00 0 
748e7eef4000-748e7eff0000 rw-p 00000000 00:00 0 
748e7eff0000-748e7eff1000 ---p 00000000 00:00 0 
748e7eff1000-748e7eff5000 ---p 00000000 00:00 0 
748e7eff5000-748e7f0f1000 rw-p 00000000 00:00 0 
748e7f0f1000-748e7f0f2000 ---p 00000000 00:00 0 
748e7f0f2000-748e7f1f2000 rw-p 00000000 00:00 0 
748e7f1f2000-748e7f1f3000 ---p 00000000 00:00 0 
748e7f1f3000-748e7f2f3000 rw-p 00000000 00:00 0 
748e7f2f3000-748e7f2f4000 ---p 00000000 00:00 0 
748e7f2f4000-748e7f3f4000 rw-p 00000000 00:00 0 
748e7f3f4000-748e7f3f5000 ---p 00000000 00:00 0 
748e7f3f5000-748e7f4f5000 rw-p 00000000 00:00 0 
748e7f4f5000-748e7f4f6000 ---p 00000000 00:00 0 
748e7f4f6000-748e7f5f6000 rw-p 00000000 00:00 0 
748e7f5f6000-748e7f5f7000 ---p 00000000 00:00 0 
748e7f5f7000-748e7f6f7000 rw-p 00000000 00:00 0 
748e7f6f7000-748e7f6f8000 ---p 00000000 00:00 0 
748e7f6f8000-748e7f7f8000 rw-p 00000000 00:00 0 
748e7f7f8000-748e7f7f9000 ---p 00000000 00:00 0 
748e7f7f9000-748e7f8f9000 rw-p 00000000 00:00 0 
748e7f8f9000-748e7f8fa000 ---p 00000000 00:00 0 
748e7f8fa000-748e7f9fa000 rw-p 00000000 00:00 0 
748e7f9fa000-748e7f9fb000 ---p 00000000 00:00 0 
748e7f9fb000-748e7fafb000 rw-p 00000000 00:00 0 
748e7fafb000-748e7fafc000 ---p 00000000 00:00 0 
748e7fafc000-748e7fbfc000 rw-p 00000000 00:00 0 
748e7fbfc000-748e7fbfd000 ---p 00000000 00:00 0 
748e7fbfd000-748e7fc01000 ---p 00000000 00:00 0 
748e7fc01000-748e7fcfd000 rw-p 00000000 00:00 0 
748e7fcfd000-748e7fcfe000 ---p 00000000 00:00 0 
748e7fcfe000-748e7fd02000 ---p 00000000 00:00 0 
748e7fd02000-748e7fdfe000 rw-p 00000000 00:00 0 
748e7fdfe000-748e7fdff000 ---p 00000000 00:00 0 
748e7fdff000-748e7fe03000 ---p 00000000 00:00 0 
748e7fe03000-748e7feff000 rw-p 00000000 00:00 0 
748e7feff000-748e7ff00000 ---p 00000000 00:00 0 
748e7ff00000-748e7ff04000 ---p 00000000 00:00 0 
748e7ff04000-748e80000000 rw-p 00000000 00:00 0 
748e80000000-748e80021000 rw-p 00000000 00:00 0 
748e80021000-748e84000000 ---p 00000000 00:00 0 
748e840f9000-748e840fa000 ---p 00000000 00:00 0 
748e840fa000-748e841fa000 rw-p 00000000 00:00 0 
748e841fa000-748e841fb000 ---p 00000000 00:00 0 
748e841fb000-748e841ff000 ---p 00000000 00:00 0 
748e841ff000-748e842fb000 rw-p 00000000 00:00 0 
748e842fb000-748e842fc000 ---p 00000000 00:00 0 
748e842fc000-748e84300000 ---p 00000000 00:00 0 
748e84300000-748e843fc000 rw-p 00000000 00:00 0 
748e843fc000-748e843fd000 ---p 00000000 00:00 0 
748e843fd000-748e84401000 ---p 00000000 00:00 0 
748e84401000-748e844fd000 rw-p 00000000 00:00 0 
748e844fd000-748e844fe000 ---p 00000000 00:00 0 
748e844fe000-748e84502000 ---p 00000000 00:00 0 
748e84502000-748e845fe000 rw-p 00000000 00:00 0 
748e845fe000-748e845ff000 ---p 00000000 00:00 0 
748e845ff000-748e84603000 ---p 00000000 00:00 0 
748e84603000-748e846ff000 rw-p 00000000 00:00 0 
748e846ff000-748e84700000 ---p 00000000 00:00 0 
748e84700000-748e84704000 ---p 00000000 00:00 0 
748e84704000-748e84800000 rw-p 00000000 00:00 0 
748e84800000-748e84aec000 r--p 00000000 103:02 51747550                  /usr/lib/locale/locale-archive
748e84af5000-748e84af6000 ---p 00000000 00:00 0 
748e84af6000-748e84afa000 ---p 00000000 00:00 0 
748e84afa000-748e84bf6000 rw-p 00000000 00:00 0 
748e84bf6000-748e84bf7000 ---p 00000000 00:00 0 
748e84bf7000-748e84bfb000 ---p 00000000 00:00 0 
748e84bfb000-748e84cf7000 rw-p 00000000 00:00 0 
748e84cf7000-748e84cf8000 ---p 00000000 00:00 0 
748e84cf8000-748e84cfc000 ---p 00000000 00:00 0 
748e84cfc000-748e84df8000 rw-p 00000000 00:00 0 
748e84df8000-748e84df9000 ---p 00000000 00:00 0 
748e84df9000-748e84ef9000 rw-p 00000000 00:00 0 
748e84ef9000-748e84efa000 ---p 00000000 00:00 0 
748e84efa000-748e84ffa000 rw-p 00000000 00:00 0 
748e84ffa000-748e84ffb000 ---p 00000000 00:00 0 
748e84ffb000-748e850fb000 rw-p 00000000 00:00 0 
748e850fb000-748e876d0000 rw-p 00000000 00:00 0 
748e876d0000-748e87d20000 ---p 00000000 00:00 0 
748e87d20000-748e87d30000 rw-p 00000000 00:00 0 
748e87d30000-748e87dd0000 ---p 00000000 00:00 0 
748e87dd0000-748e87de0000 rw-p 00000000 00:00 0 
748e87de0000-748e8f2f0000 ---p 00000000 00:00 0 
748e8f2f0000-748e8f310000 rw-p 00000000 00:00 0 
748e8f361000-748e8f38d000 r--p 00000000 103:02 11142012                  /home/mahir/fun/CPU/nebula-risc-v/simWorkspace/decoderForTest/verilator/verilator_642291766835216141.so
748e8f38d000-748e8f3da000 r-xp 0002c000 103:02 11142012                  /home/mahir/fun/CPU/nebula-risc-v/simWorkspace/decoderForTest/verilator/verilator_642291766835216141.so
748e8f3da000-748e8f3fc000 r--p 00079000 103:02 11142012                  /home/mahir/fun/CPU/nebula-risc-v/simWorkspace/decoderForTest/verilator/verilator_642291766835216141.so
748e8f3fc000-748e8f3fd000 r--p 0009b000 103:02 11142012                  /home/mahir/fun/CPU/nebula-risc-v/simWorkspace/decoderForTest/verilator/verilator_642291766835216141.so
748e8f3fd000-748e8f400000 rw-p 0009c000 103:02 11142012                  /home/mahir/fun/CPU/nebula-risc-v/simWorkspace/decoderForTest/verilator/verilator_642291766835216141.so
748e8f400000-748e8f4d0000 rw-p 00000000 00:00 0 
748e8f4d0000-748e8fb20000 ---p 00000000 00:00 0 
748e8fb20000-748e8fb30000 rw-p 00000000 00:00 0 
748e8fb30000-748e8fbd0000 ---p 00000000 00:00 0 
748e8fbd0000-748e8fbe0000 rw-p 00000000 00:00 0 
748e8fbe0000-748e970f0000 ---p 00000000 00:00 0 
748e970f0000-748e97110000 rw-p 00000000 00:00 0 
748e9712f000-748e97134000 r--p 00000000 103:02 52695778                  /usr/lib/jvm/java-17-openjdk/lib/libjsvml.so
748e97134000-748e97175000 r-xp 00005000 103:02 52695778                  /usr/lib/jvm/java-17-openjdk/lib/libjsvml.so
748e97175000-748e971fe000 r--p 00046000 103:02 52695778                  /usr/lib/jvm/java-17-openjdk/lib/libjsvml.so
748e971fe000-748e971ff000 r--p 000ce000 103:02 52695778                  /usr/lib/jvm/java-17-openjdk/lib/libjsvml.so
748e971ff000-748e97200000 rw-p 000cf000 103:02 52695778                  /usr/lib/jvm/java-17-openjdk/lib/libjsvml.so
748e97200000-748e9721a000 rw-p 00000000 00:00 0 
748e9721a000-748e972e4000 ---p 00000000 00:00 0 
748e972e4000-748e972e6000 rw-p 00000000 00:00 0 
748e972e6000-748e972fa000 ---p 00000000 00:00 0 
748e972fa000-748e972fc000 rw-p 00000000 00:00 0 
748e972fc000-748e9819e000 ---p 00000000 00:00 0 
748e9819e000-748e981a2000 rw-p 00000000 00:00 0 
748e981ba000-748e981bf000 r--p 00000000 103:02 51658536                  /usr/lib/libudev.so.1.7.9
748e981bf000-748e981e6000 r-xp 00005000 103:02 51658536                  /usr/lib/libudev.so.1.7.9
748e981e6000-748e981fa000 r--p 0002c000 103:02 51658536                  /usr/lib/libudev.so.1.7.9
748e981fa000-748e981ff000 r--p 0003f000 103:02 51658536                  /usr/lib/libudev.so.1.7.9
748e981ff000-748e98200000 rw-p 00044000 103:02 51658536                  /usr/lib/libudev.so.1.7.9
748e98200000-748e9821a000 rw-p 00000000 00:00 0 
748e9821a000-748e982e4000 ---p 00000000 00:00 0 
748e982e4000-748e982e6000 rw-p 00000000 00:00 0 
748e982e6000-748e982fa000 ---p 00000000 00:00 0 
748e982fa000-748e982fc000 rw-p 00000000 00:00 0 
748e982fc000-748e9919e000 ---p 00000000 00:00 0 
748e9919e000-748e991a2000 rw-p 00000000 00:00 0 
748e99200000-748e99900000 rwxp 00000000 00:00 0 
748e99900000-748ea065f000 ---p 00000000 00:00 0 
748ea065f000-748ea094f000 rwxp 00000000 00:00 0 
748ea094f000-748ea0da0000 ---p 00000000 00:00 0 
748ea0da0000-748ea1010000 rwxp 00000000 00:00 0 
748ea1010000-748ea8200000 ---p 00000000 00:00 0 
748ea8200000-748eafe67000 r--s 00000000 103:02 52695794                  /usr/lib/jvm/java-17-openjdk/lib/modules
748eafe7e000-748eb0ca7000 rw-p 00000000 00:00 0 
748eb0ca7000-748eb4000000 ---p 00000000 00:00 0 
748eb4026000-748eb4029000 r--p 00000000 103:02 51656976                  /usr/lib/libcap.so.2.70
748eb4029000-748eb402e000 r-xp 00003000 103:02 51656976                  /usr/lib/libcap.so.2.70
748eb402e000-748eb4030000 r--p 00008000 103:02 51656976                  /usr/lib/libcap.so.2.70
748eb4030000-748eb4031000 r--p 00009000 103:02 51656976                  /usr/lib/libcap.so.2.70
748eb4031000-748eb4032000 rw-p 0000a000 103:02 51656976                  /usr/lib/libcap.so.2.70
748eb4032000-748eb4033000 ---p 00000000 00:00 0 
748eb4033000-748eb4037000 ---p 00000000 00:00 0 
748eb4037000-748eb4055000 rw-p 00000000 00:00 0 
748eb4055000-748eb4cfd000 rw-p 00000000 00:00 0 
748eb4cfd000-748eb4cfe000 ---p 00000000 00:00 0 
748eb4cfe000-748eb4dfe000 rw-p 00000000 00:00 0 
748eb4dfe000-748eb4dff000 ---p 00000000 00:00 0 
748eb4dff000-748eb4eff000 rw-p 00000000 00:00 0 
748eb4eff000-748eb4f00000 ---p 00000000 00:00 0 
748eb4f00000-748eb5000000 rw-p 00000000 00:00 0 
748eb5000000-748eb501a000 rw-p 00000000 00:00 0 
748eb501a000-748eb50e4000 ---p 00000000 00:00 0 
748eb50e4000-748eb50e6000 rw-p 00000000 00:00 0 
748eb50e6000-748eb50fa000 ---p 00000000 00:00 0 
748eb50fa000-748eb50fc000 rw-p 00000000 00:00 0 
748eb50fc000-748eb5f9e000 ---p 00000000 00:00 0 
748eb5f9e000-748eb5fa2000 rw-p 00000000 00:00 0 
748eb5fa2000-748eb5fa4000 r--p 00000000 103:02 51646544                  /usr/lib/libatomic.so.1.2.0
748eb5fa4000-748eb5fa8000 r-xp 00002000 103:02 51646544                  /usr/lib/libatomic.so.1.2.0
748eb5fa8000-748eb5faa000 r--p 00006000 103:02 51646544                  /usr/lib/libatomic.so.1.2.0
748eb5faa000-748eb5fab000 r--p 00007000 103:02 51646544                  /usr/lib/libatomic.so.1.2.0
748eb5fab000-748eb5fac000 rw-p 00008000 103:02 51646544                  /usr/lib/libatomic.so.1.2.0
748eb5fac000-748eb7333000 rw-p 00000000 00:00 0 
748eb7333000-748eb7417000 ---p 00000000 00:00 0 
748eb7417000-748eb7425000 rw-p 00000000 00:00 0 
748eb7425000-748eb7500000 ---p 00000000 00:00 0 
748eb7500000-748eb7504000 ---p 00000000 00:00 0 
748eb7504000-748eb7600000 rw-p 00000000 00:00 0 
748eb7600000-748eb7697000 r--p 00000000 103:02 51708318                  /usr/lib/libstdc++.so.6.0.33
748eb7697000-748eb77e4000 r-xp 00097000 103:02 51708318                  /usr/lib/libstdc++.so.6.0.33
748eb77e4000-748eb7874000 r--p 001e4000 103:02 51708318                  /usr/lib/libstdc++.so.6.0.33
748eb7874000-748eb7881000 r--p 00274000 103:02 51708318                  /usr/lib/libstdc++.so.6.0.33
748eb7881000-748eb7882000 rw-p 00281000 103:02 51708318                  /usr/lib/libstdc++.so.6.0.33
748eb7882000-748eb7886000 rw-p 00000000 00:00 0 
748eb788d000-748eb7891000 r--p 00000000 103:02 52695784                  /usr/lib/jvm/java-17-openjdk/lib/libnet.so
748eb7891000-748eb789f000 r-xp 00004000 103:02 52695784                  /usr/lib/jvm/java-17-openjdk/lib/libnet.so
748eb789f000-748eb78a2000 r--p 00012000 103:02 52695784                  /usr/lib/jvm/java-17-openjdk/lib/libnet.so
748eb78a2000-748eb78a3000 r--p 00015000 103:02 52695784                  /usr/lib/jvm/java-17-openjdk/lib/libnet.so
748eb78a3000-748eb78a4000 rw-p 00016000 103:02 52695784                  /usr/lib/jvm/java-17-openjdk/lib/libnet.so
748eb78a4000-748eb78e3000 rw-p 00000000 00:00 0 
748eb78e3000-748eb78e7000 r--p 00000000 103:02 51646549                  /usr/lib/libgcc_s.so.1
748eb78e7000-748eb790b000 r-xp 00004000 103:02 51646549                  /usr/lib/libgcc_s.so.1
748eb790b000-748eb790f000 r--p 00028000 103:02 51646549                  /usr/lib/libgcc_s.so.1
748eb790f000-748eb7910000 r--p 0002b000 103:02 51646549                  /usr/lib/libgcc_s.so.1
748eb7910000-748eb7911000 rw-p 0002c000 103:02 51646549                  /usr/lib/libgcc_s.so.1
748eb7911000-748eb791f000 r--p 00000000 103:02 51645846                  /usr/lib/libm.so.6
748eb791f000-748eb79a2000 r-xp 0000e000 103:02 51645846                  /usr/lib/libm.so.6
748eb79a2000-748eb79fe000 r--p 00091000 103:02 51645846                  /usr/lib/libm.so.6
748eb79fe000-748eb79ff000 r--p 000ec000 103:02 51645846                  /usr/lib/libm.so.6
748eb79ff000-748eb7a00000 rw-p 000ed000 103:02 51645846                  /usr/lib/libm.so.6
748eb7a00000-748eb7a0d000 r--p 00000000 103:02 53110626                  /usr/lib/jvm/java-17-openjdk/lib/server/libjvm.so
748eb7a0d000-748eb85f4000 r-xp 0000d000 103:02 53110626                  /usr/lib/jvm/java-17-openjdk/lib/server/libjvm.so
748eb85f4000-748eb87a4000 r--p 00bf4000 103:02 53110626                  /usr/lib/jvm/java-17-openjdk/lib/server/libjvm.so
748eb87a4000-748eb8859000 r--p 00da4000 103:02 53110626                  /usr/lib/jvm/java-17-openjdk/lib/server/libjvm.so
748eb8859000-748eb8889000 rw-p 00e59000 103:02 53110626                  /usr/lib/jvm/java-17-openjdk/lib/server/libjvm.so
748eb8889000-748eb88e2000 rw-p 00000000 00:00 0 
748eb88e4000-748eb88eb000 r--s 00000000 103:02 51747551                  /usr/lib/gconv/gconv-modules.cache
748eb88eb000-748eb88ed000 r--p 00000000 103:02 52695793                  /usr/lib/jvm/java-17-openjdk/lib/libzip.so
748eb88ed000-748eb88f1000 r-xp 00002000 103:02 52695793                  /usr/lib/jvm/java-17-openjdk/lib/libzip.so
748eb88f1000-748eb88f3000 r--p 00006000 103:02 52695793                  /usr/lib/jvm/java-17-openjdk/lib/libzip.so
748eb88f3000-748eb88f4000 r--p 00007000 103:02 52695793                  /usr/lib/jvm/java-17-openjdk/lib/libzip.so
748eb88f4000-748eb88f5000 rw-p 00008000 103:02 52695793                  /usr/lib/jvm/java-17-openjdk/lib/libzip.so
748eb88f5000-748eb88fc000 r--p 00000000 103:02 52695785                  /usr/lib/jvm/java-17-openjdk/lib/libnio.so
748eb88fc000-748eb8905000 r-xp 00007000 103:02 52695785                  /usr/lib/jvm/java-17-openjdk/lib/libnio.so
748eb8905000-748eb890a000 r--p 00010000 103:02 52695785                  /usr/lib/jvm/java-17-openjdk/lib/libnio.so
748eb890a000-748eb890b000 r--p 00014000 103:02 52695785                  /usr/lib/jvm/java-17-openjdk/lib/libnio.so
748eb890b000-748eb890c000 rw-p 00015000 103:02 52695785                  /usr/lib/jvm/java-17-openjdk/lib/libnio.so
748eb890c000-748eb890f000 rw-p 00000000 00:00 0 
748eb890f000-748eb8912000 r--p 00000000 103:02 51656591                  /usr/lib/libz.so.1.3.1
748eb8912000-748eb8920000 r-xp 00003000 103:02 51656591                  /usr/lib/libz.so.1.3.1
748eb8920000-748eb8926000 r--p 00011000 103:02 51656591                  /usr/lib/libz.so.1.3.1
748eb8926000-748eb8927000 r--p 00017000 103:02 51656591                  /usr/lib/libz.so.1.3.1
748eb8927000-748eb8928000 rw-p 00018000 103:02 51656591                  /usr/lib/libz.so.1.3.1
748eb8928000-748eb894c000 r--p 00000000 103:02 51645820                  /usr/lib/libc.so.6
748eb894c000-748eb8abd000 r-xp 00024000 103:02 51645820                  /usr/lib/libc.so.6
748eb8abd000-748eb8b0b000 r--p 00195000 103:02 51645820                  /usr/lib/libc.so.6
748eb8b0b000-748eb8b0f000 r--p 001e3000 103:02 51645820                  /usr/lib/libc.so.6
748eb8b0f000-748eb8b11000 rw-p 001e7000 103:02 51645820                  /usr/lib/libc.so.6
748eb8b11000-748eb8b19000 rw-p 00000000 00:00 0 
748eb8b1e000-748eb8b24000 rw-p 00000000 00:00 0 
748eb8b24000-748eb8b2d000 ---p 00000000 00:00 0 
748eb8b2d000-748eb8b37000 r--p 00000000 103:02 52695770                  /usr/lib/jvm/java-17-openjdk/lib/libjava.so
748eb8b37000-748eb8b48000 r-xp 0000a000 103:02 52695770                  /usr/lib/jvm/java-17-openjdk/lib/libjava.so
748eb8b48000-748eb8b4d000 r--p 0001b000 103:02 52695770                  /usr/lib/jvm/java-17-openjdk/lib/libjava.so
748eb8b4d000-748eb8b4e000 r--p 00020000 103:02 52695770                  /usr/lib/jvm/java-17-openjdk/lib/libjava.so
748eb8b4e000-748eb8b4f000 rw-p 00021000 103:02 52695770                  /usr/lib/jvm/java-17-openjdk/lib/libjava.so
748eb8b4f000-748eb8b50000 rw-p 00000000 00:00 0 
748eb8b50000-748eb8b58000 rw-s 00000000 00:2a 5026                       /tmp/hsperfdata_mahir/66851
748eb8b58000-748eb8b59000 ---p 00000000 00:00 0 
748eb8b59000-748eb8b5a000 r--p 00000000 00:00 0 
748eb8b5a000-748eb8b5b000 ---p 00000000 00:00 0 
748eb8b5b000-748eb8b5c000 r--p 00000000 103:02 52695774                  /usr/lib/jvm/java-17-openjdk/lib/libjimage.so
748eb8b5c000-748eb8b5e000 r-xp 00001000 103:02 52695774                  /usr/lib/jvm/java-17-openjdk/lib/libjimage.so
748eb8b5e000-748eb8b5f000 r--p 00003000 103:02 52695774                  /usr/lib/jvm/java-17-openjdk/lib/libjimage.so
748eb8b5f000-748eb8b60000 r--p 00003000 103:02 52695774                  /usr/lib/jvm/java-17-openjdk/lib/libjimage.so
748eb8b60000-748eb8b61000 rw-p 00004000 103:02 52695774                  /usr/lib/jvm/java-17-openjdk/lib/libjimage.so
748eb8b61000-748eb8b63000 r--p 00000000 103:02 52695775                  /usr/lib/jvm/java-17-openjdk/lib/libjli.so
748eb8b63000-748eb8b6c000 r-xp 00002000 103:02 52695775                  /usr/lib/jvm/java-17-openjdk/lib/libjli.so
748eb8b6c000-748eb8b6f000 r--p 0000b000 103:02 52695775                  /usr/lib/jvm/java-17-openjdk/lib/libjli.so
748eb8b6f000-748eb8b70000 r--p 0000d000 103:02 52695775                  /usr/lib/jvm/java-17-openjdk/lib/libjli.so
748eb8b70000-748eb8b71000 rw-p 0000e000 103:02 52695775                  /usr/lib/jvm/java-17-openjdk/lib/libjli.so
748eb8b71000-748eb8b73000 rw-p 00000000 00:00 0 
748eb8b73000-748eb8b77000 r--p 00000000 00:00 0                          [vvar]
748eb8b77000-748eb8b79000 r-xp 00000000 00:00 0                          [vdso]
748eb8b79000-748eb8b7a000 r--p 00000000 103:02 51645765                  /usr/lib/ld-linux-x86-64.so.2
748eb8b7a000-748eb8ba3000 r-xp 00001000 103:02 51645765                  /usr/lib/ld-linux-x86-64.so.2
748eb8ba3000-748eb8bad000 r--p 0002a000 103:02 51645765                  /usr/lib/ld-linux-x86-64.so.2
748eb8bad000-748eb8baf000 r--p 00034000 103:02 51645765                  /usr/lib/ld-linux-x86-64.so.2
748eb8baf000-748eb8bb1000 rw-p 00036000 103:02 51645765                  /usr/lib/ld-linux-x86-64.so.2
7ffd78dec000-7ffd78e0e000 rw-p 00000000 00:00 0                          [stack]
ffffffffff600000-ffffffffff601000 --xp 00000000 00:00 0                  [vsyscall]


VM Arguments:
jvm_args: -Duser.dir=/home/mahir/fun/CPU/nebula-risc-v 
java_command: nebula.test.decoder_test
java_class_path (initial): /home/mahir/fun/CPU/nebula-risc-v/.metals/.tmp/classpath_D396668B14945090A346EEF16EE03581.jar
Launcher Type: SUN_STANDARD

[Global flags]
     intx CICompilerCount                          = 12                                        {product} {ergonomic}
     uint ConcGCThreads                            = 5                                         {product} {ergonomic}
     uint G1ConcRefinementThreads                  = 18                                        {product} {ergonomic}
   size_t G1HeapRegionSize                         = 4194304                                   {product} {ergonomic}
    uintx GCDrainStackTargetSize                   = 64                                        {product} {ergonomic}
   size_t InitialHeapSize                          = 528482304                                 {product} {ergonomic}
   size_t MarkStackSize                            = 4194304                                   {product} {ergonomic}
   size_t MaxHeapSize                              = 8392802304                                {product} {ergonomic}
   size_t MaxNewSize                               = 5033164800                                {product} {ergonomic}
   size_t MinHeapDeltaBytes                        = 4194304                                   {product} {ergonomic}
   size_t MinHeapSize                              = 8388608                                   {product} {ergonomic}
    uintx NonNMethodCodeHeapSize                   = 7602480                                {pd product} {ergonomic}
    uintx NonProfiledCodeHeapSize                  = 122027880                              {pd product} {ergonomic}
    uintx ProfiledCodeHeapSize                     = 122027880                              {pd product} {ergonomic}
    uintx ReservedCodeCacheSize                    = 251658240                              {pd product} {ergonomic}
     bool SegmentedCodeCache                       = true                                      {product} {ergonomic}
   size_t SoftMaxHeapSize                          = 8392802304                             {manageable} {ergonomic}
     bool UseCompressedClassPointers               = true                           {product lp64_product} {ergonomic}
     bool UseCompressedOops                        = true                           {product lp64_product} {ergonomic}
     bool UseG1GC                                  = true                                      {product} {ergonomic}

Logging:
Log output configuration:
 #0: stdout all=warning uptime,level,tags
 #1: stderr all=off uptime,level,tags

Environment Variables:
PATH=/usr/local/sbin:/usr/local/bin:/usr/bin:/var/lib/flatpak/exports/bin:/usr/lib/jvm/default/bin:/usr/bin/site_perl:/usr/bin/vendor_perl:/usr/bin/core_perl:/opt/rocm/bin:/home/mahir/.local/bin:/home/mahir/.local/share/coursier/bin
SHELL=/bin/zsh
DISPLAY=:1
LANG=en_GB.UTF-8
LC_NUMERIC=en_GB.UTF-8
LC_TIME=en_GB.UTF-8
TERM=xterm-256color

Active Locale:
LC_ALL=en_GB.UTF-8
LC_COLLATE=en_GB.UTF-8
LC_CTYPE=en_GB.UTF-8
LC_MESSAGES=en_GB.UTF-8
LC_MONETARY=en_GB.UTF-8
LC_NUMERIC=en_GB.UTF-8
LC_TIME=en_GB.UTF-8

Signal Handlers:
   SIGSEGV: 0x0000748eb8430aa0 in libjvm.so+10685088, mask=11100100010111111101111111111110, flags=SA_RESTART|SA_SIGINFO, unblocked
    SIGBUS: 0x0000748eb8430aa0 in libjvm.so+10685088, mask=11100100010111111101111111111110, flags=SA_RESTART|SA_SIGINFO, unblocked
    SIGFPE: 0x0000748eb8430aa0 in libjvm.so+10685088, mask=11100100010111111101111111111110, flags=SA_RESTART|SA_SIGINFO, unblocked
   SIGPIPE: 0x0000748eb834c400 in libjvm.so+9749504, mask=11100100010111111101111111111110, flags=SA_RESTART|SA_SIGINFO, blocked
   SIGXFSZ: 0x0000748eb834c400 in libjvm.so+9749504, mask=11100100010111111101111111111110, flags=SA_RESTART|SA_SIGINFO, blocked
    SIGILL: 0x0000748eb8430aa0 in libjvm.so+10685088, mask=11100100010111111101111111111110, flags=SA_RESTART|SA_SIGINFO, unblocked
   SIGUSR2: 0x0000748eb834b440 in libjvm.so+9745472, mask=00000000000000000000000000000000, flags=SA_RESTART|SA_SIGINFO, blocked
    SIGHUP: 0x0000748eb834b3c0 in libjvm.so+9745344, mask=11100100010111111101111111111110, flags=SA_RESTART|SA_SIGINFO, blocked
    SIGINT: 0x0000748eb834b3c0 in libjvm.so+9745344, mask=11100100010111111101111111111110, flags=SA_RESTART|SA_SIGINFO, blocked
   SIGTERM: 0x0000748eb834b3c0 in libjvm.so+9745344, mask=11100100010111111101111111111110, flags=SA_RESTART|SA_SIGINFO, blocked
   SIGQUIT: 0x0000748eb834b3c0 in libjvm.so+9745344, mask=11100100010111111101111111111110, flags=SA_RESTART|SA_SIGINFO, blocked
   SIGTRAP: 0x0000748eb8430aa0 in libjvm.so+10685088, mask=11100100010111111101111111111110, flags=SA_RESTART|SA_SIGINFO, unblocked


Periodic native trim disabled


---------------  S Y S T E M  ---------------

OS:
DISTRIB_ID="EndeavourOS"
DISTRIB_RELEASE="rolling"
DISTRIB_DESCRIPTION="EndeavourOS Linux"
DISTRIB_CODENAME="rolling"
uname: Linux 6.11.1-arch1-1 #1 SMP PREEMPT_DYNAMIC Mon, 30 Sep 2024 23:49:50 +0000 x86_64
OS uptime: 0 days 10:24 hours
libc: glibc 2.40 NPTL 2.40 
rlimit (soft/hard): STACK 8192k/infinity , CORE infinity/infinity , NPROC 127623/127623 , NOFILE 524288/524288 , AS infinity/infinity , CPU infinity/infinity , DATA infinity/infinity , FSIZE infinity/infinity , MEMLOCK 8192k/8192k
load average: 0.93 1.25 1.24

/proc/meminfo:
MemTotal:       32782568 kB
MemFree:        13357008 kB
MemAvailable:   22855724 kB
Buffers:          920992 kB
Cached:          8600804 kB
SwapCached:            0 kB
Active:         11199244 kB
Inactive:        6554896 kB
Active(anon):    8383436 kB
Inactive(anon):        0 kB
Active(file):    2815808 kB
Inactive(file):  6554896 kB
Unevictable:          32 kB
Mlocked:              32 kB
SwapTotal:             0 kB
SwapFree:              0 kB
Zswap:                 0 kB
Zswapped:              0 kB
Dirty:              4464 kB
Writeback:             0 kB
AnonPages:       8147712 kB
Mapped:          1555160 kB
Shmem:            151808 kB
KReclaimable:     593552 kB
Slab:             827596 kB
SReclaimable:     593552 kB
SUnreclaim:       234044 kB
KernelStack:       35760 kB
PageTables:        82060 kB
SecPageTables:      5384 kB
NFS_Unstable:          0 kB
Bounce:                0 kB
WritebackTmp:          0 kB
CommitLimit:    16391284 kB
Committed_AS:   32610300 kB
VmallocTotal:   34359738367 kB
VmallocUsed:      123124 kB
VmallocChunk:          0 kB
Percpu:            57504 kB
HardwareCorrupted:     0 kB
AnonHugePages:   2283520 kB
ShmemHugePages:        0 kB
ShmemPmdMapped:        0 kB
FileHugePages:    706560 kB
FilePmdMapped:    323584 kB
CmaTotal:              0 kB
CmaFree:               0 kB
Unaccepted:            0 kB
HugePages_Total:       0
HugePages_Free:        0
HugePages_Rsvd:        0
HugePages_Surp:        0
Hugepagesize:       2048 kB
Hugetlb:               0 kB
DirectMap4k:      768280 kB
DirectMap2M:    15929344 kB
DirectMap1G:    16777216 kB

/sys/kernel/mm/transparent_hugepage/enabled: [always] madvise never
/sys/kernel/mm/transparent_hugepage/hpage_pmd_size: 2097152
/sys/kernel/mm/transparent_hugepage/defrag (defrag/compaction efforts parameter): always defer defer+madvise [madvise] never

Process Memory:
Virtual Size: 13102232K (peak: 13102520K)
Resident Set Size: 220208K (peak: 220208K) (anon: 176088K, file: 44120K, shmem: 0K)
Swapped out: 0K
C-Heap outstanding allocations: 92920K, retained: 27343K
glibc malloc tunables: (default)

/proc/sys/kernel/threads-max (system-wide limit on the number of threads): 255246
/proc/sys/vm/max_map_count (maximum number of memory map areas a process may have): 1048576
/proc/sys/vm/swappiness (control to define how aggressively the kernel swaps out anonymous memory): 60
/proc/sys/kernel/pid_max (system-wide limit on number of process identifiers): 4194304

container (cgroup) information:
container_type: cgroupv2
cpu_cpuset_cpus: not supported
cpu_memory_nodes: not supported
active_processor_count: 24
cpu_quota: no quota
cpu_period: 100000
cpu_shares: no shares
memory_limit_in_bytes: unlimited
memory_and_swap_limit_in_bytes: unlimited
memory_soft_limit_in_bytes: unlimited
memory_usage_in_bytes: 14285884 k
memory_max_usage_in_bytes: not supported
memory_swap_current_in_bytes: unlimited
memory_swap_max_limit_in_bytes: unlimited
maximum number of tasks: unlimited
current number of tasks: 1730

Steal ticks since vm start: 0
Steal ticks percentage since vm start:  0.000

CPU: total 24 (initial active 24) (24 cores per cpu, 2 threads per core) family 25 model 33 stepping 2 microcode 0xa20120a, cx8, cmov, fxsr, ht, mmx, 3dnowpref, sse, sse2, sse3, ssse3, sse4a, sse4.1, sse4.2, popcnt, lzcnt, tsc, tscinvbit, avx, avx2, aes, erms, clmul, bmi1, bmi2, adx, sha, fma, vzeroupper, clflush, clflushopt
CPU Model and flags from /proc/cpuinfo:
model name	: AMD Ryzen 9 5900X 12-Core Processor
flags		: fpu vme de pse tsc msr pae mce cx8 apic sep mtrr pge mca cmov pat pse36 clflush mmx fxsr sse sse2 ht syscall nx mmxext fxsr_opt pdpe1gb rdtscp lm constant_tsc rep_good nopl xtopology nonstop_tsc cpuid extd_apicid aperfmperf rapl pni pclmulqdq monitor ssse3 fma cx16 sse4_1 sse4_2 x2apic movbe popcnt aes xsave avx f16c rdrand lahf_lm cmp_legacy svm extapic cr8_legacy abm sse4a misalignsse 3dnowprefetch osvw ibs skinit wdt tce topoext perfctr_core perfctr_nb bpext perfctr_llc mwaitx cpb cat_l3 cdp_l3 hw_pstate ssbd mba ibrs ibpb stibp vmmcall fsgsbase bmi1 avx2 smep bmi2 erms invpcid cqm rdt_a rdseed adx smap clflushopt clwb sha_ni xsaveopt xsavec xgetbv1 xsaves cqm_llc cqm_occup_llc cqm_mbm_total cqm_mbm_local user_shstk clzero irperf xsaveerptr rdpru wbnoinvd arat npt lbrv svm_lock nrip_save tsc_scale vmcb_clean flushbyasid decodeassists pausefilter pfthreshold avic v_vmsave_vmload vgif v_spec_ctrl umip pku ospke vaes vpclmulqdq rdpid overflow_recov succor smca fsrm debug_swap

Online cpus: 0-23
Offline cpus: 
BIOS frequency limitation: <Not Available>
Frequency switch latency (ns): 0
Available cpu frequencies: <Not Available>
Current governor: powersave
Core performance/turbo boost: 1

Memory: 4k page, physical 32782568k(13357008k free), swap 0k(0k free)
Page Sizes: 4k

vm_info: OpenJDK 64-Bit Server VM (17.0.12+7) for linux-amd64 JRE (17.0.12+7), built on Jul 17 2024 13:35:02 by "builduser" with gcc 14.1.1 20240522

END.
