#
# A fatal error has been detected by the Java Runtime Environment:
#
#  SIGSEGV (0xb) at pc=0x0000779ee408b89d, pid=123718, tid=123720
#
# JRE version: OpenJDK Runtime Environment (17.0.12+7) (build 17.0.12+7)
# Java VM: OpenJDK 64-Bit Server VM (17.0.12+7, mixed mode, sharing, tiered, compressed oops, compressed class ptrs, g1 gc, linux-amd64)
# Problematic frame:
# C  [verilator_6990721358639234058.so+0x3089d]  sc_time_stamp()+0x14
#
# Core dump will be written. Default location: Core dumps may be processed with "/usr/lib/systemd/systemd-coredump %P %u %g %s %t %c %h" (or dumping to /home/mahir/fun/CPU/nebula-risc-v/core.123718)
#
# If you would like to submit a bug report, please visit:
#   https://bugreport.java.com/bugreport/crash.jsp
# The crash happened outside the Java Virtual Machine in native code.
# See problematic frame for where to report the bug.
#

---------------  S U M M A R Y ------------

Command Line: -Duser.dir=/home/mahir/fun/CPU/nebula-risc-v nebula.test.decoder_test

Host: AMD Ryzen 9 5900X 12-Core Processor, 24 cores, 31G, EndeavourOS Linux
Time: Tue Oct  8 21:28:16 2024 BST elapsed time: 0.896941 seconds (0d 0h 0m 0s)

---------------  T H R E A D  ---------------

Current thread (0x0000779f10015980):  JavaThread "main" [_thread_in_native, id=123720, stack(0x0000779f15b00000,0x0000779f15c00000)]

Stack: [0x0000779f15b00000,0x0000779f15c00000],  sp=0x0000779f15bfdd30,  free space=1015k
Native frames: (J=compiled Java code, j=interpreted, Vv=VM code, C=native code)
C  [verilator_6990721358639234058.so+0x3089d]  sc_time_stamp()+0x14
C  [verilator_6990721358639234058.so+0x47185]  VerilatedContext::time() const+0x31
C  [verilator_6990721358639234058.so+0x401b0]  VerilatedContext::addModel(VerilatedModel*)+0xa0
C  [verilator_6990721358639234058.so+0x76a14]  VdecoderForTest::VdecoderForTest(VerilatedContext*, char const*)+0x108
C  [verilator_6990721358639234058.so+0x76aff]  VdecoderForTest::VdecoderForTest(char const*)+0x2b

Java frames: (J=compiled Java code, j=interpreted, Vv=VM code)
j  wrapper_verilator.VerilatorNative.newHandle_6990721358639234058(Ljava/lang/String;Ljava/lang/String;I)J+0
j  wrapper_verilator.VerilatorNative.newHandle(Ljava/lang/String;Ljava/lang/String;I)J+4
j  spinal.sim.VerilatorBackend.instanciate(Ljava/lang/String;I)J+135
j  spinal.core.sim.SpinalSimConfig$$anon$3.newSimRaw(Ljava/lang/String;I)Lspinal/sim/SimRaw;+14
j  spinal.core.sim.SimCompiled.doSimApi(Ljava/lang/String;IZLscala/Function1;)V+47
j  spinal.core.sim.SimCompiled.doSim(Lscala/Function1;)V+23
j  nebula.test.decoder_test$.delayedEndpoint$nebula$test$decoder_test$1()V+22
j  nebula.test.decoder_test$delayedInit$body.apply()Ljava/lang/Object;+4
j  scala.Function0.apply$mcV$sp()V+1
j  scala.Function0.apply$mcV$sp$(Lscala/Function0;)V+1
j  scala.runtime.AbstractFunction0.apply$mcV$sp()V+1
j  scala.App.$anonfun$main$1$adapted(Lscala/Function0;)Ljava/lang/Object;+1
j  scala.App$$Lambda$5+0x0000779e88036fe0.apply(Ljava/lang/Object;)Ljava/lang/Object;+4
j  scala.collection.immutable.List.foreach(Lscala/Function1;)V+14
j  scala.App.main([Ljava/lang/String;)V+33
j  scala.App.main$(Lscala/App;[Ljava/lang/String;)V+2
j  nebula.test.decoder_test$.main([Ljava/lang/String;)V+2
j  nebula.test.decoder_test.main([Ljava/lang/String;)V+4
v  ~StubRoutines::call_stub

siginfo: si_signo: 11 (SIGSEGV), si_code: 1 (SEGV_MAPERR), si_addr: 0x0000000000000008

Registers:
RAX=0x0000000000000000, RBX=0x0000779f109ee7c0, RCX=0x0000000001461af2, RDX=0x00005e4d848e4f90
RSP=0x0000779f15bfdd30, RBP=0x0000779f15bfdd40, RSI=0x0000000000000000, RDI=0x0000779ee40f7f08
R8 =0x0006742b2247cdc8, R9 =0x0000000000000001, R10=0x0000000000000000, R11=0x0000779f17203080
R12=0x0000779f109ee740, R13=0x0000000000000001, R14=0x0000779f109ee030, R15=0x0000779f10cd4fe0
RIP=0x0000779ee408b89d, EFLAGS=0x0000000000010206, CSGSFS=0x002b000000000033, ERR=0x0000000000000004
  TRAPNO=0x000000000000000e


Register to memory mapping:

RAX=0x0 is NULL
RBX=0x0000779f109ee7c0 points into unknown readable memory: 0x0000779ee40fa440 | 40 a4 0f e4 9e 77 00 00
RCX=0x0000000001461af2 is an unknown value
RDX=0x00005e4d848e4f90 points into unknown readable memory: 0x0000000000000004 | 04 00 00 00 00 00 00 00
RSP=0x0000779f15bfdd30 is pointing into the stack for thread: 0x0000779f10015980
RBP=0x0000779f15bfdd40 is pointing into the stack for thread: 0x0000779f10015980
RSI=0x0 is NULL
RDI=0x0000779ee40f7f08: <offset 0x000000000009cf08> in /home/mahir/fun/CPU/nebula-risc-v/simWorkspace/decoderForTest/verilator/verilator_6990721358639234058.so at 0x0000779ee405b000
R8 =0x0006742b2247cdc8 is an unknown value
R9 =0x0000000000000001 is an unknown value
R10=0x0 is NULL
R11=0x0000779f17203080 points into unknown readable memory: 0x0000000101461af4 | f4 1a 46 01 01 00 00 00
R12=0x0000779f109ee740 points into unknown readable memory: 0x0000779ee40f7798 | 98 77 0f e4 9e 77 00 00
R13=0x0000000000000001 is an unknown value
R14=0x0000779f109ee030 points into unknown readable memory: 0x0000779ee40f7680 | 80 76 0f e4 9e 77 00 00
R15=0x0000779f10cd4fe0 points into unknown readable memory: 0x0000000074736574 | 74 65 73 74 00 00 00 00


Top of Stack: (sp=0x0000779f15bfdd30)
0x0000779f15bfdd30:   0000000000000001 0000779ee40a211b
0x0000779f15bfdd40:   0000779f15bfdd60 0000779ee40a2185
0x0000779f15bfdd50:   0000779ee40fa440 0000779ee40fa440
0x0000779f15bfdd60:   0000779f15bfdf40 0000779ee409b1b0
0x0000779f15bfdd70:   0000779f109ee740 0000779ee40fa440
0x0000779f15bfdd80:   0000000000000000 0000779ee40fa440
0x0000779f15bfdd90:   9999999999999999 0000000000000000
0x0000779f15bfdda0:   2020202020202020 0000779ee40fa440
0x0000779f15bfddb0:   0000779f15bfdde0 0000779ee409cfbd
0x0000779f15bfddc0:   0000000000000000 2276b914e40fa440
0x0000779f15bfddd0:   0000779f15bfdde0 0000779ee40a2f0d
0x0000779f15bfdde0:   0000779f15bfde00 0000779ee408e45c
0x0000779f15bfddf0:   0000000000000001 0000779f109ee7c0
0x0000779f15bfde00:   0000779f109ee740 0000000000000001
0x0000779f15bfde10:   0000779f109ee030 0000779f10cd4fe0
0x0000779f15bfde20:   0000779f15bfde40 0000779ee40a1c12
0x0000779f15bfde30:   0000779f15bfde40 0000779ee40fa440
0x0000779f15bfde40:   0000779f15bfde60 0000779ee40a1cee
0x0000779f15bfde50:   0000779f15bfde70 0000779ee40a1c41
0x0000779f15bfde60:   0000779f15bfde80 0000779ee40fa440
0x0000779f15bfde70:   0000779f15bfde90 0000779ee40a1d0e
0x0000779f15bfde80:   0000779f15bfdeb0 0000779ee40fa440
0x0000779f15bfde90:   0000779f15bfdeb0 0000779ee40a1d94
0x0000779f15bfdea0:   0000779f109ee7c0 0000779ee40fa440
0x0000779f15bfdeb0:   0000779f15bfded0 0000779ee40a1df7
0x0000779f15bfdec0:   0000779ee40fa440 0000779f15bfdef0
0x0000779f15bfded0:   0000779f15bfdf00 0000779ee40d3212
0x0000779f15bfdee0:   0000000c00800000 0000779ee40fa440
0x0000779f15bfdef0:   00007701e40fa440 0000779f109ee880
0x0000779f15bfdf00:   0000779f15bfdf40 0000779ee40d313f
0x0000779f15bfdf10:   0000779f109ee740 0000779ee40d5000
0x0000779f15bfdf20:   0000779ee40fa440 222c1324bfd08900 

Instructions: (pc=0x0000779ee408b89d)
0x0000779ee408b79d:   b8 ff ff ff 25 12 ec 06 00 68 77 04 00 00 e9 70
0x0000779ee408b7ad:   b8 ff ff ff 25 92 c7 06 00 66 90 ff 25 fa c7 06
0x0000779ee408b7bd:   00 66 90 48 8d 3d 51 ec 06 00 48 8d 05 4a ec 06
0x0000779ee408b7cd:   00 48 39 f8 74 15 48 8b 05 ce c7 06 00 48 85 c0
0x0000779ee408b7dd:   74 09 ff e0 0f 1f 80 00 00 00 00 c3 0f 1f 80 00
0x0000779ee408b7ed:   00 00 00 48 8d 3d 21 ec 06 00 48 8d 35 1a ec 06
0x0000779ee408b7fd:   00 48 29 fe 48 89 f0 48 c1 ee 3f 48 c1 f8 03 48
0x0000779ee408b80d:   01 c6 48 d1 fe 74 14 48 8b 05 bd c7 06 00 48 85
0x0000779ee408b81d:   c0 74 08 ff e0 66 0f 1f 44 00 00 c3 0f 1f 80 00
0x0000779ee408b82d:   00 00 00 f3 0f 1e fa 80 3d e5 eb 06 00 00 75 33
0x0000779ee408b83d:   55 48 83 3d ea c6 06 00 00 48 89 e5 74 0d 48 8b
0x0000779ee408b84d:   3d 6e eb 06 00 ff 15 d8 c6 06 00 e8 63 ff ff ff
0x0000779ee408b85d:   c6 05 bc eb 06 00 01 5d c3 66 2e 0f 1f 84 00 00
0x0000779ee408b86d:   00 00 00 c3 66 66 2e 0f 1f 84 00 00 00 00 00 0f
0x0000779ee408b87d:   1f 40 00 f3 0f 1e fa e9 67 ff ff ff 52 48 8d 3d
0x0000779ee408b88d:   77 c6 06 00 e8 4a f4 ff ff 48 8b 80 00 00 00 00
0x0000779ee408b89d:   48 8b 40 08 48 85 c0 78 07 f2 48 0f 2a c0 eb 15
0x0000779ee408b8ad:   48 89 c2 83 e0 01 48 d1 ea 48 09 c2 f2 48 0f 2a
0x0000779ee408b8bd:   c2 f2 0f 58 c0 58 c3 50 89 f2 31 c0 48 89 fe 48
0x0000779ee408b8cd:   8d 3d 6d 97 04 00 e8 58 b8 ff ff e8 8a 03 00 00
0x0000779ee408b8dd:   be 01 00 00 00 5a 48 89 c7 e9 eb ee 00 00 41 57
0x0000779ee408b8ed:   41 56 49 89 d6 41 55 41 54 49 89 cc 55 53 48 89
0x0000779ee408b8fd:   fb 49 63 f8 48 83 ec 18 89 7c 24 0c e8 f2 f2 ff
0x0000779ee408b90d:   ff 48 8b 03 31 d2 4c 89 f6 48 89 df ff 90 48 05
0x0000779ee408b91d:   00 00 31 d2 4c 89 e6 48 89 df 49 89 c7 48 8b 03
0x0000779ee408b92d:   ff 90 48 05 00 00 bf 80 04 00 00 49 89 c5 e8 e0
0x0000779ee408b93d:   db ff ff 8b 4c 24 0c 4c 89 ea 4c 89 fe 48 89 c7
0x0000779ee408b94d:   48 89 c5 e8 01 04 00 00 48 8b 03 4c 89 fa 4c 89
0x0000779ee408b95d:   f6 48 89 df ff 90 50 05 00 00 48 8b 03 4c 89 ea
0x0000779ee408b96d:   4c 89 e6 48 89 df ff 90 50 05 00 00 48 83 c4 18
0x0000779ee408b97d:   48 89 e8 5b 5d 41 5c 41 5d 41 5e 41 5f c3 48 89
0x0000779ee408b98d:   c3 48 89 ef be 80 04 00 00 e8 25 dc ff ff 48 89 


Stack slot to memory mapping:
stack at sp + 0 slots: 0x0000000000000001 is an unknown value
stack at sp + 1 slots: 0x0000779ee40a211b: <offset 0x000000000004711b> in /home/mahir/fun/CPU/nebula-risc-v/simWorkspace/decoderForTest/verilator/verilator_6990721358639234058.so at 0x0000779ee405b000
stack at sp + 2 slots: 0x0000779f15bfdd60 is pointing into the stack for thread: 0x0000779f10015980
stack at sp + 3 slots: 0x0000779ee40a2185: <offset 0x0000000000047185> in /home/mahir/fun/CPU/nebula-risc-v/simWorkspace/decoderForTest/verilator/verilator_6990721358639234058.so at 0x0000779ee405b000
stack at sp + 4 slots: 0x0000779ee40fa440: <offset 0x000000000009f440> in /home/mahir/fun/CPU/nebula-risc-v/simWorkspace/decoderForTest/verilator/verilator_6990721358639234058.so at 0x0000779ee405b000
stack at sp + 5 slots: 0x0000779ee40fa440: <offset 0x000000000009f440> in /home/mahir/fun/CPU/nebula-risc-v/simWorkspace/decoderForTest/verilator/verilator_6990721358639234058.so at 0x0000779ee405b000
stack at sp + 6 slots: 0x0000779f15bfdf40 is pointing into the stack for thread: 0x0000779f10015980
stack at sp + 7 slots: 0x0000779ee409b1b0: <offset 0x00000000000401b0> in /home/mahir/fun/CPU/nebula-risc-v/simWorkspace/decoderForTest/verilator/verilator_6990721358639234058.so at 0x0000779ee405b000


---------------  P R O C E S S  ---------------

Threads class SMR info:
_java_thread_list=0x0000779d9c001e50, length=23, elements={
0x0000779f10015980, 0x0000779f1016d3a0, 0x0000779f1016e7a0, 0x0000779f10173d10,
0x0000779f101750e0, 0x0000779f10176510, 0x0000779f10177f60, 0x0000779f101794b0,
0x0000779f1017a940, 0x0000779f10182770, 0x0000779f10185ee0, 0x0000779e58075a20,
0x0000779e34039f70, 0x0000779e3403b100, 0x0000779e28077a40, 0x0000779f105ca290,
0x0000779f105aeaa0, 0x0000779e2c088f60, 0x0000779e2c08c2a0, 0x0000779e200083b0,
0x0000779e2808b870, 0x0000779e2c1402e0, 0x0000779d9c000e50
}

Java Threads: ( => current thread )
=>0x0000779f10015980 JavaThread "main" [_thread_in_native, id=123720, stack(0x0000779f15b00000,0x0000779f15c00000)]
  0x0000779f1016d3a0 JavaThread "Reference Handler" daemon [_thread_blocked, id=123727, stack(0x0000779edf2f4000,0x0000779edf3f4000)]
  0x0000779f1016e7a0 JavaThread "Finalizer" daemon [_thread_blocked, id=123728, stack(0x0000779edf1f3000,0x0000779edf2f3000)]
  0x0000779f10173d10 JavaThread "Signal Dispatcher" daemon [_thread_blocked, id=123729, stack(0x0000779edf0f2000,0x0000779edf1f2000)]
  0x0000779f101750e0 JavaThread "Service Thread" daemon [_thread_blocked, id=123730, stack(0x0000779eded00000,0x0000779edee00000)]
  0x0000779f10176510 JavaThread "Monitor Deflation Thread" daemon [_thread_blocked, id=123731, stack(0x0000779edebff000,0x0000779edecff000)]
  0x0000779f10177f60 JavaThread "C2 CompilerThread0" daemon [_thread_blocked, id=123732, stack(0x0000779edeafe000,0x0000779edebfe000)]
  0x0000779f101794b0 JavaThread "C1 CompilerThread0" daemon [_thread_blocked, id=123733, stack(0x0000779ede9fd000,0x0000779edeafd000)]
  0x0000779f1017a940 JavaThread "Sweeper thread" daemon [_thread_blocked, id=123734, stack(0x0000779ede8fc000,0x0000779ede9fc000)]
  0x0000779f10182770 JavaThread "Notification Thread" daemon [_thread_blocked, id=123735, stack(0x0000779ede7fb000,0x0000779ede8fb000)]
  0x0000779f10185ee0 JavaThread "Common-Cleaner" daemon [_thread_blocked, id=123737, stack(0x0000779ede5f9000,0x0000779ede6f9000)]
  0x0000779e58075a20 JavaThread "C1 CompilerThread1" daemon [_thread_blocked, id=123738, stack(0x0000779ede4f8000,0x0000779ede5f8000)]
  0x0000779e34039f70 JavaThread "C1 CompilerThread2" daemon [_thread_blocked, id=123739, stack(0x0000779ede3f7000,0x0000779ede4f7000)]
  0x0000779e3403b100 JavaThread "C1 CompilerThread3" daemon [_thread_blocked, id=123740, stack(0x0000779ede2f6000,0x0000779ede3f6000)]
  0x0000779e28077a40 JavaThread "C2 CompilerThread1" daemon [_thread_blocked, id=123741, stack(0x0000779ede1f5000,0x0000779ede2f5000)]
  0x0000779f105ca290 JavaThread "process reaper" daemon [_thread_blocked, id=123754, stack(0x0000779ef91de000,0x0000779ef9200000)]
  0x0000779f105aeaa0 JavaThread "JNA Cleaner" daemon [_thread_blocked, id=123755, stack(0x0000779edd5e9000,0x0000779edd6e9000)]
  0x0000779e2c088f60 JavaThread "C2 CompilerThread2" daemon [_thread_blocked, id=123759, stack(0x0000779edd100000,0x0000779edd200000)]
  0x0000779e2c08c2a0 JavaThread "C2 CompilerThread3" daemon [_thread_in_native, id=123760, stack(0x0000779edcfff000,0x0000779edd0ff000)]
  0x0000779e200083b0 JavaThread "C2 CompilerThread4" daemon [_thread_blocked, id=123761, stack(0x0000779edcefe000,0x0000779edcffe000)]
  0x0000779e2808b870 JavaThread "C2 CompilerThread5" daemon [_thread_blocked, id=123762, stack(0x0000779edcdfd000,0x0000779edcefd000)]
  0x0000779e2c1402e0 JavaThread "C2 CompilerThread6" daemon [_thread_blocked, id=123779, stack(0x0000779edc9f9000,0x0000779edcaf9000)]
  0x0000779d9c000e50 JavaThread "C2 CompilerThread7" daemon [_thread_blocked, id=123780, stack(0x0000779edc8f8000,0x0000779edc9f8000)]

Other Threads:
  0x0000779f10169400 VMThread "VM Thread" [stack: 0x0000779edf3f5000,0x0000779edf4f5000] [id=123726]
  0x0000779f101840d0 WatcherThread [stack: 0x0000779ede6fa000,0x0000779ede7fa000] [id=123736]
  0x0000779f10045c60 GCTaskThread "GC Thread#0" [stack: 0x0000779f1451d000,0x0000779f1461d000] [id=123721]
  0x0000779e7c007ef0 GCTaskThread "GC Thread#1" [stack: 0x0000779ede0f4000,0x0000779ede1f4000] [id=123742]
  0x0000779e7c008910 GCTaskThread "GC Thread#2" [stack: 0x0000779eddff3000,0x0000779ede0f3000] [id=123743]
  0x0000779e7c009330 GCTaskThread "GC Thread#3" [stack: 0x0000779eddef2000,0x0000779eddff2000] [id=123744]
  0x0000779e7c009d50 GCTaskThread "GC Thread#4" [stack: 0x0000779edddf1000,0x0000779eddef1000] [id=123745]
  0x0000779e7c00a770 GCTaskThread "GC Thread#5" [stack: 0x0000779eddcf0000,0x0000779edddf0000] [id=123746]
  0x0000779e7c00b1c0 GCTaskThread "GC Thread#6" [stack: 0x0000779eddbef000,0x0000779eddcef000] [id=123747]
  0x0000779e7c00bc10 GCTaskThread "GC Thread#7" [stack: 0x0000779eddaee000,0x0000779eddbee000] [id=123748]
  0x0000779e7c00c680 GCTaskThread "GC Thread#8" [stack: 0x0000779edd9ed000,0x0000779eddaed000] [id=123749]
  0x0000779e7c00d110 GCTaskThread "GC Thread#9" [stack: 0x0000779edd8ec000,0x0000779edd9ec000] [id=123750]
  0x0000779e7c00dba0 GCTaskThread "GC Thread#10" [stack: 0x0000779edd7eb000,0x0000779edd8eb000] [id=123751]
  0x0000779e7c00e630 GCTaskThread "GC Thread#11" [stack: 0x0000779edd6ea000,0x0000779edd7ea000] [id=123752]
  0x0000779f10056ce0 ConcurrentGCThread "G1 Main Marker" [stack: 0x0000779f1441c000,0x0000779f1451c000] [id=123722]
  0x0000779f10057c70 ConcurrentGCThread "G1 Conc#0" [stack: 0x0000779f1431b000,0x0000779f1441b000] [id=123723]
  0x0000779ed8000ea0 ConcurrentGCThread "G1 Conc#1" [stack: 0x0000779edccfc000,0x0000779edcdfc000] [id=123775]
  0x0000779ed8001500 ConcurrentGCThread "G1 Conc#2" [stack: 0x0000779edcbfb000,0x0000779edccfb000] [id=123776]
  0x0000779ed8001b10 ConcurrentGCThread "G1 Conc#3" [stack: 0x0000779edd4e8000,0x0000779edd5e8000] [id=123777]
  0x0000779ed8002150 ConcurrentGCThread "G1 Conc#4" [stack: 0x0000779edcafa000,0x0000779edcbfa000] [id=123778]
  0x0000779f101389f0 ConcurrentGCThread "G1 Refine#0" [stack: 0x0000779edf5f7000,0x0000779edf6f7000] [id=123724]
  0x0000779f10139900 ConcurrentGCThread "G1 Service" [stack: 0x0000779edf4f6000,0x0000779edf5f6000] [id=123725]

Threads with active compile tasks:
C2 CompilerThread3      900 3622       4       jdk.internal.org.objectweb.asm.SymbolTable::addConstantMemberReference (147 bytes)

VM state: not at safepoint (normal execution)

VM Mutex/Monitor currently owned by a thread: None

Heap address: 0x000000060bc00000, size: 8004 MB, Compressed Oops mode: Zero based, Oop shift amount: 3

CDS archive(s) mapped at: [0x0000779e87000000-0x0000779e87bc7000-0x0000779e87bc7000), size 12349440, SharedBaseAddress: 0x0000779e87000000, ArchiveRelocationMode: 1.
Compressed class space mapped at: 0x0000779e88000000-0x0000779ec8000000, reserved size: 1073741824
Narrow klass base: 0x0000779e87000000, Narrow klass shift: 0, Narrow klass range: 0x100000000

GC Precious Log:
 CPUs: 24 total, 24 available
 Memory: 32014M
 Large Page Support: Disabled
 NUMA Support: Disabled
 Compressed Oops: Enabled (Zero based)
 Heap Region Size: 4M
 Heap Min Capacity: 8M
 Heap Initial Capacity: 504M
 Heap Max Capacity: 8004M
 Pre-touch: Disabled
 Parallel Workers: 18
 Concurrent Workers: 5
 Concurrent Refinement Workers: 18
 Periodic GC: Disabled

Heap:
 garbage-first heap   total 69632K, used 34948K [0x000000060bc00000, 0x0000000800000000)
  region size 4096K, 9 young (36864K), 1 survivors (4096K)
 Metaspace       used 26698K, committed 27008K, reserved 1114112K
  class space    used 3651K, committed 3776K, reserved 1048576K

Heap Regions: E=young(eden), S=young(survivor), O=old, HS=humongous(starts), HC=humongous(continues), CS=collection set, F=free, OA=open archive, CA=closed archive, TAMS=top-at-mark-start (previous, next)
|   0|0x000000060bc00000, 0x000000060bf6b600, 0x000000060c000000| 85%| O|  |TAMS 0x000000060bf6b600, 0x000000060bc00000| Complete 
|   1|0x000000060c000000, 0x000000060c000000, 0x000000060c400000|  0%| F|  |TAMS 0x000000060c000000, 0x000000060c000000| Untracked 
|   2|0x000000060c400000, 0x000000060c400000, 0x000000060c800000|  0%| F|  |TAMS 0x000000060c400000, 0x000000060c400000| Untracked 
|   3|0x000000060c800000, 0x000000060c800000, 0x000000060cc00000|  0%| F|  |TAMS 0x000000060c800000, 0x000000060c800000| Untracked 
|   4|0x000000060cc00000, 0x000000060cc00000, 0x000000060d000000|  0%| F|  |TAMS 0x000000060cc00000, 0x000000060cc00000| Untracked 
|   5|0x000000060d000000, 0x000000060d000000, 0x000000060d400000|  0%| F|  |TAMS 0x000000060d000000, 0x000000060d000000| Untracked 
|   6|0x000000060d400000, 0x000000060d800000, 0x000000060d800000|100%| E|  |TAMS 0x000000060d400000, 0x000000060d400000| Complete 
|   7|0x000000060d800000, 0x000000060dc00000, 0x000000060dc00000|100%| E|CS|TAMS 0x000000060d800000, 0x000000060d800000| Complete 
|   8|0x000000060dc00000, 0x000000060e000000, 0x000000060e000000|100%| E|CS|TAMS 0x000000060dc00000, 0x000000060dc00000| Complete 
|   9|0x000000060e000000, 0x000000060e400000, 0x000000060e400000|100%| E|CS|TAMS 0x000000060e000000, 0x000000060e000000| Complete 
|  10|0x000000060e400000, 0x000000060e800000, 0x000000060e800000|100%| E|CS|TAMS 0x000000060e400000, 0x000000060e400000| Complete 
|  11|0x000000060e800000, 0x000000060ec00000, 0x000000060ec00000|100%| E|CS|TAMS 0x000000060e800000, 0x000000060e800000| Complete 
|  12|0x000000060ec00000, 0x000000060f000000, 0x000000060f000000|100%| E|CS|TAMS 0x000000060ec00000, 0x000000060ec00000| Complete 
| 115|0x0000000628800000, 0x0000000628ac9c50, 0x0000000628c00000| 69%| S|CS|TAMS 0x0000000628800000, 0x0000000628800000| Complete 
| 125|0x000000062b000000, 0x000000062b400000, 0x000000062b400000|100%| E|  |TAMS 0x000000062b000000, 0x000000062b000000| Complete 
|1999|0x00000007ff800000, 0x00000007ffb75000, 0x00000007ffc00000| 86%|OA|  |TAMS 0x00000007ffb75000, 0x00000007ff800000| Untracked 
|2000|0x00000007ffc00000, 0x00000007ffc77000, 0x0000000800000000| 11%|CA|  |TAMS 0x00000007ffc77000, 0x00000007ffc00000| Untracked 

Card table byte_map: [0x0000779ef7200000,0x0000779ef81a2000] _byte_map_base: 0x0000779ef41a2000

Marking Bits (Prev, Next): (CMBitMap*) 0x0000779f10046740, (CMBitMap*) 0x0000779f10046700
 Prev Bits: [0x0000779ee6600000, 0x0000779eee310000)
 Next Bits: [0x0000779eee400000, 0x0000779ef6110000)

Polling page: 0x0000779f171e8000

Metaspace:

Usage:
  Non-class:     22.51 MB used.
      Class:      3.57 MB used.
       Both:     26.07 MB used.

Virtual space:
  Non-class space:       64.00 MB reserved,      22.69 MB ( 35%) committed,  1 nodes.
      Class space:        1.00 GB reserved,       3.69 MB ( <1%) committed,  1 nodes.
             Both:        1.06 GB reserved,      26.38 MB (  2%) committed. 

Chunk freelists:
   Non-Class:  9.34 MB
       Class:  12.36 MB
        Both:  21.70 MB

MaxMetaspaceSize: unlimited
CompressedClassSpaceSize: 1.00 GB
Initial GC threshold: 21.00 MB
Current GC threshold: 35.31 MB
CDS: on
MetaspaceReclaimPolicy: balanced
 - commit_granule_bytes: 65536.
 - commit_granule_words: 8192.
 - virtual_space_node_default_size: 8388608.
 - enlarge_chunks_in_place: 1.
 - new_chunks_are_fully_committed: 0.
 - uncommit_free_chunks: 1.
 - use_allocation_guard: 0.
 - handle_deallocations: 1.


Internal statistics:

num_allocs_failed_limit: 3.
num_arena_births: 224.
num_arena_deaths: 0.
num_vsnodes_births: 2.
num_vsnodes_deaths: 0.
num_space_committed: 422.
num_space_uncommitted: 0.
num_chunks_returned_to_freelist: 3.
num_chunks_taken_from_freelist: 1100.
num_chunk_merges: 0.
num_chunk_splits: 832.
num_chunks_enlarged: 707.
num_inconsistent_stats: 0.

CodeHeap 'non-profiled nmethods': size=119168Kb used=1548Kb max_used=1548Kb free=117619Kb
 bounds [0x0000779f00da0000, 0x0000779f01010000, 0x0000779f08200000]
CodeHeap 'profiled nmethods': size=119164Kb used=7015Kb max_used=7015Kb free=112148Kb
 bounds [0x0000779ef9200000, 0x0000779ef98e0000, 0x0000779f0065f000]
CodeHeap 'non-nmethods': size=7428Kb used=2932Kb max_used=2995Kb free=4496Kb
 bounds [0x0000779f0065f000, 0x0000779f0095f000, 0x0000779f00da0000]
 total_blobs=4316 nmethods=3761 adapters=465
 compilation: enabled
              stopped_count=0, restarted_count=0
 full_count=0

Compilation events (20 events):
Event: 0.894 Thread 0x0000779f101794b0 nmethod 3752 0x0000779ef98d2a90 code [0x0000779ef98d2c40, 0x0000779ef98d2df0]
Event: 0.894 Thread 0x0000779e3403b100 nmethod 3753 0x0000779f00f21990 code [0x0000779f00f21b20, 0x0000779f00f21bf0]
Event: 0.895 Thread 0x0000779e3403b100 3754       1       scala.collection.immutable.HashMap$HashMap1::hash (5 bytes)
Event: 0.895 Thread 0x0000779e3403b100 nmethod 3754 0x0000779f00f21c90 code [0x0000779f00f21e20, 0x0000779f00f21ef0]
Event: 0.895 Thread 0x0000779e34039f70 3755       3       scala.collection.immutable.HashMap$HashMapBuilder::addOne (415 bytes)
Event: 0.895 Thread 0x0000779e200083b0 nmethod 3729 0x0000779f00f21f90 code [0x0000779f00f22160, 0x0000779f00f22a78]
Event: 0.895 Thread 0x0000779e58075a20 3756       3       scala.collection.immutable.AbstractMap::<init> (21 bytes)
Event: 0.895 Thread 0x0000779e3403b100 3757       3       scala.collection.immutable.MapLike::$init$ (1 bytes)
Event: 0.895 Thread 0x0000779f101794b0 3758       3       scala.collection.immutable.Map::$init$ (1 bytes)
Event: 0.896 Thread 0x0000779f101794b0 nmethod 3758 0x0000779ef98d2e90 code [0x0000779ef98d3020, 0x0000779ef98d3110]
Event: 0.896 Thread 0x0000779f101794b0 3761       3       scala.collection.immutable.HashMap$HashTrieMap::size (5 bytes)
Event: 0.896 Thread 0x0000779e3403b100 nmethod 3757 0x0000779ef98d3190 code [0x0000779ef98d3320, 0x0000779ef98d3410]
Event: 0.896 Thread 0x0000779e3403b100 3760       3       scala.collection.immutable.HashMap$HashMapBuilder::isMutable (19 bytes)
Event: 0.896 Thread 0x0000779f101794b0 nmethod 3761 0x0000779ef98d3490 code [0x0000779ef98d3620, 0x0000779ef98d3730]
Event: 0.896 Thread 0x0000779f101794b0 3762       1       scala.collection.immutable.HashMap$HashMap1::size (2 bytes)
Event: 0.896 Thread 0x0000779f101794b0 nmethod 3762 0x0000779f00f22e90 code [0x0000779f00f23020, 0x0000779f00f230f0]
Event: 0.896 Thread 0x0000779e3403b100 nmethod 3760 0x0000779ef98d3810 code [0x0000779ef98d39c0, 0x0000779ef98d3d20]
Event: 0.896 Thread 0x0000779e3403b100 3759       3       scala.collection.immutable.HashMap::<init> (9 bytes)
Event: 0.896 Thread 0x0000779e58075a20 nmethod 3756 0x0000779ef98d3e10 code [0x0000779ef98d4020, 0x0000779ef98d4660]
Event: 0.896 Thread 0x0000779e3403b100 nmethod 3759 0x0000779ef98d4910 code [0x0000779ef98d4b40, 0x0000779ef98d5240]

GC Heap History (6 events):
Event: 0.203 GC heap before
{Heap before GC invocations=0 (full 0):
 garbage-first heap   total 524288K, used 28592K [0x000000060bc00000, 0x0000000800000000)
  region size 4096K, 6 young (24576K), 0 survivors (0K)
 Metaspace       used 7808K, committed 7936K, reserved 1114112K
  class space    used 968K, committed 1024K, reserved 1048576K
}
Event: 0.206 GC heap after
{Heap after GC invocations=1 (full 0):
 garbage-first heap   total 524288K, used 7791K [0x000000060bc00000, 0x0000000800000000)
  region size 4096K, 1 young (4096K), 1 survivors (4096K)
 Metaspace       used 7808K, committed 7936K, reserved 1114112K
  class space    used 968K, committed 1024K, reserved 1048576K
}
Event: 0.370 GC heap before
{Heap before GC invocations=1 (full 0):
 garbage-first heap   total 524288K, used 36463K [0x000000060bc00000, 0x0000000800000000)
  region size 4096K, 8 young (32768K), 1 survivors (4096K)
 Metaspace       used 13339K, committed 13504K, reserved 1114112K
  class space    used 1657K, committed 1728K, reserved 1048576K
}
Event: 0.374 GC heap after
{Heap after GC invocations=2 (full 0):
 garbage-first heap   total 524288K, used 8840K [0x000000060bc00000, 0x0000000800000000)
  region size 4096K, 1 young (4096K), 1 survivors (4096K)
 Metaspace       used 13339K, committed 13504K, reserved 1114112K
  class space    used 1657K, committed 1728K, reserved 1048576K
}
Event: 0.678 GC heap before
{Heap before GC invocations=2 (full 0):
 garbage-first heap   total 524288K, used 41608K [0x000000060bc00000, 0x0000000800000000)
  region size 4096K, 10 young (40960K), 1 survivors (4096K)
 Metaspace       used 21239K, committed 21504K, reserved 1114112K
  class space    used 2992K, committed 3072K, reserved 1048576K
}
Event: 0.681 GC heap after
{Heap after GC invocations=3 (full 0):
 garbage-first heap   total 524288K, used 10372K [0x000000060bc00000, 0x0000000800000000)
  region size 4096K, 1 young (4096K), 1 survivors (4096K)
 Metaspace       used 21239K, committed 21504K, reserved 1114112K
  class space    used 2992K, committed 3072K, reserved 1048576K
}

Dll operation events (8 events):
Event: 0.001 Loaded shared library /usr/lib/jvm/java-17-openjdk/lib/libjava.so
Event: 0.011 Loaded shared library /usr/lib/jvm/java-17-openjdk/lib/libjsvml.so
Event: 0.017 Loaded shared library /usr/lib/jvm/java-17-openjdk/lib/libnio.so
Event: 0.018 Loaded shared library /usr/lib/jvm/java-17-openjdk/lib/libzip.so
Event: 0.047 Loaded shared library /usr/lib/jvm/java-17-openjdk/lib/libjimage.so
Event: 0.250 Loaded shared library /home/mahir/.cache/JNA/temp/jna12500907382062276444.tmp
Event: 0.271 Loaded shared library /usr/lib/jvm/java-17-openjdk/lib/libnet.so
Event: 0.894 Loaded shared library /home/mahir/fun/CPU/nebula-risc-v/simWorkspace/decoderForTest/verilator/verilator_6990721358639234058.so

Deoptimization events (20 events):
Event: 0.881 Thread 0x0000779f10015980 Uncommon trap: trap_request=0xffffffc6 fr.pc=0x0000779f00ece128 relative=0x00000000000012e8
Event: 0.881 Thread 0x0000779f10015980 Uncommon trap: reason=bimorphic_or_optimized_type_check action=maybe_recompile pc=0x0000779f00ece128 method=java.util.HashMap.putVal(ILjava/lang/Object;Ljava/lang/Object;ZZ)Ljava/lang/Object; @ 56 c2
Event: 0.881 Thread 0x0000779f10015980 DEOPT PACKING pc=0x0000779f00ece128 sp=0x0000779f15bfd7e0
Event: 0.881 Thread 0x0000779f10015980 DEOPT UNPACKING pc=0x0000779f006b5699 sp=0x0000779f15bfd710 mode 2
Event: 0.884 Thread 0x0000779f10015980 Uncommon trap: trap_request=0xffffffc6 fr.pc=0x0000779f00ece2e0 relative=0x00000000000014a0
Event: 0.884 Thread 0x0000779f10015980 Uncommon trap: reason=bimorphic_or_optimized_type_check action=maybe_recompile pc=0x0000779f00ece2e0 method=java.util.HashMap.putVal(ILjava/lang/Object;Ljava/lang/Object;ZZ)Ljava/lang/Object; @ 253 c2
Event: 0.884 Thread 0x0000779f10015980 DEOPT PACKING pc=0x0000779f00ece2e0 sp=0x0000779f15bfd750
Event: 0.884 Thread 0x0000779f10015980 DEOPT UNPACKING pc=0x0000779f006b5699 sp=0x0000779f15bfd6a8 mode 2
Event: 0.886 Thread 0x0000779f10015980 Uncommon trap: trap_request=0xffffffc6 fr.pc=0x0000779f00ece2e0 relative=0x00000000000014a0
Event: 0.886 Thread 0x0000779f10015980 Uncommon trap: reason=bimorphic_or_optimized_type_check action=maybe_recompile pc=0x0000779f00ece2e0 method=java.util.HashMap.putVal(ILjava/lang/Object;Ljava/lang/Object;ZZ)Ljava/lang/Object; @ 253 c2
Event: 0.886 Thread 0x0000779f10015980 DEOPT PACKING pc=0x0000779f00ece2e0 sp=0x0000779f15bfd740
Event: 0.886 Thread 0x0000779f10015980 DEOPT UNPACKING pc=0x0000779f006b5699 sp=0x0000779f15bfd698 mode 2
Event: 0.887 Thread 0x0000779f10015980 Uncommon trap: trap_request=0xffffffc6 fr.pc=0x0000779f00ed6a1c relative=0x00000000000013dc
Event: 0.887 Thread 0x0000779f10015980 Uncommon trap: reason=bimorphic_or_optimized_type_check action=maybe_recompile pc=0x0000779f00ed6a1c method=java.util.HashMap.putVal(ILjava/lang/Object;Ljava/lang/Object;ZZ)Ljava/lang/Object; @ 253 c2
Event: 0.887 Thread 0x0000779f10015980 DEOPT PACKING pc=0x0000779f00ed6a1c sp=0x0000779f15bfd6b0
Event: 0.887 Thread 0x0000779f10015980 DEOPT UNPACKING pc=0x0000779f006b5699 sp=0x0000779f15bfd690 mode 2
Event: 0.893 Thread 0x0000779f10015980 Uncommon trap: trap_request=0xffffffde fr.pc=0x0000779f00de7960 relative=0x00000000000011c0
Event: 0.893 Thread 0x0000779f10015980 Uncommon trap: reason=class_check action=maybe_recompile pc=0x0000779f00de7960 method=jdk.internal.loader.URLClassPath.getLoader(I)Ljdk/internal/loader/URLClassPath$Loader; @ 88 c2
Event: 0.893 Thread 0x0000779f10015980 DEOPT PACKING pc=0x0000779f00de7960 sp=0x0000779f15bfd830
Event: 0.893 Thread 0x0000779f10015980 DEOPT UNPACKING pc=0x0000779f006b5699 sp=0x0000779f15bfd820 mode 2

Classes loaded (20 events):
Event: 0.892 Loading class java/util/EnumMap$EnumMapIterator done
Event: 0.892 Loading class java/util/EnumMap$ValueIterator done
Event: 0.893 Loading class java/util/WeakHashMap$KeyIterator
Event: 0.893 Loading class java/util/WeakHashMap$HashIterator
Event: 0.893 Loading class java/util/WeakHashMap$HashIterator done
Event: 0.893 Loading class java/util/WeakHashMap$KeyIterator done
Event: 0.893 Loading class java/net/URLClassLoader$1
Event: 0.893 Loading class java/net/URLClassLoader$1 done
Event: 0.893 Loading class java/io/FilePermission$1
Event: 0.893 Loading class jdk/internal/access/JavaIOFilePermissionAccess
Event: 0.893 Loading class jdk/internal/access/JavaIOFilePermissionAccess done
Event: 0.893 Loading class java/io/FilePermission$1 done
Event: 0.893 Loading class java/io/FilePermissionCollection
Event: 0.893 Loading class java/io/FilePermissionCollection done
Event: 0.893 Loading class java/util/Vector
Event: 0.893 Loading class java/util/Vector done
Event: 0.893 Loading class java/io/FilePermissionCollection$1
Event: 0.893 Loading class java/io/FilePermissionCollection$1 done
Event: 0.894 Loading class jdk/internal/loader/NativeLibraries$Unloader
Event: 0.894 Loading class jdk/internal/loader/NativeLibraries$Unloader done

Classes unloaded (0 events):
No events

Classes redefined (0 events):
No events

Internal exceptions (20 events):
Event: 0.650 Thread 0x0000779f10015980 Exception <a 'java/lang/NoSuchMethodError'{0x0000000629652480}: 'java.lang.Object java.lang.invoke.DirectMethodHandle$Holder.invokeVirtual(java.lang.Object, java.lang.Object, java.lang.Object)'> (0x0000000629652480) 
thrown [/usr/src/debug/java17-openjdk/jdk17u-jdk-17.0.12-7/src/hotspot/share/interpreter/linkResolver.cpp, line 758]
Event: 0.651 Thread 0x0000779f10015980 Exception <a 'java/lang/NoSuchMethodError'{0x000000062965c280}: 'int java.lang.invoke.DirectMethodHandle$Holder.invokeInterface(java.lang.Object, java.lang.Object)'> (0x000000062965c280) 
thrown [/usr/src/debug/java17-openjdk/jdk17u-jdk-17.0.12-7/src/hotspot/share/interpreter/linkResolver.cpp, line 758]
Event: 0.657 Thread 0x0000779f10015980 Exception <a 'sun/nio/fs/UnixException'{0x0000000628c4d430}> (0x0000000628c4d430) 
thrown [/usr/src/debug/java17-openjdk/jdk17u-jdk-17.0.12-7/src/hotspot/share/prims/jni.cpp, line 516]
Event: 0.657 Thread 0x0000779f10015980 Exception <a 'sun/nio/fs/UnixException'{0x0000000628c4dba8}> (0x0000000628c4dba8) 
thrown [/usr/src/debug/java17-openjdk/jdk17u-jdk-17.0.12-7/src/hotspot/share/prims/jni.cpp, line 516]
Event: 0.661 Thread 0x0000779f10015980 Exception <a 'java/lang/NoSuchMethodError'{0x0000000628cb6868}: 'int java.lang.invoke.DirectMethodHandle$Holder.invokeVirtual(java.lang.Object, java.lang.Object, java.lang.Object)'> (0x0000000628cb6868) 
thrown [/usr/src/debug/java17-openjdk/jdk17u-jdk-17.0.12-7/src/hotspot/share/interpreter/linkResolver.cpp, line 758]
Event: 0.661 Thread 0x0000779f10015980 Exception <a 'java/lang/NoSuchMethodError'{0x0000000628cbd040}: 'void java.lang.invoke.DirectMethodHandle$Holder.invokeInterface(java.lang.Object, java.lang.Object, java.lang.Object)'> (0x0000000628cbd040) 
thrown [/usr/src/debug/java17-openjdk/jdk17u-jdk-17.0.12-7/src/hotspot/share/interpreter/linkResolver.cpp, line 758]
Event: 0.695 Thread 0x0000779f10015980 Exception <a 'java/lang/NoSuchMethodError'{0x000000062b223310}: 'int java.lang.invoke.DirectMethodHandle$Holder.invokeStaticInit(java.lang.Object, java.lang.Object)'> (0x000000062b223310) 
thrown [/usr/src/debug/java17-openjdk/jdk17u-jdk-17.0.12-7/src/hotspot/share/interpreter/linkResolver.cpp, line 758]
Event: 0.760 Thread 0x0000779f10015980 Exception <a 'java/lang/NoSuchMethodError'{0x000000060ed19a38}: 'int java.lang.invoke.DirectMethodHandle$Holder.invokeSpecial(java.lang.Object, java.lang.Object, java.lang.Object, java.lang.Object)'> (0x000000060ed19a38) 
thrown [/usr/src/debug/java17-openjdk/jdk17u-jdk-17.0.12-7/src/hotspot/share/interpreter/linkResolver.cpp, line 758]
Event: 0.761 Thread 0x0000779f10015980 Exception <a 'java/lang/NoSuchMethodError'{0x000000060ed2aa48}: 'java.lang.Object java.lang.invoke.DirectMethodHandle$Holder.invokeVirtual(java.lang.Object, java.lang.Object, java.lang.Object, int, int)'> (0x000000060ed2aa48) 
thrown [/usr/src/debug/java17-openjdk/jdk17u-jdk-17.0.12-7/src/hotspot/share/interpreter/linkResolver.cpp, line 758]
Event: 0.761 Thread 0x0000779f10015980 Exception <a 'java/lang/NoSuchMethodError'{0x000000060ed312d8}: 'java.lang.Object java.lang.invoke.DirectMethodHandle$Holder.invokeVirtual(java.lang.Object, java.lang.Object, int)'> (0x000000060ed312d8) 
thrown [/usr/src/debug/java17-openjdk/jdk17u-jdk-17.0.12-7/src/hotspot/share/interpreter/linkResolver.cpp, line 758]
Event: 0.770 Thread 0x0000779f10015980 Exception <a 'java/lang/NoSuchMethodError'{0x000000060ede2868}: 'void java.lang.invoke.DirectMethodHandle$Holder.invokeSpecial(java.lang.Object, java.lang.Object, java.lang.Object, java.lang.Object, java.lang.Object, java.lang.Object)'> (0x000000060ede2868) 
thrown [/usr/src/debug/java17-openjdk/jdk17u-jdk-17.0.12-7/src/hotspot/share/interpreter/linkResolver.cpp, line 758]
Event: 0.798 Thread 0x0000779f10015980 Implicit null exception at 0x0000779f00e9ef2c to 0x0000779f00e9f062
Event: 0.823 Thread 0x0000779f10015980 Exception <a 'sun/nio/fs/UnixException'{0x000000060dcc2880}> (0x000000060dcc2880) 
thrown [/usr/src/debug/java17-openjdk/jdk17u-jdk-17.0.12-7/src/hotspot/share/prims/jni.cpp, line 516]
Event: 0.823 Thread 0x0000779f10015980 Exception <a 'sun/nio/fs/UnixException'{0x000000060dcc2fb0}> (0x000000060dcc2fb0) 
thrown [/usr/src/debug/java17-openjdk/jdk17u-jdk-17.0.12-7/src/hotspot/share/prims/jni.cpp, line 516]
Event: 0.823 Thread 0x0000779f10015980 Exception <a 'sun/nio/fs/UnixException'{0x000000060dcc35c8}> (0x000000060dcc35c8) 
thrown [/usr/src/debug/java17-openjdk/jdk17u-jdk-17.0.12-7/src/hotspot/share/prims/jni.cpp, line 516]
Event: 0.823 Thread 0x0000779f10015980 Exception <a 'sun/nio/fs/UnixException'{0x000000060dcc3cf8}> (0x000000060dcc3cf8) 
thrown [/usr/src/debug/java17-openjdk/jdk17u-jdk-17.0.12-7/src/hotspot/share/prims/jni.cpp, line 516]
Event: 0.824 Thread 0x0000779f10015980 Exception <a 'java/lang/NoSuchMethodError'{0x000000060dce8e18}: 'void java.lang.invoke.DirectMethodHandle$Holder.invokeSpecial(java.lang.Object, java.lang.Object, java.lang.Object, java.lang.Object, java.lang.Object)'> (0x000000060dce8e18) 
thrown [/usr/src/debug/java17-openjdk/jdk17u-jdk-17.0.12-7/src/hotspot/share/interpreter/linkResolver.cpp, line 758]
Event: 0.845 Thread 0x0000779f10015980 Exception <a 'java/lang/NoSuchMethodError'{0x000000060d9e4868}: 'int java.lang.invoke.DirectMethodHandle$Holder.invokeSpecial(java.lang.Object, java.lang.Object, java.lang.Object)'> (0x000000060d9e4868) 
thrown [/usr/src/debug/java17-openjdk/jdk17u-jdk-17.0.12-7/src/hotspot/share/interpreter/linkResolver.cpp, line 758]
Event: 0.848 Thread 0x0000779f10015980 Exception <a 'java/lang/NoSuchMethodError'{0x000000060da3e118}: 'java.lang.Object java.lang.invoke.DirectMethodHandle$Holder.invokeStatic(java.lang.Object, java.lang.Object, int, int)'> (0x000000060da3e118) 
thrown [/usr/src/debug/java17-openjdk/jdk17u-jdk-17.0.12-7/src/hotspot/share/interpreter/linkResolver.cpp, line 758]
Event: 0.857 Thread 0x0000779f10015980 Exception <a 'java/lang/NoSuchMethodError'{0x000000060dada370}: 'java.lang.Object java.lang.invoke.DirectMethodHandle$Holder.invokeInterface(java.lang.Object, java.lang.Object)'> (0x000000060dada370) 
thrown [/usr/src/debug/java17-openjdk/jdk17u-jdk-17.0.12-7/src/hotspot/share/interpreter/linkResolver.cpp, line 758]

VM Operations (20 events):
Event: 0.685 Executing VM operation: G1PauseRemark
Event: 0.686 Executing VM operation: G1PauseRemark done
Event: 0.687 Executing VM operation: G1PauseCleanup
Event: 0.687 Executing VM operation: G1PauseCleanup done
Event: 0.726 Executing VM operation: HandshakeAllThreads
Event: 0.726 Executing VM operation: HandshakeAllThreads done
Event: 0.727 Executing VM operation: HandshakeAllThreads
Event: 0.727 Executing VM operation: HandshakeAllThreads done
Event: 0.750 Executing VM operation: HandshakeAllThreads
Event: 0.750 Executing VM operation: HandshakeAllThreads done
Event: 0.750 Executing VM operation: HandshakeAllThreads
Event: 0.750 Executing VM operation: HandshakeAllThreads done
Event: 0.833 Executing VM operation: ICBufferFull
Event: 0.833 Executing VM operation: ICBufferFull done
Event: 0.852 Executing VM operation: HandshakeAllThreads
Event: 0.852 Executing VM operation: HandshakeAllThreads done
Event: 0.879 Executing VM operation: HandshakeAllThreads
Event: 0.880 Executing VM operation: HandshakeAllThreads done
Event: 0.885 Executing VM operation: ICBufferFull
Event: 0.885 Executing VM operation: ICBufferFull done

Events (20 events):
Event: 0.506 Thread 0x0000779f10681d50 Thread added: 0x0000779f10681d50
Event: 0.506 Thread 0x0000779f10681450 Thread exited: 0x0000779f10681450
Event: 0.506 Protecting memory [0x0000779edccfc000,0x0000779edcd00000] with protection modes 0
Event: 0.506 Thread 0x0000779f10681d50 Thread exited: 0x0000779f10681d50
Event: 0.573 Thread 0x0000779f106f58f0 Thread added: 0x0000779f106f58f0
Event: 0.573 Protecting memory [0x0000779edccfc000,0x0000779edcd00000] with protection modes 0
Event: 0.573 Thread 0x0000779f106f6150 Thread added: 0x0000779f106f6150
Event: 0.573 Protecting memory [0x0000779edd4e8000,0x0000779edd4ec000] with protection modes 0
Event: 0.573 Thread 0x0000779f106f6ac0 Thread added: 0x0000779f106f6ac0
Event: 0.573 Thread 0x0000779f106f58f0 Thread exited: 0x0000779f106f58f0
Event: 0.573 Protecting memory [0x0000779edcbfb000,0x0000779edcbff000] with protection modes 0
Event: 0.573 Thread 0x0000779f106f58f0 Thread added: 0x0000779f106f58f0
Event: 0.573 Protecting memory [0x0000779edccfc000,0x0000779edcd00000] with protection modes 0
Event: 0.618 Thread 0x0000779f106f6150 Thread exited: 0x0000779f106f6150
Event: 0.618 Thread 0x0000779f106f6ac0 Thread exited: 0x0000779f106f6ac0
Event: 0.618 Thread 0x0000779f106f58f0 Thread exited: 0x0000779f106f58f0
Event: 0.812 Thread 0x0000779e2c1402e0 Thread added: 0x0000779e2c1402e0
Event: 0.812 Protecting memory [0x0000779edc9f9000,0x0000779edc9fd000] with protection modes 0
Event: 0.812 Thread 0x0000779d9c000e50 Thread added: 0x0000779d9c000e50
Event: 0.812 Protecting memory [0x0000779edc8f8000,0x0000779edc8fc000] with protection modes 0


Dynamic libraries:
60bc00000-60f000000 rw-p 00000000 00:00 0 
60f000000-628800000 ---p 00000000 00:00 0 
628800000-628c00000 rw-p 00000000 00:00 0 
628c00000-62b000000 ---p 00000000 00:00 0 
62b000000-62b400000 rw-p 00000000 00:00 0 
62b400000-7ff800000 ---p 00000000 00:00 0 
7ff800000-7ffb00000 rw-p 00000000 00:00 0 
7ffb00000-7ffb75000 rw-p 00c76000 103:02 53110622                        /usr/lib/jvm/java-17-openjdk/lib/server/classes.jsa
7ffb75000-7ffc00000 rw-p 00000000 00:00 0 
7ffc00000-7ffc77000 rw-p 00bff000 103:02 53110622                        /usr/lib/jvm/java-17-openjdk/lib/server/classes.jsa
7ffc77000-800000000 rw-p 00000000 00:00 0 
5e4d650ad000-5e4d650ae000 r--p 00000000 103:02 52695525                  /usr/lib/jvm/java-17-openjdk/bin/java
5e4d650ae000-5e4d650af000 r-xp 00001000 103:02 52695525                  /usr/lib/jvm/java-17-openjdk/bin/java
5e4d650af000-5e4d650b0000 r--p 00002000 103:02 52695525                  /usr/lib/jvm/java-17-openjdk/bin/java
5e4d650b0000-5e4d650b1000 r--p 00002000 103:02 52695525                  /usr/lib/jvm/java-17-openjdk/bin/java
5e4d650b1000-5e4d650b2000 rw-p 00003000 103:02 52695525                  /usr/lib/jvm/java-17-openjdk/bin/java
5e4d848bb000-5e4d84902000 rw-p 00000000 00:00 0                          [heap]
779d98000000-779d9837f000 rw-p 00000000 00:00 0 
779d9837f000-779d9c000000 ---p 00000000 00:00 0 
779d9c000000-779d9c663000 rw-p 00000000 00:00 0 
779d9c663000-779da0000000 ---p 00000000 00:00 0 
779da4000000-779da4021000 rw-p 00000000 00:00 0 
779da4021000-779da8000000 ---p 00000000 00:00 0 
779da8000000-779da8021000 rw-p 00000000 00:00 0 
779da8021000-779dac000000 ---p 00000000 00:00 0 
779db0000000-779db0021000 rw-p 00000000 00:00 0 
779db0021000-779db4000000 ---p 00000000 00:00 0 
779db4000000-779db47c4000 rw-p 00000000 00:00 0 
779db47c4000-779db8000000 ---p 00000000 00:00 0 
779dbc000000-779dbc518000 rw-p 00000000 00:00 0 
779dbc518000-779dc0000000 ---p 00000000 00:00 0 
779dc0000000-779dc0756000 rw-p 00000000 00:00 0 
779dc0756000-779dc4000000 ---p 00000000 00:00 0 
779dc8000000-779dc87e6000 rw-p 00000000 00:00 0 
779dc87e6000-779dcc000000 ---p 00000000 00:00 0 
779dcc000000-779dcc100000 rw-p 00000000 00:00 0 
779dcc100000-779dd0000000 ---p 00000000 00:00 0 
779dd4000000-779dd4021000 rw-p 00000000 00:00 0 
779dd4021000-779dd8000000 ---p 00000000 00:00 0 
779dd8000000-779dd8021000 rw-p 00000000 00:00 0 
779dd8021000-779ddc000000 ---p 00000000 00:00 0 
779de0000000-779de0021000 rw-p 00000000 00:00 0 
779de0021000-779de4000000 ---p 00000000 00:00 0 
779de4000000-779de4021000 rw-p 00000000 00:00 0 
779de4021000-779de8000000 ---p 00000000 00:00 0 
779dec000000-779dec021000 rw-p 00000000 00:00 0 
779dec021000-779df0000000 ---p 00000000 00:00 0 
779df0000000-779df0021000 rw-p 00000000 00:00 0 
779df0021000-779df4000000 ---p 00000000 00:00 0 
779df8000000-779df8021000 rw-p 00000000 00:00 0 
779df8021000-779dfc000000 ---p 00000000 00:00 0 
779dfc000000-779dfc021000 rw-p 00000000 00:00 0 
779dfc021000-779e00000000 ---p 00000000 00:00 0 
779e04000000-779e04021000 rw-p 00000000 00:00 0 
779e04021000-779e08000000 ---p 00000000 00:00 0 
779e08000000-779e08021000 rw-p 00000000 00:00 0 
779e08021000-779e0c000000 ---p 00000000 00:00 0 
779e10000000-779e10021000 rw-p 00000000 00:00 0 
779e10021000-779e14000000 ---p 00000000 00:00 0 
779e14000000-779e14021000 rw-p 00000000 00:00 0 
779e14021000-779e18000000 ---p 00000000 00:00 0 
779e1c000000-779e1c021000 rw-p 00000000 00:00 0 
779e1c021000-779e20000000 ---p 00000000 00:00 0 
779e20000000-779e204af000 rw-p 00000000 00:00 0 
779e204af000-779e24000000 ---p 00000000 00:00 0 
779e28000000-779e281c8000 rw-p 00000000 00:00 0 
779e281c8000-779e2c000000 ---p 00000000 00:00 0 
779e2c000000-779e2c1d9000 rw-p 00000000 00:00 0 
779e2c1d9000-779e30000000 ---p 00000000 00:00 0 
779e34000000-779e343c5000 rw-p 00000000 00:00 0 
779e343c5000-779e38000000 ---p 00000000 00:00 0 
779e38000000-779e38021000 rw-p 00000000 00:00 0 
779e38021000-779e3c000000 ---p 00000000 00:00 0 
779e40000000-779e40021000 rw-p 00000000 00:00 0 
779e40021000-779e44000000 ---p 00000000 00:00 0 
779e44000000-779e44021000 rw-p 00000000 00:00 0 
779e44021000-779e48000000 ---p 00000000 00:00 0 
779e4c000000-779e4c021000 rw-p 00000000 00:00 0 
779e4c021000-779e50000000 ---p 00000000 00:00 0 
779e50000000-779e501c1000 rw-p 00000000 00:00 0 
779e501c1000-779e54000000 ---p 00000000 00:00 0 
779e58000000-779e588b2000 rw-p 00000000 00:00 0 
779e588b2000-779e5c000000 ---p 00000000 00:00 0 
779e5c000000-779e5c021000 rw-p 00000000 00:00 0 
779e5c021000-779e60000000 ---p 00000000 00:00 0 
779e64000000-779e64021000 rw-p 00000000 00:00 0 
779e64021000-779e68000000 ---p 00000000 00:00 0 
779e68000000-779e68021000 rw-p 00000000 00:00 0 
779e68021000-779e6c000000 ---p 00000000 00:00 0 
779e70000000-779e70021000 rw-p 00000000 00:00 0 
779e70021000-779e74000000 ---p 00000000 00:00 0 
779e74000000-779e74021000 rw-p 00000000 00:00 0 
779e74021000-779e78000000 ---p 00000000 00:00 0 
779e7c000000-779e7c021000 rw-p 00000000 00:00 0 
779e7c021000-779e80000000 ---p 00000000 00:00 0 
779e83000000-779e833f0000 rw-p 00000000 00:00 0 
779e833f0000-779e845f0000 rw-p 00000000 00:00 0 
779e845f0000-779e846b0000 rw-p 00000000 00:00 0 
779e846b0000-779e87000000 ---p 00000000 00:00 0 
779e87000000-779e87bc7000 rw-p 00001000 103:02 53110622                  /usr/lib/jvm/java-17-openjdk/lib/server/classes.jsa
779e87bc7000-779e88000000 ---p 00000000 00:00 0 
779e88000000-779e88030000 rw-p 00000000 00:00 0 
779e88030000-779e88070000 rw-p 00000000 00:00 0 
779e88070000-779e883b0000 rw-p 00000000 00:00 0 
779e883b0000-779ec8000000 ---p 00000000 00:00 0 
779ec8000000-779ec8021000 rw-p 00000000 00:00 0 
779ec8021000-779ecc000000 ---p 00000000 00:00 0 
779ecc000000-779ecc021000 rw-p 00000000 00:00 0 
779ecc021000-779ed0000000 ---p 00000000 00:00 0 
779ed4000000-779ed4021000 rw-p 00000000 00:00 0 
779ed4021000-779ed8000000 ---p 00000000 00:00 0 
779ed8000000-779ed8021000 rw-p 00000000 00:00 0 
779ed8021000-779edc000000 ---p 00000000 00:00 0 
779edc8f7000-779edc8f8000 ---p 00000000 00:00 0 
779edc8f8000-779edc8fc000 ---p 00000000 00:00 0 
779edc8fc000-779edc9f8000 rw-p 00000000 00:00 0 
779edc9f8000-779edc9f9000 ---p 00000000 00:00 0 
779edc9f9000-779edc9fd000 ---p 00000000 00:00 0 
779edc9fd000-779edcaf9000 rw-p 00000000 00:00 0 
779edcaf9000-779edcafa000 ---p 00000000 00:00 0 
779edcafa000-779edcbfa000 rw-p 00000000 00:00 0 
779edcbfa000-779edcbfb000 ---p 00000000 00:00 0 
779edcbfb000-779edcbff000 ---p 00000000 00:00 0 
779edcbff000-779edccfb000 rw-p 00000000 00:00 0 
779edccfb000-779edccfc000 ---p 00000000 00:00 0 
779edccfc000-779edcd00000 ---p 00000000 00:00 0 
779edcd00000-779edcdfc000 rw-p 00000000 00:00 0 
779edcdfc000-779edcdfd000 ---p 00000000 00:00 0 
779edcdfd000-779edce01000 ---p 00000000 00:00 0 
779edce01000-779edcefd000 rw-p 00000000 00:00 0 
779edcefd000-779edcefe000 ---p 00000000 00:00 0 
779edcefe000-779edcf02000 ---p 00000000 00:00 0 
779edcf02000-779edcffe000 rw-p 00000000 00:00 0 
779edcffe000-779edcfff000 ---p 00000000 00:00 0 
779edcfff000-779edd003000 ---p 00000000 00:00 0 
779edd003000-779edd0ff000 rw-p 00000000 00:00 0 
779edd0ff000-779edd100000 ---p 00000000 00:00 0 
779edd100000-779edd104000 ---p 00000000 00:00 0 
779edd104000-779edd200000 rw-p 00000000 00:00 0 
779edd200000-779edd21e000 r-xp 00000000 103:02 10516925                  /home/mahir/.cache/JNA/temp/jna12500907382062276444.tmp (deleted)
779edd21e000-779edd41d000 ---p 0001e000 103:02 10516925                  /home/mahir/.cache/JNA/temp/jna12500907382062276444.tmp (deleted)
779edd41d000-779edd41e000 rw-p 0001d000 103:02 10516925                  /home/mahir/.cache/JNA/temp/jna12500907382062276444.tmp (deleted)
779edd41e000-779edd41f000 rw-p 00000000 00:00 0 
779edd4e7000-779edd4e8000 ---p 00000000 00:00 0 
779edd4e8000-779edd4ec000 ---p 00000000 00:00 0 
779edd4ec000-779edd5e8000 rw-p 00000000 00:00 0 
779edd5e8000-779edd5e9000 ---p 00000000 00:00 0 
779edd5e9000-779edd5ed000 ---p 00000000 00:00 0 
779edd5ed000-779edd6e9000 rw-p 00000000 00:00 0 
779edd6e9000-779edd6ea000 ---p 00000000 00:00 0 
779edd6ea000-779edd7ea000 rw-p 00000000 00:00 0 
779edd7ea000-779edd7eb000 ---p 00000000 00:00 0 
779edd7eb000-779edd8eb000 rw-p 00000000 00:00 0 
779edd8eb000-779edd8ec000 ---p 00000000 00:00 0 
779edd8ec000-779edd9ec000 rw-p 00000000 00:00 0 
779edd9ec000-779edd9ed000 ---p 00000000 00:00 0 
779edd9ed000-779eddaed000 rw-p 00000000 00:00 0 
779eddaed000-779eddaee000 ---p 00000000 00:00 0 
779eddaee000-779eddbee000 rw-p 00000000 00:00 0 
779eddbee000-779eddbef000 ---p 00000000 00:00 0 
779eddbef000-779eddcef000 rw-p 00000000 00:00 0 
779eddcef000-779eddcf0000 ---p 00000000 00:00 0 
779eddcf0000-779edddf0000 rw-p 00000000 00:00 0 
779edddf0000-779edddf1000 ---p 00000000 00:00 0 
779edddf1000-779eddef1000 rw-p 00000000 00:00 0 
779eddef1000-779eddef2000 ---p 00000000 00:00 0 
779eddef2000-779eddff2000 rw-p 00000000 00:00 0 
779eddff2000-779eddff3000 ---p 00000000 00:00 0 
779eddff3000-779ede0f3000 rw-p 00000000 00:00 0 
779ede0f3000-779ede0f4000 ---p 00000000 00:00 0 
779ede0f4000-779ede1f4000 rw-p 00000000 00:00 0 
779ede1f4000-779ede1f5000 ---p 00000000 00:00 0 
779ede1f5000-779ede1f9000 ---p 00000000 00:00 0 
779ede1f9000-779ede2f5000 rw-p 00000000 00:00 0 
779ede2f5000-779ede2f6000 ---p 00000000 00:00 0 
779ede2f6000-779ede2fa000 ---p 00000000 00:00 0 
779ede2fa000-779ede3f6000 rw-p 00000000 00:00 0 
779ede3f6000-779ede3f7000 ---p 00000000 00:00 0 
779ede3f7000-779ede3fb000 ---p 00000000 00:00 0 
779ede3fb000-779ede4f7000 rw-p 00000000 00:00 0 
779ede4f7000-779ede4f8000 ---p 00000000 00:00 0 
779ede4f8000-779ede4fc000 ---p 00000000 00:00 0 
779ede4fc000-779ede5f8000 rw-p 00000000 00:00 0 
779ede5f8000-779ede5f9000 ---p 00000000 00:00 0 
779ede5f9000-779ede5fd000 ---p 00000000 00:00 0 
779ede5fd000-779ede6f9000 rw-p 00000000 00:00 0 
779ede6f9000-779ede6fa000 ---p 00000000 00:00 0 
779ede6fa000-779ede7fa000 rw-p 00000000 00:00 0 
779ede7fa000-779ede7fb000 ---p 00000000 00:00 0 
779ede7fb000-779ede7ff000 ---p 00000000 00:00 0 
779ede7ff000-779ede8fb000 rw-p 00000000 00:00 0 
779ede8fb000-779ede8fc000 ---p 00000000 00:00 0 
779ede8fc000-779ede900000 ---p 00000000 00:00 0 
779ede900000-779ede9fc000 rw-p 00000000 00:00 0 
779ede9fc000-779ede9fd000 ---p 00000000 00:00 0 
779ede9fd000-779edea01000 ---p 00000000 00:00 0 
779edea01000-779edeafd000 rw-p 00000000 00:00 0 
779edeafd000-779edeafe000 ---p 00000000 00:00 0 
779edeafe000-779edeb02000 ---p 00000000 00:00 0 
779edeb02000-779edebfe000 rw-p 00000000 00:00 0 
779edebfe000-779edebff000 ---p 00000000 00:00 0 
779edebff000-779edec03000 ---p 00000000 00:00 0 
779edec03000-779edecff000 rw-p 00000000 00:00 0 
779edecff000-779eded00000 ---p 00000000 00:00 0 
779eded00000-779eded04000 ---p 00000000 00:00 0 
779eded04000-779edee00000 rw-p 00000000 00:00 0 
779edee00000-779edf0ec000 r--p 00000000 103:02 51747550                  /usr/lib/locale/locale-archive
779edf0f1000-779edf0f2000 ---p 00000000 00:00 0 
779edf0f2000-779edf0f6000 ---p 00000000 00:00 0 
779edf0f6000-779edf1f2000 rw-p 00000000 00:00 0 
779edf1f2000-779edf1f3000 ---p 00000000 00:00 0 
779edf1f3000-779edf1f7000 ---p 00000000 00:00 0 
779edf1f7000-779edf2f3000 rw-p 00000000 00:00 0 
779edf2f3000-779edf2f4000 ---p 00000000 00:00 0 
779edf2f4000-779edf2f8000 ---p 00000000 00:00 0 
779edf2f8000-779edf3f4000 rw-p 00000000 00:00 0 
779edf3f4000-779edf3f5000 ---p 00000000 00:00 0 
779edf3f5000-779edf4f5000 rw-p 00000000 00:00 0 
779edf4f5000-779edf4f6000 ---p 00000000 00:00 0 
779edf4f6000-779edf5f6000 rw-p 00000000 00:00 0 
779edf5f6000-779edf5f7000 ---p 00000000 00:00 0 
779edf5f7000-779edf6f7000 rw-p 00000000 00:00 0 
779edf6f7000-779ee0021000 rw-p 00000000 00:00 0 
779ee0021000-779ee4000000 ---p 00000000 00:00 0 
779ee405b000-779ee4087000 r--p 00000000 103:02 11022420                  /home/mahir/fun/CPU/nebula-risc-v/simWorkspace/decoderForTest/verilator/verilator_6990721358639234058.so
779ee4087000-779ee40d5000 r-xp 0002c000 103:02 11022420                  /home/mahir/fun/CPU/nebula-risc-v/simWorkspace/decoderForTest/verilator/verilator_6990721358639234058.so
779ee40d5000-779ee40f7000 r--p 0007a000 103:02 11022420                  /home/mahir/fun/CPU/nebula-risc-v/simWorkspace/decoderForTest/verilator/verilator_6990721358639234058.so
779ee40f7000-779ee40f8000 r--p 0009c000 103:02 11022420                  /home/mahir/fun/CPU/nebula-risc-v/simWorkspace/decoderForTest/verilator/verilator_6990721358639234058.so
779ee40f8000-779ee40fb000 rw-p 0009d000 103:02 11022420                  /home/mahir/fun/CPU/nebula-risc-v/simWorkspace/decoderForTest/verilator/verilator_6990721358639234058.so
779ee40fb000-779ee66d0000 rw-p 00000000 00:00 0 
779ee66d0000-779ee6d30000 ---p 00000000 00:00 0 
779ee6d30000-779ee6d40000 rw-p 00000000 00:00 0 
779ee6d40000-779ee6dd0000 ---p 00000000 00:00 0 
779ee6dd0000-779ee6de0000 rw-p 00000000 00:00 0 
779ee6de0000-779eee2f0000 ---p 00000000 00:00 0 
779eee2f0000-779eee310000 rw-p 00000000 00:00 0 
779eee32f000-779eee334000 r--p 00000000 103:02 52695778                  /usr/lib/jvm/java-17-openjdk/lib/libjsvml.so
779eee334000-779eee375000 r-xp 00005000 103:02 52695778                  /usr/lib/jvm/java-17-openjdk/lib/libjsvml.so
779eee375000-779eee3fe000 r--p 00046000 103:02 52695778                  /usr/lib/jvm/java-17-openjdk/lib/libjsvml.so
779eee3fe000-779eee3ff000 r--p 000ce000 103:02 52695778                  /usr/lib/jvm/java-17-openjdk/lib/libjsvml.so
779eee3ff000-779eee400000 rw-p 000cf000 103:02 52695778                  /usr/lib/jvm/java-17-openjdk/lib/libjsvml.so
779eee400000-779eee4d0000 rw-p 00000000 00:00 0 
779eee4d0000-779eeeb30000 ---p 00000000 00:00 0 
779eeeb30000-779eeeb40000 rw-p 00000000 00:00 0 
779eeeb40000-779eeebd0000 ---p 00000000 00:00 0 
779eeebd0000-779eeebe0000 rw-p 00000000 00:00 0 
779eeebe0000-779ef60f0000 ---p 00000000 00:00 0 
779ef60f0000-779ef6110000 rw-p 00000000 00:00 0 
779ef617f000-779ef621a000 rw-p 00000000 00:00 0 
779ef621a000-779ef62e6000 ---p 00000000 00:00 0 
779ef62e6000-779ef62e8000 rw-p 00000000 00:00 0 
779ef62e8000-779ef62fa000 ---p 00000000 00:00 0 
779ef62fa000-779ef62fc000 rw-p 00000000 00:00 0 
779ef62fc000-779ef719e000 ---p 00000000 00:00 0 
779ef719e000-779ef71a2000 rw-p 00000000 00:00 0 
779ef71ba000-779ef71bf000 r--p 00000000 103:02 51658536                  /usr/lib/libudev.so.1.7.9
779ef71bf000-779ef71e6000 r-xp 00005000 103:02 51658536                  /usr/lib/libudev.so.1.7.9
779ef71e6000-779ef71fa000 r--p 0002c000 103:02 51658536                  /usr/lib/libudev.so.1.7.9
779ef71fa000-779ef71ff000 r--p 0003f000 103:02 51658536                  /usr/lib/libudev.so.1.7.9
779ef71ff000-779ef7200000 rw-p 00044000 103:02 51658536                  /usr/lib/libudev.so.1.7.9
779ef7200000-779ef721a000 rw-p 00000000 00:00 0 
779ef721a000-779ef72e6000 ---p 00000000 00:00 0 
779ef72e6000-779ef72e8000 rw-p 00000000 00:00 0 
779ef72e8000-779ef72fa000 ---p 00000000 00:00 0 
779ef72fa000-779ef72fc000 rw-p 00000000 00:00 0 
779ef72fc000-779ef819e000 ---p 00000000 00:00 0 
779ef819e000-779ef81a2000 rw-p 00000000 00:00 0 
779ef8200000-779ef821a000 rw-p 00000000 00:00 0 
779ef821a000-779ef82e6000 ---p 00000000 00:00 0 
779ef82e6000-779ef82e8000 rw-p 00000000 00:00 0 
779ef82e8000-779ef82fa000 ---p 00000000 00:00 0 
779ef82fa000-779ef82fc000 rw-p 00000000 00:00 0 
779ef82fc000-779ef919e000 ---p 00000000 00:00 0 
779ef919e000-779ef91a2000 rw-p 00000000 00:00 0 
779ef91dd000-779ef91de000 ---p 00000000 00:00 0 
779ef91de000-779ef91e2000 ---p 00000000 00:00 0 
779ef91e2000-779ef9200000 rw-p 00000000 00:00 0 
779ef9200000-779ef98e0000 rwxp 00000000 00:00 0 
779ef98e0000-779f0065f000 ---p 00000000 00:00 0 
779f0065f000-779f0095f000 rwxp 00000000 00:00 0 
779f0095f000-779f00da0000 ---p 00000000 00:00 0 
779f00da0000-779f01010000 rwxp 00000000 00:00 0 
779f01010000-779f08200000 ---p 00000000 00:00 0 
779f08200000-779f0fe67000 r--s 00000000 103:02 52695794                  /usr/lib/jvm/java-17-openjdk/lib/modules
779f0fe73000-779f10cd9000 rw-p 00000000 00:00 0 
779f10cd9000-779f14000000 ---p 00000000 00:00 0 
779f1400c000-779f1400e000 r--p 00000000 103:02 51646544                  /usr/lib/libatomic.so.1.2.0
779f1400e000-779f14012000 r-xp 00002000 103:02 51646544                  /usr/lib/libatomic.so.1.2.0
779f14012000-779f14014000 r--p 00006000 103:02 51646544                  /usr/lib/libatomic.so.1.2.0
779f14014000-779f14015000 r--p 00007000 103:02 51646544                  /usr/lib/libatomic.so.1.2.0
779f14015000-779f14016000 rw-p 00008000 103:02 51646544                  /usr/lib/libatomic.so.1.2.0
779f14016000-779f1431a000 rw-p 00000000 00:00 0 
779f1431a000-779f1431b000 ---p 00000000 00:00 0 
779f1431b000-779f1441b000 rw-p 00000000 00:00 0 
779f1441b000-779f1441c000 ---p 00000000 00:00 0 
779f1441c000-779f1451c000 rw-p 00000000 00:00 0 
779f1451c000-779f1451d000 ---p 00000000 00:00 0 
779f1451d000-779f1461d000 rw-p 00000000 00:00 0 
779f1461d000-779f15933000 rw-p 00000000 00:00 0 
779f15933000-779f15a17000 ---p 00000000 00:00 0 
779f15a17000-779f15a25000 rw-p 00000000 00:00 0 
779f15a25000-779f15b00000 ---p 00000000 00:00 0 
779f15b00000-779f15b04000 ---p 00000000 00:00 0 
779f15b04000-779f15c00000 rw-p 00000000 00:00 0 
779f15c00000-779f15c97000 r--p 00000000 103:02 51708318                  /usr/lib/libstdc++.so.6.0.33
779f15c97000-779f15de4000 r-xp 00097000 103:02 51708318                  /usr/lib/libstdc++.so.6.0.33
779f15de4000-779f15e74000 r--p 001e4000 103:02 51708318                  /usr/lib/libstdc++.so.6.0.33
779f15e74000-779f15e81000 r--p 00274000 103:02 51708318                  /usr/lib/libstdc++.so.6.0.33
779f15e81000-779f15e82000 rw-p 00281000 103:02 51708318                  /usr/lib/libstdc++.so.6.0.33
779f15e82000-779f15e86000 rw-p 00000000 00:00 0 
779f15e8d000-779f15e90000 r--p 00000000 103:02 51656976                  /usr/lib/libcap.so.2.70
779f15e90000-779f15e95000 r-xp 00003000 103:02 51656976                  /usr/lib/libcap.so.2.70
779f15e95000-779f15e97000 r--p 00008000 103:02 51656976                  /usr/lib/libcap.so.2.70
779f15e97000-779f15e98000 r--p 00009000 103:02 51656976                  /usr/lib/libcap.so.2.70
779f15e98000-779f15e99000 rw-p 0000a000 103:02 51656976                  /usr/lib/libcap.so.2.70
779f15e99000-779f15eda000 rw-p 00000000 00:00 0 
779f15edc000-779f15ee3000 r--s 00000000 103:02 51747551                  /usr/lib/gconv/gconv-modules.cache
779f15ee3000-779f15ee7000 r--p 00000000 103:02 52695784                  /usr/lib/jvm/java-17-openjdk/lib/libnet.so
779f15ee7000-779f15ef5000 r-xp 00004000 103:02 52695784                  /usr/lib/jvm/java-17-openjdk/lib/libnet.so
779f15ef5000-779f15ef8000 r--p 00012000 103:02 52695784                  /usr/lib/jvm/java-17-openjdk/lib/libnet.so
779f15ef8000-779f15ef9000 r--p 00015000 103:02 52695784                  /usr/lib/jvm/java-17-openjdk/lib/libnet.so
779f15ef9000-779f15efa000 rw-p 00016000 103:02 52695784                  /usr/lib/jvm/java-17-openjdk/lib/libnet.so
779f15efa000-779f15f01000 r--p 00000000 103:02 52695785                  /usr/lib/jvm/java-17-openjdk/lib/libnio.so
779f15f01000-779f15f0a000 r-xp 00007000 103:02 52695785                  /usr/lib/jvm/java-17-openjdk/lib/libnio.so
779f15f0a000-779f15f0f000 r--p 00010000 103:02 52695785                  /usr/lib/jvm/java-17-openjdk/lib/libnio.so
779f15f0f000-779f15f10000 r--p 00014000 103:02 52695785                  /usr/lib/jvm/java-17-openjdk/lib/libnio.so
779f15f10000-779f15f11000 rw-p 00015000 103:02 52695785                  /usr/lib/jvm/java-17-openjdk/lib/libnio.so
779f15f11000-779f15f1f000 r--p 00000000 103:02 51645846                  /usr/lib/libm.so.6
779f15f1f000-779f15fa2000 r-xp 0000e000 103:02 51645846                  /usr/lib/libm.so.6
779f15fa2000-779f15ffe000 r--p 00091000 103:02 51645846                  /usr/lib/libm.so.6
779f15ffe000-779f15fff000 r--p 000ec000 103:02 51645846                  /usr/lib/libm.so.6
779f15fff000-779f16000000 rw-p 000ed000 103:02 51645846                  /usr/lib/libm.so.6
779f16000000-779f1600d000 r--p 00000000 103:02 53110626                  /usr/lib/jvm/java-17-openjdk/lib/server/libjvm.so
779f1600d000-779f16bf4000 r-xp 0000d000 103:02 53110626                  /usr/lib/jvm/java-17-openjdk/lib/server/libjvm.so
779f16bf4000-779f16da4000 r--p 00bf4000 103:02 53110626                  /usr/lib/jvm/java-17-openjdk/lib/server/libjvm.so
779f16da4000-779f16e59000 r--p 00da4000 103:02 53110626                  /usr/lib/jvm/java-17-openjdk/lib/server/libjvm.so
779f16e59000-779f16e89000 rw-p 00e59000 103:02 53110626                  /usr/lib/jvm/java-17-openjdk/lib/server/libjvm.so
779f16e89000-779f16ee2000 rw-p 00000000 00:00 0 
779f16ee6000-779f16ee8000 r--p 00000000 103:02 52695793                  /usr/lib/jvm/java-17-openjdk/lib/libzip.so
779f16ee8000-779f16eec000 r-xp 00002000 103:02 52695793                  /usr/lib/jvm/java-17-openjdk/lib/libzip.so
779f16eec000-779f16eee000 r--p 00006000 103:02 52695793                  /usr/lib/jvm/java-17-openjdk/lib/libzip.so
779f16eee000-779f16eef000 r--p 00007000 103:02 52695793                  /usr/lib/jvm/java-17-openjdk/lib/libzip.so
779f16eef000-779f16ef0000 rw-p 00008000 103:02 52695793                  /usr/lib/jvm/java-17-openjdk/lib/libzip.so
779f16ef0000-779f16f6e000 rw-p 00000000 00:00 0 
779f16f6e000-779f16f72000 r--p 00000000 103:02 51646549                  /usr/lib/libgcc_s.so.1
779f16f72000-779f16f96000 r-xp 00004000 103:02 51646549                  /usr/lib/libgcc_s.so.1
779f16f96000-779f16f9a000 r--p 00028000 103:02 51646549                  /usr/lib/libgcc_s.so.1
779f16f9a000-779f16f9b000 r--p 0002b000 103:02 51646549                  /usr/lib/libgcc_s.so.1
779f16f9b000-779f16f9c000 rw-p 0002c000 103:02 51646549                  /usr/lib/libgcc_s.so.1
779f16f9c000-779f16f9f000 rw-p 00000000 00:00 0 
779f16f9f000-779f16fa2000 r--p 00000000 103:02 51656591                  /usr/lib/libz.so.1.3.1
779f16fa2000-779f16fb0000 r-xp 00003000 103:02 51656591                  /usr/lib/libz.so.1.3.1
779f16fb0000-779f16fb6000 r--p 00011000 103:02 51656591                  /usr/lib/libz.so.1.3.1
779f16fb6000-779f16fb7000 r--p 00017000 103:02 51656591                  /usr/lib/libz.so.1.3.1
779f16fb7000-779f16fb8000 rw-p 00018000 103:02 51656591                  /usr/lib/libz.so.1.3.1
779f16fb8000-779f16fdc000 r--p 00000000 103:02 51645820                  /usr/lib/libc.so.6
779f16fdc000-779f1714d000 r-xp 00024000 103:02 51645820                  /usr/lib/libc.so.6
779f1714d000-779f1719b000 r--p 00195000 103:02 51645820                  /usr/lib/libc.so.6
779f1719b000-779f1719f000 r--p 001e3000 103:02 51645820                  /usr/lib/libc.so.6
779f1719f000-779f171a1000 rw-p 001e7000 103:02 51645820                  /usr/lib/libc.so.6
779f171a1000-779f171a9000 rw-p 00000000 00:00 0 
779f171ae000-779f171b4000 rw-p 00000000 00:00 0 
779f171b4000-779f171bd000 ---p 00000000 00:00 0 
779f171bd000-779f171c7000 r--p 00000000 103:02 52695770                  /usr/lib/jvm/java-17-openjdk/lib/libjava.so
779f171c7000-779f171d8000 r-xp 0000a000 103:02 52695770                  /usr/lib/jvm/java-17-openjdk/lib/libjava.so
779f171d8000-779f171dd000 r--p 0001b000 103:02 52695770                  /usr/lib/jvm/java-17-openjdk/lib/libjava.so
779f171dd000-779f171de000 r--p 00020000 103:02 52695770                  /usr/lib/jvm/java-17-openjdk/lib/libjava.so
779f171de000-779f171df000 rw-p 00021000 103:02 52695770                  /usr/lib/jvm/java-17-openjdk/lib/libjava.so
779f171df000-779f171e0000 rw-p 00000000 00:00 0 
779f171e0000-779f171e8000 rw-s 00000000 00:2a 8966                       /tmp/hsperfdata_mahir/123718
779f171e8000-779f171e9000 ---p 00000000 00:00 0 
779f171e9000-779f171ea000 r--p 00000000 00:00 0 
779f171ea000-779f171eb000 ---p 00000000 00:00 0 
779f171eb000-779f171ec000 r--p 00000000 103:02 52695774                  /usr/lib/jvm/java-17-openjdk/lib/libjimage.so
779f171ec000-779f171ee000 r-xp 00001000 103:02 52695774                  /usr/lib/jvm/java-17-openjdk/lib/libjimage.so
779f171ee000-779f171ef000 r--p 00003000 103:02 52695774                  /usr/lib/jvm/java-17-openjdk/lib/libjimage.so
779f171ef000-779f171f0000 r--p 00003000 103:02 52695774                  /usr/lib/jvm/java-17-openjdk/lib/libjimage.so
779f171f0000-779f171f1000 rw-p 00004000 103:02 52695774                  /usr/lib/jvm/java-17-openjdk/lib/libjimage.so
779f171f1000-779f171f3000 r--p 00000000 103:02 52695775                  /usr/lib/jvm/java-17-openjdk/lib/libjli.so
779f171f3000-779f171fc000 r-xp 00002000 103:02 52695775                  /usr/lib/jvm/java-17-openjdk/lib/libjli.so
779f171fc000-779f171ff000 r--p 0000b000 103:02 52695775                  /usr/lib/jvm/java-17-openjdk/lib/libjli.so
779f171ff000-779f17200000 r--p 0000d000 103:02 52695775                  /usr/lib/jvm/java-17-openjdk/lib/libjli.so
779f17200000-779f17201000 rw-p 0000e000 103:02 52695775                  /usr/lib/jvm/java-17-openjdk/lib/libjli.so
779f17201000-779f17203000 rw-p 00000000 00:00 0 
779f17203000-779f17207000 r--p 00000000 00:00 0                          [vvar]
779f17207000-779f17209000 r-xp 00000000 00:00 0                          [vdso]
779f17209000-779f1720a000 r--p 00000000 103:02 51645765                  /usr/lib/ld-linux-x86-64.so.2
779f1720a000-779f17233000 r-xp 00001000 103:02 51645765                  /usr/lib/ld-linux-x86-64.so.2
779f17233000-779f1723d000 r--p 0002a000 103:02 51645765                  /usr/lib/ld-linux-x86-64.so.2
779f1723d000-779f1723f000 r--p 00034000 103:02 51645765                  /usr/lib/ld-linux-x86-64.so.2
779f1723f000-779f17241000 rw-p 00036000 103:02 51645765                  /usr/lib/ld-linux-x86-64.so.2
7ffc36321000-7ffc36343000 rw-p 00000000 00:00 0                          [stack]
ffffffffff600000-ffffffffff601000 --xp 00000000 00:00 0                  [vsyscall]


VM Arguments:
jvm_args: -Duser.dir=/home/mahir/fun/CPU/nebula-risc-v 
java_command: nebula.test.decoder_test
java_class_path (initial): /home/mahir/fun/CPU/nebula-risc-v/.metals/.tmp/classpath_FCCE2C4148ED30764AFC780A95561B7C.jar
Launcher Type: SUN_STANDARD

[Global flags]
     intx CICompilerCount                          = 12                                        {product} {ergonomic}
     uint ConcGCThreads                            = 5                                         {product} {ergonomic}
     uint G1ConcRefinementThreads                  = 18                                        {product} {ergonomic}
   size_t G1HeapRegionSize                         = 4194304                                   {product} {ergonomic}
    uintx GCDrainStackTargetSize                   = 64                                        {product} {ergonomic}
   size_t InitialHeapSize                          = 528482304                                 {product} {ergonomic}
   size_t MarkStackSize                            = 4194304                                   {product} {ergonomic}
   size_t MaxHeapSize                              = 8392802304                                {product} {ergonomic}
   size_t MaxNewSize                               = 5033164800                                {product} {ergonomic}
   size_t MinHeapDeltaBytes                        = 4194304                                   {product} {ergonomic}
   size_t MinHeapSize                              = 8388608                                   {product} {ergonomic}
    uintx NonNMethodCodeHeapSize                   = 7602480                                {pd product} {ergonomic}
    uintx NonProfiledCodeHeapSize                  = 122027880                              {pd product} {ergonomic}
    uintx ProfiledCodeHeapSize                     = 122027880                              {pd product} {ergonomic}
    uintx ReservedCodeCacheSize                    = 251658240                              {pd product} {ergonomic}
     bool SegmentedCodeCache                       = true                                      {product} {ergonomic}
   size_t SoftMaxHeapSize                          = 8392802304                             {manageable} {ergonomic}
     bool UseCompressedClassPointers               = true                           {product lp64_product} {ergonomic}
     bool UseCompressedOops                        = true                           {product lp64_product} {ergonomic}
     bool UseG1GC                                  = true                                      {product} {ergonomic}

Logging:
Log output configuration:
 #0: stdout all=warning uptime,level,tags
 #1: stderr all=off uptime,level,tags

Environment Variables:
PATH=/home/mahir/.local/share/gem/ruby/3.0.0/bin:/usr/local/sbin:/usr/local/bin:/usr/bin:/var/lib/flatpak/exports/bin:/usr/lib/jvm/default/bin:/usr/bin/site_perl:/usr/bin/vendor_perl:/usr/bin/core_perl:/opt/rocm/bin:/home/mahir/.local/bin:/home/mahir/.local/share/coursier/bin:~/.cargo/bin:/home/mahir/.local/bin:/home/mahir/.local/share/coursier/bin
SHELL=/bin/zsh
DISPLAY=:1
LANG=en_GB.UTF-8
LC_NUMERIC=en_GB.UTF-8
LC_TIME=en_GB.UTF-8
TERM=xterm-256color

Active Locale:
LC_ALL=en_GB.UTF-8
LC_COLLATE=en_GB.UTF-8
LC_CTYPE=en_GB.UTF-8
LC_MESSAGES=en_GB.UTF-8
LC_MONETARY=en_GB.UTF-8
LC_NUMERIC=en_GB.UTF-8
LC_TIME=en_GB.UTF-8

Signal Handlers:
   SIGSEGV: 0x0000779f16a30aa0 in libjvm.so+10685088, mask=11100100010111111101111111111110, flags=SA_RESTART|SA_SIGINFO, unblocked
    SIGBUS: 0x0000779f16a30aa0 in libjvm.so+10685088, mask=11100100010111111101111111111110, flags=SA_RESTART|SA_SIGINFO, unblocked
    SIGFPE: 0x0000779f16a30aa0 in libjvm.so+10685088, mask=11100100010111111101111111111110, flags=SA_RESTART|SA_SIGINFO, unblocked
   SIGPIPE: 0x0000779f1694c400 in libjvm.so+9749504, mask=11100100010111111101111111111110, flags=SA_RESTART|SA_SIGINFO, blocked
   SIGXFSZ: 0x0000779f1694c400 in libjvm.so+9749504, mask=11100100010111111101111111111110, flags=SA_RESTART|SA_SIGINFO, blocked
    SIGILL: 0x0000779f16a30aa0 in libjvm.so+10685088, mask=11100100010111111101111111111110, flags=SA_RESTART|SA_SIGINFO, unblocked
   SIGUSR2: 0x0000779f1694b440 in libjvm.so+9745472, mask=00000000000000000000000000000000, flags=SA_RESTART|SA_SIGINFO, blocked
    SIGHUP: 0x0000779f1694b3c0 in libjvm.so+9745344, mask=11100100010111111101111111111110, flags=SA_RESTART|SA_SIGINFO, blocked
    SIGINT: 0x0000779f1694b3c0 in libjvm.so+9745344, mask=11100100010111111101111111111110, flags=SA_RESTART|SA_SIGINFO, blocked
   SIGTERM: 0x0000779f1694b3c0 in libjvm.so+9745344, mask=11100100010111111101111111111110, flags=SA_RESTART|SA_SIGINFO, blocked
   SIGQUIT: 0x0000779f1694b3c0 in libjvm.so+9745344, mask=11100100010111111101111111111110, flags=SA_RESTART|SA_SIGINFO, blocked
   SIGTRAP: 0x0000779f16a30aa0 in libjvm.so+10685088, mask=11100100010111111101111111111110, flags=SA_RESTART|SA_SIGINFO, unblocked


Periodic native trim disabled


---------------  S Y S T E M  ---------------

OS:
DISTRIB_ID="EndeavourOS"
DISTRIB_RELEASE="rolling"
DISTRIB_DESCRIPTION="EndeavourOS Linux"
DISTRIB_CODENAME="rolling"
uname: Linux 6.11.2-arch1-1 #1 SMP PREEMPT_DYNAMIC Fri, 04 Oct 2024 21:51:11 +0000 x86_64
OS uptime: 0 days 9:56 hours
libc: glibc 2.40 NPTL 2.40 
rlimit (soft/hard): STACK 8192k/infinity , CORE infinity/infinity , NPROC 127621/127621 , NOFILE 524288/524288 , AS infinity/infinity , CPU infinity/infinity , DATA infinity/infinity , FSIZE infinity/infinity , MEMLOCK 8192k/8192k
load average: 1.93 1.72 1.78

/proc/meminfo:
MemTotal:       32782592 kB
MemFree:         9554936 kB
MemAvailable:   17778468 kB
Buffers:          866336 kB
Cached:          7556536 kB
SwapCached:            0 kB
Active:         15927144 kB
Inactive:        5637164 kB
Active(anon):   13470900 kB
Inactive(anon):        0 kB
Active(file):    2456244 kB
Inactive(file):  5637164 kB
Unevictable:         168 kB
Mlocked:             168 kB
SwapTotal:             0 kB
SwapFree:              0 kB
Zswap:                 0 kB
Zswapped:              0 kB
Dirty:             11076 kB
Writeback:             0 kB
AnonPages:      13028728 kB
Mapped:          1521040 kB
Shmem:            329416 kB
KReclaimable:     595668 kB
Slab:             849508 kB
SReclaimable:     595668 kB
SUnreclaim:       253840 kB
KernelStack:       42496 kB
PageTables:       114704 kB
SecPageTables:      5316 kB
NFS_Unstable:          0 kB
Bounce:                0 kB
WritebackTmp:          0 kB
CommitLimit:    16391296 kB
Committed_AS:   55728860 kB
VmallocTotal:   34359738367 kB
VmallocUsed:      127980 kB
VmallocChunk:          0 kB
Percpu:            33888 kB
HardwareCorrupted:     0 kB
AnonHugePages:   4141056 kB
ShmemHugePages:        0 kB
ShmemPmdMapped:        0 kB
FileHugePages:    434176 kB
FilePmdMapped:    212992 kB
CmaTotal:              0 kB
CmaFree:               0 kB
Unaccepted:            0 kB
HugePages_Total:       0
HugePages_Free:        0
HugePages_Rsvd:        0
HugePages_Surp:        0
Hugepagesize:       2048 kB
Hugetlb:               0 kB
DirectMap4k:      678168 kB
DirectMap2M:    18116608 kB
DirectMap1G:    14680064 kB

/sys/kernel/mm/transparent_hugepage/enabled: [always] madvise never
/sys/kernel/mm/transparent_hugepage/hpage_pmd_size: 2097152
/sys/kernel/mm/transparent_hugepage/defrag (defrag/compaction efforts parameter): always defer defer+madvise [madvise] never

Process Memory:
Virtual Size: 13102236K (peak: 13102524K)
Resident Set Size: 200440K (peak: 200440K) (anon: 170508K, file: 29932K, shmem: 0K)
Swapped out: 0K
C-Heap outstanding allocations: 91066K, retained: 27697K
glibc malloc tunables: (default)

/proc/sys/kernel/threads-max (system-wide limit on the number of threads): 255243
/proc/sys/vm/max_map_count (maximum number of memory map areas a process may have): 1048576
/proc/sys/vm/swappiness (control to define how aggressively the kernel swaps out anonymous memory): 60
/proc/sys/kernel/pid_max (system-wide limit on number of process identifiers): 4194304

container (cgroup) information:
container_type: cgroupv2
cpu_cpuset_cpus: not supported
cpu_memory_nodes: not supported
active_processor_count: 24
cpu_quota: no quota
cpu_period: 100000
cpu_shares: no shares
memory_limit_in_bytes: unlimited
memory_and_swap_limit_in_bytes: unlimited
memory_soft_limit_in_bytes: unlimited
memory_usage_in_bytes: 7426552 k
memory_max_usage_in_bytes: not supported
memory_swap_current_in_bytes: unlimited
memory_swap_max_limit_in_bytes: unlimited
maximum number of tasks: 38286
current number of tasks: 541

Steal ticks since vm start: 0
Steal ticks percentage since vm start:  0.000

CPU: total 24 (initial active 24) (24 cores per cpu, 2 threads per core) family 25 model 33 stepping 2 microcode 0xa20120a, cx8, cmov, fxsr, ht, mmx, 3dnowpref, sse, sse2, sse3, ssse3, sse4a, sse4.1, sse4.2, popcnt, lzcnt, tsc, tscinvbit, avx, avx2, aes, erms, clmul, bmi1, bmi2, adx, sha, fma, vzeroupper, clflush, clflushopt
CPU Model and flags from /proc/cpuinfo:
model name	: AMD Ryzen 9 5900X 12-Core Processor
flags		: fpu vme de pse tsc msr pae mce cx8 apic sep mtrr pge mca cmov pat pse36 clflush mmx fxsr sse sse2 ht syscall nx mmxext fxsr_opt pdpe1gb rdtscp lm constant_tsc rep_good nopl xtopology nonstop_tsc cpuid extd_apicid aperfmperf rapl pni pclmulqdq monitor ssse3 fma cx16 sse4_1 sse4_2 x2apic movbe popcnt aes xsave avx f16c rdrand lahf_lm cmp_legacy svm extapic cr8_legacy abm sse4a misalignsse 3dnowprefetch osvw ibs skinit wdt tce topoext perfctr_core perfctr_nb bpext perfctr_llc mwaitx cpb cat_l3 cdp_l3 hw_pstate ssbd mba ibrs ibpb stibp vmmcall fsgsbase bmi1 avx2 smep bmi2 erms invpcid cqm rdt_a rdseed adx smap clflushopt clwb sha_ni xsaveopt xsavec xgetbv1 xsaves cqm_llc cqm_occup_llc cqm_mbm_total cqm_mbm_local user_shstk clzero irperf xsaveerptr rdpru wbnoinvd arat npt lbrv svm_lock nrip_save tsc_scale vmcb_clean flushbyasid decodeassists pausefilter pfthreshold avic v_vmsave_vmload vgif v_spec_ctrl umip pku ospke vaes vpclmulqdq rdpid overflow_recov succor smca fsrm debug_swap

Online cpus: 0-23
Offline cpus: 
BIOS frequency limitation: <Not Available>
Frequency switch latency (ns): 0
Available cpu frequencies: <Not Available>
Current governor: powersave
Core performance/turbo boost: 1

Memory: 4k page, physical 32782592k(9554936k free), swap 0k(0k free)
Page Sizes: 4k

vm_info: OpenJDK 64-Bit Server VM (17.0.12+7) for linux-amd64 JRE (17.0.12+7), built on Jul 17 2024 13:35:02 by "builduser" with gcc 14.1.1 20240522

END.
