#
# A fatal error has been detected by the Java Runtime Environment:
#
#  SIGSEGV (0xb) at pc=0x000075fd1808c89d, pid=66964, tid=66966
#
# JRE version: OpenJDK Runtime Environment (17.0.12+7) (build 17.0.12+7)
# Java VM: OpenJDK 64-Bit Server VM (17.0.12+7, mixed mode, sharing, tiered, compressed oops, compressed class ptrs, g1 gc, linux-amd64)
# Problematic frame:
# C  [verilator_642291766835216141.so+0x3089d]  sc_time_stamp()+0x14
#
# Core dump will be written. Default location: Core dumps may be processed with "/usr/lib/systemd/systemd-coredump %P %u %g %s %t %c %h" (or dumping to /home/mahir/fun/CPU/nebula-risc-v/core.66964)
#
# If you would like to submit a bug report, please visit:
#   https://bugreport.java.com/bugreport/crash.jsp
# The crash happened outside the Java Virtual Machine in native code.
# See problematic frame for where to report the bug.
#

---------------  S U M M A R Y ------------

Command Line: -Duser.dir=/home/mahir/fun/CPU/nebula-risc-v nebula.test.decoder_test

Host: AMD Ryzen 9 5900X 12-Core Processor, 24 cores, 31G, EndeavourOS Linux
Time: Thu Oct  3 18:58:48 2024 BST elapsed time: 0.877836 seconds (0d 0h 0m 0s)

---------------  T H R E A D  ---------------

Current thread (0x000075fd440159e0):  JavaThread "main" [_thread_in_native, id=66966, stack(0x000075fd4a4d2000,0x000075fd4a5d2000)]

Stack: [0x000075fd4a4d2000,0x000075fd4a5d2000],  sp=0x000075fd4a5cfd30,  free space=1015k
Native frames: (J=compiled Java code, j=interpreted, Vv=VM code, C=native code)
C  [verilator_642291766835216141.so+0x3089d]  sc_time_stamp()+0x14
C  [verilator_642291766835216141.so+0x47137]  VerilatedContext::time() const+0x31
C  [verilator_642291766835216141.so+0x40162]  VerilatedContext::addModel(VerilatedModel*)+0xa0
C  [verilator_642291766835216141.so+0x769af]  VdecoderForTest::VdecoderForTest(VerilatedContext*, char const*)+0xf1
C  [verilator_642291766835216141.so+0x76a9b]  VdecoderForTest::VdecoderForTest(char const*)+0x2b

Java frames: (J=compiled Java code, j=interpreted, Vv=VM code)
j  wrapper_verilator.VerilatorNative.newHandle_642291766835216141(Ljava/lang/String;Ljava/lang/String;I)J+0
j  wrapper_verilator.VerilatorNative.newHandle(Ljava/lang/String;Ljava/lang/String;I)J+4
j  spinal.sim.VerilatorBackend.instanciate(Ljava/lang/String;I)J+135
j  spinal.core.sim.SpinalSimConfig$$anon$3.newSimRaw(Ljava/lang/String;I)Lspinal/sim/SimRaw;+14
j  spinal.core.sim.SimCompiled.doSimApi(Ljava/lang/String;IZLscala/Function1;)V+47
j  spinal.core.sim.SimCompiled.doSim(Lscala/Function1;)V+23
j  nebula.test.decoder_test$.delayedEndpoint$nebula$test$decoder_test$1()V+22
j  nebula.test.decoder_test$delayedInit$body.apply()Ljava/lang/Object;+4
j  scala.Function0.apply$mcV$sp()V+1
j  scala.Function0.apply$mcV$sp$(Lscala/Function0;)V+1
j  scala.runtime.AbstractFunction0.apply$mcV$sp()V+1
j  scala.App.$anonfun$main$1$adapted(Lscala/Function0;)Ljava/lang/Object;+1
j  scala.App$$Lambda$5+0x000075fcbc036fe0.apply(Ljava/lang/Object;)Ljava/lang/Object;+4
j  scala.collection.immutable.List.foreach(Lscala/Function1;)V+14
j  scala.App.main([Ljava/lang/String;)V+33
j  scala.App.main$(Lscala/App;[Ljava/lang/String;)V+2
j  nebula.test.decoder_test$.main([Ljava/lang/String;)V+2
j  nebula.test.decoder_test.main([Ljava/lang/String;)V+4
v  ~StubRoutines::call_stub

siginfo: si_signo: 11 (SIGSEGV), si_code: 1 (SEGV_MAPERR), si_addr: 0x0000000000000008

Registers:
RAX=0x0000000000000000, RBX=0x000075fd4491d4c0, RCX=0x00000000015648d2, RDX=0x0000634fcc51cf90
RSP=0x000075fd4a5cfd30, RBP=0x000075fd4a5cfd40, RSI=0x0000000000000000, RDI=0x000075fd180f7f10
R8 =0x00129a7a9059b1c0, R9 =0x0000000000000001, R10=0x0000000000000000, R11=0x000075fd4b847080
R12=0x000075fd4491d440, R13=0x0000000000000001, R14=0x000075fd4491cd68, R15=0x000075fd44bb4490
RIP=0x000075fd1808c89d, EFLAGS=0x0000000000010206, CSGSFS=0x002b000000000033, ERR=0x0000000000000004
  TRAPNO=0x000000000000000e


Register to memory mapping:

RAX=0x0 is NULL
RBX=0x000075fd4491d4c0 points into unknown readable memory: 0x000075fd180fa440 | 40 a4 0f 18 fd 75 00 00
RCX=0x00000000015648d2 is an unknown value
RDX=0x0000634fcc51cf90 points into unknown readable memory: 0x0000000000000004 | 04 00 00 00 00 00 00 00
RSP=0x000075fd4a5cfd30 is pointing into the stack for thread: 0x000075fd440159e0
RBP=0x000075fd4a5cfd40 is pointing into the stack for thread: 0x000075fd440159e0
RSI=0x0 is NULL
RDI=0x000075fd180f7f10: <offset 0x000000000009bf10> in /home/mahir/fun/CPU/nebula-risc-v/simWorkspace/decoderForTest/verilator/verilator_642291766835216141.so at 0x000075fd1805c000
R8 =0x00129a7a9059b1c0 is an unknown value
R9 =0x0000000000000001 is an unknown value
R10=0x0 is NULL
R11=0x000075fd4b847080 points into unknown readable memory: 0x00000001015648d2 | d2 48 56 01 01 00 00 00
R12=0x000075fd4491d440 points into unknown readable memory: 0x000075fd180f77b8 | b8 77 0f 18 fd 75 00 00
R13=0x0000000000000001 is an unknown value
R14=0x000075fd4491cd68 points into unknown readable memory: 0x000075fd180f76a0 | a0 76 0f 18 fd 75 00 00
R15=0x000075fd44bb4490 points into unknown readable memory: 0x0000000074736574 | 74 65 73 74 00 00 00 00


Top of Stack: (sp=0x000075fd4a5cfd30)
0x000075fd4a5cfd30:   0000000000000001 000075fd180a30cd
0x000075fd4a5cfd40:   000075fd4a5cfd60 000075fd180a3137
0x000075fd4a5cfd50:   000075fd180fa440 000075fd180fa440
0x000075fd4a5cfd60:   000075fd4a5cff40 000075fd1809c162
0x000075fd4a5cfd70:   000075fd4491d440 000075fd180fa440
0x000075fd4a5cfd80:   0000000000000000 000075fd180fa440
0x000075fd4a5cfd90:   9999999999999999 0000000000000000
0x000075fd4a5cfda0:   2020202020202020 000075fd180fa440
0x000075fd4a5cfdb0:   000075fd4a5cfde0 000075fd1809df6f
0x000075fd4a5cfdc0:   0000000000000000 5f9dcc5e180fa440
0x000075fd4a5cfdd0:   000075fd4a5cfde0 000075fd180a3ebf
0x000075fd4a5cfde0:   000075fd4a5cfe00 000075fd1808f40e
0x000075fd4a5cfdf0:   0000000000000001 000075fd4491d4c0
0x000075fd4a5cfe00:   000075fd4491d440 0000000000000001
0x000075fd4a5cfe10:   000075fd4491cd68 000075fd44bb4490
0x000075fd4a5cfe20:   000075fd4a5cfe40 000075fd180a2bc4
0x000075fd4a5cfe30:   000075fd4a5cfe40 000075fd180fa440
0x000075fd4a5cfe40:   000075fd4a5cfe60 000075fd180a2ca0
0x000075fd4a5cfe50:   000075fd4a5cfe70 000075fd180a2bf3
0x000075fd4a5cfe60:   000075fd4a5cfe80 000075fd180fa440
0x000075fd4a5cfe70:   000075fd4a5cfe90 000075fd180a2cc0
0x000075fd4a5cfe80:   000075fd4a5cfeb0 000075fd180fa440
0x000075fd4a5cfe90:   000075fd4a5cfeb0 000075fd180a2d46
0x000075fd4a5cfea0:   000075fd4491d4c0 000075fd180fa440
0x000075fd4a5cfeb0:   000075fd4a5cfed0 000075fd180a2da9
0x000075fd4a5cfec0:   000075fd180fa440 000075fd4a5cfef0
0x000075fd4a5cfed0:   000075fd4a5cff00 000075fd180d419c
0x000075fd4a5cfee0:   0000000c00800000 000075fd180fa440
0x000075fd4a5cfef0:   00007501180fa440 000075fd4491d580
0x000075fd4a5cff00:   000075fd4a5cff40 000075fd180d40c9
0x000075fd4a5cff10:   000075fd4491d440 000075fd180d5000
0x000075fd4a5cff20:   000075fd180fa440 ba7aa0f5519c5f00 

Instructions: (pc=0x000075fd1808c89d)
0x000075fd1808c79d:   b8 ff ff ff 25 12 dc 06 00 68 77 04 00 00 e9 70
0x000075fd1808c7ad:   b8 ff ff ff 25 9a b7 06 00 66 90 ff 25 02 b8 06
0x000075fd1808c7bd:   00 66 90 48 8d 3d 51 dc 06 00 48 8d 05 4a dc 06
0x000075fd1808c7cd:   00 48 39 f8 74 15 48 8b 05 d6 b7 06 00 48 85 c0
0x000075fd1808c7dd:   74 09 ff e0 0f 1f 80 00 00 00 00 c3 0f 1f 80 00
0x000075fd1808c7ed:   00 00 00 48 8d 3d 21 dc 06 00 48 8d 35 1a dc 06
0x000075fd1808c7fd:   00 48 29 fe 48 89 f0 48 c1 ee 3f 48 c1 f8 03 48
0x000075fd1808c80d:   01 c6 48 d1 fe 74 14 48 8b 05 c5 b7 06 00 48 85
0x000075fd1808c81d:   c0 74 08 ff e0 66 0f 1f 44 00 00 c3 0f 1f 80 00
0x000075fd1808c82d:   00 00 00 f3 0f 1e fa 80 3d e5 db 06 00 00 75 33
0x000075fd1808c83d:   55 48 83 3d f2 b6 06 00 00 48 89 e5 74 0d 48 8b
0x000075fd1808c84d:   3d 6e db 06 00 ff 15 e0 b6 06 00 e8 63 ff ff ff
0x000075fd1808c85d:   c6 05 bc db 06 00 01 5d c3 66 2e 0f 1f 84 00 00
0x000075fd1808c86d:   00 00 00 c3 66 66 2e 0f 1f 84 00 00 00 00 00 0f
0x000075fd1808c87d:   1f 40 00 f3 0f 1e fa e9 67 ff ff ff 52 48 8d 3d
0x000075fd1808c88d:   7f b6 06 00 e8 4a f4 ff ff 48 8b 80 00 00 00 00
0x000075fd1808c89d:   48 8b 40 08 48 85 c0 78 07 f2 48 0f 2a c0 eb 15
0x000075fd1808c8ad:   48 89 c2 83 e0 01 48 d1 ea 48 09 c2 f2 48 0f 2a
0x000075fd1808c8bd:   c2 f2 0f 58 c0 58 c3 50 89 f2 31 c0 48 89 fe 48
0x000075fd1808c8cd:   8d 3d 6d 87 04 00 e8 58 b8 ff ff e8 60 03 00 00
0x000075fd1808c8dd:   be 01 00 00 00 5a 48 89 c7 e9 9d ee 00 00 41 57
0x000075fd1808c8ed:   41 56 49 89 d6 41 55 41 54 49 89 cc 55 53 48 89
0x000075fd1808c8fd:   fb 49 63 f8 48 83 ec 18 89 7c 24 0c e8 f2 f2 ff
0x000075fd1808c90d:   ff 48 8b 03 31 d2 4c 89 f6 48 89 df ff 90 48 05
0x000075fd1808c91d:   00 00 31 d2 4c 89 e6 48 89 df 49 89 c7 48 8b 03
0x000075fd1808c92d:   ff 90 48 05 00 00 bf 78 04 00 00 49 89 c5 e8 e0
0x000075fd1808c93d:   db ff ff 8b 4c 24 0c 4c 89 ea 4c 89 fe 48 89 c7
0x000075fd1808c94d:   48 89 c5 e8 d7 03 00 00 48 8b 03 4c 89 fa 4c 89
0x000075fd1808c95d:   f6 48 89 df ff 90 50 05 00 00 48 8b 03 4c 89 ea
0x000075fd1808c96d:   4c 89 e6 48 89 df ff 90 50 05 00 00 48 83 c4 18
0x000075fd1808c97d:   48 89 e8 5b 5d 41 5c 41 5d 41 5e 41 5f c3 48 89
0x000075fd1808c98d:   c3 48 89 ef be 78 04 00 00 e8 25 dc ff ff 48 89 


Stack slot to memory mapping:
stack at sp + 0 slots: 0x0000000000000001 is an unknown value
stack at sp + 1 slots: 0x000075fd180a30cd: <offset 0x00000000000470cd> in /home/mahir/fun/CPU/nebula-risc-v/simWorkspace/decoderForTest/verilator/verilator_642291766835216141.so at 0x000075fd1805c000
stack at sp + 2 slots: 0x000075fd4a5cfd60 is pointing into the stack for thread: 0x000075fd440159e0
stack at sp + 3 slots: 0x000075fd180a3137: <offset 0x0000000000047137> in /home/mahir/fun/CPU/nebula-risc-v/simWorkspace/decoderForTest/verilator/verilator_642291766835216141.so at 0x000075fd1805c000
stack at sp + 4 slots: 0x000075fd180fa440: <offset 0x000000000009e440> in /home/mahir/fun/CPU/nebula-risc-v/simWorkspace/decoderForTest/verilator/verilator_642291766835216141.so at 0x000075fd1805c000
stack at sp + 5 slots: 0x000075fd180fa440: <offset 0x000000000009e440> in /home/mahir/fun/CPU/nebula-risc-v/simWorkspace/decoderForTest/verilator/verilator_642291766835216141.so at 0x000075fd1805c000
stack at sp + 6 slots: 0x000075fd4a5cff40 is pointing into the stack for thread: 0x000075fd440159e0
stack at sp + 7 slots: 0x000075fd1809c162: <offset 0x0000000000040162> in /home/mahir/fun/CPU/nebula-risc-v/simWorkspace/decoderForTest/verilator/verilator_642291766835216141.so at 0x000075fd1805c000


---------------  P R O C E S S  ---------------

Threads class SMR info:
_java_thread_list=0x000075fc681690c0, length=23, elements={
0x000075fd440159e0, 0x000075fd4416d390, 0x000075fd4416e790, 0x000075fd44173d00,
0x000075fd441750d0, 0x000075fd44176500, 0x000075fd44177f50, 0x000075fd441794a0,
0x000075fd4417a930, 0x000075fd44182760, 0x000075fd44185ed0, 0x000075fc8402be00,
0x000075fc8405da10, 0x000075fc8405eba0, 0x000075fc5c062d80, 0x000075fd445b9dc0,
0x000075fd4459e4d0, 0x000075fc680ca5f0, 0x000075fbfc0013b0, 0x000075fc54011ca0,
0x000075fc5c0771a0, 0x000075fc681675d0, 0x000075fc68168430
}

Java Threads: ( => current thread )
=>0x000075fd440159e0 JavaThread "main" [_thread_in_native, id=66966, stack(0x000075fd4a4d2000,0x000075fd4a5d2000)]
  0x000075fd4416d390 JavaThread "Reference Handler" daemon [_thread_blocked, id=66973, stack(0x000075fd138fa000,0x000075fd139fa000)]
  0x000075fd4416e790 JavaThread "Finalizer" daemon [_thread_blocked, id=66974, stack(0x000075fd137f9000,0x000075fd138f9000)]
  0x000075fd44173d00 JavaThread "Signal Dispatcher" daemon [_thread_blocked, id=66975, stack(0x000075fd136f8000,0x000075fd137f8000)]
  0x000075fd441750d0 JavaThread "Service Thread" daemon [_thread_blocked, id=66976, stack(0x000075fd13300000,0x000075fd13400000)]
  0x000075fd44176500 JavaThread "Monitor Deflation Thread" daemon [_thread_blocked, id=66977, stack(0x000075fd131ff000,0x000075fd132ff000)]
  0x000075fd44177f50 JavaThread "C2 CompilerThread0" daemon [_thread_blocked, id=66978, stack(0x000075fd130fe000,0x000075fd131fe000)]
  0x000075fd441794a0 JavaThread "C1 CompilerThread0" daemon [_thread_blocked, id=66979, stack(0x000075fd12ffd000,0x000075fd130fd000)]
  0x000075fd4417a930 JavaThread "Sweeper thread" daemon [_thread_blocked, id=66980, stack(0x000075fd12efc000,0x000075fd12ffc000)]
  0x000075fd44182760 JavaThread "Notification Thread" daemon [_thread_blocked, id=66981, stack(0x000075fd12dfb000,0x000075fd12efb000)]
  0x000075fd44185ed0 JavaThread "Common-Cleaner" daemon [_thread_blocked, id=66983, stack(0x000075fd12bf9000,0x000075fd12cf9000)]
  0x000075fc8402be00 JavaThread "C1 CompilerThread1" daemon [_thread_blocked, id=66984, stack(0x000075fd12af8000,0x000075fd12bf8000)]
  0x000075fc8405da10 JavaThread "C1 CompilerThread2" daemon [_thread_blocked, id=66985, stack(0x000075fd129f7000,0x000075fd12af7000)]
  0x000075fc8405eba0 JavaThread "C1 CompilerThread3" daemon [_thread_blocked, id=66986, stack(0x000075fd128f6000,0x000075fd129f6000)]
  0x000075fc5c062d80 JavaThread "C2 CompilerThread1" daemon [_thread_in_native, id=66995, stack(0x000075fd127f5000,0x000075fd128f5000)]
  0x000075fd445b9dc0 JavaThread "process reaper" daemon [_thread_blocked, id=67010, stack(0x000075fd48007000,0x000075fd48029000)]
  0x000075fd4459e4d0 JavaThread "JNA Cleaner" daemon [_thread_blocked, id=67011, stack(0x000075fd11be9000,0x000075fd11ce9000)]
  0x000075fc680ca5f0 JavaThread "C2 CompilerThread2" daemon [_thread_in_native, id=67014, stack(0x000075fd11700000,0x000075fd11800000)]
  0x000075fbfc0013b0 JavaThread "C2 CompilerThread3" daemon [_thread_blocked, id=67015, stack(0x000075fd115ff000,0x000075fd116ff000)]
  0x000075fc54011ca0 JavaThread "C2 CompilerThread4" daemon [_thread_blocked, id=67016, stack(0x000075fd114fe000,0x000075fd115fe000)]
  0x000075fc5c0771a0 JavaThread "C2 CompilerThread5" daemon [_thread_blocked, id=67017, stack(0x000075fd113fd000,0x000075fd114fd000)]
  0x000075fc681675d0 JavaThread "C2 CompilerThread6" daemon [_thread_blocked, id=67040, stack(0x000075fd10ff9000,0x000075fd110f9000)]
  0x000075fc68168430 JavaThread "C2 CompilerThread7" daemon [_thread_in_native, id=67041, stack(0x000075fd10ef8000,0x000075fd10ff8000)]

Other Threads:
  0x000075fd441693f0 VMThread "VM Thread" [stack: 0x000075fd139fb000,0x000075fd13afb000] [id=66972]
  0x000075fd441840c0 WatcherThread [stack: 0x000075fd12cfa000,0x000075fd12dfa000] [id=66982]
  0x000075fd44045c50 GCTaskThread "GC Thread#0" [stack: 0x000075fd48bde000,0x000075fd48cde000] [id=66967]
  0x000075fcb0007ef0 GCTaskThread "GC Thread#1" [stack: 0x000075fd126f4000,0x000075fd127f4000] [id=66996]
  0x000075fcb0008910 GCTaskThread "GC Thread#2" [stack: 0x000075fd125f3000,0x000075fd126f3000] [id=66997]
  0x000075fcb0009330 GCTaskThread "GC Thread#3" [stack: 0x000075fd124f2000,0x000075fd125f2000] [id=66998]
  0x000075fcb0009d50 GCTaskThread "GC Thread#4" [stack: 0x000075fd123f1000,0x000075fd124f1000] [id=66999]
  0x000075fcb000a770 GCTaskThread "GC Thread#5" [stack: 0x000075fd122f0000,0x000075fd123f0000] [id=67000]
  0x000075fcb000b1c0 GCTaskThread "GC Thread#6" [stack: 0x000075fd121ef000,0x000075fd122ef000] [id=67001]
  0x000075fcb000bc10 GCTaskThread "GC Thread#7" [stack: 0x000075fd120ee000,0x000075fd121ee000] [id=67002]
  0x000075fcb000c680 GCTaskThread "GC Thread#8" [stack: 0x000075fd11fed000,0x000075fd120ed000] [id=67003]
  0x000075fcb000d110 GCTaskThread "GC Thread#9" [stack: 0x000075fd11eec000,0x000075fd11fec000] [id=67004]
  0x000075fcb000dba0 GCTaskThread "GC Thread#10" [stack: 0x000075fd11deb000,0x000075fd11eeb000] [id=67005]
  0x000075fcb000e630 GCTaskThread "GC Thread#11" [stack: 0x000075fd11cea000,0x000075fd11dea000] [id=67006]
  0x000075fd44056cd0 ConcurrentGCThread "G1 Main Marker" [stack: 0x000075fd48add000,0x000075fd48bdd000] [id=66968]
  0x000075fd44057c60 ConcurrentGCThread "G1 Conc#0" [stack: 0x000075fd489dc000,0x000075fd48adc000] [id=66969]
  0x000075fd0c000ea0 ConcurrentGCThread "G1 Conc#1" [stack: 0x000075fd110fa000,0x000075fd111fa000] [id=67036]
  0x000075fd0c001500 ConcurrentGCThread "G1 Conc#2" [stack: 0x000075fd111fb000,0x000075fd112fb000] [id=67037]
  0x000075fd0c001b10 ConcurrentGCThread "G1 Conc#3" [stack: 0x000075fd112fc000,0x000075fd113fc000] [id=67038]
  0x000075fd0c002150 ConcurrentGCThread "G1 Conc#4" [stack: 0x000075fd11ae8000,0x000075fd11be8000] [id=67039]
  0x000075fd441389e0 ConcurrentGCThread "G1 Refine#0" [stack: 0x000075fd13bfd000,0x000075fd13cfd000] [id=66970]
  0x000075fd441398f0 ConcurrentGCThread "G1 Service" [stack: 0x000075fd13afc000,0x000075fd13bfc000] [id=66971]

Threads with active compile tasks:
C2 CompilerThread1      881 3854       4       java.util.HashMap::put (13 bytes)
C2 CompilerThread2      881 3727       4       jdk.internal.org.objectweb.asm.SymbolTable::addConstantMemberReference (147 bytes)
C2 CompilerThread7      881 3884       4       jdk.internal.org.objectweb.asm.MethodWriter::visitInsn (115 bytes)

VM state: not at safepoint (normal execution)

VM Mutex/Monitor currently owned by a thread: None

Heap address: 0x000000060bc00000, size: 8004 MB, Compressed Oops mode: Zero based, Oop shift amount: 3

CDS archive(s) mapped at: [0x000075fcbb000000-0x000075fcbbbc7000-0x000075fcbbbc7000), size 12349440, SharedBaseAddress: 0x000075fcbb000000, ArchiveRelocationMode: 1.
Compressed class space mapped at: 0x000075fcbc000000-0x000075fcfc000000, reserved size: 1073741824
Narrow klass base: 0x000075fcbb000000, Narrow klass shift: 0, Narrow klass range: 0x100000000

GC Precious Log:
 CPUs: 24 total, 24 available
 Memory: 32014M
 Large Page Support: Disabled
 NUMA Support: Disabled
 Compressed Oops: Enabled (Zero based)
 Heap Region Size: 4M
 Heap Min Capacity: 8M
 Heap Initial Capacity: 504M
 Heap Max Capacity: 8004M
 Pre-touch: Disabled
 Parallel Workers: 18
 Concurrent Workers: 5
 Concurrent Refinement Workers: 18
 Periodic GC: Disabled

Heap:
 garbage-first heap   total 69632K, used 43157K [0x000000060bc00000, 0x0000000800000000)
  region size 4096K, 10 young (40960K), 1 survivors (4096K)
 Metaspace       used 26858K, committed 27136K, reserved 1114112K
  class space    used 3652K, committed 3776K, reserved 1048576K

Heap Regions: E=young(eden), S=young(survivor), O=old, HS=humongous(starts), HC=humongous(continues), CS=collection set, F=free, OA=open archive, CA=closed archive, TAMS=top-at-mark-start (previous, next)
|   0|0x000000060bc00000, 0x000000060bf6b200, 0x000000060c000000| 85%| O|  |TAMS 0x000000060bf6b200, 0x000000060bc00000| Complete 
|   1|0x000000060c000000, 0x000000060c000000, 0x000000060c400000|  0%| F|  |TAMS 0x000000060c000000, 0x000000060c000000| Untracked 
|   2|0x000000060c400000, 0x000000060c400000, 0x000000060c800000|  0%| F|  |TAMS 0x000000060c400000, 0x000000060c400000| Untracked 
|   3|0x000000060c800000, 0x000000060c800000, 0x000000060cc00000|  0%| F|  |TAMS 0x000000060c800000, 0x000000060c800000| Untracked 
|   4|0x000000060cc00000, 0x000000060cc00000, 0x000000060d000000|  0%| F|  |TAMS 0x000000060cc00000, 0x000000060cc00000| Untracked 
|   5|0x000000060d000000, 0x000000060d32f9d0, 0x000000060d400000| 79%| E|  |TAMS 0x000000060d000000, 0x000000060d000000| Complete 
|   6|0x000000060d400000, 0x000000060d800000, 0x000000060d800000|100%| E|CS|TAMS 0x000000060d400000, 0x000000060d400000| Complete 
|   7|0x000000060d800000, 0x000000060dc00000, 0x000000060dc00000|100%| E|CS|TAMS 0x000000060d800000, 0x000000060d800000| Complete 
|   8|0x000000060dc00000, 0x000000060e000000, 0x000000060e000000|100%| E|CS|TAMS 0x000000060dc00000, 0x000000060dc00000| Complete 
|   9|0x000000060e000000, 0x000000060e400000, 0x000000060e400000|100%| E|CS|TAMS 0x000000060e000000, 0x000000060e000000| Complete 
|  10|0x000000060e400000, 0x000000060e800000, 0x000000060e800000|100%| E|CS|TAMS 0x000000060e400000, 0x000000060e400000| Complete 
|  11|0x000000060e800000, 0x000000060ec00000, 0x000000060ec00000|100%| E|CS|TAMS 0x000000060e800000, 0x000000060e800000| Complete 
|  12|0x000000060ec00000, 0x000000060f000000, 0x000000060f000000|100%| E|CS|TAMS 0x000000060ec00000, 0x000000060ec00000| Complete 
| 114|0x0000000628400000, 0x00000006286ce288, 0x0000000628800000| 70%| S|CS|TAMS 0x0000000628400000, 0x0000000628400000| Complete 
| 125|0x000000062b000000, 0x000000062b400000, 0x000000062b400000|100%| E|CS|TAMS 0x000000062b000000, 0x000000062b000000| Complete 
|1999|0x00000007ff800000, 0x00000007ffb75000, 0x00000007ffc00000| 86%|OA|  |TAMS 0x00000007ffb75000, 0x00000007ff800000| Untracked 
|2000|0x00000007ffc00000, 0x00000007ffc77000, 0x0000000800000000| 11%|CA|  |TAMS 0x00000007ffc77000, 0x00000007ffc00000| Untracked 

Card table byte_map: [0x000075fd2b200000,0x000075fd2c1a2000] _byte_map_base: 0x000075fd281a2000

Marking Bits (Prev, Next): (CMBitMap*) 0x000075fd44046730, (CMBitMap*) 0x000075fd440466f0
 Prev Bits: [0x000075fd1a600000, 0x000075fd22310000)
 Next Bits: [0x000075fd22400000, 0x000075fd2a110000)

Polling page: 0x000075fd4b82c000

Metaspace:

Usage:
  Non-class:     22.66 MB used.
      Class:      3.57 MB used.
       Both:     26.23 MB used.

Virtual space:
  Non-class space:       64.00 MB reserved,      22.81 MB ( 36%) committed,  1 nodes.
      Class space:        1.00 GB reserved,       3.69 MB ( <1%) committed,  1 nodes.
             Both:        1.06 GB reserved,      26.50 MB (  2%) committed. 

Chunk freelists:
   Non-Class:  8.25 MB
       Class:  12.36 MB
        Both:  20.61 MB

MaxMetaspaceSize: unlimited
CompressedClassSpaceSize: 1.00 GB
Initial GC threshold: 21.00 MB
Current GC threshold: 35.56 MB
CDS: on
MetaspaceReclaimPolicy: balanced
 - commit_granule_bytes: 65536.
 - commit_granule_words: 8192.
 - virtual_space_node_default_size: 8388608.
 - enlarge_chunks_in_place: 1.
 - new_chunks_are_fully_committed: 0.
 - uncommit_free_chunks: 1.
 - use_allocation_guard: 0.
 - handle_deallocations: 1.


Internal statistics:

num_allocs_failed_limit: 3.
num_arena_births: 224.
num_arena_deaths: 0.
num_vsnodes_births: 2.
num_vsnodes_deaths: 0.
num_space_committed: 424.
num_space_uncommitted: 0.
num_chunks_returned_to_freelist: 3.
num_chunks_taken_from_freelist: 1096.
num_chunk_merges: 3.
num_chunk_splits: 835.
num_chunks_enlarged: 704.
num_inconsistent_stats: 0.

CodeHeap 'non-profiled nmethods': size=119168Kb used=1529Kb max_used=1529Kb free=117638Kb
 bounds [0x000075fd34da0000, 0x000075fd35010000, 0x000075fd3c200000]
CodeHeap 'profiled nmethods': size=119164Kb used=7197Kb max_used=7197Kb free=111966Kb
 bounds [0x000075fd2d200000, 0x000075fd2d910000, 0x000075fd3465f000]
CodeHeap 'non-nmethods': size=7428Kb used=2935Kb max_used=2983Kb free=4493Kb
 bounds [0x000075fd3465f000, 0x000075fd3494f000, 0x000075fd34da0000]
 total_blobs=4437 nmethods=3881 adapters=465
 compilation: enabled
              stopped_count=0, restarted_count=0
 full_count=0

Compilation events (20 events):
Event: 0.877 Thread 0x000075fc8402be00 3874       1       scala.collection.immutable.HashMap$HashMap1::hash (5 bytes)
Event: 0.877 Thread 0x000075fc8402be00 nmethod 3874 0x000075fd34f1de90 code [0x000075fd34f1e020, 0x000075fd34f1e0f0]
Event: 0.877 Thread 0x000075fc8405eba0 3875       3       scala.collection.immutable.HashMap$HashMapBuilder::addOne (415 bytes)
Event: 0.877 Thread 0x000075fc8405da10 3876       3       scala.collection.immutable.AbstractMap::<init> (21 bytes)
Event: 0.877 Thread 0x000075fd441794a0 3877       3       scala.collection.immutable.MapLike::$init$ (1 bytes)
Event: 0.877 Thread 0x000075fc8402be00 3878       3       scala.collection.immutable.Map::$init$ (1 bytes)
Event: 0.877 Thread 0x000075fc681675d0 3880       4       scala.collection.CustomParallelizable::$init$ (1 bytes)
Event: 0.877 Thread 0x000075fd441794a0 nmethod 3877 0x000075fd2d900710 code [0x000075fd2d9008a0, 0x000075fd2d900990]
Event: 0.877 Thread 0x000075fd441794a0 3882       3       scala.collection.immutable.HashMap$HashTrieMap::size (5 bytes)
Event: 0.877 Thread 0x000075fc8402be00 nmethod 3878 0x000075fd2d900a10 code [0x000075fd2d900ba0, 0x000075fd2d900c90]
Event: 0.877 Thread 0x000075fc8402be00 3881       3       scala.collection.immutable.HashMap$HashMapBuilder::isMutable (19 bytes)
Event: 0.877 Thread 0x000075fc681675d0 nmethod 3880 0x000075fd34f1e190 code [0x000075fd34f1e300, 0x000075fd34f1e358]
Event: 0.877 Thread 0x000075fd441794a0 nmethod 3882 0x000075fd2d900d10 code [0x000075fd2d900ea0, 0x000075fd2d900fb0]
Event: 0.877 Thread 0x000075fd441794a0 3879       3       scala.collection.immutable.HashMap::<init> (9 bytes)
Event: 0.877 Thread 0x000075fc8402be00 nmethod 3881 0x000075fd2d901090 code [0x000075fd2d901240, 0x000075fd2d9015a0]
Event: 0.877 Thread 0x000075fc8402be00 3883       1       scala.collection.immutable.HashMap$HashMap1::size (2 bytes)
Event: 0.877 Thread 0x000075fc68168430 3884       4       jdk.internal.org.objectweb.asm.MethodWriter::visitInsn (115 bytes)
Event: 0.877 Thread 0x000075fc8402be00 nmethod 3883 0x000075fd34f1e490 code [0x000075fd34f1e620, 0x000075fd34f1e6f0]
Event: 0.877 Thread 0x000075fc8405da10 nmethod 3876 0x000075fd2d901690 code [0x000075fd2d9018a0, 0x000075fd2d901ee0]
Event: 0.877 Thread 0x000075fd441794a0 nmethod 3879 0x000075fd2d902190 code [0x000075fd2d9023c0, 0x000075fd2d902ac0]

GC Heap History (6 events):
Event: 0.216 GC heap before
{Heap before GC invocations=0 (full 0):
 garbage-first heap   total 524288K, used 24496K [0x000000060bc00000, 0x0000000800000000)
  region size 4096K, 6 young (24576K), 0 survivors (0K)
 Metaspace       used 7808K, committed 7936K, reserved 1114112K
  class space    used 968K, committed 1024K, reserved 1048576K
}
Event: 0.220 GC heap after
{Heap after GC invocations=1 (full 0):
 garbage-first heap   total 524288K, used 7889K [0x000000060bc00000, 0x0000000800000000)
  region size 4096K, 1 young (4096K), 1 survivors (4096K)
 Metaspace       used 7808K, committed 7936K, reserved 1114112K
  class space    used 968K, committed 1024K, reserved 1048576K
}
Event: 0.382 GC heap before
{Heap before GC invocations=1 (full 0):
 garbage-first heap   total 524288K, used 36561K [0x000000060bc00000, 0x0000000800000000)
  region size 4096K, 8 young (32768K), 1 survivors (4096K)
 Metaspace       used 13204K, committed 13312K, reserved 1114112K
  class space    used 1638K, committed 1664K, reserved 1048576K
}
Event: 0.386 GC heap after
{Heap after GC invocations=2 (full 0):
 garbage-first heap   total 524288K, used 8851K [0x000000060bc00000, 0x0000000800000000)
  region size 4096K, 1 young (4096K), 1 survivors (4096K)
 Metaspace       used 13204K, committed 13312K, reserved 1114112K
  class space    used 1638K, committed 1664K, reserved 1048576K
}
Event: 0.671 GC heap before
{Heap before GC invocations=2 (full 0):
 garbage-first heap   total 524288K, used 45715K [0x000000060bc00000, 0x0000000800000000)
  region size 4096K, 11 young (45056K), 1 survivors (4096K)
 Metaspace       used 21278K, committed 21504K, reserved 1114112K
  class space    used 2981K, committed 3072K, reserved 1048576K
}
Event: 0.676 GC heap after
{Heap after GC invocations=3 (full 0):
 garbage-first heap   total 524288K, used 10389K [0x000000060bc00000, 0x0000000800000000)
  region size 4096K, 1 young (4096K), 1 survivors (4096K)
 Metaspace       used 21278K, committed 21504K, reserved 1114112K
  class space    used 2981K, committed 3072K, reserved 1048576K
}

Dll operation events (8 events):
Event: 0.001 Loaded shared library /usr/lib/jvm/java-17-openjdk/lib/libjava.so
Event: 0.011 Loaded shared library /usr/lib/jvm/java-17-openjdk/lib/libjsvml.so
Event: 0.018 Loaded shared library /usr/lib/jvm/java-17-openjdk/lib/libnio.so
Event: 0.018 Loaded shared library /usr/lib/jvm/java-17-openjdk/lib/libzip.so
Event: 0.049 Loaded shared library /usr/lib/jvm/java-17-openjdk/lib/libjimage.so
Event: 0.266 Loaded shared library /home/mahir/.cache/JNA/temp/jna11514933299812586535.tmp
Event: 0.291 Loaded shared library /usr/lib/jvm/java-17-openjdk/lib/libnet.so
Event: 0.875 Loaded shared library /home/mahir/fun/CPU/nebula-risc-v/simWorkspace/decoderForTest/verilator/verilator_642291766835216141.so

Deoptimization events (20 events):
Event: 0.863 Thread 0x000075fd440159e0 Uncommon trap: trap_request=0xffffffc6 fr.pc=0x000075fd34ee30bc relative=0x00000000000012fc
Event: 0.863 Thread 0x000075fd440159e0 Uncommon trap: reason=bimorphic_or_optimized_type_check action=maybe_recompile pc=0x000075fd34ee30bc method=java.util.HashMap.putVal(ILjava/lang/Object;Ljava/lang/Object;ZZ)Ljava/lang/Object; @ 56 c2
Event: 0.863 Thread 0x000075fd440159e0 DEOPT PACKING pc=0x000075fd34ee30bc sp=0x000075fd4a5cf7e0
Event: 0.863 Thread 0x000075fd440159e0 DEOPT UNPACKING pc=0x000075fd346b5699 sp=0x000075fd4a5cf710 mode 2
Event: 0.866 Thread 0x000075fd440159e0 Uncommon trap: trap_request=0xffffffc6 fr.pc=0x000075fd34ee3274 relative=0x00000000000014b4
Event: 0.866 Thread 0x000075fd440159e0 Uncommon trap: reason=bimorphic_or_optimized_type_check action=maybe_recompile pc=0x000075fd34ee3274 method=java.util.HashMap.putVal(ILjava/lang/Object;Ljava/lang/Object;ZZ)Ljava/lang/Object; @ 253 c2
Event: 0.866 Thread 0x000075fd440159e0 DEOPT PACKING pc=0x000075fd34ee3274 sp=0x000075fd4a5cf750
Event: 0.866 Thread 0x000075fd440159e0 DEOPT UNPACKING pc=0x000075fd346b5699 sp=0x000075fd4a5cf6a8 mode 2
Event: 0.868 Thread 0x000075fd440159e0 Uncommon trap: trap_request=0xffffffc6 fr.pc=0x000075fd34ee3274 relative=0x00000000000014b4
Event: 0.868 Thread 0x000075fd440159e0 Uncommon trap: reason=bimorphic_or_optimized_type_check action=maybe_recompile pc=0x000075fd34ee3274 method=java.util.HashMap.putVal(ILjava/lang/Object;Ljava/lang/Object;ZZ)Ljava/lang/Object; @ 253 c2
Event: 0.868 Thread 0x000075fd440159e0 DEOPT PACKING pc=0x000075fd34ee3274 sp=0x000075fd4a5cf740
Event: 0.868 Thread 0x000075fd440159e0 DEOPT UNPACKING pc=0x000075fd346b5699 sp=0x000075fd4a5cf698 mode 2
Event: 0.869 Thread 0x000075fd440159e0 Uncommon trap: trap_request=0xffffffc6 fr.pc=0x000075fd34ef5d60 relative=0x0000000000001420
Event: 0.869 Thread 0x000075fd440159e0 Uncommon trap: reason=bimorphic_or_optimized_type_check action=maybe_recompile pc=0x000075fd34ef5d60 method=java.util.HashMap.putVal(ILjava/lang/Object;Ljava/lang/Object;ZZ)Ljava/lang/Object; @ 253 c2
Event: 0.869 Thread 0x000075fd440159e0 DEOPT PACKING pc=0x000075fd34ef5d60 sp=0x000075fd4a5cf6b0
Event: 0.869 Thread 0x000075fd440159e0 DEOPT UNPACKING pc=0x000075fd346b5699 sp=0x000075fd4a5cf690 mode 2
Event: 0.875 Thread 0x000075fd440159e0 Uncommon trap: trap_request=0xffffffde fr.pc=0x000075fd34de909c relative=0x000000000000117c
Event: 0.875 Thread 0x000075fd440159e0 Uncommon trap: reason=class_check action=maybe_recompile pc=0x000075fd34de909c method=jdk.internal.loader.URLClassPath.getLoader(I)Ljdk/internal/loader/URLClassPath$Loader; @ 88 c2
Event: 0.875 Thread 0x000075fd440159e0 DEOPT PACKING pc=0x000075fd34de909c sp=0x000075fd4a5cf830
Event: 0.875 Thread 0x000075fd440159e0 DEOPT UNPACKING pc=0x000075fd346b5699 sp=0x000075fd4a5cf820 mode 2

Classes loaded (20 events):
Event: 0.874 Loading class java/util/EnumMap$EnumMapIterator done
Event: 0.874 Loading class java/util/EnumMap$ValueIterator done
Event: 0.874 Loading class java/util/WeakHashMap$KeyIterator
Event: 0.874 Loading class java/util/WeakHashMap$HashIterator
Event: 0.874 Loading class java/util/WeakHashMap$HashIterator done
Event: 0.874 Loading class java/util/WeakHashMap$KeyIterator done
Event: 0.875 Loading class java/net/URLClassLoader$1
Event: 0.875 Loading class java/net/URLClassLoader$1 done
Event: 0.875 Loading class java/io/FilePermission$1
Event: 0.875 Loading class jdk/internal/access/JavaIOFilePermissionAccess
Event: 0.875 Loading class jdk/internal/access/JavaIOFilePermissionAccess done
Event: 0.875 Loading class java/io/FilePermission$1 done
Event: 0.875 Loading class java/io/FilePermissionCollection
Event: 0.875 Loading class java/io/FilePermissionCollection done
Event: 0.875 Loading class java/util/Vector
Event: 0.875 Loading class java/util/Vector done
Event: 0.875 Loading class java/io/FilePermissionCollection$1
Event: 0.875 Loading class java/io/FilePermissionCollection$1 done
Event: 0.876 Loading class jdk/internal/loader/NativeLibraries$Unloader
Event: 0.876 Loading class jdk/internal/loader/NativeLibraries$Unloader done

Classes unloaded (0 events):
No events

Classes redefined (0 events):
No events

Internal exceptions (20 events):
Event: 0.650 Thread 0x000075fd440159e0 Exception <a 'java/lang/NoSuchMethodError'{0x0000000628e59c80}: 'java.lang.Object java.lang.invoke.DirectMethodHandle$Holder.invokeVirtual(java.lang.Object, java.lang.Object, java.lang.Object)'> (0x0000000628e59c80) 
thrown [/usr/src/debug/java17-openjdk/jdk17u-jdk-17.0.12-7/src/hotspot/share/interpreter/linkResolver.cpp, line 758]
Event: 0.650 Thread 0x000075fd440159e0 Exception <a 'java/lang/NoSuchMethodError'{0x0000000628e63a80}: 'int java.lang.invoke.DirectMethodHandle$Holder.invokeInterface(java.lang.Object, java.lang.Object)'> (0x0000000628e63a80) 
thrown [/usr/src/debug/java17-openjdk/jdk17u-jdk-17.0.12-7/src/hotspot/share/interpreter/linkResolver.cpp, line 758]
Event: 0.655 Thread 0x000075fd440159e0 Exception <a 'sun/nio/fs/UnixException'{0x0000000628fe3a58}> (0x0000000628fe3a58) 
thrown [/usr/src/debug/java17-openjdk/jdk17u-jdk-17.0.12-7/src/hotspot/share/prims/jni.cpp, line 516]
Event: 0.655 Thread 0x000075fd440159e0 Exception <a 'sun/nio/fs/UnixException'{0x0000000628fe41d0}> (0x0000000628fe41d0) 
thrown [/usr/src/debug/java17-openjdk/jdk17u-jdk-17.0.12-7/src/hotspot/share/prims/jni.cpp, line 516]
Event: 0.658 Thread 0x000075fd440159e0 Exception <a 'java/lang/NoSuchMethodError'{0x000000062884d1e0}: 'int java.lang.invoke.DirectMethodHandle$Holder.invokeVirtual(java.lang.Object, java.lang.Object, java.lang.Object)'> (0x000000062884d1e0) 
thrown [/usr/src/debug/java17-openjdk/jdk17u-jdk-17.0.12-7/src/hotspot/share/interpreter/linkResolver.cpp, line 758]
Event: 0.658 Thread 0x000075fd440159e0 Exception <a 'java/lang/NoSuchMethodError'{0x00000006288539b8}: 'void java.lang.invoke.DirectMethodHandle$Holder.invokeInterface(java.lang.Object, java.lang.Object, java.lang.Object)'> (0x00000006288539b8) 
thrown [/usr/src/debug/java17-openjdk/jdk17u-jdk-17.0.12-7/src/hotspot/share/interpreter/linkResolver.cpp, line 758]
Event: 0.688 Thread 0x000075fd440159e0 Exception <a 'java/lang/NoSuchMethodError'{0x000000062b0412e8}: 'int java.lang.invoke.DirectMethodHandle$Holder.invokeStaticInit(java.lang.Object, java.lang.Object)'> (0x000000062b0412e8) 
thrown [/usr/src/debug/java17-openjdk/jdk17u-jdk-17.0.12-7/src/hotspot/share/interpreter/linkResolver.cpp, line 758]
Event: 0.749 Thread 0x000075fd440159e0 Exception <a 'java/lang/NoSuchMethodError'{0x000000060ed31680}: 'int java.lang.invoke.DirectMethodHandle$Holder.invokeSpecial(java.lang.Object, java.lang.Object, java.lang.Object, java.lang.Object)'> (0x000000060ed31680) 
thrown [/usr/src/debug/java17-openjdk/jdk17u-jdk-17.0.12-7/src/hotspot/share/interpreter/linkResolver.cpp, line 758]
Event: 0.751 Thread 0x000075fd440159e0 Exception <a 'java/lang/NoSuchMethodError'{0x000000060ed44908}: 'java.lang.Object java.lang.invoke.DirectMethodHandle$Holder.invokeVirtual(java.lang.Object, java.lang.Object, java.lang.Object, int, int)'> (0x000000060ed44908) 
thrown [/usr/src/debug/java17-openjdk/jdk17u-jdk-17.0.12-7/src/hotspot/share/interpreter/linkResolver.cpp, line 758]
Event: 0.751 Thread 0x000075fd440159e0 Exception <a 'java/lang/NoSuchMethodError'{0x000000060ed4b198}: 'java.lang.Object java.lang.invoke.DirectMethodHandle$Holder.invokeVirtual(java.lang.Object, java.lang.Object, int)'> (0x000000060ed4b198) 
thrown [/usr/src/debug/java17-openjdk/jdk17u-jdk-17.0.12-7/src/hotspot/share/interpreter/linkResolver.cpp, line 758]
Event: 0.761 Thread 0x000075fd440159e0 Exception <a 'java/lang/NoSuchMethodError'{0x000000060edfa540}: 'void java.lang.invoke.DirectMethodHandle$Holder.invokeSpecial(java.lang.Object, java.lang.Object, java.lang.Object, java.lang.Object, java.lang.Object, java.lang.Object)'> (0x000000060edfa540) 
thrown [/usr/src/debug/java17-openjdk/jdk17u-jdk-17.0.12-7/src/hotspot/share/interpreter/linkResolver.cpp, line 758]
Event: 0.788 Thread 0x000075fd440159e0 Implicit null exception at 0x000075fd34eb28ac to 0x000075fd34eb29e2
Event: 0.812 Thread 0x000075fd440159e0 Exception <a 'sun/nio/fs/UnixException'{0x000000060dedd690}> (0x000000060dedd690) 
thrown [/usr/src/debug/java17-openjdk/jdk17u-jdk-17.0.12-7/src/hotspot/share/prims/jni.cpp, line 516]
Event: 0.812 Thread 0x000075fd440159e0 Exception <a 'sun/nio/fs/UnixException'{0x000000060dedddc0}> (0x000000060dedddc0) 
thrown [/usr/src/debug/java17-openjdk/jdk17u-jdk-17.0.12-7/src/hotspot/share/prims/jni.cpp, line 516]
Event: 0.812 Thread 0x000075fd440159e0 Exception <a 'sun/nio/fs/UnixException'{0x000000060dede3d8}> (0x000000060dede3d8) 
thrown [/usr/src/debug/java17-openjdk/jdk17u-jdk-17.0.12-7/src/hotspot/share/prims/jni.cpp, line 516]
Event: 0.812 Thread 0x000075fd440159e0 Exception <a 'sun/nio/fs/UnixException'{0x000000060dedeb08}> (0x000000060dedeb08) 
thrown [/usr/src/debug/java17-openjdk/jdk17u-jdk-17.0.12-7/src/hotspot/share/prims/jni.cpp, line 516]
Event: 0.813 Thread 0x000075fd440159e0 Exception <a 'java/lang/NoSuchMethodError'{0x000000060df03c28}: 'void java.lang.invoke.DirectMethodHandle$Holder.invokeSpecial(java.lang.Object, java.lang.Object, java.lang.Object, java.lang.Object, java.lang.Object)'> (0x000000060df03c28) 
thrown [/usr/src/debug/java17-openjdk/jdk17u-jdk-17.0.12-7/src/hotspot/share/interpreter/linkResolver.cpp, line 758]
Event: 0.833 Thread 0x000075fd440159e0 Exception <a 'java/lang/NoSuchMethodError'{0x000000060dbff8a8}: 'int java.lang.invoke.DirectMethodHandle$Holder.invokeSpecial(java.lang.Object, java.lang.Object, java.lang.Object)'> (0x000000060dbff8a8) 
thrown [/usr/src/debug/java17-openjdk/jdk17u-jdk-17.0.12-7/src/hotspot/share/interpreter/linkResolver.cpp, line 758]
Event: 0.835 Thread 0x000075fd440159e0 Exception <a 'java/lang/NoSuchMethodError'{0x000000060d459648}: 'java.lang.Object java.lang.invoke.DirectMethodHandle$Holder.invokeStatic(java.lang.Object, java.lang.Object, int, int)'> (0x000000060d459648) 
thrown [/usr/src/debug/java17-openjdk/jdk17u-jdk-17.0.12-7/src/hotspot/share/interpreter/linkResolver.cpp, line 758]
Event: 0.843 Thread 0x000075fd440159e0 Exception <a 'java/lang/NoSuchMethodError'{0x000000060d4f58a0}: 'java.lang.Object java.lang.invoke.DirectMethodHandle$Holder.invokeInterface(java.lang.Object, java.lang.Object)'> (0x000000060d4f58a0) 
thrown [/usr/src/debug/java17-openjdk/jdk17u-jdk-17.0.12-7/src/hotspot/share/interpreter/linkResolver.cpp, line 758]

VM Operations (20 events):
Event: 0.678 Executing VM operation: G1PauseRemark
Event: 0.680 Executing VM operation: G1PauseRemark done
Event: 0.681 Executing VM operation: G1PauseCleanup
Event: 0.681 Executing VM operation: G1PauseCleanup done
Event: 0.718 Executing VM operation: HandshakeAllThreads
Event: 0.718 Executing VM operation: HandshakeAllThreads done
Event: 0.718 Executing VM operation: HandshakeAllThreads
Event: 0.718 Executing VM operation: HandshakeAllThreads done
Event: 0.739 Executing VM operation: HandshakeAllThreads
Event: 0.739 Executing VM operation: HandshakeAllThreads done
Event: 0.739 Executing VM operation: HandshakeAllThreads
Event: 0.739 Executing VM operation: HandshakeAllThreads done
Event: 0.830 Executing VM operation: ICBufferFull
Event: 0.830 Executing VM operation: ICBufferFull done
Event: 0.838 Executing VM operation: HandshakeAllThreads
Event: 0.838 Executing VM operation: HandshakeAllThreads done
Event: 0.862 Executing VM operation: HandshakeAllThreads
Event: 0.862 Executing VM operation: HandshakeAllThreads done
Event: 0.867 Executing VM operation: ICBufferFull
Event: 0.868 Executing VM operation: ICBufferFull done

Events (20 events):
Event: 0.530 Thread 0x000075fd44685d80 Thread added: 0x000075fd44685d80
Event: 0.530 Protecting memory [0x000075fd112fc000,0x000075fd11300000] with protection modes 0
Event: 0.530 Thread 0x000075fd44685d80 Thread exited: 0x000075fd44685d80
Event: 0.531 Thread 0x000075fd446853a0 Thread exited: 0x000075fd446853a0
Event: 0.576 Thread 0x000075fd446fc450 Thread added: 0x000075fd446fc450
Event: 0.576 Protecting memory [0x000075fd11ae8000,0x000075fd11aec000] with protection modes 0
Event: 0.576 Thread 0x000075fd446fccb0 Thread added: 0x000075fd446fccb0
Event: 0.576 Protecting memory [0x000075fd112fc000,0x000075fd11300000] with protection modes 0
Event: 0.576 Thread 0x000075fd446fd620 Thread added: 0x000075fd446fd620
Event: 0.576 Protecting memory [0x000075fd111fb000,0x000075fd111ff000] with protection modes 0
Event: 0.576 Thread 0x000075fd446fe4d0 Thread added: 0x000075fd446fe4d0
Event: 0.576 Protecting memory [0x000075fd110fa000,0x000075fd110fe000] with protection modes 0
Event: 0.577 Thread 0x000075fd446fc450 Thread exited: 0x000075fd446fc450
Event: 0.622 Thread 0x000075fd446fccb0 Thread exited: 0x000075fd446fccb0
Event: 0.622 Thread 0x000075fd446fd620 Thread exited: 0x000075fd446fd620
Event: 0.622 Thread 0x000075fd446fe4d0 Thread exited: 0x000075fd446fe4d0
Event: 0.802 Thread 0x000075fc681675d0 Thread added: 0x000075fc681675d0
Event: 0.802 Protecting memory [0x000075fd10ff9000,0x000075fd10ffd000] with protection modes 0
Event: 0.802 Thread 0x000075fc68168430 Thread added: 0x000075fc68168430
Event: 0.802 Protecting memory [0x000075fd10ef8000,0x000075fd10efc000] with protection modes 0


Dynamic libraries:
60bc00000-60f000000 rw-p 00000000 00:00 0 
60f000000-628400000 ---p 00000000 00:00 0 
628400000-628800000 rw-p 00000000 00:00 0 
628800000-62b000000 ---p 00000000 00:00 0 
62b000000-62b400000 rw-p 00000000 00:00 0 
62b400000-7ff800000 ---p 00000000 00:00 0 
7ff800000-7ffb00000 rw-p 00000000 00:00 0 
7ffb00000-7ffb75000 rw-p 00c76000 103:02 53110622                        /usr/lib/jvm/java-17-openjdk/lib/server/classes.jsa
7ffb75000-7ffc00000 rw-p 00000000 00:00 0 
7ffc00000-7ffc77000 rw-p 00bff000 103:02 53110622                        /usr/lib/jvm/java-17-openjdk/lib/server/classes.jsa
7ffc77000-800000000 rw-p 00000000 00:00 0 
634fb68ff000-634fb6900000 r--p 00000000 103:02 52695525                  /usr/lib/jvm/java-17-openjdk/bin/java
634fb6900000-634fb6901000 r-xp 00001000 103:02 52695525                  /usr/lib/jvm/java-17-openjdk/bin/java
634fb6901000-634fb6902000 r--p 00002000 103:02 52695525                  /usr/lib/jvm/java-17-openjdk/bin/java
634fb6902000-634fb6903000 r--p 00002000 103:02 52695525                  /usr/lib/jvm/java-17-openjdk/bin/java
634fb6903000-634fb6904000 rw-p 00003000 103:02 52695525                  /usr/lib/jvm/java-17-openjdk/bin/java
634fcc4f3000-634fcc53a000 rw-p 00000000 00:00 0                          [heap]
75fbcc000000-75fbcc3b6000 rw-p 00000000 00:00 0 
75fbcc3b6000-75fbd0000000 ---p 00000000 00:00 0 
75fbd0000000-75fbd028f000 rw-p 00000000 00:00 0 
75fbd028f000-75fbd4000000 ---p 00000000 00:00 0 
75fbd8000000-75fbd8021000 rw-p 00000000 00:00 0 
75fbd8021000-75fbdc000000 ---p 00000000 00:00 0 
75fbdc000000-75fbdc021000 rw-p 00000000 00:00 0 
75fbdc021000-75fbe0000000 ---p 00000000 00:00 0 
75fbe4000000-75fbe4021000 rw-p 00000000 00:00 0 
75fbe4021000-75fbe8000000 ---p 00000000 00:00 0 
75fbe8000000-75fbe83fd000 rw-p 00000000 00:00 0 
75fbe83fd000-75fbec000000 ---p 00000000 00:00 0 
75fbf0000000-75fbf03c7000 rw-p 00000000 00:00 0 
75fbf03c7000-75fbf4000000 ---p 00000000 00:00 0 
75fbf4000000-75fbf4709000 rw-p 00000000 00:00 0 
75fbf4709000-75fbf8000000 ---p 00000000 00:00 0 
75fbfc000000-75fbfc56e000 rw-p 00000000 00:00 0 
75fbfc56e000-75fc00000000 ---p 00000000 00:00 0 
75fc00000000-75fc0009b000 rw-p 00000000 00:00 0 
75fc0009b000-75fc04000000 ---p 00000000 00:00 0 
75fc08000000-75fc08021000 rw-p 00000000 00:00 0 
75fc08021000-75fc0c000000 ---p 00000000 00:00 0 
75fc0c000000-75fc0c021000 rw-p 00000000 00:00 0 
75fc0c021000-75fc10000000 ---p 00000000 00:00 0 
75fc14000000-75fc14021000 rw-p 00000000 00:00 0 
75fc14021000-75fc18000000 ---p 00000000 00:00 0 
75fc18000000-75fc18021000 rw-p 00000000 00:00 0 
75fc18021000-75fc1c000000 ---p 00000000 00:00 0 
75fc20000000-75fc20021000 rw-p 00000000 00:00 0 
75fc20021000-75fc24000000 ---p 00000000 00:00 0 
75fc24000000-75fc24021000 rw-p 00000000 00:00 0 
75fc24021000-75fc28000000 ---p 00000000 00:00 0 
75fc2c000000-75fc2c021000 rw-p 00000000 00:00 0 
75fc2c021000-75fc30000000 ---p 00000000 00:00 0 
75fc30000000-75fc30021000 rw-p 00000000 00:00 0 
75fc30021000-75fc34000000 ---p 00000000 00:00 0 
75fc38000000-75fc38021000 rw-p 00000000 00:00 0 
75fc38021000-75fc3c000000 ---p 00000000 00:00 0 
75fc3c000000-75fc3c021000 rw-p 00000000 00:00 0 
75fc3c021000-75fc40000000 ---p 00000000 00:00 0 
75fc44000000-75fc44021000 rw-p 00000000 00:00 0 
75fc44021000-75fc48000000 ---p 00000000 00:00 0 
75fc48000000-75fc48021000 rw-p 00000000 00:00 0 
75fc48021000-75fc4c000000 ---p 00000000 00:00 0 
75fc50000000-75fc50021000 rw-p 00000000 00:00 0 
75fc50021000-75fc54000000 ---p 00000000 00:00 0 
75fc54000000-75fc54520000 rw-p 00000000 00:00 0 
75fc54520000-75fc58000000 ---p 00000000 00:00 0 
75fc5c000000-75fc5c1a4000 rw-p 00000000 00:00 0 
75fc5c1a4000-75fc60000000 ---p 00000000 00:00 0 
75fc60000000-75fc6029b000 rw-p 00000000 00:00 0 
75fc6029b000-75fc64000000 ---p 00000000 00:00 0 
75fc68000000-75fc681d9000 rw-p 00000000 00:00 0 
75fc681d9000-75fc6c000000 ---p 00000000 00:00 0 
75fc6c000000-75fc6c021000 rw-p 00000000 00:00 0 
75fc6c021000-75fc70000000 ---p 00000000 00:00 0 
75fc74000000-75fc74021000 rw-p 00000000 00:00 0 
75fc74021000-75fc78000000 ---p 00000000 00:00 0 
75fc78000000-75fc78021000 rw-p 00000000 00:00 0 
75fc78021000-75fc7c000000 ---p 00000000 00:00 0 
75fc80000000-75fc80021000 rw-p 00000000 00:00 0 
75fc80021000-75fc84000000 ---p 00000000 00:00 0 
75fc84000000-75fc841fd000 rw-p 00000000 00:00 0 
75fc841fd000-75fc88000000 ---p 00000000 00:00 0 
75fc8c000000-75fc8c693000 rw-p 00000000 00:00 0 
75fc8c693000-75fc90000000 ---p 00000000 00:00 0 
75fc90000000-75fc90021000 rw-p 00000000 00:00 0 
75fc90021000-75fc94000000 ---p 00000000 00:00 0 
75fc98000000-75fc98021000 rw-p 00000000 00:00 0 
75fc98021000-75fc9c000000 ---p 00000000 00:00 0 
75fc9c000000-75fc9c021000 rw-p 00000000 00:00 0 
75fc9c021000-75fca0000000 ---p 00000000 00:00 0 
75fca4000000-75fca4021000 rw-p 00000000 00:00 0 
75fca4021000-75fca8000000 ---p 00000000 00:00 0 
75fca8000000-75fca8021000 rw-p 00000000 00:00 0 
75fca8021000-75fcac000000 ---p 00000000 00:00 0 
75fcb0000000-75fcb0021000 rw-p 00000000 00:00 0 
75fcb0021000-75fcb4000000 ---p 00000000 00:00 0 
75fcb7000000-75fcb73f0000 rw-p 00000000 00:00 0 
75fcb73f0000-75fcb85d0000 rw-p 00000000 00:00 0 
75fcb85d0000-75fcb85f0000 rw-p 00000000 00:00 0 
75fcb85f0000-75fcb86c0000 rw-p 00000000 00:00 0 
75fcb86c0000-75fcb8700000 ---p 00000000 00:00 0 
75fcb8700000-75fcb8710000 rw-p 00000000 00:00 0 
75fcb8710000-75fcbb000000 ---p 00000000 00:00 0 
75fcbb000000-75fcbbbc7000 rw-p 00001000 103:02 53110622                  /usr/lib/jvm/java-17-openjdk/lib/server/classes.jsa
75fcbbbc7000-75fcbc000000 ---p 00000000 00:00 0 
75fcbc000000-75fcbc030000 rw-p 00000000 00:00 0 
75fcbc030000-75fcbc070000 rw-p 00000000 00:00 0 
75fcbc070000-75fcbc270000 rw-p 00000000 00:00 0 
75fcbc270000-75fcbc3b0000 rw-p 00000000 00:00 0 
75fcbc3b0000-75fcfc000000 ---p 00000000 00:00 0 
75fcfc000000-75fcfc021000 rw-p 00000000 00:00 0 
75fcfc021000-75fd00000000 ---p 00000000 00:00 0 
75fd00000000-75fd00021000 rw-p 00000000 00:00 0 
75fd00021000-75fd04000000 ---p 00000000 00:00 0 
75fd08000000-75fd08021000 rw-p 00000000 00:00 0 
75fd08021000-75fd0c000000 ---p 00000000 00:00 0 
75fd0c000000-75fd0c021000 rw-p 00000000 00:00 0 
75fd0c021000-75fd10000000 ---p 00000000 00:00 0 
75fd10ef7000-75fd10ef8000 ---p 00000000 00:00 0 
75fd10ef8000-75fd10efc000 ---p 00000000 00:00 0 
75fd10efc000-75fd10ff8000 rw-p 00000000 00:00 0 
75fd10ff8000-75fd10ff9000 ---p 00000000 00:00 0 
75fd10ff9000-75fd10ffd000 ---p 00000000 00:00 0 
75fd10ffd000-75fd110f9000 rw-p 00000000 00:00 0 
75fd110f9000-75fd110fa000 ---p 00000000 00:00 0 
75fd110fa000-75fd110fe000 ---p 00000000 00:00 0 
75fd110fe000-75fd111fa000 rw-p 00000000 00:00 0 
75fd111fa000-75fd111fb000 ---p 00000000 00:00 0 
75fd111fb000-75fd111ff000 ---p 00000000 00:00 0 
75fd111ff000-75fd112fb000 rw-p 00000000 00:00 0 
75fd112fb000-75fd112fc000 ---p 00000000 00:00 0 
75fd112fc000-75fd11300000 ---p 00000000 00:00 0 
75fd11300000-75fd113fc000 rw-p 00000000 00:00 0 
75fd113fc000-75fd113fd000 ---p 00000000 00:00 0 
75fd113fd000-75fd11401000 ---p 00000000 00:00 0 
75fd11401000-75fd114fd000 rw-p 00000000 00:00 0 
75fd114fd000-75fd114fe000 ---p 00000000 00:00 0 
75fd114fe000-75fd11502000 ---p 00000000 00:00 0 
75fd11502000-75fd115fe000 rw-p 00000000 00:00 0 
75fd115fe000-75fd115ff000 ---p 00000000 00:00 0 
75fd115ff000-75fd11603000 ---p 00000000 00:00 0 
75fd11603000-75fd116ff000 rw-p 00000000 00:00 0 
75fd116ff000-75fd11700000 ---p 00000000 00:00 0 
75fd11700000-75fd11704000 ---p 00000000 00:00 0 
75fd11704000-75fd11800000 rw-p 00000000 00:00 0 
75fd11800000-75fd1181e000 r-xp 00000000 103:02 10494020                  /home/mahir/.cache/JNA/temp/jna11514933299812586535.tmp (deleted)
75fd1181e000-75fd11a1d000 ---p 0001e000 103:02 10494020                  /home/mahir/.cache/JNA/temp/jna11514933299812586535.tmp (deleted)
75fd11a1d000-75fd11a1e000 rw-p 0001d000 103:02 10494020                  /home/mahir/.cache/JNA/temp/jna11514933299812586535.tmp (deleted)
75fd11a1e000-75fd11a1f000 rw-p 00000000 00:00 0 
75fd11ae7000-75fd11ae8000 ---p 00000000 00:00 0 
75fd11ae8000-75fd11aec000 ---p 00000000 00:00 0 
75fd11aec000-75fd11be8000 rw-p 00000000 00:00 0 
75fd11be8000-75fd11be9000 ---p 00000000 00:00 0 
75fd11be9000-75fd11bed000 ---p 00000000 00:00 0 
75fd11bed000-75fd11ce9000 rw-p 00000000 00:00 0 
75fd11ce9000-75fd11cea000 ---p 00000000 00:00 0 
75fd11cea000-75fd11dea000 rw-p 00000000 00:00 0 
75fd11dea000-75fd11deb000 ---p 00000000 00:00 0 
75fd11deb000-75fd11eeb000 rw-p 00000000 00:00 0 
75fd11eeb000-75fd11eec000 ---p 00000000 00:00 0 
75fd11eec000-75fd11fec000 rw-p 00000000 00:00 0 
75fd11fec000-75fd11fed000 ---p 00000000 00:00 0 
75fd11fed000-75fd120ed000 rw-p 00000000 00:00 0 
75fd120ed000-75fd120ee000 ---p 00000000 00:00 0 
75fd120ee000-75fd121ee000 rw-p 00000000 00:00 0 
75fd121ee000-75fd121ef000 ---p 00000000 00:00 0 
75fd121ef000-75fd122ef000 rw-p 00000000 00:00 0 
75fd122ef000-75fd122f0000 ---p 00000000 00:00 0 
75fd122f0000-75fd123f0000 rw-p 00000000 00:00 0 
75fd123f0000-75fd123f1000 ---p 00000000 00:00 0 
75fd123f1000-75fd124f1000 rw-p 00000000 00:00 0 
75fd124f1000-75fd124f2000 ---p 00000000 00:00 0 
75fd124f2000-75fd125f2000 rw-p 00000000 00:00 0 
75fd125f2000-75fd125f3000 ---p 00000000 00:00 0 
75fd125f3000-75fd126f3000 rw-p 00000000 00:00 0 
75fd126f3000-75fd126f4000 ---p 00000000 00:00 0 
75fd126f4000-75fd127f4000 rw-p 00000000 00:00 0 
75fd127f4000-75fd127f5000 ---p 00000000 00:00 0 
75fd127f5000-75fd127f9000 ---p 00000000 00:00 0 
75fd127f9000-75fd128f5000 rw-p 00000000 00:00 0 
75fd128f5000-75fd128f6000 ---p 00000000 00:00 0 
75fd128f6000-75fd128fa000 ---p 00000000 00:00 0 
75fd128fa000-75fd129f6000 rw-p 00000000 00:00 0 
75fd129f6000-75fd129f7000 ---p 00000000 00:00 0 
75fd129f7000-75fd129fb000 ---p 00000000 00:00 0 
75fd129fb000-75fd12af7000 rw-p 00000000 00:00 0 
75fd12af7000-75fd12af8000 ---p 00000000 00:00 0 
75fd12af8000-75fd12afc000 ---p 00000000 00:00 0 
75fd12afc000-75fd12bf8000 rw-p 00000000 00:00 0 
75fd12bf8000-75fd12bf9000 ---p 00000000 00:00 0 
75fd12bf9000-75fd12bfd000 ---p 00000000 00:00 0 
75fd12bfd000-75fd12cf9000 rw-p 00000000 00:00 0 
75fd12cf9000-75fd12cfa000 ---p 00000000 00:00 0 
75fd12cfa000-75fd12dfa000 rw-p 00000000 00:00 0 
75fd12dfa000-75fd12dfb000 ---p 00000000 00:00 0 
75fd12dfb000-75fd12dff000 ---p 00000000 00:00 0 
75fd12dff000-75fd12efb000 rw-p 00000000 00:00 0 
75fd12efb000-75fd12efc000 ---p 00000000 00:00 0 
75fd12efc000-75fd12f00000 ---p 00000000 00:00 0 
75fd12f00000-75fd12ffc000 rw-p 00000000 00:00 0 
75fd12ffc000-75fd12ffd000 ---p 00000000 00:00 0 
75fd12ffd000-75fd13001000 ---p 00000000 00:00 0 
75fd13001000-75fd130fd000 rw-p 00000000 00:00 0 
75fd130fd000-75fd130fe000 ---p 00000000 00:00 0 
75fd130fe000-75fd13102000 ---p 00000000 00:00 0 
75fd13102000-75fd131fe000 rw-p 00000000 00:00 0 
75fd131fe000-75fd131ff000 ---p 00000000 00:00 0 
75fd131ff000-75fd13203000 ---p 00000000 00:00 0 
75fd13203000-75fd132ff000 rw-p 00000000 00:00 0 
75fd132ff000-75fd13300000 ---p 00000000 00:00 0 
75fd13300000-75fd13304000 ---p 00000000 00:00 0 
75fd13304000-75fd13400000 rw-p 00000000 00:00 0 
75fd13400000-75fd136ec000 r--p 00000000 103:02 51747550                  /usr/lib/locale/locale-archive
75fd136f7000-75fd136f8000 ---p 00000000 00:00 0 
75fd136f8000-75fd136fc000 ---p 00000000 00:00 0 
75fd136fc000-75fd137f8000 rw-p 00000000 00:00 0 
75fd137f8000-75fd137f9000 ---p 00000000 00:00 0 
75fd137f9000-75fd137fd000 ---p 00000000 00:00 0 
75fd137fd000-75fd138f9000 rw-p 00000000 00:00 0 
75fd138f9000-75fd138fa000 ---p 00000000 00:00 0 
75fd138fa000-75fd138fe000 ---p 00000000 00:00 0 
75fd138fe000-75fd139fa000 rw-p 00000000 00:00 0 
75fd139fa000-75fd139fb000 ---p 00000000 00:00 0 
75fd139fb000-75fd13afb000 rw-p 00000000 00:00 0 
75fd13afb000-75fd13afc000 ---p 00000000 00:00 0 
75fd13afc000-75fd13bfc000 rw-p 00000000 00:00 0 
75fd13bfc000-75fd13bfd000 ---p 00000000 00:00 0 
75fd13bfd000-75fd13cfd000 rw-p 00000000 00:00 0 
75fd13cfd000-75fd14021000 rw-p 00000000 00:00 0 
75fd14021000-75fd18000000 ---p 00000000 00:00 0 
75fd1805c000-75fd18088000 r--p 00000000 103:02 11142012                  /home/mahir/fun/CPU/nebula-risc-v/simWorkspace/decoderForTest/verilator/verilator_642291766835216141.so
75fd18088000-75fd180d5000 r-xp 0002c000 103:02 11142012                  /home/mahir/fun/CPU/nebula-risc-v/simWorkspace/decoderForTest/verilator/verilator_642291766835216141.so
75fd180d5000-75fd180f7000 r--p 00079000 103:02 11142012                  /home/mahir/fun/CPU/nebula-risc-v/simWorkspace/decoderForTest/verilator/verilator_642291766835216141.so
75fd180f7000-75fd180f8000 r--p 0009b000 103:02 11142012                  /home/mahir/fun/CPU/nebula-risc-v/simWorkspace/decoderForTest/verilator/verilator_642291766835216141.so
75fd180f8000-75fd180fb000 rw-p 0009c000 103:02 11142012                  /home/mahir/fun/CPU/nebula-risc-v/simWorkspace/decoderForTest/verilator/verilator_642291766835216141.so
75fd180fb000-75fd1a6d0000 rw-p 00000000 00:00 0 
75fd1a6d0000-75fd1ad20000 ---p 00000000 00:00 0 
75fd1ad20000-75fd1ad30000 rw-p 00000000 00:00 0 
75fd1ad30000-75fd1add0000 ---p 00000000 00:00 0 
75fd1add0000-75fd1ade0000 rw-p 00000000 00:00 0 
75fd1ade0000-75fd222f0000 ---p 00000000 00:00 0 
75fd222f0000-75fd22310000 rw-p 00000000 00:00 0 
75fd2232f000-75fd22334000 r--p 00000000 103:02 52695778                  /usr/lib/jvm/java-17-openjdk/lib/libjsvml.so
75fd22334000-75fd22375000 r-xp 00005000 103:02 52695778                  /usr/lib/jvm/java-17-openjdk/lib/libjsvml.so
75fd22375000-75fd223fe000 r--p 00046000 103:02 52695778                  /usr/lib/jvm/java-17-openjdk/lib/libjsvml.so
75fd223fe000-75fd223ff000 r--p 000ce000 103:02 52695778                  /usr/lib/jvm/java-17-openjdk/lib/libjsvml.so
75fd223ff000-75fd22400000 rw-p 000cf000 103:02 52695778                  /usr/lib/jvm/java-17-openjdk/lib/libjsvml.so
75fd22400000-75fd224d0000 rw-p 00000000 00:00 0 
75fd224d0000-75fd22b20000 ---p 00000000 00:00 0 
75fd22b20000-75fd22b30000 rw-p 00000000 00:00 0 
75fd22b30000-75fd22bd0000 ---p 00000000 00:00 0 
75fd22bd0000-75fd22be0000 rw-p 00000000 00:00 0 
75fd22be0000-75fd2a0f0000 ---p 00000000 00:00 0 
75fd2a0f0000-75fd2a110000 rw-p 00000000 00:00 0 
75fd2a17f000-75fd2a21a000 rw-p 00000000 00:00 0 
75fd2a21a000-75fd2a2e4000 ---p 00000000 00:00 0 
75fd2a2e4000-75fd2a2e6000 rw-p 00000000 00:00 0 
75fd2a2e6000-75fd2a2fa000 ---p 00000000 00:00 0 
75fd2a2fa000-75fd2a2fc000 rw-p 00000000 00:00 0 
75fd2a2fc000-75fd2b19e000 ---p 00000000 00:00 0 
75fd2b19e000-75fd2b1a2000 rw-p 00000000 00:00 0 
75fd2b200000-75fd2b21a000 rw-p 00000000 00:00 0 
75fd2b21a000-75fd2b2e4000 ---p 00000000 00:00 0 
75fd2b2e4000-75fd2b2e6000 rw-p 00000000 00:00 0 
75fd2b2e6000-75fd2b2fa000 ---p 00000000 00:00 0 
75fd2b2fa000-75fd2b2fc000 rw-p 00000000 00:00 0 
75fd2b2fc000-75fd2c19e000 ---p 00000000 00:00 0 
75fd2c19e000-75fd2c1a2000 rw-p 00000000 00:00 0 
75fd2c1ba000-75fd2c1bf000 r--p 00000000 103:02 51658536                  /usr/lib/libudev.so.1.7.9
75fd2c1bf000-75fd2c1e6000 r-xp 00005000 103:02 51658536                  /usr/lib/libudev.so.1.7.9
75fd2c1e6000-75fd2c1fa000 r--p 0002c000 103:02 51658536                  /usr/lib/libudev.so.1.7.9
75fd2c1fa000-75fd2c1ff000 r--p 0003f000 103:02 51658536                  /usr/lib/libudev.so.1.7.9
75fd2c1ff000-75fd2c200000 rw-p 00044000 103:02 51658536                  /usr/lib/libudev.so.1.7.9
75fd2c200000-75fd2c21a000 rw-p 00000000 00:00 0 
75fd2c21a000-75fd2c2e4000 ---p 00000000 00:00 0 
75fd2c2e4000-75fd2c2e6000 rw-p 00000000 00:00 0 
75fd2c2e6000-75fd2c2fa000 ---p 00000000 00:00 0 
75fd2c2fa000-75fd2c2fc000 rw-p 00000000 00:00 0 
75fd2c2fc000-75fd2d19e000 ---p 00000000 00:00 0 
75fd2d19e000-75fd2d1a2000 rw-p 00000000 00:00 0 
75fd2d200000-75fd2d910000 rwxp 00000000 00:00 0 
75fd2d910000-75fd3465f000 ---p 00000000 00:00 0 
75fd3465f000-75fd3494f000 rwxp 00000000 00:00 0 
75fd3494f000-75fd34da0000 ---p 00000000 00:00 0 
75fd34da0000-75fd35010000 rwxp 00000000 00:00 0 
75fd35010000-75fd3c200000 ---p 00000000 00:00 0 
75fd3c200000-75fd43e67000 r--s 00000000 103:02 52695794                  /usr/lib/jvm/java-17-openjdk/lib/modules
75fd43e99000-75fd43e9b000 r--p 00000000 103:02 51646544                  /usr/lib/libatomic.so.1.2.0
75fd43e9b000-75fd43e9f000 r-xp 00002000 103:02 51646544                  /usr/lib/libatomic.so.1.2.0
75fd43e9f000-75fd43ea1000 r--p 00006000 103:02 51646544                  /usr/lib/libatomic.so.1.2.0
75fd43ea1000-75fd43ea2000 r--p 00007000 103:02 51646544                  /usr/lib/libatomic.so.1.2.0
75fd43ea2000-75fd43ea3000 rw-p 00008000 103:02 51646544                  /usr/lib/libatomic.so.1.2.0
75fd43ea3000-75fd44bb8000 rw-p 00000000 00:00 0 
75fd44bb8000-75fd48000000 ---p 00000000 00:00 0 
75fd48006000-75fd48007000 ---p 00000000 00:00 0 
75fd48007000-75fd4800b000 ---p 00000000 00:00 0 
75fd4800b000-75fd48029000 rw-p 00000000 00:00 0 
75fd48029000-75fd4809b000 rw-p 00000000 00:00 0 
75fd4809d000-75fd480a4000 r--s 00000000 103:02 51747551                  /usr/lib/gconv/gconv-modules.cache
75fd480a4000-75fd480a8000 r--p 00000000 103:02 52695784                  /usr/lib/jvm/java-17-openjdk/lib/libnet.so
75fd480a8000-75fd480b6000 r-xp 00004000 103:02 52695784                  /usr/lib/jvm/java-17-openjdk/lib/libnet.so
75fd480b6000-75fd480b9000 r--p 00012000 103:02 52695784                  /usr/lib/jvm/java-17-openjdk/lib/libnet.so
75fd480b9000-75fd480ba000 r--p 00015000 103:02 52695784                  /usr/lib/jvm/java-17-openjdk/lib/libnet.so
75fd480ba000-75fd480bb000 rw-p 00016000 103:02 52695784                  /usr/lib/jvm/java-17-openjdk/lib/libnet.so
75fd480bb000-75fd480c2000 r--p 00000000 103:02 52695785                  /usr/lib/jvm/java-17-openjdk/lib/libnio.so
75fd480c2000-75fd480cb000 r-xp 00007000 103:02 52695785                  /usr/lib/jvm/java-17-openjdk/lib/libnio.so
75fd480cb000-75fd480d0000 r--p 00010000 103:02 52695785                  /usr/lib/jvm/java-17-openjdk/lib/libnio.so
75fd480d0000-75fd480d1000 r--p 00014000 103:02 52695785                  /usr/lib/jvm/java-17-openjdk/lib/libnio.so
75fd480d1000-75fd480d2000 rw-p 00015000 103:02 52695785                  /usr/lib/jvm/java-17-openjdk/lib/libnio.so
75fd480d2000-75fd489db000 rw-p 00000000 00:00 0 
75fd489db000-75fd489dc000 ---p 00000000 00:00 0 
75fd489dc000-75fd48adc000 rw-p 00000000 00:00 0 
75fd48adc000-75fd48add000 ---p 00000000 00:00 0 
75fd48add000-75fd48bdd000 rw-p 00000000 00:00 0 
75fd48bdd000-75fd48bde000 ---p 00000000 00:00 0 
75fd48bde000-75fd48cde000 rw-p 00000000 00:00 0 
75fd48cde000-75fd4a033000 rw-p 00000000 00:00 0 
75fd4a033000-75fd4a117000 ---p 00000000 00:00 0 
75fd4a117000-75fd4a126000 rw-p 00000000 00:00 0 
75fd4a126000-75fd4a200000 ---p 00000000 00:00 0 
75fd4a200000-75fd4a297000 r--p 00000000 103:02 51708318                  /usr/lib/libstdc++.so.6.0.33
75fd4a297000-75fd4a3e4000 r-xp 00097000 103:02 51708318                  /usr/lib/libstdc++.so.6.0.33
75fd4a3e4000-75fd4a474000 r--p 001e4000 103:02 51708318                  /usr/lib/libstdc++.so.6.0.33
75fd4a474000-75fd4a481000 r--p 00274000 103:02 51708318                  /usr/lib/libstdc++.so.6.0.33
75fd4a481000-75fd4a482000 rw-p 00281000 103:02 51708318                  /usr/lib/libstdc++.so.6.0.33
75fd4a482000-75fd4a486000 rw-p 00000000 00:00 0 
75fd4a487000-75fd4a48a000 r--p 00000000 103:02 51656976                  /usr/lib/libcap.so.2.70
75fd4a48a000-75fd4a48f000 r-xp 00003000 103:02 51656976                  /usr/lib/libcap.so.2.70
75fd4a48f000-75fd4a491000 r--p 00008000 103:02 51656976                  /usr/lib/libcap.so.2.70
75fd4a491000-75fd4a492000 r--p 00009000 103:02 51656976                  /usr/lib/libcap.so.2.70
75fd4a492000-75fd4a493000 rw-p 0000a000 103:02 51656976                  /usr/lib/libcap.so.2.70
75fd4a493000-75fd4a4d2000 rw-p 00000000 00:00 0 
75fd4a4d2000-75fd4a4d6000 ---p 00000000 00:00 0 
75fd4a4d6000-75fd4a5d2000 rw-p 00000000 00:00 0 
75fd4a5d2000-75fd4a5d6000 r--p 00000000 103:02 51646549                  /usr/lib/libgcc_s.so.1
75fd4a5d6000-75fd4a5fa000 r-xp 00004000 103:02 51646549                  /usr/lib/libgcc_s.so.1
75fd4a5fa000-75fd4a5fe000 r--p 00028000 103:02 51646549                  /usr/lib/libgcc_s.so.1
75fd4a5fe000-75fd4a5ff000 r--p 0002b000 103:02 51646549                  /usr/lib/libgcc_s.so.1
75fd4a5ff000-75fd4a600000 rw-p 0002c000 103:02 51646549                  /usr/lib/libgcc_s.so.1
75fd4a600000-75fd4a60d000 r--p 00000000 103:02 53110626                  /usr/lib/jvm/java-17-openjdk/lib/server/libjvm.so
75fd4a60d000-75fd4b1f4000 r-xp 0000d000 103:02 53110626                  /usr/lib/jvm/java-17-openjdk/lib/server/libjvm.so
75fd4b1f4000-75fd4b3a4000 r--p 00bf4000 103:02 53110626                  /usr/lib/jvm/java-17-openjdk/lib/server/libjvm.so
75fd4b3a4000-75fd4b459000 r--p 00da4000 103:02 53110626                  /usr/lib/jvm/java-17-openjdk/lib/server/libjvm.so
75fd4b459000-75fd4b489000 rw-p 00e59000 103:02 53110626                  /usr/lib/jvm/java-17-openjdk/lib/server/libjvm.so
75fd4b489000-75fd4b4e2000 rw-p 00000000 00:00 0 
75fd4b4e7000-75fd4b4e9000 r--p 00000000 103:02 52695793                  /usr/lib/jvm/java-17-openjdk/lib/libzip.so
75fd4b4e9000-75fd4b4ed000 r-xp 00002000 103:02 52695793                  /usr/lib/jvm/java-17-openjdk/lib/libzip.so
75fd4b4ed000-75fd4b4ef000 r--p 00006000 103:02 52695793                  /usr/lib/jvm/java-17-openjdk/lib/libzip.so
75fd4b4ef000-75fd4b4f0000 r--p 00007000 103:02 52695793                  /usr/lib/jvm/java-17-openjdk/lib/libzip.so
75fd4b4f0000-75fd4b4f1000 rw-p 00008000 103:02 52695793                  /usr/lib/jvm/java-17-openjdk/lib/libzip.so
75fd4b4f1000-75fd4b4ff000 r--p 00000000 103:02 51645846                  /usr/lib/libm.so.6
75fd4b4ff000-75fd4b582000 r-xp 0000e000 103:02 51645846                  /usr/lib/libm.so.6
75fd4b582000-75fd4b5de000 r--p 00091000 103:02 51645846                  /usr/lib/libm.so.6
75fd4b5de000-75fd4b5df000 r--p 000ec000 103:02 51645846                  /usr/lib/libm.so.6
75fd4b5df000-75fd4b5e0000 rw-p 000ed000 103:02 51645846                  /usr/lib/libm.so.6
75fd4b5e0000-75fd4b5e3000 rw-p 00000000 00:00 0 
75fd4b5e3000-75fd4b5e6000 r--p 00000000 103:02 51656591                  /usr/lib/libz.so.1.3.1
75fd4b5e6000-75fd4b5f4000 r-xp 00003000 103:02 51656591                  /usr/lib/libz.so.1.3.1
75fd4b5f4000-75fd4b5fa000 r--p 00011000 103:02 51656591                  /usr/lib/libz.so.1.3.1
75fd4b5fa000-75fd4b5fb000 r--p 00017000 103:02 51656591                  /usr/lib/libz.so.1.3.1
75fd4b5fb000-75fd4b5fc000 rw-p 00018000 103:02 51656591                  /usr/lib/libz.so.1.3.1
75fd4b5fc000-75fd4b620000 r--p 00000000 103:02 51645820                  /usr/lib/libc.so.6
75fd4b620000-75fd4b791000 r-xp 00024000 103:02 51645820                  /usr/lib/libc.so.6
75fd4b791000-75fd4b7df000 r--p 00195000 103:02 51645820                  /usr/lib/libc.so.6
75fd4b7df000-75fd4b7e3000 r--p 001e3000 103:02 51645820                  /usr/lib/libc.so.6
75fd4b7e3000-75fd4b7e5000 rw-p 001e7000 103:02 51645820                  /usr/lib/libc.so.6
75fd4b7e5000-75fd4b7ed000 rw-p 00000000 00:00 0 
75fd4b7f2000-75fd4b7f8000 rw-p 00000000 00:00 0 
75fd4b7f8000-75fd4b801000 ---p 00000000 00:00 0 
75fd4b801000-75fd4b80b000 r--p 00000000 103:02 52695770                  /usr/lib/jvm/java-17-openjdk/lib/libjava.so
75fd4b80b000-75fd4b81c000 r-xp 0000a000 103:02 52695770                  /usr/lib/jvm/java-17-openjdk/lib/libjava.so
75fd4b81c000-75fd4b821000 r--p 0001b000 103:02 52695770                  /usr/lib/jvm/java-17-openjdk/lib/libjava.so
75fd4b821000-75fd4b822000 r--p 00020000 103:02 52695770                  /usr/lib/jvm/java-17-openjdk/lib/libjava.so
75fd4b822000-75fd4b823000 rw-p 00021000 103:02 52695770                  /usr/lib/jvm/java-17-openjdk/lib/libjava.so
75fd4b823000-75fd4b824000 rw-p 00000000 00:00 0 
75fd4b824000-75fd4b82c000 rw-s 00000000 00:2a 5068                       /tmp/hsperfdata_mahir/66964
75fd4b82c000-75fd4b82d000 ---p 00000000 00:00 0 
75fd4b82d000-75fd4b82e000 r--p 00000000 00:00 0 
75fd4b82e000-75fd4b82f000 ---p 00000000 00:00 0 
75fd4b82f000-75fd4b830000 r--p 00000000 103:02 52695774                  /usr/lib/jvm/java-17-openjdk/lib/libjimage.so
75fd4b830000-75fd4b832000 r-xp 00001000 103:02 52695774                  /usr/lib/jvm/java-17-openjdk/lib/libjimage.so
75fd4b832000-75fd4b833000 r--p 00003000 103:02 52695774                  /usr/lib/jvm/java-17-openjdk/lib/libjimage.so
75fd4b833000-75fd4b834000 r--p 00003000 103:02 52695774                  /usr/lib/jvm/java-17-openjdk/lib/libjimage.so
75fd4b834000-75fd4b835000 rw-p 00004000 103:02 52695774                  /usr/lib/jvm/java-17-openjdk/lib/libjimage.so
75fd4b835000-75fd4b837000 r--p 00000000 103:02 52695775                  /usr/lib/jvm/java-17-openjdk/lib/libjli.so
75fd4b837000-75fd4b840000 r-xp 00002000 103:02 52695775                  /usr/lib/jvm/java-17-openjdk/lib/libjli.so
75fd4b840000-75fd4b843000 r--p 0000b000 103:02 52695775                  /usr/lib/jvm/java-17-openjdk/lib/libjli.so
75fd4b843000-75fd4b844000 r--p 0000d000 103:02 52695775                  /usr/lib/jvm/java-17-openjdk/lib/libjli.so
75fd4b844000-75fd4b845000 rw-p 0000e000 103:02 52695775                  /usr/lib/jvm/java-17-openjdk/lib/libjli.so
75fd4b845000-75fd4b847000 rw-p 00000000 00:00 0 
75fd4b847000-75fd4b84b000 r--p 00000000 00:00 0                          [vvar]
75fd4b84b000-75fd4b84d000 r-xp 00000000 00:00 0                          [vdso]
75fd4b84d000-75fd4b84e000 r--p 00000000 103:02 51645765                  /usr/lib/ld-linux-x86-64.so.2
75fd4b84e000-75fd4b877000 r-xp 00001000 103:02 51645765                  /usr/lib/ld-linux-x86-64.so.2
75fd4b877000-75fd4b881000 r--p 0002a000 103:02 51645765                  /usr/lib/ld-linux-x86-64.so.2
75fd4b881000-75fd4b883000 r--p 00034000 103:02 51645765                  /usr/lib/ld-linux-x86-64.so.2
75fd4b883000-75fd4b885000 rw-p 00036000 103:02 51645765                  /usr/lib/ld-linux-x86-64.so.2
7ffef3c46000-7ffef3c68000 rw-p 00000000 00:00 0                          [stack]
ffffffffff600000-ffffffffff601000 --xp 00000000 00:00 0                  [vsyscall]


VM Arguments:
jvm_args: -Duser.dir=/home/mahir/fun/CPU/nebula-risc-v 
java_command: nebula.test.decoder_test
java_class_path (initial): /home/mahir/fun/CPU/nebula-risc-v/.metals/.tmp/classpath_D396668B14945090A346EEF16EE03581.jar
Launcher Type: SUN_STANDARD

[Global flags]
     intx CICompilerCount                          = 12                                        {product} {ergonomic}
     uint ConcGCThreads                            = 5                                         {product} {ergonomic}
     uint G1ConcRefinementThreads                  = 18                                        {product} {ergonomic}
   size_t G1HeapRegionSize                         = 4194304                                   {product} {ergonomic}
    uintx GCDrainStackTargetSize                   = 64                                        {product} {ergonomic}
   size_t InitialHeapSize                          = 528482304                                 {product} {ergonomic}
   size_t MarkStackSize                            = 4194304                                   {product} {ergonomic}
   size_t MaxHeapSize                              = 8392802304                                {product} {ergonomic}
   size_t MaxNewSize                               = 5033164800                                {product} {ergonomic}
   size_t MinHeapDeltaBytes                        = 4194304                                   {product} {ergonomic}
   size_t MinHeapSize                              = 8388608                                   {product} {ergonomic}
    uintx NonNMethodCodeHeapSize                   = 7602480                                {pd product} {ergonomic}
    uintx NonProfiledCodeHeapSize                  = 122027880                              {pd product} {ergonomic}
    uintx ProfiledCodeHeapSize                     = 122027880                              {pd product} {ergonomic}
    uintx ReservedCodeCacheSize                    = 251658240                              {pd product} {ergonomic}
     bool SegmentedCodeCache                       = true                                      {product} {ergonomic}
   size_t SoftMaxHeapSize                          = 8392802304                             {manageable} {ergonomic}
     bool UseCompressedClassPointers               = true                           {product lp64_product} {ergonomic}
     bool UseCompressedOops                        = true                           {product lp64_product} {ergonomic}
     bool UseG1GC                                  = true                                      {product} {ergonomic}

Logging:
Log output configuration:
 #0: stdout all=warning uptime,level,tags
 #1: stderr all=off uptime,level,tags

Environment Variables:
PATH=/usr/local/sbin:/usr/local/bin:/usr/bin:/var/lib/flatpak/exports/bin:/usr/lib/jvm/default/bin:/usr/bin/site_perl:/usr/bin/vendor_perl:/usr/bin/core_perl:/opt/rocm/bin:/home/mahir/.local/bin:/home/mahir/.local/share/coursier/bin
SHELL=/bin/zsh
DISPLAY=:1
LANG=en_GB.UTF-8
LC_NUMERIC=en_GB.UTF-8
LC_TIME=en_GB.UTF-8
TERM=xterm-256color

Active Locale:
LC_ALL=en_GB.UTF-8
LC_COLLATE=en_GB.UTF-8
LC_CTYPE=en_GB.UTF-8
LC_MESSAGES=en_GB.UTF-8
LC_MONETARY=en_GB.UTF-8
LC_NUMERIC=en_GB.UTF-8
LC_TIME=en_GB.UTF-8

Signal Handlers:
   SIGSEGV: 0x000075fd4b030aa0 in libjvm.so+10685088, mask=11100100010111111101111111111110, flags=SA_RESTART|SA_SIGINFO, unblocked
    SIGBUS: 0x000075fd4b030aa0 in libjvm.so+10685088, mask=11100100010111111101111111111110, flags=SA_RESTART|SA_SIGINFO, unblocked
    SIGFPE: 0x000075fd4b030aa0 in libjvm.so+10685088, mask=11100100010111111101111111111110, flags=SA_RESTART|SA_SIGINFO, unblocked
   SIGPIPE: 0x000075fd4af4c400 in libjvm.so+9749504, mask=11100100010111111101111111111110, flags=SA_RESTART|SA_SIGINFO, blocked
   SIGXFSZ: 0x000075fd4af4c400 in libjvm.so+9749504, mask=11100100010111111101111111111110, flags=SA_RESTART|SA_SIGINFO, blocked
    SIGILL: 0x000075fd4b030aa0 in libjvm.so+10685088, mask=11100100010111111101111111111110, flags=SA_RESTART|SA_SIGINFO, unblocked
   SIGUSR2: 0x000075fd4af4b440 in libjvm.so+9745472, mask=00000000000000000000000000000000, flags=SA_RESTART|SA_SIGINFO, blocked
    SIGHUP: 0x000075fd4af4b3c0 in libjvm.so+9745344, mask=11100100010111111101111111111110, flags=SA_RESTART|SA_SIGINFO, blocked
    SIGINT: 0x000075fd4af4b3c0 in libjvm.so+9745344, mask=11100100010111111101111111111110, flags=SA_RESTART|SA_SIGINFO, blocked
   SIGTERM: 0x000075fd4af4b3c0 in libjvm.so+9745344, mask=11100100010111111101111111111110, flags=SA_RESTART|SA_SIGINFO, blocked
   SIGQUIT: 0x000075fd4af4b3c0 in libjvm.so+9745344, mask=11100100010111111101111111111110, flags=SA_RESTART|SA_SIGINFO, blocked
   SIGTRAP: 0x000075fd4b030aa0 in libjvm.so+10685088, mask=11100100010111111101111111111110, flags=SA_RESTART|SA_SIGINFO, unblocked


Periodic native trim disabled


---------------  S Y S T E M  ---------------

OS:
DISTRIB_ID="EndeavourOS"
DISTRIB_RELEASE="rolling"
DISTRIB_DESCRIPTION="EndeavourOS Linux"
DISTRIB_CODENAME="rolling"
uname: Linux 6.11.1-arch1-1 #1 SMP PREEMPT_DYNAMIC Mon, 30 Sep 2024 23:49:50 +0000 x86_64
OS uptime: 0 days 10:24 hours
libc: glibc 2.40 NPTL 2.40 
rlimit (soft/hard): STACK 8192k/infinity , CORE infinity/infinity , NPROC 127623/127623 , NOFILE 524288/524288 , AS infinity/infinity , CPU infinity/infinity , DATA infinity/infinity , FSIZE infinity/infinity , MEMLOCK 8192k/8192k
load average: 1.18 1.29 1.25

/proc/meminfo:
MemTotal:       32782568 kB
MemFree:        13256820 kB
MemAvailable:   22834520 kB
Buffers:          921604 kB
Cached:          8677132 kB
SwapCached:            0 kB
Active:         11230364 kB
Inactive:        6631520 kB
Active(anon):    8414428 kB
Inactive(anon):        0 kB
Active(file):    2815936 kB
Inactive(file):  6631520 kB
Unevictable:          32 kB
Mlocked:              32 kB
SwapTotal:             0 kB
SwapFree:              0 kB
Zswap:                 0 kB
Zswapped:              0 kB
Dirty:              5460 kB
Writeback:             0 kB
AnonPages:       8177768 kB
Mapped:          1548872 kB
Shmem:            151996 kB
KReclaimable:     595784 kB
Slab:             830244 kB
SReclaimable:     595784 kB
SUnreclaim:       234460 kB
KernelStack:       35776 kB
PageTables:        81972 kB
SecPageTables:      5384 kB
NFS_Unstable:          0 kB
Bounce:                0 kB
WritebackTmp:          0 kB
CommitLimit:    16391284 kB
Committed_AS:   32624700 kB
VmallocTotal:   34359738367 kB
VmallocUsed:      123124 kB
VmallocChunk:          0 kB
Percpu:            57504 kB
HardwareCorrupted:     0 kB
AnonHugePages:   2297856 kB
ShmemHugePages:        0 kB
ShmemPmdMapped:        0 kB
FileHugePages:    706560 kB
FilePmdMapped:    323584 kB
CmaTotal:              0 kB
CmaFree:               0 kB
Unaccepted:            0 kB
HugePages_Total:       0
HugePages_Free:        0
HugePages_Rsvd:        0
HugePages_Surp:        0
Hugepagesize:       2048 kB
Hugetlb:               0 kB
DirectMap4k:      768280 kB
DirectMap2M:    15929344 kB
DirectMap1G:    16777216 kB

/sys/kernel/mm/transparent_hugepage/enabled: [always] madvise never
/sys/kernel/mm/transparent_hugepage/hpage_pmd_size: 2097152
/sys/kernel/mm/transparent_hugepage/defrag (defrag/compaction efforts parameter): always defer defer+madvise [madvise] never

Process Memory:
Virtual Size: 13102232K (peak: 13102520K)
Resident Set Size: 201780K (peak: 201780K) (anon: 157544K, file: 44236K, shmem: 0K)
Swapped out: 0K
C-Heap outstanding allocations: 81586K, retained: 21649K
glibc malloc tunables: (default)

/proc/sys/kernel/threads-max (system-wide limit on the number of threads): 255246
/proc/sys/vm/max_map_count (maximum number of memory map areas a process may have): 1048576
/proc/sys/vm/swappiness (control to define how aggressively the kernel swaps out anonymous memory): 60
/proc/sys/kernel/pid_max (system-wide limit on number of process identifiers): 4194304

container (cgroup) information:
container_type: cgroupv2
cpu_cpuset_cpus: not supported
cpu_memory_nodes: not supported
active_processor_count: 24
cpu_quota: no quota
cpu_period: 100000
cpu_shares: no shares
memory_limit_in_bytes: unlimited
memory_and_swap_limit_in_bytes: unlimited
memory_soft_limit_in_bytes: unlimited
memory_usage_in_bytes: 14321252 k
memory_max_usage_in_bytes: not supported
memory_swap_current_in_bytes: unlimited
memory_swap_max_limit_in_bytes: unlimited
maximum number of tasks: unlimited
current number of tasks: 1727

Steal ticks since vm start: 0
Steal ticks percentage since vm start:  0.000

CPU: total 24 (initial active 24) (24 cores per cpu, 2 threads per core) family 25 model 33 stepping 2 microcode 0xa20120a, cx8, cmov, fxsr, ht, mmx, 3dnowpref, sse, sse2, sse3, ssse3, sse4a, sse4.1, sse4.2, popcnt, lzcnt, tsc, tscinvbit, avx, avx2, aes, erms, clmul, bmi1, bmi2, adx, sha, fma, vzeroupper, clflush, clflushopt
CPU Model and flags from /proc/cpuinfo:
model name	: AMD Ryzen 9 5900X 12-Core Processor
flags		: fpu vme de pse tsc msr pae mce cx8 apic sep mtrr pge mca cmov pat pse36 clflush mmx fxsr sse sse2 ht syscall nx mmxext fxsr_opt pdpe1gb rdtscp lm constant_tsc rep_good nopl xtopology nonstop_tsc cpuid extd_apicid aperfmperf rapl pni pclmulqdq monitor ssse3 fma cx16 sse4_1 sse4_2 x2apic movbe popcnt aes xsave avx f16c rdrand lahf_lm cmp_legacy svm extapic cr8_legacy abm sse4a misalignsse 3dnowprefetch osvw ibs skinit wdt tce topoext perfctr_core perfctr_nb bpext perfctr_llc mwaitx cpb cat_l3 cdp_l3 hw_pstate ssbd mba ibrs ibpb stibp vmmcall fsgsbase bmi1 avx2 smep bmi2 erms invpcid cqm rdt_a rdseed adx smap clflushopt clwb sha_ni xsaveopt xsavec xgetbv1 xsaves cqm_llc cqm_occup_llc cqm_mbm_total cqm_mbm_local user_shstk clzero irperf xsaveerptr rdpru wbnoinvd arat npt lbrv svm_lock nrip_save tsc_scale vmcb_clean flushbyasid decodeassists pausefilter pfthreshold avic v_vmsave_vmload vgif v_spec_ctrl umip pku ospke vaes vpclmulqdq rdpid overflow_recov succor smca fsrm debug_swap

Online cpus: 0-23
Offline cpus: 
BIOS frequency limitation: <Not Available>
Frequency switch latency (ns): 0
Available cpu frequencies: <Not Available>
Current governor: powersave
Core performance/turbo boost: 1

Memory: 4k page, physical 32782568k(13256820k free), swap 0k(0k free)
Page Sizes: 4k

vm_info: OpenJDK 64-Bit Server VM (17.0.12+7) for linux-amd64 JRE (17.0.12+7), built on Jul 17 2024 13:35:02 by "builduser" with gcc 14.1.1 20240522

END.
