#
# A fatal error has been detected by the Java Runtime Environment:
#
#  SIGSEGV (0xb) at pc=0x000079bd6739189d, pid=66458, tid=66460
#
# JRE version: OpenJDK Runtime Environment (17.0.12+7) (build 17.0.12+7)
# Java VM: OpenJDK 64-Bit Server VM (17.0.12+7, mixed mode, sharing, tiered, compressed oops, compressed class ptrs, g1 gc, linux-amd64)
# Problematic frame:
# C  [verilator_642291766835216141.so+0x3089d]  sc_time_stamp()+0x14
#
# Core dump will be written. Default location: Core dumps may be processed with "/usr/lib/systemd/systemd-coredump %P %u %g %s %t %c %h" (or dumping to /home/mahir/fun/CPU/nebula-risc-v/core.66458)
#
# If you would like to submit a bug report, please visit:
#   https://bugreport.java.com/bugreport/crash.jsp
# The crash happened outside the Java Virtual Machine in native code.
# See problematic frame for where to report the bug.
#

---------------  S U M M A R Y ------------

Command Line: -Duser.dir=/home/mahir/fun/CPU/nebula-risc-v nebula.test.decoder_test

Host: AMD Ryzen 9 5900X 12-Core Processor, 24 cores, 31G, EndeavourOS Linux
Time: Thu Oct  3 18:54:16 2024 BST elapsed time: 0.875940 seconds (0d 0h 0m 0s)

---------------  T H R E A D  ---------------

Current thread (0x000079bd880159e0):  JavaThread "main" [_thread_in_native, id=66460, stack(0x000079bd8f4d2000,0x000079bd8f5d2000)]

Stack: [0x000079bd8f4d2000,0x000079bd8f5d2000],  sp=0x000079bd8f5cfd30,  free space=1015k
Native frames: (J=compiled Java code, j=interpreted, Vv=VM code, C=native code)
C  [verilator_642291766835216141.so+0x3089d]  sc_time_stamp()+0x14
C  [verilator_642291766835216141.so+0x47137]  VerilatedContext::time() const+0x31
C  [verilator_642291766835216141.so+0x40162]  VerilatedContext::addModel(VerilatedModel*)+0xa0
C  [verilator_642291766835216141.so+0x769af]  VdecoderForTest::VdecoderForTest(VerilatedContext*, char const*)+0xf1
C  [verilator_642291766835216141.so+0x76a9b]  VdecoderForTest::VdecoderForTest(char const*)+0x2b

Java frames: (J=compiled Java code, j=interpreted, Vv=VM code)
j  wrapper_verilator.VerilatorNative.newHandle_642291766835216141(Ljava/lang/String;Ljava/lang/String;I)J+0
j  wrapper_verilator.VerilatorNative.newHandle(Ljava/lang/String;Ljava/lang/String;I)J+4
j  spinal.sim.VerilatorBackend.instanciate(Ljava/lang/String;I)J+135
j  spinal.core.sim.SpinalSimConfig$$anon$3.newSimRaw(Ljava/lang/String;I)Lspinal/sim/SimRaw;+14
j  spinal.core.sim.SimCompiled.doSimApi(Ljava/lang/String;IZLscala/Function1;)V+47
j  spinal.core.sim.SimCompiled.doSim(Lscala/Function1;)V+23
j  nebula.test.decoder_test$.delayedEndpoint$nebula$test$decoder_test$1()V+22
j  nebula.test.decoder_test$delayedInit$body.apply()Ljava/lang/Object;+4
j  scala.Function0.apply$mcV$sp()V+1
j  scala.Function0.apply$mcV$sp$(Lscala/Function0;)V+1
j  scala.runtime.AbstractFunction0.apply$mcV$sp()V+1
j  scala.App.$anonfun$main$1$adapted(Lscala/Function0;)Ljava/lang/Object;+1
j  scala.App$$Lambda$5+0x000079bd00036fe0.apply(Ljava/lang/Object;)Ljava/lang/Object;+4
j  scala.collection.immutable.List.foreach(Lscala/Function1;)V+14
j  scala.App.main([Ljava/lang/String;)V+33
j  scala.App.main$(Lscala/App;[Ljava/lang/String;)V+2
j  nebula.test.decoder_test$.main([Ljava/lang/String;)V+2
j  nebula.test.decoder_test.main([Ljava/lang/String;)V+4
v  ~StubRoutines::call_stub

siginfo: si_signo: 11 (SIGSEGV), si_code: 1 (SEGV_MAPERR), si_addr: 0x0000000000000008

Registers:
RAX=0x0000000000000000, RBX=0x000079bd889bcd00, RCX=0x000000000153d0ee, RDX=0x000064df07650f90
RSP=0x000079bd8f5cfd30, RBP=0x000079bd8f5cfd40, RSI=0x0000000000000000, RDI=0x000079bd673fcf10
R8 =0x00035557cda4351a, R9 =0x0000000000000001, R10=0x0000000000000000, R11=0x000079bd90846080
R12=0x000079bd889bcc80, R13=0x0000000000000001, R14=0x000079bd889bc578, R15=0x000079bd88ccc150
RIP=0x000079bd6739189d, EFLAGS=0x0000000000010206, CSGSFS=0x002b000000000033, ERR=0x0000000000000004
  TRAPNO=0x000000000000000e


Register to memory mapping:

RAX=0x0 is NULL
RBX=0x000079bd889bcd00 points into unknown readable memory: 0x000079bd673ff440 | 40 f4 3f 67 bd 79 00 00
RCX=0x000000000153d0ee is an unknown value
RDX=0x000064df07650f90 points into unknown readable memory: 0x0000000000000004 | 04 00 00 00 00 00 00 00
RSP=0x000079bd8f5cfd30 is pointing into the stack for thread: 0x000079bd880159e0
RBP=0x000079bd8f5cfd40 is pointing into the stack for thread: 0x000079bd880159e0
RSI=0x0 is NULL
RDI=0x000079bd673fcf10: <offset 0x000000000009bf10> in /home/mahir/fun/CPU/nebula-risc-v/simWorkspace/decoderForTest/verilator/verilator_642291766835216141.so at 0x000079bd67361000
R8 =0x00035557cda4351a is an unknown value
R9 =0x0000000000000001 is an unknown value
R10=0x0 is NULL
R11=0x000079bd90846080 points into unknown readable memory: 0x000000010153d0ee | ee d0 53 01 01 00 00 00
R12=0x000079bd889bcc80 points into unknown readable memory: 0x000079bd673fc7b8 | b8 c7 3f 67 bd 79 00 00
R13=0x0000000000000001 is an unknown value
R14=0x000079bd889bc578 points into unknown readable memory: 0x000079bd673fc6a0 | a0 c6 3f 67 bd 79 00 00
R15=0x000079bd88ccc150 points into unknown readable memory: 0x0000000074736574 | 74 65 73 74 00 00 00 00


Top of Stack: (sp=0x000079bd8f5cfd30)
0x000079bd8f5cfd30:   0000000000000001 000079bd673a80cd
0x000079bd8f5cfd40:   000079bd8f5cfd60 000079bd673a8137
0x000079bd8f5cfd50:   000079bd673ff440 000079bd673ff440
0x000079bd8f5cfd60:   000079bd8f5cff40 000079bd673a1162
0x000079bd8f5cfd70:   000079bd889bcc80 000079bd673ff440
0x000079bd8f5cfd80:   0000000000000000 000079bd673ff440
0x000079bd8f5cfd90:   9999999999999999 0000000000000000
0x000079bd8f5cfda0:   2020202020202020 000079bd673ff440
0x000079bd8f5cfdb0:   000079bd8f5cfde0 000079bd673a2f6f
0x000079bd8f5cfdc0:   0000000000000000 460c3cdc673ff440
0x000079bd8f5cfdd0:   000079bd8f5cfde0 000079bd673a8ebf
0x000079bd8f5cfde0:   000079bd8f5cfe00 000079bd6739440e
0x000079bd8f5cfdf0:   0000000000000001 000079bd889bcd00
0x000079bd8f5cfe00:   000079bd889bcc80 0000000000000001
0x000079bd8f5cfe10:   000079bd889bc578 000079bd88ccc150
0x000079bd8f5cfe20:   000079bd8f5cfe40 000079bd673a7bc4
0x000079bd8f5cfe30:   000079bd8f5cfe40 000079bd673ff440
0x000079bd8f5cfe40:   000079bd8f5cfe60 000079bd673a7ca0
0x000079bd8f5cfe50:   000079bd8f5cfe70 000079bd673a7bf3
0x000079bd8f5cfe60:   000079bd8f5cfe80 000079bd673ff440
0x000079bd8f5cfe70:   000079bd8f5cfe90 000079bd673a7cc0
0x000079bd8f5cfe80:   000079bd8f5cfeb0 000079bd673ff440
0x000079bd8f5cfe90:   000079bd8f5cfeb0 000079bd673a7d46
0x000079bd8f5cfea0:   000079bd889bcd00 000079bd673ff440
0x000079bd8f5cfeb0:   000079bd8f5cfed0 000079bd673a7da9
0x000079bd8f5cfec0:   000079bd673ff440 000079bd8f5cfef0
0x000079bd8f5cfed0:   000079bd8f5cff00 000079bd673d919c
0x000079bd8f5cfee0:   0000000c00800000 000079bd673ff440
0x000079bd8f5cfef0:   00007901673ff440 000079bd889bcdc0
0x000079bd8f5cff00:   000079bd8f5cff40 000079bd673d90c9
0x000079bd8f5cff10:   000079bd889bcc80 000079bd673da000
0x000079bd8f5cff20:   000079bd673ff440 710de1f57e324f00 

Instructions: (pc=0x000079bd6739189d)
0x000079bd6739179d:   b8 ff ff ff 25 12 dc 06 00 68 77 04 00 00 e9 70
0x000079bd673917ad:   b8 ff ff ff 25 9a b7 06 00 66 90 ff 25 02 b8 06
0x000079bd673917bd:   00 66 90 48 8d 3d 51 dc 06 00 48 8d 05 4a dc 06
0x000079bd673917cd:   00 48 39 f8 74 15 48 8b 05 d6 b7 06 00 48 85 c0
0x000079bd673917dd:   74 09 ff e0 0f 1f 80 00 00 00 00 c3 0f 1f 80 00
0x000079bd673917ed:   00 00 00 48 8d 3d 21 dc 06 00 48 8d 35 1a dc 06
0x000079bd673917fd:   00 48 29 fe 48 89 f0 48 c1 ee 3f 48 c1 f8 03 48
0x000079bd6739180d:   01 c6 48 d1 fe 74 14 48 8b 05 c5 b7 06 00 48 85
0x000079bd6739181d:   c0 74 08 ff e0 66 0f 1f 44 00 00 c3 0f 1f 80 00
0x000079bd6739182d:   00 00 00 f3 0f 1e fa 80 3d e5 db 06 00 00 75 33
0x000079bd6739183d:   55 48 83 3d f2 b6 06 00 00 48 89 e5 74 0d 48 8b
0x000079bd6739184d:   3d 6e db 06 00 ff 15 e0 b6 06 00 e8 63 ff ff ff
0x000079bd6739185d:   c6 05 bc db 06 00 01 5d c3 66 2e 0f 1f 84 00 00
0x000079bd6739186d:   00 00 00 c3 66 66 2e 0f 1f 84 00 00 00 00 00 0f
0x000079bd6739187d:   1f 40 00 f3 0f 1e fa e9 67 ff ff ff 52 48 8d 3d
0x000079bd6739188d:   7f b6 06 00 e8 4a f4 ff ff 48 8b 80 00 00 00 00
0x000079bd6739189d:   48 8b 40 08 48 85 c0 78 07 f2 48 0f 2a c0 eb 15
0x000079bd673918ad:   48 89 c2 83 e0 01 48 d1 ea 48 09 c2 f2 48 0f 2a
0x000079bd673918bd:   c2 f2 0f 58 c0 58 c3 50 89 f2 31 c0 48 89 fe 48
0x000079bd673918cd:   8d 3d 6d 87 04 00 e8 58 b8 ff ff e8 60 03 00 00
0x000079bd673918dd:   be 01 00 00 00 5a 48 89 c7 e9 9d ee 00 00 41 57
0x000079bd673918ed:   41 56 49 89 d6 41 55 41 54 49 89 cc 55 53 48 89
0x000079bd673918fd:   fb 49 63 f8 48 83 ec 18 89 7c 24 0c e8 f2 f2 ff
0x000079bd6739190d:   ff 48 8b 03 31 d2 4c 89 f6 48 89 df ff 90 48 05
0x000079bd6739191d:   00 00 31 d2 4c 89 e6 48 89 df 49 89 c7 48 8b 03
0x000079bd6739192d:   ff 90 48 05 00 00 bf 78 04 00 00 49 89 c5 e8 e0
0x000079bd6739193d:   db ff ff 8b 4c 24 0c 4c 89 ea 4c 89 fe 48 89 c7
0x000079bd6739194d:   48 89 c5 e8 d7 03 00 00 48 8b 03 4c 89 fa 4c 89
0x000079bd6739195d:   f6 48 89 df ff 90 50 05 00 00 48 8b 03 4c 89 ea
0x000079bd6739196d:   4c 89 e6 48 89 df ff 90 50 05 00 00 48 83 c4 18
0x000079bd6739197d:   48 89 e8 5b 5d 41 5c 41 5d 41 5e 41 5f c3 48 89
0x000079bd6739198d:   c3 48 89 ef be 78 04 00 00 e8 25 dc ff ff 48 89 


Stack slot to memory mapping:
stack at sp + 0 slots: 0x0000000000000001 is an unknown value
stack at sp + 1 slots: 0x000079bd673a80cd: <offset 0x00000000000470cd> in /home/mahir/fun/CPU/nebula-risc-v/simWorkspace/decoderForTest/verilator/verilator_642291766835216141.so at 0x000079bd67361000
stack at sp + 2 slots: 0x000079bd8f5cfd60 is pointing into the stack for thread: 0x000079bd880159e0
stack at sp + 3 slots: 0x000079bd673a8137: <offset 0x0000000000047137> in /home/mahir/fun/CPU/nebula-risc-v/simWorkspace/decoderForTest/verilator/verilator_642291766835216141.so at 0x000079bd67361000
stack at sp + 4 slots: 0x000079bd673ff440: <offset 0x000000000009e440> in /home/mahir/fun/CPU/nebula-risc-v/simWorkspace/decoderForTest/verilator/verilator_642291766835216141.so at 0x000079bd67361000
stack at sp + 5 slots: 0x000079bd673ff440: <offset 0x000000000009e440> in /home/mahir/fun/CPU/nebula-risc-v/simWorkspace/decoderForTest/verilator/verilator_642291766835216141.so at 0x000079bd67361000
stack at sp + 6 slots: 0x000079bd8f5cff40 is pointing into the stack for thread: 0x000079bd880159e0
stack at sp + 7 slots: 0x000079bd673a1162: <offset 0x0000000000040162> in /home/mahir/fun/CPU/nebula-risc-v/simWorkspace/decoderForTest/verilator/verilator_642291766835216141.so at 0x000079bd67361000


---------------  P R O C E S S  ---------------

Threads class SMR info:
_java_thread_list=0x000079bcac206480, length=23, elements={
0x000079bd880159e0, 0x000079bd8816d390, 0x000079bd8816e790, 0x000079bd88173d00,
0x000079bd881750d0, 0x000079bd88176500, 0x000079bd88177f50, 0x000079bd881794a0,
0x000079bd8817a930, 0x000079bd88182760, 0x000079bd88185ae0, 0x000079bcc802bc20,
0x000079bcac039e60, 0x000079bcac03b030, 0x000079bca4061be0, 0x000079bd885a9dd0,
0x000079bd8858e4e0, 0x000079bcac0efd90, 0x000079bcac0f1cf0, 0x000079bcd00d8c30,
0x000079bc981b4940, 0x000079bc981b5730, 0x000079bcac205460
}

Java Threads: ( => current thread )
=>0x000079bd880159e0 JavaThread "main" [_thread_in_native, id=66460, stack(0x000079bd8f4d2000,0x000079bd8f5d2000)]
  0x000079bd8816d390 JavaThread "Reference Handler" daemon [_thread_blocked, id=66467, stack(0x000079bd5c9f5000,0x000079bd5caf5000)]
  0x000079bd8816e790 JavaThread "Finalizer" daemon [_thread_blocked, id=66468, stack(0x000079bd5c8f4000,0x000079bd5c9f4000)]
  0x000079bd88173d00 JavaThread "Signal Dispatcher" daemon [_thread_blocked, id=66469, stack(0x000079bd5c500000,0x000079bd5c600000)]
  0x000079bd881750d0 JavaThread "Service Thread" daemon [_thread_blocked, id=66470, stack(0x000079bd5c3ff000,0x000079bd5c4ff000)]
  0x000079bd88176500 JavaThread "Monitor Deflation Thread" daemon [_thread_blocked, id=66471, stack(0x000079bd5c2fe000,0x000079bd5c3fe000)]
  0x000079bd88177f50 JavaThread "C2 CompilerThread0" daemon [_thread_in_native, id=66472, stack(0x000079bd5c1fd000,0x000079bd5c2fd000)]
  0x000079bd881794a0 JavaThread "C1 CompilerThread0" daemon [_thread_blocked, id=66473, stack(0x000079bd5c0fc000,0x000079bd5c1fc000)]
  0x000079bd8817a930 JavaThread "Sweeper thread" daemon [_thread_blocked, id=66474, stack(0x000079bd57f00000,0x000079bd58000000)]
  0x000079bd88182760 JavaThread "Notification Thread" daemon [_thread_blocked, id=66475, stack(0x000079bd57dff000,0x000079bd57eff000)]
  0x000079bd88185ae0 JavaThread "Common-Cleaner" daemon [_thread_blocked, id=66477, stack(0x000079bd57bfd000,0x000079bd57cfd000)]
  0x000079bcc802bc20 JavaThread "C1 CompilerThread1" daemon [_thread_blocked, id=66478, stack(0x000079bd57afc000,0x000079bd57bfc000)]
  0x000079bcac039e60 JavaThread "C1 CompilerThread2" daemon [_thread_blocked, id=66479, stack(0x000079bd579fb000,0x000079bd57afb000)]
  0x000079bcac03b030 JavaThread "C1 CompilerThread3" daemon [_thread_blocked, id=66480, stack(0x000079bd578fa000,0x000079bd579fa000)]
  0x000079bca4061be0 JavaThread "C2 CompilerThread1" daemon [_thread_blocked, id=66481, stack(0x000079bd577f9000,0x000079bd578f9000)]
  0x000079bd885a9dd0 JavaThread "process reaper" daemon [_thread_blocked, id=66495, stack(0x000079bd8c006000,0x000079bd8c028000)]
  0x000079bd8858e4e0 JavaThread "JNA Cleaner" daemon [_thread_blocked, id=66497, stack(0x000079bd56bed000,0x000079bd56ced000)]
  0x000079bcac0efd90 JavaThread "C2 CompilerThread2" daemon [_thread_blocked, id=66500, stack(0x000079bd56700000,0x000079bd56800000)]
  0x000079bcac0f1cf0 JavaThread "C2 CompilerThread3" daemon [_thread_blocked, id=66501, stack(0x000079bd565ff000,0x000079bd566ff000)]
  0x000079bcd00d8c30 JavaThread "C2 CompilerThread4" daemon [_thread_in_native, id=66519, stack(0x000079bd563fd000,0x000079bd564fd000)]
  0x000079bc981b4940 JavaThread "C2 CompilerThread5" daemon [_thread_in_native, id=66520, stack(0x000079bd560fa000,0x000079bd561fa000)]
  0x000079bc981b5730 JavaThread "C2 CompilerThread6" daemon [_thread_blocked, id=66521, stack(0x000079bd55ff9000,0x000079bd560f9000)]
  0x000079bcac205460 JavaThread "C2 CompilerThread7" daemon [_thread_in_native, id=66522, stack(0x000079bd55ef8000,0x000079bd55ff8000)]

Other Threads:
  0x000079bd881693f0 VMThread "VM Thread" [stack: 0x000079bd5caf6000,0x000079bd5cbf6000] [id=66466]
  0x000079bd881840c0 WatcherThread [stack: 0x000079bd57cfe000,0x000079bd57dfe000] [id=66476]
  0x000079bd88045c50 GCTaskThread "GC Thread#0" [stack: 0x000079bd8cc01000,0x000079bd8cd01000] [id=66461]
  0x000079bcf4007f10 GCTaskThread "GC Thread#1" [stack: 0x000079bd576f8000,0x000079bd577f8000] [id=66483]
  0x000079bcf4008930 GCTaskThread "GC Thread#2" [stack: 0x000079bd575f7000,0x000079bd576f7000] [id=66484]
  0x000079bcf4009350 GCTaskThread "GC Thread#3" [stack: 0x000079bd574f6000,0x000079bd575f6000] [id=66485]
  0x000079bcf4009d70 GCTaskThread "GC Thread#4" [stack: 0x000079bd573f5000,0x000079bd574f5000] [id=66486]
  0x000079bcf400a790 GCTaskThread "GC Thread#5" [stack: 0x000079bd572f4000,0x000079bd573f4000] [id=66487]
  0x000079bcf400b1e0 GCTaskThread "GC Thread#6" [stack: 0x000079bd571f3000,0x000079bd572f3000] [id=66488]
  0x000079bcf400bc30 GCTaskThread "GC Thread#7" [stack: 0x000079bd570f2000,0x000079bd571f2000] [id=66489]
  0x000079bcf400c680 GCTaskThread "GC Thread#8" [stack: 0x000079bd56ff1000,0x000079bd570f1000] [id=66490]
  0x000079bcf400d110 GCTaskThread "GC Thread#9" [stack: 0x000079bd56ef0000,0x000079bd56ff0000] [id=66491]
  0x000079bcf400dba0 GCTaskThread "GC Thread#10" [stack: 0x000079bd56def000,0x000079bd56eef000] [id=66492]
  0x000079bcf400e630 GCTaskThread "GC Thread#11" [stack: 0x000079bd56cee000,0x000079bd56dee000] [id=66493]
  0x000079bd88056cd0 ConcurrentGCThread "G1 Main Marker" [stack: 0x000079bd8cb00000,0x000079bd8cc00000] [id=66462]
  0x000079bd88057c60 ConcurrentGCThread "G1 Conc#0" [stack: 0x000079bd8c9ff000,0x000079bd8caff000] [id=66463]
  0x000079bd50000ea0 ConcurrentGCThread "G1 Conc#1" [stack: 0x000079bd564fe000,0x000079bd565fe000] [id=66515]
  0x000079bd50001500 ConcurrentGCThread "G1 Conc#2" [stack: 0x000079bd561fb000,0x000079bd562fb000] [id=66516]
  0x000079bd50001b10 ConcurrentGCThread "G1 Conc#3" [stack: 0x000079bd562fc000,0x000079bd563fc000] [id=66517]
  0x000079bd50002150 ConcurrentGCThread "G1 Conc#4" [stack: 0x000079bd56aec000,0x000079bd56bec000] [id=66518]
  0x000079bd881389e0 ConcurrentGCThread "G1 Refine#0" [stack: 0x000079bd5ccf8000,0x000079bd5cdf8000] [id=66464]
  0x000079bd881398f0 ConcurrentGCThread "G1 Service" [stack: 0x000079bd5cbf7000,0x000079bd5ccf7000] [id=66465]

Threads with active compile tasks:
C2 CompilerThread0      879 3886       4       jdk.internal.org.objectweb.asm.MethodWriter::visitInsn (115 bytes)
C2 CompilerThread4      879 3409       4       jdk.nio.zipfs.ZipPath::readAttributes (58 bytes)
C2 CompilerThread5      879 3724       4       jdk.internal.org.objectweb.asm.SymbolTable::addConstantMemberReference (147 bytes)
C2 CompilerThread7      879 3408       4       jdk.nio.zipfs.ZipFileSystemProvider::readAttributes (9 bytes)

VM state: not at safepoint (normal execution)

VM Mutex/Monitor currently owned by a thread: None

Heap address: 0x000000060bc00000, size: 8004 MB, Compressed Oops mode: Zero based, Oop shift amount: 3

CDS archive(s) mapped at: [0x000079bcff000000-0x000079bcffbc7000-0x000079bcffbc7000), size 12349440, SharedBaseAddress: 0x000079bcff000000, ArchiveRelocationMode: 1.
Compressed class space mapped at: 0x000079bd00000000-0x000079bd40000000, reserved size: 1073741824
Narrow klass base: 0x000079bcff000000, Narrow klass shift: 0, Narrow klass range: 0x100000000

GC Precious Log:
 CPUs: 24 total, 24 available
 Memory: 32014M
 Large Page Support: Disabled
 NUMA Support: Disabled
 Compressed Oops: Enabled (Zero based)
 Heap Region Size: 4M
 Heap Min Capacity: 8M
 Heap Initial Capacity: 504M
 Heap Max Capacity: 8004M
 Pre-touch: Disabled
 Parallel Workers: 18
 Concurrent Workers: 5
 Concurrent Refinement Workers: 18
 Periodic GC: Disabled

Heap:
 garbage-first heap   total 69632K, used 39062K [0x000000060bc00000, 0x0000000800000000)
  region size 4096K, 9 young (36864K), 1 survivors (4096K)
 Metaspace       used 26853K, committed 27136K, reserved 1114112K
  class space    used 3652K, committed 3776K, reserved 1048576K

Heap Regions: E=young(eden), S=young(survivor), O=old, HS=humongous(starts), HC=humongous(continues), CS=collection set, F=free, OA=open archive, CA=closed archive, TAMS=top-at-mark-start (previous, next)
|   0|0x000000060bc00000, 0x000000060bf6b200, 0x000000060c000000| 85%| O|  |TAMS 0x000000060bf6b200, 0x000000060bc00000| Complete 
|   1|0x000000060c000000, 0x000000060c000000, 0x000000060c400000|  0%| F|  |TAMS 0x000000060c000000, 0x000000060c000000| Untracked 
|   2|0x000000060c400000, 0x000000060c400000, 0x000000060c800000|  0%| F|  |TAMS 0x000000060c400000, 0x000000060c400000| Untracked 
|   3|0x000000060c800000, 0x000000060c800000, 0x000000060cc00000|  0%| F|  |TAMS 0x000000060c800000, 0x000000060c800000| Untracked 
|   4|0x000000060cc00000, 0x000000060cc00000, 0x000000060d000000|  0%| F|  |TAMS 0x000000060cc00000, 0x000000060cc00000| Untracked 
|   5|0x000000060d000000, 0x000000060d000000, 0x000000060d400000|  0%| F|  |TAMS 0x000000060d000000, 0x000000060d000000| Untracked 
|   6|0x000000060d400000, 0x000000060d800000, 0x000000060d800000|100%| E|  |TAMS 0x000000060d400000, 0x000000060d400000| Complete 
|   7|0x000000060d800000, 0x000000060dc00000, 0x000000060dc00000|100%| E|CS|TAMS 0x000000060d800000, 0x000000060d800000| Complete 
|   8|0x000000060dc00000, 0x000000060e000000, 0x000000060e000000|100%| E|CS|TAMS 0x000000060dc00000, 0x000000060dc00000| Complete 
|   9|0x000000060e000000, 0x000000060e400000, 0x000000060e400000|100%| E|CS|TAMS 0x000000060e000000, 0x000000060e000000| Complete 
|  10|0x000000060e400000, 0x000000060e800000, 0x000000060e800000|100%| E|CS|TAMS 0x000000060e400000, 0x000000060e400000| Complete 
|  11|0x000000060e800000, 0x000000060ec00000, 0x000000060ec00000|100%| E|CS|TAMS 0x000000060e800000, 0x000000060e800000| Complete 
|  12|0x000000060ec00000, 0x000000060f000000, 0x000000060f000000|100%| E|CS|TAMS 0x000000060ec00000, 0x000000060ec00000| Complete 
| 114|0x0000000628400000, 0x00000006286ce740, 0x0000000628800000| 70%| S|CS|TAMS 0x0000000628400000, 0x0000000628400000| Complete 
| 125|0x000000062b000000, 0x000000062b400000, 0x000000062b400000|100%| E|CS|TAMS 0x000000062b000000, 0x000000062b000000| Complete 
|1999|0x00000007ff800000, 0x00000007ffb75000, 0x00000007ffc00000| 86%|OA|  |TAMS 0x00000007ffb75000, 0x00000007ff800000| Untracked 
|2000|0x00000007ffc00000, 0x00000007ffc77000, 0x0000000800000000| 11%|CA|  |TAMS 0x00000007ffc77000, 0x00000007ffc00000| Untracked 

Card table byte_map: [0x000079bd70200000,0x000079bd711a2000] _byte_map_base: 0x000079bd6d1a2000

Marking Bits (Prev, Next): (CMBitMap*) 0x000079bd88046730, (CMBitMap*) 0x000079bd880466f0
 Prev Bits: [0x000079bd5f600000, 0x000079bd67310000)
 Next Bits: [0x000079bd67400000, 0x000079bd6f110000)

Polling page: 0x000079bd9082b000

Metaspace:

Usage:
  Non-class:     22.66 MB used.
      Class:      3.57 MB used.
       Both:     26.22 MB used.

Virtual space:
  Non-class space:       64.00 MB reserved,      22.81 MB ( 36%) committed,  1 nodes.
      Class space:        1.00 GB reserved,       3.69 MB ( <1%) committed,  1 nodes.
             Both:        1.06 GB reserved,      26.50 MB (  2%) committed. 

Chunk freelists:
   Non-Class:  8.25 MB
       Class:  12.36 MB
        Both:  20.61 MB

MaxMetaspaceSize: unlimited
CompressedClassSpaceSize: 1.00 GB
Initial GC threshold: 21.00 MB
Current GC threshold: 35.56 MB
CDS: on
MetaspaceReclaimPolicy: balanced
 - commit_granule_bytes: 65536.
 - commit_granule_words: 8192.
 - virtual_space_node_default_size: 8388608.
 - enlarge_chunks_in_place: 1.
 - new_chunks_are_fully_committed: 0.
 - uncommit_free_chunks: 1.
 - use_allocation_guard: 0.
 - handle_deallocations: 1.


Internal statistics:

num_allocs_failed_limit: 3.
num_arena_births: 224.
num_arena_deaths: 0.
num_vsnodes_births: 2.
num_vsnodes_deaths: 0.
num_space_committed: 424.
num_space_uncommitted: 0.
num_chunks_returned_to_freelist: 3.
num_chunks_taken_from_freelist: 1096.
num_chunk_merges: 3.
num_chunk_splits: 837.
num_chunks_enlarged: 712.
num_inconsistent_stats: 0.

CodeHeap 'non-profiled nmethods': size=119168Kb used=1559Kb max_used=1559Kb free=117608Kb
 bounds [0x000079bd78da0000, 0x000079bd79010000, 0x000079bd80200000]
CodeHeap 'profiled nmethods': size=119164Kb used=7172Kb max_used=7172Kb free=111991Kb
 bounds [0x000079bd71200000, 0x000079bd71910000, 0x000079bd7865f000]
CodeHeap 'non-nmethods': size=7428Kb used=2932Kb max_used=2979Kb free=4495Kb
 bounds [0x000079bd7865f000, 0x000079bd7894f000, 0x000079bd78da0000]
 total_blobs=4437 nmethods=3882 adapters=465
 compilation: enabled
              stopped_count=0, restarted_count=0
 full_count=0

Compilation events (20 events):
Event: 0.874 Thread 0x000079bcac0f1cf0 nmethod 3876 0x000079bd78f25390 code [0x000079bd78f25520, 0x000079bd78f25638]
Event: 0.875 Thread 0x000079bcac03b030 3877       1       scala.collection.immutable.HashMap$HashMap1::hash (5 bytes)
Event: 0.875 Thread 0x000079bcac03b030 nmethod 3877 0x000079bd78f25790 code [0x000079bd78f25920, 0x000079bd78f259f0]
Event: 0.875 Thread 0x000079bcac03b030 3878       3       scala.collection.immutable.HashMap$HashMapBuilder::addOne (415 bytes)
Event: 0.875 Thread 0x000079bcac039e60 3879       3       scala.collection.immutable.AbstractMap::<init> (21 bytes)
Event: 0.875 Thread 0x000079bd881794a0 3880       3       scala.collection.immutable.MapLike::$init$ (1 bytes)
Event: 0.875 Thread 0x000079bd881794a0 nmethod 3880 0x000079bd718f3b90 code [0x000079bd718f3d20, 0x000079bd718f3e10]
Event: 0.875 Thread 0x000079bd881794a0 3884       3       scala.collection.immutable.HashMap$HashTrieMap::size (5 bytes)
Event: 0.875 Thread 0x000079bcc802bc20 nmethod 3873 0x000079bd718f3e90 code [0x000079bd718f4540, 0x000079bd718f8080]
Event: 0.875 Thread 0x000079bd881794a0 nmethod 3884 0x000079bd718fa310 code [0x000079bd718fa4a0, 0x000079bd718fa5b0]
Event: 0.875 Thread 0x000079bd88177f50 3886       4       jdk.internal.org.objectweb.asm.MethodWriter::visitInsn (115 bytes)
Event: 0.875 Thread 0x000079bcc802bc20 3883       3       scala.collection.immutable.HashMap$HashMapBuilder::isMutable (19 bytes)
Event: 0.875 Thread 0x000079bd881794a0 3881       3       scala.collection.immutable.Map::$init$ (1 bytes)
Event: 0.875 Thread 0x000079bd881794a0 nmethod 3881 0x000079bd718fa690 code [0x000079bd718fa820, 0x000079bd718fa910]
Event: 0.875 Thread 0x000079bd881794a0 3882       3       scala.collection.immutable.HashMap::<init> (9 bytes)
Event: 0.875 Thread 0x000079bcc802bc20 nmethod 3883 0x000079bd718fa990 code [0x000079bd718fab40, 0x000079bd718faea0]
Event: 0.875 Thread 0x000079bcac039e60 nmethod 3879 0x000079bd718faf90 code [0x000079bd718fb1a0, 0x000079bd718fb7e0]
Event: 0.875 Thread 0x000079bcc802bc20 3885       1       scala.collection.immutable.HashMap$HashMap1::size (2 bytes)
Event: 0.875 Thread 0x000079bcc802bc20 nmethod 3885 0x000079bd78f25a90 code [0x000079bd78f25c20, 0x000079bd78f25cf0]
Event: 0.875 Thread 0x000079bd881794a0 nmethod 3882 0x000079bd718fba90 code [0x000079bd718fbcc0, 0x000079bd718fc3c0]

GC Heap History (6 events):
Event: 0.204 GC heap before
{Heap before GC invocations=0 (full 0):
 garbage-first heap   total 524288K, used 24496K [0x000000060bc00000, 0x0000000800000000)
  region size 4096K, 6 young (24576K), 0 survivors (0K)
 Metaspace       used 7808K, committed 7936K, reserved 1114112K
  class space    used 968K, committed 1024K, reserved 1048576K
}
Event: 0.208 GC heap after
{Heap after GC invocations=1 (full 0):
 garbage-first heap   total 524288K, used 7854K [0x000000060bc00000, 0x0000000800000000)
  region size 4096K, 1 young (4096K), 1 survivors (4096K)
 Metaspace       used 7808K, committed 7936K, reserved 1114112K
  class space    used 968K, committed 1024K, reserved 1048576K
}
Event: 0.364 GC heap before
{Heap before GC invocations=1 (full 0):
 garbage-first heap   total 524288K, used 36526K [0x000000060bc00000, 0x0000000800000000)
  region size 4096K, 8 young (32768K), 1 survivors (4096K)
 Metaspace       used 13243K, committed 13376K, reserved 1114112K
  class space    used 1641K, committed 1664K, reserved 1048576K
}
Event: 0.369 GC heap after
{Heap after GC invocations=2 (full 0):
 garbage-first heap   total 524288K, used 8863K [0x000000060bc00000, 0x0000000800000000)
  region size 4096K, 1 young (4096K), 1 survivors (4096K)
 Metaspace       used 13243K, committed 13376K, reserved 1114112K
  class space    used 1641K, committed 1664K, reserved 1048576K
}
Event: 0.661 GC heap before
{Heap before GC invocations=2 (full 0):
 garbage-first heap   total 524288K, used 45727K [0x000000060bc00000, 0x0000000800000000)
  region size 4096K, 11 young (45056K), 1 survivors (4096K)
 Metaspace       used 21278K, committed 21504K, reserved 1114112K
  class space    used 2982K, committed 3072K, reserved 1048576K
}
Event: 0.664 GC heap after
{Heap after GC invocations=3 (full 0):
 garbage-first heap   total 524288K, used 10390K [0x000000060bc00000, 0x0000000800000000)
  region size 4096K, 1 young (4096K), 1 survivors (4096K)
 Metaspace       used 21278K, committed 21504K, reserved 1114112K
  class space    used 2982K, committed 3072K, reserved 1048576K
}

Dll operation events (8 events):
Event: 0.001 Loaded shared library /usr/lib/jvm/java-17-openjdk/lib/libjava.so
Event: 0.012 Loaded shared library /usr/lib/jvm/java-17-openjdk/lib/libjsvml.so
Event: 0.017 Loaded shared library /usr/lib/jvm/java-17-openjdk/lib/libnio.so
Event: 0.018 Loaded shared library /usr/lib/jvm/java-17-openjdk/lib/libzip.so
Event: 0.047 Loaded shared library /usr/lib/jvm/java-17-openjdk/lib/libjimage.so
Event: 0.251 Loaded shared library /home/mahir/.cache/JNA/temp/jna5645778171862031986.tmp
Event: 0.274 Loaded shared library /usr/lib/jvm/java-17-openjdk/lib/libnet.so
Event: 0.873 Loaded shared library /home/mahir/fun/CPU/nebula-risc-v/simWorkspace/decoderForTest/verilator/verilator_642291766835216141.so

Deoptimization events (20 events):
Event: 0.829 Thread 0x000079bd880159e0 Uncommon trap: trap_request=0xffffff45 fr.pc=0x000079bd78eac280 relative=0x0000000000000060
Event: 0.829 Thread 0x000079bd880159e0 Uncommon trap: reason=unstable_if action=reinterpret pc=0x000079bd78eac280 method=com.sun.tools.javac.jvm.PoolReader.sizeof(I)I @ 1 c2
Event: 0.829 Thread 0x000079bd880159e0 DEOPT PACKING pc=0x000079bd78eac280 sp=0x000079bd8f5ce940
Event: 0.829 Thread 0x000079bd880159e0 DEOPT UNPACKING pc=0x000079bd786b5699 sp=0x000079bd8f5ce8f0 mode 2
Event: 0.829 Thread 0x000079bd880159e0 Uncommon trap: trap_request=0xffffff45 fr.pc=0x000079bd78eb01a0 relative=0x0000000000000200
Event: 0.829 Thread 0x000079bd880159e0 Uncommon trap: reason=unstable_if action=reinterpret pc=0x000079bd78eb01a0 method=com.sun.tools.javac.util.Name$Table.equals([BI[BII)Z @ 22 c2
Event: 0.829 Thread 0x000079bd880159e0 DEOPT PACKING pc=0x000079bd78eb01a0 sp=0x000079bd8f5ce480
Event: 0.829 Thread 0x000079bd880159e0 DEOPT UNPACKING pc=0x000079bd786b5699 sp=0x000079bd8f5ce418 mode 2
Event: 0.830 Thread 0x000079bd880159e0 Uncommon trap: trap_request=0xffffff45 fr.pc=0x000079bd78eeaba8 relative=0x00000000000007e8
Event: 0.830 Thread 0x000079bd880159e0 Uncommon trap: reason=unstable_if action=reinterpret pc=0x000079bd78eeaba8 method=jdk.internal.jimage.ImageStringsReader.stringFromByteBuffer(Ljava/nio/ByteBuffer;I)Ljava/lang/String; @ 7 c2
Event: 0.830 Thread 0x000079bd880159e0 DEOPT PACKING pc=0x000079bd78eeaba8 sp=0x000079bd8f5ce260
Event: 0.830 Thread 0x000079bd880159e0 DEOPT UNPACKING pc=0x000079bd786b5699 sp=0x000079bd8f5ce238 mode 2
Event: 0.860 Thread 0x000079bd880159e0 Uncommon trap: trap_request=0xffffffc6 fr.pc=0x000079bd78eec720 relative=0x00000000000010e0
Event: 0.860 Thread 0x000079bd880159e0 Uncommon trap: reason=bimorphic_or_optimized_type_check action=maybe_recompile pc=0x000079bd78eec720 method=java.util.HashMap.putVal(ILjava/lang/Object;Ljava/lang/Object;ZZ)Ljava/lang/Object; @ 56 c2
Event: 0.860 Thread 0x000079bd880159e0 DEOPT PACKING pc=0x000079bd78eec720 sp=0x000079bd8f5cf7c0
Event: 0.860 Thread 0x000079bd880159e0 DEOPT UNPACKING pc=0x000079bd786b5699 sp=0x000079bd8f5cf738 mode 2
Event: 0.872 Thread 0x000079bd880159e0 Uncommon trap: trap_request=0xffffffde fr.pc=0x000079bd78de9760 relative=0x00000000000011c0
Event: 0.872 Thread 0x000079bd880159e0 Uncommon trap: reason=class_check action=maybe_recompile pc=0x000079bd78de9760 method=jdk.internal.loader.URLClassPath.getLoader(I)Ljdk/internal/loader/URLClassPath$Loader; @ 88 c2
Event: 0.872 Thread 0x000079bd880159e0 DEOPT PACKING pc=0x000079bd78de9760 sp=0x000079bd8f5cf830
Event: 0.872 Thread 0x000079bd880159e0 DEOPT UNPACKING pc=0x000079bd786b5699 sp=0x000079bd8f5cf820 mode 2

Classes loaded (20 events):
Event: 0.872 Loading class java/util/EnumMap$EnumMapIterator done
Event: 0.872 Loading class java/util/EnumMap$ValueIterator done
Event: 0.872 Loading class java/util/WeakHashMap$KeyIterator
Event: 0.872 Loading class java/util/WeakHashMap$HashIterator
Event: 0.872 Loading class java/util/WeakHashMap$HashIterator done
Event: 0.872 Loading class java/util/WeakHashMap$KeyIterator done
Event: 0.872 Loading class java/net/URLClassLoader$1
Event: 0.872 Loading class java/net/URLClassLoader$1 done
Event: 0.872 Loading class java/io/FilePermission$1
Event: 0.872 Loading class jdk/internal/access/JavaIOFilePermissionAccess
Event: 0.872 Loading class jdk/internal/access/JavaIOFilePermissionAccess done
Event: 0.872 Loading class java/io/FilePermission$1 done
Event: 0.873 Loading class java/io/FilePermissionCollection
Event: 0.873 Loading class java/io/FilePermissionCollection done
Event: 0.873 Loading class java/util/Vector
Event: 0.873 Loading class java/util/Vector done
Event: 0.873 Loading class java/io/FilePermissionCollection$1
Event: 0.873 Loading class java/io/FilePermissionCollection$1 done
Event: 0.873 Loading class jdk/internal/loader/NativeLibraries$Unloader
Event: 0.873 Loading class jdk/internal/loader/NativeLibraries$Unloader done

Classes unloaded (0 events):
No events

Classes redefined (0 events):
No events

Internal exceptions (20 events):
Event: 0.636 Thread 0x000079bd880159e0 Exception <a 'java/lang/NoSuchMethodError'{0x0000000628e5f708}: 'java.lang.Object java.lang.invoke.DirectMethodHandle$Holder.invokeVirtual(java.lang.Object, java.lang.Object, java.lang.Object)'> (0x0000000628e5f708) 
thrown [/usr/src/debug/java17-openjdk/jdk17u-jdk-17.0.12-7/src/hotspot/share/interpreter/linkResolver.cpp, line 758]
Event: 0.636 Thread 0x000079bd880159e0 Exception <a 'java/lang/NoSuchMethodError'{0x0000000628e69508}: 'int java.lang.invoke.DirectMethodHandle$Holder.invokeInterface(java.lang.Object, java.lang.Object)'> (0x0000000628e69508) 
thrown [/usr/src/debug/java17-openjdk/jdk17u-jdk-17.0.12-7/src/hotspot/share/interpreter/linkResolver.cpp, line 758]
Event: 0.643 Thread 0x000079bd880159e0 Exception <a 'sun/nio/fs/UnixException'{0x0000000628fe94e8}> (0x0000000628fe94e8) 
thrown [/usr/src/debug/java17-openjdk/jdk17u-jdk-17.0.12-7/src/hotspot/share/prims/jni.cpp, line 516]
Event: 0.643 Thread 0x000079bd880159e0 Exception <a 'sun/nio/fs/UnixException'{0x0000000628fe9c60}> (0x0000000628fe9c60) 
thrown [/usr/src/debug/java17-openjdk/jdk17u-jdk-17.0.12-7/src/hotspot/share/prims/jni.cpp, line 516]
Event: 0.647 Thread 0x000079bd880159e0 Exception <a 'java/lang/NoSuchMethodError'{0x0000000628852d40}: 'int java.lang.invoke.DirectMethodHandle$Holder.invokeVirtual(java.lang.Object, java.lang.Object, java.lang.Object)'> (0x0000000628852d40) 
thrown [/usr/src/debug/java17-openjdk/jdk17u-jdk-17.0.12-7/src/hotspot/share/interpreter/linkResolver.cpp, line 758]
Event: 0.647 Thread 0x000079bd880159e0 Exception <a 'java/lang/NoSuchMethodError'{0x0000000628859518}: 'void java.lang.invoke.DirectMethodHandle$Holder.invokeInterface(java.lang.Object, java.lang.Object, java.lang.Object)'> (0x0000000628859518) 
thrown [/usr/src/debug/java17-openjdk/jdk17u-jdk-17.0.12-7/src/hotspot/share/interpreter/linkResolver.cpp, line 758]
Event: 0.677 Thread 0x000079bd880159e0 Exception <a 'java/lang/NoSuchMethodError'{0x000000062b040620}: 'int java.lang.invoke.DirectMethodHandle$Holder.invokeStaticInit(java.lang.Object, java.lang.Object)'> (0x000000062b040620) 
thrown [/usr/src/debug/java17-openjdk/jdk17u-jdk-17.0.12-7/src/hotspot/share/interpreter/linkResolver.cpp, line 758]
Event: 0.740 Thread 0x000079bd880159e0 Exception <a 'java/lang/NoSuchMethodError'{0x000000060ed31680}: 'int java.lang.invoke.DirectMethodHandle$Holder.invokeSpecial(java.lang.Object, java.lang.Object, java.lang.Object, java.lang.Object)'> (0x000000060ed31680) 
thrown [/usr/src/debug/java17-openjdk/jdk17u-jdk-17.0.12-7/src/hotspot/share/interpreter/linkResolver.cpp, line 758]
Event: 0.741 Thread 0x000079bd880159e0 Exception <a 'java/lang/NoSuchMethodError'{0x000000060ed44908}: 'java.lang.Object java.lang.invoke.DirectMethodHandle$Holder.invokeVirtual(java.lang.Object, java.lang.Object, java.lang.Object, int, int)'> (0x000000060ed44908) 
thrown [/usr/src/debug/java17-openjdk/jdk17u-jdk-17.0.12-7/src/hotspot/share/interpreter/linkResolver.cpp, line 758]
Event: 0.741 Thread 0x000079bd880159e0 Exception <a 'java/lang/NoSuchMethodError'{0x000000060ed4b198}: 'java.lang.Object java.lang.invoke.DirectMethodHandle$Holder.invokeVirtual(java.lang.Object, java.lang.Object, int)'> (0x000000060ed4b198) 
thrown [/usr/src/debug/java17-openjdk/jdk17u-jdk-17.0.12-7/src/hotspot/share/interpreter/linkResolver.cpp, line 758]
Event: 0.750 Thread 0x000079bd880159e0 Exception <a 'java/lang/NoSuchMethodError'{0x000000060edfa540}: 'void java.lang.invoke.DirectMethodHandle$Holder.invokeSpecial(java.lang.Object, java.lang.Object, java.lang.Object, java.lang.Object, java.lang.Object, java.lang.Object)'> (0x000000060edfa540) 
thrown [/usr/src/debug/java17-openjdk/jdk17u-jdk-17.0.12-7/src/hotspot/share/interpreter/linkResolver.cpp, line 758]
Event: 0.776 Thread 0x000079bd880159e0 Implicit null exception at 0x000079bd78eb61ac to 0x000079bd78eb62de
Event: 0.802 Thread 0x000079bd880159e0 Exception <a 'sun/nio/fs/UnixException'{0x000000060dcdd470}> (0x000000060dcdd470) 
thrown [/usr/src/debug/java17-openjdk/jdk17u-jdk-17.0.12-7/src/hotspot/share/prims/jni.cpp, line 516]
Event: 0.802 Thread 0x000079bd880159e0 Exception <a 'sun/nio/fs/UnixException'{0x000000060dcddba0}> (0x000000060dcddba0) 
thrown [/usr/src/debug/java17-openjdk/jdk17u-jdk-17.0.12-7/src/hotspot/share/prims/jni.cpp, line 516]
Event: 0.802 Thread 0x000079bd880159e0 Exception <a 'sun/nio/fs/UnixException'{0x000000060dcde1b8}> (0x000000060dcde1b8) 
thrown [/usr/src/debug/java17-openjdk/jdk17u-jdk-17.0.12-7/src/hotspot/share/prims/jni.cpp, line 516]
Event: 0.802 Thread 0x000079bd880159e0 Exception <a 'sun/nio/fs/UnixException'{0x000000060dcde8e8}> (0x000000060dcde8e8) 
thrown [/usr/src/debug/java17-openjdk/jdk17u-jdk-17.0.12-7/src/hotspot/share/prims/jni.cpp, line 516]
Event: 0.803 Thread 0x000079bd880159e0 Exception <a 'java/lang/NoSuchMethodError'{0x000000060dd03a08}: 'void java.lang.invoke.DirectMethodHandle$Holder.invokeSpecial(java.lang.Object, java.lang.Object, java.lang.Object, java.lang.Object, java.lang.Object)'> (0x000000060dd03a08) 
thrown [/usr/src/debug/java17-openjdk/jdk17u-jdk-17.0.12-7/src/hotspot/share/interpreter/linkResolver.cpp, line 758]
Event: 0.824 Thread 0x000079bd880159e0 Exception <a 'java/lang/NoSuchMethodError'{0x000000060d9ff2c0}: 'int java.lang.invoke.DirectMethodHandle$Holder.invokeSpecial(java.lang.Object, java.lang.Object, java.lang.Object)'> (0x000000060d9ff2c0) 
thrown [/usr/src/debug/java17-openjdk/jdk17u-jdk-17.0.12-7/src/hotspot/share/interpreter/linkResolver.cpp, line 758]
Event: 0.827 Thread 0x000079bd880159e0 Exception <a 'java/lang/NoSuchMethodError'{0x000000060da58ba0}: 'java.lang.Object java.lang.invoke.DirectMethodHandle$Holder.invokeStatic(java.lang.Object, java.lang.Object, int, int)'> (0x000000060da58ba0) 
thrown [/usr/src/debug/java17-openjdk/jdk17u-jdk-17.0.12-7/src/hotspot/share/interpreter/linkResolver.cpp, line 758]
Event: 0.834 Thread 0x000079bd880159e0 Exception <a 'java/lang/NoSuchMethodError'{0x000000060daf4b38}: 'java.lang.Object java.lang.invoke.DirectMethodHandle$Holder.invokeInterface(java.lang.Object, java.lang.Object)'> (0x000000060daf4b38) 
thrown [/usr/src/debug/java17-openjdk/jdk17u-jdk-17.0.12-7/src/hotspot/share/interpreter/linkResolver.cpp, line 758]

VM Operations (20 events):
Event: 0.667 Executing VM operation: G1PauseRemark
Event: 0.669 Executing VM operation: G1PauseRemark done
Event: 0.669 Executing VM operation: G1PauseCleanup
Event: 0.670 Executing VM operation: G1PauseCleanup done
Event: 0.706 Executing VM operation: HandshakeAllThreads
Event: 0.707 Executing VM operation: HandshakeAllThreads done
Event: 0.707 Executing VM operation: HandshakeAllThreads
Event: 0.707 Executing VM operation: HandshakeAllThreads done
Event: 0.729 Executing VM operation: HandshakeAllThreads
Event: 0.729 Executing VM operation: HandshakeAllThreads done
Event: 0.729 Executing VM operation: HandshakeAllThreads
Event: 0.729 Executing VM operation: HandshakeAllThreads done
Event: 0.818 Executing VM operation: ICBufferFull
Event: 0.818 Executing VM operation: ICBufferFull done
Event: 0.830 Executing VM operation: HandshakeAllThreads
Event: 0.830 Executing VM operation: HandshakeAllThreads done
Event: 0.858 Executing VM operation: HandshakeAllThreads
Event: 0.858 Executing VM operation: HandshakeAllThreads done
Event: 0.866 Executing VM operation: ICBufferFull
Event: 0.866 Executing VM operation: ICBufferFull done

Events (20 events):
Event: 0.558 Protecting memory [0x000079bd563fd000,0x000079bd56401000] with protection modes 0
Event: 0.558 Thread 0x000079bd8879bfd0 Thread added: 0x000079bd8879bfd0
Event: 0.558 Protecting memory [0x000079bd56aec000,0x000079bd56af0000] with protection modes 0
Event: 0.558 Thread 0x000079bd8879ca00 Thread added: 0x000079bd8879ca00
Event: 0.558 Protecting memory [0x000079bd562fc000,0x000079bd56300000] with protection modes 0
Event: 0.559 Thread 0x000079bd8879d860 Thread added: 0x000079bd8879d860
Event: 0.559 Protecting memory [0x000079bd561fb000,0x000079bd561ff000] with protection modes 0
Event: 0.559 Thread 0x000079bd8879b770 Thread exited: 0x000079bd8879b770
Event: 0.606 Thread 0x000079bd8879bfd0 Thread exited: 0x000079bd8879bfd0
Event: 0.606 Thread 0x000079bd8879ca00 Thread exited: 0x000079bd8879ca00
Event: 0.606 Thread 0x000079bd8879d860 Thread exited: 0x000079bd8879d860
Event: 0.636 Thread 0x000079bc980872a0 Thread exited: 0x000079bc980872a0
Event: 0.789 Thread 0x000079bcd00d8c30 Thread added: 0x000079bcd00d8c30
Event: 0.789 Protecting memory [0x000079bd563fd000,0x000079bd56401000] with protection modes 0
Event: 0.790 Thread 0x000079bc981b4940 Thread added: 0x000079bc981b4940
Event: 0.791 Protecting memory [0x000079bd560fa000,0x000079bd560fe000] with protection modes 0
Event: 0.791 Thread 0x000079bc981b5730 Thread added: 0x000079bc981b5730
Event: 0.791 Protecting memory [0x000079bd55ff9000,0x000079bd55ffd000] with protection modes 0
Event: 0.792 Thread 0x000079bcac205460 Thread added: 0x000079bcac205460
Event: 0.792 Protecting memory [0x000079bd55ef8000,0x000079bd55efc000] with protection modes 0


Dynamic libraries:
60bc00000-60f000000 rw-p 00000000 00:00 0 
60f000000-628400000 ---p 00000000 00:00 0 
628400000-628800000 rw-p 00000000 00:00 0 
628800000-62b000000 ---p 00000000 00:00 0 
62b000000-62b400000 rw-p 00000000 00:00 0 
62b400000-7ff800000 ---p 00000000 00:00 0 
7ff800000-7ffb00000 rw-p 00000000 00:00 0 
7ffb00000-7ffb75000 rw-p 00c76000 103:02 53110622                        /usr/lib/jvm/java-17-openjdk/lib/server/classes.jsa
7ffb75000-7ffc00000 rw-p 00000000 00:00 0 
7ffc00000-7ffc77000 rw-p 00bff000 103:02 53110622                        /usr/lib/jvm/java-17-openjdk/lib/server/classes.jsa
7ffc77000-800000000 rw-p 00000000 00:00 0 
64ded1e7a000-64ded1e7b000 r--p 00000000 103:02 52695525                  /usr/lib/jvm/java-17-openjdk/bin/java
64ded1e7b000-64ded1e7c000 r-xp 00001000 103:02 52695525                  /usr/lib/jvm/java-17-openjdk/bin/java
64ded1e7c000-64ded1e7d000 r--p 00002000 103:02 52695525                  /usr/lib/jvm/java-17-openjdk/bin/java
64ded1e7d000-64ded1e7e000 r--p 00002000 103:02 52695525                  /usr/lib/jvm/java-17-openjdk/bin/java
64ded1e7e000-64ded1e7f000 rw-p 00003000 103:02 52695525                  /usr/lib/jvm/java-17-openjdk/bin/java
64df07627000-64df0766e000 rw-p 00000000 00:00 0                          [heap]
79bc10000000-79bc10799000 rw-p 00000000 00:00 0 
79bc10799000-79bc14000000 ---p 00000000 00:00 0 
79bc14000000-79bc144f5000 rw-p 00000000 00:00 0 
79bc144f5000-79bc18000000 ---p 00000000 00:00 0 
79bc1c000000-79bc1c55b000 rw-p 00000000 00:00 0 
79bc1c55b000-79bc20000000 ---p 00000000 00:00 0 
79bc20000000-79bc20021000 rw-p 00000000 00:00 0 
79bc20021000-79bc24000000 ---p 00000000 00:00 0 
79bc28000000-79bc28021000 rw-p 00000000 00:00 0 
79bc28021000-79bc2c000000 ---p 00000000 00:00 0 
79bc2c000000-79bc2c7d3000 rw-p 00000000 00:00 0 
79bc2c7d3000-79bc30000000 ---p 00000000 00:00 0 
79bc34000000-79bc3454a000 rw-p 00000000 00:00 0 
79bc3454a000-79bc38000000 ---p 00000000 00:00 0 
79bc38000000-79bc387de000 rw-p 00000000 00:00 0 
79bc387de000-79bc3c000000 ---p 00000000 00:00 0 
79bc40000000-79bc407b2000 rw-p 00000000 00:00 0 
79bc407b2000-79bc44000000 ---p 00000000 00:00 0 
79bc44000000-79bc440e2000 rw-p 00000000 00:00 0 
79bc440e2000-79bc48000000 ---p 00000000 00:00 0 
79bc4c000000-79bc4c021000 rw-p 00000000 00:00 0 
79bc4c021000-79bc50000000 ---p 00000000 00:00 0 
79bc50000000-79bc50021000 rw-p 00000000 00:00 0 
79bc50021000-79bc54000000 ---p 00000000 00:00 0 
79bc58000000-79bc58021000 rw-p 00000000 00:00 0 
79bc58021000-79bc5c000000 ---p 00000000 00:00 0 
79bc5c000000-79bc5c021000 rw-p 00000000 00:00 0 
79bc5c021000-79bc60000000 ---p 00000000 00:00 0 
79bc64000000-79bc64021000 rw-p 00000000 00:00 0 
79bc64021000-79bc68000000 ---p 00000000 00:00 0 
79bc68000000-79bc68021000 rw-p 00000000 00:00 0 
79bc68021000-79bc6c000000 ---p 00000000 00:00 0 
79bc70000000-79bc70021000 rw-p 00000000 00:00 0 
79bc70021000-79bc74000000 ---p 00000000 00:00 0 
79bc74000000-79bc74021000 rw-p 00000000 00:00 0 
79bc74021000-79bc78000000 ---p 00000000 00:00 0 
79bc7c000000-79bc7c021000 rw-p 00000000 00:00 0 
79bc7c021000-79bc80000000 ---p 00000000 00:00 0 
79bc80000000-79bc80021000 rw-p 00000000 00:00 0 
79bc80021000-79bc84000000 ---p 00000000 00:00 0 
79bc88000000-79bc88021000 rw-p 00000000 00:00 0 
79bc88021000-79bc8c000000 ---p 00000000 00:00 0 
79bc8c000000-79bc8c021000 rw-p 00000000 00:00 0 
79bc8c021000-79bc90000000 ---p 00000000 00:00 0 
79bc94000000-79bc94021000 rw-p 00000000 00:00 0 
79bc94021000-79bc98000000 ---p 00000000 00:00 0 
79bc98000000-79bc98552000 rw-p 00000000 00:00 0 
79bc98552000-79bc9c000000 ---p 00000000 00:00 0 
79bca0000000-79bca02b4000 rw-p 00000000 00:00 0 
79bca02b4000-79bca4000000 ---p 00000000 00:00 0 
79bca4000000-79bca4367000 rw-p 00000000 00:00 0 
79bca4367000-79bca8000000 ---p 00000000 00:00 0 
79bcac000000-79bcac267000 rw-p 00000000 00:00 0 
79bcac267000-79bcb0000000 ---p 00000000 00:00 0 
79bcb0000000-79bcb0021000 rw-p 00000000 00:00 0 
79bcb0021000-79bcb4000000 ---p 00000000 00:00 0 
79bcb8000000-79bcb8021000 rw-p 00000000 00:00 0 
79bcb8021000-79bcbc000000 ---p 00000000 00:00 0 
79bcbc000000-79bcbc021000 rw-p 00000000 00:00 0 
79bcbc021000-79bcc0000000 ---p 00000000 00:00 0 
79bcc4000000-79bcc4021000 rw-p 00000000 00:00 0 
79bcc4021000-79bcc8000000 ---p 00000000 00:00 0 
79bcc8000000-79bcc8288000 rw-p 00000000 00:00 0 
79bcc8288000-79bccc000000 ---p 00000000 00:00 0 
79bcd0000000-79bcd081d000 rw-p 00000000 00:00 0 
79bcd081d000-79bcd4000000 ---p 00000000 00:00 0 
79bcd4000000-79bcd4021000 rw-p 00000000 00:00 0 
79bcd4021000-79bcd8000000 ---p 00000000 00:00 0 
79bcdc000000-79bcdc021000 rw-p 00000000 00:00 0 
79bcdc021000-79bce0000000 ---p 00000000 00:00 0 
79bce0000000-79bce0021000 rw-p 00000000 00:00 0 
79bce0021000-79bce4000000 ---p 00000000 00:00 0 
79bce8000000-79bce8021000 rw-p 00000000 00:00 0 
79bce8021000-79bcec000000 ---p 00000000 00:00 0 
79bcec000000-79bcec021000 rw-p 00000000 00:00 0 
79bcec021000-79bcf0000000 ---p 00000000 00:00 0 
79bcf4000000-79bcf4021000 rw-p 00000000 00:00 0 
79bcf4021000-79bcf8000000 ---p 00000000 00:00 0 
79bcfb000000-79bcfb3f0000 rw-p 00000000 00:00 0 
79bcfb3f0000-79bcfc5d0000 rw-p 00000000 00:00 0 
79bcfc5d0000-79bcfc5f0000 rw-p 00000000 00:00 0 
79bcfc5f0000-79bcfc6c0000 rw-p 00000000 00:00 0 
79bcfc6c0000-79bcfc700000 ---p 00000000 00:00 0 
79bcfc700000-79bcfc710000 rw-p 00000000 00:00 0 
79bcfc710000-79bcff000000 ---p 00000000 00:00 0 
79bcff000000-79bcffbc7000 rw-p 00001000 103:02 53110622                  /usr/lib/jvm/java-17-openjdk/lib/server/classes.jsa
79bcffbc7000-79bd00000000 ---p 00000000 00:00 0 
79bd00000000-79bd00030000 rw-p 00000000 00:00 0 
79bd00030000-79bd00070000 rw-p 00000000 00:00 0 
79bd00070000-79bd00270000 rw-p 00000000 00:00 0 
79bd00270000-79bd003b0000 rw-p 00000000 00:00 0 
79bd003b0000-79bd40000000 ---p 00000000 00:00 0 
79bd40000000-79bd40021000 rw-p 00000000 00:00 0 
79bd40021000-79bd44000000 ---p 00000000 00:00 0 
79bd44000000-79bd44021000 rw-p 00000000 00:00 0 
79bd44021000-79bd48000000 ---p 00000000 00:00 0 
79bd4c000000-79bd4c021000 rw-p 00000000 00:00 0 
79bd4c021000-79bd50000000 ---p 00000000 00:00 0 
79bd50000000-79bd50021000 rw-p 00000000 00:00 0 
79bd50021000-79bd54000000 ---p 00000000 00:00 0 
79bd55ef7000-79bd55ef8000 ---p 00000000 00:00 0 
79bd55ef8000-79bd55efc000 ---p 00000000 00:00 0 
79bd55efc000-79bd55ff8000 rw-p 00000000 00:00 0 
79bd55ff8000-79bd55ff9000 ---p 00000000 00:00 0 
79bd55ff9000-79bd55ffd000 ---p 00000000 00:00 0 
79bd55ffd000-79bd560f9000 rw-p 00000000 00:00 0 
79bd560f9000-79bd560fa000 ---p 00000000 00:00 0 
79bd560fa000-79bd560fe000 ---p 00000000 00:00 0 
79bd560fe000-79bd561fa000 rw-p 00000000 00:00 0 
79bd561fa000-79bd561fb000 ---p 00000000 00:00 0 
79bd561fb000-79bd561ff000 ---p 00000000 00:00 0 
79bd561ff000-79bd562fb000 rw-p 00000000 00:00 0 
79bd562fb000-79bd562fc000 ---p 00000000 00:00 0 
79bd562fc000-79bd56300000 ---p 00000000 00:00 0 
79bd56300000-79bd563fc000 rw-p 00000000 00:00 0 
79bd563fc000-79bd563fd000 ---p 00000000 00:00 0 
79bd563fd000-79bd56401000 ---p 00000000 00:00 0 
79bd56401000-79bd564fd000 rw-p 00000000 00:00 0 
79bd564fd000-79bd564fe000 ---p 00000000 00:00 0 
79bd564fe000-79bd56502000 ---p 00000000 00:00 0 
79bd56502000-79bd565fe000 rw-p 00000000 00:00 0 
79bd565fe000-79bd565ff000 ---p 00000000 00:00 0 
79bd565ff000-79bd56603000 ---p 00000000 00:00 0 
79bd56603000-79bd566ff000 rw-p 00000000 00:00 0 
79bd566ff000-79bd56700000 ---p 00000000 00:00 0 
79bd56700000-79bd56704000 ---p 00000000 00:00 0 
79bd56704000-79bd56800000 rw-p 00000000 00:00 0 
79bd56800000-79bd5681e000 r-xp 00000000 103:02 10487127                  /home/mahir/.cache/JNA/temp/jna5645778171862031986.tmp (deleted)
79bd5681e000-79bd56a1d000 ---p 0001e000 103:02 10487127                  /home/mahir/.cache/JNA/temp/jna5645778171862031986.tmp (deleted)
79bd56a1d000-79bd56a1e000 rw-p 0001d000 103:02 10487127                  /home/mahir/.cache/JNA/temp/jna5645778171862031986.tmp (deleted)
79bd56a1e000-79bd56a1f000 rw-p 00000000 00:00 0 
79bd56aeb000-79bd56aec000 ---p 00000000 00:00 0 
79bd56aec000-79bd56af0000 ---p 00000000 00:00 0 
79bd56af0000-79bd56bec000 rw-p 00000000 00:00 0 
79bd56bec000-79bd56bed000 ---p 00000000 00:00 0 
79bd56bed000-79bd56bf1000 ---p 00000000 00:00 0 
79bd56bf1000-79bd56ced000 rw-p 00000000 00:00 0 
79bd56ced000-79bd56cee000 ---p 00000000 00:00 0 
79bd56cee000-79bd56dee000 rw-p 00000000 00:00 0 
79bd56dee000-79bd56def000 ---p 00000000 00:00 0 
79bd56def000-79bd56eef000 rw-p 00000000 00:00 0 
79bd56eef000-79bd56ef0000 ---p 00000000 00:00 0 
79bd56ef0000-79bd56ff0000 rw-p 00000000 00:00 0 
79bd56ff0000-79bd56ff1000 ---p 00000000 00:00 0 
79bd56ff1000-79bd570f1000 rw-p 00000000 00:00 0 
79bd570f1000-79bd570f2000 ---p 00000000 00:00 0 
79bd570f2000-79bd571f2000 rw-p 00000000 00:00 0 
79bd571f2000-79bd571f3000 ---p 00000000 00:00 0 
79bd571f3000-79bd572f3000 rw-p 00000000 00:00 0 
79bd572f3000-79bd572f4000 ---p 00000000 00:00 0 
79bd572f4000-79bd573f4000 rw-p 00000000 00:00 0 
79bd573f4000-79bd573f5000 ---p 00000000 00:00 0 
79bd573f5000-79bd574f5000 rw-p 00000000 00:00 0 
79bd574f5000-79bd574f6000 ---p 00000000 00:00 0 
79bd574f6000-79bd575f6000 rw-p 00000000 00:00 0 
79bd575f6000-79bd575f7000 ---p 00000000 00:00 0 
79bd575f7000-79bd576f7000 rw-p 00000000 00:00 0 
79bd576f7000-79bd576f8000 ---p 00000000 00:00 0 
79bd576f8000-79bd577f8000 rw-p 00000000 00:00 0 
79bd577f8000-79bd577f9000 ---p 00000000 00:00 0 
79bd577f9000-79bd577fd000 ---p 00000000 00:00 0 
79bd577fd000-79bd578f9000 rw-p 00000000 00:00 0 
79bd578f9000-79bd578fa000 ---p 00000000 00:00 0 
79bd578fa000-79bd578fe000 ---p 00000000 00:00 0 
79bd578fe000-79bd579fa000 rw-p 00000000 00:00 0 
79bd579fa000-79bd579fb000 ---p 00000000 00:00 0 
79bd579fb000-79bd579ff000 ---p 00000000 00:00 0 
79bd579ff000-79bd57afb000 rw-p 00000000 00:00 0 
79bd57afb000-79bd57afc000 ---p 00000000 00:00 0 
79bd57afc000-79bd57b00000 ---p 00000000 00:00 0 
79bd57b00000-79bd57bfc000 rw-p 00000000 00:00 0 
79bd57bfc000-79bd57bfd000 ---p 00000000 00:00 0 
79bd57bfd000-79bd57c01000 ---p 00000000 00:00 0 
79bd57c01000-79bd57cfd000 rw-p 00000000 00:00 0 
79bd57cfd000-79bd57cfe000 ---p 00000000 00:00 0 
79bd57cfe000-79bd57dfe000 rw-p 00000000 00:00 0 
79bd57dfe000-79bd57dff000 ---p 00000000 00:00 0 
79bd57dff000-79bd57e03000 ---p 00000000 00:00 0 
79bd57e03000-79bd57eff000 rw-p 00000000 00:00 0 
79bd57eff000-79bd57f00000 ---p 00000000 00:00 0 
79bd57f00000-79bd57f04000 ---p 00000000 00:00 0 
79bd57f04000-79bd58000000 rw-p 00000000 00:00 0 
79bd58000000-79bd58021000 rw-p 00000000 00:00 0 
79bd58021000-79bd5c000000 ---p 00000000 00:00 0 
79bd5c0fb000-79bd5c0fc000 ---p 00000000 00:00 0 
79bd5c0fc000-79bd5c100000 ---p 00000000 00:00 0 
79bd5c100000-79bd5c1fc000 rw-p 00000000 00:00 0 
79bd5c1fc000-79bd5c1fd000 ---p 00000000 00:00 0 
79bd5c1fd000-79bd5c201000 ---p 00000000 00:00 0 
79bd5c201000-79bd5c2fd000 rw-p 00000000 00:00 0 
79bd5c2fd000-79bd5c2fe000 ---p 00000000 00:00 0 
79bd5c2fe000-79bd5c302000 ---p 00000000 00:00 0 
79bd5c302000-79bd5c3fe000 rw-p 00000000 00:00 0 
79bd5c3fe000-79bd5c3ff000 ---p 00000000 00:00 0 
79bd5c3ff000-79bd5c403000 ---p 00000000 00:00 0 
79bd5c403000-79bd5c4ff000 rw-p 00000000 00:00 0 
79bd5c4ff000-79bd5c500000 ---p 00000000 00:00 0 
79bd5c500000-79bd5c504000 ---p 00000000 00:00 0 
79bd5c504000-79bd5c600000 rw-p 00000000 00:00 0 
79bd5c600000-79bd5c8ec000 r--p 00000000 103:02 51747550                  /usr/lib/locale/locale-archive
79bd5c8f3000-79bd5c8f4000 ---p 00000000 00:00 0 
79bd5c8f4000-79bd5c8f8000 ---p 00000000 00:00 0 
79bd5c8f8000-79bd5c9f4000 rw-p 00000000 00:00 0 
79bd5c9f4000-79bd5c9f5000 ---p 00000000 00:00 0 
79bd5c9f5000-79bd5c9f9000 ---p 00000000 00:00 0 
79bd5c9f9000-79bd5caf5000 rw-p 00000000 00:00 0 
79bd5caf5000-79bd5caf6000 ---p 00000000 00:00 0 
79bd5caf6000-79bd5cbf6000 rw-p 00000000 00:00 0 
79bd5cbf6000-79bd5cbf7000 ---p 00000000 00:00 0 
79bd5cbf7000-79bd5ccf7000 rw-p 00000000 00:00 0 
79bd5ccf7000-79bd5ccf8000 ---p 00000000 00:00 0 
79bd5ccf8000-79bd5cdf8000 rw-p 00000000 00:00 0 
79bd5cdf8000-79bd5f6d0000 rw-p 00000000 00:00 0 
79bd5f6d0000-79bd5fd20000 ---p 00000000 00:00 0 
79bd5fd20000-79bd5fd30000 rw-p 00000000 00:00 0 
79bd5fd30000-79bd5fdd0000 ---p 00000000 00:00 0 
79bd5fdd0000-79bd5fde0000 rw-p 00000000 00:00 0 
79bd5fde0000-79bd672f0000 ---p 00000000 00:00 0 
79bd672f0000-79bd67310000 rw-p 00000000 00:00 0 
79bd67361000-79bd6738d000 r--p 00000000 103:02 11142012                  /home/mahir/fun/CPU/nebula-risc-v/simWorkspace/decoderForTest/verilator/verilator_642291766835216141.so
79bd6738d000-79bd673da000 r-xp 0002c000 103:02 11142012                  /home/mahir/fun/CPU/nebula-risc-v/simWorkspace/decoderForTest/verilator/verilator_642291766835216141.so
79bd673da000-79bd673fc000 r--p 00079000 103:02 11142012                  /home/mahir/fun/CPU/nebula-risc-v/simWorkspace/decoderForTest/verilator/verilator_642291766835216141.so
79bd673fc000-79bd673fd000 r--p 0009b000 103:02 11142012                  /home/mahir/fun/CPU/nebula-risc-v/simWorkspace/decoderForTest/verilator/verilator_642291766835216141.so
79bd673fd000-79bd67400000 rw-p 0009c000 103:02 11142012                  /home/mahir/fun/CPU/nebula-risc-v/simWorkspace/decoderForTest/verilator/verilator_642291766835216141.so
79bd67400000-79bd674d0000 rw-p 00000000 00:00 0 
79bd674d0000-79bd67b20000 ---p 00000000 00:00 0 
79bd67b20000-79bd67b30000 rw-p 00000000 00:00 0 
79bd67b30000-79bd67bd0000 ---p 00000000 00:00 0 
79bd67bd0000-79bd67be0000 rw-p 00000000 00:00 0 
79bd67be0000-79bd6f0f0000 ---p 00000000 00:00 0 
79bd6f0f0000-79bd6f110000 rw-p 00000000 00:00 0 
79bd6f12f000-79bd6f134000 r--p 00000000 103:02 52695778                  /usr/lib/jvm/java-17-openjdk/lib/libjsvml.so
79bd6f134000-79bd6f175000 r-xp 00005000 103:02 52695778                  /usr/lib/jvm/java-17-openjdk/lib/libjsvml.so
79bd6f175000-79bd6f1fe000 r--p 00046000 103:02 52695778                  /usr/lib/jvm/java-17-openjdk/lib/libjsvml.so
79bd6f1fe000-79bd6f1ff000 r--p 000ce000 103:02 52695778                  /usr/lib/jvm/java-17-openjdk/lib/libjsvml.so
79bd6f1ff000-79bd6f200000 rw-p 000cf000 103:02 52695778                  /usr/lib/jvm/java-17-openjdk/lib/libjsvml.so
79bd6f200000-79bd6f21a000 rw-p 00000000 00:00 0 
79bd6f21a000-79bd6f2e4000 ---p 00000000 00:00 0 
79bd6f2e4000-79bd6f2e6000 rw-p 00000000 00:00 0 
79bd6f2e6000-79bd6f2fa000 ---p 00000000 00:00 0 
79bd6f2fa000-79bd6f2fc000 rw-p 00000000 00:00 0 
79bd6f2fc000-79bd7019e000 ---p 00000000 00:00 0 
79bd7019e000-79bd701a2000 rw-p 00000000 00:00 0 
79bd701ba000-79bd701bf000 r--p 00000000 103:02 51658536                  /usr/lib/libudev.so.1.7.9
79bd701bf000-79bd701e6000 r-xp 00005000 103:02 51658536                  /usr/lib/libudev.so.1.7.9
79bd701e6000-79bd701fa000 r--p 0002c000 103:02 51658536                  /usr/lib/libudev.so.1.7.9
79bd701fa000-79bd701ff000 r--p 0003f000 103:02 51658536                  /usr/lib/libudev.so.1.7.9
79bd701ff000-79bd70200000 rw-p 00044000 103:02 51658536                  /usr/lib/libudev.so.1.7.9
79bd70200000-79bd7021a000 rw-p 00000000 00:00 0 
79bd7021a000-79bd702e4000 ---p 00000000 00:00 0 
79bd702e4000-79bd702e6000 rw-p 00000000 00:00 0 
79bd702e6000-79bd702fa000 ---p 00000000 00:00 0 
79bd702fa000-79bd702fc000 rw-p 00000000 00:00 0 
79bd702fc000-79bd7119e000 ---p 00000000 00:00 0 
79bd7119e000-79bd711a2000 rw-p 00000000 00:00 0 
79bd71200000-79bd71910000 rwxp 00000000 00:00 0 
79bd71910000-79bd7865f000 ---p 00000000 00:00 0 
79bd7865f000-79bd7894f000 rwxp 00000000 00:00 0 
79bd7894f000-79bd78da0000 ---p 00000000 00:00 0 
79bd78da0000-79bd79010000 rwxp 00000000 00:00 0 
79bd79010000-79bd80200000 ---p 00000000 00:00 0 
79bd80200000-79bd87e67000 r--s 00000000 103:02 52695794                  /usr/lib/jvm/java-17-openjdk/lib/modules
79bd87e73000-79bd87e75000 r--p 00000000 103:02 51646544                  /usr/lib/libatomic.so.1.2.0
79bd87e75000-79bd87e79000 r-xp 00002000 103:02 51646544                  /usr/lib/libatomic.so.1.2.0
79bd87e79000-79bd87e7b000 r--p 00006000 103:02 51646544                  /usr/lib/libatomic.so.1.2.0
79bd87e7b000-79bd87e7c000 r--p 00007000 103:02 51646544                  /usr/lib/libatomic.so.1.2.0
79bd87e7c000-79bd87e7d000 rw-p 00008000 103:02 51646544                  /usr/lib/libatomic.so.1.2.0
79bd87e7d000-79bd88cd7000 rw-p 00000000 00:00 0 
79bd88cd7000-79bd8c000000 ---p 00000000 00:00 0 
79bd8c005000-79bd8c006000 ---p 00000000 00:00 0 
79bd8c006000-79bd8c00a000 ---p 00000000 00:00 0 
79bd8c00a000-79bd8c028000 rw-p 00000000 00:00 0 
79bd8c028000-79bd8c9fe000 rw-p 00000000 00:00 0 
79bd8c9fe000-79bd8c9ff000 ---p 00000000 00:00 0 
79bd8c9ff000-79bd8caff000 rw-p 00000000 00:00 0 
79bd8caff000-79bd8cb00000 ---p 00000000 00:00 0 
79bd8cb00000-79bd8cc00000 rw-p 00000000 00:00 0 
79bd8cc00000-79bd8cc01000 ---p 00000000 00:00 0 
79bd8cc01000-79bd8cd01000 rw-p 00000000 00:00 0 
79bd8cd01000-79bd8ce1a000 rw-p 00000000 00:00 0 
79bd8ce1a000-79bd8cee4000 ---p 00000000 00:00 0 
79bd8cee4000-79bd8cee6000 rw-p 00000000 00:00 0 
79bd8cee6000-79bd8cefa000 ---p 00000000 00:00 0 
79bd8cefa000-79bd8cefc000 rw-p 00000000 00:00 0 
79bd8cefc000-79bd8dd9e000 ---p 00000000 00:00 0 
79bd8dd9e000-79bd8dda2000 rw-p 00000000 00:00 0 
79bd8dda8000-79bd8ddaf000 r--s 00000000 103:02 51747551                  /usr/lib/gconv/gconv-modules.cache
79bd8ddaf000-79bd8ddb3000 r--p 00000000 103:02 52695784                  /usr/lib/jvm/java-17-openjdk/lib/libnet.so
79bd8ddb3000-79bd8ddc1000 r-xp 00004000 103:02 52695784                  /usr/lib/jvm/java-17-openjdk/lib/libnet.so
79bd8ddc1000-79bd8ddc4000 r--p 00012000 103:02 52695784                  /usr/lib/jvm/java-17-openjdk/lib/libnet.so
79bd8ddc4000-79bd8ddc5000 r--p 00015000 103:02 52695784                  /usr/lib/jvm/java-17-openjdk/lib/libnet.so
79bd8ddc5000-79bd8ddc6000 rw-p 00016000 103:02 52695784                  /usr/lib/jvm/java-17-openjdk/lib/libnet.so
79bd8ddc6000-79bd8ddcd000 r--p 00000000 103:02 52695785                  /usr/lib/jvm/java-17-openjdk/lib/libnio.so
79bd8ddcd000-79bd8ddd6000 r-xp 00007000 103:02 52695785                  /usr/lib/jvm/java-17-openjdk/lib/libnio.so
79bd8ddd6000-79bd8dddb000 r--p 00010000 103:02 52695785                  /usr/lib/jvm/java-17-openjdk/lib/libnio.so
79bd8dddb000-79bd8dddc000 r--p 00014000 103:02 52695785                  /usr/lib/jvm/java-17-openjdk/lib/libnio.so
79bd8dddc000-79bd8dddd000 rw-p 00015000 103:02 52695785                  /usr/lib/jvm/java-17-openjdk/lib/libnio.so
79bd8dddd000-79bd8f033000 rw-p 00000000 00:00 0 
79bd8f033000-79bd8f117000 ---p 00000000 00:00 0 
79bd8f117000-79bd8f126000 rw-p 00000000 00:00 0 
79bd8f126000-79bd8f200000 ---p 00000000 00:00 0 
79bd8f200000-79bd8f297000 r--p 00000000 103:02 51708318                  /usr/lib/libstdc++.so.6.0.33
79bd8f297000-79bd8f3e4000 r-xp 00097000 103:02 51708318                  /usr/lib/libstdc++.so.6.0.33
79bd8f3e4000-79bd8f474000 r--p 001e4000 103:02 51708318                  /usr/lib/libstdc++.so.6.0.33
79bd8f474000-79bd8f481000 r--p 00274000 103:02 51708318                  /usr/lib/libstdc++.so.6.0.33
79bd8f481000-79bd8f482000 rw-p 00281000 103:02 51708318                  /usr/lib/libstdc++.so.6.0.33
79bd8f482000-79bd8f486000 rw-p 00000000 00:00 0 
79bd8f487000-79bd8f48a000 r--p 00000000 103:02 51656976                  /usr/lib/libcap.so.2.70
79bd8f48a000-79bd8f48f000 r-xp 00003000 103:02 51656976                  /usr/lib/libcap.so.2.70
79bd8f48f000-79bd8f491000 r--p 00008000 103:02 51656976                  /usr/lib/libcap.so.2.70
79bd8f491000-79bd8f492000 r--p 00009000 103:02 51656976                  /usr/lib/libcap.so.2.70
79bd8f492000-79bd8f493000 rw-p 0000a000 103:02 51656976                  /usr/lib/libcap.so.2.70
79bd8f493000-79bd8f4d2000 rw-p 00000000 00:00 0 
79bd8f4d2000-79bd8f4d6000 ---p 00000000 00:00 0 
79bd8f4d6000-79bd8f5d2000 rw-p 00000000 00:00 0 
79bd8f5d2000-79bd8f5d6000 r--p 00000000 103:02 51646549                  /usr/lib/libgcc_s.so.1
79bd8f5d6000-79bd8f5fa000 r-xp 00004000 103:02 51646549                  /usr/lib/libgcc_s.so.1
79bd8f5fa000-79bd8f5fe000 r--p 00028000 103:02 51646549                  /usr/lib/libgcc_s.so.1
79bd8f5fe000-79bd8f5ff000 r--p 0002b000 103:02 51646549                  /usr/lib/libgcc_s.so.1
79bd8f5ff000-79bd8f600000 rw-p 0002c000 103:02 51646549                  /usr/lib/libgcc_s.so.1
79bd8f600000-79bd8f60d000 r--p 00000000 103:02 53110626                  /usr/lib/jvm/java-17-openjdk/lib/server/libjvm.so
79bd8f60d000-79bd901f4000 r-xp 0000d000 103:02 53110626                  /usr/lib/jvm/java-17-openjdk/lib/server/libjvm.so
79bd901f4000-79bd903a4000 r--p 00bf4000 103:02 53110626                  /usr/lib/jvm/java-17-openjdk/lib/server/libjvm.so
79bd903a4000-79bd90459000 r--p 00da4000 103:02 53110626                  /usr/lib/jvm/java-17-openjdk/lib/server/libjvm.so
79bd90459000-79bd90489000 rw-p 00e59000 103:02 53110626                  /usr/lib/jvm/java-17-openjdk/lib/server/libjvm.so
79bd90489000-79bd904e2000 rw-p 00000000 00:00 0 
79bd904e6000-79bd904e8000 r--p 00000000 103:02 52695793                  /usr/lib/jvm/java-17-openjdk/lib/libzip.so
79bd904e8000-79bd904ec000 r-xp 00002000 103:02 52695793                  /usr/lib/jvm/java-17-openjdk/lib/libzip.so
79bd904ec000-79bd904ee000 r--p 00006000 103:02 52695793                  /usr/lib/jvm/java-17-openjdk/lib/libzip.so
79bd904ee000-79bd904ef000 r--p 00007000 103:02 52695793                  /usr/lib/jvm/java-17-openjdk/lib/libzip.so
79bd904ef000-79bd904f0000 rw-p 00008000 103:02 52695793                  /usr/lib/jvm/java-17-openjdk/lib/libzip.so
79bd904f0000-79bd904fe000 r--p 00000000 103:02 51645846                  /usr/lib/libm.so.6
79bd904fe000-79bd90581000 r-xp 0000e000 103:02 51645846                  /usr/lib/libm.so.6
79bd90581000-79bd905dd000 r--p 00091000 103:02 51645846                  /usr/lib/libm.so.6
79bd905dd000-79bd905de000 r--p 000ec000 103:02 51645846                  /usr/lib/libm.so.6
79bd905de000-79bd905df000 rw-p 000ed000 103:02 51645846                  /usr/lib/libm.so.6
79bd905df000-79bd905e2000 rw-p 00000000 00:00 0 
79bd905e2000-79bd905e5000 r--p 00000000 103:02 51656591                  /usr/lib/libz.so.1.3.1
79bd905e5000-79bd905f3000 r-xp 00003000 103:02 51656591                  /usr/lib/libz.so.1.3.1
79bd905f3000-79bd905f9000 r--p 00011000 103:02 51656591                  /usr/lib/libz.so.1.3.1
79bd905f9000-79bd905fa000 r--p 00017000 103:02 51656591                  /usr/lib/libz.so.1.3.1
79bd905fa000-79bd905fb000 rw-p 00018000 103:02 51656591                  /usr/lib/libz.so.1.3.1
79bd905fb000-79bd9061f000 r--p 00000000 103:02 51645820                  /usr/lib/libc.so.6
79bd9061f000-79bd90790000 r-xp 00024000 103:02 51645820                  /usr/lib/libc.so.6
79bd90790000-79bd907de000 r--p 00195000 103:02 51645820                  /usr/lib/libc.so.6
79bd907de000-79bd907e2000 r--p 001e3000 103:02 51645820                  /usr/lib/libc.so.6
79bd907e2000-79bd907e4000 rw-p 001e7000 103:02 51645820                  /usr/lib/libc.so.6
79bd907e4000-79bd907ec000 rw-p 00000000 00:00 0 
79bd907f1000-79bd907f7000 rw-p 00000000 00:00 0 
79bd907f7000-79bd90800000 ---p 00000000 00:00 0 
79bd90800000-79bd9080a000 r--p 00000000 103:02 52695770                  /usr/lib/jvm/java-17-openjdk/lib/libjava.so
79bd9080a000-79bd9081b000 r-xp 0000a000 103:02 52695770                  /usr/lib/jvm/java-17-openjdk/lib/libjava.so
79bd9081b000-79bd90820000 r--p 0001b000 103:02 52695770                  /usr/lib/jvm/java-17-openjdk/lib/libjava.so
79bd90820000-79bd90821000 r--p 00020000 103:02 52695770                  /usr/lib/jvm/java-17-openjdk/lib/libjava.so
79bd90821000-79bd90822000 rw-p 00021000 103:02 52695770                  /usr/lib/jvm/java-17-openjdk/lib/libjava.so
79bd90822000-79bd90823000 rw-p 00000000 00:00 0 
79bd90823000-79bd9082b000 rw-s 00000000 00:2a 4951                       /tmp/hsperfdata_mahir/66458
79bd9082b000-79bd9082c000 ---p 00000000 00:00 0 
79bd9082c000-79bd9082d000 r--p 00000000 00:00 0 
79bd9082d000-79bd9082e000 ---p 00000000 00:00 0 
79bd9082e000-79bd9082f000 r--p 00000000 103:02 52695774                  /usr/lib/jvm/java-17-openjdk/lib/libjimage.so
79bd9082f000-79bd90831000 r-xp 00001000 103:02 52695774                  /usr/lib/jvm/java-17-openjdk/lib/libjimage.so
79bd90831000-79bd90832000 r--p 00003000 103:02 52695774                  /usr/lib/jvm/java-17-openjdk/lib/libjimage.so
79bd90832000-79bd90833000 r--p 00003000 103:02 52695774                  /usr/lib/jvm/java-17-openjdk/lib/libjimage.so
79bd90833000-79bd90834000 rw-p 00004000 103:02 52695774                  /usr/lib/jvm/java-17-openjdk/lib/libjimage.so
79bd90834000-79bd90836000 r--p 00000000 103:02 52695775                  /usr/lib/jvm/java-17-openjdk/lib/libjli.so
79bd90836000-79bd9083f000 r-xp 00002000 103:02 52695775                  /usr/lib/jvm/java-17-openjdk/lib/libjli.so
79bd9083f000-79bd90842000 r--p 0000b000 103:02 52695775                  /usr/lib/jvm/java-17-openjdk/lib/libjli.so
79bd90842000-79bd90843000 r--p 0000d000 103:02 52695775                  /usr/lib/jvm/java-17-openjdk/lib/libjli.so
79bd90843000-79bd90844000 rw-p 0000e000 103:02 52695775                  /usr/lib/jvm/java-17-openjdk/lib/libjli.so
79bd90844000-79bd90846000 rw-p 00000000 00:00 0 
79bd90846000-79bd9084a000 r--p 00000000 00:00 0                          [vvar]
79bd9084a000-79bd9084c000 r-xp 00000000 00:00 0                          [vdso]
79bd9084c000-79bd9084d000 r--p 00000000 103:02 51645765                  /usr/lib/ld-linux-x86-64.so.2
79bd9084d000-79bd90876000 r-xp 00001000 103:02 51645765                  /usr/lib/ld-linux-x86-64.so.2
79bd90876000-79bd90880000 r--p 0002a000 103:02 51645765                  /usr/lib/ld-linux-x86-64.so.2
79bd90880000-79bd90882000 r--p 00034000 103:02 51645765                  /usr/lib/ld-linux-x86-64.so.2
79bd90882000-79bd90884000 rw-p 00036000 103:02 51645765                  /usr/lib/ld-linux-x86-64.so.2
7fff67eb2000-7fff67ed4000 rw-p 00000000 00:00 0                          [stack]
ffffffffff600000-ffffffffff601000 --xp 00000000 00:00 0                  [vsyscall]


VM Arguments:
jvm_args: -Duser.dir=/home/mahir/fun/CPU/nebula-risc-v 
java_command: nebula.test.decoder_test
java_class_path (initial): /home/mahir/fun/CPU/nebula-risc-v/.metals/.tmp/classpath_D396668B14945090A346EEF16EE03581.jar
Launcher Type: SUN_STANDARD

[Global flags]
     intx CICompilerCount                          = 12                                        {product} {ergonomic}
     uint ConcGCThreads                            = 5                                         {product} {ergonomic}
     uint G1ConcRefinementThreads                  = 18                                        {product} {ergonomic}
   size_t G1HeapRegionSize                         = 4194304                                   {product} {ergonomic}
    uintx GCDrainStackTargetSize                   = 64                                        {product} {ergonomic}
   size_t InitialHeapSize                          = 528482304                                 {product} {ergonomic}
   size_t MarkStackSize                            = 4194304                                   {product} {ergonomic}
   size_t MaxHeapSize                              = 8392802304                                {product} {ergonomic}
   size_t MaxNewSize                               = 5033164800                                {product} {ergonomic}
   size_t MinHeapDeltaBytes                        = 4194304                                   {product} {ergonomic}
   size_t MinHeapSize                              = 8388608                                   {product} {ergonomic}
    uintx NonNMethodCodeHeapSize                   = 7602480                                {pd product} {ergonomic}
    uintx NonProfiledCodeHeapSize                  = 122027880                              {pd product} {ergonomic}
    uintx ProfiledCodeHeapSize                     = 122027880                              {pd product} {ergonomic}
    uintx ReservedCodeCacheSize                    = 251658240                              {pd product} {ergonomic}
     bool SegmentedCodeCache                       = true                                      {product} {ergonomic}
   size_t SoftMaxHeapSize                          = 8392802304                             {manageable} {ergonomic}
     bool UseCompressedClassPointers               = true                           {product lp64_product} {ergonomic}
     bool UseCompressedOops                        = true                           {product lp64_product} {ergonomic}
     bool UseG1GC                                  = true                                      {product} {ergonomic}

Logging:
Log output configuration:
 #0: stdout all=warning uptime,level,tags
 #1: stderr all=off uptime,level,tags

Environment Variables:
PATH=/usr/local/sbin:/usr/local/bin:/usr/bin:/var/lib/flatpak/exports/bin:/usr/lib/jvm/default/bin:/usr/bin/site_perl:/usr/bin/vendor_perl:/usr/bin/core_perl:/opt/rocm/bin:/home/mahir/.local/bin:/home/mahir/.local/share/coursier/bin
SHELL=/bin/zsh
DISPLAY=:1
LANG=en_GB.UTF-8
LC_NUMERIC=en_GB.UTF-8
LC_TIME=en_GB.UTF-8
TERM=xterm-256color

Active Locale:
LC_ALL=en_GB.UTF-8
LC_COLLATE=en_GB.UTF-8
LC_CTYPE=en_GB.UTF-8
LC_MESSAGES=en_GB.UTF-8
LC_MONETARY=en_GB.UTF-8
LC_NUMERIC=en_GB.UTF-8
LC_TIME=en_GB.UTF-8

Signal Handlers:
   SIGSEGV: 0x000079bd90030aa0 in libjvm.so+10685088, mask=11100100010111111101111111111110, flags=SA_RESTART|SA_SIGINFO, unblocked
    SIGBUS: 0x000079bd90030aa0 in libjvm.so+10685088, mask=11100100010111111101111111111110, flags=SA_RESTART|SA_SIGINFO, unblocked
    SIGFPE: 0x000079bd90030aa0 in libjvm.so+10685088, mask=11100100010111111101111111111110, flags=SA_RESTART|SA_SIGINFO, unblocked
   SIGPIPE: 0x000079bd8ff4c400 in libjvm.so+9749504, mask=11100100010111111101111111111110, flags=SA_RESTART|SA_SIGINFO, blocked
   SIGXFSZ: 0x000079bd8ff4c400 in libjvm.so+9749504, mask=11100100010111111101111111111110, flags=SA_RESTART|SA_SIGINFO, blocked
    SIGILL: 0x000079bd90030aa0 in libjvm.so+10685088, mask=11100100010111111101111111111110, flags=SA_RESTART|SA_SIGINFO, unblocked
   SIGUSR2: 0x000079bd8ff4b440 in libjvm.so+9745472, mask=00000000000000000000000000000000, flags=SA_RESTART|SA_SIGINFO, blocked
    SIGHUP: 0x000079bd8ff4b3c0 in libjvm.so+9745344, mask=11100100010111111101111111111110, flags=SA_RESTART|SA_SIGINFO, blocked
    SIGINT: 0x000079bd8ff4b3c0 in libjvm.so+9745344, mask=11100100010111111101111111111110, flags=SA_RESTART|SA_SIGINFO, blocked
   SIGTERM: 0x000079bd8ff4b3c0 in libjvm.so+9745344, mask=11100100010111111101111111111110, flags=SA_RESTART|SA_SIGINFO, blocked
   SIGQUIT: 0x000079bd8ff4b3c0 in libjvm.so+9745344, mask=11100100010111111101111111111110, flags=SA_RESTART|SA_SIGINFO, blocked
   SIGTRAP: 0x000079bd90030aa0 in libjvm.so+10685088, mask=11100100010111111101111111111110, flags=SA_RESTART|SA_SIGINFO, unblocked


Periodic native trim disabled


---------------  S Y S T E M  ---------------

OS:
DISTRIB_ID="EndeavourOS"
DISTRIB_RELEASE="rolling"
DISTRIB_DESCRIPTION="EndeavourOS Linux"
DISTRIB_CODENAME="rolling"
uname: Linux 6.11.1-arch1-1 #1 SMP PREEMPT_DYNAMIC Mon, 30 Sep 2024 23:49:50 +0000 x86_64
OS uptime: 0 days 10:20 hours
libc: glibc 2.40 NPTL 2.40 
rlimit (soft/hard): STACK 8192k/infinity , CORE infinity/infinity , NPROC 127623/127623 , NOFILE 524288/524288 , AS infinity/infinity , CPU infinity/infinity , DATA infinity/infinity , FSIZE infinity/infinity , MEMLOCK 8192k/8192k
load average: 0.83 1.16 1.15

/proc/meminfo:
MemTotal:       32782568 kB
MemFree:        13446560 kB
MemAvailable:   22863224 kB
Buffers:          919128 kB
Cached:          8542380 kB
SwapCached:            0 kB
Active:         11204940 kB
Inactive:        6475300 kB
Active(anon):    8389132 kB
Inactive(anon):        0 kB
Active(file):    2815808 kB
Inactive(file):  6475300 kB
Unevictable:          32 kB
Mlocked:              32 kB
SwapTotal:             0 kB
SwapFree:              0 kB
Zswap:                 0 kB
Zswapped:              0 kB
Dirty:              4668 kB
Writeback:            24 kB
AnonPages:       8135260 kB
Mapped:          1544088 kB
Shmem:            171116 kB
KReclaimable:     591096 kB
Slab:             825068 kB
SReclaimable:     591096 kB
SUnreclaim:       233972 kB
KernelStack:       36640 kB
PageTables:        84092 kB
SecPageTables:      5384 kB
NFS_Unstable:          0 kB
Bounce:                0 kB
WritebackTmp:          0 kB
CommitLimit:    16391284 kB
Committed_AS:   34044664 kB
VmallocTotal:   34359738367 kB
VmallocUsed:      124028 kB
VmallocChunk:          0 kB
Percpu:            57216 kB
HardwareCorrupted:     0 kB
AnonHugePages:   2265088 kB
ShmemHugePages:        0 kB
ShmemPmdMapped:        0 kB
FileHugePages:    706560 kB
FilePmdMapped:    296960 kB
CmaTotal:              0 kB
CmaFree:               0 kB
Unaccepted:            0 kB
HugePages_Total:       0
HugePages_Free:        0
HugePages_Rsvd:        0
HugePages_Surp:        0
Hugepagesize:       2048 kB
Hugetlb:               0 kB
DirectMap4k:      758040 kB
DirectMap2M:    15939584 kB
DirectMap1G:    16777216 kB

/sys/kernel/mm/transparent_hugepage/enabled: [always] madvise never
/sys/kernel/mm/transparent_hugepage/hpage_pmd_size: 2097152
/sys/kernel/mm/transparent_hugepage/defrag (defrag/compaction efforts parameter): always defer defer+madvise [madvise] never

Process Memory:
Virtual Size: 13102232K (peak: 13102520K)
Resident Set Size: 226296K (peak: 226296K) (anon: 181852K, file: 44444K, shmem: 0K)
Swapped out: 0K
C-Heap outstanding allocations: 106805K, retained: 23102K
glibc malloc tunables: (default)

/proc/sys/kernel/threads-max (system-wide limit on the number of threads): 255246
/proc/sys/vm/max_map_count (maximum number of memory map areas a process may have): 1048576
/proc/sys/vm/swappiness (control to define how aggressively the kernel swaps out anonymous memory): 60
/proc/sys/kernel/pid_max (system-wide limit on number of process identifiers): 4194304

container (cgroup) information:
container_type: cgroupv2
cpu_cpuset_cpus: not supported
cpu_memory_nodes: not supported
active_processor_count: 24
cpu_quota: no quota
cpu_period: 100000
cpu_shares: no shares
memory_limit_in_bytes: unlimited
memory_and_swap_limit_in_bytes: unlimited
memory_soft_limit_in_bytes: unlimited
memory_usage_in_bytes: 14301680 k
memory_max_usage_in_bytes: not supported
memory_swap_current_in_bytes: unlimited
memory_swap_max_limit_in_bytes: unlimited
maximum number of tasks: unlimited
current number of tasks: 1785

Steal ticks since vm start: 0
Steal ticks percentage since vm start:  0.000

CPU: total 24 (initial active 24) (24 cores per cpu, 2 threads per core) family 25 model 33 stepping 2 microcode 0xa20120a, cx8, cmov, fxsr, ht, mmx, 3dnowpref, sse, sse2, sse3, ssse3, sse4a, sse4.1, sse4.2, popcnt, lzcnt, tsc, tscinvbit, avx, avx2, aes, erms, clmul, bmi1, bmi2, adx, sha, fma, vzeroupper, clflush, clflushopt
CPU Model and flags from /proc/cpuinfo:
model name	: AMD Ryzen 9 5900X 12-Core Processor
flags		: fpu vme de pse tsc msr pae mce cx8 apic sep mtrr pge mca cmov pat pse36 clflush mmx fxsr sse sse2 ht syscall nx mmxext fxsr_opt pdpe1gb rdtscp lm constant_tsc rep_good nopl xtopology nonstop_tsc cpuid extd_apicid aperfmperf rapl pni pclmulqdq monitor ssse3 fma cx16 sse4_1 sse4_2 x2apic movbe popcnt aes xsave avx f16c rdrand lahf_lm cmp_legacy svm extapic cr8_legacy abm sse4a misalignsse 3dnowprefetch osvw ibs skinit wdt tce topoext perfctr_core perfctr_nb bpext perfctr_llc mwaitx cpb cat_l3 cdp_l3 hw_pstate ssbd mba ibrs ibpb stibp vmmcall fsgsbase bmi1 avx2 smep bmi2 erms invpcid cqm rdt_a rdseed adx smap clflushopt clwb sha_ni xsaveopt xsavec xgetbv1 xsaves cqm_llc cqm_occup_llc cqm_mbm_total cqm_mbm_local user_shstk clzero irperf xsaveerptr rdpru wbnoinvd arat npt lbrv svm_lock nrip_save tsc_scale vmcb_clean flushbyasid decodeassists pausefilter pfthreshold avic v_vmsave_vmload vgif v_spec_ctrl umip pku ospke vaes vpclmulqdq rdpid overflow_recov succor smca fsrm debug_swap

Online cpus: 0-23
Offline cpus: 
BIOS frequency limitation: <Not Available>
Frequency switch latency (ns): 0
Available cpu frequencies: <Not Available>
Current governor: powersave
Core performance/turbo boost: 1

Memory: 4k page, physical 32782568k(13446560k free), swap 0k(0k free)
Page Sizes: 4k

vm_info: OpenJDK 64-Bit Server VM (17.0.12+7) for linux-amd64 JRE (17.0.12+7), built on Jul 17 2024 13:35:02 by "builduser" with gcc 14.1.1 20240522

END.
